  Activating project at `C:\Users\fenje\dev\InteractiveIsing.jl\ext\IsingLearning`
┌ Warning: this run uses a subsampled balanced training split, so it is not the full balanced MNIST baseline
│   train_per_class = 1280
└ @ Main C:\Users\fenje\dev\InteractiveIsing.jl\ext\IsingLearning\experiments\MNIST\baseline_new_nudge\mnist_784_120_40_softplus_margin_nudge_adam.jl:1479
┌ Warning: this run uses a subsampled balanced test split, so reported accuracy will be noisy
│   test_per_class = 100
└ @ Main C:\Users\fenje\dev\InteractiveIsing.jl\ext\IsingLearning\experiments\MNIST\baseline_new_nudge\mnist_784_120_40_softplus_margin_nudge_adam.jl:1480

epoch 1   2%|█                                          |  ETA: 0:06:02[K
     batch: 2/100[K
   samples: 256/12800[K
[A
[A


[K[A
[K[A
epoch 1  10%|█████                                      |  ETA: 0:01:31[K
     batch: 10/100[K
   samples: 1280/12800[K
[A
[A


[K[A
[K[A
epoch 1  14%|███████                                    |  ETA: 0:01:10[K
     batch: 14/100[K
   samples: 1792/12800[K
[A
[A


[K[A
[K[A
epoch 1  18%|████████                                   |  ETA: 0:00:58[K
     batch: 18/100[K
   samples: 2304/12800[K
[A
[A


[K[A
[K[A
epoch 1  22%|██████████                                 |  ETA: 0:00:50[K
     batch: 22/100[K
   samples: 2816/12800[K
[A
[A


[K[A
[K[A
epoch 1  26%|████████████                               |  ETA: 0:00:43[K
     batch: 26/100[K
   samples: 3328/12800[K
[A
[A


[K[A
[K[A
epoch 1  30%|█████████████                              |  ETA: 0:00:39[K
     batch: 30/100[K
   samples: 3840/12800[K
[A
[A


[K[A
[K[A
epoch 1  34%|███████████████                            |  ETA: 0:00:35[K
     batch: 34/100[K
   samples: 4352/12800[K
[A
[A


[K[A
[K[A
epoch 1  38%|█████████████████                          |  ETA: 0:00:31[K
     batch: 38/100[K
   samples: 4864/12800[K
[A
[A


[K[A
[K[A
epoch 1  42%|███████████████████                        |  ETA: 0:00:28[K
     batch: 42/100[K
   samples: 5376/12800[K
[A
[A


[K[A
[K[A
epoch 1  46%|████████████████████                       |  ETA: 0:00:25[K
     batch: 46/100[K
   samples: 5888/12800[K
[A
[A


[K[A
[K[A
epoch 1  50%|██████████████████████                     |  ETA: 0:00:23[K
     batch: 50/100[K
   samples: 6400/12800[K
[A
[A


[K[A
[K[A
epoch 1  53%|███████████████████████                    |  ETA: 0:00:21[K
     batch: 53/100[K
   samples: 6784/12800[K
[A
[A


[K[A
[K[A
epoch 1  56%|█████████████████████████                  |  ETA: 0:00:20[K
     batch: 56/100[K
   samples: 7168/12800[K
[A
[A


[K[A
[K[A
epoch 1  59%|██████████████████████████                 |  ETA: 0:00:18[K
     batch: 59/100[K
   samples: 7552/12800[K
[A
[A


[K[A
[K[A
epoch 1  62%|███████████████████████████                |  ETA: 0:00:17[K
     batch: 62/100[K
   samples: 7936/12800[K
[A
[A


[K[A
[K[A
epoch 1  65%|████████████████████████████               |  ETA: 0:00:16[K
     batch: 65/100[K
   samples: 8320/12800[K
[A
[A


[K[A
[K[A
epoch 1  68%|██████████████████████████████             |  ETA: 0:00:14[K
     batch: 68/100[K
   samples: 8704/12800[K
[A
[A


[K[A
[K[A
epoch 1  71%|███████████████████████████████            |  ETA: 0:00:13[K
     batch: 71/100[K
   samples: 9088/12800[K
[A
[A


[K[A
[K[A
epoch 1  74%|████████████████████████████████           |  ETA: 0:00:11[K
     batch: 74/100[K
   samples: 9472/12800[K
[A
[A


[K[A
[K[A
epoch 1  77%|██████████████████████████████████         |  ETA: 0:00:10[K
     batch: 77/100[K
   samples: 9856/12800[K
[A
[A


[K[A
[K[A
epoch 1  80%|███████████████████████████████████        |  ETA: 0:00:09[K
     batch: 80/100[K
   samples: 10240/12800[K
[A
[A


[K[A
[K[A
epoch 1  83%|████████████████████████████████████       |  ETA: 0:00:07[K
     batch: 83/100[K
   samples: 10624/12800[K
[A
[A


[K[A
[K[A
epoch 1  86%|█████████████████████████████████████      |  ETA: 0:00:06[K
     batch: 86/100[K
   samples: 11008/12800[K
[A
[A


[K[A
[K[A
epoch 1  89%|███████████████████████████████████████    |  ETA: 0:00:05[K
     batch: 89/100[K
   samples: 11392/12800[K
[A
[A


[K[A
[K[A
epoch 1  92%|████████████████████████████████████████   |  ETA: 0:00:03[K
     batch: 92/100[K
   samples: 11776/12800[K
[A
[A


[K[A
[K[A
epoch 1  95%|█████████████████████████████████████████  |  ETA: 0:00:02[K
     batch: 95/100[K
   samples: 12160/12800[K
[A
[A


[K[A
[K[A
epoch 1  98%|███████████████████████████████████████████|  ETA: 0:00:01[K
     batch: 98/100[K
   samples: 12544/12800[K
[A
[A


[K[A
[K[A
epoch 1 100%|███████████████████████████████████████████| Time: 0:00:42[K
     batch: 100/100[K
   samples: 12800/12800[K

epoch 2   3%|██                                         |  ETA: 0:00:40[K
     batch: 3/100[K
   samples: 384/12800[K
[A
[A


[K[A
[K[A
epoch 2   6%|███                                        |  ETA: 0:00:42[K
     batch: 6/100[K
   samples: 768/12800[K
[A
[A


[K[A
[K[A
epoch 2   9%|████                                       |  ETA: 0:00:40[K
     batch: 9/100[K
   samples: 1152/12800[K
[A
[A


[K[A
[K[A
epoch 2  12%|██████                                     |  ETA: 0:00:39[K
     batch: 12/100[K
   samples: 1536/12800[K
[A
[A


[K[A
[K[A
epoch 2  15%|███████                                    |  ETA: 0:00:37[K
     batch: 15/100[K
   samples: 1920/12800[K
[A
[A


[K[A
[K[A
epoch 2  18%|████████                                   |  ETA: 0:00:35[K
     batch: 18/100[K
   samples: 2304/12800[K
[A
[A


[K[A
[K[A
epoch 2  21%|██████████                                 |  ETA: 0:00:34[K
     batch: 21/100[K
   samples: 2688/12800[K
[A
[A


[K[A
[K[A
epoch 2  24%|███████████                                |  ETA: 0:00:32[K
     batch: 24/100[K
   samples: 3072/12800[K
[A
[A


[K[A
[K[A
epoch 2  27%|████████████                               |  ETA: 0:00:31[K
     batch: 27/100[K
   samples: 3456/12800[K
[A
[A


[K[A
[K[A
epoch 2  30%|█████████████                              |  ETA: 0:00:30[K
     batch: 30/100[K
   samples: 3840/12800[K
[A
[A


[K[A
[K[A
epoch 2  33%|███████████████                            |  ETA: 0:00:28[K
     batch: 33/100[K
   samples: 4224/12800[K
[A
[A


[K[A
[K[A
epoch 2  36%|████████████████                           |  ETA: 0:00:27[K
     batch: 36/100[K
   samples: 4608/12800[K
[A
[A


[K[A
[K[A
epoch 2  39%|█████████████████                          |  ETA: 0:00:25[K
     batch: 39/100[K
   samples: 4992/12800[K
[A
[A


[K[A
[K[A
epoch 2  42%|███████████████████                        |  ETA: 0:00:24[K
     batch: 42/100[K
   samples: 5376/12800[K
[A
[A


[K[A
[K[A
epoch 2  45%|████████████████████                       |  ETA: 0:00:23[K
     batch: 45/100[K
   samples: 5760/12800[K
[A
[A


[K[A
[K[A
epoch 2  48%|█████████████████████                      |  ETA: 0:00:21[K
     batch: 48/100[K
   samples: 6144/12800[K
[A
[A


[K[A
[K[A
epoch 2  51%|██████████████████████                     |  ETA: 0:00:20[K
     batch: 51/100[K
   samples: 6528/12800[K
[A
[A


[K[A
[K[A
epoch 2  54%|████████████████████████                   |  ETA: 0:00:19[K
     batch: 54/100[K
   samples: 6912/12800[K
[A
[A


[K[A
[K[A
epoch 2  57%|█████████████████████████                  |  ETA: 0:00:18[K
     batch: 57/100[K
   samples: 7296/12800[K
[A
[A


[K[A
[K[A
epoch 2  60%|██████████████████████████                 |  ETA: 0:00:16[K
     batch: 60/100[K
   samples: 7680/12800[K
[A
[A


[K[A
[K[A
epoch 2  63%|████████████████████████████               |  ETA: 0:00:15[K
     batch: 63/100[K
   samples: 8064/12800[K
[A
[A


[K[A
[K[A
epoch 2  66%|█████████████████████████████              |  ETA: 0:00:14[K
     batch: 66/100[K
   samples: 8448/12800[K
[A
[A


[K[A
[K[A
epoch 2  69%|██████████████████████████████             |  ETA: 0:00:13[K
     batch: 69/100[K
   samples: 8832/12800[K
[A
[A


[K[A
[K[A
epoch 2  72%|███████████████████████████████            |  ETA: 0:00:12[K
     batch: 72/100[K
   samples: 9216/12800[K
[A
[A


[K[A
[K[A
epoch 2  75%|█████████████████████████████████          |  ETA: 0:00:10[K
     batch: 75/100[K
   samples: 9600/12800[K
[A
[A


[K[A
[K[A
epoch 2  78%|██████████████████████████████████         |  ETA: 0:00:09[K
     batch: 78/100[K
   samples: 9984/12800[K
[A
[A


[K[A
[K[A
epoch 2  81%|███████████████████████████████████        |  ETA: 0:00:08[K
     batch: 81/100[K
   samples: 10368/12800[K
[A
[A


[K[A
[K[A
epoch 2  84%|█████████████████████████████████████      |  ETA: 0:00:07[K
     batch: 84/100[K
   samples: 10752/12800[K
[A
[A


[K[A
[K[A
epoch 2  87%|██████████████████████████████████████     |  ETA: 0:00:05[K
     batch: 87/100[K
   samples: 11136/12800[K
[A
[A


[K[A
[K[A
epoch 2  90%|███████████████████████████████████████    |  ETA: 0:00:04[K
     batch: 90/100[K
   samples: 11520/12800[K
[A
[A


[K[A
[K[A
epoch 2  93%|████████████████████████████████████████   |  ETA: 0:00:03[K
     batch: 93/100[K
   samples: 11904/12800[K
[A
[A


[K[A
[K[A
epoch 2  96%|██████████████████████████████████████████ |  ETA: 0:00:02[K
     batch: 96/100[K
   samples: 12288/12800[K
[A
[A


[K[A
[K[A
epoch 2  99%|███████████████████████████████████████████|  ETA: 0:00:00[K
     batch: 99/100[K
   samples: 12672/12800[K
[A
[A


[K[A
[K[A
epoch 2 100%|███████████████████████████████████████████| Time: 0:00:41[K
     batch: 100/100[K
   samples: 12800/12800[K

epoch 3   3%|██                                         |  ETA: 0:00:46[K
     batch: 3/100[K
   samples: 384/12800[K
[A
[A


[K[A
[K[A
epoch 3   7%|████                                       |  ETA: 0:00:37[K
     batch: 7/100[K
   samples: 896/12800[K
[A
[A


[K[A
[K[A
epoch 3  10%|█████                                      |  ETA: 0:00:37[K
     batch: 10/100[K
   samples: 1280/12800[K
[A
[A


[K[A
[K[A
epoch 3  13%|██████                                     |  ETA: 0:00:35[K
     batch: 13/100[K
   samples: 1664/12800[K
[A
[A


[K[A
[K[A
epoch 3  16%|███████                                    |  ETA: 0:00:33[K
     batch: 16/100[K
   samples: 2048/12800[K
[A
[A


[K[A
[K[A
epoch 3  19%|█████████                                  |  ETA: 0:00:32[K
     batch: 19/100[K
   samples: 2432/12800[K
[A
[A


[K[A
[K[A
epoch 3  22%|██████████                                 |  ETA: 0:00:30[K
     batch: 22/100[K
   samples: 2816/12800[K
[A
[A


[K[A
[K[A
epoch 3  25%|███████████                                |  ETA: 0:00:29[K
     batch: 25/100[K
   samples: 3200/12800[K
[A
[A


[K[A
[K[A
epoch 3  28%|█████████████                              |  ETA: 0:00:28[K
     batch: 28/100[K
   samples: 3584/12800[K
[A
[A


[K[A
[K[A
epoch 3  31%|██████████████                             |  ETA: 0:00:26[K
     batch: 31/100[K
   samples: 3968/12800[K
[A
[A


[K[A
[K[A
epoch 3  34%|███████████████                            |  ETA: 0:00:25[K
     batch: 34/100[K
   samples: 4352/12800[K
[A
[A


[K[A
[K[A
epoch 3  37%|████████████████                           |  ETA: 0:00:24[K
     batch: 37/100[K
   samples: 4736/12800[K
[A
[A


[K[A
[K[A
epoch 3  40%|██████████████████                         |  ETA: 0:00:23[K
     batch: 40/100[K
   samples: 5120/12800[K
[A
[A


[K[A
[K[A
epoch 3  43%|███████████████████                        |  ETA: 0:00:22[K
     batch: 43/100[K
   samples: 5504/12800[K
[A
[A


[K[A
[K[A
epoch 3  46%|████████████████████                       |  ETA: 0:00:21[K
     batch: 46/100[K
   samples: 5888/12800[K
[A
[A


[K[A
[K[A
epoch 3  49%|██████████████████████                     |  ETA: 0:00:20[K
     batch: 49/100[K
   samples: 6272/12800[K
[A
[A


[K[A
[K[A
epoch 3  52%|███████████████████████                    |  ETA: 0:00:18[K
     batch: 52/100[K
   samples: 6656/12800[K
[A
[A


[K[A
[K[A
epoch 3  55%|████████████████████████                   |  ETA: 0:00:17[K
     batch: 55/100[K
   samples: 7040/12800[K
[A
[A


[K[A
[K[A
epoch 3  58%|█████████████████████████                  |  ETA: 0:00:16[K
     batch: 58/100[K
   samples: 7424/12800[K
[A
[A


[K[A
[K[A
epoch 3  61%|███████████████████████████                |  ETA: 0:00:15[K
     batch: 61/100[K
   samples: 7808/12800[K
[A
[A


[K[A
[K[A
epoch 3  64%|████████████████████████████               |  ETA: 0:00:14[K
     batch: 64/100[K
   samples: 8192/12800[K
[A
[A


[K[A
[K[A
epoch 3  67%|█████████████████████████████              |  ETA: 0:00:13[K
     batch: 67/100[K
   samples: 8576/12800[K
[A
[A


[K[A
[K[A
epoch 3  70%|███████████████████████████████            |  ETA: 0:00:12[K
     batch: 70/100[K
   samples: 8960/12800[K
[A
[A


[K[A
[K[A
epoch 3  73%|████████████████████████████████           |  ETA: 0:00:11[K
     batch: 73/100[K
   samples: 9344/12800[K
[A
[A


[K[A
[K[A
epoch 3  76%|█████████████████████████████████          |  ETA: 0:00:09[K
     batch: 76/100[K
   samples: 9728/12800[K
[A
[A


[K[A
[K[A
epoch 3  79%|██████████████████████████████████         |  ETA: 0:00:08[K
     batch: 79/100[K
   samples: 10112/12800[K
[A
[A


[K[A
[K[A
epoch 3  82%|████████████████████████████████████       |  ETA: 0:00:07[K
     batch: 82/100[K
   samples: 10496/12800[K
[A
[A


[K[A
[K[A
epoch 3  85%|█████████████████████████████████████      |  ETA: 0:00:06[K
     batch: 85/100[K
   samples: 10880/12800[K
[A
[A


[K[A
[K[A
epoch 3  88%|██████████████████████████████████████     |  ETA: 0:00:05[K
     batch: 88/100[K
   samples: 11264/12800[K
[A
[A


[K[A
[K[A
epoch 3  91%|████████████████████████████████████████   |  ETA: 0:00:04[K
     batch: 91/100[K
   samples: 11648/12800[K
[A
[A


[K[A
[K[A
epoch 3  94%|█████████████████████████████████████████  |  ETA: 0:00:02[K
     batch: 94/100[K
   samples: 12032/12800[K
[A
[A


[K[A
[K[A
epoch 3  97%|██████████████████████████████████████████ |  ETA: 0:00:01[K
     batch: 97/100[K
   samples: 12416/12800[K
[A
[A


[K[A
[K[A
epoch 3 100%|███████████████████████████████████████████| Time: 0:00:39[K
     batch: 100/100[K
   samples: 12800/12800[K

epoch 4   3%|██                                         |  ETA: 0:00:43[K
     batch: 3/100[K
   samples: 384/12800[K
[A
[A


[K[A
[K[A
epoch 4   6%|███                                        |  ETA: 0:00:40[K
     batch: 6/100[K
   samples: 768/12800[K
[A
[A


[K[A
[K[A
epoch 4   9%|████                                       |  ETA: 0:00:40[K
     batch: 9/100[K
   samples: 1152/12800[K
[A
[A


[K[A
[K[A
epoch 4  12%|██████                                     |  ETA: 0:00:38[K
     batch: 12/100[K
   samples: 1536/12800[K
[A
[A


[K[A
[K[A
epoch 4  15%|███████                                    |  ETA: 0:00:37[K
     batch: 15/100[K
   samples: 1920/12800[K
[A
[A


[K[A
[K[A
epoch 4  18%|████████                                   |  ETA: 0:00:36[K
     batch: 18/100[K
   samples: 2304/12800[K
[A
[A


[K[A
[K[A
epoch 4  21%|██████████                                 |  ETA: 0:00:34[K
     batch: 21/100[K
   samples: 2688/12800[K
[A
[A


[K[A
[K[A
epoch 4  24%|███████████                                |  ETA: 0:00:32[K
     batch: 24/100[K
   samples: 3072/12800[K
[A
[A


[K[A
[K[A
epoch 4  27%|████████████                               |  ETA: 0:00:31[K
     batch: 27/100[K
   samples: 3456/12800[K
[A
[A


[K[A
[K[A
epoch 4  30%|█████████████                              |  ETA: 0:00:29[K
     batch: 30/100[K
   samples: 3840/12800[K
[A
[A


[K[A
[K[A
epoch 4  33%|███████████████                            |  ETA: 0:00:28[K
     batch: 33/100[K
   samples: 4224/12800[K
[A
[A


[K[A
[K[A
epoch 4  36%|████████████████                           |  ETA: 0:00:27[K
     batch: 36/100[K
   samples: 4608/12800[K
[A
[A


[K[A
[K[A
epoch 4  39%|█████████████████                          |  ETA: 0:00:25[K
     batch: 39/100[K
   samples: 4992/12800[K
[A
[A


[K[A
[K[A
epoch 4  42%|███████████████████                        |  ETA: 0:00:24[K
     batch: 42/100[K
   samples: 5376/12800[K
[A
[A


[K[A
[K[A
epoch 4  45%|████████████████████                       |  ETA: 0:00:23[K
     batch: 45/100[K
   samples: 5760/12800[K
[A
[A


[K[A
[K[A
epoch 4  48%|█████████████████████                      |  ETA: 0:00:22[K
     batch: 48/100[K
   samples: 6144/12800[K
[A
[A


[K[A
[K[A
epoch 4  51%|██████████████████████                     |  ETA: 0:00:20[K
     batch: 51/100[K
   samples: 6528/12800[K
[A
[A


[K[A
[K[A
epoch 4  54%|████████████████████████                   |  ETA: 0:00:19[K
     batch: 54/100[K
   samples: 6912/12800[K
[A
[A


[K[A
[K[A
epoch 4  57%|█████████████████████████                  |  ETA: 0:00:18[K
     batch: 57/100[K
   samples: 7296/12800[K
[A
[A


[K[A
[K[A
epoch 4  60%|██████████████████████████                 |  ETA: 0:00:16[K
     batch: 60/100[K
   samples: 7680/12800[K
[A
[A


[K[A
[K[A
epoch 4  63%|████████████████████████████               |  ETA: 0:00:15[K
     batch: 63/100[K
   samples: 8064/12800[K
[A
[A


[K[A
[K[A
epoch 4  66%|█████████████████████████████              |  ETA: 0:00:14[K
     batch: 66/100[K
   samples: 8448/12800[K
[A
[A


[K[A
[K[A
epoch 4  69%|██████████████████████████████             |  ETA: 0:00:13[K
     batch: 69/100[K
   samples: 8832/12800[K
[A
[A


[K[A
[K[A
epoch 4  72%|███████████████████████████████            |  ETA: 0:00:11[K
     batch: 72/100[K
   samples: 9216/12800[K
[A
[A


[K[A
[K[A
epoch 4  75%|█████████████████████████████████          |  ETA: 0:00:10[K
     batch: 75/100[K
   samples: 9600/12800[K
[A
[A


[K[A
[K[A
epoch 4  78%|██████████████████████████████████         |  ETA: 0:00:09[K
     batch: 78/100[K
   samples: 9984/12800[K
[A
[A


[K[A
[K[A
epoch 4  81%|███████████████████████████████████        |  ETA: 0:00:08[K
     batch: 81/100[K
   samples: 10368/12800[K
[A
[A


[K[A
[K[A
epoch 4  84%|█████████████████████████████████████      |  ETA: 0:00:07[K
     batch: 84/100[K
   samples: 10752/12800[K
[A
[A


[K[A
[K[A
epoch 4  87%|██████████████████████████████████████     |  ETA: 0:00:05[K
     batch: 87/100[K
   samples: 11136/12800[K
[A
[A


[K[A
[K[A
epoch 4  90%|███████████████████████████████████████    |  ETA: 0:00:04[K
     batch: 90/100[K
   samples: 11520/12800[K
[A
[A


[K[A
[K[A
epoch 4  93%|████████████████████████████████████████   |  ETA: 0:00:03[K
     batch: 93/100[K
   samples: 11904/12800[K
[A
[A


[K[A
[K[A
epoch 4  96%|██████████████████████████████████████████ |  ETA: 0:00:02[K
     batch: 96/100[K
   samples: 12288/12800[K
[A
[A


[K[A
[K[A
epoch 4  99%|███████████████████████████████████████████|  ETA: 0:00:00[K
     batch: 99/100[K
   samples: 12672/12800[K
[A
[A


[K[A
[K[A
epoch 4 100%|███████████████████████████████████████████| Time: 0:00:40[K
     batch: 100/100[K
   samples: 12800/12800[K

epoch 5   3%|██                                         |  ETA: 0:00:42[K
     batch: 3/100[K
   samples: 384/12800[K
[A
[A


[K[A
[K[A
epoch 5   6%|███                                        |  ETA: 0:00:41[K
     batch: 6/100[K
   samples: 768/12800[K
[A
[A


[K[A
[K[A
epoch 5   9%|████                                       |  ETA: 0:00:39[K
     batch: 9/100[K
   samples: 1152/12800[K
[A
[A


[K[A
[K[A
epoch 5  12%|██████                                     |  ETA: 0:00:38[K
     batch: 12/100[K
   samples: 1536/12800[K
[A
[A


[K[A
[K[A
epoch 5  15%|███████                                    |  ETA: 0:00:36[K
     batch: 15/100[K
   samples: 1920/12800[K
[A
[A


[K[A
[K[A
epoch 5  18%|████████                                   |  ETA: 0:00:35[K
     batch: 18/100[K
   samples: 2304/12800[K
[A
[A


[K[A
[K[A
epoch 5  21%|██████████                                 |  ETA: 0:00:33[K
     batch: 21/100[K
   samples: 2688/12800[K
[A
[A


[K[A
[K[A
epoch 5  24%|███████████                                |  ETA: 0:00:32[K
     batch: 24/100[K
   samples: 3072/12800[K
[A
[A


[K[A
[K[A
epoch 5  27%|████████████                               |  ETA: 0:00:31[K
     batch: 27/100[K
   samples: 3456/12800[K
[A
[A


[K[A
[K[A
epoch 5  30%|█████████████                              |  ETA: 0:00:30[K
     batch: 30/100[K
   samples: 3840/12800[K
[A
[A


[K[A
[K[A
epoch 5  33%|███████████████                            |  ETA: 0:00:28[K
     batch: 33/100[K
   samples: 4224/12800[K
[A
[A


[K[A
[K[A
epoch 5  36%|████████████████                           |  ETA: 0:00:27[K
     batch: 36/100[K
   samples: 4608/12800[K
[A
[A


[K[A
[K[A
epoch 5  39%|█████████████████                          |  ETA: 0:00:26[K
     batch: 39/100[K
   samples: 4992/12800[K
[A
[A


[K[A
[K[A
epoch 5  42%|███████████████████                        |  ETA: 0:00:24[K
     batch: 42/100[K
   samples: 5376/12800[K
[A
[A


[K[A
[K[A
epoch 5  45%|████████████████████                       |  ETA: 0:00:23[K
     batch: 45/100[K
   samples: 5760/12800[K
[A
[A


[K[A
[K[A
epoch 5  48%|█████████████████████                      |  ETA: 0:00:22[K
     batch: 48/100[K
   samples: 6144/12800[K
[A
[A


[K[A
[K[A
epoch 5  51%|██████████████████████                     |  ETA: 0:00:20[K
     batch: 51/100[K
   samples: 6528/12800[K
[A
[A


[K[A
[K[A
epoch 5  54%|████████████████████████                   |  ETA: 0:00:19[K
     batch: 54/100[K
   samples: 6912/12800[K
[A
[A


[K[A
[K[A
epoch 5  57%|█████████████████████████                  |  ETA: 0:00:18[K
     batch: 57/100[K
   samples: 7296/12800[K
[A
[A


[K[A
[K[A
epoch 5  60%|██████████████████████████                 |  ETA: 0:00:17[K
     batch: 60/100[K
   samples: 7680/12800[K
[A
[A


[K[A
[K[A
epoch 5  63%|████████████████████████████               |  ETA: 0:00:15[K
     batch: 63/100[K
   samples: 8064/12800[K
[A
[A


[K[A
[K[A
epoch 5  66%|█████████████████████████████              |  ETA: 0:00:14[K
     batch: 66/100[K
   samples: 8448/12800[K
[A
[A


[K[A
[K[A
epoch 5  69%|██████████████████████████████             |  ETA: 0:00:13[K
     batch: 69/100[K
   samples: 8832/12800[K
[A
[A


[K[A
[K[A
epoch 5  72%|███████████████████████████████            |  ETA: 0:00:12[K
     batch: 72/100[K
   samples: 9216/12800[K
[A
[A


[K[A
[K[A
epoch 5  75%|█████████████████████████████████          |  ETA: 0:00:10[K
     batch: 75/100[K
   samples: 9600/12800[K
[A
[A


[K[A
[K[A
epoch 5  78%|██████████████████████████████████         |  ETA: 0:00:09[K
     batch: 78/100[K
   samples: 9984/12800[K
[A
[A


[K[A
[K[A
epoch 5  81%|███████████████████████████████████        |  ETA: 0:00:08[K
     batch: 81/100[K
   samples: 10368/12800[K
[A
[A


[K[A
[K[A
epoch 5  84%|█████████████████████████████████████      |  ETA: 0:00:07[K
     batch: 84/100[K
   samples: 10752/12800[K
[A
[A


[K[A
[K[A
epoch 5  87%|██████████████████████████████████████     |  ETA: 0:00:05[K
     batch: 87/100[K
   samples: 11136/12800[K
[A
[A


[K[A
[K[A
epoch 5  90%|███████████████████████████████████████    |  ETA: 0:00:04[K
     batch: 90/100[K
   samples: 11520/12800[K
[A
[A


[K[A
[K[A
epoch 5  93%|████████████████████████████████████████   |  ETA: 0:00:03[K
     batch: 93/100[K
   samples: 11904/12800[K
[A
[A


[K[A
[K[A
epoch 5  96%|██████████████████████████████████████████ |  ETA: 0:00:02[K
     batch: 96/100[K
   samples: 12288/12800[K
[A
[A


[K[A
[K[A
epoch 5  99%|███████████████████████████████████████████|  ETA: 0:00:00[K
     batch: 99/100[K
   samples: 12672/12800[K
[A
[A


[K[A
[K[A
epoch 5 100%|███████████████████████████████████████████| Time: 0:00:42[K
     batch: 100/100[K
   samples: 12800/12800[K

epoch 6   3%|██                                         |  ETA: 0:00:38[K
     batch: 3/100[K
   samples: 384/12800[K
[A
[A


[K[A
[K[A
epoch 6   6%|███                                        |  ETA: 0:00:36[K
     batch: 6/100[K
   samples: 768/12800[K
[A
[A


[K[A
[K[A
epoch 6   9%|████                                       |  ETA: 0:00:36[K
     batch: 9/100[K
   samples: 1152/12800[K
[A
[A


[K[A
[K[A
epoch 6  12%|██████                                     |  ETA: 0:00:36[K
     batch: 12/100[K
   samples: 1536/12800[K
[A
[A


[K[A
[K[A
epoch 6  15%|███████                                    |  ETA: 0:00:34[K
     batch: 15/100[K
   samples: 1920/12800[K
[A
[A


[K[A
[K[A
epoch 6  18%|████████                                   |  ETA: 0:00:33[K
     batch: 18/100[K
   samples: 2304/12800[K
[A
[A


[K[A
[K[A
epoch 6  20%|█████████                                  |  ETA: 0:00:38[K
     batch: 20/100[K
   samples: 2560/12800[K
[A
[A


[K[A
[K[A
epoch 6  22%|██████████                                 |  ETA: 0:00:39[K
     batch: 22/100[K
   samples: 2816/12800[K
[A
[A


[K[A
[K[A
epoch 6  24%|███████████                                |  ETA: 0:00:39[K
     batch: 24/100[K
   samples: 3072/12800[K
[A
[A


[K[A
[K[A
epoch 6  27%|████████████                               |  ETA: 0:00:37[K
     batch: 27/100[K
   samples: 3456/12800[K
[A
[A


[K[A
[K[A
epoch 6  30%|█████████████                              |  ETA: 0:00:35[K
     batch: 30/100[K
   samples: 3840/12800[K
[A
[A


[K[A
[K[A
epoch 6  33%|███████████████                            |  ETA: 0:00:33[K
     batch: 33/100[K
   samples: 4224/12800[K
[A
[A


[K[A
[K[A
epoch 6  36%|████████████████                           |  ETA: 0:00:31[K
     batch: 36/100[K
   samples: 4608/12800[K
[A
[A


[K[A
[K[A
epoch 6  39%|█████████████████                          |  ETA: 0:00:29[K
     batch: 39/100[K
   samples: 4992/12800[K
[A
[A


[K[A
[K[A
epoch 6  42%|███████████████████                        |  ETA: 0:00:27[K
     batch: 42/100[K
   samples: 5376/12800[K
[A
[A


[K[A
[K[A
epoch 6  45%|████████████████████                       |  ETA: 0:00:25[K
     batch: 45/100[K
   samples: 5760/12800[K
[A
[A


[K[A
[K[A
epoch 6  48%|█████████████████████                      |  ETA: 0:00:24[K
     batch: 48/100[K
   samples: 6144/12800[K
[A
[A


[K[A
[K[A
epoch 6  51%|██████████████████████                     |  ETA: 0:00:22[K
     batch: 51/100[K
   samples: 6528/12800[K
[A
[A


[K[A
[K[A
epoch 6  54%|████████████████████████                   |  ETA: 0:00:21[K
     batch: 54/100[K
   samples: 6912/12800[K
[A
[A


[K[A
[K[A
epoch 6  57%|█████████████████████████                  |  ETA: 0:00:19[K
     batch: 57/100[K
   samples: 7296/12800[K
[A
[A


[K[A
[K[A
epoch 6  60%|██████████████████████████                 |  ETA: 0:00:18[K
     batch: 60/100[K
   samples: 7680/12800[K
[A
[A


[K[A
[K[A
epoch 6  63%|████████████████████████████               |  ETA: 0:00:16[K
     batch: 63/100[K
   samples: 8064/12800[K
[A
[A


[K[A
[K[A
epoch 6  66%|█████████████████████████████              |  ETA: 0:00:15[K
     batch: 66/100[K
   samples: 8448/12800[K
[A
[A


[K[A
[K[A
epoch 6  69%|██████████████████████████████             |  ETA: 0:00:14[K
     batch: 69/100[K
   samples: 8832/12800[K
[A
[A


[K[A
[K[A
epoch 6  72%|███████████████████████████████            |  ETA: 0:00:12[K
     batch: 72/100[K
   samples: 9216/12800[K
[A
[A


[K[A
[K[A
epoch 6  75%|█████████████████████████████████          |  ETA: 0:00:11[K
     batch: 75/100[K
   samples: 9600/12800[K
[A
[A


[K[A
[K[A
epoch 6  78%|██████████████████████████████████         |  ETA: 0:00:09[K
     batch: 78/100[K
   samples: 9984/12800[K
[A
[A


[K[A
[K[A
epoch 6  81%|███████████████████████████████████        |  ETA: 0:00:08[K
     batch: 81/100[K
   samples: 10368/12800[K
[A
[A


[K[A
[K[A
epoch 6  84%|█████████████████████████████████████      |  ETA: 0:00:07[K
     batch: 84/100[K
   samples: 10752/12800[K
[A
[A


[K[A
[K[A
epoch 6  87%|██████████████████████████████████████     |  ETA: 0:00:06[K
     batch: 87/100[K
   samples: 11136/12800[K
[A
[A


[K[A
[K[A
epoch 6  90%|███████████████████████████████████████    |  ETA: 0:00:04[K
     batch: 90/100[K
   samples: 11520/12800[K
[A
[A


[K[A
[K[A
epoch 6  93%|████████████████████████████████████████   |  ETA: 0:00:03[K
     batch: 93/100[K
   samples: 11904/12800[K
[A
[A


[K[A
[K[A
epoch 6  96%|██████████████████████████████████████████ |  ETA: 0:00:02[K
     batch: 96/100[K
   samples: 12288/12800[K
[A
[A


[K[A
[K[A
epoch 6  99%|███████████████████████████████████████████|  ETA: 0:00:00[K
     batch: 99/100[K
   samples: 12672/12800[K
[A
[A


[K[A
[K[A
epoch 6 100%|███████████████████████████████████████████| Time: 0:00:41[K
     batch: 100/100[K
   samples: 12800/12800[K
[bootstrap] activated project
[bootstrap] loaded packages
building MNIST 784-120-40 layer
loading training split
training samples: 12800 (100 batches/epoch)
loading train-eval split
train-eval samples: 1000
loading test split
test samples: 1000
constructing 32-worker softplus-margin nudge Adam manager
constructing 32-worker validation manager
starting epochs
epoch 0 train-eval: evaluating 1000 samples
epoch 0 train accuracy 0.068 loss 74.680534
epoch 0 evaluating
epoch 0 test: evaluating 1000 samples
epoch 0 test accuracy 0.071 loss 73.554138 best 0.071
(timestamp = "2026-06-09T17:11:55", epoch = 0, seconds = 0.0, train_accuracy = 0.068, train_loss = 74.680534f0, test_accuracy = 0.071, test_loss = 73.55414f0, pred_counts = "47-200-78-66-90-53-72-220-87-87", w_norm = 0.48583895f0, b_norm = 0.0f0, w_input_norm = 1.5314544f0, grad_w_norm = 0.0f0, grad_b_norm = 0.0f0, grad_w_input_norm = 0.0f0, symmetry_error = 0.0f0, grad_symmetry_error = 0.0f0, best_accuracy = 0.071, best_path = "ext\\IsingLearning\\experiments\\MNIST\\baseline_new_nudge\\experiments\\current\\scout_grid_lowbeta_lowtemp_wd1e4_20260609\\b0p1_T0p00005_wd1e4_lr0p0015_e12_pc1280\\best_checkpoint.bin", final_path = "")
epoch 1 training
epoch 1 batch 1/100 samples 128/12800 elapsed 7.0s
epoch 1 batch 25/100 samples 3200/12800 elapsed 15.0s
epoch 1 batch 50/100 samples 6400/12800 elapsed 23.0s
epoch 1 batch 75/100 samples 9600/12800 elapsed 32.7s
epoch 1 batch 100/100 samples 12800/12800 elapsed 42.8s
epoch 1 training done in 42.766s
epoch 1 train-eval: evaluating 1000 samples
epoch 1 train accuracy 0.455 loss 14.769128
epoch 1 evaluating
epoch 1 test: evaluating 1000 samples
epoch 1 test accuracy 0.474 loss 14.315977 best 0.474
(timestamp = "2026-06-09T17:12:42", epoch = 1, seconds = 42.7657785, train_accuracy = 0.455, train_loss = 14.769128f0, test_accuracy = 0.474, test_loss = 14.315977f0, pred_counts = "146-157-237-22-195-27-122-33-28-33", w_norm = 1.2405801f0, b_norm = 0.11409076f0, w_input_norm = 3.592802f0, grad_w_norm = 6.792715f0, grad_b_norm = 1.0209123f0, grad_w_input_norm = 5.858724f0, symmetry_error = 0.0f0, grad_symmetry_error = 0.0f0, best_accuracy = 0.474, best_path = "ext\\IsingLearning\\experiments\\MNIST\\baseline_new_nudge\\experiments\\current\\scout_grid_lowbeta_lowtemp_wd1e4_20260609\\b0p1_T0p00005_wd1e4_lr0p0015_e12_pc1280\\best_checkpoint.bin", final_path = "")
epoch 2 training
epoch 2 batch 1/100 samples 128/12800 elapsed 0.4s
epoch 2 batch 25/100 samples 3200/12800 elapsed 10.6s
epoch 2 batch 50/100 samples 6400/12800 elapsed 20.6s
epoch 2 batch 75/100 samples 9600/12800 elapsed 30.9s
epoch 2 batch 100/100 samples 12800/12800 elapsed 41.3s
epoch 2 training done in 41.274s
epoch 2 train-eval: evaluating 1000 samples
epoch 2 train accuracy 0.479 loss 13.384752
epoch 2 evaluating
epoch 2 test: evaluating 1000 samples
epoch 2 test accuracy 0.502 loss 12.971964 best 0.502
(timestamp = "2026-06-09T17:13:27", epoch = 2, seconds = 41.2740164, train_accuracy = 0.479, train_loss = 13.384752f0, test_accuracy = 0.502, test_loss = 12.971964f0, pred_counts = "152-160-126-40-217-25-146-41-46-47", w_norm = 1.4382108f0, b_norm = 0.12927522f0, w_input_norm = 4.4533377f0, grad_w_norm = 1.7906505f0, grad_b_norm = 0.29724923f0, grad_w_input_norm = 1.9168118f0, symmetry_error = 0.0f0, grad_symmetry_error = 0.0f0, best_accuracy = 0.502, best_path = "ext\\IsingLearning\\experiments\\MNIST\\baseline_new_nudge\\experiments\\current\\scout_grid_lowbeta_lowtemp_wd1e4_20260609\\b0p1_T0p00005_wd1e4_lr0p0015_e12_pc1280\\best_checkpoint.bin", final_path = "")
epoch 3 training
epoch 3 batch 1/100 samples 128/12800 elapsed 0.4s
epoch 3 batch 25/100 samples 3200/12800 elapsed 9.6s
epoch 3 batch 50/100 samples 6400/12800 elapsed 19.2s
epoch 3 batch 75/100 samples 9600/12800 elapsed 29.2s
epoch 3 batch 100/100 samples 12800/12800 elapsed 39.4s
epoch 3 training done in 39.426s
epoch 3 train-eval: evaluating 1000 samples
epoch 3 train accuracy 0.486 loss 13.645763
epoch 3 evaluating
epoch 3 test: evaluating 1000 samples
epoch 3 test accuracy 0.497 loss 13.316153 best 0.502
(timestamp = "2026-06-09T17:14:10", epoch = 3, seconds = 39.4261956, train_accuracy = 0.486, train_loss = 13.645763f0, test_accuracy = 0.497, test_loss = 13.316153f0, pred_counts = "172-142-160-37-244-25-125-32-30-33", w_norm = 1.5942436f0, b_norm = 0.13650768f0, w_input_norm = 5.0609756f0, grad_w_norm = 4.357042f0, grad_b_norm = 0.65008205f0, grad_w_input_norm = 4.246023f0, symmetry_error = 0.0f0, grad_symmetry_error = 0.0f0, best_accuracy = 0.502, best_path = "ext\\IsingLearning\\experiments\\MNIST\\baseline_new_nudge\\experiments\\current\\scout_grid_lowbeta_lowtemp_wd1e4_20260609\\b0p1_T0p00005_wd1e4_lr0p0015_e12_pc1280\\best_checkpoint.bin", final_path = "")
epoch 4 training
epoch 4 batch 1/100 samples 128/12800 elapsed 0.5s
epoch 4 batch 25/100 samples 3200/12800 elapsed 10.6s
epoch 4 batch 50/100 samples 6400/12800 elapsed 20.7s
epoch 4 batch 75/100 samples 9600/12800 elapsed 30.5s
epoch 4 batch 100/100 samples 12800/12800 elapsed 41.0s
epoch 4 training done in 40.968s
epoch 4 train-eval: evaluating 1000 samples
epoch 4 train accuracy 0.479 loss 13.462302
epoch 4 evaluating
epoch 4 test: evaluating 1000 samples
epoch 4 test accuracy 0.513 loss 12.955752 best 0.513
(timestamp = "2026-06-09T17:14:54", epoch = 4, seconds = 40.9676135, train_accuracy = 0.479, train_loss = 13.462302f0, test_accuracy = 0.513, test_loss = 12.955752f0, pred_counts = "128-141-182-37-209-35-160-34-37-37", w_norm = 1.7608685f0, b_norm = 0.14666359f0, w_input_norm = 5.47654f0, grad_w_norm = 3.5716438f0, grad_b_norm = 0.5731352f0, grad_w_input_norm = 2.89648f0, symmetry_error = 0.0f0, grad_symmetry_error = 0.0f0, best_accuracy = 0.513, best_path = "ext\\IsingLearning\\experiments\\MNIST\\baseline_new_nudge\\experiments\\current\\scout_grid_lowbeta_lowtemp_wd1e4_20260609\\b0p1_T0p00005_wd1e4_lr0p0015_e12_pc1280\\best_checkpoint.bin", final_path = "")
epoch 5 training
epoch 5 batch 1/100 samples 128/12800 elapsed 0.4s
epoch 5 batch 25/100 samples 3200/12800 elapsed 10.6s
epoch 5 batch 50/100 samples 6400/12800 elapsed 20.9s
epoch 5 batch 75/100 samples 9600/12800 elapsed 31.3s
epoch 5 batch 100/100 samples 12800/12800 elapsed 42.0s
epoch 5 training done in 42.037s
epoch 5 train-eval: evaluating 1000 samples
epoch 5 train accuracy 0.496 loss 13.021343
epoch 5 evaluating
epoch 5 test: evaluating 1000 samples
epoch 5 test accuracy 0.499 loss 12.753477 best 0.513
(timestamp = "2026-06-09T17:15:40", epoch = 5, seconds = 42.0368879, train_accuracy = 0.496, train_loss = 13.021343f0, test_accuracy = 0.499, test_loss = 12.753477f0, pred_counts = "143-149-147-43-237-34-149-27-32-39", w_norm = 1.8900777f0, b_norm = 0.16125892f0, w_input_norm = 5.8476734f0, grad_w_norm = 1.3916835f0, grad_b_norm = 0.2413615f0, grad_w_input_norm = 2.3391836f0, symmetry_error = 0.0f0, grad_symmetry_error = 0.0f0, best_accuracy = 0.513, best_path = "ext\\IsingLearning\\experiments\\MNIST\\baseline_new_nudge\\experiments\\current\\scout_grid_lowbeta_lowtemp_wd1e4_20260609\\b0p1_T0p00005_wd1e4_lr0p0015_e12_pc1280\\best_checkpoint.bin", final_path = "")
epoch 6 training
epoch 6 batch 1/100 samples 128/12800 elapsed 0.4s
epoch 6 batch 25/100 samples 3200/12800 elapsed 12.8s
epoch 6 batch 50/100 samples 6400/12800 elapsed 22.7s
epoch 6 batch 75/100 samples 9600/12800 elapsed 32.4s
epoch 6 batch 100/100 samples 12800/12800 elapsed 42.0s
epoch 6 training done in 41.967s
epoch 6 train-eval: evaluating 1000 samples
epoch 6 train accuracy 0.466 loss 14.747774
epoch 6 evaluating
epoch 6 test: evaluating 1000 samples
epoch 6 test accuracy 0.498 loss 14.235217 best 0.513
epoch 6 early stop: test accuracy declined for 2 consecutive evaluated epochs
(timestamp = "2026-06-09T17:16:25", epoch = 6, seconds = 41.966791, train_accuracy = 0.466, train_loss = 14.747774f0, test_accuracy = 0.498, test_loss = 14.235217f0, pred_counts = "178-147-186-16-270-27-107-25-22-22", w_norm = 2.0070262f0, b_norm = 0.16989776f0, w_input_norm = 6.2449903f0, grad_w_norm = 2.4803145f0, grad_b_norm = 0.33211577f0, grad_w_input_norm = 0.55861443f0, symmetry_error = 0.0f0, grad_symmetry_error = 0.0f0, best_accuracy = 0.513, best_path = "ext\\IsingLearning\\experiments\\MNIST\\baseline_new_nudge\\experiments\\current\\scout_grid_lowbeta_lowtemp_wd1e4_20260609\\b0p1_T0p00005_wd1e4_lr0p0015_e12_pc1280\\best_checkpoint.bin", final_path = "")
saved MNIST 784-120-40 softplus-margin nudge baseline in ext\IsingLearning\experiments\MNIST\baseline_new_nudge\experiments\current\scout_grid_lowbeta_lowtemp_wd1e4_20260609\b0p1_T0p00005_wd1e4_lr0p0015_e12_pc1280
