[bootstrap] activated project
[bootstrap] loaded packages
building MNIST 784-120-40 layer
loading training split
training samples: 12800 (100 batches/epoch)
loading train-eval split
train-eval samples: 1000
loading test split
test samples: 1000
constructing 32-worker softplus-margin nudge Adam manager
constructing 32-worker validation manager
starting epochs
epoch 0 train-eval: evaluating 1000 samples
epoch 0 train accuracy 0.068 loss 74.680534
epoch 0 evaluating
epoch 0 test: evaluating 1000 samples
epoch 0 test accuracy 0.071 loss 73.554138 best 0.071
(timestamp = "2026-06-09T17:11:55", epoch = 0, seconds = 0.0, train_accuracy = 0.068, train_loss = 74.680534f0, test_accuracy = 0.071, test_loss = 73.55414f0, pred_counts = "47-200-78-66-90-53-72-220-87-87", w_norm = 0.48583895f0, b_norm = 0.0f0, w_input_norm = 1.5314544f0, grad_w_norm = 0.0f0, grad_b_norm = 0.0f0, grad_w_input_norm = 0.0f0, symmetry_error = 0.0f0, grad_symmetry_error = 0.0f0, best_accuracy = 0.071, best_path = "ext\\IsingLearning\\experiments\\MNIST\\baseline_new_nudge\\experiments\\current\\scout_grid_lowbeta_lowtemp_wd1e4_20260609\\b0p1_T0p00005_wd1e4_lr0p0015_e12_pc1280\\best_checkpoint.bin", final_path = "")
epoch 1 training
epoch 1 batch 1/100 samples 128/12800 elapsed 7.0s
epoch 1 batch 25/100 samples 3200/12800 elapsed 15.0s
epoch 1 batch 50/100 samples 6400/12800 elapsed 23.0s
epoch 1 batch 75/100 samples 9600/12800 elapsed 32.7s
epoch 1 batch 100/100 samples 12800/12800 elapsed 42.8s
epoch 1 training done in 42.766s
epoch 1 train-eval: evaluating 1000 samples
epoch 1 train accuracy 0.455 loss 14.769128
epoch 1 evaluating
epoch 1 test: evaluating 1000 samples
epoch 1 test accuracy 0.474 loss 14.315977 best 0.474
(timestamp = "2026-06-09T17:12:42", epoch = 1, seconds = 42.7657785, train_accuracy = 0.455, train_loss = 14.769128f0, test_accuracy = 0.474, test_loss = 14.315977f0, pred_counts = "146-157-237-22-195-27-122-33-28-33", w_norm = 1.2405801f0, b_norm = 0.11409076f0, w_input_norm = 3.592802f0, grad_w_norm = 6.792715f0, grad_b_norm = 1.0209123f0, grad_w_input_norm = 5.858724f0, symmetry_error = 0.0f0, grad_symmetry_error = 0.0f0, best_accuracy = 0.474, best_path = "ext\\IsingLearning\\experiments\\MNIST\\baseline_new_nudge\\experiments\\current\\scout_grid_lowbeta_lowtemp_wd1e4_20260609\\b0p1_T0p00005_wd1e4_lr0p0015_e12_pc1280\\best_checkpoint.bin", final_path = "")
epoch 2 training
epoch 2 batch 1/100 samples 128/12800 elapsed 0.4s
epoch 2 batch 25/100 samples 3200/12800 elapsed 10.6s
epoch 2 batch 50/100 samples 6400/12800 elapsed 20.6s
epoch 2 batch 75/100 samples 9600/12800 elapsed 30.9s
epoch 2 batch 100/100 samples 12800/12800 elapsed 41.3s
epoch 2 training done in 41.274s
epoch 2 train-eval: evaluating 1000 samples
epoch 2 train accuracy 0.479 loss 13.384752
epoch 2 evaluating
epoch 2 test: evaluating 1000 samples
epoch 2 test accuracy 0.502 loss 12.971964 best 0.502
(timestamp = "2026-06-09T17:13:27", epoch = 2, seconds = 41.2740164, train_accuracy = 0.479, train_loss = 13.384752f0, test_accuracy = 0.502, test_loss = 12.971964f0, pred_counts = "152-160-126-40-217-25-146-41-46-47", w_norm = 1.4382108f0, b_norm = 0.12927522f0, w_input_norm = 4.4533377f0, grad_w_norm = 1.7906505f0, grad_b_norm = 0.29724923f0, grad_w_input_norm = 1.9168118f0, symmetry_error = 0.0f0, grad_symmetry_error = 0.0f0, best_accuracy = 0.502, best_path = "ext\\IsingLearning\\experiments\\MNIST\\baseline_new_nudge\\experiments\\current\\scout_grid_lowbeta_lowtemp_wd1e4_20260609\\b0p1_T0p00005_wd1e4_lr0p0015_e12_pc1280\\best_checkpoint.bin", final_path = "")
epoch 3 training
epoch 3 batch 1/100 samples 128/12800 elapsed 0.4s
epoch 3 batch 25/100 samples 3200/12800 elapsed 9.6s
epoch 3 batch 50/100 samples 6400/12800 elapsed 19.2s
epoch 3 batch 75/100 samples 9600/12800 elapsed 29.2s
epoch 3 batch 100/100 samples 12800/12800 elapsed 39.4s
epoch 3 training done in 39.426s
epoch 3 train-eval: evaluating 1000 samples
epoch 3 train accuracy 0.486 loss 13.645763
epoch 3 evaluating
epoch 3 test: evaluating 1000 samples
epoch 3 test accuracy 0.497 loss 13.316153 best 0.502
(timestamp = "2026-06-09T17:14:10", epoch = 3, seconds = 39.4261956, train_accuracy = 0.486, train_loss = 13.645763f0, test_accuracy = 0.497, test_loss = 13.316153f0, pred_counts = "172-142-160-37-244-25-125-32-30-33", w_norm = 1.5942436f0, b_norm = 0.13650768f0, w_input_norm = 5.0609756f0, grad_w_norm = 4.357042f0, grad_b_norm = 0.65008205f0, grad_w_input_norm = 4.246023f0, symmetry_error = 0.0f0, grad_symmetry_error = 0.0f0, best_accuracy = 0.502, best_path = "ext\\IsingLearning\\experiments\\MNIST\\baseline_new_nudge\\experiments\\current\\scout_grid_lowbeta_lowtemp_wd1e4_20260609\\b0p1_T0p00005_wd1e4_lr0p0015_e12_pc1280\\best_checkpoint.bin", final_path = "")
epoch 4 training
epoch 4 batch 1/100 samples 128/12800 elapsed 0.5s
epoch 4 batch 25/100 samples 3200/12800 elapsed 10.6s
epoch 4 batch 50/100 samples 6400/12800 elapsed 20.7s
epoch 4 batch 75/100 samples 9600/12800 elapsed 30.5s
epoch 4 batch 100/100 samples 12800/12800 elapsed 41.0s
epoch 4 training done in 40.968s
epoch 4 train-eval: evaluating 1000 samples
epoch 4 train accuracy 0.479 loss 13.462302
epoch 4 evaluating
epoch 4 test: evaluating 1000 samples
epoch 4 test accuracy 0.513 loss 12.955752 best 0.513
(timestamp = "2026-06-09T17:14:54", epoch = 4, seconds = 40.9676135, train_accuracy = 0.479, train_loss = 13.462302f0, test_accuracy = 0.513, test_loss = 12.955752f0, pred_counts = "128-141-182-37-209-35-160-34-37-37", w_norm = 1.7608685f0, b_norm = 0.14666359f0, w_input_norm = 5.47654f0, grad_w_norm = 3.5716438f0, grad_b_norm = 0.5731352f0, grad_w_input_norm = 2.89648f0, symmetry_error = 0.0f0, grad_symmetry_error = 0.0f0, best_accuracy = 0.513, best_path = "ext\\IsingLearning\\experiments\\MNIST\\baseline_new_nudge\\experiments\\current\\scout_grid_lowbeta_lowtemp_wd1e4_20260609\\b0p1_T0p00005_wd1e4_lr0p0015_e12_pc1280\\best_checkpoint.bin", final_path = "")
epoch 5 training
epoch 5 batch 1/100 samples 128/12800 elapsed 0.4s
epoch 5 batch 25/100 samples 3200/12800 elapsed 10.6s
epoch 5 batch 50/100 samples 6400/12800 elapsed 20.9s
epoch 5 batch 75/100 samples 9600/12800 elapsed 31.3s
epoch 5 batch 100/100 samples 12800/12800 elapsed 42.0s
epoch 5 training done in 42.037s
epoch 5 train-eval: evaluating 1000 samples
epoch 5 train accuracy 0.496 loss 13.021343
epoch 5 evaluating
epoch 5 test: evaluating 1000 samples
epoch 5 test accuracy 0.499 loss 12.753477 best 0.513
(timestamp = "2026-06-09T17:15:40", epoch = 5, seconds = 42.0368879, train_accuracy = 0.496, train_loss = 13.021343f0, test_accuracy = 0.499, test_loss = 12.753477f0, pred_counts = "143-149-147-43-237-34-149-27-32-39", w_norm = 1.8900777f0, b_norm = 0.16125892f0, w_input_norm = 5.8476734f0, grad_w_norm = 1.3916835f0, grad_b_norm = 0.2413615f0, grad_w_input_norm = 2.3391836f0, symmetry_error = 0.0f0, grad_symmetry_error = 0.0f0, best_accuracy = 0.513, best_path = "ext\\IsingLearning\\experiments\\MNIST\\baseline_new_nudge\\experiments\\current\\scout_grid_lowbeta_lowtemp_wd1e4_20260609\\b0p1_T0p00005_wd1e4_lr0p0015_e12_pc1280\\best_checkpoint.bin", final_path = "")
epoch 6 training
epoch 6 batch 1/100 samples 128/12800 elapsed 0.4s
epoch 6 batch 25/100 samples 3200/12800 elapsed 12.8s
epoch 6 batch 50/100 samples 6400/12800 elapsed 22.7s
epoch 6 batch 75/100 samples 9600/12800 elapsed 32.4s
epoch 6 batch 100/100 samples 12800/12800 elapsed 42.0s
epoch 6 training done in 41.967s
epoch 6 train-eval: evaluating 1000 samples
epoch 6 train accuracy 0.466 loss 14.747774
epoch 6 evaluating
epoch 6 test: evaluating 1000 samples
epoch 6 test accuracy 0.498 loss 14.235217 best 0.513
epoch 6 early stop: test accuracy declined for 2 consecutive evaluated epochs
(timestamp = "2026-06-09T17:16:25", epoch = 6, seconds = 41.966791, train_accuracy = 0.466, train_loss = 14.747774f0, test_accuracy = 0.498, test_loss = 14.235217f0, pred_counts = "178-147-186-16-270-27-107-25-22-22", w_norm = 2.0070262f0, b_norm = 0.16989776f0, w_input_norm = 6.2449903f0, grad_w_norm = 2.4803145f0, grad_b_norm = 0.33211577f0, grad_w_input_norm = 0.55861443f0, symmetry_error = 0.0f0, grad_symmetry_error = 0.0f0, best_accuracy = 0.513, best_path = "ext\\IsingLearning\\experiments\\MNIST\\baseline_new_nudge\\experiments\\current\\scout_grid_lowbeta_lowtemp_wd1e4_20260609\\b0p1_T0p00005_wd1e4_lr0p0015_e12_pc1280\\best_checkpoint.bin", final_path = "")
saved MNIST 784-120-40 softplus-margin nudge baseline in ext\IsingLearning\experiments\MNIST\baseline_new_nudge\experiments\current\scout_grid_lowbeta_lowtemp_wd1e4_20260609\b0p1_T0p00005_wd1e4_lr0p0015_e12_pc1280
