  Activating project at `~/Documents/GitHub/InteractiveIsing.jl/ext/IsingLearning`
┌ Warning: Overlapping GeneralState field names encountered during merge; later defaults will override earlier ones.
│   overlapping_fields =
│    2-element Vector{Symbol}:
│     :equilibrium_state
│     :x
└ @ IsingLearning.InteractiveIsing.Processes ~/Documents/GitHub/InteractiveIsing.jl/deps/Processes/src/Widgets/GeneralState.jl:54
┌ Warning: Overlapping GeneralState field names encountered during merge; later defaults will override earlier ones.
│   overlapping_fields =
│    3-element Vector{Symbol}:
│     :equilibrium_state
│     :y
│     :x
└ @ IsingLearning.InteractiveIsing.Processes ~/Documents/GitHub/InteractiveIsing.jl/deps/Processes/src/Widgets/GeneralState.jl:54
Running 2-input statistical XOR EP: (epochs = 2000, log_every = 100, minit = 16, eval_repeats = 64, hidden = 16, beta = 0.5, lr = 0.0002, weight_decay = 0.0, temp = 0.001, stepsize = 0.2, block_size = 8, free_relaxation = 80, nudged_relaxation = 80, state = :continuous, dynamics = :langevin, init_mode = :zero, training_rule = :ep, target_free_sign = :target_minus_free)
epoch=0 mse=1.00908 acc=0.5
    case=(false, false) input=[-1.0, -1.0] target=[1.0, -1.0] mean=[-0.0996, -0.0774] std=0.05215
    case=(false, true) input=[-1.0, 1.0] target=[-1.0, 1.0] mean=[-0.0856, -0.0852] std=0.04366
    case=(true, false) input=[1.0, -1.0] target=[-1.0, 1.0] mean=[-0.1005, -0.0698] std=0.04696
    case=(true, true) input=[1.0, 1.0] target=[1.0, -1.0] mean=[-0.0958, -0.0812] std=0.03955
epoch=1 mse=1.001356 acc=0.5 grad=0.53235 response=0.189901 delta=0.002417
epoch=100 mse=1.002123 acc=0.5 grad=0.423332 response=0.174073 delta=0.186923
epoch=200 mse=1.001709 acc=0.5 grad=0.33124 response=0.169071 delta=0.314237
epoch=300 mse=1.004945 acc=0.25 grad=0.283096 response=0.164537 delta=0.406463
epoch=400 mse=1.001257 acc=0.5 grad=0.246311 response=0.158994 delta=0.474188
epoch=500 mse=1.005775 acc=0.5 grad=0.219016 response=0.156051 delta=0.52459
epoch=600 mse=0.996647 acc=0.75 grad=0.166771 response=0.154697 delta=0.561475
epoch=700 mse=0.998906 acc=0.5 grad=0.151902 response=0.153776 delta=0.589887
epoch=800 mse=1.006973 acc=0.5 grad=0.142848 response=0.157566 delta=0.611343
epoch=900 mse=0.996922 acc=0.5 grad=0.141851 response=0.153632 delta=0.627695
epoch=1000 mse=0.99923 acc=0.75 grad=0.124786 response=0.156828 delta=0.637502
epoch=1100 mse=1.003631 acc=0.5 grad=0.120552 response=0.152232 delta=0.644697
epoch=1200 mse=1.001915 acc=0.25 grad=0.09092 response=0.150993 delta=0.652394
epoch=1300 mse=1.002206 acc=0.25 grad=0.082268 response=0.152775 delta=0.655247
epoch=1400 mse=0.99848 acc=0.75 grad=0.080614 response=0.152038 delta=0.657712
epoch=1500 mse=0.997291 acc=0.75 grad=0.075238 response=0.150346 delta=0.659237
epoch=1600 mse=1.0008 acc=0.5 grad=0.082934 response=0.149648 delta=0.660078
epoch=1700 mse=1.00145 acc=0.5 grad=0.059446 response=0.151912 delta=0.66134
epoch=1800 mse=1.007366 acc=0.25 grad=0.073583 response=0.15148 delta=0.66637
epoch=1900 mse=0.997848 acc=0.75 grad=0.067668 response=0.151739 delta=0.666887
epoch=2000 mse=1.000777 acc=0.5 grad=0.069624 response=0.15058 delta=0.667744
restored best mse=0.997121 acc=0.75
    case=(false, false) input=[-1.0, -1.0] target=[1.0, -1.0] mean=[-0.0263, -0.0139] std=0.04367
    case=(false, true) input=[-1.0, 1.0] target=[-1.0, 1.0] mean=[-0.0223, -0.0128] std=0.04543
    case=(true, false) input=[1.0, -1.0] target=[-1.0, 1.0] mean=[-0.0269, -0.0138] std=0.04073
    case=(true, true) input=[1.0, 1.0] target=[1.0, -1.0] mean=[-0.0185, -0.0215] std=0.0415
Saved CSV: ext/IsingLearning/runs/xor_2input_langevin_zero_control_20260510_023231/T001_s020_lr0002_b05/xor_statistical_ep_2input.csv
Saved plot: ext/IsingLearning/runs/xor_2input_langevin_zero_control_20260510_023231/T001_s020_lr0002_b05/xor_statistical_ep_2input.png
Saved graph: ext/IsingLearning/runs/xor_2input_langevin_zero_control_20260510_023231/T001_s020_lr0002_b05/xor_statistical_ep_2input_trained_graph.jld2
