  Activating project at `C:\Users\fenje\dev\InteractiveIsing.jl\ext\IsingLearning`
┌ Warning: this run uses a subsampled balanced training split, so it is not the full balanced MNIST baseline
│   train_per_class = 1280
└ @ Main C:\Users\fenje\dev\InteractiveIsing.jl\ext\IsingLearning\experiments\MNIST\baseline_new_nudge\mnist_784_120_40_softplus_margin_nudge_adam.jl:1529
┌ Warning: this run uses a subsampled balanced test split, so reported accuracy will be noisy
│   test_per_class = 100
└ @ Main C:\Users\fenje\dev\InteractiveIsing.jl\ext\IsingLearning\experiments\MNIST\baseline_new_nudge\mnist_784_120_40_softplus_margin_nudge_adam.jl:1530

epoch 1   2%|█                                          |  ETA: 0:05:53[K
     batch: 2/100[K
   samples: 256/12800[K
[A
[A


[K[A
[K[A
epoch 1   9%|████                                       |  ETA: 0:01:38[K
     batch: 9/100[K
   samples: 1152/12800[K
[A
[A


[K[A
[K[A
epoch 1  12%|██████                                     |  ETA: 0:01:19[K
     batch: 12/100[K
   samples: 1536/12800[K
[A
[A


[K[A
[K[A
epoch 1  15%|███████                                    |  ETA: 0:01:07[K
     batch: 15/100[K
   samples: 1920/12800[K
[A
[A


[K[A
[K[A
epoch 1  18%|████████                                   |  ETA: 0:00:58[K
     batch: 18/100[K
   samples: 2304/12800[K
[A
[A


[K[A
[K[A
epoch 1  21%|██████████                                 |  ETA: 0:00:52[K
     batch: 21/100[K
   samples: 2688/12800[K
[A
[A


[K[A
[K[A
epoch 1  24%|███████████                                |  ETA: 0:00:47[K
     batch: 24/100[K
   samples: 3072/12800[K
[A
[A


[K[A
[K[A
epoch 1  27%|████████████                               |  ETA: 0:00:43[K
     batch: 27/100[K
   samples: 3456/12800[K
[A
[A


[K[A
[K[A
epoch 1  30%|█████████████                              |  ETA: 0:00:39[K
     batch: 30/100[K
   samples: 3840/12800[K
[A
[A


[K[A
[K[A
epoch 1  34%|███████████████                            |  ETA: 0:00:35[K
     batch: 34/100[K
   samples: 4352/12800[K
[A
[A


[K[A
[K[A
epoch 1  38%|█████████████████                          |  ETA: 0:00:32[K
     batch: 38/100[K
   samples: 4864/12800[K
[A
[A


[K[A
[K[A
epoch 1  42%|███████████████████                        |  ETA: 0:00:29[K
     batch: 42/100[K
   samples: 5376/12800[K
[A
[A


[K[A
[K[A
epoch 1  46%|████████████████████                       |  ETA: 0:00:26[K
     batch: 46/100[K
   samples: 5888/12800[K
[A
[A


[K[A
[K[A
epoch 1  50%|██████████████████████                     |  ETA: 0:00:23[K
     batch: 50/100[K
   samples: 6400/12800[K
[A
[A


[K[A
[K[A
epoch 1  53%|███████████████████████                    |  ETA: 0:00:22[K
     batch: 53/100[K
   samples: 6784/12800[K
[A
[A


[K[A
[K[A
epoch 1  56%|█████████████████████████                  |  ETA: 0:00:20[K
     batch: 56/100[K
   samples: 7168/12800[K
[A
[A


[K[A
[K[A
epoch 1  59%|██████████████████████████                 |  ETA: 0:00:19[K
     batch: 59/100[K
   samples: 7552/12800[K
[A
[A


[K[A
[K[A
epoch 1  62%|███████████████████████████                |  ETA: 0:00:17[K
     batch: 62/100[K
   samples: 7936/12800[K
[A
[A


[K[A
[K[A
epoch 1  65%|████████████████████████████               |  ETA: 0:00:16[K
     batch: 65/100[K
   samples: 8320/12800[K
[A
[A


[K[A
[K[A
epoch 1  68%|██████████████████████████████             |  ETA: 0:00:14[K
     batch: 68/100[K
   samples: 8704/12800[K
[A
[A


[K[A
[K[A
epoch 1  71%|███████████████████████████████            |  ETA: 0:00:13[K
     batch: 71/100[K
   samples: 9088/12800[K
[A
[A


[K[A
[K[A
epoch 1  74%|████████████████████████████████           |  ETA: 0:00:11[K
     batch: 74/100[K
   samples: 9472/12800[K
[A
[A


[K[A
[K[A
epoch 1  77%|██████████████████████████████████         |  ETA: 0:00:10[K
     batch: 77/100[K
   samples: 9856/12800[K
[A
[A


[K[A
[K[A
epoch 1  80%|███████████████████████████████████        |  ETA: 0:00:09[K
     batch: 80/100[K
   samples: 10240/12800[K
[A
[A


[K[A
[K[A
epoch 1  83%|████████████████████████████████████       |  ETA: 0:00:07[K
     batch: 83/100[K
   samples: 10624/12800[K
[A
[A


[K[A
[K[A
epoch 1  86%|█████████████████████████████████████      |  ETA: 0:00:06[K
     batch: 86/100[K
   samples: 11008/12800[K
[A
[A


[K[A
[K[A
epoch 1  89%|███████████████████████████████████████    |  ETA: 0:00:05[K
     batch: 89/100[K
   samples: 11392/12800[K
[A
[A


[K[A
[K[A
epoch 1  92%|████████████████████████████████████████   |  ETA: 0:00:03[K
     batch: 92/100[K
   samples: 11776/12800[K
[A
[A


[K[A
[K[A
epoch 1  95%|█████████████████████████████████████████  |  ETA: 0:00:02[K
     batch: 95/100[K
   samples: 12160/12800[K
[A
[A


[K[A
[K[A
epoch 1  98%|███████████████████████████████████████████|  ETA: 0:00:01[K
     batch: 98/100[K
   samples: 12544/12800[K
[A
[A


[K[A
[K[A
epoch 1 100%|███████████████████████████████████████████| Time: 0:00:42[K
     batch: 100/100[K
   samples: 12800/12800[K

epoch 2   3%|██                                         |  ETA: 0:00:37[K
     batch: 3/100[K
   samples: 384/12800[K
[A
[A


[K[A
[K[A
epoch 2   6%|███                                        |  ETA: 0:00:37[K
     batch: 6/100[K
   samples: 768/12800[K
[A
[A


[K[A
[K[A
epoch 2   9%|████                                       |  ETA: 0:00:35[K
     batch: 9/100[K
   samples: 1152/12800[K
[A
[A


[K[A
[K[A
epoch 2  12%|██████                                     |  ETA: 0:00:35[K
     batch: 12/100[K
   samples: 1536/12800[K
[A
[A


[K[A
[K[A
epoch 2  15%|███████                                    |  ETA: 0:00:33[K
     batch: 15/100[K
   samples: 1920/12800[K
[A
[A


[K[A
[K[A
epoch 2  18%|████████                                   |  ETA: 0:00:32[K
     batch: 18/100[K
   samples: 2304/12800[K
[A
[A


[K[A
[K[A
epoch 2  21%|██████████                                 |  ETA: 0:00:31[K
     batch: 21/100[K
   samples: 2688/12800[K
[A
[A


[K[A
[K[A
epoch 2  24%|███████████                                |  ETA: 0:00:30[K
     batch: 24/100[K
   samples: 3072/12800[K
[A
[A


[K[A
[K[A
epoch 2  27%|████████████                               |  ETA: 0:00:28[K
     batch: 27/100[K
   samples: 3456/12800[K
[A
[A


[K[A
[K[A
epoch 2  30%|█████████████                              |  ETA: 0:00:27[K
     batch: 30/100[K
   samples: 3840/12800[K
[A
[A


[K[A
[K[A
epoch 2  33%|███████████████                            |  ETA: 0:00:26[K
     batch: 33/100[K
   samples: 4224/12800[K
[A
[A


[K[A
[K[A
epoch 2  36%|████████████████                           |  ETA: 0:00:25[K
     batch: 36/100[K
   samples: 4608/12800[K
[A
[A


[K[A
[K[A
epoch 2  39%|█████████████████                          |  ETA: 0:00:24[K
     batch: 39/100[K
   samples: 4992/12800[K
[A
[A


[K[A
[K[A
epoch 2  42%|███████████████████                        |  ETA: 0:00:23[K
     batch: 42/100[K
   samples: 5376/12800[K
[A
[A


[K[A
[K[A
epoch 2  45%|████████████████████                       |  ETA: 0:00:21[K
     batch: 45/100[K
   samples: 5760/12800[K
[A
[A


[K[A
[K[A
epoch 2  48%|█████████████████████                      |  ETA: 0:00:20[K
     batch: 48/100[K
   samples: 6144/12800[K
[A
[A


[K[A
[K[A
epoch 2  51%|██████████████████████                     |  ETA: 0:00:19[K
     batch: 51/100[K
   samples: 6528/12800[K
[A
[A


[K[A
[K[A
epoch 2  54%|████████████████████████                   |  ETA: 0:00:18[K
     batch: 54/100[K
   samples: 6912/12800[K
[A
[A


[K[A
[K[A
epoch 2  57%|█████████████████████████                  |  ETA: 0:00:17[K
     batch: 57/100[K
   samples: 7296/12800[K
[A
[A


[K[A
[K[A
epoch 2  60%|██████████████████████████                 |  ETA: 0:00:16[K
     batch: 60/100[K
   samples: 7680/12800[K
[A
[A


[K[A
[K[A
epoch 2  63%|████████████████████████████               |  ETA: 0:00:14[K
     batch: 63/100[K
   samples: 8064/12800[K
[A
[A


[K[A
[K[A
epoch 2  66%|█████████████████████████████              |  ETA: 0:00:13[K
     batch: 66/100[K
   samples: 8448/12800[K
[A
[A


[K[A
[K[A
epoch 2  69%|██████████████████████████████             |  ETA: 0:00:12[K
     batch: 69/100[K
   samples: 8832/12800[K
[A
[A


[K[A
[K[A
epoch 2  72%|███████████████████████████████            |  ETA: 0:00:11[K
     batch: 72/100[K
   samples: 9216/12800[K
[A
[A


[K[A
[K[A
epoch 2  75%|█████████████████████████████████          |  ETA: 0:00:10[K
     batch: 75/100[K
   samples: 9600/12800[K
[A
[A


[K[A
[K[A
epoch 2  78%|██████████████████████████████████         |  ETA: 0:00:08[K
     batch: 78/100[K
   samples: 9984/12800[K
[A
[A


[K[A
[K[A
epoch 2  81%|███████████████████████████████████        |  ETA: 0:00:07[K
     batch: 81/100[K
   samples: 10368/12800[K
[A
[A


[K[A
[K[A
epoch 2  84%|█████████████████████████████████████      |  ETA: 0:00:06[K
     batch: 84/100[K
   samples: 10752/12800[K
[A
[A


[K[A
[K[A
epoch 2  87%|██████████████████████████████████████     |  ETA: 0:00:05[K
     batch: 87/100[K
   samples: 11136/12800[K
[A
[A


[K[A
[K[A
epoch 2  90%|███████████████████████████████████████    |  ETA: 0:00:04[K
     batch: 90/100[K
   samples: 11520/12800[K
[A
[A


[K[A
[K[A
epoch 2  93%|████████████████████████████████████████   |  ETA: 0:00:03[K
     batch: 93/100[K
   samples: 11904/12800[K
[A
[A


[K[A
[K[A
epoch 2  96%|██████████████████████████████████████████ |  ETA: 0:00:02[K
     batch: 96/100[K
   samples: 12288/12800[K
[A
[A


[K[A
[K[A
epoch 2  99%|███████████████████████████████████████████|  ETA: 0:00:00[K
     batch: 99/100[K
   samples: 12672/12800[K
[A
[A


[K[A
[K[A
epoch 2 100%|███████████████████████████████████████████| Time: 0:00:38[K
     batch: 100/100[K
   samples: 12800/12800[K

epoch 3   3%|██                                         |  ETA: 0:00:35[K
     batch: 3/100[K
   samples: 384/12800[K
[A
[A


[K[A
[K[A
epoch 3   6%|███                                        |  ETA: 0:00:34[K
     batch: 6/100[K
   samples: 768/12800[K
[A
[A


[K[A
[K[A
epoch 3   9%|████                                       |  ETA: 0:00:35[K
     batch: 9/100[K
   samples: 1152/12800[K
[A
[A


[K[A
[K[A
epoch 3  12%|██████                                     |  ETA: 0:00:34[K
     batch: 12/100[K
   samples: 1536/12800[K
[A
[A


[K[A
[K[A
epoch 3  15%|███████                                    |  ETA: 0:00:33[K
     batch: 15/100[K
   samples: 1920/12800[K
[A
[A


[K[A
[K[A
epoch 3  18%|████████                                   |  ETA: 0:00:32[K
     batch: 18/100[K
   samples: 2304/12800[K
[A
[A


[K[A
[K[A
epoch 3  21%|██████████                                 |  ETA: 0:00:31[K
     batch: 21/100[K
   samples: 2688/12800[K
[A
[A


[K[A
[K[A
epoch 3  24%|███████████                                |  ETA: 0:00:30[K
     batch: 24/100[K
   samples: 3072/12800[K
[A
[A


[K[A
[K[A
epoch 3  27%|████████████                               |  ETA: 0:00:29[K
     batch: 27/100[K
   samples: 3456/12800[K
[A
[A


[K[A
[K[A
epoch 3  30%|█████████████                              |  ETA: 0:00:27[K
     batch: 30/100[K
   samples: 3840/12800[K
[A
[A


[K[A
[K[A
epoch 3  33%|███████████████                            |  ETA: 0:00:26[K
     batch: 33/100[K
   samples: 4224/12800[K
[A
[A


[K[A
[K[A
epoch 3  36%|████████████████                           |  ETA: 0:00:25[K
     batch: 36/100[K
   samples: 4608/12800[K
[A
[A


[K[A
[K[A
epoch 3  39%|█████████████████                          |  ETA: 0:00:24[K
     batch: 39/100[K
   samples: 4992/12800[K
[A
[A


[K[A
[K[A
epoch 3  42%|███████████████████                        |  ETA: 0:00:23[K
     batch: 42/100[K
   samples: 5376/12800[K
[A
[A


[K[A
[K[A
epoch 3  45%|████████████████████                       |  ETA: 0:00:22[K
     batch: 45/100[K
   samples: 5760/12800[K
[A
[A


[K[A
[K[A
epoch 3  48%|█████████████████████                      |  ETA: 0:00:21[K
     batch: 48/100[K
   samples: 6144/12800[K
[A
[A


[K[A
[K[A
epoch 3  51%|██████████████████████                     |  ETA: 0:00:19[K
     batch: 51/100[K
   samples: 6528/12800[K
[A
[A


[K[A
[K[A
epoch 3  54%|████████████████████████                   |  ETA: 0:00:18[K
     batch: 54/100[K
   samples: 6912/12800[K
[A
[A


[K[A
[K[A
epoch 3  57%|█████████████████████████                  |  ETA: 0:00:17[K
     batch: 57/100[K
   samples: 7296/12800[K
[A
[A


[K[A
[K[A
epoch 3  60%|██████████████████████████                 |  ETA: 0:00:16[K
     batch: 60/100[K
   samples: 7680/12800[K
[A
[A


[K[A
[K[A
epoch 3  63%|████████████████████████████               |  ETA: 0:00:15[K
     batch: 63/100[K
   samples: 8064/12800[K
[A
[A


[K[A
[K[A
epoch 3  66%|█████████████████████████████              |  ETA: 0:00:14[K
     batch: 66/100[K
   samples: 8448/12800[K
[A
[A


[K[A
[K[A
epoch 3  69%|██████████████████████████████             |  ETA: 0:00:12[K
     batch: 69/100[K
   samples: 8832/12800[K
[A
[A


[K[A
[K[A
epoch 3  72%|███████████████████████████████            |  ETA: 0:00:11[K
     batch: 72/100[K
   samples: 9216/12800[K
[A
[A


[K[A
[K[A
epoch 3  75%|█████████████████████████████████          |  ETA: 0:00:10[K
     batch: 75/100[K
   samples: 9600/12800[K
[A
[A


[K[A
[K[A
epoch 3  78%|██████████████████████████████████         |  ETA: 0:00:09[K
     batch: 78/100[K
   samples: 9984/12800[K
[A
[A


[K[A
[K[A
epoch 3  81%|███████████████████████████████████        |  ETA: 0:00:08[K
     batch: 81/100[K
   samples: 10368/12800[K
[A
[A


[K[A
[K[A
epoch 3  84%|█████████████████████████████████████      |  ETA: 0:00:06[K
     batch: 84/100[K
   samples: 10752/12800[K
[A
[A


[K[A
[K[A
epoch 3  87%|██████████████████████████████████████     |  ETA: 0:00:05[K
     batch: 87/100[K
   samples: 11136/12800[K
[A
[A


[K[A
[K[A
epoch 3  90%|███████████████████████████████████████    |  ETA: 0:00:04[K
     batch: 90/100[K
   samples: 11520/12800[K
[A
[A


[K[A
[K[A
epoch 3  93%|████████████████████████████████████████   |  ETA: 0:00:03[K
     batch: 93/100[K
   samples: 11904/12800[K
[A
[A


[K[A
[K[A
epoch 3  96%|██████████████████████████████████████████ |  ETA: 0:00:02[K
     batch: 96/100[K
   samples: 12288/12800[K
[A
[A


[K[A
[K[A
epoch 3  99%|███████████████████████████████████████████|  ETA: 0:00:00[K
     batch: 99/100[K
   samples: 12672/12800[K
[A
[A


[K[A
[K[A
epoch 3 100%|███████████████████████████████████████████| Time: 0:00:39[K
     batch: 100/100[K
   samples: 12800/12800[K

epoch 4   3%|██                                         |  ETA: 0:00:37[K
     batch: 3/100[K
   samples: 384/12800[K
[A
[A


[K[A
[K[A
epoch 4   6%|███                                        |  ETA: 0:00:36[K
     batch: 6/100[K
   samples: 768/12800[K
[A
[A


[K[A
[K[A
epoch 4   9%|████                                       |  ETA: 0:00:35[K
     batch: 9/100[K
   samples: 1152/12800[K
[A
[A


[K[A
[K[A
epoch 4  12%|██████                                     |  ETA: 0:00:34[K
     batch: 12/100[K
   samples: 1536/12800[K
[A
[A


[K[A
[K[A
epoch 4  15%|███████                                    |  ETA: 0:00:32[K
     batch: 15/100[K
   samples: 1920/12800[K
[A
[A


[K[A
[K[A
epoch 4  18%|████████                                   |  ETA: 0:00:31[K
     batch: 18/100[K
   samples: 2304/12800[K
[A
[A


[K[A
[K[A
epoch 4  21%|██████████                                 |  ETA: 0:00:30[K
     batch: 21/100[K
   samples: 2688/12800[K
[A
[A


[K[A
[K[A
epoch 4  24%|███████████                                |  ETA: 0:00:29[K
     batch: 24/100[K
   samples: 3072/12800[K
[A
[A


[K[A
[K[A
epoch 4  27%|████████████                               |  ETA: 0:00:28[K
     batch: 27/100[K
   samples: 3456/12800[K
[A
[A


[K[A
[K[A
epoch 4  30%|█████████████                              |  ETA: 0:00:27[K
     batch: 30/100[K
   samples: 3840/12800[K
[A
[A


[K[A
[K[A
epoch 4  33%|███████████████                            |  ETA: 0:00:26[K
     batch: 33/100[K
   samples: 4224/12800[K
[A
[A


[K[A
[K[A
epoch 4  36%|████████████████                           |  ETA: 0:00:25[K
     batch: 36/100[K
   samples: 4608/12800[K
[A
[A


[K[A
[K[A
epoch 4  39%|█████████████████                          |  ETA: 0:00:24[K
     batch: 39/100[K
   samples: 4992/12800[K
[A
[A


[K[A
[K[A
epoch 4  42%|███████████████████                        |  ETA: 0:00:22[K
     batch: 42/100[K
   samples: 5376/12800[K
[A
[A


[K[A
[K[A
epoch 4  45%|████████████████████                       |  ETA: 0:00:21[K
     batch: 45/100[K
   samples: 5760/12800[K
[A
[A


[K[A
[K[A
epoch 4  48%|█████████████████████                      |  ETA: 0:00:20[K
     batch: 48/100[K
   samples: 6144/12800[K
[A
[A


[K[A
[K[A
epoch 4  51%|██████████████████████                     |  ETA: 0:00:19[K
     batch: 51/100[K
   samples: 6528/12800[K
[A
[A


[K[A
[K[A
epoch 4  54%|████████████████████████                   |  ETA: 0:00:18[K
     batch: 54/100[K
   samples: 6912/12800[K
[A
[A


[K[A
[K[A
epoch 4  57%|█████████████████████████                  |  ETA: 0:00:17[K
     batch: 57/100[K
   samples: 7296/12800[K
[A
[A


[K[A
[K[A
epoch 4  60%|██████████████████████████                 |  ETA: 0:00:15[K
     batch: 60/100[K
   samples: 7680/12800[K
[A
[A


[K[A
[K[A
epoch 4  63%|████████████████████████████               |  ETA: 0:00:14[K
     batch: 63/100[K
   samples: 8064/12800[K
[A
[A


[K[A
[K[A
epoch 4  66%|█████████████████████████████              |  ETA: 0:00:13[K
     batch: 66/100[K
   samples: 8448/12800[K
[A
[A


[K[A
[K[A
epoch 4  69%|██████████████████████████████             |  ETA: 0:00:12[K
     batch: 69/100[K
   samples: 8832/12800[K
[A
[A


[K[A
[K[A
epoch 4  72%|███████████████████████████████            |  ETA: 0:00:11[K
     batch: 72/100[K
   samples: 9216/12800[K
[A
[A


[K[A
[K[A
epoch 4  75%|█████████████████████████████████          |  ETA: 0:00:10[K
     batch: 75/100[K
   samples: 9600/12800[K
[A
[A


[K[A
[K[A
epoch 4  78%|██████████████████████████████████         |  ETA: 0:00:08[K
     batch: 78/100[K
   samples: 9984/12800[K
[A
[A


[K[A
[K[A
epoch 4  81%|███████████████████████████████████        |  ETA: 0:00:07[K
     batch: 81/100[K
   samples: 10368/12800[K
[A
[A


[K[A
[K[A
epoch 4  84%|█████████████████████████████████████      |  ETA: 0:00:06[K
     batch: 84/100[K
   samples: 10752/12800[K
[A
[A


[K[A
[K[A
epoch 4  87%|██████████████████████████████████████     |  ETA: 0:00:05[K
     batch: 87/100[K
   samples: 11136/12800[K
[A
[A


[K[A
[K[A
epoch 4  90%|███████████████████████████████████████    |  ETA: 0:00:04[K
     batch: 90/100[K
   samples: 11520/12800[K
[A
[A


[K[A
[K[A
epoch 4  93%|████████████████████████████████████████   |  ETA: 0:00:03[K
     batch: 93/100[K
   samples: 11904/12800[K
[A
[A


[K[A
[K[A
epoch 4  96%|██████████████████████████████████████████ |  ETA: 0:00:02[K
     batch: 96/100[K
   samples: 12288/12800[K
[A
[A


[K[A
[K[A
epoch 4  99%|███████████████████████████████████████████|  ETA: 0:00:00[K
     batch: 99/100[K
   samples: 12672/12800[K
[A
[A


[K[A
[K[A
epoch 4 100%|███████████████████████████████████████████| Time: 0:00:38[K
     batch: 100/100[K
   samples: 12800/12800[K
[bootstrap] activated project
[bootstrap] loaded packages
building MNIST 784-120-40 layer
loading training split
training samples: 12800 (100 batches/epoch)
loading train-eval split
train-eval samples: 1000
loading test split
test samples: 1000
constructing 32-worker softplus-margin nudge Adam manager
constructing 32-worker validation manager
starting epochs
epoch 0 train-eval: evaluating 1000 samples
epoch 0 train accuracy 0.059 loss 74.917603
epoch 0 evaluating
epoch 0 test: evaluating 1000 samples
epoch 0 test accuracy 0.068 loss 74.431839 best 0.068
(timestamp = "2026-06-09T17:35:53", epoch = 0, seconds = 0.0, train_accuracy = 0.059, train_loss = 74.9176f0, test_accuracy = 0.068, test_loss = 74.43184f0, pred_counts = "43-167-77-80-91-57-81-234-77-93", w_norm = 0.48583895f0, b_norm = 0.0f0, w_input_norm = 1.5314544f0, grad_w_norm = 0.0f0, grad_b_norm = 0.0f0, grad_w_input_norm = 0.0f0, effective_w_decay = 0.001f0, effective_w_input_decay = 0.001f0, symmetry_error = 0.0f0, grad_symmetry_error = 0.0f0, best_accuracy = 0.068, best_path = "ext\\IsingLearning\\experiments\\MNIST\\baseline_new_nudge\\experiments\\current\\focus_grid_weight_decay_20260609\\b0p1_T0p00005_wd0p001_adaptivefalse\\best_checkpoint.bin", final_path = "")
epoch 1 training
epoch 1 batch 1/100 samples 128/12800 elapsed 6.9s
epoch 1 batch 25/100 samples 3200/12800 elapsed 15.1s
epoch 1 batch 50/100 samples 6400/12800 elapsed 23.5s
epoch 1 batch 75/100 samples 9600/12800 elapsed 32.9s
epoch 1 batch 100/100 samples 12800/12800 elapsed 42.4s
epoch 1 training done in 42.387s
epoch 1 train-eval: evaluating 1000 samples
epoch 1 train accuracy 0.48 loss 13.797121
epoch 1 evaluating
epoch 1 test: evaluating 1000 samples
epoch 1 test accuracy 0.489 loss 13.451867 best 0.489
(timestamp = "2026-06-09T17:36:40", epoch = 1, seconds = 42.3867106, train_accuracy = 0.48, train_loss = 13.797121f0, test_accuracy = 0.489, test_loss = 13.451867f0, pred_counts = "153-162-100-36-251-32-154-32-21-59", w_norm = 1.2869251f0, b_norm = 0.10892782f0, w_input_norm = 3.3133855f0, grad_w_norm = 3.902589f0, grad_b_norm = 0.6496021f0, grad_w_input_norm = 5.1287074f0, effective_w_decay = 0.001f0, effective_w_input_decay = 0.001f0, symmetry_error = 0.0f0, grad_symmetry_error = 0.0f0, best_accuracy = 0.489, best_path = "ext\\IsingLearning\\experiments\\MNIST\\baseline_new_nudge\\experiments\\current\\focus_grid_weight_decay_20260609\\b0p1_T0p00005_wd0p001_adaptivefalse\\best_checkpoint.bin", final_path = "")
epoch 2 training
epoch 2 batch 1/100 samples 128/12800 elapsed 0.4s
epoch 2 batch 25/100 samples 3200/12800 elapsed 9.7s
epoch 2 batch 50/100 samples 6400/12800 elapsed 19.5s
epoch 2 batch 75/100 samples 9600/12800 elapsed 29.0s
epoch 2 batch 100/100 samples 12800/12800 elapsed 38.3s
epoch 2 training done in 38.342s
epoch 2 train-eval: evaluating 1000 samples
epoch 2 train accuracy 0.544 loss 16.688635
epoch 2 evaluating
epoch 2 test: evaluating 1000 samples
epoch 2 test accuracy 0.558 loss 16.317978 best 0.558
(timestamp = "2026-06-09T17:37:21", epoch = 2, seconds = 38.3415133, train_accuracy = 0.544, train_loss = 16.688635f0, test_accuracy = 0.558, test_loss = 16.317978f0, pred_counts = "115-113-107-312-245-0-104-0-0-4", w_norm = 1.4887995f0, b_norm = 0.11286114f0, w_input_norm = 3.8057694f0, grad_w_norm = 5.9005632f0, grad_b_norm = 0.95598453f0, grad_w_input_norm = 5.1945314f0, effective_w_decay = 0.001f0, effective_w_input_decay = 0.001f0, symmetry_error = 0.0f0, grad_symmetry_error = 0.0f0, best_accuracy = 0.558, best_path = "ext\\IsingLearning\\experiments\\MNIST\\baseline_new_nudge\\experiments\\current\\focus_grid_weight_decay_20260609\\b0p1_T0p00005_wd0p001_adaptivefalse\\best_checkpoint.bin", final_path = "")
epoch 3 training
epoch 3 batch 1/100 samples 128/12800 elapsed 0.4s
epoch 3 batch 25/100 samples 3200/12800 elapsed 9.8s
epoch 3 batch 50/100 samples 6400/12800 elapsed 19.8s
epoch 3 batch 75/100 samples 9600/12800 elapsed 29.8s
epoch 3 batch 100/100 samples 12800/12800 elapsed 39.6s
epoch 3 training done in 39.648s
epoch 3 train-eval: evaluating 1000 samples
epoch 3 train accuracy 0.527 loss 17.259497
epoch 3 evaluating
epoch 3 test: evaluating 1000 samples
epoch 3 test accuracy 0.545 loss 16.885511 best 0.558
(timestamp = "2026-06-09T17:38:05", epoch = 3, seconds = 39.6480866, train_accuracy = 0.527, train_loss = 17.259497f0, test_accuracy = 0.545, test_loss = 16.885511f0, pred_counts = "105-101-90-293-294-0-97-0-0-20", w_norm = 1.6634346f0, b_norm = 0.122043535f0, w_input_norm = 4.081367f0, grad_w_norm = 3.591532f0, grad_b_norm = 0.6629941f0, grad_w_input_norm = 4.8628087f0, effective_w_decay = 0.001f0, effective_w_input_decay = 0.001f0, symmetry_error = 0.0f0, grad_symmetry_error = 0.0f0, best_accuracy = 0.558, best_path = "ext\\IsingLearning\\experiments\\MNIST\\baseline_new_nudge\\experiments\\current\\focus_grid_weight_decay_20260609\\b0p1_T0p00005_wd0p001_adaptivefalse\\best_checkpoint.bin", final_path = "")
epoch 4 training
epoch 4 batch 1/100 samples 128/12800 elapsed 0.4s
epoch 4 batch 25/100 samples 3200/12800 elapsed 9.5s
epoch 4 batch 50/100 samples 6400/12800 elapsed 19.3s
epoch 4 batch 75/100 samples 9600/12800 elapsed 28.7s
epoch 4 batch 100/100 samples 12800/12800 elapsed 38.2s
epoch 4 training done in 38.231s
epoch 4 train-eval: evaluating 1000 samples
epoch 4 train accuracy 0.511 loss 18.456619
epoch 4 evaluating
epoch 4 test: evaluating 1000 samples
epoch 4 test accuracy 0.521 loss 18.097399 best 0.558
epoch 4 early stop: test accuracy declined for 2 consecutive evaluated epochs
(timestamp = "2026-06-09T17:38:46", epoch = 4, seconds = 38.2307043, train_accuracy = 0.511, train_loss = 18.45662f0, test_accuracy = 0.521, test_loss = 18.097399f0, pred_counts = "117-198-68-222-307-0-88-0-0-0", w_norm = 1.8182211f0, b_norm = 0.13071905f0, w_input_norm = 4.35347f0, grad_w_norm = 3.4891343f0, grad_b_norm = 0.62026966f0, grad_w_input_norm = 5.485764f0, effective_w_decay = 0.001f0, effective_w_input_decay = 0.001f0, symmetry_error = 0.0f0, grad_symmetry_error = 0.0f0, best_accuracy = 0.558, best_path = "ext\\IsingLearning\\experiments\\MNIST\\baseline_new_nudge\\experiments\\current\\focus_grid_weight_decay_20260609\\b0p1_T0p00005_wd0p001_adaptivefalse\\best_checkpoint.bin", final_path = "")
saved MNIST 784-120-40 softplus-margin nudge baseline in ext\IsingLearning\experiments\MNIST\baseline_new_nudge\experiments\current\focus_grid_weight_decay_20260609\b0p1_T0p00005_wd0p001_adaptivefalse
