[bootstrap] activated project
[bootstrap] loaded packages
building MNIST 784-120-40 layer
loading training split
training samples: 12800 (100 batches/epoch)
loading train-eval split
train-eval samples: 1000
loading test split
test samples: 1000
constructing 32-worker softplus-margin nudge Adam manager
constructing 32-worker validation manager
starting epochs
epoch 0 train-eval: evaluating 1000 samples
epoch 0 train accuracy 0.059 loss 74.917603
epoch 0 evaluating
epoch 0 test: evaluating 1000 samples
epoch 0 test accuracy 0.068 loss 74.431839 best 0.068
(timestamp = "2026-06-09T17:35:53", epoch = 0, seconds = 0.0, train_accuracy = 0.059, train_loss = 74.9176f0, test_accuracy = 0.068, test_loss = 74.43184f0, pred_counts = "43-167-77-80-91-57-81-234-77-93", w_norm = 0.48583895f0, b_norm = 0.0f0, w_input_norm = 1.5314544f0, grad_w_norm = 0.0f0, grad_b_norm = 0.0f0, grad_w_input_norm = 0.0f0, effective_w_decay = 0.001f0, effective_w_input_decay = 0.001f0, symmetry_error = 0.0f0, grad_symmetry_error = 0.0f0, best_accuracy = 0.068, best_path = "ext\\IsingLearning\\experiments\\MNIST\\baseline_new_nudge\\experiments\\current\\focus_grid_weight_decay_20260609\\b0p1_T0p00005_wd0p001_adaptivefalse\\best_checkpoint.bin", final_path = "")
epoch 1 training
epoch 1 batch 1/100 samples 128/12800 elapsed 6.9s
epoch 1 batch 25/100 samples 3200/12800 elapsed 15.1s
epoch 1 batch 50/100 samples 6400/12800 elapsed 23.5s
epoch 1 batch 75/100 samples 9600/12800 elapsed 32.9s
epoch 1 batch 100/100 samples 12800/12800 elapsed 42.4s
epoch 1 training done in 42.387s
epoch 1 train-eval: evaluating 1000 samples
epoch 1 train accuracy 0.48 loss 13.797121
epoch 1 evaluating
epoch 1 test: evaluating 1000 samples
epoch 1 test accuracy 0.489 loss 13.451867 best 0.489
(timestamp = "2026-06-09T17:36:40", epoch = 1, seconds = 42.3867106, train_accuracy = 0.48, train_loss = 13.797121f0, test_accuracy = 0.489, test_loss = 13.451867f0, pred_counts = "153-162-100-36-251-32-154-32-21-59", w_norm = 1.2869251f0, b_norm = 0.10892782f0, w_input_norm = 3.3133855f0, grad_w_norm = 3.902589f0, grad_b_norm = 0.6496021f0, grad_w_input_norm = 5.1287074f0, effective_w_decay = 0.001f0, effective_w_input_decay = 0.001f0, symmetry_error = 0.0f0, grad_symmetry_error = 0.0f0, best_accuracy = 0.489, best_path = "ext\\IsingLearning\\experiments\\MNIST\\baseline_new_nudge\\experiments\\current\\focus_grid_weight_decay_20260609\\b0p1_T0p00005_wd0p001_adaptivefalse\\best_checkpoint.bin", final_path = "")
epoch 2 training
epoch 2 batch 1/100 samples 128/12800 elapsed 0.4s
epoch 2 batch 25/100 samples 3200/12800 elapsed 9.7s
epoch 2 batch 50/100 samples 6400/12800 elapsed 19.5s
epoch 2 batch 75/100 samples 9600/12800 elapsed 29.0s
epoch 2 batch 100/100 samples 12800/12800 elapsed 38.3s
epoch 2 training done in 38.342s
epoch 2 train-eval: evaluating 1000 samples
epoch 2 train accuracy 0.544 loss 16.688635
epoch 2 evaluating
epoch 2 test: evaluating 1000 samples
epoch 2 test accuracy 0.558 loss 16.317978 best 0.558
(timestamp = "2026-06-09T17:37:21", epoch = 2, seconds = 38.3415133, train_accuracy = 0.544, train_loss = 16.688635f0, test_accuracy = 0.558, test_loss = 16.317978f0, pred_counts = "115-113-107-312-245-0-104-0-0-4", w_norm = 1.4887995f0, b_norm = 0.11286114f0, w_input_norm = 3.8057694f0, grad_w_norm = 5.9005632f0, grad_b_norm = 0.95598453f0, grad_w_input_norm = 5.1945314f0, effective_w_decay = 0.001f0, effective_w_input_decay = 0.001f0, symmetry_error = 0.0f0, grad_symmetry_error = 0.0f0, best_accuracy = 0.558, best_path = "ext\\IsingLearning\\experiments\\MNIST\\baseline_new_nudge\\experiments\\current\\focus_grid_weight_decay_20260609\\b0p1_T0p00005_wd0p001_adaptivefalse\\best_checkpoint.bin", final_path = "")
epoch 3 training
epoch 3 batch 1/100 samples 128/12800 elapsed 0.4s
epoch 3 batch 25/100 samples 3200/12800 elapsed 9.8s
epoch 3 batch 50/100 samples 6400/12800 elapsed 19.8s
epoch 3 batch 75/100 samples 9600/12800 elapsed 29.8s
epoch 3 batch 100/100 samples 12800/12800 elapsed 39.6s
epoch 3 training done in 39.648s
epoch 3 train-eval: evaluating 1000 samples
epoch 3 train accuracy 0.527 loss 17.259497
epoch 3 evaluating
epoch 3 test: evaluating 1000 samples
epoch 3 test accuracy 0.545 loss 16.885511 best 0.558
(timestamp = "2026-06-09T17:38:05", epoch = 3, seconds = 39.6480866, train_accuracy = 0.527, train_loss = 17.259497f0, test_accuracy = 0.545, test_loss = 16.885511f0, pred_counts = "105-101-90-293-294-0-97-0-0-20", w_norm = 1.6634346f0, b_norm = 0.122043535f0, w_input_norm = 4.081367f0, grad_w_norm = 3.591532f0, grad_b_norm = 0.6629941f0, grad_w_input_norm = 4.8628087f0, effective_w_decay = 0.001f0, effective_w_input_decay = 0.001f0, symmetry_error = 0.0f0, grad_symmetry_error = 0.0f0, best_accuracy = 0.558, best_path = "ext\\IsingLearning\\experiments\\MNIST\\baseline_new_nudge\\experiments\\current\\focus_grid_weight_decay_20260609\\b0p1_T0p00005_wd0p001_adaptivefalse\\best_checkpoint.bin", final_path = "")
epoch 4 training
epoch 4 batch 1/100 samples 128/12800 elapsed 0.4s
epoch 4 batch 25/100 samples 3200/12800 elapsed 9.5s
epoch 4 batch 50/100 samples 6400/12800 elapsed 19.3s
epoch 4 batch 75/100 samples 9600/12800 elapsed 28.7s
epoch 4 batch 100/100 samples 12800/12800 elapsed 38.2s
epoch 4 training done in 38.231s
epoch 4 train-eval: evaluating 1000 samples
epoch 4 train accuracy 0.511 loss 18.456619
epoch 4 evaluating
epoch 4 test: evaluating 1000 samples
epoch 4 test accuracy 0.521 loss 18.097399 best 0.558
epoch 4 early stop: test accuracy declined for 2 consecutive evaluated epochs
(timestamp = "2026-06-09T17:38:46", epoch = 4, seconds = 38.2307043, train_accuracy = 0.511, train_loss = 18.45662f0, test_accuracy = 0.521, test_loss = 18.097399f0, pred_counts = "117-198-68-222-307-0-88-0-0-0", w_norm = 1.8182211f0, b_norm = 0.13071905f0, w_input_norm = 4.35347f0, grad_w_norm = 3.4891343f0, grad_b_norm = 0.62026966f0, grad_w_input_norm = 5.485764f0, effective_w_decay = 0.001f0, effective_w_input_decay = 0.001f0, symmetry_error = 0.0f0, grad_symmetry_error = 0.0f0, best_accuracy = 0.558, best_path = "ext\\IsingLearning\\experiments\\MNIST\\baseline_new_nudge\\experiments\\current\\focus_grid_weight_decay_20260609\\b0p1_T0p00005_wd0p001_adaptivefalse\\best_checkpoint.bin", final_path = "")
saved MNIST 784-120-40 softplus-margin nudge baseline in ext\IsingLearning\experiments\MNIST\baseline_new_nudge\experiments\current\focus_grid_weight_decay_20260609\b0p1_T0p00005_wd0p001_adaptivefalse
