[bootstrap] activated project
[bootstrap] loaded packages
building MNIST 784-120-40 layer
loading training split
training samples: 2000 (16 batches/epoch)
loading train-eval split
train-eval samples: 2000
loading test split
test samples: 2000
constructing 32-worker surrogate-attractor Adam manager
constructing 32-worker validation manager
starting epochs
epoch 0 train-eval: evaluating 2000 samples
epoch 0 train-eval: done in 9.774s accuracy=0.083 loss=57.792904
epoch 0 evaluating
epoch 0 test: evaluating 2000 samples
epoch 0 test: done in 0.11s accuracy=0.0965 loss=57.732143
(timestamp = "2026-06-09T09:52:27", epoch = 0, seconds = 0.0, train_accuracy = 0.083, train_loss = 57.792904f0, test_accuracy = 0.0965, test_loss = 57.732143f0, pred_counts = "161-255-158-190-192-214-208-246-181-195", w_norm = 0.48583895f0, b_norm = 0.0f0, w_input_norm = 1.5314544f0, grad_w_norm = 0.0f0, grad_b_norm = 0.0f0, grad_w_input_norm = 0.0f0, attractor_samples = 0, reward_mean = 0.0f0, reward_std = 0.0f0, best_accuracy = 0.0965, best_path = "ext/IsingLearning/experiments/MNIST/784-120-40-surrogate-attractor/experiments/current/real_loose_progress_200pc_30ep\\best_checkpoint.bin", final_path = "")
epoch 1 training
epoch 1 batch 1/16 samples 128/2000 elapsed 11.6s reward_mean -2.44309 reward_std 0.39706 minima 2560
epoch 1 batch 2/16 samples 256/2000 elapsed 12.2s reward_mean -2.3098 reward_std 0.39906 minima 2560
epoch 1 batch 3/16 samples 384/2000 elapsed 12.6s reward_mean -2.39004 reward_std 0.46912 minima 2560
epoch 1 batch 4/16 samples 512/2000 elapsed 12.9s reward_mean -2.31117 reward_std 0.42373 minima 2560
epoch 1 batch 5/16 samples 640/2000 elapsed 13.3s reward_mean -2.27432 reward_std 0.40147 minima 2560
epoch 1 batch 6/16 samples 768/2000 elapsed 13.7s reward_mean -2.18461 reward_std 0.42653 minima 2560
epoch 1 batch 7/16 samples 896/2000 elapsed 14.1s reward_mean -2.18551 reward_std 0.38434 minima 2560
epoch 1 batch 8/16 samples 1024/2000 elapsed 14.4s reward_mean -2.2036 reward_std 0.36384 minima 2560
epoch 1 batch 9/16 samples 1152/2000 elapsed 14.8s reward_mean -2.20615 reward_std 0.36544 minima 2560
epoch 1 batch 10/16 samples 1280/2000 elapsed 15.1s reward_mean -2.15749 reward_std 0.38841 minima 2560
epoch 1 batch 11/16 samples 1408/2000 elapsed 15.5s reward_mean -2.18397 reward_std 0.39942 minima 2560
epoch 1 batch 12/16 samples 1536/2000 elapsed 15.9s reward_mean -2.26274 reward_std 0.39469 minima 2560
epoch 1 batch 13/16 samples 1664/2000 elapsed 16.3s reward_mean -2.13505 reward_std 0.4096 minima 2560
epoch 1 batch 14/16 samples 1792/2000 elapsed 16.6s reward_mean -2.2016 reward_std 0.40363 minima 2560
epoch 1 batch 15/16 samples 1920/2000 elapsed 17.0s reward_mean -2.17565 reward_std 0.40616 minima 2560
epoch 1 batch 16/16 samples 2000/2000 elapsed 17.2s reward_mean -2.14389 reward_std 0.39533 minima 1600
epoch 1 training done in 17.191s
(timestamp = "2026-06-09T09:52:45", epoch = 1, seconds = 17.1907182, train_accuracy = missing, train_loss = missing, test_accuracy = missing, test_loss = missing, pred_counts = missing, w_norm = 0.79075485f0, b_norm = 0.06065273f0, w_input_norm = 2.3975909f0, grad_w_norm = 1.8409897f0, grad_b_norm = 0.9977057f0, grad_w_input_norm = 8.565613f0, attractor_samples = 1600, reward_mean = -2.1438901f0, reward_std = 0.39532873f0, best_accuracy = 0.0965, best_path = "ext/IsingLearning/experiments/MNIST/784-120-40-surrogate-attractor/experiments/current/real_loose_progress_200pc_30ep\\best_checkpoint.bin", final_path = "")
epoch 2 training
epoch 2 batch 1/16 samples 128/2000 elapsed 0.4s reward_mean -2.1859 reward_std 0.39335 minima 2560
epoch 2 batch 2/16 samples 256/2000 elapsed 0.7s reward_mean -2.19692 reward_std 0.35629 minima 2560
epoch 2 batch 3/16 samples 384/2000 elapsed 1.1s reward_mean -2.18519 reward_std 0.38959 minima 2560
epoch 2 batch 4/16 samples 512/2000 elapsed 1.4s reward_mean -2.18046 reward_std 0.4107 minima 2560
epoch 2 batch 5/16 samples 640/2000 elapsed 1.7s reward_mean -2.18023 reward_std 0.40782 minima 2560
epoch 2 batch 6/16 samples 768/2000 elapsed 2.1s reward_mean -2.14239 reward_std 0.38901 minima 2560
epoch 2 batch 7/16 samples 896/2000 elapsed 2.4s reward_mean -2.15538 reward_std 0.38716 minima 2560
epoch 2 batch 8/16 samples 1024/2000 elapsed 2.8s reward_mean -2.1654 reward_std 0.35622 minima 2560
epoch 2 batch 9/16 samples 1152/2000 elapsed 3.1s reward_mean -2.16152 reward_std 0.40868 minima 2560
epoch 2 batch 10/16 samples 1280/2000 elapsed 3.5s reward_mean -2.16688 reward_std 0.39223 minima 2560
epoch 2 batch 11/16 samples 1408/2000 elapsed 3.9s reward_mean -2.22281 reward_std 0.41156 minima 2560
epoch 2 batch 12/16 samples 1536/2000 elapsed 4.2s reward_mean -2.20361 reward_std 0.40841 minima 2560
epoch 2 batch 13/16 samples 1664/2000 elapsed 4.6s reward_mean -2.16244 reward_std 0.38525 minima 2560
epoch 2 batch 14/16 samples 1792/2000 elapsed 4.9s reward_mean -2.15305 reward_std 0.38505 minima 2560
epoch 2 batch 15/16 samples 1920/2000 elapsed 5.3s reward_mean -2.15859 reward_std 0.38944 minima 2560
epoch 2 batch 16/16 samples 2000/2000 elapsed 5.5s reward_mean -2.19992 reward_std 0.4069 minima 1600
epoch 2 training done in 5.511s
(timestamp = "2026-06-09T09:52:51", epoch = 2, seconds = 5.5111928, train_accuracy = missing, train_loss = missing, test_accuracy = missing, test_loss = missing, pred_counts = missing, w_norm = 0.94537663f0, b_norm = 0.11248759f0, w_input_norm = 4.0183043f0, grad_w_norm = 1.1814778f0, grad_b_norm = 0.40821242f0, grad_w_input_norm = 5.487063f0, attractor_samples = 1600, reward_mean = -2.199923f0, reward_std = 0.40689504f0, best_accuracy = 0.0965, best_path = "ext/IsingLearning/experiments/MNIST/784-120-40-surrogate-attractor/experiments/current/real_loose_progress_200pc_30ep\\best_checkpoint.bin", final_path = "")
epoch 3 training
epoch 3 batch 1/16 samples 128/2000 elapsed 0.3s reward_mean -2.18336 reward_std 0.40585 minima 2560
epoch 3 batch 2/16 samples 256/2000 elapsed 0.7s reward_mean -2.14719 reward_std 0.37723 minima 2560
epoch 3 batch 3/16 samples 384/2000 elapsed 1.0s reward_mean -2.13635 reward_std 0.37685 minima 2560
epoch 3 batch 4/16 samples 512/2000 elapsed 1.4s reward_mean -2.17399 reward_std 0.42686 minima 2560
epoch 3 batch 5/16 samples 640/2000 elapsed 1.7s reward_mean -2.15417 reward_std 0.3662 minima 2560
epoch 3 batch 6/16 samples 768/2000 elapsed 2.1s reward_mean -2.11071 reward_std 0.35235 minima 2560
epoch 3 batch 7/16 samples 896/2000 elapsed 2.4s reward_mean -2.16955 reward_std 0.37615 minima 2560
epoch 3 batch 8/16 samples 1024/2000 elapsed 2.8s reward_mean -2.15622 reward_std 0.38129 minima 2560
epoch 3 batch 9/16 samples 1152/2000 elapsed 3.1s reward_mean -2.15856 reward_std 0.3894 minima 2560
epoch 3 batch 10/16 samples 1280/2000 elapsed 3.5s reward_mean -2.17666 reward_std 0.38586 minima 2560
epoch 3 batch 11/16 samples 1408/2000 elapsed 3.9s reward_mean -2.26777 reward_std 0.38909 minima 2560
epoch 3 batch 12/16 samples 1536/2000 elapsed 4.3s reward_mean -2.14538 reward_std 0.39115 minima 2560
epoch 3 batch 13/16 samples 1664/2000 elapsed 4.6s reward_mean -2.1491 reward_std 0.40364 minima 2560
epoch 3 batch 14/16 samples 1792/2000 elapsed 5.0s reward_mean -2.18643 reward_std 0.40632 minima 2560
epoch 3 batch 15/16 samples 1920/2000 elapsed 5.3s reward_mean -2.20067 reward_std 0.37452 minima 2560
epoch 3 batch 16/16 samples 2000/2000 elapsed 5.6s reward_mean -2.18484 reward_std 0.38335 minima 1600
epoch 3 training done in 5.557s
(timestamp = "2026-06-09T09:52:56", epoch = 3, seconds = 5.557495, train_accuracy = missing, train_loss = missing, test_accuracy = missing, test_loss = missing, pred_counts = missing, w_norm = 0.9877616f0, b_norm = 0.15422158f0, w_input_norm = 5.821393f0, grad_w_norm = 1.2138126f0, grad_b_norm = 0.7037266f0, grad_w_input_norm = 6.9173365f0, attractor_samples = 1600, reward_mean = -2.1848361f0, reward_std = 0.38335273f0, best_accuracy = 0.0965, best_path = "ext/IsingLearning/experiments/MNIST/784-120-40-surrogate-attractor/experiments/current/real_loose_progress_200pc_30ep\\best_checkpoint.bin", final_path = "")
epoch 4 training
epoch 4 batch 1/16 samples 128/2000 elapsed 0.4s reward_mean -2.1688 reward_std 0.39112 minima 2560
epoch 4 batch 2/16 samples 256/2000 elapsed 0.7s reward_mean -2.14278 reward_std 0.41318 minima 2560
epoch 4 batch 3/16 samples 384/2000 elapsed 1.1s reward_mean -2.21979 reward_std 0.395 minima 2560
epoch 4 batch 4/16 samples 512/2000 elapsed 1.4s reward_mean -2.21454 reward_std 0.43371 minima 2560
epoch 4 batch 5/16 samples 640/2000 elapsed 1.8s reward_mean -2.157 reward_std 0.36147 minima 2560
epoch 4 batch 6/16 samples 768/2000 elapsed 2.2s reward_mean -2.16309 reward_std 0.38834 minima 2560
epoch 4 batch 7/16 samples 896/2000 elapsed 2.5s reward_mean -2.14389 reward_std 0.35716 minima 2560
epoch 4 batch 8/16 samples 1024/2000 elapsed 2.9s reward_mean -2.09511 reward_std 0.37858 minima 2560
epoch 4 batch 9/16 samples 1152/2000 elapsed 3.2s reward_mean -2.18116 reward_std 0.39161 minima 2560
epoch 4 batch 10/16 samples 1280/2000 elapsed 3.6s reward_mean -2.24713 reward_std 0.41076 minima 2560
epoch 4 batch 11/16 samples 1408/2000 elapsed 4.0s reward_mean -2.2533 reward_std 0.39293 minima 2560
epoch 4 batch 12/16 samples 1536/2000 elapsed 4.4s reward_mean -2.13537 reward_std 0.38689 minima 2560
epoch 4 batch 13/16 samples 1664/2000 elapsed 4.8s reward_mean -2.14778 reward_std 0.32804 minima 2560
epoch 4 batch 14/16 samples 1792/2000 elapsed 5.2s reward_mean -2.12815 reward_std 0.39636 minima 2560
epoch 4 batch 15/16 samples 1920/2000 elapsed 5.7s reward_mean -2.09753 reward_std 0.3568 minima 2560
epoch 4 batch 16/16 samples 2000/2000 elapsed 6.0s reward_mean -2.16029 reward_std 0.33658 minima 1600
epoch 4 training done in 6.014s
(timestamp = "2026-06-09T09:53:02", epoch = 4, seconds = 6.0144415, train_accuracy = missing, train_loss = missing, test_accuracy = missing, test_loss = missing, pred_counts = missing, w_norm = 1.0078257f0, b_norm = 0.21131426f0, w_input_norm = 7.6750555f0, grad_w_norm = 0.8894725f0, grad_b_norm = 0.5920881f0, grad_w_input_norm = 4.9506836f0, attractor_samples = 1600, reward_mean = -2.1602938f0, reward_std = 0.33657846f0, best_accuracy = 0.0965, best_path = "ext/IsingLearning/experiments/MNIST/784-120-40-surrogate-attractor/experiments/current/real_loose_progress_200pc_30ep\\best_checkpoint.bin", final_path = "")
epoch 5 training
epoch 5 batch 1/16 samples 128/2000 elapsed 0.3s reward_mean -2.14707 reward_std 0.38825 minima 2560
epoch 5 batch 2/16 samples 256/2000 elapsed 0.7s reward_mean -2.13383 reward_std 0.3632 minima 2560
epoch 5 batch 3/16 samples 384/2000 elapsed 1.1s reward_mean -2.17726 reward_std 0.40717 minima 2560
epoch 5 batch 4/16 samples 512/2000 elapsed 1.5s reward_mean -2.14522 reward_std 0.37405 minima 2560
epoch 5 batch 5/16 samples 640/2000 elapsed 2.0s reward_mean -2.15642 reward_std 0.354 minima 2560
epoch 5 batch 6/16 samples 768/2000 elapsed 2.4s reward_mean -2.20598 reward_std 0.39599 minima 2560
epoch 5 batch 7/16 samples 896/2000 elapsed 2.8s reward_mean -2.15009 reward_std 0.37843 minima 2560
epoch 5 batch 8/16 samples 1024/2000 elapsed 3.2s reward_mean -2.2192 reward_std 0.40773 minima 2560
epoch 5 batch 9/16 samples 1152/2000 elapsed 3.7s reward_mean -2.13462 reward_std 0.3653 minima 2560
epoch 5 batch 10/16 samples 1280/2000 elapsed 4.2s reward_mean -2.14533 reward_std 0.38514 minima 2560
epoch 5 batch 11/16 samples 1408/2000 elapsed 4.6s reward_mean -2.19421 reward_std 0.35962 minima 2560
epoch 5 batch 12/16 samples 1536/2000 elapsed 5.1s reward_mean -2.14475 reward_std 0.36358 minima 2560
epoch 5 batch 13/16 samples 1664/2000 elapsed 5.5s reward_mean -2.15622 reward_std 0.40297 minima 2560
epoch 5 batch 14/16 samples 1792/2000 elapsed 5.9s reward_mean -2.13004 reward_std 0.38654 minima 2560
epoch 5 batch 15/16 samples 1920/2000 elapsed 6.3s reward_mean -2.14243 reward_std 0.37805 minima 2560
epoch 5 batch 16/16 samples 2000/2000 elapsed 6.6s reward_mean -2.1971 reward_std 0.41903 minima 1600
epoch 5 training done in 6.625s
epoch 5 train-eval: evaluating 2000 samples
epoch 5 train-eval: done in 0.365s accuracy=0.189 loss=75.96563
epoch 5 evaluating
epoch 5 test: evaluating 2000 samples
epoch 5 test: done in 0.299s accuracy=0.1865 loss=76.52049
(timestamp = "2026-06-09T09:53:10", epoch = 5, seconds = 6.6246867, train_accuracy = 0.189, train_loss = 75.96563f0, test_accuracy = 0.1865, test_loss = 76.52049f0, pred_counts = "1064-487-0-2-0-0-0-0-447-0", w_norm = 1.0230836f0, b_norm = 0.26319113f0, w_input_norm = 9.494621f0, grad_w_norm = 0.34805244f0, grad_b_norm = 0.2505477f0, grad_w_input_norm = 6.0531197f0, attractor_samples = 1600, reward_mean = -2.197102f0, reward_std = 0.41902897f0, best_accuracy = 0.1865, best_path = "ext/IsingLearning/experiments/MNIST/784-120-40-surrogate-attractor/experiments/current/real_loose_progress_200pc_30ep\\best_checkpoint.bin", final_path = "")
epoch 6 training
epoch 6 batch 1/16 samples 128/2000 elapsed 0.4s reward_mean -2.19343 reward_std 0.40619 minima 2560
epoch 6 batch 2/16 samples 256/2000 elapsed 0.9s reward_mean -2.19822 reward_std 0.42491 minima 2560
epoch 6 batch 3/16 samples 384/2000 elapsed 1.3s reward_mean -2.14307 reward_std 0.38813 minima 2560
epoch 6 batch 4/16 samples 512/2000 elapsed 1.8s reward_mean -2.14394 reward_std 0.37915 minima 2560
epoch 6 batch 5/16 samples 640/2000 elapsed 2.3s reward_mean -2.17862 reward_std 0.36409 minima 2560
epoch 6 batch 6/16 samples 768/2000 elapsed 2.7s reward_mean -2.13196 reward_std 0.37334 minima 2560
epoch 6 batch 7/16 samples 896/2000 elapsed 3.1s reward_mean -2.17487 reward_std 0.39854 minima 2560
epoch 6 batch 8/16 samples 1024/2000 elapsed 3.5s reward_mean -2.14156 reward_std 0.36779 minima 2560
epoch 6 batch 9/16 samples 1152/2000 elapsed 4.0s reward_mean -2.1593 reward_std 0.40056 minima 2560
epoch 6 batch 10/16 samples 1280/2000 elapsed 4.4s reward_mean -2.17324 reward_std 0.37991 minima 2560
epoch 6 batch 11/16 samples 1408/2000 elapsed 4.8s reward_mean -2.174 reward_std 0.36878 minima 2560
epoch 6 batch 12/16 samples 1536/2000 elapsed 5.2s reward_mean -2.18749 reward_std 0.35819 minima 2560
epoch 6 batch 13/16 samples 1664/2000 elapsed 5.7s reward_mean -2.20278 reward_std 0.41443 minima 2560
epoch 6 batch 14/16 samples 1792/2000 elapsed 6.1s reward_mean -2.15184 reward_std 0.38447 minima 2560
epoch 6 batch 15/16 samples 1920/2000 elapsed 6.6s reward_mean -2.13393 reward_std 0.37887 minima 2560
epoch 6 batch 16/16 samples 2000/2000 elapsed 6.8s reward_mean -2.17163 reward_std 0.39209 minima 1600
epoch 6 training done in 6.814s
(timestamp = "2026-06-09T09:53:16", epoch = 6, seconds = 6.8140141, train_accuracy = missing, train_loss = missing, test_accuracy = missing, test_loss = missing, pred_counts = missing, w_norm = 1.0434852f0, b_norm = 0.3279676f0, w_input_norm = 11.445858f0, grad_w_norm = 1.1525028f0, grad_b_norm = 0.642723f0, grad_w_input_norm = 6.8506227f0, attractor_samples = 1600, reward_mean = -2.1716337f0, reward_std = 0.3920871f0, best_accuracy = 0.1865, best_path = "ext/IsingLearning/experiments/MNIST/784-120-40-surrogate-attractor/experiments/current/real_loose_progress_200pc_30ep\\best_checkpoint.bin", final_path = "")
epoch 7 training
epoch 7 batch 1/16 samples 128/2000 elapsed 0.4s reward_mean -2.15172 reward_std 0.39715 minima 2560
epoch 7 batch 2/16 samples 256/2000 elapsed 0.8s reward_mean -2.15629 reward_std 0.37528 minima 2560
epoch 7 batch 3/16 samples 384/2000 elapsed 1.2s reward_mean -2.12067 reward_std 0.36655 minima 2560
epoch 7 batch 4/16 samples 512/2000 elapsed 1.6s reward_mean -2.20765 reward_std 0.40348 minima 2560
epoch 7 batch 5/16 samples 640/2000 elapsed 2.1s reward_mean -2.17961 reward_std 0.39931 minima 2560
epoch 7 batch 6/16 samples 768/2000 elapsed 2.5s reward_mean -2.1965 reward_std 0.39313 minima 2560
epoch 7 batch 7/16 samples 896/2000 elapsed 2.9s reward_mean -2.19672 reward_std 0.37929 minima 2560
epoch 7 batch 8/16 samples 1024/2000 elapsed 3.3s reward_mean -2.15965 reward_std 0.37621 minima 2560
epoch 7 batch 9/16 samples 1152/2000 elapsed 3.8s reward_mean -2.24676 reward_std 0.36852 minima 2560
epoch 7 batch 10/16 samples 1280/2000 elapsed 4.2s reward_mean -2.14296 reward_std 0.37596 minima 2560
epoch 7 batch 11/16 samples 1408/2000 elapsed 4.6s reward_mean -2.17568 reward_std 0.39869 minima 2560
epoch 7 batch 12/16 samples 1536/2000 elapsed 5.0s reward_mean -2.11686 reward_std 0.38627 minima 2560
epoch 7 batch 13/16 samples 1664/2000 elapsed 5.4s reward_mean -2.1424 reward_std 0.38015 minima 2560
epoch 7 batch 14/16 samples 1792/2000 elapsed 5.8s reward_mean -2.07504 reward_std 0.39168 minima 2560
epoch 7 batch 15/16 samples 1920/2000 elapsed 6.3s reward_mean -2.15853 reward_std 0.36706 minima 2560
epoch 7 batch 16/16 samples 2000/2000 elapsed 6.6s reward_mean -2.17347 reward_std 0.34854 minima 1600
epoch 7 training done in 6.574s
(timestamp = "2026-06-09T09:53:23", epoch = 7, seconds = 6.5744701, train_accuracy = missing, train_loss = missing, test_accuracy = missing, test_loss = missing, pred_counts = missing, w_norm = 1.0561672f0, b_norm = 0.37087986f0, w_input_norm = 13.372502f0, grad_w_norm = 0.23984839f0, grad_b_norm = 0.19802846f0, grad_w_input_norm = 3.6764238f0, attractor_samples = 1600, reward_mean = -2.1734731f0, reward_std = 0.3485439f0, best_accuracy = 0.1865, best_path = "ext/IsingLearning/experiments/MNIST/784-120-40-surrogate-attractor/experiments/current/real_loose_progress_200pc_30ep\\best_checkpoint.bin", final_path = "")
epoch 8 training
epoch 8 batch 1/16 samples 128/2000 elapsed 0.5s reward_mean -2.23288 reward_std 0.37759 minima 2560
epoch 8 batch 2/16 samples 256/2000 elapsed 0.9s reward_mean -2.19198 reward_std 0.36741 minima 2560
epoch 8 batch 3/16 samples 384/2000 elapsed 1.4s reward_mean -2.21114 reward_std 0.3752 minima 2560
epoch 8 batch 4/16 samples 512/2000 elapsed 1.9s reward_mean -2.14868 reward_std 0.39516 minima 2560
epoch 8 batch 5/16 samples 640/2000 elapsed 2.2s reward_mean -2.15636 reward_std 0.39914 minima 2560
epoch 8 batch 6/16 samples 768/2000 elapsed 2.7s reward_mean -2.19387 reward_std 0.3924 minima 2560
epoch 8 batch 7/16 samples 896/2000 elapsed 3.1s reward_mean -2.19355 reward_std 0.39236 minima 2560
epoch 8 batch 8/16 samples 1024/2000 elapsed 3.5s reward_mean -2.154 reward_std 0.41975 minima 2560
epoch 8 batch 9/16 samples 1152/2000 elapsed 4.0s reward_mean -2.15306 reward_std 0.368 minima 2560
epoch 8 batch 10/16 samples 1280/2000 elapsed 4.4s reward_mean -2.15938 reward_std 0.35887 minima 2560
epoch 8 batch 11/16 samples 1408/2000 elapsed 4.8s reward_mean -2.11604 reward_std 0.38124 minima 2560
epoch 8 batch 12/16 samples 1536/2000 elapsed 5.2s reward_mean -2.08966 reward_std 0.37042 minima 2560
epoch 8 batch 13/16 samples 1664/2000 elapsed 5.7s reward_mean -2.14552 reward_std 0.3573 minima 2560
epoch 8 batch 14/16 samples 1792/2000 elapsed 6.1s reward_mean -2.14995 reward_std 0.37638 minima 2560
epoch 8 batch 15/16 samples 1920/2000 elapsed 6.5s reward_mean -2.15236 reward_std 0.39618 minima 2560
epoch 8 batch 16/16 samples 2000/2000 elapsed 6.8s reward_mean -2.11046 reward_std 0.38807 minima 1600
epoch 8 training done in 6.813s
(timestamp = "2026-06-09T09:53:30", epoch = 8, seconds = 6.813064, train_accuracy = missing, train_loss = missing, test_accuracy = missing, test_loss = missing, pred_counts = missing, w_norm = 1.0845273f0, b_norm = 0.4368536f0, w_input_norm = 15.295083f0, grad_w_norm = 1.5718265f0, grad_b_norm = 0.5265529f0, grad_w_input_norm = 6.45403f0, attractor_samples = 1600, reward_mean = -2.110457f0, reward_std = 0.38807148f0, best_accuracy = 0.1865, best_path = "ext/IsingLearning/experiments/MNIST/784-120-40-surrogate-attractor/experiments/current/real_loose_progress_200pc_30ep\\best_checkpoint.bin", final_path = "")
epoch 9 training
epoch 9 batch 1/16 samples 128/2000 elapsed 0.4s reward_mean -2.16096 reward_std 0.38336 minima 2560
epoch 9 batch 2/16 samples 256/2000 elapsed 0.8s reward_mean -2.18507 reward_std 0.39997 minima 2560
epoch 9 batch 3/16 samples 384/2000 elapsed 1.3s reward_mean -2.16327 reward_std 0.38236 minima 2560
epoch 9 batch 4/16 samples 512/2000 elapsed 1.7s reward_mean -2.24009 reward_std 0.39238 minima 2560
epoch 9 batch 5/16 samples 640/2000 elapsed 2.1s reward_mean -2.13394 reward_std 0.40216 minima 2560
epoch 9 batch 6/16 samples 768/2000 elapsed 2.5s reward_mean -2.15321 reward_std 0.35638 minima 2560
epoch 9 batch 7/16 samples 896/2000 elapsed 3.0s reward_mean -2.19968 reward_std 0.35595 minima 2560
epoch 9 batch 8/16 samples 1024/2000 elapsed 3.4s reward_mean -2.14548 reward_std 0.36873 minima 2560
epoch 9 batch 9/16 samples 1152/2000 elapsed 3.8s reward_mean -2.13997 reward_std 0.40642 minima 2560
epoch 9 batch 10/16 samples 1280/2000 elapsed 4.2s reward_mean -2.17564 reward_std 0.41176 minima 2560
epoch 9 batch 11/16 samples 1408/2000 elapsed 4.6s reward_mean -2.17564 reward_std 0.35143 minima 2560
epoch 9 batch 12/16 samples 1536/2000 elapsed 5.1s reward_mean -2.20358 reward_std 0.35206 minima 2560
epoch 9 batch 13/16 samples 1664/2000 elapsed 5.5s reward_mean -2.13594 reward_std 0.36664 minima 2560
epoch 9 batch 14/16 samples 1792/2000 elapsed 5.9s reward_mean -2.11844 reward_std 0.43625 minima 2560
epoch 9 batch 15/16 samples 1920/2000 elapsed 6.3s reward_mean -2.12527 reward_std 0.38014 minima 2560
epoch 9 batch 16/16 samples 2000/2000 elapsed 6.6s reward_mean -2.15153 reward_std 0.39073 minima 1600
epoch 9 training done in 6.597s
(timestamp = "2026-06-09T09:53:36", epoch = 9, seconds = 6.5972529, train_accuracy = missing, train_loss = missing, test_accuracy = missing, test_loss = missing, pred_counts = missing, w_norm = 1.1007872f0, b_norm = 0.50029296f0, w_input_norm = 17.218794f0, grad_w_norm = 1.2515324f0, grad_b_norm = 0.5697805f0, grad_w_input_norm = 6.031281f0, attractor_samples = 1600, reward_mean = -2.1515324f0, reward_std = 0.3907312f0, best_accuracy = 0.1865, best_path = "ext/IsingLearning/experiments/MNIST/784-120-40-surrogate-attractor/experiments/current/real_loose_progress_200pc_30ep\\best_checkpoint.bin", final_path = "")
epoch 10 training
epoch 10 batch 1/16 samples 128/2000 elapsed 0.4s reward_mean -2.17965 reward_std 0.38985 minima 2560
epoch 10 batch 2/16 samples 256/2000 elapsed 0.8s reward_mean -2.14798 reward_std 0.39011 minima 2560
epoch 10 batch 3/16 samples 384/2000 elapsed 1.3s reward_mean -2.20185 reward_std 0.38166 minima 2560
epoch 10 batch 4/16 samples 512/2000 elapsed 1.7s reward_mean -2.17338 reward_std 0.38771 minima 2560
epoch 10 batch 5/16 samples 640/2000 elapsed 2.1s reward_mean -2.19883 reward_std 0.42468 minima 2560
epoch 10 batch 6/16 samples 768/2000 elapsed 2.6s reward_mean -2.13834 reward_std 0.35051 minima 2560
epoch 10 batch 7/16 samples 896/2000 elapsed 3.0s reward_mean -2.2502 reward_std 0.37587 minima 2560
epoch 10 batch 8/16 samples 1024/2000 elapsed 3.5s reward_mean -2.17458 reward_std 0.37685 minima 2560
epoch 10 batch 9/16 samples 1152/2000 elapsed 3.9s reward_mean -2.12761 reward_std 0.39118 minima 2560
epoch 10 batch 10/16 samples 1280/2000 elapsed 4.4s reward_mean -2.14759 reward_std 0.4039 minima 2560
epoch 10 batch 11/16 samples 1408/2000 elapsed 4.8s reward_mean -2.13241 reward_std 0.38569 minima 2560
epoch 10 batch 12/16 samples 1536/2000 elapsed 5.2s reward_mean -2.18272 reward_std 0.38359 minima 2560
epoch 10 batch 13/16 samples 1664/2000 elapsed 5.7s reward_mean -2.1323 reward_std 0.37454 minima 2560
epoch 10 batch 14/16 samples 1792/2000 elapsed 6.1s reward_mean -2.18504 reward_std 0.3606 minima 2560
epoch 10 batch 15/16 samples 1920/2000 elapsed 6.5s reward_mean -2.10424 reward_std 0.3959 minima 2560
epoch 10 batch 16/16 samples 2000/2000 elapsed 6.8s reward_mean -2.14768 reward_std 0.3677 minima 1600
epoch 10 training done in 6.778s
epoch 10 train-eval: evaluating 2000 samples
epoch 10 train-eval: done in 0.318s accuracy=0.1855 loss=76.17088
epoch 10 evaluating
epoch 10 test: evaluating 2000 samples
epoch 10 test: done in 0.211s accuracy=0.185 loss=76.703674
(timestamp = "2026-06-09T09:53:44", epoch = 10, seconds = 6.7776459, train_accuracy = 0.1855, train_loss = 76.17088f0, test_accuracy = 0.185, test_loss = 76.703674f0, pred_counts = "1078-462-0-1-1-1-0-0-456-1", w_norm = 1.1185611f0, b_norm = 0.5595966f0, w_input_norm = 19.190838f0, grad_w_norm = 1.0020367f0, grad_b_norm = 0.43455565f0, grad_w_input_norm = 4.947561f0, attractor_samples = 1600, reward_mean = -2.147679f0, reward_std = 0.3676975f0, best_accuracy = 0.1865, best_path = "ext/IsingLearning/experiments/MNIST/784-120-40-surrogate-attractor/experiments/current/real_loose_progress_200pc_30ep\\best_checkpoint.bin", final_path = "")
epoch 11 training
epoch 11 batch 1/16 samples 128/2000 elapsed 0.4s reward_mean -2.11055 reward_std 0.37148 minima 2560
epoch 11 batch 2/16 samples 256/2000 elapsed 0.8s reward_mean -2.15857 reward_std 0.37417 minima 2560
epoch 11 batch 3/16 samples 384/2000 elapsed 1.2s reward_mean -2.21895 reward_std 0.37608 minima 2560
epoch 11 batch 4/16 samples 512/2000 elapsed 1.6s reward_mean -2.1688 reward_std 0.38827 minima 2560
epoch 11 batch 5/16 samples 640/2000 elapsed 2.0s reward_mean -2.21739 reward_std 0.40322 minima 2560
epoch 11 batch 6/16 samples 768/2000 elapsed 2.5s reward_mean -2.10365 reward_std 0.3756 minima 2560
epoch 11 batch 7/16 samples 896/2000 elapsed 2.9s reward_mean -2.11932 reward_std 0.39934 minima 2560
epoch 11 batch 8/16 samples 1024/2000 elapsed 3.3s reward_mean -2.21125 reward_std 0.37338 minima 2560
epoch 11 batch 9/16 samples 1152/2000 elapsed 3.8s reward_mean -2.17801 reward_std 0.43086 minima 2560
epoch 11 batch 10/16 samples 1280/2000 elapsed 4.2s reward_mean -2.1332 reward_std 0.36417 minima 2560
epoch 11 batch 11/16 samples 1408/2000 elapsed 4.7s reward_mean -2.12997 reward_std 0.35116 minima 2560
epoch 11 batch 12/16 samples 1536/2000 elapsed 5.1s reward_mean -2.15775 reward_std 0.3801 minima 2560
epoch 11 batch 13/16 samples 1664/2000 elapsed 5.6s reward_mean -2.1612 reward_std 0.39504 minima 2560
epoch 11 batch 14/16 samples 1792/2000 elapsed 6.0s reward_mean -2.15933 reward_std 0.34749 minima 2560
epoch 11 batch 15/16 samples 1920/2000 elapsed 6.4s reward_mean -2.16835 reward_std 0.37923 minima 2560
epoch 11 batch 16/16 samples 2000/2000 elapsed 6.6s reward_mean -2.20721 reward_std 0.41792 minima 1600
epoch 11 training done in 6.626s
(timestamp = "2026-06-09T09:53:50", epoch = 11, seconds = 6.626423, train_accuracy = missing, train_loss = missing, test_accuracy = missing, test_loss = missing, pred_counts = missing, w_norm = 1.1484032f0, b_norm = 0.61744785f0, w_input_norm = 21.1497f0, grad_w_norm = 0.5514158f0, grad_b_norm = 0.18267222f0, grad_w_input_norm = 4.59845f0, attractor_samples = 1600, reward_mean = -2.2072086f0, reward_std = 0.41791683f0, best_accuracy = 0.1865, best_path = "ext/IsingLearning/experiments/MNIST/784-120-40-surrogate-attractor/experiments/current/real_loose_progress_200pc_30ep\\best_checkpoint.bin", final_path = "")
epoch 12 training
epoch 12 batch 1/16 samples 128/2000 elapsed 0.4s reward_mean -2.18731 reward_std 0.37734 minima 2560
epoch 12 batch 2/16 samples 256/2000 elapsed 0.8s reward_mean -2.09815 reward_std 0.39975 minima 2560
epoch 12 batch 3/16 samples 384/2000 elapsed 1.2s reward_mean -2.20354 reward_std 0.42507 minima 2560
epoch 12 batch 4/16 samples 512/2000 elapsed 1.7s reward_mean -2.17886 reward_std 0.3736 minima 2560
epoch 12 batch 5/16 samples 640/2000 elapsed 2.1s reward_mean -2.18437 reward_std 0.37747 minima 2560
epoch 12 batch 6/16 samples 768/2000 elapsed 2.5s reward_mean -2.16321 reward_std 0.39917 minima 2560
epoch 12 batch 7/16 samples 896/2000 elapsed 3.0s reward_mean -2.14297 reward_std 0.36892 minima 2560
epoch 12 batch 8/16 samples 1024/2000 elapsed 3.4s reward_mean -2.12442 reward_std 0.38406 minima 2560
epoch 12 batch 9/16 samples 1152/2000 elapsed 3.8s reward_mean -2.16703 reward_std 0.35079 minima 2560
epoch 12 batch 10/16 samples 1280/2000 elapsed 4.2s reward_mean -2.22052 reward_std 0.3706 minima 2560
epoch 12 batch 11/16 samples 1408/2000 elapsed 4.6s reward_mean -2.18669 reward_std 0.3967 minima 2560
epoch 12 batch 12/16 samples 1536/2000 elapsed 5.1s reward_mean -2.17954 reward_std 0.36095 minima 2560
epoch 12 batch 13/16 samples 1664/2000 elapsed 5.5s reward_mean -2.16632 reward_std 0.40665 minima 2560
epoch 12 batch 14/16 samples 1792/2000 elapsed 5.9s reward_mean -2.17488 reward_std 0.37454 minima 2560
epoch 12 batch 15/16 samples 1920/2000 elapsed 6.4s reward_mean -2.09886 reward_std 0.39575 minima 2560
epoch 12 batch 16/16 samples 2000/2000 elapsed 6.7s reward_mean -2.15999 reward_std 0.39541 minima 1600
epoch 12 training done in 6.687s
(timestamp = "2026-06-09T09:53:57", epoch = 12, seconds = 6.6870234, train_accuracy = missing, train_loss = missing, test_accuracy = missing, test_loss = missing, pred_counts = missing, w_norm = 1.1870486f0, b_norm = 0.6706542f0, w_input_norm = 23.132532f0, grad_w_norm = 0.64072466f0, grad_b_norm = 0.25586915f0, grad_w_input_norm = 5.71384f0, attractor_samples = 1600, reward_mean = -2.1599877f0, reward_std = 0.39541075f0, best_accuracy = 0.1865, best_path = "ext/IsingLearning/experiments/MNIST/784-120-40-surrogate-attractor/experiments/current/real_loose_progress_200pc_30ep\\best_checkpoint.bin", final_path = "")
epoch 13 training
epoch 13 batch 1/16 samples 128/2000 elapsed 0.4s reward_mean -2.19745 reward_std 0.37098 minima 2560
epoch 13 batch 2/16 samples 256/2000 elapsed 1.0s reward_mean -2.21493 reward_std 0.39554 minima 2560
epoch 13 batch 3/16 samples 384/2000 elapsed 1.4s reward_mean -2.25004 reward_std 0.4016 minima 2560
epoch 13 batch 4/16 samples 512/2000 elapsed 1.8s reward_mean -2.16799 reward_std 0.37184 minima 2560
epoch 13 batch 5/16 samples 640/2000 elapsed 2.3s reward_mean -2.13565 reward_std 0.39085 minima 2560
epoch 13 batch 6/16 samples 768/2000 elapsed 2.8s reward_mean -2.1641 reward_std 0.39821 minima 2560
epoch 13 batch 7/16 samples 896/2000 elapsed 3.2s reward_mean -2.14316 reward_std 0.38508 minima 2560
epoch 13 batch 8/16 samples 1024/2000 elapsed 3.6s reward_mean -2.15552 reward_std 0.39565 minima 2560
epoch 13 batch 9/16 samples 1152/2000 elapsed 4.0s reward_mean -2.14244 reward_std 0.373 minima 2560
epoch 13 batch 10/16 samples 1280/2000 elapsed 4.4s reward_mean -2.24022 reward_std 0.37521 minima 2560
epoch 13 batch 11/16 samples 1408/2000 elapsed 4.9s reward_mean -2.15167 reward_std 0.39882 minima 2560
epoch 13 batch 12/16 samples 1536/2000 elapsed 5.3s reward_mean -2.14482 reward_std 0.36674 minima 2560
epoch 13 batch 13/16 samples 1664/2000 elapsed 5.8s reward_mean -2.12526 reward_std 0.3879 minima 2560
epoch 13 batch 14/16 samples 1792/2000 elapsed 6.2s reward_mean -2.0982 reward_std 0.37611 minima 2560
epoch 13 batch 15/16 samples 1920/2000 elapsed 6.7s reward_mean -2.13297 reward_std 0.38185 minima 2560
epoch 13 batch 16/16 samples 2000/2000 elapsed 7.0s reward_mean -2.14364 reward_std 0.34707 minima 1600
epoch 13 training done in 6.988s
(timestamp = "2026-06-09T09:54:04", epoch = 13, seconds = 6.9876835, train_accuracy = missing, train_loss = missing, test_accuracy = missing, test_loss = missing, pred_counts = missing, w_norm = 1.2505047f0, b_norm = 0.74704176f0, w_input_norm = 25.067953f0, grad_w_norm = 0.43018386f0, grad_b_norm = 0.1301474f0, grad_w_input_norm = 4.705902f0, attractor_samples = 1600, reward_mean = -2.1436446f0, reward_std = 0.3470742f0, best_accuracy = 0.1865, best_path = "ext/IsingLearning/experiments/MNIST/784-120-40-surrogate-attractor/experiments/current/real_loose_progress_200pc_30ep\\best_checkpoint.bin", final_path = "")
epoch 14 training
epoch 14 batch 1/16 samples 128/2000 elapsed 0.5s reward_mean -2.17488 reward_std 0.39398 minima 2560
epoch 14 batch 2/16 samples 256/2000 elapsed 1.0s reward_mean -2.15391 reward_std 0.36611 minima 2560
epoch 14 batch 3/16 samples 384/2000 elapsed 1.4s reward_mean -2.13917 reward_std 0.35501 minima 2560
epoch 14 batch 4/16 samples 512/2000 elapsed 1.8s reward_mean -2.16938 reward_std 0.40085 minima 2560
epoch 14 batch 5/16 samples 640/2000 elapsed 2.2s reward_mean -2.16405 reward_std 0.37316 minima 2560
epoch 14 batch 6/16 samples 768/2000 elapsed 2.6s reward_mean -2.13545 reward_std 0.3945 minima 2560
epoch 14 batch 7/16 samples 896/2000 elapsed 3.1s reward_mean -2.16879 reward_std 0.37914 minima 2560
epoch 14 batch 8/16 samples 1024/2000 elapsed 3.5s reward_mean -2.14462 reward_std 0.35936 minima 2560
epoch 14 batch 9/16 samples 1152/2000 elapsed 3.9s reward_mean -2.22305 reward_std 0.40594 minima 2560
epoch 14 batch 10/16 samples 1280/2000 elapsed 4.3s reward_mean -2.18811 reward_std 0.41372 minima 2560
epoch 14 batch 11/16 samples 1408/2000 elapsed 4.7s reward_mean -2.15474 reward_std 0.39241 minima 2560
epoch 14 batch 12/16 samples 1536/2000 elapsed 5.0s reward_mean -2.12041 reward_std 0.37553 minima 2560
epoch 14 batch 13/16 samples 1664/2000 elapsed 5.4s reward_mean -2.25224 reward_std 0.37023 minima 2560
epoch 14 batch 14/16 samples 1792/2000 elapsed 5.8s reward_mean -2.13244 reward_std 0.40197 minima 2560
epoch 14 batch 15/16 samples 1920/2000 elapsed 6.2s reward_mean -2.13299 reward_std 0.38369 minima 2560
epoch 14 batch 16/16 samples 2000/2000 elapsed 6.5s reward_mean -2.12393 reward_std 0.34045 minima 1600
epoch 14 training done in 6.515s
(timestamp = "2026-06-09T09:54:10", epoch = 14, seconds = 6.5153171, train_accuracy = missing, train_loss = missing, test_accuracy = missing, test_loss = missing, pred_counts = missing, w_norm = 1.2554812f0, b_norm = 0.80179363f0, w_input_norm = 27.028656f0, grad_w_norm = 0.57181823f0, grad_b_norm = 0.25888196f0, grad_w_input_norm = 3.9992588f0, attractor_samples = 1600, reward_mean = -2.1239338f0, reward_std = 0.34044516f0, best_accuracy = 0.1865, best_path = "ext/IsingLearning/experiments/MNIST/784-120-40-surrogate-attractor/experiments/current/real_loose_progress_200pc_30ep\\best_checkpoint.bin", final_path = "")
epoch 15 training
epoch 15 batch 1/16 samples 128/2000 elapsed 0.4s reward_mean -2.12462 reward_std 0.3821 minima 2560
epoch 15 batch 2/16 samples 256/2000 elapsed 0.9s reward_mean -2.22127 reward_std 0.40232 minima 2560
epoch 15 batch 3/16 samples 384/2000 elapsed 1.4s reward_mean -2.20894 reward_std 0.35255 minima 2560
epoch 15 batch 4/16 samples 512/2000 elapsed 1.9s reward_mean -2.22078 reward_std 0.3928 minima 2560
epoch 15 batch 5/16 samples 640/2000 elapsed 2.3s reward_mean -2.14088 reward_std 0.35398 minima 2560
epoch 15 batch 6/16 samples 768/2000 elapsed 2.8s reward_mean -2.12528 reward_std 0.37717 minima 2560
epoch 15 batch 7/16 samples 896/2000 elapsed 3.3s reward_mean -2.18876 reward_std 0.36675 minima 2560
epoch 15 batch 8/16 samples 1024/2000 elapsed 3.8s reward_mean -2.1191 reward_std 0.34228 minima 2560
epoch 15 batch 9/16 samples 1152/2000 elapsed 4.2s reward_mean -2.11607 reward_std 0.4149 minima 2560
epoch 15 batch 10/16 samples 1280/2000 elapsed 4.6s reward_mean -2.1325 reward_std 0.39458 minima 2560
epoch 15 batch 11/16 samples 1408/2000 elapsed 5.1s reward_mean -2.17729 reward_std 0.40806 minima 2560
epoch 15 batch 12/16 samples 1536/2000 elapsed 5.4s reward_mean -2.1238 reward_std 0.40444 minima 2560
epoch 15 batch 13/16 samples 1664/2000 elapsed 5.9s reward_mean -2.19434 reward_std 0.37433 minima 2560
epoch 15 batch 14/16 samples 1792/2000 elapsed 6.3s reward_mean -2.20037 reward_std 0.39185 minima 2560
epoch 15 batch 15/16 samples 1920/2000 elapsed 6.7s reward_mean -2.14153 reward_std 0.39495 minima 2560
epoch 15 batch 16/16 samples 2000/2000 elapsed 7.0s reward_mean -2.18986 reward_std 0.37132 minima 1600
epoch 15 training done in 6.981s
epoch 15 train-eval: evaluating 2000 samples
epoch 15 train-eval: done in 0.202s accuracy=0.1955 loss=75.856346
epoch 15 evaluating
epoch 15 test: evaluating 2000 samples
epoch 15 test: done in 0.168s accuracy=0.1915 loss=76.39775
(timestamp = "2026-06-09T09:54:18", epoch = 15, seconds = 6.9806385, train_accuracy = 0.1955, train_loss = 75.856346f0, test_accuracy = 0.1915, test_loss = 76.39775f0, pred_counts = "1050-472-0-0-0-1-0-0-477-0", w_norm = 1.3078748f0, b_norm = 0.86739707f0, w_input_norm = 29.002848f0, grad_w_norm = 0.5878116f0, grad_b_norm = 0.3846544f0, grad_w_input_norm = 4.1014767f0, attractor_samples = 1600, reward_mean = -2.1898634f0, reward_std = 0.3713205f0, best_accuracy = 0.1915, best_path = "ext/IsingLearning/experiments/MNIST/784-120-40-surrogate-attractor/experiments/current/real_loose_progress_200pc_30ep\\best_checkpoint.bin", final_path = "")
epoch 16 training
epoch 16 batch 1/16 samples 128/2000 elapsed 0.5s reward_mean -2.23486 reward_std 0.37335 minima 2560
epoch 16 batch 2/16 samples 256/2000 elapsed 0.9s reward_mean -2.20902 reward_std 0.37854 minima 2560
epoch 16 batch 3/16 samples 384/2000 elapsed 1.3s reward_mean -2.12604 reward_std 0.39906 minima 2560
epoch 16 batch 4/16 samples 512/2000 elapsed 1.8s reward_mean -2.1191 reward_std 0.3971 minima 2560
epoch 16 batch 5/16 samples 640/2000 elapsed 2.3s reward_mean -2.20466 reward_std 0.38858 minima 2560
epoch 16 batch 6/16 samples 768/2000 elapsed 2.6s reward_mean -2.16319 reward_std 0.38532 minima 2560
epoch 16 batch 7/16 samples 896/2000 elapsed 3.1s reward_mean -2.11132 reward_std 0.38057 minima 2560
epoch 16 batch 8/16 samples 1024/2000 elapsed 3.6s reward_mean -2.13384 reward_std 0.36836 minima 2560
epoch 16 batch 9/16 samples 1152/2000 elapsed 4.0s reward_mean -2.20736 reward_std 0.3839 minima 2560
epoch 16 batch 10/16 samples 1280/2000 elapsed 4.4s reward_mean -2.13149 reward_std 0.37243 minima 2560
epoch 16 batch 11/16 samples 1408/2000 elapsed 4.9s reward_mean -2.16001 reward_std 0.37411 minima 2560
epoch 16 batch 12/16 samples 1536/2000 elapsed 5.3s reward_mean -2.12318 reward_std 0.41952 minima 2560
epoch 16 batch 13/16 samples 1664/2000 elapsed 5.7s reward_mean -2.15174 reward_std 0.37639 minima 2560
epoch 16 batch 14/16 samples 1792/2000 elapsed 6.1s reward_mean -2.2185 reward_std 0.39337 minima 2560
epoch 16 batch 15/16 samples 1920/2000 elapsed 6.6s reward_mean -2.2087 reward_std 0.35373 minima 2560
epoch 16 batch 16/16 samples 2000/2000 elapsed 6.9s reward_mean -2.05716 reward_std 0.35557 minima 1600
epoch 16 training done in 6.863s
(timestamp = "2026-06-09T09:54:25", epoch = 16, seconds = 6.8631385, train_accuracy = missing, train_loss = missing, test_accuracy = missing, test_loss = missing, pred_counts = missing, w_norm = 1.3396006f0, b_norm = 0.92600363f0, w_input_norm = 30.969963f0, grad_w_norm = 0.8993246f0, grad_b_norm = 1.0398797f0, grad_w_input_norm = 6.432241f0, attractor_samples = 1600, reward_mean = -2.0571637f0, reward_std = 0.355568f0, best_accuracy = 0.1915, best_path = "ext/IsingLearning/experiments/MNIST/784-120-40-surrogate-attractor/experiments/current/real_loose_progress_200pc_30ep\\best_checkpoint.bin", final_path = "")
epoch 17 training
epoch 17 batch 1/16 samples 128/2000 elapsed 0.5s reward_mean -2.11683 reward_std 0.36374 minima 2560
epoch 17 batch 2/16 samples 256/2000 elapsed 0.9s reward_mean -2.1872 reward_std 0.36885 minima 2560
epoch 17 batch 3/16 samples 384/2000 elapsed 1.3s reward_mean -2.2181 reward_std 0.42063 minima 2560
epoch 17 batch 4/16 samples 512/2000 elapsed 1.7s reward_mean -2.17338 reward_std 0.34384 minima 2560
epoch 17 batch 5/16 samples 640/2000 elapsed 2.1s reward_mean -2.13799 reward_std 0.37079 minima 2560
epoch 17 batch 6/16 samples 768/2000 elapsed 2.6s reward_mean -2.20575 reward_std 0.38816 minima 2560
epoch 17 batch 7/16 samples 896/2000 elapsed 3.1s reward_mean -2.11295 reward_std 0.37176 minima 2560
epoch 17 batch 8/16 samples 1024/2000 elapsed 3.5s reward_mean -2.11518 reward_std 0.36265 minima 2560
epoch 17 batch 9/16 samples 1152/2000 elapsed 4.0s reward_mean -2.19583 reward_std 0.37106 minima 2560
epoch 17 batch 10/16 samples 1280/2000 elapsed 4.4s reward_mean -2.11755 reward_std 0.37203 minima 2560
epoch 17 batch 11/16 samples 1408/2000 elapsed 4.8s reward_mean -2.19591 reward_std 0.43864 minima 2560
epoch 17 batch 12/16 samples 1536/2000 elapsed 5.2s reward_mean -2.1563 reward_std 0.3618 minima 2560
epoch 17 batch 13/16 samples 1664/2000 elapsed 5.7s reward_mean -2.16419 reward_std 0.37208 minima 2560
epoch 17 batch 14/16 samples 1792/2000 elapsed 6.1s reward_mean -2.15011 reward_std 0.39329 minima 2560
epoch 17 batch 15/16 samples 1920/2000 elapsed 6.5s reward_mean -2.15854 reward_std 0.39537 minima 2560
epoch 17 batch 16/16 samples 2000/2000 elapsed 6.8s reward_mean -2.21693 reward_std 0.45046 minima 1600
epoch 17 training done in 6.78s
(timestamp = "2026-06-09T09:54:31", epoch = 17, seconds = 6.7803655, train_accuracy = missing, train_loss = missing, test_accuracy = missing, test_loss = missing, pred_counts = missing, w_norm = 1.3702853f0, b_norm = 0.9874183f0, w_input_norm = 32.928856f0, grad_w_norm = 0.44569838f0, grad_b_norm = 0.25293386f0, grad_w_input_norm = 5.464005f0, attractor_samples = 1600, reward_mean = -2.216928f0, reward_std = 0.45046374f0, best_accuracy = 0.1915, best_path = "ext/IsingLearning/experiments/MNIST/784-120-40-surrogate-attractor/experiments/current/real_loose_progress_200pc_30ep\\best_checkpoint.bin", final_path = "")
epoch 18 training
epoch 18 batch 1/16 samples 128/2000 elapsed 0.4s reward_mean -2.15262 reward_std 0.38027 minima 2560
epoch 18 batch 2/16 samples 256/2000 elapsed 0.9s reward_mean -2.17334 reward_std 0.36013 minima 2560
epoch 18 batch 3/16 samples 384/2000 elapsed 1.3s reward_mean -2.21763 reward_std 0.36404 minima 2560
epoch 18 batch 4/16 samples 512/2000 elapsed 1.7s reward_mean -2.22448 reward_std 0.4404 minima 2560
epoch 18 batch 5/16 samples 640/2000 elapsed 2.2s reward_mean -2.20813 reward_std 0.41659 minima 2560
epoch 18 batch 6/16 samples 768/2000 elapsed 2.6s reward_mean -2.11861 reward_std 0.37943 minima 2560
epoch 18 batch 7/16 samples 896/2000 elapsed 3.1s reward_mean -2.09974 reward_std 0.38209 minima 2560
epoch 18 batch 8/16 samples 1024/2000 elapsed 3.5s reward_mean -2.147 reward_std 0.39297 minima 2560
epoch 18 batch 9/16 samples 1152/2000 elapsed 3.9s reward_mean -2.13939 reward_std 0.35941 minima 2560
epoch 18 batch 10/16 samples 1280/2000 elapsed 4.2s reward_mean -2.14621 reward_std 0.39691 minima 2560
epoch 18 batch 11/16 samples 1408/2000 elapsed 4.8s reward_mean -2.17878 reward_std 0.36416 minima 2560
epoch 18 batch 12/16 samples 1536/2000 elapsed 5.2s reward_mean -2.15992 reward_std 0.38743 minima 2560
epoch 18 batch 13/16 samples 1664/2000 elapsed 5.6s reward_mean -2.15163 reward_std 0.36168 minima 2560
epoch 18 batch 14/16 samples 1792/2000 elapsed 6.0s reward_mean -2.1238 reward_std 0.39978 minima 2560
epoch 18 batch 15/16 samples 1920/2000 elapsed 6.4s reward_mean -2.18268 reward_std 0.36283 minima 2560
epoch 18 batch 16/16 samples 2000/2000 elapsed 6.7s reward_mean -2.19094 reward_std 0.3746 minima 1600
epoch 18 training done in 6.691s
(timestamp = "2026-06-09T09:54:38", epoch = 18, seconds = 6.6913476, train_accuracy = missing, train_loss = missing, test_accuracy = missing, test_loss = missing, pred_counts = missing, w_norm = 1.4173975f0, b_norm = 1.048438f0, w_input_norm = 34.957745f0, grad_w_norm = 0.42852646f0, grad_b_norm = 0.059826776f0, grad_w_input_norm = 3.7390757f0, attractor_samples = 1600, reward_mean = -2.1909437f0, reward_std = 0.37459987f0, best_accuracy = 0.1915, best_path = "ext/IsingLearning/experiments/MNIST/784-120-40-surrogate-attractor/experiments/current/real_loose_progress_200pc_30ep\\best_checkpoint.bin", final_path = "")
epoch 19 training
epoch 19 batch 1/16 samples 128/2000 elapsed 0.5s reward_mean -2.15556 reward_std 0.41173 minima 2560
epoch 19 batch 2/16 samples 256/2000 elapsed 0.9s reward_mean -2.21674 reward_std 0.37777 minima 2560
epoch 19 batch 3/16 samples 384/2000 elapsed 1.3s reward_mean -2.18114 reward_std 0.38745 minima 2560
epoch 19 batch 4/16 samples 512/2000 elapsed 1.8s reward_mean -2.11926 reward_std 0.40976 minima 2560
epoch 19 batch 5/16 samples 640/2000 elapsed 2.3s reward_mean -2.13292 reward_std 0.40115 minima 2560
epoch 19 batch 6/16 samples 768/2000 elapsed 2.7s reward_mean -2.14841 reward_std 0.37937 minima 2560
epoch 19 batch 7/16 samples 896/2000 elapsed 3.0s reward_mean -2.18424 reward_std 0.37115 minima 2560
epoch 19 batch 8/16 samples 1024/2000 elapsed 3.4s reward_mean -2.20106 reward_std 0.39541 minima 2560
epoch 19 batch 9/16 samples 1152/2000 elapsed 3.8s reward_mean -2.19179 reward_std 0.36517 minima 2560
epoch 19 batch 10/16 samples 1280/2000 elapsed 4.2s reward_mean -2.15629 reward_std 0.35948 minima 2560
epoch 19 batch 11/16 samples 1408/2000 elapsed 4.6s reward_mean -2.19758 reward_std 0.39796 minima 2560
epoch 19 batch 12/16 samples 1536/2000 elapsed 5.0s reward_mean -2.15851 reward_std 0.37743 minima 2560
epoch 19 batch 13/16 samples 1664/2000 elapsed 5.5s reward_mean -2.09369 reward_std 0.35725 minima 2560
epoch 19 batch 14/16 samples 1792/2000 elapsed 5.9s reward_mean -2.1454 reward_std 0.36681 minima 2560
epoch 19 batch 15/16 samples 1920/2000 elapsed 6.3s reward_mean -2.16479 reward_std 0.37535 minima 2560
epoch 19 batch 16/16 samples 2000/2000 elapsed 6.5s reward_mean -2.17507 reward_std 0.4247 minima 1600
epoch 19 training done in 6.508s
(timestamp = "2026-06-09T09:54:45", epoch = 19, seconds = 6.5084467, train_accuracy = missing, train_loss = missing, test_accuracy = missing, test_loss = missing, pred_counts = missing, w_norm = 1.4848224f0, b_norm = 1.1120813f0, w_input_norm = 36.913303f0, grad_w_norm = 0.3215876f0, grad_b_norm = 0.5472764f0, grad_w_input_norm = 5.172744f0, attractor_samples = 1600, reward_mean = -2.1750712f0, reward_std = 0.4246975f0, best_accuracy = 0.1915, best_path = "ext/IsingLearning/experiments/MNIST/784-120-40-surrogate-attractor/experiments/current/real_loose_progress_200pc_30ep\\best_checkpoint.bin", final_path = "")
epoch 20 training
epoch 20 batch 1/16 samples 128/2000 elapsed 0.4s reward_mean -2.14695 reward_std 0.40105 minima 2560
epoch 20 batch 2/16 samples 256/2000 elapsed 0.9s reward_mean -2.13773 reward_std 0.40918 minima 2560
epoch 20 batch 3/16 samples 384/2000 elapsed 1.3s reward_mean -2.16167 reward_std 0.38923 minima 2560
epoch 20 batch 4/16 samples 512/2000 elapsed 1.6s reward_mean -2.21925 reward_std 0.35082 minima 2560
epoch 20 batch 5/16 samples 640/2000 elapsed 2.1s reward_mean -2.13448 reward_std 0.38678 minima 2560
epoch 20 batch 6/16 samples 768/2000 elapsed 2.5s reward_mean -2.2317 reward_std 0.38725 minima 2560
epoch 20 batch 7/16 samples 896/2000 elapsed 3.0s reward_mean -2.16255 reward_std 0.38019 minima 2560
epoch 20 batch 8/16 samples 1024/2000 elapsed 3.5s reward_mean -2.12684 reward_std 0.36242 minima 2560
epoch 20 batch 9/16 samples 1152/2000 elapsed 3.9s reward_mean -2.17411 reward_std 0.38775 minima 2560
epoch 20 batch 10/16 samples 1280/2000 elapsed 4.3s reward_mean -2.13539 reward_std 0.38477 minima 2560
epoch 20 batch 11/16 samples 1408/2000 elapsed 4.8s reward_mean -2.15002 reward_std 0.3764 minima 2560
epoch 20 batch 12/16 samples 1536/2000 elapsed 5.2s reward_mean -2.2115 reward_std 0.38239 minima 2560
epoch 20 batch 13/16 samples 1664/2000 elapsed 5.6s reward_mean -2.19648 reward_std 0.38322 minima 2560
epoch 20 batch 14/16 samples 1792/2000 elapsed 6.0s reward_mean -2.17882 reward_std 0.38061 minima 2560
epoch 20 batch 15/16 samples 1920/2000 elapsed 6.4s reward_mean -2.13231 reward_std 0.38357 minima 2560
epoch 20 batch 16/16 samples 2000/2000 elapsed 6.7s reward_mean -2.0841 reward_std 0.39457 minima 1600
epoch 20 training done in 6.708s
epoch 20 train-eval: evaluating 2000 samples
epoch 20 train-eval: done in 0.243s accuracy=0.1895 loss=76.09015
epoch 20 evaluating
epoch 20 test: evaluating 2000 samples
epoch 20 test: done in 0.145s accuracy=0.18 loss=76.79206
(timestamp = "2026-06-09T09:54:52", epoch = 20, seconds = 6.708344, train_accuracy = 0.1895, train_loss = 76.09015f0, test_accuracy = 0.18, test_loss = 76.79206f0, pred_counts = "1077-466-0-0-0-0-0-0-457-0", w_norm = 1.5265844f0, b_norm = 1.1827949f0, w_input_norm = 38.97342f0, grad_w_norm = 1.6806997f0, grad_b_norm = 1.1911352f0, grad_w_input_norm = 6.562984f0, attractor_samples = 1600, reward_mean = -2.0841012f0, reward_std = 0.3945669f0, best_accuracy = 0.1915, best_path = "ext/IsingLearning/experiments/MNIST/784-120-40-surrogate-attractor/experiments/current/real_loose_progress_200pc_30ep\\best_checkpoint.bin", final_path = "")
epoch 21 training
epoch 21 batch 1/16 samples 128/2000 elapsed 0.5s reward_mean -2.14387 reward_std 0.3892 minima 2560
epoch 21 batch 2/16 samples 256/2000 elapsed 0.9s reward_mean -2.12758 reward_std 0.39123 minima 2560
epoch 21 batch 3/16 samples 384/2000 elapsed 1.3s reward_mean -2.18015 reward_std 0.38378 minima 2560
epoch 21 batch 4/16 samples 512/2000 elapsed 1.6s reward_mean -2.11992 reward_std 0.39739 minima 2560
epoch 21 batch 5/16 samples 640/2000 elapsed 2.1s reward_mean -2.16093 reward_std 0.37315 minima 2560
epoch 21 batch 6/16 samples 768/2000 elapsed 2.5s reward_mean -2.16574 reward_std 0.3542 minima 2560
epoch 21 batch 7/16 samples 896/2000 elapsed 2.9s reward_mean -2.0865 reward_std 0.39802 minima 2560
epoch 21 batch 8/16 samples 1024/2000 elapsed 3.4s reward_mean -2.22977 reward_std 0.35613 minima 2560
epoch 21 batch 9/16 samples 1152/2000 elapsed 3.8s reward_mean -2.22839 reward_std 0.35975 minima 2560
epoch 21 batch 10/16 samples 1280/2000 elapsed 4.2s reward_mean -2.1695 reward_std 0.38827 minima 2560
epoch 21 batch 11/16 samples 1408/2000 elapsed 4.6s reward_mean -2.17811 reward_std 0.3898 minima 2560
epoch 21 batch 12/16 samples 1536/2000 elapsed 5.0s reward_mean -2.14479 reward_std 0.39211 minima 2560
epoch 21 batch 13/16 samples 1664/2000 elapsed 5.4s reward_mean -2.11153 reward_std 0.39657 minima 2560
epoch 21 batch 14/16 samples 1792/2000 elapsed 5.8s reward_mean -2.19118 reward_std 0.36216 minima 2560
epoch 21 batch 15/16 samples 1920/2000 elapsed 6.3s reward_mean -2.15551 reward_std 0.39796 minima 2560
epoch 21 batch 16/16 samples 2000/2000 elapsed 6.6s reward_mean -2.24199 reward_std 0.39855 minima 1600
epoch 21 training done in 6.57s
(timestamp = "2026-06-09T09:54:58", epoch = 21, seconds = 6.5699359, train_accuracy = missing, train_loss = missing, test_accuracy = missing, test_loss = missing, pred_counts = missing, w_norm = 1.6174216f0, b_norm = 1.2562839f0, w_input_norm = 40.950172f0, grad_w_norm = 1.4914753f0, grad_b_norm = 0.59015274f0, grad_w_input_norm = 5.453523f0, attractor_samples = 1600, reward_mean = -2.241994f0, reward_std = 0.3985524f0, best_accuracy = 0.1915, best_path = "ext/IsingLearning/experiments/MNIST/784-120-40-surrogate-attractor/experiments/current/real_loose_progress_200pc_30ep\\best_checkpoint.bin", final_path = "")
epoch 22 training
epoch 22 batch 1/16 samples 128/2000 elapsed 0.4s reward_mean -2.12609 reward_std 0.36062 minima 2560
epoch 22 batch 2/16 samples 256/2000 elapsed 0.8s reward_mean -2.1952 reward_std 0.40131 minima 2560
epoch 22 batch 3/16 samples 384/2000 elapsed 1.2s reward_mean -2.16616 reward_std 0.36582 minima 2560
epoch 22 batch 4/16 samples 512/2000 elapsed 1.7s reward_mean -2.14764 reward_std 0.38636 minima 2560
epoch 22 batch 5/16 samples 640/2000 elapsed 2.1s reward_mean -2.15631 reward_std 0.35407 minima 2560
epoch 22 batch 6/16 samples 768/2000 elapsed 2.5s reward_mean -2.21831 reward_std 0.40767 minima 2560
epoch 22 batch 7/16 samples 896/2000 elapsed 2.9s reward_mean -2.197 reward_std 0.40016 minima 2560
epoch 22 batch 8/16 samples 1024/2000 elapsed 3.3s reward_mean -2.18663 reward_std 0.38221 minima 2560
epoch 22 batch 9/16 samples 1152/2000 elapsed 3.7s reward_mean -2.14076 reward_std 0.38208 minima 2560
epoch 22 batch 10/16 samples 1280/2000 elapsed 4.2s reward_mean -2.16958 reward_std 0.3987 minima 2560
epoch 22 batch 11/16 samples 1408/2000 elapsed 4.6s reward_mean -2.10992 reward_std 0.36276 minima 2560
epoch 22 batch 12/16 samples 1536/2000 elapsed 5.0s reward_mean -2.17869 reward_std 0.38573 minima 2560
epoch 22 batch 13/16 samples 1664/2000 elapsed 5.4s reward_mean -2.15932 reward_std 0.42254 minima 2560
epoch 22 batch 14/16 samples 1792/2000 elapsed 5.7s reward_mean -2.12135 reward_std 0.36098 minima 2560
epoch 22 batch 15/16 samples 1920/2000 elapsed 6.2s reward_mean -2.18887 reward_std 0.39504 minima 2560
epoch 22 batch 16/16 samples 2000/2000 elapsed 6.5s reward_mean -2.12032 reward_std 0.3522 minima 1600
epoch 22 training done in 6.473s
(timestamp = "2026-06-09T09:55:05", epoch = 22, seconds = 6.4734315, train_accuracy = missing, train_loss = missing, test_accuracy = missing, test_loss = missing, pred_counts = missing, w_norm = 1.6453514f0, b_norm = 1.3203585f0, w_input_norm = 42.94193f0, grad_w_norm = 0.65638375f0, grad_b_norm = 0.55614996f0, grad_w_input_norm = 4.3285813f0, attractor_samples = 1600, reward_mean = -2.120324f0, reward_std = 0.35220075f0, best_accuracy = 0.1915, best_path = "ext/IsingLearning/experiments/MNIST/784-120-40-surrogate-attractor/experiments/current/real_loose_progress_200pc_30ep\\best_checkpoint.bin", final_path = "")
epoch 23 training
epoch 23 batch 1/16 samples 128/2000 elapsed 0.5s reward_mean -2.19705 reward_std 0.39886 minima 2560
epoch 23 batch 2/16 samples 256/2000 elapsed 0.8s reward_mean -2.13745 reward_std 0.34603 minima 2560
epoch 23 batch 3/16 samples 384/2000 elapsed 1.3s reward_mean -2.20432 reward_std 0.39432 minima 2560
epoch 23 batch 4/16 samples 512/2000 elapsed 1.7s reward_mean -2.1633 reward_std 0.37631 minima 2560
epoch 23 batch 5/16 samples 640/2000 elapsed 2.2s reward_mean -2.15304 reward_std 0.40387 minima 2560
epoch 23 batch 6/16 samples 768/2000 elapsed 2.6s reward_mean -2.1254 reward_std 0.40166 minima 2560
epoch 23 batch 7/16 samples 896/2000 elapsed 3.0s reward_mean -2.13008 reward_std 0.39343 minima 2560
epoch 23 batch 8/16 samples 1024/2000 elapsed 3.4s reward_mean -2.23937 reward_std 0.39032 minima 2560
epoch 23 batch 9/16 samples 1152/2000 elapsed 3.9s reward_mean -2.19584 reward_std 0.37631 minima 2560
epoch 23 batch 10/16 samples 1280/2000 elapsed 4.3s reward_mean -2.16485 reward_std 0.39229 minima 2560
epoch 23 batch 11/16 samples 1408/2000 elapsed 4.7s reward_mean -2.11365 reward_std 0.37892 minima 2560
epoch 23 batch 12/16 samples 1536/2000 elapsed 5.2s reward_mean -2.17097 reward_std 0.38819 minima 2560
epoch 23 batch 13/16 samples 1664/2000 elapsed 5.7s reward_mean -2.14321 reward_std 0.37406 minima 2560
epoch 23 batch 14/16 samples 1792/2000 elapsed 6.1s reward_mean -2.15481 reward_std 0.37608 minima 2560
epoch 23 batch 15/16 samples 1920/2000 elapsed 6.6s reward_mean -2.16406 reward_std 0.39212 minima 2560
epoch 23 batch 16/16 samples 2000/2000 elapsed 6.9s reward_mean -2.15372 reward_std 0.34369 minima 1600
epoch 23 training done in 6.917s
(timestamp = "2026-06-09T09:55:12", epoch = 23, seconds = 6.9167811, train_accuracy = missing, train_loss = missing, test_accuracy = missing, test_loss = missing, pred_counts = missing, w_norm = 1.6829884f0, b_norm = 1.3898274f0, w_input_norm = 44.940575f0, grad_w_norm = 0.45497814f0, grad_b_norm = 0.12043866f0, grad_w_input_norm = 3.7985077f0, attractor_samples = 1600, reward_mean = -2.1537218f0, reward_std = 0.34368756f0, best_accuracy = 0.1915, best_path = "ext/IsingLearning/experiments/MNIST/784-120-40-surrogate-attractor/experiments/current/real_loose_progress_200pc_30ep\\best_checkpoint.bin", final_path = "")
epoch 24 training
epoch 24 batch 1/16 samples 128/2000 elapsed 0.5s reward_mean -2.19208 reward_std 0.37565 minima 2560
epoch 24 batch 2/16 samples 256/2000 elapsed 1.0s reward_mean -2.10366 reward_std 0.40902 minima 2560
epoch 24 batch 3/16 samples 384/2000 elapsed 1.4s reward_mean -2.18274 reward_std 0.3845 minima 2560
epoch 24 batch 4/16 samples 512/2000 elapsed 1.8s reward_mean -2.17817 reward_std 0.3937 minima 2560
epoch 24 batch 5/16 samples 640/2000 elapsed 2.3s reward_mean -2.24704 reward_std 0.40671 minima 2560
epoch 24 batch 6/16 samples 768/2000 elapsed 2.7s reward_mean -2.19029 reward_std 0.35364 minima 2560
epoch 24 batch 7/16 samples 896/2000 elapsed 3.2s reward_mean -2.15006 reward_std 0.36595 minima 2560
epoch 24 batch 8/16 samples 1024/2000 elapsed 3.7s reward_mean -2.18094 reward_std 0.3964 minima 2560
epoch 24 batch 9/16 samples 1152/2000 elapsed 4.1s reward_mean -2.08963 reward_std 0.37149 minima 2560
epoch 24 batch 10/16 samples 1280/2000 elapsed 4.6s reward_mean -2.15236 reward_std 0.38853 minima 2560
epoch 24 batch 11/16 samples 1408/2000 elapsed 5.1s reward_mean -2.22753 reward_std 0.38764 minima 2560
epoch 24 batch 12/16 samples 1536/2000 elapsed 5.5s reward_mean -2.18109 reward_std 0.35865 minima 2560
epoch 24 batch 13/16 samples 1664/2000 elapsed 6.0s reward_mean -2.19182 reward_std 0.3965 minima 2560
epoch 24 batch 14/16 samples 1792/2000 elapsed 6.4s reward_mean -2.0914 reward_std 0.38489 minima 2560
epoch 24 batch 15/16 samples 1920/2000 elapsed 6.9s reward_mean -2.11136 reward_std 0.37762 minima 2560
epoch 24 batch 16/16 samples 2000/2000 elapsed 7.2s reward_mean -2.14162 reward_std 0.36609 minima 1600
epoch 24 training done in 7.188s
(timestamp = "2026-06-09T09:55:19", epoch = 24, seconds = 7.1875603, train_accuracy = missing, train_loss = missing, test_accuracy = missing, test_loss = missing, pred_counts = missing, w_norm = 1.7281325f0, b_norm = 1.4559671f0, w_input_norm = 46.929848f0, grad_w_norm = 0.69898885f0, grad_b_norm = 0.55251956f0, grad_w_input_norm = 5.5520134f0, attractor_samples = 1600, reward_mean = -2.141616f0, reward_std = 0.36609244f0, best_accuracy = 0.1915, best_path = "ext/IsingLearning/experiments/MNIST/784-120-40-surrogate-attractor/experiments/current/real_loose_progress_200pc_30ep\\best_checkpoint.bin", final_path = "")
epoch 25 training
epoch 25 batch 1/16 samples 128/2000 elapsed 0.4s reward_mean -2.15105 reward_std 0.39403 minima 2560
epoch 25 batch 2/16 samples 256/2000 elapsed 0.9s reward_mean -2.19808 reward_std 0.41451 minima 2560
epoch 25 batch 3/16 samples 384/2000 elapsed 1.3s reward_mean -2.14088 reward_std 0.39869 minima 2560
epoch 25 batch 4/16 samples 512/2000 elapsed 1.7s reward_mean -2.13863 reward_std 0.38268 minima 2560
epoch 25 batch 5/16 samples 640/2000 elapsed 2.1s reward_mean -2.18353 reward_std 0.35741 minima 2560
epoch 25 batch 6/16 samples 768/2000 elapsed 2.6s reward_mean -2.17347 reward_std 0.36325 minima 2560
epoch 25 batch 7/16 samples 896/2000 elapsed 2.9s reward_mean -2.13937 reward_std 0.36671 minima 2560
epoch 25 batch 8/16 samples 1024/2000 elapsed 3.3s reward_mean -2.1786 reward_std 0.40774 minima 2560
epoch 25 batch 9/16 samples 1152/2000 elapsed 3.7s reward_mean -2.13173 reward_std 0.39006 minima 2560
epoch 25 batch 10/16 samples 1280/2000 elapsed 4.1s reward_mean -2.1556 reward_std 0.37415 minima 2560
epoch 25 batch 11/16 samples 1408/2000 elapsed 4.5s reward_mean -2.15344 reward_std 0.33182 minima 2560
epoch 25 batch 12/16 samples 1536/2000 elapsed 4.9s reward_mean -2.16106 reward_std 0.38141 minima 2560
epoch 25 batch 13/16 samples 1664/2000 elapsed 5.4s reward_mean -2.11524 reward_std 0.36684 minima 2560
epoch 25 batch 14/16 samples 1792/2000 elapsed 5.9s reward_mean -2.21581 reward_std 0.40046 minima 2560
epoch 25 batch 15/16 samples 1920/2000 elapsed 6.4s reward_mean -2.19969 reward_std 0.40738 minima 2560
epoch 25 batch 16/16 samples 2000/2000 elapsed 6.7s reward_mean -2.1588 reward_std 0.39679 minima 1600
epoch 25 training done in 6.652s
epoch 25 train-eval: evaluating 2000 samples
epoch 25 train-eval: done in 0.154s accuracy=0.185 loss=76.07805
epoch 25 evaluating
epoch 25 test: evaluating 2000 samples
epoch 25 test: done in 0.116s accuracy=0.1895 loss=76.78523
(timestamp = "2026-06-09T09:55:26", epoch = 25, seconds = 6.6517818, train_accuracy = 0.185, train_loss = 76.07805f0, test_accuracy = 0.1895, test_loss = 76.78523f0, pred_counts = "1077-440-0-0-0-0-0-0-482-1", w_norm = 1.7889005f0, b_norm = 1.5209824f0, w_input_norm = 48.94154f0, grad_w_norm = 0.41013023f0, grad_b_norm = 0.35231367f0, grad_w_input_norm = 5.20618f0, attractor_samples = 1600, reward_mean = -2.1587996f0, reward_std = 0.39679334f0, best_accuracy = 0.1915, best_path = "ext/IsingLearning/experiments/MNIST/784-120-40-surrogate-attractor/experiments/current/real_loose_progress_200pc_30ep\\best_checkpoint.bin", final_path = "")
epoch 26 training
epoch 26 batch 1/16 samples 128/2000 elapsed 0.4s reward_mean -2.18031 reward_std 0.38639 minima 2560
epoch 26 batch 2/16 samples 256/2000 elapsed 0.7s reward_mean -2.12846 reward_std 0.39533 minima 2560
epoch 26 batch 3/16 samples 384/2000 elapsed 1.2s reward_mean -2.19707 reward_std 0.38226 minima 2560
epoch 26 batch 4/16 samples 512/2000 elapsed 1.7s reward_mean -2.15405 reward_std 0.4161 minima 2560
epoch 26 batch 5/16 samples 640/2000 elapsed 2.0s reward_mean -2.11828 reward_std 0.4011 minima 2560
epoch 26 batch 6/16 samples 768/2000 elapsed 2.4s reward_mean -2.22368 reward_std 0.37958 minima 2560
epoch 26 batch 7/16 samples 896/2000 elapsed 2.8s reward_mean -2.19042 reward_std 0.36438 minima 2560
epoch 26 batch 8/16 samples 1024/2000 elapsed 3.2s reward_mean -2.15631 reward_std 0.38027 minima 2560
epoch 26 batch 9/16 samples 1152/2000 elapsed 3.6s reward_mean -2.11229 reward_std 0.36964 minima 2560
epoch 26 batch 10/16 samples 1280/2000 elapsed 4.0s reward_mean -2.17475 reward_std 0.4036 minima 2560
epoch 26 batch 11/16 samples 1408/2000 elapsed 4.4s reward_mean -2.18492 reward_std 0.36804 minima 2560
epoch 26 batch 12/16 samples 1536/2000 elapsed 4.7s reward_mean -2.18411 reward_std 0.39806 minima 2560
epoch 26 batch 13/16 samples 1664/2000 elapsed 5.2s reward_mean -2.18497 reward_std 0.37397 minima 2560
epoch 26 batch 14/16 samples 1792/2000 elapsed 5.6s reward_mean -2.12084 reward_std 0.3471 minima 2560
epoch 26 batch 15/16 samples 1920/2000 elapsed 6.0s reward_mean -2.20268 reward_std 0.40756 minima 2560
epoch 26 batch 16/16 samples 2000/2000 elapsed 6.2s reward_mean -2.09158 reward_std 0.36539 minima 1600
epoch 26 training done in 6.247s
(timestamp = "2026-06-09T09:55:32", epoch = 26, seconds = 6.2468037, train_accuracy = missing, train_loss = missing, test_accuracy = missing, test_loss = missing, pred_counts = missing, w_norm = 1.8263085f0, b_norm = 1.5685883f0, w_input_norm = 51.03837f0, grad_w_norm = 0.338683f0, grad_b_norm = 0.6547147f0, grad_w_input_norm = 5.638598f0, attractor_samples = 1600, reward_mean = -2.091581f0, reward_std = 0.36538514f0, best_accuracy = 0.1915, best_path = "ext/IsingLearning/experiments/MNIST/784-120-40-surrogate-attractor/experiments/current/real_loose_progress_200pc_30ep\\best_checkpoint.bin", final_path = "")
epoch 27 training
epoch 27 batch 1/16 samples 128/2000 elapsed 0.4s reward_mean -2.1903 reward_std 0.38892 minima 2560
epoch 27 batch 2/16 samples 256/2000 elapsed 0.9s reward_mean -2.1524 reward_std 0.36034 minima 2560
epoch 27 batch 3/16 samples 384/2000 elapsed 1.2s reward_mean -2.19736 reward_std 0.39894 minima 2560
epoch 27 batch 4/16 samples 512/2000 elapsed 1.6s reward_mean -2.16013 reward_std 0.3647 minima 2560
epoch 27 batch 5/16 samples 640/2000 elapsed 2.0s reward_mean -2.14858 reward_std 0.38332 minima 2560
epoch 27 batch 6/16 samples 768/2000 elapsed 2.5s reward_mean -2.10806 reward_std 0.37099 minima 2560
epoch 27 batch 7/16 samples 896/2000 elapsed 2.9s reward_mean -2.15537 reward_std 0.37923 minima 2560
epoch 27 batch 8/16 samples 1024/2000 elapsed 3.4s reward_mean -2.16407 reward_std 0.35713 minima 2560
epoch 27 batch 9/16 samples 1152/2000 elapsed 3.8s reward_mean -2.20675 reward_std 0.42491 minima 2560
epoch 27 batch 10/16 samples 1280/2000 elapsed 4.2s reward_mean -2.14625 reward_std 0.41955 minima 2560
epoch 27 batch 11/16 samples 1408/2000 elapsed 4.7s reward_mean -2.18446 reward_std 0.3793 minima 2560
epoch 27 batch 12/16 samples 1536/2000 elapsed 5.1s reward_mean -2.13882 reward_std 0.37173 minima 2560
epoch 27 batch 13/16 samples 1664/2000 elapsed 5.6s reward_mean -2.16209 reward_std 0.36355 minima 2560
epoch 27 batch 14/16 samples 1792/2000 elapsed 6.0s reward_mean -2.12045 reward_std 0.37503 minima 2560
epoch 27 batch 15/16 samples 1920/2000 elapsed 6.4s reward_mean -2.18689 reward_std 0.38018 minima 2560
epoch 27 batch 16/16 samples 2000/2000 elapsed 6.6s reward_mean -2.20242 reward_std 0.38074 minima 1600
epoch 27 training done in 6.639s
(timestamp = "2026-06-09T09:55:39", epoch = 27, seconds = 6.6388488, train_accuracy = missing, train_loss = missing, test_accuracy = missing, test_loss = missing, pred_counts = missing, w_norm = 1.9576266f0, b_norm = 1.6695594f0, w_input_norm = 53.04309f0, grad_w_norm = 0.3308663f0, grad_b_norm = 0.12447698f0, grad_w_input_norm = 3.9082377f0, attractor_samples = 1600, reward_mean = -2.2024212f0, reward_std = 0.38074353f0, best_accuracy = 0.1915, best_path = "ext/IsingLearning/experiments/MNIST/784-120-40-surrogate-attractor/experiments/current/real_loose_progress_200pc_30ep\\best_checkpoint.bin", final_path = "")
epoch 28 training
epoch 28 batch 1/16 samples 128/2000 elapsed 0.4s reward_mean -2.16174 reward_std 0.36695 minima 2560
epoch 28 batch 2/16 samples 256/2000 elapsed 0.8s reward_mean -2.19004 reward_std 0.38411 minima 2560
epoch 28 batch 3/16 samples 384/2000 elapsed 1.2s reward_mean -2.11985 reward_std 0.36919 minima 2560
epoch 28 batch 4/16 samples 512/2000 elapsed 1.6s reward_mean -2.22196 reward_std 0.3504 minima 2560
epoch 28 batch 5/16 samples 640/2000 elapsed 2.0s reward_mean -2.20784 reward_std 0.37765 minima 2560
epoch 28 batch 6/16 samples 768/2000 elapsed 2.4s reward_mean -2.11775 reward_std 0.35315 minima 2560
epoch 28 batch 7/16 samples 896/2000 elapsed 2.9s reward_mean -2.16032 reward_std 0.36601 minima 2560
epoch 28 batch 8/16 samples 1024/2000 elapsed 3.3s reward_mean -2.16162 reward_std 0.34916 minima 2560
epoch 28 batch 9/16 samples 1152/2000 elapsed 3.7s reward_mean -2.16814 reward_std 0.36554 minima 2560
epoch 28 batch 10/16 samples 1280/2000 elapsed 4.1s reward_mean -2.18213 reward_std 0.37268 minima 2560
epoch 28 batch 11/16 samples 1408/2000 elapsed 4.6s reward_mean -2.11484 reward_std 0.35261 minima 2560
epoch 28 batch 12/16 samples 1536/2000 elapsed 5.0s reward_mean -2.15532 reward_std 0.3754 minima 2560
epoch 28 batch 13/16 samples 1664/2000 elapsed 5.4s reward_mean -2.18723 reward_std 0.40012 minima 2560
epoch 28 batch 14/16 samples 1792/2000 elapsed 5.8s reward_mean -2.13878 reward_std 0.36737 minima 2560
epoch 28 batch 15/16 samples 1920/2000 elapsed 6.2s reward_mean -2.21222 reward_std 0.34138 minima 2560
epoch 28 batch 16/16 samples 2000/2000 elapsed 6.4s reward_mean -2.15562 reward_std 0.36822 minima 1600
epoch 28 training done in 6.398s
(timestamp = "2026-06-09T09:55:45", epoch = 28, seconds = 6.3980241, train_accuracy = missing, train_loss = missing, test_accuracy = missing, test_loss = missing, pred_counts = missing, w_norm = 2.0219142f0, b_norm = 1.7207243f0, w_input_norm = 55.03444f0, grad_w_norm = 0.6299749f0, grad_b_norm = 0.57784545f0, grad_w_input_norm = 5.1332173f0, attractor_samples = 1600, reward_mean = -2.1556203f0, reward_std = 0.36822298f0, best_accuracy = 0.1915, best_path = "ext/IsingLearning/experiments/MNIST/784-120-40-surrogate-attractor/experiments/current/real_loose_progress_200pc_30ep\\best_checkpoint.bin", final_path = "")
epoch 29 training
epoch 29 batch 1/16 samples 128/2000 elapsed 0.4s reward_mean -2.20549 reward_std 0.37453 minima 2560
epoch 29 batch 2/16 samples 256/2000 elapsed 0.7s reward_mean -2.19883 reward_std 0.38084 minima 2560
epoch 29 batch 3/16 samples 384/2000 elapsed 1.2s reward_mean -2.0903 reward_std 0.36955 minima 2560
epoch 29 batch 4/16 samples 512/2000 elapsed 1.5s reward_mean -2.13544 reward_std 0.39177 minima 2560
epoch 29 batch 5/16 samples 640/2000 elapsed 2.0s reward_mean -2.18406 reward_std 0.38932 minima 2560
epoch 29 batch 6/16 samples 768/2000 elapsed 2.4s reward_mean -2.14298 reward_std 0.37705 minima 2560
epoch 29 batch 7/16 samples 896/2000 elapsed 2.9s reward_mean -2.20828 reward_std 0.33253 minima 2560
epoch 29 batch 8/16 samples 1024/2000 elapsed 3.3s reward_mean -2.09107 reward_std 0.36768 minima 2560
epoch 29 batch 9/16 samples 1152/2000 elapsed 3.8s reward_mean -2.15807 reward_std 0.37215 minima 2560
epoch 29 batch 10/16 samples 1280/2000 elapsed 4.1s reward_mean -2.18599 reward_std 0.41619 minima 2560
epoch 29 batch 11/16 samples 1408/2000 elapsed 4.5s reward_mean -2.14009 reward_std 0.3686 minima 2560
epoch 29 batch 12/16 samples 1536/2000 elapsed 4.9s reward_mean -2.13313 reward_std 0.37046 minima 2560
epoch 29 batch 13/16 samples 1664/2000 elapsed 5.3s reward_mean -2.17196 reward_std 0.39788 minima 2560
epoch 29 batch 14/16 samples 1792/2000 elapsed 5.6s reward_mean -2.14322 reward_std 0.37101 minima 2560
epoch 29 batch 15/16 samples 1920/2000 elapsed 6.0s reward_mean -2.18726 reward_std 0.42507 minima 2560
epoch 29 batch 16/16 samples 2000/2000 elapsed 6.3s reward_mean -2.22835 reward_std 0.39167 minima 1600
epoch 29 training done in 6.276s
(timestamp = "2026-06-09T09:55:51", epoch = 29, seconds = 6.2759484, train_accuracy = missing, train_loss = missing, test_accuracy = missing, test_loss = missing, pred_counts = missing, w_norm = 2.1311302f0, b_norm = 1.8028944f0, w_input_norm = 56.967545f0, grad_w_norm = 0.2932689f0, grad_b_norm = 0.2922325f0, grad_w_input_norm = 3.9661171f0, attractor_samples = 1600, reward_mean = -2.228346f0, reward_std = 0.3916667f0, best_accuracy = 0.1915, best_path = "ext/IsingLearning/experiments/MNIST/784-120-40-surrogate-attractor/experiments/current/real_loose_progress_200pc_30ep\\best_checkpoint.bin", final_path = "")
epoch 30 training
epoch 30 batch 1/16 samples 128/2000 elapsed 0.4s reward_mean -2.24942 reward_std 0.37407 minima 2560
epoch 30 batch 2/16 samples 256/2000 elapsed 0.8s reward_mean -2.14955 reward_std 0.40664 minima 2560
epoch 30 batch 3/16 samples 384/2000 elapsed 1.2s reward_mean -2.15711 reward_std 0.3944 minima 2560
epoch 30 batch 4/16 samples 512/2000 elapsed 1.6s reward_mean -2.15239 reward_std 0.36818 minima 2560
epoch 30 batch 5/16 samples 640/2000 elapsed 2.1s reward_mean -2.1809 reward_std 0.37032 minima 2560
epoch 30 batch 6/16 samples 768/2000 elapsed 2.5s reward_mean -2.13151 reward_std 0.3576 minima 2560
epoch 30 batch 7/16 samples 896/2000 elapsed 3.0s reward_mean -2.1415 reward_std 0.36252 minima 2560
epoch 30 batch 8/16 samples 1024/2000 elapsed 3.4s reward_mean -2.13386 reward_std 0.39049 minima 2560
epoch 30 batch 9/16 samples 1152/2000 elapsed 3.8s reward_mean -2.17043 reward_std 0.38889 minima 2560
epoch 30 batch 10/16 samples 1280/2000 elapsed 4.3s reward_mean -2.17488 reward_std 0.37772 minima 2560
epoch 30 batch 11/16 samples 1408/2000 elapsed 4.7s reward_mean -2.14003 reward_std 0.37726 minima 2560
epoch 30 batch 12/16 samples 1536/2000 elapsed 5.1s reward_mean -2.17084 reward_std 0.37886 minima 2560
epoch 30 batch 13/16 samples 1664/2000 elapsed 5.5s reward_mean -2.13223 reward_std 0.38054 minima 2560
epoch 30 batch 14/16 samples 1792/2000 elapsed 6.0s reward_mean -2.15011 reward_std 0.39716 minima 2560
epoch 30 batch 15/16 samples 1920/2000 elapsed 6.4s reward_mean -2.18717 reward_std 0.39284 minima 2560
epoch 30 batch 16/16 samples 2000/2000 elapsed 6.7s reward_mean -2.1789 reward_std 0.43337 minima 1600
epoch 30 training done in 6.711s
epoch 30 train-eval: evaluating 2000 samples
epoch 30 train-eval: done in 0.19s accuracy=0.1905 loss=75.26965
epoch 30 evaluating
epoch 30 test: evaluating 2000 samples
epoch 30 test: done in 0.171s accuracy=0.184 loss=75.86342
(timestamp = "2026-06-09T09:55:59", epoch = 30, seconds = 6.710743, train_accuracy = 0.1905, train_loss = 75.26965f0, test_accuracy = 0.184, test_loss = 75.86342f0, pred_counts = "1073-477-0-0-0-0-0-1-449-0", w_norm = 2.136682f0, b_norm = 1.8578256f0, w_input_norm = 58.951927f0, grad_w_norm = 1.4011389f0, grad_b_norm = 1.115746f0, grad_w_input_norm = 7.323371f0, attractor_samples = 1600, reward_mean = -2.1788964f0, reward_std = 0.43337044f0, best_accuracy = 0.1915, best_path = "ext/IsingLearning/experiments/MNIST/784-120-40-surrogate-attractor/experiments/current/real_loose_progress_200pc_30ep\\best_checkpoint.bin", final_path = "ext/IsingLearning/experiments/MNIST/784-120-40-surrogate-attractor/experiments/current/real_loose_progress_200pc_30ep\\final_checkpoint.bin")
saved MNIST 784-120-40 surrogate-attractor run in ext/IsingLearning/experiments/MNIST/784-120-40-surrogate-attractor/experiments/current/real_loose_progress_200pc_30ep
