[2026-05-28T11:19:29] starting r3 sweeps=100 outdir=C:\Users\fenje\dev\InteractiveIsing.jl\ext\IsingLearning\experiments\MNIST\single-hidden-local-28x28-to-11x11-readout\experiments\current\20260528_110043_mnist_single_hidden_local_r3_s100_e2_32w
[2026-05-28T11:19:29] bootstrap script started elapsed_s=0.152
[2026-05-28T11:19:30] bootstrap Pkg loaded elapsed_s=0.356
[2026-05-28T11:19:30] bootstrap project activated elapsed_s=0.057
[2026-05-28T11:19:37] bootstrap dependencies loaded elapsed_s=7.52
[2026-05-28T11:19:43] run started name=r3_sweeps_100 radius=3 epochs=2 workers=32 threads=32 outdir=C:\Users\fenje\dev\InteractiveIsing.jl\ext\IsingLearning\experiments\MNIST\single-hidden-local-28x28-to-11x11-readout\experiments\current\20260528_110043_mnist_single_hidden_local_r3_s100_e2_32w
[2026-05-28T11:19:43] run output initialized elapsed_s=0.0
[2026-05-28T11:19:45] training data loaded elapsed_s=1.357 samples=1000 per_class=100
[2026-05-28T11:19:45] test data loaded elapsed_s=0.134 samples=200 per_class=20
[2026-05-28T11:19:47] model graph shell initialized elapsed_s=2.073 states=1729
[2026-05-28T11:19:47] model connectivity masks built elapsed_s=0.022 input_hidden=33856 hidden_hidden=3844 hidden_output=4840
[2026-05-28T11:19:47] model J entries initialized elapsed_s=0.228 stored_entries=85080
[2026-05-28T11:19:47] model J pointer lookup built elapsed_s=0.056 pointers=85080
[2026-05-28T11:19:47] model edge groups built elapsed_s=0.038
[2026-05-28T11:19:47] model initialized elapsed_s=2.427 stored_entries=85080
[2026-05-28T11:19:47] source model ready elapsed_s=2.435
[2026-05-28T11:19:47] checkpoint resume started path=C:\Users\fenje\dev\InteractiveIsing.jl\ext\IsingLearning\experiments\MNIST\single-hidden-local-28x28-to-11x11-readout\diagnostics\runs\r7_scheme_grid\mean_lr004_b32_traininternal_e30\r7\best_model.bin
[2026-05-28T11:19:48] checkpoint resume finished elapsed_s=0.467 path=C:\Users\fenje\dev\InteractiveIsing.jl\ext\IsingLearning\experiments\MNIST\single-hidden-local-28x28-to-11x11-readout\diagnostics\runs\r7_scheme_grid\mean_lr004_b32_traininternal_e30\r7\best_model.bin
[2026-05-28T11:19:48] manager construction started workers=32
[2026-05-28T11:20:00] worker algorithm resolved elapsed_s=11.569
[2026-05-28T11:20:01] manager constructing worker worker=1 workers=32
[2026-05-28T11:20:01] worker model initialized elapsed_s=0.563 worker=1
[2026-05-28T11:20:03] worker process initialized elapsed_s=1.738 worker=1
[2026-05-28T11:20:03] worker initialized elapsed_s=2.304 worker=1
[2026-05-28T11:20:03] manager constructed worker worker=1 workers=32
[2026-05-28T11:20:05] manager constructing worker worker=10 workers=32
[2026-05-28T11:20:05] worker model initialized elapsed_s=0.053 worker=10
[2026-05-28T11:20:05] worker process initialized elapsed_s=0.0 worker=10
[2026-05-28T11:20:05] worker initialized elapsed_s=0.054 worker=10
[2026-05-28T11:20:05] manager constructed worker worker=10 workers=32
[2026-05-28T11:20:05] manager constructing worker worker=20 workers=32
[2026-05-28T11:20:05] worker model initialized elapsed_s=0.054 worker=20
[2026-05-28T11:20:05] worker process initialized elapsed_s=0.001 worker=20
[2026-05-28T11:20:05] worker initialized elapsed_s=0.055 worker=20
[2026-05-28T11:20:05] manager constructed worker worker=20 workers=32
[2026-05-28T11:20:06] manager constructing worker worker=30 workers=32
[2026-05-28T11:20:06] worker model initialized elapsed_s=0.054 worker=30
[2026-05-28T11:20:06] worker process initialized elapsed_s=0.0 worker=30
[2026-05-28T11:20:06] worker initialized elapsed_s=0.054 worker=30
[2026-05-28T11:20:06] manager constructed worker worker=30 workers=32
[2026-05-28T11:20:06] manager constructing worker worker=32 workers=32
[2026-05-28T11:20:06] worker model initialized elapsed_s=0.053 worker=32
[2026-05-28T11:20:06] worker process initialized elapsed_s=0.0 worker=32
[2026-05-28T11:20:06] worker initialized elapsed_s=0.053 worker=32
[2026-05-28T11:20:06] manager constructed worker worker=32 workers=32
[2026-05-28T11:20:06] manager constructed elapsed_s=17.667 workers=32
[2026-05-28T11:20:06] manager ready elapsed_s=18.375 workers=32
[2026-05-28T11:20:06] epoch started epoch=0
[2026-05-28T11:20:06] epoch evaluation started epoch=0 samples=200
[2026-05-28T11:21:46] epoch evaluation finished elapsed_s=99.667 epoch=0 test_accuracy=0.12 test_loss=26.73
[2026-05-28T11:21:46] best checkpoint saved elapsed_s=0.209 epoch=0 best_accuracy=0.12 path=C:\Users\fenje\dev\InteractiveIsing.jl\ext\IsingLearning\experiments\MNIST\single-hidden-local-28x28-to-11x11-readout\experiments\current\20260528_110043_mnist_single_hidden_local_r3_s100_e2_32w\best_params.bin
(timestamp = "2026-05-28T11:21:46", epoch = 0, seconds = 0.0, train_accuracy = missing, train_loss = missing, skipped = missing, test_accuracy = 0.12, test_loss = 26.73f0, pred_counts = "67-1-57-10-0-0-1-61-3-0", best_accuracy = 0.12, best_path = "C:\\Users\\fenje\\dev\\InteractiveIsing.jl\\ext\\IsingLearning\\experiments\\MNIST\\single-hidden-local-28x28-to-11x11-readout\\experiments\\current\\20260528_110043_mnist_single_hidden_local_r3_s100_e2_32w\\best_params.bin", final_path = "")
[2026-05-28T11:21:47] epoch finished elapsed_s=100.658 epoch=0
[2026-05-28T11:21:47] epoch started epoch=1
[2026-05-28T11:21:47] epoch training started epoch=1 batches=32 samples=1000
[2026-05-28T11:21:47] batch build started epoch=1 batch=1 batches=32 first=1 last=32
[2026-05-28T11:21:47] batch jobs built elapsed_s=0.0 epoch=1 batch=1 jobs=32
[2026-05-28T11:21:47] batch run started epoch=1 batch=1 jobs=32
[2026-05-28T11:21:48] minibatch buffers cleared elapsed_s=0.076 jobs=32
[2026-05-28T11:21:48] minibatch manager run started jobs=32 workers=32
[2026-05-28T11:22:04] minibatch manager run finished elapsed_s=16.188 jobs=32
[2026-05-28T11:22:04] minibatch optimizer update finished elapsed_s=0.393 nsamples=32 skipped=3
[2026-05-28T11:22:04] batch run finished elapsed_s=17.352 epoch=1 batch=1 nsamples=32 accuracy=0.0938 loss=25.0 skipped=3
[2026-05-28T11:23:44] batch build started epoch=1 batch=10 batches=32 first=289 last=320
[2026-05-28T11:23:44] batch jobs built elapsed_s=0.0 epoch=1 batch=10 jobs=32
[2026-05-28T11:23:44] batch run started epoch=1 batch=10 jobs=32
[2026-05-28T11:23:44] minibatch buffers cleared elapsed_s=0.001 jobs=32
[2026-05-28T11:23:44] minibatch manager run started jobs=32 workers=32
[2026-05-28T11:23:56] minibatch manager run finished elapsed_s=12.124 jobs=32
[2026-05-28T11:23:56] minibatch optimizer update finished elapsed_s=0.001 nsamples=32 skipped=0
[2026-05-28T11:23:56] batch run finished elapsed_s=12.126 epoch=1 batch=10 nsamples=32 accuracy=0.125 loss=8.5625 skipped=0
[2026-05-28T11:25:46] batch build started epoch=1 batch=20 batches=32 first=609 last=640
[2026-05-28T11:25:46] batch jobs built elapsed_s=0.0 epoch=1 batch=20 jobs=32
[2026-05-28T11:25:46] batch run started epoch=1 batch=20 jobs=32
[2026-05-28T11:25:46] minibatch buffers cleared elapsed_s=0.001 jobs=32
[2026-05-28T11:25:46] minibatch manager run started jobs=32 workers=32
[2026-05-28T11:25:59] minibatch manager run finished elapsed_s=12.508 jobs=32
[2026-05-28T11:25:59] minibatch optimizer update finished elapsed_s=0.001 nsamples=32 skipped=0
[2026-05-28T11:25:59] batch run finished elapsed_s=12.51 epoch=1 batch=20 nsamples=32 accuracy=0.0625 loss=10.625 skipped=0
[2026-05-28T11:27:50] batch build started epoch=1 batch=30 batches=32 first=929 last=960
[2026-05-28T11:27:50] batch jobs built elapsed_s=0.0 epoch=1 batch=30 jobs=32
[2026-05-28T11:27:50] batch run started epoch=1 batch=30 jobs=32
[2026-05-28T11:27:50] minibatch buffers cleared elapsed_s=0.002 jobs=32
[2026-05-28T11:27:50] minibatch manager run started jobs=32 workers=32
[2026-05-28T11:28:02] minibatch manager run finished elapsed_s=12.115 jobs=32
[2026-05-28T11:28:02] minibatch optimizer update finished elapsed_s=0.0 nsamples=32 skipped=0
[2026-05-28T11:28:02] batch run finished elapsed_s=12.118 epoch=1 batch=30 nsamples=32 accuracy=0.0938 loss=15.5 skipped=0
[2026-05-28T11:28:14] batch build started epoch=1 batch=32 batches=32 first=993 last=1000
[2026-05-28T11:28:14] batch jobs built elapsed_s=0.0 epoch=1 batch=32 jobs=8
[2026-05-28T11:28:14] batch run started epoch=1 batch=32 jobs=8
[2026-05-28T11:28:14] minibatch buffers cleared elapsed_s=0.001 jobs=8
[2026-05-28T11:28:14] minibatch manager run started jobs=8 workers=32
[2026-05-28T11:28:18] minibatch manager run finished elapsed_s=3.842 jobs=8
[2026-05-28T11:28:18] minibatch optimizer update finished elapsed_s=0.001 nsamples=8 skipped=0
[2026-05-28T11:28:18] batch run finished elapsed_s=3.844 epoch=1 batch=32 nsamples=8 accuracy=0.0 loss=8.0 skipped=0
[2026-05-28T11:28:18] epoch training finished epoch=1 elapsed_s=391.134 train_accuracy=0.103 train_loss=12.56 skipped=15
[2026-05-28T11:28:18] epoch evaluation started epoch=1 samples=200
[2026-05-28T11:30:04] epoch evaluation finished elapsed_s=106.16 epoch=1 test_accuracy=0.12 test_loss=12.09
(timestamp = "2026-05-28T11:30:04", epoch = 1, seconds = 391.1344781, train_accuracy = 0.103, train_loss = 12.56f0, skipped = 15, test_accuracy = 0.12, test_loss = 12.09f0, pred_counts = "194-6-0-0-0-0-0-0-0-0", best_accuracy = 0.12, best_path = "C:\\Users\\fenje\\dev\\InteractiveIsing.jl\\ext\\IsingLearning\\experiments\\MNIST\\single-hidden-local-28x28-to-11x11-readout\\experiments\\current\\20260528_110043_mnist_single_hidden_local_r3_s100_e2_32w\\best_params.bin", final_path = "")
[2026-05-28T11:30:04] epoch finished elapsed_s=497.473 epoch=1
[2026-05-28T11:30:04] epoch started epoch=2
[2026-05-28T11:30:04] epoch training started epoch=2 batches=32 samples=1000
[2026-05-28T11:30:04] batch build started epoch=2 batch=1 batches=32 first=1 last=32
[2026-05-28T11:30:04] batch jobs built elapsed_s=0.0 epoch=2 batch=1 jobs=32
[2026-05-28T11:30:04] batch run started epoch=2 batch=1 jobs=32
[2026-05-28T11:30:04] minibatch buffers cleared elapsed_s=0.001 jobs=32
[2026-05-28T11:30:04] minibatch manager run started jobs=32 workers=32
[2026-05-28T11:30:17] minibatch manager run finished elapsed_s=12.616 jobs=32
[2026-05-28T11:30:17] minibatch optimizer update finished elapsed_s=0.0 nsamples=32 skipped=0
[2026-05-28T11:30:17] batch run finished elapsed_s=12.618 epoch=2 batch=1 nsamples=32 accuracy=0.0625 loss=14.0 skipped=0
[2026-05-28T11:32:02] batch build started epoch=2 batch=10 batches=32 first=289 last=320
[2026-05-28T11:32:02] batch jobs built elapsed_s=0.0 epoch=2 batch=10 jobs=32
[2026-05-28T11:32:02] batch run started epoch=2 batch=10 jobs=32
[2026-05-28T11:32:02] minibatch buffers cleared elapsed_s=0.001 jobs=32
[2026-05-28T11:32:02] minibatch manager run started jobs=32 workers=32
[2026-05-28T11:32:17] minibatch manager run finished elapsed_s=15.01 jobs=32
[2026-05-28T11:32:17] minibatch optimizer update finished elapsed_s=0.001 nsamples=32 skipped=0
[2026-05-28T11:32:17] batch run finished elapsed_s=15.012 epoch=2 batch=10 nsamples=32 accuracy=0.0625 loss=18.5625 skipped=0
[2026-05-28T11:34:12] batch build started epoch=2 batch=20 batches=32 first=609 last=640
[2026-05-28T11:34:12] batch jobs built elapsed_s=0.0 epoch=2 batch=20 jobs=32
[2026-05-28T11:34:12] batch run started epoch=2 batch=20 jobs=32
[2026-05-28T11:34:12] minibatch buffers cleared elapsed_s=0.001 jobs=32
[2026-05-28T11:34:12] minibatch manager run started jobs=32 workers=32
[2026-05-28T11:34:25] minibatch manager run finished elapsed_s=12.649 jobs=32
[2026-05-28T11:34:25] minibatch optimizer update finished elapsed_s=0.001 nsamples=32 skipped=0
[2026-05-28T11:34:25] batch run finished elapsed_s=12.651 epoch=2 batch=20 nsamples=32 accuracy=0.0312 loss=8.0 skipped=0
[2026-05-28T11:36:16] batch build started epoch=2 batch=30 batches=32 first=929 last=960
[2026-05-28T11:36:16] batch jobs built elapsed_s=0.0 epoch=2 batch=30 jobs=32
[2026-05-28T11:36:16] batch run started epoch=2 batch=30 jobs=32
[2026-05-28T11:36:16] minibatch buffers cleared elapsed_s=0.001 jobs=32
[2026-05-28T11:36:16] minibatch manager run started jobs=32 workers=32
[2026-05-28T11:36:28] minibatch manager run finished elapsed_s=12.187 jobs=32
[2026-05-28T11:36:28] minibatch optimizer update finished elapsed_s=0.001 nsamples=32 skipped=0
[2026-05-28T11:36:28] batch run finished elapsed_s=12.189 epoch=2 batch=30 nsamples=32 accuracy=0.0938 loss=12.5625 skipped=0
[2026-05-28T11:36:40] batch build started epoch=2 batch=32 batches=32 first=993 last=1000
[2026-05-28T11:36:40] batch jobs built elapsed_s=0.0 epoch=2 batch=32 jobs=8
[2026-05-28T11:36:40] batch run started epoch=2 batch=32 jobs=8
[2026-05-28T11:36:40] minibatch buffers cleared elapsed_s=0.001 jobs=8
[2026-05-28T11:36:40] minibatch manager run started jobs=8 workers=32
[2026-05-28T11:36:44] minibatch manager run finished elapsed_s=4.025 jobs=8
[2026-05-28T11:36:44] minibatch optimizer update finished elapsed_s=0.001 nsamples=8 skipped=0
[2026-05-28T11:36:44] batch run finished elapsed_s=4.027 epoch=2 batch=32 nsamples=8 accuracy=0.0 loss=24.5 skipped=0
[2026-05-28T11:36:44] epoch training finished epoch=2 elapsed_s=400.072 train_accuracy=0.094 train_loss=13.186 skipped=5
[2026-05-28T11:36:44] epoch evaluation started epoch=2 samples=200
[2026-05-28T11:38:32] epoch evaluation finished elapsed_s=107.24 epoch=2 test_accuracy=0.16 test_loss=20.27
[2026-05-28T11:38:32] best checkpoint saved elapsed_s=0.001 epoch=2 best_accuracy=0.16 path=C:\Users\fenje\dev\InteractiveIsing.jl\ext\IsingLearning\experiments\MNIST\single-hidden-local-28x28-to-11x11-readout\experiments\current\20260528_110043_mnist_single_hidden_local_r3_s100_e2_32w\best_params.bin
(timestamp = "2026-05-28T11:38:32", epoch = 2, seconds = 400.0723273, train_accuracy = 0.094, train_loss = 13.186f0, skipped = 5, test_accuracy = 0.16, test_loss = 20.27f0, pred_counts = "149-26-25-0-0-0-0-0-0-0", best_accuracy = 0.16, best_path = "C:\\Users\\fenje\\dev\\InteractiveIsing.jl\\ext\\IsingLearning\\experiments\\MNIST\\single-hidden-local-28x28-to-11x11-readout\\experiments\\current\\20260528_110043_mnist_single_hidden_local_r3_s100_e2_32w\\best_params.bin", final_path = "C:\\Users\\fenje\\dev\\InteractiveIsing.jl\\ext\\IsingLearning\\experiments\\MNIST\\single-hidden-local-28x28-to-11x11-readout\\experiments\\current\\20260528_110043_mnist_single_hidden_local_r3_s100_e2_32w\\final_params.bin")
[2026-05-28T11:38:32] epoch finished elapsed_s=507.325 epoch=2
[2026-05-28T11:38:32] final checkpoint saved elapsed_s=0.001 path=C:\Users\fenje\dev\InteractiveIsing.jl\ext\IsingLearning\experiments\MNIST\single-hidden-local-28x28-to-11x11-readout\experiments\current\20260528_110043_mnist_single_hidden_local_r3_s100_e2_32w\final_params.bin
[2026-05-28T11:38:59] plots saved elapsed_s=27.265
[2026-05-28T11:38:59] run finished elapsed_s=1155.505 best_accuracy=0.16 outdir=C:\Users\fenje\dev\InteractiveIsing.jl\ext\IsingLearning\experiments\MNIST\single-hidden-local-28x28-to-11x11-readout\experiments\current\20260528_110043_mnist_single_hidden_local_r3_s100_e2_32w
saved local MNIST manager run in C:\Users\fenje\dev\InteractiveIsing.jl\ext\IsingLearning\experiments\MNIST\single-hidden-local-28x28-to-11x11-readout\experiments\current\20260528_110043_mnist_single_hidden_local_r3_s100_e2_32w
[2026-05-28T11:38:59] manager closing
[2026-05-28T11:38:59] manager closed
[2026-05-28T11:39:00] finished r3 sweeps=100 exit=0
