[bootstrap] activated project
[bootstrap] loaded packages
building MNIST 784-120-40 layer
loading training split
training samples: 12800 (100 batches/epoch)
loading train-eval split
train-eval samples: 1000
loading test split
test samples: 1000
constructing 32-worker softplus-margin nudge Adam manager
constructing 32-worker validation manager
starting epochs
epoch 0 train-eval: evaluating 1000 samples
epoch 0 train accuracy 0.055 loss 74.743187
epoch 0 evaluating
epoch 0 test: evaluating 1000 samples
epoch 0 test accuracy 0.075 loss 74.425728 best 0.075
(timestamp = "2026-06-09T22:02:24", epoch = 0, seconds = 0.0, train_accuracy = 0.055, train_loss = 74.74319f0, test_accuracy = 0.075, test_loss = 74.42573f0, pred_counts = "39-175-77-66-101-51-94-236-77-84", w_norm = 0.48583895f0, b_norm = 0.0f0, w_input_norm = 1.5314544f0, grad_w_norm = 0.0f0, grad_b_norm = 0.0f0, grad_w_input_norm = 0.0f0, effective_w_decay = 0.001f0, effective_w_input_decay = 0.001f0, symmetry_error = 0.0f0, grad_symmetry_error = 0.0f0, best_accuracy = 0.075, best_path = "ext\\IsingLearning\\experiments\\MNIST\\baseline_new_nudge\\experiments\\current\\symmetric_nudge_target_weight_grid_v4_20260609\\b0p020_lr0p0005_T0p00005_wd0p001_step0p5_pos9p0_neg0p50_priortrue_adaptivefalse\\best_checkpoint.bin", final_path = "")
epoch 1 training
epoch 1 batch 1/100 accuracy 0.125 loss 71.368088 best_batch 0.125 declines 0/2 trained_batches 1
epoch 1 batch 1/100 samples 128/12800 elapsed 13.9s
epoch 1 batch 2/100 accuracy 0.1641 loss 68.275955 best_batch 0.1641 declines 0/2 trained_batches 2
epoch 1 batch 3/100 accuracy 0.1875 loss 65.015083 best_batch 0.1875 declines 0/2 trained_batches 3
epoch 1 batch 4/100 accuracy 0.1172 loss 62.836998 best_batch 0.1875 declines 0/2 trained_batches 4
epoch 1 batch 5/100 accuracy 0.1641 loss 57.734665 best_batch 0.1875 declines 0/2 trained_batches 5
epoch 1 batch 6/100 accuracy 0.0938 loss 55.069679 best_batch 0.1875 declines 0/2 trained_batches 6
epoch 1 batch 7/100 accuracy 0.125 loss 53.364151 best_batch 0.1875 declines 0/2 trained_batches 7
epoch 1 batch 8/100 accuracy 0.1484 loss 49.791084 best_batch 0.1875 declines 0/2 trained_batches 8
epoch 1 batch 9/100 accuracy 0.1562 loss 46.692059 best_batch 0.1875 declines 0/2 trained_batches 9
epoch 1 batch 10/100 accuracy 0.0938 loss 46.355518 best_batch 0.1875 declines 0/2 trained_batches 10
epoch 1 batch 11/100 accuracy 0.1328 loss 44.862049 best_batch 0.1875 declines 0/2 trained_batches 11
epoch 1 batch 12/100 accuracy 0.1328 loss 44.295105 best_batch 0.1875 declines 0/2 trained_batches 12
epoch 1 batch 13/100 accuracy 0.1875 loss 41.944473 best_batch 0.1875 declines 0/2 trained_batches 13
epoch 1 batch 14/100 accuracy 0.2031 loss 39.358505 best_batch 0.2031 declines 0/2 trained_batches 14
epoch 1 batch 15/100 accuracy 0.1094 loss 38.890423 best_batch 0.2031 declines 0/2 trained_batches 15
epoch 1 batch 16/100 accuracy 0.2031 loss 36.774632 best_batch 0.2031 declines 0/2 trained_batches 16
epoch 1 batch 17/100 accuracy 0.1562 loss 37.822132 best_batch 0.2031 declines 0/2 trained_batches 17
epoch 1 batch 18/100 accuracy 0.1016 loss 38.385548 best_batch 0.2031 declines 0/2 trained_batches 18
epoch 1 batch 19/100 accuracy 0.2266 loss 36.308487 best_batch 0.2266 declines 0/2 trained_batches 19
epoch 1 batch 20/100 accuracy 0.1719 loss 37.753952 best_batch 0.2266 declines 0/2 trained_batches 20
epoch 1 batch 21/100 accuracy 0.1875 loss 37.336746 best_batch 0.2266 declines 0/2 trained_batches 21
epoch 1 batch 22/100 accuracy 0.1719 loss 38.502766 best_batch 0.2266 declines 0/2 trained_batches 22
epoch 1 batch 23/100 accuracy 0.1719 loss 39.27243 best_batch 0.2266 declines 0/2 trained_batches 23
epoch 1 batch 24/100 accuracy 0.1172 loss 39.991848 best_batch 0.2266 declines 0/2 trained_batches 24
epoch 1 batch 25/100 accuracy 0.2266 loss 39.993164 best_batch 0.2266 declines 0/2 trained_batches 25
epoch 1 batch 25/100 samples 3200/12800 elapsed 37.0s
epoch 1 batch 26/100 accuracy 0.1719 loss 40.543274 best_batch 0.2266 declines 0/2 trained_batches 26
epoch 1 batch 27/100 accuracy 0.1016 loss 40.307007 best_batch 0.2266 declines 0/2 trained_batches 27
epoch 1 batch 28/100 accuracy 0.1641 loss 40.320034 best_batch 0.2266 declines 0/2 trained_batches 28
epoch 1 batch 29/100 accuracy 0.125 loss 39.359501 best_batch 0.2266 declines 0/2 trained_batches 29
epoch 1 batch 30/100 accuracy 0.1016 loss 39.771576 best_batch 0.2266 declines 0/2 trained_batches 30
epoch 1 batch 31/100 accuracy 0.1719 loss 39.589561 best_batch 0.2266 declines 0/2 trained_batches 31
epoch 1 batch 32/100 accuracy 0.1719 loss 38.653156 best_batch 0.2266 declines 0/2 trained_batches 32
epoch 1 batch 33/100 accuracy 0.1719 loss 38.854774 best_batch 0.2266 declines 0/2 trained_batches 33
epoch 1 batch 34/100 accuracy 0.1719 loss 37.550434 best_batch 0.2266 declines 0/2 trained_batches 34
epoch 1 batch 35/100 accuracy 0.25 loss 37.093246 best_batch 0.25 declines 0/2 trained_batches 35
epoch 1 batch 36/100 accuracy 0.2188 loss 36.980133 best_batch 0.25 declines 0/2 trained_batches 36
epoch 1 batch 37/100 accuracy 0.1641 loss 37.207146 best_batch 0.25 declines 0/2 trained_batches 37
epoch 1 batch 38/100 accuracy 0.1328 loss 37.510521 best_batch 0.25 declines 0/2 trained_batches 38
epoch 1 batch 39/100 accuracy 0.1797 loss 36.598976 best_batch 0.25 declines 0/2 trained_batches 39
epoch 1 batch 40/100 accuracy 0.1719 loss 35.87656 best_batch 0.25 declines 0/2 trained_batches 40
epoch 1 batch 41/100 accuracy 0.1562 loss 36.822933 best_batch 0.25 declines 0/2 trained_batches 41
epoch 1 batch 42/100 accuracy 0.1328 loss 36.457588 best_batch 0.25 declines 0/2 trained_batches 42
epoch 1 batch 43/100 accuracy 0.1094 loss 37.623943 best_batch 0.25 declines 0/2 trained_batches 43
epoch 1 batch 44/100 accuracy 0.1328 loss 37.258068 best_batch 0.25 declines 0/2 trained_batches 44
epoch 1 batch 45/100 accuracy 0.1953 loss 36.542587 best_batch 0.25 declines 0/2 trained_batches 45
epoch 1 batch 46/100 accuracy 0.2109 loss 36.128414 best_batch 0.25 declines 0/2 trained_batches 46
epoch 1 batch 47/100 accuracy 0.1562 loss 36.535542 best_batch 0.25 declines 0/2 trained_batches 47
epoch 1 batch 48/100 accuracy 0.1484 loss 37.422527 best_batch 0.25 declines 0/2 trained_batches 48
epoch 1 batch 49/100 accuracy 0.2266 loss 36.961559 best_batch 0.25 declines 0/2 trained_batches 49
epoch 1 batch 50/100 accuracy 0.2109 loss 37.491405 best_batch 0.25 declines 0/2 trained_batches 50
epoch 1 batch 50/100 samples 6400/12800 elapsed 60.8s
epoch 1 batch 51/100 accuracy 0.2031 loss 37.463139 best_batch 0.25 declines 0/2 trained_batches 51
epoch 1 batch 52/100 accuracy 0.1719 loss 37.003521 best_batch 0.25 declines 0/2 trained_batches 52
epoch 1 batch 53/100 accuracy 0.1719 loss 36.525852 best_batch 0.25 declines 0/2 trained_batches 53
epoch 1 batch 54/100 accuracy 0.125 loss 37.124622 best_batch 0.25 declines 0/2 trained_batches 54
epoch 1 batch 55/100 accuracy 0.1562 loss 36.582657 best_batch 0.25 declines 0/2 trained_batches 55
epoch 1 batch 56/100 accuracy 0.2266 loss 36.859669 best_batch 0.25 declines 0/2 trained_batches 56
epoch 1 batch 57/100 accuracy 0.1953 loss 35.949318 best_batch 0.25 declines 0/2 trained_batches 57
epoch 1 batch 58/100 accuracy 0.1797 loss 35.807541 best_batch 0.25 declines 0/2 trained_batches 58
epoch 1 batch 59/100 accuracy 0.1641 loss 37.312138 best_batch 0.25 declines 0/2 trained_batches 59
epoch 1 batch 60/100 accuracy 0.125 loss 35.324638 best_batch 0.25 declines 0/2 trained_batches 60
epoch 1 batch 61/100 accuracy 0.1719 loss 36.777298 best_batch 0.25 declines 0/2 trained_batches 61
epoch 1 batch 62/100 accuracy 0.2266 loss 36.397415 best_batch 0.25 declines 0/2 trained_batches 62
epoch 1 batch 63/100 accuracy 0.1875 loss 36.185043 best_batch 0.25 declines 0/2 trained_batches 63
epoch 1 batch 64/100 accuracy 0.1641 loss 36.252838 best_batch 0.25 declines 0/2 trained_batches 64
epoch 1 batch 65/100 accuracy 0.2031 loss 36.744492 best_batch 0.25 declines 0/2 trained_batches 65
epoch 1 batch 66/100 accuracy 0.1641 loss 36.721634 best_batch 0.25 declines 0/2 trained_batches 66
epoch 1 batch 67/100 accuracy 0.1875 loss 36.800331 best_batch 0.25 declines 0/2 trained_batches 67
epoch 1 batch 68/100 accuracy 0.2266 loss 35.343384 best_batch 0.25 declines 0/2 trained_batches 68
epoch 1 batch 69/100 accuracy 0.1562 loss 35.505173 best_batch 0.25 declines 0/2 trained_batches 69
epoch 1 batch 70/100 accuracy 0.2344 loss 33.983093 best_batch 0.25 declines 0/2 trained_batches 70
epoch 1 batch 71/100 accuracy 0.1641 loss 35.040474 best_batch 0.25 declines 0/2 trained_batches 71
epoch 1 batch 72/100 accuracy 0.1641 loss 35.112892 best_batch 0.25 declines 0/2 trained_batches 72
epoch 1 batch 73/100 accuracy 0.2188 loss 34.193398 best_batch 0.25 declines 0/2 trained_batches 73
epoch 1 batch 74/100 accuracy 0.1484 loss 36.172256 best_batch 0.25 declines 0/2 trained_batches 74
epoch 1 batch 75/100 accuracy 0.1875 loss 37.180084 best_batch 0.25 declines 0/2 trained_batches 75
epoch 1 batch 75/100 samples 9600/12800 elapsed 87.2s
epoch 1 batch 76/100 accuracy 0.1719 loss 36.833355 best_batch 0.25 declines 0/2 trained_batches 76
epoch 1 batch 77/100 accuracy 0.1172 loss 37.592251 best_batch 0.25 declines 0/2 trained_batches 77
epoch 1 batch 78/100 accuracy 0.2109 loss 36.524624 best_batch 0.25 declines 0/2 trained_batches 78
epoch 1 batch 79/100 accuracy 0.1875 loss 36.08625 best_batch 0.25 declines 0/2 trained_batches 79
epoch 1 batch 80/100 accuracy 0.2109 loss 36.846443 best_batch 0.25 declines 0/2 trained_batches 80
epoch 1 batch 81/100 accuracy 0.2109 loss 36.629108 best_batch 0.25 declines 0/2 trained_batches 81
epoch 1 batch 82/100 accuracy 0.2266 loss 36.379902 best_batch 0.25 declines 0/2 trained_batches 82
epoch 1 batch 83/100 accuracy 0.1953 loss 36.301533 best_batch 0.25 declines 0/2 trained_batches 83
epoch 1 batch 84/100 accuracy 0.1719 loss 35.79771 best_batch 0.25 declines 0/2 trained_batches 84
epoch 1 batch 85/100 accuracy 0.1797 loss 35.566956 best_batch 0.25 declines 0/2 trained_batches 85
epoch 1 batch 86/100 accuracy 0.1719 loss 34.724644 best_batch 0.25 declines 0/2 trained_batches 86
epoch 1 batch 87/100 accuracy 0.1406 loss 35.515285 best_batch 0.25 declines 0/2 trained_batches 87
epoch 1 batch 88/100 accuracy 0.1953 loss 35.859623 best_batch 0.25 declines 0/2 trained_batches 88
epoch 1 batch 89/100 accuracy 0.1484 loss 35.915138 best_batch 0.25 declines 0/2 trained_batches 89
epoch 1 batch 90/100 accuracy 0.2422 loss 36.018078 best_batch 0.25 declines 0/2 trained_batches 90
epoch 1 batch 91/100 accuracy 0.1719 loss 36.871624 best_batch 0.25 declines 0/2 trained_batches 91
epoch 1 batch 92/100 accuracy 0.1484 loss 36.493843 best_batch 0.25 declines 0/2 trained_batches 92
epoch 1 batch 93/100 accuracy 0.2266 loss 36.450233 best_batch 0.25 declines 0/2 trained_batches 93
epoch 1 batch 94/100 accuracy 0.1797 loss 36.560936 best_batch 0.25 declines 0/2 trained_batches 94
epoch 1 batch 95/100 accuracy 0.1484 loss 36.424255 best_batch 0.25 declines 0/2 trained_batches 95
epoch 1 batch 96/100 accuracy 0.1172 loss 38.242199 best_batch 0.25 declines 0/2 trained_batches 96
epoch 1 batch 97/100 accuracy 0.1328 loss 36.580791 best_batch 0.25 declines 0/2 trained_batches 97
epoch 1 batch 98/100 accuracy 0.1328 loss 35.837147 best_batch 0.25 declines 0/2 trained_batches 98
epoch 1 batch 99/100 accuracy 0.2266 loss 35.79808 best_batch 0.25 declines 0/2 trained_batches 99
epoch 1 batch 100/100 accuracy 0.2109 loss 35.126354 best_batch 0.25 declines 0/2 trained_batches 100
epoch 1 batch 100/100 samples 12800/12800 elapsed 113.7s
epoch 1 training done in 113.737s
epoch 1 train-eval: evaluating 1000 samples
epoch 1 train accuracy 0.186 loss 35.570183
epoch 1 evaluating
epoch 1 test: evaluating 1000 samples
epoch 1 test accuracy 0.188 loss 35.791523 best 0.188
(timestamp = "2026-06-09T22:04:22", epoch = 1, seconds = 113.7373179, train_accuracy = 0.186, train_loss = 35.570183f0, test_accuracy = 0.188, test_loss = 35.791523f0, pred_counts = "38-34-0-0-399-0-0-64-381-84", w_norm = 0.62436324f0, b_norm = 0.045080446f0, w_input_norm = 1.7149824f0, grad_w_norm = 5.638044f0, grad_b_norm = 0.69614434f0, grad_w_input_norm = 3.7658362f0, effective_w_decay = 0.001f0, effective_w_input_decay = 0.001f0, symmetry_error = 0.0f0, grad_symmetry_error = 0.0f0, best_accuracy = 0.188, best_path = "ext\\IsingLearning\\experiments\\MNIST\\baseline_new_nudge\\experiments\\current\\symmetric_nudge_target_weight_grid_v4_20260609\\b0p020_lr0p0005_T0p00005_wd0p001_step0p5_pos9p0_neg0p50_priortrue_adaptivefalse\\best_checkpoint.bin", final_path = "")
epoch 2 training
epoch 2 batch 1/100 accuracy 0.1875 loss 34.971199 best_batch 0.25 declines 0/2 trained_batches 101
epoch 2 batch 1/100 samples 128/12800 elapsed 1.1s
epoch 2 batch 2/100 accuracy 0.1953 loss 34.448547 best_batch 0.25 declines 0/2 trained_batches 102
epoch 2 batch 3/100 accuracy 0.2734 loss 35.196739 best_batch 0.2734 declines 0/2 trained_batches 103
epoch 2 batch 4/100 accuracy 0.2031 loss 34.229839 best_batch 0.2734 declines 0/2 trained_batches 104
epoch 2 batch 5/100 accuracy 0.2188 loss 35.515747 best_batch 0.2734 declines 0/2 trained_batches 105
epoch 2 batch 6/100 accuracy 0.1797 loss 36.159405 best_batch 0.2734 declines 0/2 trained_batches 106
epoch 2 batch 7/100 accuracy 0.1484 loss 36.01757 best_batch 0.2734 declines 0/2 trained_batches 107
epoch 2 batch 8/100 accuracy 0.2188 loss 35.66946 best_batch 0.2734 declines 0/2 trained_batches 108
epoch 2 batch 9/100 accuracy 0.1875 loss 35.565285 best_batch 0.2734 declines 0/2 trained_batches 109
epoch 2 batch 10/100 accuracy 0.2656 loss 34.794189 best_batch 0.2734 declines 0/2 trained_batches 110
epoch 2 batch 11/100 accuracy 0.2031 loss 35.436039 best_batch 0.2734 declines 0/2 trained_batches 111
epoch 2 batch 12/100 accuracy 0.1719 loss 35.101257 best_batch 0.2734 declines 0/2 trained_batches 112
epoch 2 batch 13/100 accuracy 0.1875 loss 33.752869 best_batch 0.2734 declines 0/2 trained_batches 113
epoch 2 batch 14/100 accuracy 0.1953 loss 34.501316 best_batch 0.2734 declines 0/2 trained_batches 114
epoch 2 batch 15/100 accuracy 0.1484 loss 34.518208 best_batch 0.2734 declines 0/2 trained_batches 115
epoch 2 batch 16/100 accuracy 0.2031 loss 34.829533 best_batch 0.2734 declines 0/2 trained_batches 116
epoch 2 batch 17/100 accuracy 0.1953 loss 34.368862 best_batch 0.2734 declines 0/2 trained_batches 117
epoch 2 batch 18/100 accuracy 0.1875 loss 35.014111 best_batch 0.2734 declines 0/2 trained_batches 118
epoch 2 batch 19/100 accuracy 0.3125 loss 34.697403 best_batch 0.3125 declines 0/2 trained_batches 119
epoch 2 batch 20/100 accuracy 0.2578 loss 34.783276 best_batch 0.3125 declines 0/2 trained_batches 120
epoch 2 batch 21/100 accuracy 0.2188 loss 36.158283 best_batch 0.3125 declines 0/2 trained_batches 121
epoch 2 batch 22/100 accuracy 0.2031 loss 35.462124 best_batch 0.3125 declines 0/2 trained_batches 122
epoch 2 batch 23/100 accuracy 0.1641 loss 37.102062 best_batch 0.3125 declines 0/2 trained_batches 123
epoch 2 batch 24/100 accuracy 0.1797 loss 36.481945 best_batch 0.3125 declines 0/2 trained_batches 124
epoch 2 batch 25/100 accuracy 0.2344 loss 35.357845 best_batch 0.3125 declines 0/2 trained_batches 125
epoch 2 batch 25/100 samples 3200/12800 elapsed 26.7s
epoch 2 batch 26/100 accuracy 0.1875 loss 36.290848 best_batch 0.3125 declines 0/2 trained_batches 126
epoch 2 batch 27/100 accuracy 0.1719 loss 36.600739 best_batch 0.3125 declines 0/2 trained_batches 127
epoch 2 batch 28/100 accuracy 0.1484 loss 36.773621 best_batch 0.3125 declines 0/2 trained_batches 128
epoch 2 batch 29/100 accuracy 0.1641 loss 35.324387 best_batch 0.3125 declines 0/2 trained_batches 129
epoch 2 batch 30/100 accuracy 0.1875 loss 35.653019 best_batch 0.3125 declines 0/2 trained_batches 130
epoch 2 batch 31/100 accuracy 0.2266 loss 35.446152 best_batch 0.3125 declines 0/2 trained_batches 131
epoch 2 batch 32/100 accuracy 0.2344 loss 36.960979 best_batch 0.3125 declines 0/2 trained_batches 132
epoch 2 batch 33/100 accuracy 0.1484 loss 36.608902 best_batch 0.3125 declines 0/2 trained_batches 133
epoch 2 batch 34/100 accuracy 0.2422 loss 36.154293 best_batch 0.3125 declines 0/2 trained_batches 134
epoch 2 batch 35/100 accuracy 0.1484 loss 36.466881 best_batch 0.3125 declines 0/2 trained_batches 135
epoch 2 batch 36/100 accuracy 0.25 loss 35.945164 best_batch 0.3125 declines 0/2 trained_batches 136
epoch 2 batch 37/100 accuracy 0.2109 loss 35.320122 best_batch 0.3125 declines 0/2 trained_batches 137
epoch 2 batch 38/100 accuracy 0.1875 loss 36.510677 best_batch 0.3125 declines 0/2 trained_batches 138
epoch 2 batch 39/100 accuracy 0.2109 loss 35.164745 best_batch 0.3125 declines 0/2 trained_batches 139
epoch 2 batch 40/100 accuracy 0.2031 loss 36.000137 best_batch 0.3125 declines 0/2 trained_batches 140
epoch 2 batch 41/100 accuracy 0.1953 loss 34.202595 best_batch 0.3125 declines 0/2 trained_batches 141
epoch 2 batch 42/100 accuracy 0.1875 loss 34.53516 best_batch 0.3125 declines 0/2 trained_batches 142
epoch 2 batch 43/100 accuracy 0.2188 loss 34.902893 best_batch 0.3125 declines 0/2 trained_batches 143
epoch 2 batch 44/100 accuracy 0.2031 loss 36.196415 best_batch 0.3125 declines 0/2 trained_batches 144
epoch 2 batch 45/100 accuracy 0.1562 loss 36.639595 best_batch 0.3125 declines 0/2 trained_batches 145
epoch 2 batch 46/100 accuracy 0.1719 loss 36.009319 best_batch 0.3125 declines 0/2 trained_batches 146
epoch 2 batch 47/100 accuracy 0.2422 loss 35.660252 best_batch 0.3125 declines 0/2 trained_batches 147
epoch 2 batch 48/100 accuracy 0.1875 loss 35.671009 best_batch 0.3125 declines 0/2 trained_batches 148
epoch 2 batch 49/100 accuracy 0.1875 loss 35.658401 best_batch 0.3125 declines 0/2 trained_batches 149
epoch 2 batch 50/100 accuracy 0.1953 loss 34.925461 best_batch 0.3125 declines 0/2 trained_batches 150
epoch 2 batch 50/100 samples 6400/12800 elapsed 52.9s
epoch 2 batch 51/100 accuracy 0.2656 loss 34.678146 best_batch 0.3125 declines 0/2 trained_batches 151
epoch 2 batch 52/100 accuracy 0.2109 loss 34.467548 best_batch 0.3125 declines 0/2 trained_batches 152
epoch 2 batch 53/100 accuracy 0.2109 loss 35.61034 best_batch 0.3125 declines 0/2 trained_batches 153
epoch 2 batch 54/100 accuracy 0.2031 loss 35.599102 best_batch 0.3125 declines 0/2 trained_batches 154
epoch 2 batch 55/100 accuracy 0.1797 loss 36.019619 best_batch 0.3125 declines 0/2 trained_batches 155
epoch 2 batch 56/100 accuracy 0.1797 loss 35.740921 best_batch 0.3125 declines 0/2 trained_batches 156
epoch 2 batch 57/100 accuracy 0.2188 loss 33.802917 best_batch 0.3125 declines 0/2 trained_batches 157
epoch 2 batch 58/100 accuracy 0.1875 loss 33.776085 best_batch 0.3125 declines 0/2 trained_batches 158
epoch 2 batch 59/100 accuracy 0.2031 loss 33.587414 best_batch 0.3125 declines 0/2 trained_batches 159
epoch 2 batch 60/100 accuracy 0.2344 loss 34.360168 best_batch 0.3125 declines 0/2 trained_batches 160
epoch 2 batch 61/100 accuracy 0.2031 loss 34.849789 best_batch 0.3125 declines 0/2 trained_batches 161
epoch 2 batch 62/100 accuracy 0.25 loss 35.799168 best_batch 0.3125 declines 0/2 trained_batches 162
epoch 2 batch 63/100 accuracy 0.1562 loss 37.065731 best_batch 0.3125 declines 0/2 trained_batches 163
epoch 2 batch 64/100 accuracy 0.2266 loss 36.044506 best_batch 0.3125 declines 0/2 trained_batches 164
epoch 2 batch 65/100 accuracy 0.2422 loss 36.459621 best_batch 0.3125 declines 0/2 trained_batches 165
epoch 2 batch 66/100 accuracy 0.1953 loss 36.220882 best_batch 0.3125 declines 0/2 trained_batches 166
epoch 2 batch 67/100 accuracy 0.1328 loss 35.841301 best_batch 0.3125 declines 0/2 trained_batches 167
epoch 2 batch 68/100 accuracy 0.125 loss 35.334564 best_batch 0.3125 declines 0/2 trained_batches 168
epoch 2 batch 69/100 accuracy 0.1484 loss 35.557941 best_batch 0.3125 declines 0/2 trained_batches 169
epoch 2 batch 70/100 accuracy 0.1719 loss 35.087742 best_batch 0.3125 declines 0/2 trained_batches 170
epoch 2 batch 71/100 accuracy 0.1719 loss 35.043587 best_batch 0.3125 declines 0/2 trained_batches 171
epoch 2 batch 72/100 accuracy 0.2188 loss 34.752506 best_batch 0.3125 declines 0/2 trained_batches 172
epoch 2 batch 73/100 accuracy 0.1953 loss 34.85574 best_batch 0.3125 declines 0/2 trained_batches 173
epoch 2 batch 74/100 accuracy 0.1797 loss 34.61129 best_batch 0.3125 declines 0/2 trained_batches 174
epoch 2 batch 75/100 accuracy 0.1719 loss 35.492233 best_batch 0.3125 declines 0/2 trained_batches 175
epoch 2 batch 75/100 samples 9600/12800 elapsed 80.4s
epoch 2 batch 76/100 accuracy 0.2188 loss 35.70969 best_batch 0.3125 declines 0/2 trained_batches 176
epoch 2 batch 77/100 accuracy 0.1641 loss 35.05835 best_batch 0.3125 declines 0/2 trained_batches 177
epoch 2 batch 78/100 accuracy 0.1406 loss 36.687511 best_batch 0.3125 declines 0/2 trained_batches 178
epoch 2 batch 79/100 accuracy 0.1875 loss 35.157429 best_batch 0.3125 declines 0/2 trained_batches 179
epoch 2 batch 80/100 accuracy 0.1797 loss 35.489784 best_batch 0.3125 declines 0/2 trained_batches 180
epoch 2 batch 81/100 accuracy 0.1016 loss 36.485695 best_batch 0.3125 declines 0/2 trained_batches 181
epoch 2 batch 82/100 accuracy 0.1719 loss 35.40633 best_batch 0.3125 declines 0/2 trained_batches 182
epoch 2 batch 83/100 accuracy 0.1875 loss 34.651882 best_batch 0.3125 declines 0/2 trained_batches 183
epoch 2 batch 84/100 accuracy 0.1562 loss 36.170902 best_batch 0.3125 declines 0/2 trained_batches 184
epoch 2 batch 85/100 accuracy 0.2188 loss 34.875195 best_batch 0.3125 declines 0/2 trained_batches 185
epoch 2 batch 86/100 accuracy 0.1875 loss 34.954166 best_batch 0.3125 declines 0/2 trained_batches 186
epoch 2 batch 87/100 accuracy 0.2031 loss 35.47039 best_batch 0.3125 declines 0/2 trained_batches 187
epoch 2 batch 88/100 accuracy 0.2344 loss 35.261024 best_batch 0.3125 declines 0/2 trained_batches 188
epoch 2 batch 89/100 accuracy 0.2031 loss 35.529633 best_batch 0.3125 declines 0/2 trained_batches 189
epoch 2 batch 90/100 accuracy 0.2031 loss 37.088684 best_batch 0.3125 declines 0/2 trained_batches 190
epoch 2 batch 91/100 accuracy 0.2031 loss 35.79364 best_batch 0.3125 declines 0/2 trained_batches 191
epoch 2 batch 92/100 accuracy 0.1641 loss 36.178753 best_batch 0.3125 declines 0/2 trained_batches 192
epoch 2 batch 93/100 accuracy 0.1562 loss 36.928043 best_batch 0.3125 declines 0/2 trained_batches 193
epoch 2 batch 94/100 accuracy 0.1953 loss 36.112511 best_batch 0.3125 declines 0/2 trained_batches 194
epoch 2 batch 95/100 accuracy 0.1719 loss 35.818695 best_batch 0.3125 declines 0/2 trained_batches 195
