[bootstrap] activated project
[bootstrap] loaded packages
building MNIST 784-120-40 layer
loading training split
training samples: 12800 (100 batches/epoch)
loading train-eval split
train-eval samples: 1000
loading test split
test samples: 1000
constructing 32-worker softplus-margin nudge Adam manager
constructing 32-worker validation manager
starting epochs
restoring checkpoint state from ext/IsingLearning/experiments/MNIST/baseline_new_nudge/experiments/current/symmetric_nudge_resume_from_0p689_20260610/cont_lr0p00012_reset_s500/best_checkpoint.bin
epoch 18 training
epoch 18 batch 1/100 samples 128/12800 elapsed 16.7s
epoch 18 batch 25/100 samples 3200/12800 elapsed 34.4s
epoch 18 batch 50/100 samples 6400/12800 elapsed 52.7s
epoch 18 batch 75/100 samples 9600/12800 elapsed 71.3s
epoch 18 batch 100/100 samples 12800/12800 elapsed 91.0s
epoch 18 training done in 90.958s
epoch 18 train-eval: evaluating 1000 samples
epoch 18 train accuracy 0.681 loss 11.766087
epoch 18 evaluating
epoch 18 test: evaluating 1000 samples
epoch 18 test accuracy 0.693 loss 11.441476 best 0.714
(timestamp = "2026-06-10T09:04:20", epoch = 18, seconds = 90.9575206, train_accuracy = 0.681, train_loss = 11.766087f0, test_accuracy = 0.693, test_loss = 11.441476f0, pred_counts = "128-109-132-124-151-122-101-113-7-13", w_norm = 0.8089465f0, b_norm = 0.06468042f0, w_input_norm = 1.9653516f0, grad_w_norm = 5.611576f0, grad_b_norm = 0.75375956f0, grad_w_input_norm = 4.1387014f0, effective_w_decay = 0.001f0, effective_w_input_decay = 0.001f0, symmetry_error = 0.0f0, grad_symmetry_error = 0.0f0, best_accuracy = 0.714, best_path = "ext\\IsingLearning\\experiments\\MNIST\\baseline_new_nudge\\experiments\\current\\symmetric_nudge_beta_relax_from_0p714_20260610\\b0p025_lr0p00015_s500_fixed\\best_checkpoint.bin", final_path = "")
epoch 19 training
epoch 19 batch 1/100 samples 128/12800 elapsed 0.7s
epoch 19 batch 25/100 samples 3200/12800 elapsed 19.1s
epoch 19 batch 50/100 samples 6400/12800 elapsed 39.1s
epoch 19 batch 75/100 samples 9600/12800 elapsed 59.1s
epoch 19 batch 100/100 samples 12800/12800 elapsed 79.5s
epoch 19 training done in 79.516s
epoch 19 train-eval: evaluating 1000 samples
epoch 19 train accuracy 0.664 loss 11.827751
epoch 19 evaluating
epoch 19 test: evaluating 1000 samples
epoch 19 test accuracy 0.684 loss 11.462963 best 0.714
(timestamp = "2026-06-10T09:05:44", epoch = 19, seconds = 79.5159939, train_accuracy = 0.664, train_loss = 11.827751f0, test_accuracy = 0.684, test_loss = 11.462963f0, pred_counts = "111-115-127-129-157-114-100-115-15-17", w_norm = 0.8236144f0, b_norm = 0.06590473f0, w_input_norm = 1.9943981f0, grad_w_norm = 2.6787298f0, grad_b_norm = 0.3461271f0, grad_w_input_norm = 1.9091374f0, effective_w_decay = 0.001f0, effective_w_input_decay = 0.001f0, symmetry_error = 0.0f0, grad_symmetry_error = 0.0f0, best_accuracy = 0.714, best_path = "ext\\IsingLearning\\experiments\\MNIST\\baseline_new_nudge\\experiments\\current\\symmetric_nudge_beta_relax_from_0p714_20260610\\b0p025_lr0p00015_s500_fixed\\best_checkpoint.bin", final_path = "")
epoch 20 training
epoch 20 batch 1/100 samples 128/12800 elapsed 0.9s
epoch 20 batch 25/100 samples 3200/12800 elapsed 21.9s
epoch 20 batch 50/100 samples 6400/12800 elapsed 42.4s
epoch 20 batch 75/100 samples 9600/12800 elapsed 61.8s
epoch 20 batch 100/100 samples 12800/12800 elapsed 81.2s
epoch 20 training done in 81.2s
epoch 20 train-eval: evaluating 1000 samples
epoch 20 train accuracy 0.668 loss 12.038724
epoch 20 evaluating
epoch 20 test: evaluating 1000 samples
epoch 20 test accuracy 0.681 loss 11.996668 best 0.714
epoch 20 early stop: test accuracy declined for 2 consecutive evaluated epochs
(timestamp = "2026-06-10T09:07:08", epoch = 20, seconds = 81.2001055, train_accuracy = 0.668, train_loss = 12.038724f0, test_accuracy = 0.681, test_loss = 11.996668f0, pred_counts = "143-120-117-153-121-67-109-144-11-15", w_norm = 0.8335445f0, b_norm = 0.067277774f0, w_input_norm = 2.0277781f0, grad_w_norm = 4.107201f0, grad_b_norm = 0.5278216f0, grad_w_input_norm = 3.3400884f0, effective_w_decay = 0.001f0, effective_w_input_decay = 0.001f0, symmetry_error = 0.0f0, grad_symmetry_error = 0.0f0, best_accuracy = 0.714, best_path = "ext\\IsingLearning\\experiments\\MNIST\\baseline_new_nudge\\experiments\\current\\symmetric_nudge_beta_relax_from_0p714_20260610\\b0p025_lr0p00015_s500_fixed\\best_checkpoint.bin", final_path = "")
saved MNIST 784-120-40 softplus-margin nudge baseline in ext\IsingLearning\experiments\MNIST\baseline_new_nudge\experiments\current\symmetric_nudge_beta_relax_from_0p714_20260610\b0p025_lr0p00015_s500_fixed
