[bootstrap] activated project
[bootstrap] loaded packages
building MNIST 784-120-40 layer
loading training split
training samples: 12800 (100 batches/epoch)
loading train-eval split
train-eval samples: 1000
loading test split
test samples: 1000
constructing 32-worker softplus-margin nudge Adam manager
constructing 32-worker validation manager
starting epochs
restoring checkpoint state from ext/IsingLearning/experiments/MNIST/baseline_new_nudge/experiments/current/symmetric_nudge_resume_from_0p689_20260610/cont_lr0p00012_reset_s500/best_checkpoint.bin
epoch 18 training
epoch 18 batch 1/100 samples 128/12800 elapsed 16.5s
epoch 18 batch 25/100 samples 3200/12800 elapsed 34.4s
epoch 18 batch 50/100 samples 6400/12800 elapsed 52.7s
epoch 18 batch 75/100 samples 9600/12800 elapsed 71.0s
epoch 18 batch 100/100 samples 12800/12800 elapsed 90.0s
epoch 18 training done in 89.964s
epoch 18 train-eval: evaluating 1000 samples
epoch 18 train accuracy 0.655 loss 12.367318
epoch 18 evaluating
epoch 18 test: evaluating 1000 samples
epoch 18 test accuracy 0.684 loss 11.941371 best 0.714
(timestamp = "2026-06-10T08:52:13", epoch = 18, seconds = 89.9640966, train_accuracy = 0.655, train_loss = 12.367318f0, test_accuracy = 0.684, test_loss = 11.941371f0, pred_counts = "138-130-139-129-134-114-89-107-14-6", w_norm = 0.7914168f0, b_norm = 0.061133485f0, w_input_norm = 1.9442142f0, grad_w_norm = 8.012371f0, grad_b_norm = 1.066416f0, grad_w_input_norm = 6.6316695f0, effective_w_decay = 0.001f0, effective_w_input_decay = 0.001f0, symmetry_error = 0.0f0, grad_symmetry_error = 0.0f0, best_accuracy = 0.714, best_path = "ext\\IsingLearning\\experiments\\MNIST\\baseline_new_nudge\\experiments\\current\\symmetric_nudge_beta_relax_from_0p714_20260610\\b0p015_lr0p00009_s500_fixed\\best_checkpoint.bin", final_path = "")
epoch 19 training
epoch 19 batch 1/100 samples 128/12800 elapsed 0.7s
epoch 19 batch 25/100 samples 3200/12800 elapsed 19.9s
epoch 19 batch 50/100 samples 6400/12800 elapsed 41.0s
epoch 19 batch 75/100 samples 9600/12800 elapsed 62.0s
epoch 19 batch 100/100 samples 12800/12800 elapsed 83.6s
epoch 19 training done in 83.646s
epoch 19 train-eval: evaluating 1000 samples
epoch 19 train accuracy 0.682 loss 11.578153
epoch 19 evaluating
epoch 19 test: evaluating 1000 samples
epoch 19 test accuracy 0.688 loss 11.37489 best 0.714
(timestamp = "2026-06-10T08:53:41", epoch = 19, seconds = 83.6456334, train_accuracy = 0.682, train_loss = 11.578153f0, test_accuracy = 0.688, test_loss = 11.37489f0, pred_counts = "121-124-110-126-144-78-140-127-16-14", w_norm = 0.79627454f0, b_norm = 0.06300228f0, w_input_norm = 1.960159f0, grad_w_norm = 2.8047616f0, grad_b_norm = 0.44868937f0, grad_w_input_norm = 3.4408689f0, effective_w_decay = 0.001f0, effective_w_input_decay = 0.001f0, symmetry_error = 0.0f0, grad_symmetry_error = 0.0f0, best_accuracy = 0.714, best_path = "ext\\IsingLearning\\experiments\\MNIST\\baseline_new_nudge\\experiments\\current\\symmetric_nudge_beta_relax_from_0p714_20260610\\b0p015_lr0p00009_s500_fixed\\best_checkpoint.bin", final_path = "")
epoch 20 training
epoch 20 batch 1/100 samples 128/12800 elapsed 0.8s
epoch 20 batch 25/100 samples 3200/12800 elapsed 21.3s
epoch 20 batch 50/100 samples 6400/12800 elapsed 42.2s
epoch 20 batch 75/100 samples 9600/12800 elapsed 63.7s
epoch 20 batch 100/100 samples 12800/12800 elapsed 84.6s
epoch 20 training done in 84.575s
epoch 20 train-eval: evaluating 1000 samples
epoch 20 train accuracy 0.661 loss 11.981216
epoch 20 evaluating
epoch 20 test: evaluating 1000 samples
epoch 20 test accuracy 0.691 loss 11.785477 best 0.714
(timestamp = "2026-06-10T08:55:09", epoch = 20, seconds = 84.574772, train_accuracy = 0.661, train_loss = 11.981216f0, test_accuracy = 0.691, test_loss = 11.785477f0, pred_counts = "122-102-133-140-191-91-100-96-14-11", w_norm = 0.80355877f0, b_norm = 0.06401417f0, w_input_norm = 1.9767971f0, grad_w_norm = 4.9212747f0, grad_b_norm = 0.7905739f0, grad_w_input_norm = 5.5847373f0, effective_w_decay = 0.001f0, effective_w_input_decay = 0.001f0, symmetry_error = 0.0f0, grad_symmetry_error = 0.0f0, best_accuracy = 0.714, best_path = "ext\\IsingLearning\\experiments\\MNIST\\baseline_new_nudge\\experiments\\current\\symmetric_nudge_beta_relax_from_0p714_20260610\\b0p015_lr0p00009_s500_fixed\\best_checkpoint.bin", final_path = "")
epoch 21 training
epoch 21 batch 1/100 samples 128/12800 elapsed 0.9s
epoch 21 batch 25/100 samples 3200/12800 elapsed 19.2s
epoch 21 batch 50/100 samples 6400/12800 elapsed 38.2s
epoch 21 batch 75/100 samples 9600/12800 elapsed 59.2s
epoch 21 batch 100/100 samples 12800/12800 elapsed 79.4s
epoch 21 training done in 79.389s
epoch 21 train-eval: evaluating 1000 samples
epoch 21 train accuracy 0.672 loss 12.236606
epoch 21 evaluating
epoch 21 test: evaluating 1000 samples
epoch 21 test accuracy 0.676 loss 11.950387 best 0.714
(timestamp = "2026-06-10T08:56:32", epoch = 21, seconds = 79.3886611, train_accuracy = 0.672, train_loss = 12.236606f0, test_accuracy = 0.676, test_loss = 11.950387f0, pred_counts = "131-143-115-149-136-89-106-113-9-9", w_norm = 0.80698365f0, b_norm = 0.06428199f0, w_input_norm = 1.9863695f0, grad_w_norm = 2.755579f0, grad_b_norm = 0.3887413f0, grad_w_input_norm = 3.490126f0, effective_w_decay = 0.001f0, effective_w_input_decay = 0.001f0, symmetry_error = 0.0f0, grad_symmetry_error = 0.0f0, best_accuracy = 0.714, best_path = "ext\\IsingLearning\\experiments\\MNIST\\baseline_new_nudge\\experiments\\current\\symmetric_nudge_beta_relax_from_0p714_20260610\\b0p015_lr0p00009_s500_fixed\\best_checkpoint.bin", final_path = "")
epoch 22 training
epoch 22 batch 1/100 samples 128/12800 elapsed 0.7s
epoch 22 batch 25/100 samples 3200/12800 elapsed 18.9s
epoch 22 batch 50/100 samples 6400/12800 elapsed 38.9s
epoch 22 batch 75/100 samples 9600/12800 elapsed 60.9s
epoch 22 batch 100/100 samples 12800/12800 elapsed 82.4s
epoch 22 training done in 82.402s
epoch 22 train-eval: evaluating 1000 samples
epoch 22 train accuracy 0.653 loss 11.982262
epoch 22 evaluating
epoch 22 test: evaluating 1000 samples
epoch 22 test accuracy 0.687 loss 11.385749 best 0.714
(timestamp = "2026-06-10T08:57:58", epoch = 22, seconds = 82.4017122, train_accuracy = 0.653, train_loss = 11.982262f0, test_accuracy = 0.687, test_loss = 11.385749f0, pred_counts = "118-107-130-112-139-132-91-144-13-14", w_norm = 0.8150417f0, b_norm = 0.06421516f0, w_input_norm = 1.9949114f0, grad_w_norm = 1.5862501f0, grad_b_norm = 0.30180484f0, grad_w_input_norm = 2.8914893f0, effective_w_decay = 0.001f0, effective_w_input_decay = 0.001f0, symmetry_error = 0.0f0, grad_symmetry_error = 0.0f0, best_accuracy = 0.714, best_path = "ext\\IsingLearning\\experiments\\MNIST\\baseline_new_nudge\\experiments\\current\\symmetric_nudge_beta_relax_from_0p714_20260610\\b0p015_lr0p00009_s500_fixed\\best_checkpoint.bin", final_path = "")
epoch 23 training
epoch 23 batch 1/100 samples 128/12800 elapsed 1.1s
epoch 23 batch 25/100 samples 3200/12800 elapsed 21.2s
epoch 23 batch 50/100 samples 6400/12800 elapsed 42.2s
epoch 23 batch 75/100 samples 9600/12800 elapsed 63.0s
epoch 23 batch 100/100 samples 12800/12800 elapsed 82.0s
epoch 23 training done in 82.007s
epoch 23 train-eval: evaluating 1000 samples
epoch 23 train accuracy 0.659 loss 12.343566
epoch 23 evaluating
epoch 23 test: evaluating 1000 samples
epoch 23 test accuracy 0.691 loss 11.741924 best 0.714
(timestamp = "2026-06-10T08:59:22", epoch = 23, seconds = 82.0071224, train_accuracy = 0.659, train_loss = 12.343566f0, test_accuracy = 0.691, test_loss = 11.741924f0, pred_counts = "120-103-152-134-172-75-97-130-5-12", w_norm = 0.8163379f0, b_norm = 0.063991584f0, w_input_norm = 2.0018277f0, grad_w_norm = 8.166632f0, grad_b_norm = 1.511356f0, grad_w_input_norm = 6.7899947f0, effective_w_decay = 0.001f0, effective_w_input_decay = 0.001f0, symmetry_error = 0.0f0, grad_symmetry_error = 0.0f0, best_accuracy = 0.714, best_path = "ext\\IsingLearning\\experiments\\MNIST\\baseline_new_nudge\\experiments\\current\\symmetric_nudge_beta_relax_from_0p714_20260610\\b0p015_lr0p00009_s500_fixed\\best_checkpoint.bin", final_path = "")
epoch 24 training
epoch 24 batch 1/100 samples 128/12800 elapsed 0.7s
epoch 24 batch 25/100 samples 3200/12800 elapsed 18.0s
epoch 24 batch 50/100 samples 6400/12800 elapsed 37.3s
epoch 24 batch 75/100 samples 9600/12800 elapsed 56.9s
epoch 24 batch 100/100 samples 12800/12800 elapsed 76.5s
epoch 24 training done in 76.524s
epoch 24 train-eval: evaluating 1000 samples
epoch 24 train accuracy 0.683 loss 11.806067
epoch 24 evaluating
epoch 24 test: evaluating 1000 samples
epoch 24 test accuracy 0.702 loss 11.617376 best 0.714
(timestamp = "2026-06-10T09:00:42", epoch = 24, seconds = 76.5239466, train_accuracy = 0.683, train_loss = 11.8060665f0, test_accuracy = 0.702, test_loss = 11.617376f0, pred_counts = "135-125-126-133-130-120-113-99-10-9", w_norm = 0.8229605f0, b_norm = 0.06591435f0, w_input_norm = 2.0126507f0, grad_w_norm = 3.9916513f0, grad_b_norm = 0.4995979f0, grad_w_input_norm = 2.8823006f0, effective_w_decay = 0.001f0, effective_w_input_decay = 0.001f0, symmetry_error = 0.0f0, grad_symmetry_error = 0.0f0, best_accuracy = 0.714, best_path = "ext\\IsingLearning\\experiments\\MNIST\\baseline_new_nudge\\experiments\\current\\symmetric_nudge_beta_relax_from_0p714_20260610\\b0p015_lr0p00009_s500_fixed\\best_checkpoint.bin", final_path = "ext\\IsingLearning\\experiments\\MNIST\\baseline_new_nudge\\experiments\\current\\symmetric_nudge_beta_relax_from_0p714_20260610\\b0p015_lr0p00009_s500_fixed\\final_checkpoint.bin")
saved MNIST 784-120-40 softplus-margin nudge baseline in ext\IsingLearning\experiments\MNIST\baseline_new_nudge\experiments\current\symmetric_nudge_beta_relax_from_0p714_20260610\b0p015_lr0p00009_s500_fixed
