  Activating project at `~/Documents/GitHub/InteractiveIsing.jl/ext/IsingLearning`
┌ Warning: Overlapping GeneralState field names encountered during merge; later defaults will override earlier ones.
│   overlapping_fields =
│    2-element Vector{Symbol}:
│     :equilibrium_state
│     :x
└ @ IsingLearning.InteractiveIsing.StatefulAlgorithms ~/Documents/GitHub/InteractiveIsing.jl/deps/StatefulAlgorithms/src/Widgets/GeneralState.jl:54
┌ Warning: Overlapping GeneralState field names encountered during merge; later defaults will override earlier ones.
│   overlapping_fields =
│    3-element Vector{Symbol}:
│     :equilibrium_state
│     :y
│     :x
└ @ IsingLearning.InteractiveIsing.StatefulAlgorithms ~/Documents/GitHub/InteractiveIsing.jl/deps/StatefulAlgorithms/src/Widgets/GeneralState.jl:54
Running 2-input statistical XOR EP: (epochs = 2000, log_every = 100, minit = 16, eval_repeats = 64, hidden = 16, beta = 0.5, lr = 0.0005, weight_decay = 0.0, temp = 0.001, stepsize = 0.1, block_size = 8, free_relaxation = 80, nudged_relaxation = 80, state = :continuous, dynamics = :langevin, init_mode = :zero, training_rule = :ep, target_free_sign = :target_minus_free)
epoch=0 mse=1.001746 acc=0.5
    case=(false, false) input=[-1.0, -1.0] target=[1.0, -1.0] mean=[-0.0512, -0.0476] std=0.03154
    case=(false, true) input=[-1.0, 1.0] target=[-1.0, 1.0] mean=[-0.0456, -0.0391] std=0.02701
    case=(true, false) input=[1.0, -1.0] target=[-1.0, 1.0] mean=[-0.0496, -0.0419] std=0.02987
    case=(true, true) input=[1.0, 1.0] target=[1.0, -1.0] mean=[-0.0459, -0.0364] std=0.03328
epoch=1 mse=1.006726 acc=0.5 grad=0.129721 response=0.092776 delta=0.006041
epoch=100 mse=1.001788 acc=0.5 grad=0.080903 response=0.08326 delta=0.349071
epoch=200 mse=0.998239 acc=0.25 grad=0.053869 response=0.07836 delta=0.508235
epoch=300 mse=1.003323 acc=0.0 grad=0.053718 response=0.077517 delta=0.58188
epoch=400 mse=0.997354 acc=0.5 grad=0.040408 response=0.077994 delta=0.615246
epoch=500 mse=1.003323 acc=0.25 grad=0.041314 response=0.077689 delta=0.636497
epoch=600 mse=0.999811 acc=0.5 grad=0.038418 response=0.076884 delta=0.647294
epoch=700 mse=0.997737 acc=0.5 grad=0.037918 response=0.076235 delta=0.653928
epoch=800 mse=0.999475 acc=0.25 grad=0.043087 response=0.076832 delta=0.658235
epoch=900 mse=0.99494 acc=1.0 grad=0.033582 response=0.077159 delta=0.66401
epoch=1000 mse=1.000802 acc=0.25 grad=0.038904 response=0.077313 delta=0.669867
epoch=1100 mse=1.00189 acc=0.25 grad=0.034393 response=0.078167 delta=0.673448
epoch=1200 mse=0.99771 acc=0.75 grad=0.033235 response=0.077113 delta=0.673968
epoch=1300 mse=1.001016 acc=0.5 grad=0.03818 response=0.076514 delta=0.676002
epoch=1400 mse=0.999537 acc=0.5 grad=0.031372 response=0.075638 delta=0.676869
epoch=1500 mse=1.001419 acc=0.25 grad=0.036017 response=0.075124 delta=0.672588
epoch=1600 mse=1.001697 acc=0.25 grad=0.031864 response=0.077836 delta=0.667694
epoch=1700 mse=1.000422 acc=0.25 grad=0.039558 response=0.077024 delta=0.663845
epoch=1800 mse=1.002795 acc=0.5 grad=0.029422 response=0.075737 delta=0.656989
epoch=1900 mse=0.996619 acc=0.75 grad=0.035773 response=0.075654 delta=0.650281
epoch=2000 mse=1.001492 acc=0.5 grad=0.036543 response=0.078541 delta=0.651181
restored best mse=1.002899 acc=0.5
    case=(false, false) input=[-1.0, -1.0] target=[1.0, -1.0] mean=[0.0007, -0.0033] std=0.02863
    case=(false, true) input=[-1.0, 1.0] target=[-1.0, 1.0] mean=[0.0013, 0.0033] std=0.0303
    case=(true, false) input=[1.0, -1.0] target=[-1.0, 1.0] mean=[0.0012, -0.008] std=0.02883
    case=(true, true) input=[1.0, 1.0] target=[1.0, -1.0] mean=[-0.009, -0.0007] std=0.03262
Saved CSV: ext/IsingLearning/runs/xor_2input_langevin_zero_control_20260510_023231/T001_s010_lr0005_b05/xor_statistical_ep_2input.csv
Saved plot: ext/IsingLearning/runs/xor_2input_langevin_zero_control_20260510_023231/T001_s010_lr0005_b05/xor_statistical_ep_2input.png
Saved graph: ext/IsingLearning/runs/xor_2input_langevin_zero_control_20260510_023231/T001_s010_lr0005_b05/xor_statistical_ep_2input_trained_graph.jld2
