  Activating project at `C:\Users\fenje\dev\InteractiveIsing.jl\ext\IsingLearning`
[2026-05-29T00:01:16] loading balanced MNIST subset
[2026-05-29T00:01:17] manager diagnostic configured workers=32 threads=32 full_n=1000 subset_n=273 warmup_n=1
[2026-05-29T00:01:17] manager warmup starting
┌ Warning: Overlapping GeneralState field names encountered during merge at mnist_model <=> mnist_model, x <=> x, base_bias <=> base_bias, sample_buffer <=> sample_buffer, free_state <=> free_state, free_best_energy <=> free_best_energy, rng <=> rng; add an explicit DSL state statement such as @merge mnist_model, mnist_model or @merge x, x or @merge base_bias, base_bias or @merge sample_buffer, sample_buffer or @merge free_state, free_state or @merge free_best_energy, free_best_energy or @merge rng, rng when this sharing is intentional.
│   overlapping_fields = 7-element Vector{Symbol}: …
│   state_paths = ("mnist_model <=> mnist_model", "x <=> x", "base_bias <=> base_bias", "sample_buffer <=> sample_buffer", "free_state <=> free_state", "free_best_energy <=> free_best_energy", "rng <=> rng")
│   suggested_fixes = ("@merge mnist_model, mnist_model", "@merge x, x", "@merge base_bias, base_bias", "@merge sample_buffer, sample_buffer", "@merge free_state, free_state", "@merge free_best_energy, free_best_energy", "@merge rng, rng")
│   default_conflicts = Union{}[]
└ @ IsingLearning.InteractiveIsing.StatefulAlgorithms C:\Users\fenje\dev\InteractiveIsing.jl\deps\StatefulAlgorithms\src\Widgets\GeneralState.jl:138
┌ Warning: Overlapping GeneralState field names encountered during merge at mnist_model <=> mnist_model, x <=> x, y <=> y, base_bias <=> base_bias, sample_buffer <=> sample_buffer, free_state <=> free_state, nudged_state <=> nudged_state, nudged_best_energy <=> nudged_best_energy; add an explicit DSL state statement such as @merge mnist_model, mnist_model or @merge x, x or @merge y, y or @merge base_bias, base_bias or @merge sample_buffer, sample_buffer or @merge free_state, free_state or @merge nudged_state, nudged_state or @merge nudged_best_energy, nudged_best_energy when this sharing is intentional.
│   overlapping_fields = 8-element Vector{Symbol}: …
│   state_paths = ("mnist_model <=> mnist_model", "x <=> x", "y <=> y", "base_bias <=> base_bias", "sample_buffer <=> sample_buffer", "free_state <=> free_state", "nudged_state <=> nudged_state", "nudged_best_energy <=> nudged_best_energy")
│   suggested_fixes = ("@merge mnist_model, mnist_model", "@merge x, x", "@merge y, y", "@merge base_bias, base_bias", "@merge sample_buffer, sample_buffer", "@merge free_state, free_state", "@merge nudged_state, nudged_state", "@merge nudged_best_energy, nudged_best_energy")
│   default_conflicts = Union{}[]
└ @ IsingLearning.InteractiveIsing.StatefulAlgorithms C:\Users\fenje\dev\InteractiveIsing.jl\deps\StatefulAlgorithms\src\Widgets\GeneralState.jl:138
[2026-05-29T00:01:46] manager subset progress batch=1 samples=1 nsamples=1 elapsed_s=42.926
[2026-05-29T00:01:46] manager warmup finished elapsed_s=4.952 samples=1
[2026-05-29T00:01:46] manager measured run starting
┌ Warning: Overlapping GeneralState field names encountered during merge at mnist_model <=> mnist_model, x <=> x, base_bias <=> base_bias, sample_buffer <=> sample_buffer, free_state <=> free_state, free_best_energy <=> free_best_energy, rng <=> rng; add an explicit DSL state statement such as @merge mnist_model, mnist_model or @merge x, x or @merge base_bias, base_bias or @merge sample_buffer, sample_buffer or @merge free_state, free_state or @merge free_best_energy, free_best_energy or @merge rng, rng when this sharing is intentional.
│   overlapping_fields = 7-element Vector{Symbol}: …
│   state_paths = ("mnist_model <=> mnist_model", "x <=> x", "base_bias <=> base_bias", "sample_buffer <=> sample_buffer", "free_state <=> free_state", "free_best_energy <=> free_best_energy", "rng <=> rng")
│   suggested_fixes = ("@merge mnist_model, mnist_model", "@merge x, x", "@merge base_bias, base_bias", "@merge sample_buffer, sample_buffer", "@merge free_state, free_state", "@merge free_best_energy, free_best_energy", "@merge rng, rng")
│   default_conflicts = Union{}[]
└ @ IsingLearning.InteractiveIsing.StatefulAlgorithms C:\Users\fenje\dev\InteractiveIsing.jl\deps\StatefulAlgorithms\src\Widgets\GeneralState.jl:138
┌ Warning: Overlapping GeneralState field names encountered during merge at mnist_model <=> mnist_model, x <=> x, y <=> y, base_bias <=> base_bias, sample_buffer <=> sample_buffer, free_state <=> free_state, nudged_state <=> nudged_state, nudged_best_energy <=> nudged_best_energy; add an explicit DSL state statement such as @merge mnist_model, mnist_model or @merge x, x or @merge y, y or @merge base_bias, base_bias or @merge sample_buffer, sample_buffer or @merge free_state, free_state or @merge nudged_state, nudged_state or @merge nudged_best_energy, nudged_best_energy when this sharing is intentional.
│   overlapping_fields = 8-element Vector{Symbol}: …
│   state_paths = ("mnist_model <=> mnist_model", "x <=> x", "y <=> y", "base_bias <=> base_bias", "sample_buffer <=> sample_buffer", "free_state <=> free_state", "nudged_state <=> nudged_state", "nudged_best_energy <=> nudged_best_energy")
│   suggested_fixes = ("@merge mnist_model, mnist_model", "@merge x, x", "@merge y, y", "@merge base_bias, base_bias", "@merge sample_buffer, sample_buffer", "@merge free_state, free_state", "@merge nudged_state, nudged_state", "@merge nudged_best_energy, nudged_best_energy")
│   default_conflicts = Union{}[]
└ @ IsingLearning.InteractiveIsing.StatefulAlgorithms C:\Users\fenje\dev\InteractiveIsing.jl\deps\StatefulAlgorithms\src\Widgets\GeneralState.jl:138
[2026-05-29T00:01:51] manager subset progress batch=1 samples=32 nsamples=273 elapsed_s=47.467
[2026-05-29T00:01:51] manager subset progress batch=2 samples=64 nsamples=273 elapsed_s=47.787
[2026-05-29T00:01:51] manager subset progress batch=3 samples=96 nsamples=273 elapsed_s=48.081
[2026-05-29T00:01:52] manager subset progress batch=4 samples=128 nsamples=273 elapsed_s=48.395
[2026-05-29T00:01:52] manager subset progress batch=5 samples=160 nsamples=273 elapsed_s=48.68
[2026-05-29T00:01:52] manager subset progress batch=6 samples=192 nsamples=273 elapsed_s=48.976
[2026-05-29T00:01:52] manager subset progress batch=7 samples=224 nsamples=273 elapsed_s=49.28
[2026-05-29T00:01:53] manager subset progress batch=8 samples=256 nsamples=273 elapsed_s=49.584
[2026-05-29T00:01:53] manager subset progress batch=9 samples=273 nsamples=273 elapsed_s=49.791
[2026-05-29T00:01:53] manager measured subset finished workers=32 subset_n=273 elapsed_s=2.596 estimated_epoch_s=9.509 seconds_per_sample=0.0095 summary=C:\Users\fenje\dev\InteractiveIsing.jl\ext\IsingLearning\experiments\MNIST\single-hidden-local-28x28-to-11x11-readout\diagnostics\runs\20260528_135023_bespoke_direct_metropolis_subset\manager_summary.csv
