  Activating project at `~/Documents/GitHub/InteractiveIsing.jl/ext/IsingLearning`
┌ Warning: Overlapping GeneralState field names encountered during merge; later defaults will override earlier ones.
│   overlapping_fields =
│    2-element Vector{Symbol}:
│     :equilibrium_state
│     :x
└ @ IsingLearning.InteractiveIsing.Processes ~/Documents/GitHub/InteractiveIsing.jl/deps/Processes/src/Widgets/GeneralState.jl:54
┌ Warning: Overlapping GeneralState field names encountered during merge; later defaults will override earlier ones.
│   overlapping_fields =
│    3-element Vector{Symbol}:
│     :equilibrium_state
│     :y
│     :x
└ @ IsingLearning.InteractiveIsing.Processes ~/Documents/GitHub/InteractiveIsing.jl/deps/Processes/src/Widgets/GeneralState.jl:54
Running 2-input statistical XOR EP: (epochs = 1200, log_every = 100, minit = 16, eval_repeats = 64, hidden = 16, beta = 0.5, lr = 0.0002, weight_decay = 0.0, temp = 0.001, stepsize = 0.1, block_size = 8, free_relaxation = 80, nudged_relaxation = 80, state = :continuous, dynamics = :langevin, init_mode = :random, training_rule = :ep, target_free_sign = :target_minus_free)
epoch=0 mse=1.008908 acc=0.25
    case=(false, false) input=[-1.0, -1.0] target=[1.0, -1.0] mean=[0.0661, -0.0417] std=0.54718
    case=(false, true) input=[-1.0, 1.0] target=[-1.0, 1.0] mean=[0.008, -0.0008] std=0.57934
    case=(true, false) input=[1.0, -1.0] target=[-1.0, 1.0] mean=[-0.0509, -0.1209] std=0.60753
    case=(true, true) input=[1.0, 1.0] target=[1.0, -1.0] mean=[-0.043, 0.0088] std=0.60375
epoch=1 mse=1.010751 acc=0.25 grad=0.235188 response=0.13114 delta=0.002416
epoch=100 mse=1.011942 acc=0.25 grad=0.227498 response=0.132857 delta=0.0504
epoch=200 mse=1.009638 acc=0.25 grad=0.226087 response=0.135 delta=0.089989
epoch=300 mse=1.010145 acc=0.25 grad=0.193669 response=0.130776 delta=0.126234
epoch=400 mse=1.010661 acc=0.25 grad=0.255647 response=0.1334 delta=0.161244
epoch=500 mse=1.010365 acc=0.25 grad=0.219262 response=0.132291 delta=0.187677
epoch=600 mse=1.016961 acc=0.25 grad=0.211775 response=0.130313 delta=0.218281
epoch=700 mse=1.007305 acc=0.25 grad=0.236452 response=0.129044 delta=0.249178
epoch=800 mse=1.016924 acc=0.25 grad=0.193177 response=0.128665 delta=0.273006
epoch=900 mse=1.014355 acc=0.25 grad=0.21008 response=0.126306 delta=0.297771
epoch=1000 mse=1.011161 acc=0.25 grad=0.262071 response=0.130636 delta=0.313563
epoch=1100 mse=1.013082 acc=0.25 grad=0.216603 response=0.128955 delta=0.331932
epoch=1200 mse=1.00912 acc=0.25 grad=0.271265 response=0.131028 delta=0.352291
restored best mse=1.014988 acc=0.25
    case=(false, false) input=[-1.0, -1.0] target=[1.0, -1.0] mean=[0.0722, -0.0203] std=0.54461
    case=(false, true) input=[-1.0, 1.0] target=[-1.0, 1.0] mean=[0.0191, 0.001] std=0.57596
    case=(true, false) input=[1.0, -1.0] target=[-1.0, 1.0] mean=[-0.0481, -0.1219] std=0.61222
    case=(true, true) input=[1.0, 1.0] target=[1.0, -1.0] mean=[-0.0364, 0.012] std=0.59627
Saved CSV: ext/IsingLearning/runs/xor_2input_langevin_random_sweep_20260510_021947/T001_s010_lr0002_b05_w005/xor_statistical_ep_2input.csv
Saved plot: ext/IsingLearning/runs/xor_2input_langevin_random_sweep_20260510_021947/T001_s010_lr0002_b05_w005/xor_statistical_ep_2input.png
Saved graph: ext/IsingLearning/runs/xor_2input_langevin_random_sweep_20260510_021947/T001_s010_lr0002_b05_w005/xor_statistical_ep_2input_trained_graph.jld2
