[bootstrap] activated project
[bootstrap] loaded packages
building MNIST 784-120-40 layer
loading training split
training samples: 12800 (100 batches/epoch)
loading train-eval split
train-eval samples: 1000
loading test split
test samples: 1000
constructing 32-worker softplus-margin nudge Adam manager
constructing 32-worker validation manager
starting epochs
epoch 0 train-eval: evaluating 1000 samples
epoch 0 train accuracy 0.075 loss 74.159058
epoch 0 evaluating
epoch 0 test: evaluating 1000 samples
epoch 0 test accuracy 0.071 loss 73.88591 best 0.071
(timestamp = "2026-06-09T21:40:29", epoch = 0, seconds = 0.0, train_accuracy = 0.075, train_loss = 74.15906f0, test_accuracy = 0.071, test_loss = 73.88591f0, pred_counts = "44-173-92-80-83-57-85-209-74-103", w_norm = 0.48583895f0, b_norm = 0.0f0, w_input_norm = 1.5314544f0, grad_w_norm = 0.0f0, grad_b_norm = 0.0f0, grad_w_input_norm = 0.0f0, effective_w_decay = 0.001f0, effective_w_input_decay = 0.001f0, symmetry_error = 0.0f0, grad_symmetry_error = 0.0f0, best_accuracy = 0.071, best_path = "ext\\IsingLearning\\experiments\\MNIST\\baseline_new_nudge\\experiments\\current\\symmetric_nudge_target_weight_grid_v2_20260609\\b0p010_lr0p0005_T0p00005_wd0p001_step0p5_pos9p0_neg0p0_priortrue_adaptivefalse\\best_checkpoint.bin", final_path = "")
epoch 1 training
epoch 1 batch 1/100 accuracy 0.1172 loss 75.505226 best_batch 0.1172 declines 0/2 trained_batches 1
epoch 1 batch 1/100 samples 128/12800 elapsed 14.7s
epoch 1 batch 2/100 accuracy 0.0781 loss 86.298378 best_batch 0.1172 declines 0/2 trained_batches 2
epoch 1 batch 3/100 accuracy 0.1016 loss 96.389488 best_batch 0.1172 declines 0/2 trained_batches 3
epoch 1 batch 4/100 accuracy 0.1016 loss 103.933083 best_batch 0.1172 declines 0/2 trained_batches 4
epoch 1 batch 5/100 accuracy 0.1172 loss 110.796356 best_batch 0.1172 declines 0/2 trained_batches 5
epoch 1 batch 6/100 accuracy 0.0938 loss 115.941147 best_batch 0.1172 declines 0/2 trained_batches 6
epoch 1 batch 7/100 accuracy 0.0781 loss 118.864754 best_batch 0.1172 declines 0/2 trained_batches 7
epoch 1 batch 8/100 accuracy 0.125 loss 121.110054 best_batch 0.125 declines 0/2 trained_batches 8
epoch 1 batch 9/100 accuracy 0.0938 loss 122.296585 best_batch 0.125 declines 0/2 trained_batches 9
epoch 1 batch 10/100 accuracy 0.1016 loss 126.378662 best_batch 0.125 declines 0/2 trained_batches 10
epoch 1 batch 11/100 accuracy 0.0703 loss 127.919167 best_batch 0.125 declines 0/2 trained_batches 11
epoch 1 batch 12/100 accuracy 0.1016 loss 129.312622 best_batch 0.125 declines 0/2 trained_batches 12
epoch 1 batch 13/100 accuracy 0.1016 loss 130.277191 best_batch 0.125 declines 0/2 trained_batches 13
epoch 1 batch 14/100 accuracy 0.0703 loss 130.325562 best_batch 0.125 declines 0/2 trained_batches 14
epoch 1 batch 15/100 accuracy 0.1328 loss 130.067062 best_batch 0.1328 declines 0/2 trained_batches 15
epoch 1 batch 16/100 accuracy 0.0938 loss 130.574844 best_batch 0.1328 declines 0/2 trained_batches 16
epoch 1 batch 17/100 accuracy 0.0859 loss 130.45517 best_batch 0.1328 declines 0/2 trained_batches 17
epoch 1 batch 18/100 accuracy 0.0781 loss 130.643799 best_batch 0.1328 declines 0/2 trained_batches 18
epoch 1 batch 19/100 accuracy 0.1094 loss 129.771866 best_batch 0.1328 declines 0/2 trained_batches 19
epoch 1 batch 20/100 accuracy 0.1016 loss 130.703674 best_batch 0.1328 declines 0/2 trained_batches 20
epoch 1 batch 21/100 accuracy 0.125 loss 130.409164 best_batch 0.1328 declines 0/2 trained_batches 21
epoch 1 batch 22/100 accuracy 0.1094 loss 130.817047 best_batch 0.1328 declines 0/2 trained_batches 22
epoch 1 batch 23/100 accuracy 0.1328 loss 130.274338 best_batch 0.1328 declines 0/2 trained_batches 23
epoch 1 batch 24/100 accuracy 0.1016 loss 130.064865 best_batch 0.1328 declines 0/2 trained_batches 24
epoch 1 batch 25/100 accuracy 0.1172 loss 130.700882 best_batch 0.1328 declines 0/2 trained_batches 25
epoch 1 batch 25/100 samples 3200/12800 elapsed 38.1s
epoch 1 batch 26/100 accuracy 0.1016 loss 130.766281 best_batch 0.1328 declines 0/2 trained_batches 26
epoch 1 batch 27/100 accuracy 0.1016 loss 130.196777 best_batch 0.1328 declines 0/2 trained_batches 27
epoch 1 batch 28/100 accuracy 0.0859 loss 130.697876 best_batch 0.1328 declines 0/2 trained_batches 28
epoch 1 batch 29/100 accuracy 0.1484 loss 130.084366 best_batch 0.1484 declines 0/2 trained_batches 29
epoch 1 batch 30/100 accuracy 0.125 loss 129.770172 best_batch 0.1484 declines 0/2 trained_batches 30
epoch 1 batch 31/100 accuracy 0.0859 loss 130.949203 best_batch 0.1484 declines 0/2 trained_batches 31
epoch 1 batch 32/100 accuracy 0.0781 loss 130.703796 best_batch 0.1484 declines 0/2 trained_batches 32
epoch 1 batch 33/100 accuracy 0.1094 loss 130.322357 best_batch 0.1484 declines 0/2 trained_batches 33
epoch 1 batch 34/100 accuracy 0.1016 loss 130.404495 best_batch 0.1484 declines 0/2 trained_batches 34
epoch 1 batch 35/100 accuracy 0.1016 loss 130.380203 best_batch 0.1484 declines 0/2 trained_batches 35
epoch 1 batch 36/100 accuracy 0.1562 loss 129.619568 best_batch 0.1562 declines 0/2 trained_batches 36
epoch 1 batch 37/100 accuracy 0.1719 loss 129.626785 best_batch 0.1719 declines 0/2 trained_batches 37
epoch 1 batch 38/100 accuracy 0.1328 loss 131.139648 best_batch 0.1719 declines 0/2 trained_batches 38
epoch 1 batch 39/100 accuracy 0.0938 loss 129.766144 best_batch 0.1719 declines 0/2 trained_batches 39
epoch 1 batch 40/100 accuracy 0.0469 loss 130.576431 best_batch 0.1719 declines 0/2 trained_batches 40
epoch 1 batch 41/100 accuracy 0.0625 loss 130.444366 best_batch 0.1719 declines 0/2 trained_batches 41
epoch 1 batch 42/100 accuracy 0.0547 loss 130.945984 best_batch 0.1719 declines 0/2 trained_batches 42
epoch 1 batch 43/100 accuracy 0.1328 loss 130.451508 best_batch 0.1719 declines 0/2 trained_batches 43
epoch 1 batch 44/100 accuracy 0.1016 loss 130.381821 best_batch 0.1719 declines 0/2 trained_batches 44
epoch 1 batch 45/100 accuracy 0.1172 loss 130.31366 best_batch 0.1719 declines 0/2 trained_batches 45
epoch 1 batch 46/100 accuracy 0.1016 loss 130.570755 best_batch 0.1719 declines 0/2 trained_batches 46
epoch 1 batch 47/100 accuracy 0.1797 loss 130.457428 best_batch 0.1797 declines 0/2 trained_batches 47
epoch 1 batch 48/100 accuracy 0.1016 loss 129.822083 best_batch 0.1797 declines 0/2 trained_batches 48
epoch 1 batch 49/100 accuracy 0.1484 loss 131.129639 best_batch 0.1797 declines 0/2 trained_batches 49
