  Activating project at `~/Documents/GitHub/InteractiveIsing.jl/ext/IsingLearning`
ERROR: LoadError: ArgumentError: cannot parse "" as Float64
Stacktrace:
 [1] _parse_failure(T::Type, s::String, startpos::Int64, endpos::Int64)
   @ Base ./parse.jl:388
 [2] #tryparse_internal#474
   @ ./parse.jl:384 [inlined]
 [3] tryparse_internal
   @ ./parse.jl:381 [inlined]
 [4] parse(::Type{Float64}, s::String)
   @ Base ./parse.jl:394
 [5] top-level scope
   @ ~/Documents/GitHub/InteractiveIsing.jl/ext/IsingLearning/examples/xor_statistical_ep_2input.jl:23
 [6] include(mod::Module, _path::String)
   @ Base ./Base.jl:306
 [7] exec_options(opts::Base.JLOptions)
   @ Base ./client.jl:317
 [8] _start()
   @ Base ./client.jl:550
in expression starting at /Users/fabian/Documents/GitHub/InteractiveIsing.jl/ext/IsingLearning/examples/xor_statistical_ep_2input.jl:23
