[2026-05-27T13:32:27] monitor started pid=252420 poll_s=15
[2026-05-27T13:32:27] running no-output-yet
[2026-05-27T13:32:42] running no-output-yet
[2026-05-27T13:32:57] running no-output-yet
[2026-05-27T13:33:12] running no-output-yet
[2026-05-27T13:33:27] running no-output-yet
[2026-05-27T13:33:42] running no-output-yet
[2026-05-27T13:33:57] running no-output-yet
[2026-05-27T13:34:12] running no-output-yet
[2026-05-27T13:34:27] running no-output-yet
[2026-05-27T13:34:42] running no-output-yet
[2026-05-27T13:34:58] running no-output-yet
[2026-05-27T13:35:13] running no-output-yet
[2026-05-27T13:35:28] running no-output-yet
[2026-05-27T13:35:43] running no-output-yet
[2026-05-27T13:35:58] running no-output-yet
[2026-05-27T13:36:13] running no-output-yet
[2026-05-27T13:36:28] running no-output-yet
[2026-05-27T13:36:43] running no-output-yet
[2026-05-27T13:36:58] running no-output-yet
[2026-05-27T13:37:13] running no-output-yet
[2026-05-27T13:37:28] running no-output-yet
[2026-05-27T13:37:43] running no-output-yet
[2026-05-27T13:37:58] running no-output-yet
[2026-05-27T13:38:13] running no-output-yet
[2026-05-27T13:38:28] running no-output-yet
[2026-05-27T13:38:43] running no-output-yet
[2026-05-27T13:38:58] running no-output-yet
[2026-05-27T13:39:13] running no-output-yet
[2026-05-27T13:39:28] running no-output-yet
[2026-05-27T13:39:43] running no-output-yet
[2026-05-27T13:39:58] running no-output-yet
[2026-05-27T13:40:13] running no-output-yet
[2026-05-27T13:40:28] running no-output-yet
[2026-05-27T13:40:43] running no-output-yet
[2026-05-27T13:40:58] running no-output-yet
[2026-05-27T13:41:13] running no-output-yet
[2026-05-27T13:41:28] running no-output-yet
[2026-05-27T13:41:43] running no-output-yet
[2026-05-27T13:41:58] running no-output-yet
[2026-05-27T13:42:13] running no-output-yet
[2026-05-27T13:42:28] running no-output-yet
[2026-05-27T13:42:43] running no-output-yet
[2026-05-27T13:42:58] running no-output-yet
[2026-05-27T13:43:13] running no-output-yet
[2026-05-27T13:43:28] running no-output-yet
[2026-05-27T13:43:43] running no-output-yet
[2026-05-27T13:43:58] running no-output-yet
[2026-05-27T13:44:13] running no-output-yet
[2026-05-27T13:44:28] running no-output-yet
[2026-05-27T13:44:43] running no-output-yet
[2026-05-27T13:44:58] running no-output-yet
[2026-05-27T13:45:13] process exited
[2026-05-27T13:45:13] final csv-missing
[2026-05-27T13:45:13] stderr-last="Γöö @ IsingLearning.InteractiveIsing.StatefulAlgorithms C:\Users\fenje\dev\InteractiveIsing.jl\deps\StatefulAlgorithms\src\Widgets\GeneralState.jl:54"
