  Activating project at `C:\Users\fenje\dev\InteractiveIsing.jl\ext\IsingLearning`
┌ Warning: this run uses a subsampled balanced training split, so it is not the full balanced MNIST baseline
│   train_per_class = 1280
└ @ Main C:\Users\fenje\dev\InteractiveIsing.jl\ext\IsingLearning\experiments\MNIST\baseline_new_nudge\mnist_784_120_40_softplus_margin_symmetric_nudge_adam.jl:1739
┌ Warning: this run uses a subsampled balanced test split, so reported accuracy will be noisy
│   test_per_class = 100
└ @ Main C:\Users\fenje\dev\InteractiveIsing.jl\ext\IsingLearning\experiments\MNIST\baseline_new_nudge\mnist_784_120_40_softplus_margin_symmetric_nudge_adam.jl:1740

epoch 22   2%|█                                         |  ETA: 0:13:12[K
     batch: 2/100[K
   samples: 256/12800[K
[A
[A


[K[A
[K[A
epoch 22   4%|██                                        |  ETA: 0:07:08[K
     batch: 4/100[K
   samples: 512/12800[K
[A
[A


[K[A
[K[A
epoch 22   6%|███                                       |  ETA: 0:05:02[K
     batch: 6/100[K
   samples: 768/12800[K
[A
[A


[K[A
[K[A
epoch 22   8%|████                                      |  ETA: 0:03:58[K
     batch: 8/100[K
   samples: 1024/12800[K
[A
[A


[K[A
[K[A
epoch 22  10%|█████                                     |  ETA: 0:03:19[K
     batch: 10/100[K
   samples: 1280/12800[K
[A
[A


[K[A
[K[A
epoch 22  12%|██████                                    |  ETA: 0:02:52[K
     batch: 12/100[K
   samples: 1536/12800[K
[A
[A


[K[A
[K[A
epoch 22  14%|██████                                    |  ETA: 0:02:33[K
     batch: 14/100[K
   samples: 1792/12800[K
[A
[A


[K[A
[K[A
epoch 22  16%|███████                                   |  ETA: 0:02:19[K
     batch: 16/100[K
   samples: 2048/12800[K
[A
[A


[K[A
[K[A
epoch 22  18%|████████                                  |  ETA: 0:02:07[K
     batch: 18/100[K
   samples: 2304/12800[K
[A
[A


[K[A
[K[A
epoch 22  20%|█████████                                 |  ETA: 0:01:57[K
     batch: 20/100[K
   samples: 2560/12800[K
[A
[A


[K[A
[K[A
epoch 22  22%|██████████                                |  ETA: 0:01:49[K
     batch: 22/100[K
   samples: 2816/12800[K
[A
[A


[K[A
[K[A
epoch 22  24%|███████████                               |  ETA: 0:01:42[K
     batch: 24/100[K
   samples: 3072/12800[K
[A
[A


[K[A
[K[A
epoch 22  26%|███████████                               |  ETA: 0:01:36[K
     batch: 26/100[K
   samples: 3328/12800[K
[A
[A


[K[A
[K[A
epoch 22  28%|████████████                              |  ETA: 0:01:30[K
     batch: 28/100[K
   samples: 3584/12800[K
[A
[A


[K[A
[K[A
epoch 22  30%|█████████████                             |  ETA: 0:01:25[K
     batch: 30/100[K
   samples: 3840/12800[K
[A
[A


[K[A
[K[A
epoch 22  32%|██████████████                            |  ETA: 0:01:20[K
     batch: 32/100[K
   samples: 4096/12800[K
[A
[A


[K[A
[K[A
epoch 22  34%|███████████████                           |  ETA: 0:01:16[K
     batch: 34/100[K
   samples: 4352/12800[K
[A
[A


[K[A
[K[A
epoch 22  36%|████████████████                          |  ETA: 0:01:12[K
     batch: 36/100[K
   samples: 4608/12800[K
[A
[A


[K[A
[K[A
epoch 22  38%|████████████████                          |  ETA: 0:01:09[K
     batch: 38/100[K
   samples: 4864/12800[K
[A
[A


[K[A
[K[A
epoch 22  40%|█████████████████                         |  ETA: 0:01:05[K
     batch: 40/100[K
   samples: 5120/12800[K
[A
[A


[K[A
[K[A
epoch 22  42%|██████████████████                        |  ETA: 0:01:02[K
     batch: 42/100[K
   samples: 5376/12800[K
[A
[A


[K[A
[K[A
epoch 22  44%|███████████████████                       |  ETA: 0:00:59[K
     batch: 44/100[K
   samples: 5632/12800[K
[A
[A


[K[A
[K[A
epoch 22  46%|████████████████████                      |  ETA: 0:00:56[K
     batch: 46/100[K
   samples: 5888/12800[K
[A
[A


[K[A
[K[A
epoch 22  48%|█████████████████████                     |  ETA: 0:00:53[K
     batch: 48/100[K
   samples: 6144/12800[K
[A
[A


[K[A
[K[A
epoch 22  50%|██████████████████████                    |  ETA: 0:00:51[K
     batch: 50/100[K
   samples: 6400/12800[K
[A
[A


[K[A
[K[A
epoch 22  52%|██████████████████████                    |  ETA: 0:00:48[K
     batch: 52/100[K
   samples: 6656/12800[K
[A
[A


[K[A
[K[A
epoch 22  54%|███████████████████████                   |  ETA: 0:00:46[K
     batch: 54/100[K
   samples: 6912/12800[K
[A
[A


[K[A
[K[A
epoch 22  56%|████████████████████████                  |  ETA: 0:00:43[K
     batch: 56/100[K
   samples: 7168/12800[K
[A
[A


[K[A
[K[A
epoch 22  58%|█████████████████████████                 |  ETA: 0:00:41[K
     batch: 58/100[K
   samples: 7424/12800[K
[A
[A


[K[A
[K[A
epoch 22  60%|██████████████████████████                |  ETA: 0:00:39[K
     batch: 60/100[K
   samples: 7680/12800[K
[A
[A


[K[A
[K[A
epoch 22  62%|███████████████████████████               |  ETA: 0:00:36[K
     batch: 62/100[K
   samples: 7936/12800[K
[A
[A


[K[A
[K[A
epoch 22  64%|███████████████████████████               |  ETA: 0:00:34[K
     batch: 64/100[K
   samples: 8192/12800[K
[A
[A


[K[A
[K[A
epoch 22  66%|████████████████████████████              |  ETA: 0:00:32[K
     batch: 66/100[K
   samples: 8448/12800[K
[A
[A


[K[A
[K[A
epoch 22  68%|█████████████████████████████             |  ETA: 0:00:30[K
     batch: 68/100[K
   samples: 8704/12800[K
[A
[A


[K[A
[K[A
epoch 22  70%|██████████████████████████████            |  ETA: 0:00:28[K
     batch: 70/100[K
   samples: 8960/12800[K
[A
[A


[K[A
[K[A
epoch 22  72%|███████████████████████████████           |  ETA: 0:00:26[K
     batch: 72/100[K
   samples: 9216/12800[K
[A
[A


[K[A
[K[A
epoch 22  74%|████████████████████████████████          |  ETA: 0:00:24[K
     batch: 74/100[K
   samples: 9472/12800[K
[A
[A


[K[A
[K[A
epoch 22  76%|████████████████████████████████          |  ETA: 0:00:22[K
     batch: 76/100[K
   samples: 9728/12800[K
[A
[A


[K[A
[K[A
epoch 22  78%|█████████████████████████████████         |  ETA: 0:00:20[K
     batch: 78/100[K
   samples: 9984/12800[K
[A
[A


[K[A
[K[A
epoch 22  80%|██████████████████████████████████        |  ETA: 0:00:18[K
     batch: 80/100[K
   samples: 10240/12800[K
[A
[A


[K[A
[K[A
epoch 22  82%|███████████████████████████████████       |  ETA: 0:00:16[K
     batch: 82/100[K
   samples: 10496/12800[K
[A
[A


[K[A
[K[A
epoch 22  84%|████████████████████████████████████      |  ETA: 0:00:14[K
     batch: 84/100[K
   samples: 10752/12800[K
[A
[A


[K[A
[K[A
epoch 22  86%|█████████████████████████████████████     |  ETA: 0:00:12[K
     batch: 86/100[K
   samples: 11008/12800[K
[A
[A


[K[A
[K[A
epoch 22  88%|█████████████████████████████████████     |  ETA: 0:00:11[K
     batch: 88/100[K
   samples: 11264/12800[K
[A
[A


[K[A
[K[A
epoch 22  90%|██████████████████████████████████████    |  ETA: 0:00:09[K
     batch: 90/100[K
   samples: 11520/12800[K
[A
[A


[K[A
[K[A
epoch 22  92%|███████████████████████████████████████   |  ETA: 0:00:07[K
     batch: 92/100[K
   samples: 11776/12800[K
[A
[A


[K[A
[K[A
epoch 22  94%|████████████████████████████████████████  |  ETA: 0:00:05[K
     batch: 94/100[K
   samples: 12032/12800[K
[A
[A


[K[A
[K[A
epoch 22  96%|█████████████████████████████████████████ |  ETA: 0:00:03[K
     batch: 96/100[K
   samples: 12288/12800[K
[A
[A


[K[A
[K[A
epoch 22  98%|██████████████████████████████████████████|  ETA: 0:00:02[K
     batch: 98/100[K
   samples: 12544/12800[K
[A
[A


[K[A
[K[A
epoch 22 100%|██████████████████████████████████████████| Time: 0:01:26[K
     batch: 100/100[K
   samples: 12800/12800[K

epoch 23   2%|█                                         |  ETA: 0:01:10[K
     batch: 2/100[K
   samples: 256/12800[K
[A
[A


[K[A
[K[A
epoch 23   4%|██                                        |  ETA: 0:01:08[K
     batch: 4/100[K
   samples: 512/12800[K
[A
[A


[K[A
[K[A
epoch 23   6%|███                                       |  ETA: 0:01:06[K
     batch: 6/100[K
   samples: 768/12800[K
[A
[A


[K[A
[K[A
epoch 23   8%|████                                      |  ETA: 0:01:05[K
     batch: 8/100[K
   samples: 1024/12800[K
[A
[A


[K[A
[K[A
epoch 23  10%|█████                                     |  ETA: 0:01:04[K
     batch: 10/100[K
   samples: 1280/12800[K
[A
[A


[K[A
[K[A
epoch 23  12%|██████                                    |  ETA: 0:01:02[K
     batch: 12/100[K
   samples: 1536/12800[K
[A
[A


[K[A
[K[A
epoch 23  14%|██████                                    |  ETA: 0:01:01[K
     batch: 14/100[K
   samples: 1792/12800[K
[A
[A


[K[A
[K[A
epoch 23  16%|███████                                   |  ETA: 0:01:00[K
     batch: 16/100[K
   samples: 2048/12800[K
[A
[A


[K[A
[K[A
epoch 23  18%|████████                                  |  ETA: 0:00:59[K
     batch: 18/100[K
   samples: 2304/12800[K
[A
[A


[K[A
[K[A
epoch 23  20%|█████████                                 |  ETA: 0:00:57[K
     batch: 20/100[K
   samples: 2560/12800[K
[A
[A


[K[A
[K[A
epoch 23  22%|██████████                                |  ETA: 0:00:56[K
     batch: 22/100[K
   samples: 2816/12800[K
[A
[A


[K[A
[K[A
epoch 23  24%|███████████                               |  ETA: 0:00:55[K
     batch: 24/100[K
   samples: 3072/12800[K
[A
[A


[K[A
[K[A
epoch 23  26%|███████████                               |  ETA: 0:00:54[K
     batch: 26/100[K
   samples: 3328/12800[K
[A
[A


[K[A
[K[A
epoch 23  28%|████████████                              |  ETA: 0:00:52[K
     batch: 28/100[K
   samples: 3584/12800[K
[A
[A


[K[A
[K[A
epoch 23  30%|█████████████                             |  ETA: 0:00:51[K
     batch: 30/100[K
   samples: 3840/12800[K
[A
[A


[K[A
[K[A
epoch 23  32%|██████████████                            |  ETA: 0:00:49[K
     batch: 32/100[K
   samples: 4096/12800[K
[A
[A


[K[A
[K[A
epoch 23  34%|███████████████                           |  ETA: 0:00:48[K
     batch: 34/100[K
   samples: 4352/12800[K
[A
[A


[K[A
[K[A
epoch 23  36%|████████████████                          |  ETA: 0:00:46[K
     batch: 36/100[K
   samples: 4608/12800[K
[A
[A


[K[A
[K[A
epoch 23  38%|████████████████                          |  ETA: 0:00:45[K
     batch: 38/100[K
   samples: 4864/12800[K
[A
[A


[K[A
[K[A
epoch 23  40%|█████████████████                         |  ETA: 0:00:44[K
     batch: 40/100[K
   samples: 5120/12800[K
[A
[A


[K[A
[K[A
epoch 23  42%|██████████████████                        |  ETA: 0:00:42[K
     batch: 42/100[K
   samples: 5376/12800[K
[A
[A


[K[A
[K[A
epoch 23  44%|███████████████████                       |  ETA: 0:00:41[K
     batch: 44/100[K
   samples: 5632/12800[K
[A
[A


[K[A
[K[A
epoch 23  46%|████████████████████                      |  ETA: 0:00:39[K
     batch: 46/100[K
   samples: 5888/12800[K
[A
[A


[K[A
[K[A
epoch 23  48%|█████████████████████                     |  ETA: 0:00:38[K
     batch: 48/100[K
   samples: 6144/12800[K
[A
[A


[K[A
[K[A
epoch 23  50%|██████████████████████                    |  ETA: 0:00:36[K
     batch: 50/100[K
   samples: 6400/12800[K
[A
[A


[K[A
[K[A
epoch 23  52%|██████████████████████                    |  ETA: 0:00:35[K
     batch: 52/100[K
   samples: 6656/12800[K
[A
[A


[K[A
[K[A
epoch 23  54%|███████████████████████                   |  ETA: 0:00:33[K
     batch: 54/100[K
   samples: 6912/12800[K
[A
[A


[K[A
[K[A
epoch 23  56%|████████████████████████                  |  ETA: 0:00:32[K
     batch: 56/100[K
   samples: 7168/12800[K
[A
[A


[K[A
[K[A
epoch 23  58%|█████████████████████████                 |  ETA: 0:00:30[K
     batch: 58/100[K
   samples: 7424/12800[K
[A
[A


[K[A
[K[A
epoch 23  60%|██████████████████████████                |  ETA: 0:00:29[K
     batch: 60/100[K
   samples: 7680/12800[K
[A
[A


[K[A
[K[A
epoch 23  62%|███████████████████████████               |  ETA: 0:00:28[K
     batch: 62/100[K
   samples: 7936/12800[K
[A
[A


[K[A
[K[A
epoch 23  64%|███████████████████████████               |  ETA: 0:00:26[K
     batch: 64/100[K
   samples: 8192/12800[K
[A
[A


[K[A
[K[A
epoch 23  66%|████████████████████████████              |  ETA: 0:00:25[K
     batch: 66/100[K
   samples: 8448/12800[K
[A
[A


[K[A
[K[A
epoch 23  68%|█████████████████████████████             |  ETA: 0:00:23[K
     batch: 68/100[K
   samples: 8704/12800[K
[A
[A


[K[A
[K[A
epoch 23  70%|██████████████████████████████            |  ETA: 0:00:22[K
     batch: 70/100[K
   samples: 8960/12800[K
[A
[A


[K[A
[K[A
epoch 23  72%|███████████████████████████████           |  ETA: 0:00:20[K
     batch: 72/100[K
   samples: 9216/12800[K
[A
[A


[K[A
[K[A
epoch 23  74%|████████████████████████████████          |  ETA: 0:00:19[K
     batch: 74/100[K
   samples: 9472/12800[K
[A
[A


[K[A
[K[A
epoch 23  76%|████████████████████████████████          |  ETA: 0:00:17[K
     batch: 76/100[K
   samples: 9728/12800[K
[A
[A


[K[A
[K[A
epoch 23  78%|█████████████████████████████████         |  ETA: 0:00:16[K
     batch: 78/100[K
   samples: 9984/12800[K
[A
[A


[K[A
[K[A
epoch 23  80%|██████████████████████████████████        |  ETA: 0:00:15[K
     batch: 80/100[K
   samples: 10240/12800[K
[A
[A


[K[A
[K[A
epoch 23  82%|███████████████████████████████████       |  ETA: 0:00:13[K
     batch: 82/100[K
   samples: 10496/12800[K
[A
[A


[K[A
[K[A
epoch 23  84%|████████████████████████████████████      |  ETA: 0:00:12[K
     batch: 84/100[K
   samples: 10752/12800[K
[A
[A


[K[A
[K[A
epoch 23  86%|█████████████████████████████████████     |  ETA: 0:00:10[K
     batch: 86/100[K
   samples: 11008/12800[K
[A
[A


[K[A
[K[A
epoch 23  88%|█████████████████████████████████████     |  ETA: 0:00:09[K
     batch: 88/100[K
   samples: 11264/12800[K
[A
[A


[K[A
[K[A
epoch 23  90%|██████████████████████████████████████    |  ETA: 0:00:07[K
     batch: 90/100[K
   samples: 11520/12800[K
[A
[A


[K[A
[K[A
epoch 23  92%|███████████████████████████████████████   |  ETA: 0:00:06[K
     batch: 92/100[K
   samples: 11776/12800[K
[A
[A


[K[A
[K[A
epoch 23  94%|████████████████████████████████████████  |  ETA: 0:00:04[K
     batch: 94/100[K
   samples: 12032/12800[K
[A
[A


[K[A
[K[A
epoch 23  96%|█████████████████████████████████████████ |  ETA: 0:00:03[K
     batch: 96/100[K
   samples: 12288/12800[K
[A
[A


[K[A
[K[A
epoch 23  98%|██████████████████████████████████████████|  ETA: 0:00:01[K
     batch: 98/100[K
   samples: 12544/12800[K
[A
[A


[K[A
[K[A
epoch 23 100%|██████████████████████████████████████████| Time: 0:01:13[K
     batch: 100/100[K
   samples: 12800/12800[K

epoch 24   2%|█                                         |  ETA: 0:01:15[K
     batch: 2/100[K
   samples: 256/12800[K
[A
[A


[K[A
[K[A
epoch 24   4%|██                                        |  ETA: 0:01:15[K
     batch: 4/100[K
   samples: 512/12800[K
[A
[A


[K[A
[K[A
epoch 24   6%|███                                       |  ETA: 0:01:17[K
     batch: 6/100[K
   samples: 768/12800[K
[A
[A


[K[A
[K[A
epoch 24   8%|████                                      |  ETA: 0:01:14[K
     batch: 8/100[K
   samples: 1024/12800[K
[A
[A


[K[A
[K[A
epoch 24  10%|█████                                     |  ETA: 0:01:12[K
     batch: 10/100[K
   samples: 1280/12800[K
[A
[A


[K[A
[K[A
epoch 24  12%|██████                                    |  ETA: 0:01:11[K
     batch: 12/100[K
   samples: 1536/12800[K
[A
[A


[K[A
[K[A
epoch 24  14%|██████                                    |  ETA: 0:01:10[K
     batch: 14/100[K
   samples: 1792/12800[K
[A
[A


[K[A
[K[A
epoch 24  16%|███████                                   |  ETA: 0:01:09[K
     batch: 16/100[K
   samples: 2048/12800[K
[A
[A


[K[A
[K[A
epoch 24  18%|████████                                  |  ETA: 0:01:07[K
     batch: 18/100[K
   samples: 2304/12800[K
[A
[A


[K[A
[K[A
epoch 24  20%|█████████                                 |  ETA: 0:01:05[K
     batch: 20/100[K
   samples: 2560/12800[K
[A
[A


[K[A
[K[A
epoch 24  22%|██████████                                |  ETA: 0:01:03[K
     batch: 22/100[K
   samples: 2816/12800[K
[A
[A


[K[A
[K[A
epoch 24  24%|███████████                               |  ETA: 0:01:02[K
     batch: 24/100[K
   samples: 3072/12800[K
[A
[A


[K[A
[K[A
epoch 24  26%|███████████                               |  ETA: 0:01:00[K
     batch: 26/100[K
   samples: 3328/12800[K
[A
[A


[K[A
[K[A
epoch 24  28%|████████████                              |  ETA: 0:00:58[K
     batch: 28/100[K
   samples: 3584/12800[K
[A
[A


[K[A
[K[A
epoch 24  30%|█████████████                             |  ETA: 0:00:56[K
     batch: 30/100[K
   samples: 3840/12800[K
[A
[A


[K[A
[K[A
epoch 24  32%|██████████████                            |  ETA: 0:00:54[K
     batch: 32/100[K
   samples: 4096/12800[K
[A
[A


[K[A
[K[A
epoch 24  34%|███████████████                           |  ETA: 0:00:53[K
     batch: 34/100[K
   samples: 4352/12800[K
[A
[A


[K[A
[K[A
epoch 24  36%|████████████████                          |  ETA: 0:00:51[K
     batch: 36/100[K
   samples: 4608/12800[K
[A
[A


[K[A
[K[A
epoch 24  38%|████████████████                          |  ETA: 0:00:50[K
     batch: 38/100[K
   samples: 4864/12800[K
[A
[A


[K[A
[K[A
epoch 24  40%|█████████████████                         |  ETA: 0:00:48[K
     batch: 40/100[K
   samples: 5120/12800[K
[A
[A


[K[A
[K[A
epoch 24  42%|██████████████████                        |  ETA: 0:00:46[K
     batch: 42/100[K
   samples: 5376/12800[K
[A
[A


[K[A
[K[A
epoch 24  44%|███████████████████                       |  ETA: 0:00:45[K
     batch: 44/100[K
   samples: 5632/12800[K
[A
[A


[K[A
[K[A
epoch 24  46%|████████████████████                      |  ETA: 0:00:43[K
     batch: 46/100[K
   samples: 5888/12800[K
[A
[A


[K[A
[K[A
epoch 24  48%|█████████████████████                     |  ETA: 0:00:42[K
     batch: 48/100[K
   samples: 6144/12800[K
[A
[A


[K[A
[K[A
epoch 24  50%|██████████████████████                    |  ETA: 0:00:40[K
     batch: 50/100[K
   samples: 6400/12800[K
[A
[A


[K[A
[K[A
epoch 24  52%|██████████████████████                    |  ETA: 0:00:39[K
     batch: 52/100[K
   samples: 6656/12800[K
[A
[A


[K[A
[K[A
epoch 24  54%|███████████████████████                   |  ETA: 0:00:37[K
     batch: 54/100[K
   samples: 6912/12800[K
[A
[A


[K[A
[K[A
epoch 24  56%|████████████████████████                  |  ETA: 0:00:36[K
     batch: 56/100[K
   samples: 7168/12800[K
[A
[A


[K[A
[K[A
epoch 24  58%|█████████████████████████                 |  ETA: 0:00:34[K
     batch: 58/100[K
   samples: 7424/12800[K
[A
[A


[K[A
[K[A
epoch 24  60%|██████████████████████████                |  ETA: 0:00:32[K
     batch: 60/100[K
   samples: 7680/12800[K
[A
[A


[K[A
[K[A
epoch 24  62%|███████████████████████████               |  ETA: 0:00:31[K
     batch: 62/100[K
   samples: 7936/12800[K
[A
[A


[K[A
[K[A
epoch 24  64%|███████████████████████████               |  ETA: 0:00:29[K
     batch: 64/100[K
   samples: 8192/12800[K
[A
[A


[K[A
[K[A
epoch 24  66%|████████████████████████████              |  ETA: 0:00:28[K
     batch: 66/100[K
   samples: 8448/12800[K
[A
[A


[K[A
[K[A
epoch 24  68%|█████████████████████████████             |  ETA: 0:00:26[K
     batch: 68/100[K
   samples: 8704/12800[K
[A
[A


[K[A
[K[A
epoch 24  70%|██████████████████████████████            |  ETA: 0:00:25[K
     batch: 70/100[K
   samples: 8960/12800[K
[A
[A


[K[A
[K[A
epoch 24  72%|███████████████████████████████           |  ETA: 0:00:23[K
     batch: 72/100[K
   samples: 9216/12800[K
[A
[A


[K[A
[K[A
epoch 24  74%|████████████████████████████████          |  ETA: 0:00:21[K
     batch: 74/100[K
   samples: 9472/12800[K
[A
[A


[K[A
[K[A
epoch 24  76%|████████████████████████████████          |  ETA: 0:00:20[K
     batch: 76/100[K
   samples: 9728/12800[K
[A
[A


[K[A
[K[A
epoch 24  78%|█████████████████████████████████         |  ETA: 0:00:18[K
     batch: 78/100[K
   samples: 9984/12800[K
[A
[A


[K[A
[K[A
epoch 24  80%|██████████████████████████████████        |  ETA: 0:00:16[K
     batch: 80/100[K
   samples: 10240/12800[K
[A
[A


[K[A
[K[A
epoch 24  82%|███████████████████████████████████       |  ETA: 0:00:15[K
     batch: 82/100[K
   samples: 10496/12800[K
[A
[A


[K[A
[K[A
epoch 24  84%|████████████████████████████████████      |  ETA: 0:00:13[K
     batch: 84/100[K
   samples: 10752/12800[K
[A
[A


[K[A
[K[A
epoch 24  86%|█████████████████████████████████████     |  ETA: 0:00:11[K
     batch: 86/100[K
   samples: 11008/12800[K
[A
[A


[K[A
[K[A
epoch 24  88%|█████████████████████████████████████     |  ETA: 0:00:10[K
     batch: 88/100[K
   samples: 11264/12800[K
[A
[A


[K[A
[K[A
epoch 24  90%|██████████████████████████████████████    |  ETA: 0:00:08[K
     batch: 90/100[K
   samples: 11520/12800[K
[A
[A


[K[A
[K[A
epoch 24  92%|███████████████████████████████████████   |  ETA: 0:00:07[K
     batch: 92/100[K
   samples: 11776/12800[K
[A
[A


[K[A
[K[A
epoch 24  94%|████████████████████████████████████████  |  ETA: 0:00:05[K
     batch: 94/100[K
   samples: 12032/12800[K
[A
[A


[K[A
[K[A
epoch 24  96%|█████████████████████████████████████████ |  ETA: 0:00:03[K
     batch: 96/100[K
   samples: 12288/12800[K
[A
[A


[K[A
[K[A
epoch 24  98%|██████████████████████████████████████████|  ETA: 0:00:02[K
     batch: 98/100[K
   samples: 12544/12800[K
[A
[A


[K[A
[K[A
epoch 24 100%|██████████████████████████████████████████| Time: 0:01:21[K
     batch: 100/100[K
   samples: 12800/12800[K

epoch 25   2%|█                                         |  ETA: 0:01:14[K
     batch: 2/100[K
   samples: 256/12800[K
[A
[A


[K[A
[K[A
epoch 25   4%|██                                        |  ETA: 0:01:11[K
     batch: 4/100[K
   samples: 512/12800[K
[A
[A


[K[A
[K[A
epoch 25   6%|███                                       |  ETA: 0:01:09[K
     batch: 6/100[K
   samples: 768/12800[K
[A
[A


[K[A
[K[A
epoch 25   8%|████                                      |  ETA: 0:01:11[K
     batch: 8/100[K
   samples: 1024/12800[K
[A
[A


[K[A
[K[A
epoch 25  10%|█████                                     |  ETA: 0:01:09[K
     batch: 10/100[K
   samples: 1280/12800[K
[A
[A


[K[A
[K[A
epoch 25  12%|██████                                    |  ETA: 0:01:09[K
     batch: 12/100[K
   samples: 1536/12800[K
[A
[A


[K[A
[K[A
epoch 25  14%|██████                                    |  ETA: 0:01:08[K
     batch: 14/100[K
   samples: 1792/12800[K
[A
[A


[K[A
[K[A
epoch 25  16%|███████                                   |  ETA: 0:01:06[K
     batch: 16/100[K
   samples: 2048/12800[K
[A
[A


[K[A
[K[A
epoch 25  18%|████████                                  |  ETA: 0:01:05[K
     batch: 18/100[K
   samples: 2304/12800[K
[A
[A


[K[A
[K[A
epoch 25  20%|█████████                                 |  ETA: 0:01:04[K
     batch: 20/100[K
   samples: 2560/12800[K
[A
[A


[K[A
[K[A
epoch 25  22%|██████████                                |  ETA: 0:01:02[K
     batch: 22/100[K
   samples: 2816/12800[K
[A
[A


[K[A
[K[A
epoch 25  24%|███████████                               |  ETA: 0:01:00[K
     batch: 24/100[K
   samples: 3072/12800[K
[A
[A


[K[A
[K[A
epoch 25  26%|███████████                               |  ETA: 0:00:58[K
     batch: 26/100[K
   samples: 3328/12800[K
[A
[A


[K[A
[K[A
epoch 25  28%|████████████                              |  ETA: 0:00:57[K
     batch: 28/100[K
   samples: 3584/12800[K
[A
[A


[K[A
[K[A
epoch 25  30%|█████████████                             |  ETA: 0:00:55[K
     batch: 30/100[K
   samples: 3840/12800[K
[A
[A


[K[A
[K[A
epoch 25  32%|██████████████                            |  ETA: 0:00:53[K
     batch: 32/100[K
   samples: 4096/12800[K
[A
[A


[K[A
[K[A
epoch 25  34%|███████████████                           |  ETA: 0:00:51[K
     batch: 34/100[K
   samples: 4352/12800[K
[A
[A


[K[A
[K[A
epoch 25  36%|████████████████                          |  ETA: 0:00:50[K
     batch: 36/100[K
   samples: 4608/12800[K
[A
[A


[K[A
[K[A
epoch 25  38%|████████████████                          |  ETA: 0:00:48[K
     batch: 38/100[K
   samples: 4864/12800[K
[A
[A


[K[A
[K[A
epoch 25  40%|█████████████████                         |  ETA: 0:00:47[K
     batch: 40/100[K
   samples: 5120/12800[K
[A
[A


[K[A
[K[A
epoch 25  42%|██████████████████                        |  ETA: 0:00:45[K
     batch: 42/100[K
   samples: 5376/12800[K
[A
[A


[K[A
[K[A
epoch 25  44%|███████████████████                       |  ETA: 0:00:43[K
     batch: 44/100[K
   samples: 5632/12800[K
[A
[A


[K[A
[K[A
epoch 25  46%|████████████████████                      |  ETA: 0:00:42[K
     batch: 46/100[K
   samples: 5888/12800[K
[A
[A


[K[A
[K[A
epoch 25  48%|█████████████████████                     |  ETA: 0:00:40[K
     batch: 48/100[K
   samples: 6144/12800[K
[A
[A


[K[A
[K[A
epoch 25  50%|██████████████████████                    |  ETA: 0:00:38[K
     batch: 50/100[K
   samples: 6400/12800[K
[A
[A


[K[A
[K[A
epoch 25  52%|██████████████████████                    |  ETA: 0:00:37[K
     batch: 52/100[K
   samples: 6656/12800[K
[A
[A


[K[A
[K[A
epoch 25  54%|███████████████████████                   |  ETA: 0:00:35[K
     batch: 54/100[K
   samples: 6912/12800[K
[A
[A


[K[A
[K[A
epoch 25  56%|████████████████████████                  |  ETA: 0:00:34[K
     batch: 56/100[K
   samples: 7168/12800[K
[A
[A


[K[A
[K[A
epoch 25  58%|█████████████████████████                 |  ETA: 0:00:32[K
     batch: 58/100[K
   samples: 7424/12800[K
[A
[A


[K[A
[K[A
epoch 25  60%|██████████████████████████                |  ETA: 0:00:31[K
     batch: 60/100[K
   samples: 7680/12800[K
[A
[A


[K[A
[K[A
epoch 25  62%|███████████████████████████               |  ETA: 0:00:29[K
     batch: 62/100[K
   samples: 7936/12800[K
[A
[A


[K[A
[K[A
epoch 25  64%|███████████████████████████               |  ETA: 0:00:28[K
     batch: 64/100[K
   samples: 8192/12800[K
[A
[A


[K[A
[K[A
epoch 25  66%|████████████████████████████              |  ETA: 0:00:27[K
     batch: 66/100[K
   samples: 8448/12800[K
[A
[A


[K[A
[K[A
epoch 25  68%|█████████████████████████████             |  ETA: 0:00:25[K
     batch: 68/100[K
   samples: 8704/12800[K
[A
[A


[K[A
[K[A
epoch 25  70%|██████████████████████████████            |  ETA: 0:00:24[K
     batch: 70/100[K
   samples: 8960/12800[K
[A
[A


[K[A
[K[A
epoch 25  72%|███████████████████████████████           |  ETA: 0:00:22[K
     batch: 72/100[K
   samples: 9216/12800[K
[A
[A


[K[A
[K[A
epoch 25  74%|████████████████████████████████          |  ETA: 0:00:21[K
     batch: 74/100[K
   samples: 9472/12800[K
[A
[A


[K[A
[K[A
epoch 25  76%|████████████████████████████████          |  ETA: 0:00:19[K
     batch: 76/100[K
   samples: 9728/12800[K
[A
[A


[K[A
[K[A
epoch 25  77%|█████████████████████████████████         |  ETA: 0:00:18[K
     batch: 77/100[K
   samples: 9856/12800[K
[A
[A


[K[A
[K[A
epoch 25  79%|██████████████████████████████████        |  ETA: 0:00:17[K
     batch: 79/100[K
   samples: 10112/12800[K
[A
[A


[K[A
[K[A
epoch 25  81%|███████████████████████████████████       |  ETA: 0:00:15[K
     batch: 81/100[K
   samples: 10368/12800[K
[A
[A


[K[A
[K[A
epoch 25  83%|███████████████████████████████████       |  ETA: 0:00:14[K
     batch: 83/100[K
   samples: 10624/12800[K
[A
[A


[K[A
[K[A
epoch 25  85%|████████████████████████████████████      |  ETA: 0:00:12[K
     batch: 85/100[K
   samples: 10880/12800[K
[A
[A


[K[A
[K[A
epoch 25  87%|█████████████████████████████████████     |  ETA: 0:00:10[K
     batch: 87/100[K
   samples: 11136/12800[K
[A
[A


[K[A
[K[A
epoch 25  89%|██████████████████████████████████████    |  ETA: 0:00:09[K
     batch: 89/100[K
   samples: 11392/12800[K
[A
[A


[K[A
[K[A
epoch 25  91%|███████████████████████████████████████   |  ETA: 0:00:07[K
     batch: 91/100[K
   samples: 11648/12800[K
[A
[A


[K[A
[K[A
epoch 25  93%|████████████████████████████████████████  |  ETA: 0:00:06[K
     batch: 93/100[K
   samples: 11904/12800[K
[A
[A


[K[A
[K[A
epoch 25  95%|████████████████████████████████████████  |  ETA: 0:00:04[K
     batch: 95/100[K
   samples: 12160/12800[K
[A
[A


[K[A
[K[A
epoch 25  97%|█████████████████████████████████████████ |  ETA: 0:00:02[K
     batch: 97/100[K
   samples: 12416/12800[K
[A
[A


[K[A
[K[A
epoch 25  99%|██████████████████████████████████████████|  ETA: 0:00:01[K
     batch: 99/100[K
   samples: 12672/12800[K
[A
[A


[K[A
[K[A
epoch 25 100%|██████████████████████████████████████████| Time: 0:01:19[K
     batch: 100/100[K
   samples: 12800/12800[K

epoch 26   2%|█                                         |  ETA: 0:01:11[K
     batch: 2/100[K
   samples: 256/12800[K
[A
[A


[K[A
[K[A
epoch 26   4%|██                                        |  ETA: 0:01:09[K
     batch: 4/100[K
   samples: 512/12800[K
[A
[A


[K[A
[K[A
epoch 26   6%|███                                       |  ETA: 0:01:08[K
     batch: 6/100[K
   samples: 768/12800[K
[A
[A


[K[A
[K[A
epoch 26   8%|████                                      |  ETA: 0:01:07[K
     batch: 8/100[K
   samples: 1024/12800[K
[A
[A


[K[A
[K[A
epoch 26  10%|█████                                     |  ETA: 0:01:06[K
     batch: 10/100[K
   samples: 1280/12800[K
[A
[A


[K[A
[K[A
epoch 26  12%|██████                                    |  ETA: 0:01:05[K
     batch: 12/100[K
   samples: 1536/12800[K
[A
[A


[K[A
[K[A
epoch 26  14%|██████                                    |  ETA: 0:01:03[K
     batch: 14/100[K
   samples: 1792/12800[K
[A
[A


[K[A
[K[A
epoch 26  16%|███████                                   |  ETA: 0:01:04[K
     batch: 16/100[K
   samples: 2048/12800[K
[A
[A


[K[A
[K[A
epoch 26  18%|████████                                  |  ETA: 0:01:02[K
     batch: 18/100[K
   samples: 2304/12800[K
[A
[A


[K[A
[K[A
epoch 26  20%|█████████                                 |  ETA: 0:01:01[K
     batch: 20/100[K
   samples: 2560/12800[K
[A
[A


[K[A
[K[A
epoch 26  22%|██████████                                |  ETA: 0:00:59[K
     batch: 22/100[K
   samples: 2816/12800[K
[A
[A


[K[A
[K[A
epoch 26  24%|███████████                               |  ETA: 0:00:58[K
     batch: 24/100[K
   samples: 3072/12800[K
[A
[A


[K[A
[K[A
epoch 26  26%|███████████                               |  ETA: 0:00:56[K
     batch: 26/100[K
   samples: 3328/12800[K
[A
[A


[K[A
[K[A
epoch 26  28%|████████████                              |  ETA: 0:00:55[K
     batch: 28/100[K
   samples: 3584/12800[K
[A
[A


[K[A
[K[A
epoch 26  30%|█████████████                             |  ETA: 0:00:53[K
     batch: 30/100[K
   samples: 3840/12800[K
[A
[A


[K[A
[K[A
epoch 26  32%|██████████████                            |  ETA: 0:00:52[K
     batch: 32/100[K
   samples: 4096/12800[K
[A
[A


[K[A
[K[A
epoch 26  34%|███████████████                           |  ETA: 0:00:50[K
     batch: 34/100[K
   samples: 4352/12800[K
[A
[A


[K[A
[K[A
epoch 26  36%|████████████████                          |  ETA: 0:00:49[K
     batch: 36/100[K
   samples: 4608/12800[K
[A
[A


[K[A
[K[A
epoch 26  38%|████████████████                          |  ETA: 0:00:47[K
     batch: 38/100[K
   samples: 4864/12800[K
[A
[A


[K[A
[K[A
epoch 26  40%|█████████████████                         |  ETA: 0:00:46[K
     batch: 40/100[K
   samples: 5120/12800[K
[A
[A


[K[A
[K[A
epoch 26  42%|██████████████████                        |  ETA: 0:00:44[K
     batch: 42/100[K
   samples: 5376/12800[K
[A
[A


[K[A
[K[A
epoch 26  44%|███████████████████                       |  ETA: 0:00:43[K
     batch: 44/100[K
   samples: 5632/12800[K
[A
[A


[K[A
[K[A
epoch 26  46%|████████████████████                      |  ETA: 0:00:41[K
     batch: 46/100[K
   samples: 5888/12800[K
[A
[A


[K[A
[K[A
epoch 26  48%|█████████████████████                     |  ETA: 0:00:40[K
     batch: 48/100[K
   samples: 6144/12800[K
[A
[A


[K[A
[K[A
epoch 26  50%|██████████████████████                    |  ETA: 0:00:38[K
     batch: 50/100[K
   samples: 6400/12800[K
[A
[A


[K[A
[K[A
epoch 26  52%|██████████████████████                    |  ETA: 0:00:36[K
     batch: 52/100[K
   samples: 6656/12800[K
[A
[A


[K[A
[K[A
epoch 26  54%|███████████████████████                   |  ETA: 0:00:35[K
     batch: 54/100[K
   samples: 6912/12800[K
[A
[A


[K[A
[K[A
epoch 26  56%|████████████████████████                  |  ETA: 0:00:33[K
     batch: 56/100[K
   samples: 7168/12800[K
[A
[A


[K[A
[K[A
epoch 26  58%|█████████████████████████                 |  ETA: 0:00:32[K
     batch: 58/100[K
   samples: 7424/12800[K
[A
[A


[K[A
[K[A
epoch 26  60%|██████████████████████████                |  ETA: 0:00:30[K
     batch: 60/100[K
   samples: 7680/12800[K
[A
[A


[K[A
[K[A
epoch 26  62%|███████████████████████████               |  ETA: 0:00:29[K
     batch: 62/100[K
   samples: 7936/12800[K
[A
[A


[K[A
[K[A
epoch 26  64%|███████████████████████████               |  ETA: 0:00:27[K
     batch: 64/100[K
   samples: 8192/12800[K
[A
[A


[K[A
[K[A
epoch 26  66%|████████████████████████████              |  ETA: 0:00:26[K
     batch: 66/100[K
   samples: 8448/12800[K
[A
[A


[K[A
[K[A
epoch 26  68%|█████████████████████████████             |  ETA: 0:00:24[K
     batch: 68/100[K
   samples: 8704/12800[K
[A
[A


[K[A
[K[A
epoch 26  70%|██████████████████████████████            |  ETA: 0:00:23[K
     batch: 70/100[K
   samples: 8960/12800[K
[A
[A


[K[A
[K[A
epoch 26  72%|███████████████████████████████           |  ETA: 0:00:21[K
     batch: 72/100[K
   samples: 9216/12800[K
[A
[A


[K[A
[K[A
epoch 26  74%|████████████████████████████████          |  ETA: 0:00:20[K
     batch: 74/100[K
   samples: 9472/12800[K
[A
[A


[K[A
[K[A
epoch 26  76%|████████████████████████████████          |  ETA: 0:00:18[K
     batch: 76/100[K
   samples: 9728/12800[K
[A
[A


[K[A
[K[A
epoch 26  78%|█████████████████████████████████         |  ETA: 0:00:17[K
     batch: 78/100[K
   samples: 9984/12800[K
[A
[A


[K[A
[K[A
epoch 26  80%|██████████████████████████████████        |  ETA: 0:00:15[K
     batch: 80/100[K
   samples: 10240/12800[K
[A
[A


[K[A
[K[A
epoch 26  82%|███████████████████████████████████       |  ETA: 0:00:14[K
     batch: 82/100[K
   samples: 10496/12800[K
[A
[A


[K[A
[K[A
epoch 26  84%|████████████████████████████████████      |  ETA: 0:00:12[K
     batch: 84/100[K
   samples: 10752/12800[K
[A
[A


[K[A
[K[A
epoch 26  86%|█████████████████████████████████████     |  ETA: 0:00:11[K
     batch: 86/100[K
   samples: 11008/12800[K
[A
[A


[K[A
[K[A
epoch 26  88%|█████████████████████████████████████     |  ETA: 0:00:09[K
     batch: 88/100[K
   samples: 11264/12800[K
[A
[A


[K[A
[K[A
epoch 26  90%|██████████████████████████████████████    |  ETA: 0:00:08[K
     batch: 90/100[K
   samples: 11520/12800[K
[A
[A


[K[A
[K[A
epoch 26  92%|███████████████████████████████████████   |  ETA: 0:00:06[K
     batch: 92/100[K
   samples: 11776/12800[K
[A
[A


[K[A
[K[A
epoch 26  94%|████████████████████████████████████████  |  ETA: 0:00:05[K
     batch: 94/100[K
   samples: 12032/12800[K
[A
[A


[K[A
[K[A
epoch 26  96%|█████████████████████████████████████████ |  ETA: 0:00:03[K
     batch: 96/100[K
   samples: 12288/12800[K
[A
[A


[K[A
[K[A
epoch 26  98%|██████████████████████████████████████████|  ETA: 0:00:02[K
     batch: 98/100[K
   samples: 12544/12800[K
[A
[A


[K[A
[K[A
epoch 26 100%|██████████████████████████████████████████| Time: 0:01:17[K
     batch: 100/100[K
   samples: 12800/12800[K

epoch 27   2%|█                                         |  ETA: 0:01:20[K
     batch: 2/100[K
   samples: 256/12800[K
[A
[A


[K[A
[K[A
epoch 27   4%|██                                        |  ETA: 0:01:16[K
     batch: 4/100[K
   samples: 512/12800[K
[A
[A


[K[A
[K[A
epoch 27   6%|███                                       |  ETA: 0:01:13[K
     batch: 6/100[K
   samples: 768/12800[K
[A
[A


[K[A
[K[A
epoch 27   8%|████                                      |  ETA: 0:01:12[K
     batch: 8/100[K
   samples: 1024/12800[K
[A
[A


[K[A
[K[A
epoch 27  10%|█████                                     |  ETA: 0:01:10[K
     batch: 10/100[K
   samples: 1280/12800[K
[A
[A


[K[A
[K[A
epoch 27  12%|██████                                    |  ETA: 0:01:07[K
     batch: 12/100[K
   samples: 1536/12800[K
[A
[A


[K[A
[K[A
epoch 27  14%|██████                                    |  ETA: 0:01:06[K
     batch: 14/100[K
   samples: 1792/12800[K
[A
[A


[K[A
[K[A
epoch 27  16%|███████                                   |  ETA: 0:01:05[K
     batch: 16/100[K
   samples: 2048/12800[K
[A
[A


[K[A
[K[A
epoch 27  18%|████████                                  |  ETA: 0:01:04[K
     batch: 18/100[K
   samples: 2304/12800[K
[A
[A


[K[A
[K[A
epoch 27  20%|█████████                                 |  ETA: 0:01:02[K
     batch: 20/100[K
   samples: 2560/12800[K
[A
[A


[K[A
[K[A
epoch 27  22%|██████████                                |  ETA: 0:01:00[K
     batch: 22/100[K
   samples: 2816/12800[K
[A
[A


[K[A
[K[A
epoch 27  24%|███████████                               |  ETA: 0:00:58[K
     batch: 24/100[K
   samples: 3072/12800[K
[A
[A


[K[A
[K[A
epoch 27  26%|███████████                               |  ETA: 0:00:57[K
     batch: 26/100[K
   samples: 3328/12800[K
[A
[A


[K[A
[K[A
epoch 27  28%|████████████                              |  ETA: 0:00:55[K
     batch: 28/100[K
   samples: 3584/12800[K
[A
[A


[K[A
[K[A
epoch 27  30%|█████████████                             |  ETA: 0:00:54[K
     batch: 30/100[K
   samples: 3840/12800[K
[A
[A


[K[A
[K[A
epoch 27  32%|██████████████                            |  ETA: 0:00:53[K
     batch: 32/100[K
   samples: 4096/12800[K
[A
[A


[K[A
[K[A
epoch 27  34%|███████████████                           |  ETA: 0:00:51[K
     batch: 34/100[K
   samples: 4352/12800[K
[A
[A


[K[A
[K[A
epoch 27  36%|████████████████                          |  ETA: 0:00:49[K
     batch: 36/100[K
   samples: 4608/12800[K
[A
[A


[K[A
[K[A
epoch 27  38%|████████████████                          |  ETA: 0:00:48[K
     batch: 38/100[K
   samples: 4864/12800[K
[A
[A


[K[A
[K[A
epoch 27  40%|█████████████████                         |  ETA: 0:00:46[K
     batch: 40/100[K
   samples: 5120/12800[K
[A
[A


[K[A
[K[A
epoch 27  42%|██████████████████                        |  ETA: 0:00:44[K
     batch: 42/100[K
   samples: 5376/12800[K
[A
[A


[K[A
[K[A
epoch 27  44%|███████████████████                       |  ETA: 0:00:43[K
     batch: 44/100[K
   samples: 5632/12800[K
[A
[A


[K[A
[K[A
epoch 27  46%|████████████████████                      |  ETA: 0:00:42[K
     batch: 46/100[K
   samples: 5888/12800[K
[A
[A


[K[A
[K[A
epoch 27  48%|█████████████████████                     |  ETA: 0:00:40[K
     batch: 48/100[K
   samples: 6144/12800[K
[A
[A


[K[A
[K[A
epoch 27  50%|██████████████████████                    |  ETA: 0:00:38[K
     batch: 50/100[K
   samples: 6400/12800[K
[A
[A


[K[A
[K[A
epoch 27  52%|██████████████████████                    |  ETA: 0:00:37[K
     batch: 52/100[K
   samples: 6656/12800[K
[A
[A


[K[A
[K[A
epoch 27  54%|███████████████████████                   |  ETA: 0:00:35[K
     batch: 54/100[K
   samples: 6912/12800[K
[A
[A


[K[A
[K[A
epoch 27  56%|████████████████████████                  |  ETA: 0:00:34[K
     batch: 56/100[K
   samples: 7168/12800[K
[A
[A


[K[A
[K[A
epoch 27  58%|█████████████████████████                 |  ETA: 0:00:32[K
     batch: 58/100[K
   samples: 7424/12800[K
[A
[A


[K[A
[K[A
epoch 27  60%|██████████████████████████                |  ETA: 0:00:31[K
     batch: 60/100[K
   samples: 7680/12800[K
[A
[A


[K[A
[K[A
epoch 27  62%|███████████████████████████               |  ETA: 0:00:29[K
     batch: 62/100[K
   samples: 7936/12800[K
[A
[A


[K[A
[K[A
epoch 27  64%|███████████████████████████               |  ETA: 0:00:28[K
     batch: 64/100[K
   samples: 8192/12800[K
[A
[A


[K[A
[K[A
epoch 27  66%|████████████████████████████              |  ETA: 0:00:26[K
     batch: 66/100[K
   samples: 8448/12800[K
[A
[A


[K[A
[K[A
epoch 27  68%|█████████████████████████████             |  ETA: 0:00:24[K
     batch: 68/100[K
   samples: 8704/12800[K
[A
[A


[K[A
[K[A
epoch 27  70%|██████████████████████████████            |  ETA: 0:00:23[K
     batch: 70/100[K
   samples: 8960/12800[K
[A
[A


[K[A
[K[A
epoch 27  72%|███████████████████████████████           |  ETA: 0:00:21[K
     batch: 72/100[K
   samples: 9216/12800[K
[A
[A


[K[A
[K[A
epoch 27  74%|████████████████████████████████          |  ETA: 0:00:20[K
     batch: 74/100[K
   samples: 9472/12800[K
[A
[A


[K[A
[K[A
epoch 27  76%|████████████████████████████████          |  ETA: 0:00:18[K
     batch: 76/100[K
   samples: 9728/12800[K
[A
[A


[K[A
[K[A
epoch 27  78%|█████████████████████████████████         |  ETA: 0:00:17[K
     batch: 78/100[K
   samples: 9984/12800[K
[A
[A


[K[A
[K[A
epoch 27  80%|██████████████████████████████████        |  ETA: 0:00:15[K
     batch: 80/100[K
   samples: 10240/12800[K
[A
[A


[K[A
[K[A
epoch 27  82%|███████████████████████████████████       |  ETA: 0:00:14[K
     batch: 82/100[K
   samples: 10496/12800[K
[A
[A


[K[A
[K[A
epoch 27  84%|████████████████████████████████████      |  ETA: 0:00:12[K
     batch: 84/100[K
   samples: 10752/12800[K
[A
[A


[K[A
[K[A
epoch 27  86%|█████████████████████████████████████     |  ETA: 0:00:11[K
     batch: 86/100[K
   samples: 11008/12800[K
[A
[A


[K[A
[K[A
epoch 27  88%|█████████████████████████████████████     |  ETA: 0:00:09[K
     batch: 88/100[K
   samples: 11264/12800[K
[A
[A


[K[A
[K[A
epoch 27  90%|██████████████████████████████████████    |  ETA: 0:00:08[K
     batch: 90/100[K
   samples: 11520/12800[K
[A
[A


[K[A
[K[A
epoch 27  92%|███████████████████████████████████████   |  ETA: 0:00:06[K
     batch: 92/100[K
   samples: 11776/12800[K
[A
[A


[K[A
[K[A
epoch 27  94%|████████████████████████████████████████  |  ETA: 0:00:05[K
     batch: 94/100[K
   samples: 12032/12800[K
[A
[A


[K[A
[K[A
epoch 27  96%|█████████████████████████████████████████ |  ETA: 0:00:03[K
     batch: 96/100[K
   samples: 12288/12800[K
[A
[A


[K[A
[K[A
epoch 27  98%|██████████████████████████████████████████|  ETA: 0:00:02[K
     batch: 98/100[K
   samples: 12544/12800[K
[A
[A


[K[A
[K[A
epoch 27 100%|██████████████████████████████████████████| Time: 0:01:16[K
     batch: 100/100[K
   samples: 12800/12800[K

epoch 28   2%|█                                         |  ETA: 0:01:24[K
     batch: 2/100[K
   samples: 256/12800[K
[A
[A


[K[A
[K[A
epoch 28   4%|██                                        |  ETA: 0:01:18[K
     batch: 4/100[K
   samples: 512/12800[K
[A
[A


[K[A
[K[A
epoch 28   6%|███                                       |  ETA: 0:01:15[K
     batch: 6/100[K
   samples: 768/12800[K
[A
[A


[K[A
[K[A
epoch 28   8%|████                                      |  ETA: 0:01:16[K
     batch: 8/100[K
   samples: 1024/12800[K
[A
[A


[K[A
[K[A
epoch 28  10%|█████                                     |  ETA: 0:01:13[K
     batch: 10/100[K
   samples: 1280/12800[K
[A
[A


[K[A
[K[A
epoch 28  12%|██████                                    |  ETA: 0:01:10[K
     batch: 12/100[K
   samples: 1536/12800[K
[A
[A


[K[A
[K[A
epoch 28  14%|██████                                    |  ETA: 0:01:09[K
     batch: 14/100[K
   samples: 1792/12800[K
[A
[A


[K[A
[K[A
epoch 28  16%|███████                                   |  ETA: 0:01:07[K
     batch: 16/100[K
   samples: 2048/12800[K
[A
[A


[K[A
[K[A
epoch 28  18%|████████                                  |  ETA: 0:01:05[K
     batch: 18/100[K
   samples: 2304/12800[K
[A
[A


[K[A
[K[A
epoch 28  20%|█████████                                 |  ETA: 0:01:03[K
     batch: 20/100[K
   samples: 2560/12800[K
[A
[A


[K[A
[K[A
epoch 28  22%|██████████                                |  ETA: 0:01:01[K
     batch: 22/100[K
   samples: 2816/12800[K
[A
[A


[K[A
[K[A
epoch 28  24%|███████████                               |  ETA: 0:01:00[K
     batch: 24/100[K
   samples: 3072/12800[K
[A
[A


[K[A
[K[A
epoch 28  26%|███████████                               |  ETA: 0:00:58[K
     batch: 26/100[K
   samples: 3328/12800[K
[A
[A


[K[A
[K[A
epoch 28  28%|████████████                              |  ETA: 0:00:56[K
     batch: 28/100[K
   samples: 3584/12800[K
[A
[A


[K[A
[K[A
epoch 28  30%|█████████████                             |  ETA: 0:00:55[K
     batch: 30/100[K
   samples: 3840/12800[K
[A
[A


[K[A
[K[A
epoch 28  32%|██████████████                            |  ETA: 0:00:53[K
     batch: 32/100[K
   samples: 4096/12800[K
[A
[A


[K[A
[K[A
epoch 28  34%|███████████████                           |  ETA: 0:00:51[K
     batch: 34/100[K
   samples: 4352/12800[K
[A
[A


[K[A
[K[A
epoch 28  36%|████████████████                          |  ETA: 0:00:49[K
     batch: 36/100[K
   samples: 4608/12800[K
[A
[A


[K[A
[K[A
epoch 28  38%|████████████████                          |  ETA: 0:00:48[K
     batch: 38/100[K
   samples: 4864/12800[K
[A
[A


[K[A
[K[A
epoch 28  40%|█████████████████                         |  ETA: 0:00:46[K
     batch: 40/100[K
   samples: 5120/12800[K
[A
[A


[K[A
[K[A
epoch 28  42%|██████████████████                        |  ETA: 0:00:45[K
     batch: 42/100[K
   samples: 5376/12800[K
[A
[A


[K[A
[K[A
epoch 28  44%|███████████████████                       |  ETA: 0:00:43[K
     batch: 44/100[K
   samples: 5632/12800[K
[A
[A


[K[A
[K[A
epoch 28  46%|████████████████████                      |  ETA: 0:00:42[K
     batch: 46/100[K
   samples: 5888/12800[K
[A
[A


[K[A
[K[A
epoch 28  48%|█████████████████████                     |  ETA: 0:00:40[K
     batch: 48/100[K
   samples: 6144/12800[K
[A
[A


[K[A
[K[A
epoch 28  50%|██████████████████████                    |  ETA: 0:00:39[K
     batch: 50/100[K
   samples: 6400/12800[K
[A
[A


[K[A
[K[A
epoch 28  52%|██████████████████████                    |  ETA: 0:00:37[K
     batch: 52/100[K
   samples: 6656/12800[K
[A
[A


[K[A
[K[A
epoch 28  54%|███████████████████████                   |  ETA: 0:00:36[K
     batch: 54/100[K
   samples: 6912/12800[K
[A
[A


[K[A
[K[A
epoch 28  56%|████████████████████████                  |  ETA: 0:00:34[K
     batch: 56/100[K
   samples: 7168/12800[K
[A
[A


[K[A
[K[A
epoch 28  58%|█████████████████████████                 |  ETA: 0:00:32[K
     batch: 58/100[K
   samples: 7424/12800[K
[A
[A


[K[A
[K[A
epoch 28  60%|██████████████████████████                |  ETA: 0:00:31[K
     batch: 60/100[K
   samples: 7680/12800[K
[A
[A


[K[A
[K[A
epoch 28  62%|███████████████████████████               |  ETA: 0:00:29[K
     batch: 62/100[K
   samples: 7936/12800[K
[A
[A


[K[A
[K[A
epoch 28  64%|███████████████████████████               |  ETA: 0:00:28[K
     batch: 64/100[K
   samples: 8192/12800[K
[A
[A


[K[A
[K[A
epoch 28  66%|████████████████████████████              |  ETA: 0:00:27[K
     batch: 66/100[K
   samples: 8448/12800[K
[A
[A


[K[A
[K[A
epoch 28  68%|█████████████████████████████             |  ETA: 0:00:25[K
     batch: 68/100[K
   samples: 8704/12800[K
[A
[A


[K[A
[K[A
epoch 28  70%|██████████████████████████████            |  ETA: 0:00:24[K
     batch: 70/100[K
   samples: 8960/12800[K
[A
[A


[K[A
[K[A
epoch 28  72%|███████████████████████████████           |  ETA: 0:00:22[K
     batch: 72/100[K
   samples: 9216/12800[K
[A
[A


[K[A
[K[A
epoch 28  74%|████████████████████████████████          |  ETA: 0:00:20[K
     batch: 74/100[K
   samples: 9472/12800[K
[A
[A


[K[A
[K[A
epoch 28  76%|████████████████████████████████          |  ETA: 0:00:19[K
     batch: 76/100[K
   samples: 9728/12800[K
[A
[A


[K[A
[K[A
epoch 28  78%|█████████████████████████████████         |  ETA: 0:00:17[K
     batch: 78/100[K
   samples: 9984/12800[K
[A
[A


[K[A
[K[A
epoch 28  80%|██████████████████████████████████        |  ETA: 0:00:16[K
     batch: 80/100[K
   samples: 10240/12800[K
[A
[A


[K[A
[K[A
epoch 28  82%|███████████████████████████████████       |  ETA: 0:00:14[K
     batch: 82/100[K
   samples: 10496/12800[K
[A
[A


[K[A
[K[A
epoch 28  84%|████████████████████████████████████      |  ETA: 0:00:13[K
     batch: 84/100[K
   samples: 10752/12800[K
[A
[A


[K[A
[K[A
epoch 28  86%|█████████████████████████████████████     |  ETA: 0:00:11[K
     batch: 86/100[K
   samples: 11008/12800[K
[A
[A


[K[A
[K[A
epoch 28  88%|█████████████████████████████████████     |  ETA: 0:00:09[K
     batch: 88/100[K
   samples: 11264/12800[K
[A
[A


[K[A
[K[A
epoch 28  90%|██████████████████████████████████████    |  ETA: 0:00:08[K
     batch: 90/100[K
   samples: 11520/12800[K
[A
[A


[K[A
[K[A
epoch 28  92%|███████████████████████████████████████   |  ETA: 0:00:06[K
     batch: 92/100[K
   samples: 11776/12800[K
[A
[A


[K[A
[K[A
epoch 28  94%|████████████████████████████████████████  |  ETA: 0:00:05[K
     batch: 94/100[K
   samples: 12032/12800[K
[A
[A


[K[A
[K[A
epoch 28  96%|█████████████████████████████████████████ |  ETA: 0:00:03[K
     batch: 96/100[K
   samples: 12288/12800[K
[A
[A


[K[A
[K[A
epoch 28  98%|██████████████████████████████████████████|  ETA: 0:00:02[K
     batch: 98/100[K
   samples: 12544/12800[K
[A
[A


[K[A
[K[A
epoch 28 100%|██████████████████████████████████████████| Time: 0:01:18[K
     batch: 100/100[K
   samples: 12800/12800[K

epoch 29   2%|█                                         |  ETA: 0:01:21[K
     batch: 2/100[K
   samples: 256/12800[K
[A
[A


[K[A
[K[A
epoch 29   4%|██                                        |  ETA: 0:01:22[K
     batch: 4/100[K
   samples: 512/12800[K
[A
[A


[K[A
[K[A
epoch 29   6%|███                                       |  ETA: 0:01:18[K
     batch: 6/100[K
   samples: 768/12800[K
[A
[A


[K[A
[K[A
epoch 29   8%|████                                      |  ETA: 0:01:17[K
     batch: 8/100[K
   samples: 1024/12800[K
[A
[A


[K[A
[K[A
epoch 29  10%|█████                                     |  ETA: 0:01:14[K
     batch: 10/100[K
   samples: 1280/12800[K
[A
[A


[K[A
[K[A
epoch 29  12%|██████                                    |  ETA: 0:01:11[K
     batch: 12/100[K
   samples: 1536/12800[K
[A
[A


[K[A
[K[A
epoch 29  14%|██████                                    |  ETA: 0:01:08[K
     batch: 14/100[K
   samples: 1792/12800[K
[A
[A


[K[A
[K[A
epoch 29  16%|███████                                   |  ETA: 0:01:07[K
     batch: 16/100[K
   samples: 2048/12800[K
[A
[A


[K[A
[K[A
epoch 29  18%|████████                                  |  ETA: 0:01:05[K
     batch: 18/100[K
   samples: 2304/12800[K
[A
[A


[K[A
[K[A
epoch 29  20%|█████████                                 |  ETA: 0:01:04[K
     batch: 20/100[K
   samples: 2560/12800[K
[A
[A


[K[A
[K[A
epoch 29  22%|██████████                                |  ETA: 0:01:02[K
     batch: 22/100[K
   samples: 2816/12800[K
[A
[A


[K[A
[K[A
epoch 29  24%|███████████                               |  ETA: 0:01:00[K
     batch: 24/100[K
   samples: 3072/12800[K
[A
[A


[K[A
[K[A
epoch 29  26%|███████████                               |  ETA: 0:00:59[K
     batch: 26/100[K
   samples: 3328/12800[K
[A
[A


[K[A
[K[A
epoch 29  28%|████████████                              |  ETA: 0:00:57[K
     batch: 28/100[K
   samples: 3584/12800[K
[A
[A


[K[A
[K[A
epoch 29  30%|█████████████                             |  ETA: 0:00:55[K
     batch: 30/100[K
   samples: 3840/12800[K
[A
[A


[K[A
[K[A
epoch 29  32%|██████████████                            |  ETA: 0:00:53[K
     batch: 32/100[K
   samples: 4096/12800[K
[A
[A


[K[A
[K[A
epoch 29  34%|███████████████                           |  ETA: 0:00:52[K
     batch: 34/100[K
   samples: 4352/12800[K
[A
[A


[K[A
[K[A
epoch 29  36%|████████████████                          |  ETA: 0:00:50[K
     batch: 36/100[K
   samples: 4608/12800[K
[A
[A


[K[A
[K[A
epoch 29  38%|████████████████                          |  ETA: 0:00:48[K
     batch: 38/100[K
   samples: 4864/12800[K
[A
[A


[K[A
[K[A
epoch 29  40%|█████████████████                         |  ETA: 0:00:46[K
     batch: 40/100[K
   samples: 5120/12800[K
[A
[A


[K[A
[K[A
epoch 29  42%|██████████████████                        |  ETA: 0:00:45[K
     batch: 42/100[K
   samples: 5376/12800[K
[A
[A


[K[A
[K[A
epoch 29  44%|███████████████████                       |  ETA: 0:00:43[K
     batch: 44/100[K
   samples: 5632/12800[K
[A
[A


[K[A
[K[A
epoch 29  46%|████████████████████                      |  ETA: 0:00:41[K
     batch: 46/100[K
   samples: 5888/12800[K
[A
[A


[K[A
[K[A
epoch 29  48%|█████████████████████                     |  ETA: 0:00:40[K
     batch: 48/100[K
   samples: 6144/12800[K
[A
[A


[K[A
[K[A
epoch 29  50%|██████████████████████                    |  ETA: 0:00:38[K
     batch: 50/100[K
   samples: 6400/12800[K
[A
[A


[K[A
[K[A
epoch 29  52%|██████████████████████                    |  ETA: 0:00:37[K
     batch: 52/100[K
   samples: 6656/12800[K
[A
[A


[K[A
[K[A
epoch 29  54%|███████████████████████                   |  ETA: 0:00:35[K
     batch: 54/100[K
   samples: 6912/12800[K
[A
[A


[K[A
[K[A
epoch 29  56%|████████████████████████                  |  ETA: 0:00:34[K
     batch: 56/100[K
   samples: 7168/12800[K
[A
[A


[K[A
[K[A
epoch 29  58%|█████████████████████████                 |  ETA: 0:00:32[K
     batch: 58/100[K
   samples: 7424/12800[K
[A
[A


[K[A
[K[A
epoch 29  60%|██████████████████████████                |  ETA: 0:00:31[K
     batch: 60/100[K
   samples: 7680/12800[K
[A
[A


[K[A
[K[A
epoch 29  62%|███████████████████████████               |  ETA: 0:00:29[K
     batch: 62/100[K
   samples: 7936/12800[K
[A
[A


[K[A
[K[A
epoch 29  64%|███████████████████████████               |  ETA: 0:00:28[K
     batch: 64/100[K
   samples: 8192/12800[K
[A
[A


[K[A
[K[A
epoch 29  66%|████████████████████████████              |  ETA: 0:00:26[K
     batch: 66/100[K
   samples: 8448/12800[K
[A
[A


[K[A
[K[A
epoch 29  68%|█████████████████████████████             |  ETA: 0:00:25[K
     batch: 68/100[K
   samples: 8704/12800[K
[A
[A


[K[A
[K[A
epoch 29  70%|██████████████████████████████            |  ETA: 0:00:23[K
     batch: 70/100[K
   samples: 8960/12800[K
[A
[A


[K[A
[K[A
epoch 29  72%|███████████████████████████████           |  ETA: 0:00:22[K
     batch: 72/100[K
   samples: 9216/12800[K
[A
[A


[K[A
[K[A
epoch 29  74%|████████████████████████████████          |  ETA: 0:00:20[K
     batch: 74/100[K
   samples: 9472/12800[K
[A
[A


[K[A
[K[A
epoch 29  76%|████████████████████████████████          |  ETA: 0:00:18[K
     batch: 76/100[K
   samples: 9728/12800[K
[A
[A


[K[A
[K[A
epoch 29  78%|█████████████████████████████████         |  ETA: 0:00:17[K
     batch: 78/100[K
   samples: 9984/12800[K
[A
[A


[K[A
[K[A
epoch 29  80%|██████████████████████████████████        |  ETA: 0:00:15[K
     batch: 80/100[K
   samples: 10240/12800[K
[A
[A


[K[A
[K[A
epoch 29  82%|███████████████████████████████████       |  ETA: 0:00:14[K
     batch: 82/100[K
   samples: 10496/12800[K
[A
[A


[K[A
[K[A
epoch 29  84%|████████████████████████████████████      |  ETA: 0:00:12[K
     batch: 84/100[K
   samples: 10752/12800[K
[A
[A


[K[A
[K[A
epoch 29  86%|█████████████████████████████████████     |  ETA: 0:00:11[K
     batch: 86/100[K
   samples: 11008/12800[K
[A
[A


[K[A
[K[A
epoch 29  88%|█████████████████████████████████████     |  ETA: 0:00:09[K
     batch: 88/100[K
   samples: 11264/12800[K
[A
[A


[K[A
[K[A
epoch 29  90%|██████████████████████████████████████    |  ETA: 0:00:08[K
     batch: 90/100[K
   samples: 11520/12800[K
[A
[A


[K[A
[K[A
epoch 29  92%|███████████████████████████████████████   |  ETA: 0:00:06[K
     batch: 92/100[K
   samples: 11776/12800[K
[A
[A


[K[A
[K[A
epoch 29  94%|████████████████████████████████████████  |  ETA: 0:00:05[K
     batch: 94/100[K
   samples: 12032/12800[K
[A
[A


[K[A
[K[A
epoch 29  96%|█████████████████████████████████████████ |  ETA: 0:00:03[K
     batch: 96/100[K
   samples: 12288/12800[K
[A
[A


[K[A
[K[A
epoch 29  98%|██████████████████████████████████████████|  ETA: 0:00:02[K
     batch: 98/100[K
   samples: 12544/12800[K
[A
[A


[K[A
[K[A
epoch 29 100%|██████████████████████████████████████████| Time: 0:01:16[K
     batch: 100/100[K
   samples: 12800/12800[K

epoch 30   2%|█                                         |  ETA: 0:01:22[K
     batch: 2/100[K
   samples: 256/12800[K
[A
[A


[K[A
[K[A
epoch 30   4%|██                                        |  ETA: 0:01:21[K
     batch: 4/100[K
   samples: 512/12800[K
[A
[A


[K[A
[K[A
epoch 30   6%|███                                       |  ETA: 0:01:20[K
     batch: 6/100[K
   samples: 768/12800[K
[A
[A


[K[A
[K[A
epoch 30   8%|████                                      |  ETA: 0:01:20[K
     batch: 8/100[K
   samples: 1024/12800[K
[A
[A


[K[A
[K[A
epoch 30  10%|█████                                     |  ETA: 0:01:18[K
     batch: 10/100[K
   samples: 1280/12800[K
[A
[A


[K[A
[K[A
epoch 30  12%|██████                                    |  ETA: 0:01:15[K
     batch: 12/100[K
   samples: 1536/12800[K
[A
[A


[K[A
[K[A
epoch 30  14%|██████                                    |  ETA: 0:01:13[K
     batch: 14/100[K
   samples: 1792/12800[K
[A
[A


[K[A
[K[A
epoch 30  16%|███████                                   |  ETA: 0:01:10[K
     batch: 16/100[K
   samples: 2048/12800[K
[A
[A


[K[A
[K[A
epoch 30  18%|████████                                  |  ETA: 0:01:08[K
     batch: 18/100[K
   samples: 2304/12800[K
[A
[A


[K[A
[K[A
epoch 30  20%|█████████                                 |  ETA: 0:01:06[K
     batch: 20/100[K
   samples: 2560/12800[K
[A
[A


[K[A
[K[A
epoch 30  22%|██████████                                |  ETA: 0:01:05[K
     batch: 22/100[K
   samples: 2816/12800[K
[A
[A


[K[A
[K[A
epoch 30  24%|███████████                               |  ETA: 0:01:03[K
     batch: 24/100[K
   samples: 3072/12800[K
[A
[A


[K[A
[K[A
epoch 30  26%|███████████                               |  ETA: 0:01:01[K
     batch: 26/100[K
   samples: 3328/12800[K
[A
[A


[K[A
[K[A
epoch 30  28%|████████████                              |  ETA: 0:01:00[K
     batch: 28/100[K
   samples: 3584/12800[K
[A
[A


[K[A
[K[A
epoch 30  30%|█████████████                             |  ETA: 0:00:58[K
     batch: 30/100[K
   samples: 3840/12800[K
[A
[A


[K[A
[K[A
epoch 30  32%|██████████████                            |  ETA: 0:00:56[K
     batch: 32/100[K
   samples: 4096/12800[K
[A
[A


[K[A
[K[A
epoch 30  34%|███████████████                           |  ETA: 0:00:54[K
     batch: 34/100[K
   samples: 4352/12800[K
[A
[A


[K[A
[K[A
epoch 30  36%|████████████████                          |  ETA: 0:00:53[K
     batch: 36/100[K
   samples: 4608/12800[K
[A
[A


[K[A
[K[A
epoch 30  38%|████████████████                          |  ETA: 0:00:51[K
     batch: 38/100[K
   samples: 4864/12800[K
[A
[A


[K[A
[K[A
epoch 30  40%|█████████████████                         |  ETA: 0:00:49[K
     batch: 40/100[K
   samples: 5120/12800[K
[A
[A


[K[A
[K[A
epoch 30  42%|██████████████████                        |  ETA: 0:00:48[K
     batch: 42/100[K
   samples: 5376/12800[K
[A
[A


[K[A
[K[A
epoch 30  44%|███████████████████                       |  ETA: 0:00:46[K
     batch: 44/100[K
   samples: 5632/12800[K
[A
[A


[K[A
[K[A
epoch 30  46%|████████████████████                      |  ETA: 0:00:44[K
     batch: 46/100[K
   samples: 5888/12800[K
[A
[A


[K[A
[K[A
epoch 30  48%|█████████████████████                     |  ETA: 0:00:42[K
     batch: 48/100[K
   samples: 6144/12800[K
[A
[A


[K[A
[K[A
epoch 30  50%|██████████████████████                    |  ETA: 0:00:40[K
     batch: 50/100[K
   samples: 6400/12800[K
[A
[A


[K[A
[K[A
epoch 30  52%|██████████████████████                    |  ETA: 0:00:39[K
     batch: 52/100[K
   samples: 6656/12800[K
[A
[A


[K[A
[K[A
epoch 30  54%|███████████████████████                   |  ETA: 0:00:37[K
     batch: 54/100[K
   samples: 6912/12800[K
[A
[A


[K[A
[K[A
epoch 30  56%|████████████████████████                  |  ETA: 0:00:35[K
     batch: 56/100[K
   samples: 7168/12800[K
[A
[A


[K[A
[K[A
epoch 30  58%|█████████████████████████                 |  ETA: 0:00:34[K
     batch: 58/100[K
   samples: 7424/12800[K
[A
[A


[K[A
[K[A
epoch 30  60%|██████████████████████████                |  ETA: 0:00:32[K
     batch: 60/100[K
   samples: 7680/12800[K
[A
[A


[K[A
[K[A
epoch 30  62%|███████████████████████████               |  ETA: 0:00:30[K
     batch: 62/100[K
   samples: 7936/12800[K
[A
[A


[K[A
[K[A
epoch 30  64%|███████████████████████████               |  ETA: 0:00:29[K
     batch: 64/100[K
   samples: 8192/12800[K
[A
[A


[K[A
[K[A
epoch 30  66%|████████████████████████████              |  ETA: 0:00:27[K
     batch: 66/100[K
   samples: 8448/12800[K
[A
[A


[K[A
[K[A
epoch 30  68%|█████████████████████████████             |  ETA: 0:00:25[K
     batch: 68/100[K
   samples: 8704/12800[K
[A
[A


[K[A
[K[A
epoch 30  70%|██████████████████████████████            |  ETA: 0:00:24[K
     batch: 70/100[K
   samples: 8960/12800[K
[A
[A


[K[A
[K[A
epoch 30  72%|███████████████████████████████           |  ETA: 0:00:22[K
     batch: 72/100[K
   samples: 9216/12800[K
[A
[A


[K[A
[K[A
epoch 30  74%|████████████████████████████████          |  ETA: 0:00:21[K
     batch: 74/100[K
   samples: 9472/12800[K
[A
[A


[K[A
[K[A
epoch 30  76%|████████████████████████████████          |  ETA: 0:00:19[K
     batch: 76/100[K
   samples: 9728/12800[K
[A
[A


[K[A
[K[A
epoch 30  78%|█████████████████████████████████         |  ETA: 0:00:17[K
     batch: 78/100[K
   samples: 9984/12800[K
[A
[A


[K[A
[K[A
epoch 30  80%|██████████████████████████████████        |  ETA: 0:00:16[K
     batch: 80/100[K
   samples: 10240/12800[K
[A
[A


[K[A
[K[A
epoch 30  82%|███████████████████████████████████       |  ETA: 0:00:14[K
     batch: 82/100[K
   samples: 10496/12800[K
[A
[A


[K[A
[K[A
epoch 30  84%|████████████████████████████████████      |  ETA: 0:00:13[K
     batch: 84/100[K
   samples: 10752/12800[K
[A
[A


[K[A
[K[A
epoch 30  86%|█████████████████████████████████████     |  ETA: 0:00:11[K
     batch: 86/100[K
   samples: 11008/12800[K
[A
[A


[K[A
[K[A
epoch 30  88%|█████████████████████████████████████     |  ETA: 0:00:10[K
     batch: 88/100[K
   samples: 11264/12800[K
[A
[A


[K[A
[K[A
epoch 30  90%|██████████████████████████████████████    |  ETA: 0:00:08[K
     batch: 90/100[K
   samples: 11520/12800[K
[A
[A


[K[A
[K[A
epoch 30  92%|███████████████████████████████████████   |  ETA: 0:00:06[K
     batch: 92/100[K
   samples: 11776/12800[K
[A
[A


[K[A
[K[A
epoch 30  94%|████████████████████████████████████████  |  ETA: 0:00:05[K
     batch: 94/100[K
   samples: 12032/12800[K
[A
[A


[K[A
[K[A
epoch 30  96%|█████████████████████████████████████████ |  ETA: 0:00:03[K
     batch: 96/100[K
   samples: 12288/12800[K
[A
[A


[K[A
[K[A
epoch 30  98%|██████████████████████████████████████████|  ETA: 0:00:02[K
     batch: 98/100[K
   samples: 12544/12800[K
[A
[A


[K[A
[K[A
epoch 30 100%|██████████████████████████████████████████| Time: 0:01:18[K
     batch: 100/100[K
   samples: 12800/12800[K

epoch 31   2%|█                                         |  ETA: 0:01:11[K
     batch: 2/100[K
   samples: 256/12800[K
[A
[A


[K[A
[K[A
epoch 31   4%|██                                        |  ETA: 0:01:11[K
     batch: 4/100[K
   samples: 512/12800[K
[A
[A


[K[A
[K[A
epoch 31   6%|███                                       |  ETA: 0:01:11[K
     batch: 6/100[K
   samples: 768/12800[K
[A
[A


[K[A
[K[A
epoch 31   8%|████                                      |  ETA: 0:01:09[K
     batch: 8/100[K
   samples: 1024/12800[K
[A
[A


[K[A
[K[A
epoch 31  10%|█████                                     |  ETA: 0:01:07[K
     batch: 10/100[K
   samples: 1280/12800[K
[A
[A


[K[A
[K[A
epoch 31  12%|██████                                    |  ETA: 0:01:07[K
     batch: 12/100[K
   samples: 1536/12800[K
[A
[A


[K[A
[K[A
epoch 31  14%|██████                                    |  ETA: 0:01:04[K
     batch: 14/100[K
   samples: 1792/12800[K
[A
[A


[K[A
[K[A
epoch 31  16%|███████                                   |  ETA: 0:01:02[K
     batch: 16/100[K
   samples: 2048/12800[K
[A
[A


[K[A
[K[A
epoch 31  18%|████████                                  |  ETA: 0:01:01[K
     batch: 18/100[K
   samples: 2304/12800[K
[A
[A


[K[A
[K[A
epoch 31  20%|█████████                                 |  ETA: 0:00:59[K
     batch: 20/100[K
   samples: 2560/12800[K
[A
[A


[K[A
[K[A
epoch 31  22%|██████████                                |  ETA: 0:00:58[K
     batch: 22/100[K
   samples: 2816/12800[K
[A
[A


[K[A
[K[A
epoch 31  24%|███████████                               |  ETA: 0:00:56[K
     batch: 24/100[K
   samples: 3072/12800[K
[A
[A


[K[A
[K[A
epoch 31  26%|███████████                               |  ETA: 0:00:54[K
     batch: 26/100[K
   samples: 3328/12800[K
[A
[A


[K[A
[K[A
epoch 31  28%|████████████                              |  ETA: 0:00:54[K
     batch: 28/100[K
   samples: 3584/12800[K
[A
[A


[K[A
[K[A
epoch 31  30%|█████████████                             |  ETA: 0:00:52[K
     batch: 30/100[K
   samples: 3840/12800[K
[A
[A


[K[A
[K[A
epoch 31  32%|██████████████                            |  ETA: 0:00:51[K
     batch: 32/100[K
   samples: 4096/12800[K
[A
[A


[K[A
[K[A
epoch 31  34%|███████████████                           |  ETA: 0:00:49[K
     batch: 34/100[K
   samples: 4352/12800[K
[A
[A


[K[A
[K[A
epoch 31  36%|████████████████                          |  ETA: 0:00:48[K
     batch: 36/100[K
   samples: 4608/12800[K
[A
[A


[K[A
[K[A
epoch 31  38%|████████████████                          |  ETA: 0:00:47[K
     batch: 38/100[K
   samples: 4864/12800[K
[A
[A


[K[A
[K[A
epoch 31  40%|█████████████████                         |  ETA: 0:00:45[K
     batch: 40/100[K
   samples: 5120/12800[K
[A
[A


[K[A
[K[A
epoch 31  42%|██████████████████                        |  ETA: 0:00:44[K
     batch: 42/100[K
   samples: 5376/12800[K
[A
[A


[K[A
[K[A
epoch 31  44%|███████████████████                       |  ETA: 0:00:42[K
     batch: 44/100[K
   samples: 5632/12800[K
[A
[A


[K[A
[K[A
epoch 31  46%|████████████████████                      |  ETA: 0:00:41[K
     batch: 46/100[K
   samples: 5888/12800[K
[A
[A


[K[A
[K[A
epoch 31  48%|█████████████████████                     |  ETA: 0:00:40[K
     batch: 48/100[K
   samples: 6144/12800[K
[A
[A


[K[A
[K[A
epoch 31  50%|██████████████████████                    |  ETA: 0:00:38[K
     batch: 50/100[K
   samples: 6400/12800[K
[A
[A


[K[A
[K[A
epoch 31  52%|██████████████████████                    |  ETA: 0:00:36[K
     batch: 52/100[K
   samples: 6656/12800[K
[A
[A


[K[A
[K[A
epoch 31  54%|███████████████████████                   |  ETA: 0:00:35[K
     batch: 54/100[K
   samples: 6912/12800[K
[A
[A


[K[A
[K[A
epoch 31  56%|████████████████████████                  |  ETA: 0:00:33[K
     batch: 56/100[K
   samples: 7168/12800[K
[A
[A


[K[A
[K[A
epoch 31  58%|█████████████████████████                 |  ETA: 0:00:32[K
     batch: 58/100[K
   samples: 7424/12800[K
[A
[A


[K[A
[K[A
epoch 31  60%|██████████████████████████                |  ETA: 0:00:30[K
     batch: 60/100[K
   samples: 7680/12800[K
[A
[A


[K[A
[K[A
epoch 31  62%|███████████████████████████               |  ETA: 0:00:29[K
     batch: 62/100[K
   samples: 7936/12800[K
[A
[A


[K[A
[K[A
epoch 31  64%|███████████████████████████               |  ETA: 0:00:27[K
     batch: 64/100[K
   samples: 8192/12800[K
[A
[A


[K[A
[K[A
epoch 31  66%|████████████████████████████              |  ETA: 0:00:26[K
     batch: 66/100[K
   samples: 8448/12800[K
[A
[A


[K[A
[K[A
epoch 31  68%|█████████████████████████████             |  ETA: 0:00:24[K
     batch: 68/100[K
   samples: 8704/12800[K
[A
[A


[K[A
[K[A
epoch 31  70%|██████████████████████████████            |  ETA: 0:00:23[K
     batch: 70/100[K
   samples: 8960/12800[K
[A
[A


[K[A
[K[A
epoch 31  72%|███████████████████████████████           |  ETA: 0:00:21[K
     batch: 72/100[K
   samples: 9216/12800[K
[A
[A


[K[A
[K[A
epoch 31  74%|████████████████████████████████          |  ETA: 0:00:20[K
     batch: 74/100[K
   samples: 9472/12800[K
[A
[A


[K[A
[K[A
epoch 31  76%|████████████████████████████████          |  ETA: 0:00:18[K
     batch: 76/100[K
   samples: 9728/12800[K
[A
[A


[K[A
[K[A
epoch 31  78%|█████████████████████████████████         |  ETA: 0:00:17[K
     batch: 78/100[K
   samples: 9984/12800[K
[A
[A


[K[A
[K[A
epoch 31  80%|██████████████████████████████████        |  ETA: 0:00:15[K
     batch: 80/100[K
   samples: 10240/12800[K
[A
[A


[K[A
[K[A
epoch 31  82%|███████████████████████████████████       |  ETA: 0:00:14[K
     batch: 82/100[K
   samples: 10496/12800[K
[A
[A


[K[A
[K[A
epoch 31  84%|████████████████████████████████████      |  ETA: 0:00:12[K
     batch: 84/100[K
   samples: 10752/12800[K
[A
[A


[K[A
[K[A
epoch 31  86%|█████████████████████████████████████     |  ETA: 0:00:11[K
     batch: 86/100[K
   samples: 11008/12800[K
[A
[A


[K[A
[K[A
epoch 31  88%|█████████████████████████████████████     |  ETA: 0:00:09[K
     batch: 88/100[K
   samples: 11264/12800[K
[A
[A


[K[A
[K[A
epoch 31  90%|██████████████████████████████████████    |  ETA: 0:00:08[K
     batch: 90/100[K
   samples: 11520/12800[K
[A
[A


[K[A
[K[A
epoch 31  92%|███████████████████████████████████████   |  ETA: 0:00:06[K
     batch: 92/100[K
   samples: 11776/12800[K
[A
[A


[K[A
[K[A
epoch 31  94%|████████████████████████████████████████  |  ETA: 0:00:05[K
     batch: 94/100[K
   samples: 12032/12800[K
[A
[A


[K[A
[K[A
epoch 31  96%|█████████████████████████████████████████ |  ETA: 0:00:03[K
     batch: 96/100[K
   samples: 12288/12800[K
[A
[A


[K[A
[K[A
epoch 31  98%|██████████████████████████████████████████|  ETA: 0:00:02[K
     batch: 98/100[K
   samples: 12544/12800[K
[A
[A


[K[A
[K[A
epoch 31 100%|██████████████████████████████████████████| Time: 0:01:15[K
     batch: 100/100[K
   samples: 12800/12800[K

epoch 32   2%|█                                         |  ETA: 0:01:13[K
     batch: 2/100[K
   samples: 256/12800[K
[A
[A


[K[A
[K[A
epoch 32   4%|██                                        |  ETA: 0:01:15[K
     batch: 4/100[K
   samples: 512/12800[K
[A
[A


[K[A
[K[A
epoch 32   6%|███                                       |  ETA: 0:01:14[K
     batch: 6/100[K
   samples: 768/12800[K
[A
[A


[K[A
[K[A
epoch 32   8%|████                                      |  ETA: 0:01:13[K
     batch: 8/100[K
   samples: 1024/12800[K
[A
[A


[K[A
[K[A
epoch 32  10%|█████                                     |  ETA: 0:01:13[K
     batch: 10/100[K
   samples: 1280/12800[K
[A
[A


[K[A
[K[A
epoch 32  12%|██████                                    |  ETA: 0:01:10[K
     batch: 12/100[K
   samples: 1536/12800[K
[A
[A


[K[A
[K[A
epoch 32  14%|██████                                    |  ETA: 0:01:09[K
     batch: 14/100[K
   samples: 1792/12800[K
[A
[A


[K[A
[K[A
epoch 32  16%|███████                                   |  ETA: 0:01:06[K
     batch: 16/100[K
   samples: 2048/12800[K
[A
[A


[K[A
[K[A
epoch 32  18%|████████                                  |  ETA: 0:01:05[K
     batch: 18/100[K
   samples: 2304/12800[K
[A
[A


[K[A
[K[A
epoch 32  20%|█████████                                 |  ETA: 0:01:03[K
     batch: 20/100[K
   samples: 2560/12800[K
[A
[A


[K[A
[K[A
epoch 32  22%|██████████                                |  ETA: 0:01:02[K
     batch: 22/100[K
   samples: 2816/12800[K
[A
[A


[K[A
[K[A
epoch 32  24%|███████████                               |  ETA: 0:01:00[K
     batch: 24/100[K
   samples: 3072/12800[K
[A
[A


[K[A
[K[A
epoch 32  26%|███████████                               |  ETA: 0:00:58[K
     batch: 26/100[K
   samples: 3328/12800[K
[A
[A


[K[A
[K[A
epoch 32  28%|████████████                              |  ETA: 0:00:56[K
     batch: 28/100[K
   samples: 3584/12800[K
[A
[A


[K[A
[K[A
epoch 32  30%|█████████████                             |  ETA: 0:00:55[K
     batch: 30/100[K
   samples: 3840/12800[K
[A
[A


[K[A
[K[A
epoch 32  32%|██████████████                            |  ETA: 0:00:53[K
     batch: 32/100[K
   samples: 4096/12800[K
[A
[A


[K[A
[K[A
epoch 32  34%|███████████████                           |  ETA: 0:00:52[K
     batch: 34/100[K
   samples: 4352/12800[K
[A
[A


[K[A
[K[A
epoch 32  35%|███████████████                           |  ETA: 0:00:52[K
     batch: 35/100[K
   samples: 4480/12800[K
[A
[A


[K[A
[K[A
epoch 32  37%|████████████████                          |  ETA: 0:00:50[K
     batch: 37/100[K
   samples: 4736/12800[K
[A
[A


[K[A
[K[A
epoch 32  39%|█████████████████                         |  ETA: 0:00:48[K
     batch: 39/100[K
   samples: 4992/12800[K
[A
[A


[K[A
[K[A
epoch 32  41%|██████████████████                        |  ETA: 0:00:47[K
     batch: 41/100[K
   samples: 5248/12800[K
[A
[A


[K[A
[K[A
epoch 32  43%|███████████████████                       |  ETA: 0:00:46[K
     batch: 43/100[K
   samples: 5504/12800[K
[A
[A


[K[A
[K[A
epoch 32  45%|███████████████████                       |  ETA: 0:00:44[K
     batch: 45/100[K
   samples: 5760/12800[K
[A
[A


[K[A
[K[A
epoch 32  47%|████████████████████                      |  ETA: 0:00:43[K
     batch: 47/100[K
   samples: 6016/12800[K
[A
[A


[K[A
[K[A
epoch 32  49%|█████████████████████                     |  ETA: 0:00:41[K
     batch: 49/100[K
   samples: 6272/12800[K
[A
[A


[K[A
[K[A
epoch 32  51%|██████████████████████                    |  ETA: 0:00:39[K
     batch: 51/100[K
   samples: 6528/12800[K
[A
[A


[K[A
[K[A
epoch 32  53%|███████████████████████                   |  ETA: 0:00:38[K
     batch: 53/100[K
   samples: 6784/12800[K
[A
[A


[K[A
[K[A
epoch 32  55%|████████████████████████                  |  ETA: 0:00:36[K
     batch: 55/100[K
   samples: 7040/12800[K
[A
[A


[K[A
[K[A
epoch 32  57%|████████████████████████                  |  ETA: 0:00:35[K
     batch: 57/100[K
   samples: 7296/12800[K
[A
[A


[K[A
[K[A
epoch 32  59%|█████████████████████████                 |  ETA: 0:00:33[K
     batch: 59/100[K
   samples: 7552/12800[K
[A
[A


[K[A
[K[A
epoch 32  61%|██████████████████████████                |  ETA: 0:00:32[K
     batch: 61/100[K
   samples: 7808/12800[K
[A
[A


[K[A
[K[A
epoch 32  63%|███████████████████████████               |  ETA: 0:00:30[K
     batch: 63/100[K
   samples: 8064/12800[K
[A
[A


[K[A
[K[A
epoch 32  64%|███████████████████████████               |  ETA: 0:00:29[K
     batch: 64/100[K
   samples: 8192/12800[K
[A
[A


[K[A
[K[A
epoch 32  65%|████████████████████████████              |  ETA: 0:00:29[K
     batch: 65/100[K
   samples: 8320/12800[K
[A
[A


[K[A
[K[A
epoch 32  67%|█████████████████████████████             |  ETA: 0:00:27[K
     batch: 67/100[K
   samples: 8576/12800[K
[A
[A


[K[A
[K[A
epoch 32  69%|█████████████████████████████             |  ETA: 0:00:26[K
     batch: 69/100[K
   samples: 8832/12800[K
[A
[A


[K[A
[K[A
epoch 32  71%|██████████████████████████████            |  ETA: 0:00:24[K
     batch: 71/100[K
   samples: 9088/12800[K
[A
[A


[K[A
[K[A
epoch 32  73%|███████████████████████████████           |  ETA: 0:00:22[K
     batch: 73/100[K
   samples: 9344/12800[K
[A
[A


[K[A
[K[A
epoch 32  75%|████████████████████████████████          |  ETA: 0:00:21[K
     batch: 75/100[K
   samples: 9600/12800[K
[A
[A


[K[A
[K[A
epoch 32  77%|█████████████████████████████████         |  ETA: 0:00:19[K
     batch: 77/100[K
   samples: 9856/12800[K
[A
[A


[K[A
[K[A
epoch 32  79%|██████████████████████████████████        |  ETA: 0:00:17[K
     batch: 79/100[K
   samples: 10112/12800[K
[A
[A


[K[A
[K[A
epoch 32  81%|███████████████████████████████████       |  ETA: 0:00:16[K
     batch: 81/100[K
   samples: 10368/12800[K
[A
[A


[K[A
[K[A
epoch 32  83%|███████████████████████████████████       |  ETA: 0:00:14[K
     batch: 83/100[K
   samples: 10624/12800[K
[A
[A


[K[A
[K[A
epoch 32  85%|████████████████████████████████████      |  ETA: 0:00:12[K
     batch: 85/100[K
   samples: 10880/12800[K
[A
[A


[K[A
[K[A
epoch 32  86%|█████████████████████████████████████     |  ETA: 0:00:12[K
     batch: 86/100[K
   samples: 11008/12800[K
[A
[A


[K[A
[K[A
epoch 32  88%|█████████████████████████████████████     |  ETA: 0:00:10[K
     batch: 88/100[K
   samples: 11264/12800[K
[A
[A


[K[A
[K[A
epoch 32  90%|██████████████████████████████████████    |  ETA: 0:00:08[K
     batch: 90/100[K
   samples: 11520/12800[K
[A
[A


[K[A
[K[A
epoch 32  92%|███████████████████████████████████████   |  ETA: 0:00:07[K
     batch: 92/100[K
   samples: 11776/12800[K
[A
[A


[K[A
[K[A
epoch 32  94%|████████████████████████████████████████  |  ETA: 0:00:05[K
     batch: 94/100[K
   samples: 12032/12800[K
[A
[A


[K[A
[K[A
epoch 32  96%|█████████████████████████████████████████ |  ETA: 0:00:03[K
     batch: 96/100[K
   samples: 12288/12800[K
[A
[A


[K[A
[K[A
epoch 32  98%|██████████████████████████████████████████|  ETA: 0:00:02[K
     batch: 98/100[K
   samples: 12544/12800[K
[A
[A


[K[A
[K[A
epoch 32 100%|██████████████████████████████████████████| Time: 0:01:22[K
     batch: 100/100[K
   samples: 12800/12800[K
[bootstrap] activated project
[bootstrap] loaded packages
building MNIST 784-120-40 layer
loading training split
training samples: 12800 (100 batches/epoch)
loading train-eval split
train-eval samples: 1000
loading test split
test samples: 1000
constructing 32-worker softplus-margin nudge Adam manager
constructing 32-worker validation manager
starting epochs
restoring checkpoint state from ext/IsingLearning/experiments/MNIST/baseline_new_nudge/experiments/current/symmetric_nudge_beta_relax_from_0p714_20260610/b0p025_lr0p00015_s500_reverseT/best_checkpoint.bin
epoch 22 training
epoch 22 batch 1/100 samples 128/12800 elapsed 15.5s
epoch 22 batch 25/100 samples 3200/12800 elapsed 32.8s
epoch 22 batch 50/100 samples 6400/12800 elapsed 50.6s
epoch 22 batch 75/100 samples 9600/12800 elapsed 68.4s
epoch 22 batch 100/100 samples 12800/12800 elapsed 86.4s
epoch 22 training done in 86.439s
epoch 22 train-eval: evaluating 1000 samples
epoch 22 train accuracy 0.666 loss 12.586757
epoch 22 evaluating
epoch 22 test: evaluating 1000 samples
epoch 22 test accuracy 0.669 loss 12.538622 best 0.724
(timestamp = "2026-06-10T10:42:13", epoch = 22, seconds = 86.4393082, train_accuracy = 0.666, train_loss = 12.586757f0, test_accuracy = 0.669, test_loss = 12.538622f0, pred_counts = "116-100-127-192-178-87-91-100-2-7", w_norm = 0.8538949f0, b_norm = 0.07012661f0, w_input_norm = 2.0458412f0, grad_w_norm = 7.381082f0, grad_b_norm = 1.0864657f0, grad_w_input_norm = 6.073635f0, effective_w_decay = 0.002f0, effective_w_input_decay = 0.002f0, symmetry_error = 0.0f0, grad_symmetry_error = 0.0f0, best_accuracy = 0.724, best_path = "ext\\IsingLearning\\experiments\\MNIST\\baseline_new_nudge\\experiments\\current\\symmetric_nudge_stepsize_from_0p724_20260610\\step0p70_lr0p00010_wd0p002_s500_reverseT\\best_checkpoint.bin", final_path = "")
epoch 23 training
epoch 23 batch 1/100 samples 128/12800 elapsed 0.7s
epoch 23 batch 25/100 samples 3200/12800 elapsed 18.1s
epoch 23 batch 50/100 samples 6400/12800 elapsed 36.4s
epoch 23 batch 75/100 samples 9600/12800 elapsed 54.5s
epoch 23 batch 100/100 samples 12800/12800 elapsed 73.9s
epoch 23 training done in 73.902s
epoch 23 train-eval: evaluating 1000 samples
epoch 23 train accuracy 0.688 loss 11.862405
epoch 23 evaluating
epoch 23 test: evaluating 1000 samples
epoch 23 test accuracy 0.693 loss 11.878702 best 0.724
(timestamp = "2026-06-10T10:43:31", epoch = 23, seconds = 73.9020989, train_accuracy = 0.688, train_loss = 11.862405f0, test_accuracy = 0.693, test_loss = 11.878702f0, pred_counts = "155-110-115-160-133-90-94-124-10-9", w_norm = 0.8624445f0, b_norm = 0.07165013f0, w_input_norm = 2.0509205f0, grad_w_norm = 9.337649f0, grad_b_norm = 1.2831273f0, grad_w_input_norm = 7.8844743f0, effective_w_decay = 0.002f0, effective_w_input_decay = 0.002f0, symmetry_error = 0.0f0, grad_symmetry_error = 0.0f0, best_accuracy = 0.724, best_path = "ext\\IsingLearning\\experiments\\MNIST\\baseline_new_nudge\\experiments\\current\\symmetric_nudge_stepsize_from_0p724_20260610\\step0p70_lr0p00010_wd0p002_s500_reverseT\\best_checkpoint.bin", final_path = "")
epoch 24 training
epoch 24 batch 1/100 samples 128/12800 elapsed 0.8s
epoch 24 batch 25/100 samples 3200/12800 elapsed 20.3s
epoch 24 batch 50/100 samples 6400/12800 elapsed 40.1s
epoch 24 batch 75/100 samples 9600/12800 elapsed 61.3s
epoch 24 batch 100/100 samples 12800/12800 elapsed 81.5s
epoch 24 training done in 81.472s
epoch 24 train-eval: evaluating 1000 samples
epoch 24 train accuracy 0.678 loss 11.90909
epoch 24 evaluating
epoch 24 test: evaluating 1000 samples
epoch 24 test accuracy 0.696 loss 11.700193 best 0.724
(timestamp = "2026-06-10T10:44:56", epoch = 24, seconds = 81.4715579, train_accuracy = 0.678, train_loss = 11.90909f0, test_accuracy = 0.696, test_loss = 11.700193f0, pred_counts = "146-111-153-120-137-110-90-111-9-13", w_norm = 0.8703247f0, b_norm = 0.07388693f0, w_input_norm = 2.06026f0, grad_w_norm = 2.0057647f0, grad_b_norm = 0.27942485f0, grad_w_input_norm = 1.9390163f0, effective_w_decay = 0.002f0, effective_w_input_decay = 0.002f0, symmetry_error = 0.0f0, grad_symmetry_error = 0.0f0, best_accuracy = 0.724, best_path = "ext\\IsingLearning\\experiments\\MNIST\\baseline_new_nudge\\experiments\\current\\symmetric_nudge_stepsize_from_0p724_20260610\\step0p70_lr0p00010_wd0p002_s500_reverseT\\best_checkpoint.bin", final_path = "")
epoch 25 training
epoch 25 batch 1/100 samples 128/12800 elapsed 0.8s
epoch 25 batch 25/100 samples 3200/12800 elapsed 19.8s
epoch 25 batch 50/100 samples 6400/12800 elapsed 38.5s
epoch 25 batch 75/100 samples 9600/12800 elapsed 59.4s
epoch 25 batch 100/100 samples 12800/12800 elapsed 79.2s
epoch 25 training done in 79.174s
epoch 25 train-eval: evaluating 1000 samples
epoch 25 train accuracy 0.684 loss 11.551476
epoch 25 evaluating
epoch 25 test: evaluating 1000 samples
epoch 25 test accuracy 0.692 loss 11.439574 best 0.724
(timestamp = "2026-06-10T10:46:18", epoch = 25, seconds = 79.1744016, train_accuracy = 0.684, train_loss = 11.5514765f0, test_accuracy = 0.692, test_loss = 11.439574f0, pred_counts = "113-134-114-185-130-72-110-124-11-7", w_norm = 0.88023514f0, b_norm = 0.074318126f0, w_input_norm = 2.0657403f0, grad_w_norm = 7.7692356f0, grad_b_norm = 1.1506318f0, grad_w_input_norm = 8.253751f0, effective_w_decay = 0.002f0, effective_w_input_decay = 0.002f0, symmetry_error = 0.0f0, grad_symmetry_error = 0.0f0, best_accuracy = 0.724, best_path = "ext\\IsingLearning\\experiments\\MNIST\\baseline_new_nudge\\experiments\\current\\symmetric_nudge_stepsize_from_0p724_20260610\\step0p70_lr0p00010_wd0p002_s500_reverseT\\best_checkpoint.bin", final_path = "")
epoch 26 training
epoch 26 batch 1/100 samples 128/12800 elapsed 0.7s
epoch 26 batch 25/100 samples 3200/12800 elapsed 19.0s
epoch 26 batch 50/100 samples 6400/12800 elapsed 38.0s
epoch 26 batch 75/100 samples 9600/12800 elapsed 57.2s
epoch 26 batch 100/100 samples 12800/12800 elapsed 77.0s
epoch 26 training done in 77.041s
epoch 26 train-eval: evaluating 1000 samples
epoch 26 train accuracy 0.668 loss 11.815428
epoch 26 evaluating
epoch 26 test: evaluating 1000 samples
epoch 26 test accuracy 0.672 loss 11.662313 best 0.724
(timestamp = "2026-06-10T10:47:38", epoch = 26, seconds = 77.041357, train_accuracy = 0.668, train_loss = 11.815428f0, test_accuracy = 0.672, test_loss = 11.662313f0, pred_counts = "126-122-139-162-148-64-86-128-13-12", w_norm = 0.88604f0, b_norm = 0.0738545f0, w_input_norm = 2.0711083f0, grad_w_norm = 3.7899108f0, grad_b_norm = 0.47793168f0, grad_w_input_norm = 2.065571f0, effective_w_decay = 0.002f0, effective_w_input_decay = 0.002f0, symmetry_error = 0.0f0, grad_symmetry_error = 0.0f0, best_accuracy = 0.724, best_path = "ext\\IsingLearning\\experiments\\MNIST\\baseline_new_nudge\\experiments\\current\\symmetric_nudge_stepsize_from_0p724_20260610\\step0p70_lr0p00010_wd0p002_s500_reverseT\\best_checkpoint.bin", final_path = "")
epoch 27 training
epoch 27 batch 1/100 samples 128/12800 elapsed 0.8s
epoch 27 batch 25/100 samples 3200/12800 elapsed 19.3s
epoch 27 batch 50/100 samples 6400/12800 elapsed 38.4s
epoch 27 batch 75/100 samples 9600/12800 elapsed 57.4s
epoch 27 batch 100/100 samples 12800/12800 elapsed 76.3s
epoch 27 training done in 76.259s
epoch 27 train-eval: evaluating 1000 samples
epoch 27 train accuracy 0.694 loss 11.601789
epoch 27 evaluating
epoch 27 test: evaluating 1000 samples
epoch 27 test accuracy 0.694 loss 11.577497 best 0.724
(timestamp = "2026-06-10T10:48:58", epoch = 27, seconds = 76.2594906, train_accuracy = 0.694, train_loss = 11.601789f0, test_accuracy = 0.694, test_loss = 11.577497f0, pred_counts = "120-130-145-134-123-83-110-126-14-15", w_norm = 0.8867902f0, b_norm = 0.07383129f0, w_input_norm = 2.0726185f0, grad_w_norm = 5.761049f0, grad_b_norm = 0.7098438f0, grad_w_input_norm = 5.705366f0, effective_w_decay = 0.002f0, effective_w_input_decay = 0.002f0, symmetry_error = 0.0f0, grad_symmetry_error = 0.0f0, best_accuracy = 0.724, best_path = "ext\\IsingLearning\\experiments\\MNIST\\baseline_new_nudge\\experiments\\current\\symmetric_nudge_stepsize_from_0p724_20260610\\step0p70_lr0p00010_wd0p002_s500_reverseT\\best_checkpoint.bin", final_path = "")
epoch 28 training
epoch 28 batch 1/100 samples 128/12800 elapsed 0.9s
epoch 28 batch 25/100 samples 3200/12800 elapsed 19.6s
epoch 28 batch 50/100 samples 6400/12800 elapsed 38.8s
epoch 28 batch 75/100 samples 9600/12800 elapsed 59.2s
epoch 28 batch 100/100 samples 12800/12800 elapsed 78.4s
epoch 28 training done in 78.408s
epoch 28 train-eval: evaluating 1000 samples
epoch 28 train accuracy 0.665 loss 12.168639
epoch 28 evaluating
epoch 28 test: evaluating 1000 samples
epoch 28 test accuracy 0.682 loss 12.004313 best 0.724
(timestamp = "2026-06-10T10:50:19", epoch = 28, seconds = 78.40834, train_accuracy = 0.665, train_loss = 12.168639f0, test_accuracy = 0.682, test_loss = 12.0043125f0, pred_counts = "132-134-146-159-122-66-107-111-11-12", w_norm = 0.8925557f0, b_norm = 0.07436786f0, w_input_norm = 2.0803692f0, grad_w_norm = 5.484228f0, grad_b_norm = 0.82299244f0, grad_w_input_norm = 6.067131f0, effective_w_decay = 0.002f0, effective_w_input_decay = 0.002f0, symmetry_error = 0.0f0, grad_symmetry_error = 0.0f0, best_accuracy = 0.724, best_path = "ext\\IsingLearning\\experiments\\MNIST\\baseline_new_nudge\\experiments\\current\\symmetric_nudge_stepsize_from_0p724_20260610\\step0p70_lr0p00010_wd0p002_s500_reverseT\\best_checkpoint.bin", final_path = "")
epoch 29 training
epoch 29 batch 1/100 samples 128/12800 elapsed 0.9s
epoch 29 batch 25/100 samples 3200/12800 elapsed 19.8s
epoch 29 batch 50/100 samples 6400/12800 elapsed 38.4s
epoch 29 batch 75/100 samples 9600/12800 elapsed 57.5s
epoch 29 batch 100/100 samples 12800/12800 elapsed 76.8s
epoch 29 training done in 76.82s
epoch 29 train-eval: evaluating 1000 samples
epoch 29 train accuracy 0.659 loss 12.616559
epoch 29 evaluating
epoch 29 test: evaluating 1000 samples
epoch 29 test accuracy 0.667 loss 12.601551 best 0.724
(timestamp = "2026-06-10T10:51:39", epoch = 29, seconds = 76.819513, train_accuracy = 0.659, train_loss = 12.616559f0, test_accuracy = 0.667, test_loss = 12.601551f0, pred_counts = "134-121-125-188-142-58-90-125-10-7", w_norm = 0.9006591f0, b_norm = 0.07327064f0, w_input_norm = 2.0809739f0, grad_w_norm = 2.2084606f0, grad_b_norm = 0.27285665f0, grad_w_input_norm = 2.6147861f0, effective_w_decay = 0.002f0, effective_w_input_decay = 0.002f0, symmetry_error = 0.0f0, grad_symmetry_error = 0.0f0, best_accuracy = 0.724, best_path = "ext\\IsingLearning\\experiments\\MNIST\\baseline_new_nudge\\experiments\\current\\symmetric_nudge_stepsize_from_0p724_20260610\\step0p70_lr0p00010_wd0p002_s500_reverseT\\best_checkpoint.bin", final_path = "")
epoch 30 training
epoch 30 batch 1/100 samples 128/12800 elapsed 0.9s
epoch 30 batch 25/100 samples 3200/12800 elapsed 20.8s
epoch 30 batch 50/100 samples 6400/12800 elapsed 40.4s
epoch 30 batch 75/100 samples 9600/12800 elapsed 59.8s
epoch 30 batch 100/100 samples 12800/12800 elapsed 78.7s
epoch 30 training done in 78.724s
epoch 30 train-eval: evaluating 1000 samples
epoch 30 train accuracy 0.691 loss 11.748625
epoch 30 evaluating
epoch 30 test: evaluating 1000 samples
epoch 30 test accuracy 0.689 loss 11.58715 best 0.724
(timestamp = "2026-06-10T10:53:01", epoch = 30, seconds = 78.7240235, train_accuracy = 0.691, train_loss = 11.748625f0, test_accuracy = 0.689, test_loss = 11.58715f0, pred_counts = "124-120-115-153-121-80-118-142-15-12", w_norm = 0.90474427f0, b_norm = 0.07290774f0, w_input_norm = 2.081085f0, grad_w_norm = 5.352573f0, grad_b_norm = 0.8122659f0, grad_w_input_norm = 5.563971f0, effective_w_decay = 0.002f0, effective_w_input_decay = 0.002f0, symmetry_error = 0.0f0, grad_symmetry_error = 0.0f0, best_accuracy = 0.724, best_path = "ext\\IsingLearning\\experiments\\MNIST\\baseline_new_nudge\\experiments\\current\\symmetric_nudge_stepsize_from_0p724_20260610\\step0p70_lr0p00010_wd0p002_s500_reverseT\\best_checkpoint.bin", final_path = "")
epoch 31 training
epoch 31 batch 1/100 samples 128/12800 elapsed 0.7s
epoch 31 batch 25/100 samples 3200/12800 elapsed 18.4s
epoch 31 batch 50/100 samples 6400/12800 elapsed 37.9s
epoch 31 batch 75/100 samples 9600/12800 elapsed 56.8s
epoch 31 batch 100/100 samples 12800/12800 elapsed 75.9s
epoch 31 training done in 75.94s
epoch 31 train-eval: evaluating 1000 samples
epoch 31 train accuracy 0.669 loss 12.078644
epoch 31 evaluating
epoch 31 test: evaluating 1000 samples
epoch 31 test accuracy 0.688 loss 11.660129 best 0.724
(timestamp = "2026-06-10T10:54:20", epoch = 31, seconds = 75.9395987, train_accuracy = 0.669, train_loss = 12.078644f0, test_accuracy = 0.688, test_loss = 11.660129f0, pred_counts = "134-118-125-157-119-77-108-132-15-15", w_norm = 0.9067501f0, b_norm = 0.074209064f0, w_input_norm = 2.087395f0, grad_w_norm = 4.915776f0, grad_b_norm = 0.7331917f0, grad_w_input_norm = 4.8055406f0, effective_w_decay = 0.002f0, effective_w_input_decay = 0.002f0, symmetry_error = 0.0f0, grad_symmetry_error = 0.0f0, best_accuracy = 0.724, best_path = "ext\\IsingLearning\\experiments\\MNIST\\baseline_new_nudge\\experiments\\current\\symmetric_nudge_stepsize_from_0p724_20260610\\step0p70_lr0p00010_wd0p002_s500_reverseT\\best_checkpoint.bin", final_path = "")
epoch 32 training
epoch 32 batch 1/100 samples 128/12800 elapsed 0.8s
epoch 32 batch 25/100 samples 3200/12800 elapsed 19.5s
epoch 32 batch 50/100 samples 6400/12800 elapsed 40.4s
epoch 32 batch 75/100 samples 9600/12800 elapsed 61.7s
epoch 32 batch 100/100 samples 12800/12800 elapsed 82.3s
epoch 32 training done in 82.282s
epoch 32 train-eval: evaluating 1000 samples
epoch 32 train accuracy 0.68 loss 12.110077
epoch 32 evaluating
epoch 32 test: evaluating 1000 samples
epoch 32 test accuracy 0.702 loss 11.884472 best 0.724
(timestamp = "2026-06-10T10:55:45", epoch = 32, seconds = 82.2819751, train_accuracy = 0.68, train_loss = 12.110077f0, test_accuracy = 0.702, test_loss = 11.884472f0, pred_counts = "125-116-126-171-128-86-104-118-10-16", w_norm = 0.90714765f0, b_norm = 0.075367615f0, w_input_norm = 2.0942152f0, grad_w_norm = 5.409596f0, grad_b_norm = 0.7473686f0, grad_w_input_norm = 3.855428f0, effective_w_decay = 0.002f0, effective_w_input_decay = 0.002f0, symmetry_error = 0.0f0, grad_symmetry_error = 0.0f0, best_accuracy = 0.724, best_path = "ext\\IsingLearning\\experiments\\MNIST\\baseline_new_nudge\\experiments\\current\\symmetric_nudge_stepsize_from_0p724_20260610\\step0p70_lr0p00010_wd0p002_s500_reverseT\\best_checkpoint.bin", final_path = "ext\\IsingLearning\\experiments\\MNIST\\baseline_new_nudge\\experiments\\current\\symmetric_nudge_stepsize_from_0p724_20260610\\step0p70_lr0p00010_wd0p002_s500_reverseT\\final_checkpoint.bin")
saved MNIST 784-120-40 softplus-margin nudge baseline in ext\IsingLearning\experiments\MNIST\baseline_new_nudge\experiments\current\symmetric_nudge_stepsize_from_0p724_20260610\step0p70_lr0p00010_wd0p002_s500_reverseT
