  Activating project at `~/Documents/GitHub/InteractiveIsing.jl/ext/IsingLearning`
┌ Warning: Overlapping GeneralState field names encountered during merge; later defaults will override earlier ones.
│   overlapping_fields =
│    2-element Vector{Symbol}:
│     :equilibrium_state
│     :x
└ @ IsingLearning.InteractiveIsing.Processes ~/Documents/GitHub/InteractiveIsing.jl/deps/Processes/src/Widgets/GeneralState.jl:54
┌ Warning: Overlapping GeneralState field names encountered during merge; later defaults will override earlier ones.
│   overlapping_fields =
│    3-element Vector{Symbol}:
│     :equilibrium_state
│     :y
│     :x
└ @ IsingLearning.InteractiveIsing.Processes ~/Documents/GitHub/InteractiveIsing.jl/deps/Processes/src/Widgets/GeneralState.jl:54
Running 2-input statistical XOR EP: (epochs = 1200, log_every = 100, minit = 16, eval_repeats = 64, hidden = 16, beta = 0.5, lr = 0.0005, weight_decay = 0.0, temp = 0.0005, stepsize = 0.1, block_size = 8, free_relaxation = 80, nudged_relaxation = 80, state = :continuous, dynamics = :langevin, init_mode = :random, training_rule = :ep, target_free_sign = :target_minus_free)
epoch=0 mse=1.012427 acc=0.25
    case=(false, false) input=[-1.0, -1.0] target=[1.0, -1.0] mean=[0.0597, -0.0363] std=0.54484
    case=(false, true) input=[-1.0, 1.0] target=[-1.0, 1.0] mean=[0.0175, -0.0007] std=0.57788
    case=(true, false) input=[1.0, -1.0] target=[-1.0, 1.0] mean=[-0.0558, -0.12] std=0.60543
    case=(true, true) input=[1.0, 1.0] target=[1.0, -1.0] mean=[-0.0426, 0.0083] std=0.60551
epoch=1 mse=1.007562 acc=0.25 grad=0.232074 response=0.130972 delta=0.006042
epoch=100 mse=1.012677 acc=0.25 grad=0.231194 response=0.131937 delta=0.118743
epoch=200 mse=1.011244 acc=0.25 grad=0.232714 response=0.131261 delta=0.202221
epoch=300 mse=1.012757 acc=0.25 grad=0.197972 response=0.128831 delta=0.267378
epoch=400 mse=1.013265 acc=0.25 grad=0.253973 response=0.129791 delta=0.321939
epoch=500 mse=1.010166 acc=0.25 grad=0.219795 response=0.129964 delta=0.354584
epoch=600 mse=1.012295 acc=0.25 grad=0.213241 response=0.127011 delta=0.398041
epoch=700 mse=1.01196 acc=0.25 grad=0.239245 response=0.127246 delta=0.439974
epoch=800 mse=1.011195 acc=0.25 grad=0.207909 response=0.126325 delta=0.465059
epoch=900 mse=1.012111 acc=0.25 grad=0.221333 response=0.12449 delta=0.496356
epoch=1000 mse=1.009511 acc=0.25 grad=0.246675 response=0.127552 delta=0.504163
epoch=1100 mse=1.008887 acc=0.25 grad=0.215565 response=0.125146 delta=0.519089
epoch=1200 mse=1.011803 acc=0.25 grad=0.271402 response=0.129882 delta=0.537701
restored best mse=1.012078 acc=0.25
    case=(false, false) input=[-1.0, -1.0] target=[1.0, -1.0] mean=[0.0564, -0.0375] std=0.54616
    case=(false, true) input=[-1.0, 1.0] target=[-1.0, 1.0] mean=[0.0151, 0.0024] std=0.57918
    case=(true, false) input=[1.0, -1.0] target=[-1.0, 1.0] mean=[-0.0559, -0.1188] std=0.6059
    case=(true, true) input=[1.0, 1.0] target=[1.0, -1.0] mean=[-0.043, 0.0116] std=0.6061
Saved CSV: ext/IsingLearning/runs/xor_2input_langevin_random_sweep_20260510_021947/T0005_s010_lr0005_b05_w005/xor_statistical_ep_2input.csv
Saved plot: ext/IsingLearning/runs/xor_2input_langevin_random_sweep_20260510_021947/T0005_s010_lr0005_b05_w005/xor_statistical_ep_2input.png
Saved graph: ext/IsingLearning/runs/xor_2input_langevin_random_sweep_20260510_021947/T0005_s010_lr0005_b05_w005/xor_statistical_ep_2input_trained_graph.jld2
