[bootstrap] activated project
[bootstrap] loaded packages
building MNIST 784-120-40 layer
loading training split
training samples: 12800 (100 batches/epoch)
loading train-eval split
train-eval samples: 1000
loading test split
test samples: 1000
constructing 32-worker softplus-margin nudge Adam manager
constructing 32-worker validation manager
starting epochs
epoch 0 train-eval: evaluating 1000 samples
epoch 0 train accuracy 0.061 loss 74.858086
epoch 0 evaluating
epoch 0 test: evaluating 1000 samples
epoch 0 test accuracy 0.064 loss 74.242119 best 0.064
(timestamp = "2026-06-09T22:54:45", epoch = 0, seconds = 0.0, train_accuracy = 0.061, train_loss = 74.858086f0, test_accuracy = 0.064, test_loss = 74.24212f0, pred_counts = "34-186-87-62-90-48-66-263-73-91", w_norm = 0.48583895f0, b_norm = 0.0f0, w_input_norm = 1.5314544f0, grad_w_norm = 0.0f0, grad_b_norm = 0.0f0, grad_w_input_norm = 0.0f0, effective_w_decay = 0.001f0, effective_w_input_decay = 0.001f0, symmetry_error = 0.0f0, grad_symmetry_error = 0.0f0, best_accuracy = 0.064, best_path = "ext\\IsingLearning\\experiments\\MNIST\\baseline_new_nudge\\experiments\\current\\symmetric_nudge_target_weight_grid_v9_20260609\\b0p020_lr0p00025_T0p00005_wd0p001_step0p5_pos9p0_neg0p55_priortrue_adaptivefalse\\best_checkpoint.bin", final_path = "")
epoch 1 training
epoch 1 batch 1/100 samples 128/12800 elapsed 13.9s
epoch 1 batch 25/100 samples 3200/12800 elapsed 31.8s
epoch 1 batch 50/100 samples 6400/12800 elapsed 50.3s
epoch 1 batch 75/100 samples 9600/12800 elapsed 68.8s
epoch 1 batch 100/100 samples 12800/12800 elapsed 88.3s
epoch 1 training done in 88.341s
epoch 1 train-eval: evaluating 1000 samples
epoch 1 train accuracy 0.263 loss 31.599697
epoch 1 evaluating
epoch 1 test: evaluating 1000 samples
epoch 1 test accuracy 0.276 loss 31.538637 best 0.276
(timestamp = "2026-06-09T22:56:18", epoch = 1, seconds = 88.3408449, train_accuracy = 0.263, train_loss = 31.599697f0, test_accuracy = 0.276, test_loss = 31.538637f0, pred_counts = "294-238-0-58-133-0-14-142-0-121", w_norm = 0.5364121f0, b_norm = 0.022894802f0, w_input_norm = 1.4344893f0, grad_w_norm = 19.498756f0, grad_b_norm = 1.6609236f0, grad_w_input_norm = 7.882282f0, effective_w_decay = 0.001f0, effective_w_input_decay = 0.001f0, symmetry_error = 0.0f0, grad_symmetry_error = 0.0f0, best_accuracy = 0.276, best_path = "ext\\IsingLearning\\experiments\\MNIST\\baseline_new_nudge\\experiments\\current\\symmetric_nudge_target_weight_grid_v9_20260609\\b0p020_lr0p00025_T0p00005_wd0p001_step0p5_pos9p0_neg0p55_priortrue_adaptivefalse\\best_checkpoint.bin", final_path = "")
epoch 2 training
epoch 2 batch 1/100 samples 128/12800 elapsed 0.7s
epoch 2 batch 25/100 samples 3200/12800 elapsed 21.1s
epoch 2 batch 50/100 samples 6400/12800 elapsed 41.1s
epoch 2 batch 75/100 samples 9600/12800 elapsed 60.9s
epoch 2 batch 100/100 samples 12800/12800 elapsed 83.6s
epoch 2 training done in 83.634s
epoch 2 train-eval: evaluating 1000 samples
epoch 2 train accuracy 0.277 loss 30.109936
epoch 2 evaluating
epoch 2 test: evaluating 1000 samples
epoch 2 test accuracy 0.275 loss 30.054705 best 0.276
(timestamp = "2026-06-09T22:57:45", epoch = 2, seconds = 83.6336576, train_accuracy = 0.277, train_loss = 30.109936f0, test_accuracy = 0.275, test_loss = 30.054705f0, pred_counts = "252-273-0-10-137-0-22-150-0-156", w_norm = 0.54797876f0, b_norm = 0.025446532f0, w_input_norm = 1.4969066f0, grad_w_norm = 9.460292f0, grad_b_norm = 1.3162564f0, grad_w_input_norm = 6.15052f0, effective_w_decay = 0.001f0, effective_w_input_decay = 0.001f0, symmetry_error = 0.0f0, grad_symmetry_error = 0.0f0, best_accuracy = 0.276, best_path = "ext\\IsingLearning\\experiments\\MNIST\\baseline_new_nudge\\experiments\\current\\symmetric_nudge_target_weight_grid_v9_20260609\\b0p020_lr0p00025_T0p00005_wd0p001_step0p5_pos9p0_neg0p55_priortrue_adaptivefalse\\best_checkpoint.bin", final_path = "")
epoch 3 training
