  Activating project at `~/Documents/GitHub/InteractiveIsing.jl/ext/IsingLearning`
┌ Warning: Overlapping GeneralState field names encountered during merge; later defaults will override earlier ones.
│   overlapping_fields =
│    2-element Vector{Symbol}:
│     :equilibrium_state
│     :x
└ @ IsingLearning.InteractiveIsing.StatefulAlgorithms ~/Documents/GitHub/InteractiveIsing.jl/deps/StatefulAlgorithms/src/Widgets/GeneralState.jl:54
┌ Warning: Overlapping GeneralState field names encountered during merge; later defaults will override earlier ones.
│   overlapping_fields =
│    3-element Vector{Symbol}:
│     :equilibrium_state
│     :y
│     :x
└ @ IsingLearning.InteractiveIsing.StatefulAlgorithms ~/Documents/GitHub/InteractiveIsing.jl/deps/StatefulAlgorithms/src/Widgets/GeneralState.jl:54
Running 2-input statistical XOR EP: (epochs = 1200, log_every = 100, minit = 16, eval_repeats = 64, hidden = 16, beta = 0.5, lr = 0.0005, weight_decay = 0.0, temp = 0.002, stepsize = 0.1, block_size = 8, free_relaxation = 80, nudged_relaxation = 80, state = :continuous, dynamics = :langevin, init_mode = :random, training_rule = :ep, target_free_sign = :target_minus_free)
epoch=0 mse=1.006456 acc=0.25
    case=(false, false) input=[-1.0, -1.0] target=[1.0, -1.0] mean=[0.0667, -0.0391] std=0.54152
    case=(false, true) input=[-1.0, 1.0] target=[-1.0, 1.0] mean=[0.0167, 0.0034] std=0.57884
    case=(true, false) input=[1.0, -1.0] target=[-1.0, 1.0] mean=[-0.0556, -0.1173] std=0.6104
    case=(true, true) input=[1.0, 1.0] target=[1.0, -1.0] mean=[-0.0326, 0.0118] std=0.60016
epoch=1 mse=1.008842 acc=0.25 grad=0.226696 response=0.134392 delta=0.006042
epoch=100 mse=1.007766 acc=0.5 grad=0.231119 response=0.135299 delta=0.118062
epoch=200 mse=1.017256 acc=0.25 grad=0.235901 response=0.134623 delta=0.2014
epoch=300 mse=1.008252 acc=0.25 grad=0.199495 response=0.132964 delta=0.266575
epoch=400 mse=1.013058 acc=0.25 grad=0.247852 response=0.132236 delta=0.321463
epoch=500 mse=1.007857 acc=0.25 grad=0.237685 response=0.133459 delta=0.357912
epoch=600 mse=1.013347 acc=0.25 grad=0.222198 response=0.132623 delta=0.401044
epoch=700 mse=1.012332 acc=0.25 grad=0.227953 response=0.129444 delta=0.444954
epoch=800 mse=1.008584 acc=0.5 grad=0.207854 response=0.128416 delta=0.469152
epoch=900 mse=1.006905 acc=0.25 grad=0.205844 response=0.126294 delta=0.499601
epoch=1000 mse=1.007763 acc=0.25 grad=0.253247 response=0.128368 delta=0.507468
epoch=1100 mse=1.016404 acc=0.25 grad=0.207586 response=0.12827 delta=0.52377
epoch=1200 mse=1.017606 acc=0.25 grad=0.283659 response=0.131189 delta=0.543342
restored best mse=1.010623 acc=0.25
    case=(false, false) input=[-1.0, -1.0] target=[1.0, -1.0] mean=[0.0644, -0.0407] std=0.54638
    case=(false, true) input=[-1.0, 1.0] target=[-1.0, 1.0] mean=[0.0129, -0.0001] std=0.57892
    case=(true, false) input=[1.0, -1.0] target=[-1.0, 1.0] mean=[-0.0503, -0.1218] std=0.60354
    case=(true, true) input=[1.0, 1.0] target=[1.0, -1.0] mean=[-0.0399, 0.0106] std=0.6006
Saved CSV: ext/IsingLearning/runs/xor_2input_langevin_random_sweep_20260510_021947/T002_s010_lr0005_b05_w005/xor_statistical_ep_2input.csv
Saved plot: ext/IsingLearning/runs/xor_2input_langevin_random_sweep_20260510_021947/T002_s010_lr0005_b05_w005/xor_statistical_ep_2input.png
Saved graph: ext/IsingLearning/runs/xor_2input_langevin_random_sweep_20260510_021947/T002_s010_lr0005_b05_w005/xor_statistical_ep_2input_trained_graph.jld2
