julia :   Activating project at `C:\Users\fenje\dev\InteractiveIsing.jl\ext\IsingLearning`
At line:25 char:1
+ julia -t 32 --project=ext\IsingLearning ext\IsingLearning\experiments ...
+ ~~~~~~~~~~~~~~~~~~~~~~~~~~~~~~~~~~~~~~~~~~~~~~~~~~~~~~~~~~~~~~~~~~~~~
    + CategoryInfo          : NotSpecified: (  Activating pr...\IsingLearning`:String) [], RemoteException
    + FullyQualifiedErrorId : NativeCommandError
 
Running 4 local CNN-like XOR config(s)
[1/4] h8_r7
h8_r7 epoch=0 mse=0.071005 acc=1.0 min_margin=0.8943 best_margin=0.8943
h8_r7 epoch=10 mse=0.062824 acc=1.0 min_margin=0.8845 best_margin=0.8943
h8_r7 epoch=20 mse=0.082836 acc=1.0 min_margin=0.8601 best_margin=0.8943
h8_r7 epoch=30 mse=0.092593 acc=1.0 min_margin=0.9145 best_margin=0.9145
h8_r7 epoch=40 mse=0.105613 acc=1.0 min_margin=0.9555 best_margin=0.9555
h8_r7 epoch=50 mse=0.100618 acc=1.0 min_margin=0.9541 best_margin=0.9555
h8_r7 epoch=60 mse=0.086918 acc=1.0 min_margin=0.9106 best_margin=0.9555
h8_r7 epoch=70 mse=0.104907 acc=1.0 min_margin=0.8798 best_margin=0.9555
h8_r7 epoch=80 mse=0.107286 acc=1.0 min_margin=0.9221 best_margin=0.9555
h8_r7 epoch=90 mse=0.111276 acc=1.0 min_margin=0.9272 best_margin=0.9555
h8_r7 epoch=100 mse=0.10527 acc=1.0 min_margin=0.9516 best_margin=0.9555
h8_r7 epoch=110 mse=0.10688 acc=1.0 min_margin=0.9424 best_margin=0.9555
h8_r7 epoch=120 mse=0.106864 acc=1.0 min_margin=0.8674 best_margin=0.9555
h8_r7 epoch=130 mse=0.115401 acc=1.0 min_margin=0.9508 best_margin=0.9555
h8_r7 epoch=140 mse=0.120651 acc=1.0 min_margin=0.9152 best_margin=0.9555
h8_r7 epoch=150 mse=0.126191 acc=1.0 min_margin=0.9073 best_margin=0.9555
h8_r7 epoch=160 mse=0.123168 acc=1.0 min_margin=0.9284 best_margin=0.9555
h8_r7 epoch=170 mse=0.139716 acc=1.0 min_margin=0.9097 best_margin=0.9555
h8_r7 epoch=180 mse=0.137644 acc=1.0 min_margin=0.8992 best_margin=0.9555
h8_r7 epoch=190 mse=0.156294 acc=1.0 min_margin=0.9032 best_margin=0.9555
h8_r7 epoch=200 mse=0.168316 acc=1.0 min_margin=0.8729 best_margin=0.9555
[2/4] h8_r8
h8_r8 epoch=0 mse=0.125361 acc=1.0 min_margin=0.9752 best_margin=0.9752
h8_r8 epoch=10 mse=0.237482 acc=1.0 min_margin=0.6272 best_margin=0.9752
h8_r8 epoch=20 mse=0.21451 acc=1.0 min_margin=0.5461 best_margin=0.9752
h8_r8 epoch=30 mse=0.161269 acc=1.0 min_margin=1.0627 best_margin=1.0627
h8_r8 epoch=40 mse=0.260052 acc=1.0 min_margin=0.8084 best_margin=1.0627
h8_r8 epoch=50 mse=0.221087 acc=1.0 min_margin=0.9117 best_margin=1.0627
h8_r8 epoch=60 mse=0.310745 acc=1.0 min_margin=0.4857 best_margin=1.0627
h8_r8 epoch=70 mse=0.147855 acc=1.0 min_margin=0.8533 best_margin=1.0627
h8_r8 epoch=80 mse=0.239231 acc=1.0 min_margin=0.7799 best_margin=1.0627
h8_r8 epoch=90 mse=0.216 acc=1.0 min_margin=0.9986 best_margin=1.0627
h8_r8 epoch=100 mse=0.242661 acc=1.0 min_margin=1.1152 best_margin=1.1152
h8_r8 epoch=110 mse=0.288761 acc=1.0 min_margin=1.0628 best_margin=1.1152
h8_r8 epoch=120 mse=0.294223 acc=1.0 min_margin=1.1239 best_margin=1.1239
h8_r8 epoch=130 mse=0.304715 acc=1.0 min_margin=0.9703 best_margin=1.1239
h8_r8 epoch=140 mse=0.261793 acc=1.0 min_margin=1.0069 best_margin=1.1239
h8_r8 epoch=150 mse=0.330635 acc=1.0 min_margin=0.4465 best_margin=1.1239
h8_r8 epoch=160 mse=0.20392 acc=1.0 min_margin=0.7855 best_margin=1.1239
h8_r8 epoch=170 mse=0.225168 acc=1.0 min_margin=1.0986 best_margin=1.1239
h8_r8 epoch=180 mse=0.289555 acc=1.0 min_margin=0.8764 best_margin=1.1239
h8_r8 epoch=190 mse=0.253027 acc=1.0 min_margin=1.1152 best_margin=1.1239
h8_r8 epoch=200 mse=0.29457 acc=1.0 min_margin=0.9907 best_margin=1.1239
[3/4] h8_r9
h8_r9 epoch=0 mse=0.052174 acc=1.0 min_margin=1.1174 best_margin=1.1174
h8_r9 epoch=10 mse=0.080538 acc=1.0 min_margin=1.1557 best_margin=1.1557
h8_r9 epoch=20 mse=0.0846 acc=1.0 min_margin=1.1149 best_margin=1.1557
h8_r9 epoch=30 mse=0.097825 acc=1.0 min_margin=1.166 best_margin=1.166
h8_r9 epoch=40 mse=0.083046 acc=1.0 min_margin=1.1916 best_margin=1.1916
h8_r9 epoch=50 mse=0.111937 acc=1.0 min_margin=1.1398 best_margin=1.1916
h8_r9 epoch=60 mse=0.09547 acc=1.0 min_margin=1.1447 best_margin=1.1916
h8_r9 epoch=70 mse=0.099964 acc=1.0 min_margin=1.2028 best_margin=1.2028
h8_r9 epoch=80 mse=0.113636 acc=1.0 min_margin=1.1159 best_margin=1.2028
h8_r9 epoch=90 mse=0.119924 acc=1.0 min_margin=1.1535 best_margin=1.2028
h8_r9 epoch=100 mse=0.095946 acc=1.0 min_margin=1.1932 best_margin=1.2028
h8_r9 epoch=110 mse=0.117789 acc=1.0 min_margin=1.1186 best_margin=1.2028
h8_r9 epoch=120 mse=0.117796 acc=1.0 min_margin=1.1979 best_margin=1.2028
h8_r9 epoch=130 mse=0.111822 acc=1.0 min_margin=1.2075 best_margin=1.2075
h8_r9 epoch=140 mse=0.119295 acc=1.0 min_margin=1.1629 best_margin=1.2075
h8_r9 epoch=150 mse=0.124118 acc=1.0 min_margin=1.1989 best_margin=1.2075
h8_r9 epoch=160 mse=0.134184 acc=1.0 min_margin=1.198 best_margin=1.2075
h8_r9 epoch=170 mse=0.130957 acc=1.0 min_margin=1.22 best_margin=1.22
h8_r9 epoch=180 mse=0.134375 acc=1.0 min_margin=1.2208 best_margin=1.2208
h8_r9 epoch=190 mse=0.132679 acc=1.0 min_margin=1.1891 best_margin=1.2208
h8_r9 epoch=200 mse=0.136289 acc=1.0 min_margin=1.1875 best_margin=1.2208
[4/4] h8_r10
h8_r10 epoch=0 mse=0.111405 acc=1.0 min_margin=0.5313 best_margin=0.5313
h8_r10 epoch=10 mse=0.054509 acc=1.0 min_margin=0.641 best_margin=0.641
h8_r10 epoch=20 mse=0.06167 acc=1.0 min_margin=0.5993 best_margin=0.641
h8_r10 epoch=30 mse=0.077139 acc=1.0 min_margin=0.5938 best_margin=0.641
h8_r10 epoch=40 mse=0.063979 acc=1.0 min_margin=0.6636 best_margin=0.6636
h8_r10 epoch=50 mse=0.051063 acc=1.0 min_margin=0.6818 best_margin=0.6818
h8_r10 epoch=60 mse=0.079932 acc=1.0 min_margin=0.7247 best_margin=0.7247
h8_r10 epoch=70 mse=0.06704 acc=1.0 min_margin=0.6956 best_margin=0.7247
h8_r10 epoch=80 mse=0.085311 acc=1.0 min_margin=0.7775 best_margin=0.7775
h8_r10 epoch=90 mse=0.060271 acc=1.0 min_margin=0.7744 best_margin=0.7775
h8_r10 epoch=100 mse=0.042093 acc=1.0 min_margin=0.8463 best_margin=0.8463
h8_r10 epoch=110 mse=0.094726 acc=1.0 min_margin=0.8573 best_margin=0.8573
h8_r10 epoch=120 mse=0.111917 acc=1.0 min_margin=0.8382 best_margin=0.8573
h8_r10 epoch=130 mse=0.112026 acc=1.0 min_margin=0.8304 best_margin=0.8573
h8_r10 epoch=140 mse=0.164997 acc=1.0 min_margin=0.4979 best_margin=0.8573
h8_r10 epoch=150 mse=0.093901 acc=1.0 min_margin=0.7028 best_margin=0.8573
h8_r10 epoch=160 mse=0.064101 acc=1.0 min_margin=0.8871 best_margin=0.8871
h8_r10 epoch=170 mse=0.070489 acc=1.0 min_margin=1.0244 best_margin=1.0244
h8_r10 epoch=180 mse=0.061025 acc=1.0 min_margin=1.0576 best_margin=1.0576
h8_r10 epoch=190 mse=0.06907 acc=1.0 min_margin=1.0172 best_margin=1.0576
h8_r10 epoch=200 mse=0.071725 acc=1.0 min_margin=1.079 best_margin=1.079
saved metrics ext/IsingLearning/experiments/XOR/checkerboard-local-cnn-two-hidden-layers/experiments/current/local_checkerboard_two_class_h8_r7_to_r10_resume_best_margin_e200_lr0p001_lr_decay0p998\metrics.csv
saved summary ext/IsingLearning/experiments/XOR/checkerboard-local-cnn-two-hidden-layers/experiments/current/local_checkerboard_two_class_h8_r7_to_r10_resume_best_margin_e200_lr0p001_lr_decay0p998\summary.csv
saved plot C:\Users\fenje\dev\InteractiveIsing.jl\ext\IsingLearning\experiments\XOR\checkerboard-local-cnn-two-hidden-layers\experiments\current\local_checkerboard_two_class_h8_r7_to_r10_resume_best_margin_e200_lr0p001_lr_decay0p998\learning_summary.png
saved note ext/IsingLearning/experiments/XOR/checkerboard-local-cnn-two-hidden-layers/experiments/current/local_checkerboard_two_class_h8_r7_to_r10_resume_best_margin_e200_lr0p001_lr_decay0p998\README.md
