[2026-05-27T14:44:11] monitor started pid=282788 poll_s=15
[2026-05-27T14:44:11] running stdout="["
[2026-05-27T14:44:26] running stdout="loading training split"
[2026-05-27T14:44:41] running stdout="constructing 32-worker Adam manager"
[2026-05-27T14:44:56] running stdout="starting epochs"
[2026-05-27T14:45:11] running stdout="starting epochs"
[2026-05-27T14:45:26] running stdout="starting epochs"
[2026-05-27T14:45:41] running stdout="starting epochs"
[2026-05-27T14:45:56] running stdout="epoch 0 evaluating"
[2026-05-27T14:46:11] running stdout="epoch 0 evaluating"
[2026-05-27T14:46:26] running stdout="epoch 0 evaluating"
[2026-05-27T14:46:41] running stdout="epoch 0 evaluating"
[2026-05-27T14:46:56] running stdout="epoch 0 evaluating"
[2026-05-27T14:47:11] running stdout="epoch 0 evaluating"
[2026-05-27T14:47:26] running stdout="epoch 0 evaluating"
[2026-05-27T14:47:41] running stdout="epoch 0 evaluating"
[2026-05-27T14:47:56] running stdout="epoch 0 evaluating"
[2026-05-27T14:48:11] running stdout="epoch 0 evaluating"
[2026-05-27T14:48:26] running stdout="epoch 0 evaluating"
[2026-05-27T14:48:41] running stdout="epoch 0 evaluating"
[2026-05-27T14:48:56] running stdout="epoch 0 evaluating"
[2026-05-27T14:49:11] running stdout="epoch 0 evaluating"
[2026-05-27T14:49:26] running stdout="epoch 0 evaluating"
[2026-05-27T14:49:41] running stdout="epoch 0 evaluating"
[2026-05-27T14:49:56] running stdout="epoch 0 evaluating"
[2026-05-27T14:50:11] running stdout="epoch 0 evaluating"
[2026-05-27T14:50:26] running stdout="epoch 0 evaluating"
[2026-05-27T14:50:41] running stdout="epoch 0 evaluating"
[2026-05-27T14:50:56] running stdout="epoch 0 evaluating"
[2026-05-27T14:51:11] running stdout="epoch 0 evaluating"
[2026-05-27T14:51:26] running stdout="epoch 0 evaluating"
[2026-05-27T14:51:41] running stdout="epoch 0 evaluating"
[2026-05-27T14:51:56] running stdout="epoch 0 evaluating"
[2026-05-27T14:52:11] running stdout="epoch 0 evaluating"
[2026-05-27T14:52:26] running stdout="epoch 0 evaluating"
[2026-05-27T14:52:41] running stdout="epoch 0 evaluating"
[2026-05-27T14:52:56] running stdout="epoch 0 evaluating"
[2026-05-27T14:53:11] running stdout="epoch 0 evaluating"
[2026-05-27T14:53:26] new_eval epoch=0 test_accuracy=0.09865470852017937 test_loss=87.24265
[2026-05-27T14:53:41] running last_eval_epoch=0 test_accuracy=0.09865470852017937 stdout="epoch 1 training"
[2026-05-27T14:59:42] running epoch=1 stdout="epoch 2 training"
