[bootstrap] activated project
[bootstrap] loaded packages
building MNIST 784-120-40 layer
loading training split
training samples: 54210 (424 batches/epoch)
loading train-eval split
train-eval samples: 1000
loading test split
test samples: 8920
constructing 32-worker softplus-margin nudge Adam manager
constructing 32-worker validation manager
starting epochs
epoch 0 train-eval: evaluating 1000 samples
epoch 0 train accuracy 0.064 loss 75.40889
epoch 0 evaluating
epoch 0 test: evaluating 8920 samples
epoch 0 test accuracy 0.0657 loss 74.394997 best 0.0657
(timestamp = "2026-06-09T20:44:31", epoch = 0, seconds = 0.0, train_accuracy = 0.064, train_loss = 75.40889f0, test_accuracy = 0.065695067264574, test_loss = 74.395f0, pred_counts = "353-1502-722-608-770-490-738-2160-719-858", w_norm = 0.48583895f0, b_norm = 0.0f0, w_input_norm = 1.5314544f0, grad_w_norm = 0.0f0, grad_b_norm = 0.0f0, grad_w_input_norm = 0.0f0, effective_w_decay = 0.001f0, effective_w_input_decay = 0.001f0, symmetry_error = 0.0f0, grad_symmetry_error = 0.0f0, best_accuracy = 0.065695067264574, best_path = "ext/IsingLearning/experiments/MNIST/baseline_new_nudge/experiments/current/full_one_sided_b0p1_T0p00005_wd0p001_e20_batchstop_20260609\\best_checkpoint.bin", final_path = "")
epoch 1 training
epoch 1 batch 1/424 accuracy 0.0391 loss 72.132988 best_batch 0.0391 nonimprove 0/2
epoch 1 batch 1/424 samples 128/54210 elapsed 11.3s
epoch 1 batch 2/424 accuracy 0.1172 loss 63.743801 best_batch 0.1172 nonimprove 0/2
epoch 1 batch 3/424 accuracy 0.1172 loss 63.857586 best_batch 0.1172 nonimprove 1/2
epoch 1 batch 4/424 accuracy 0.125 loss 61.937336 best_batch 0.125 nonimprove 0/2
epoch 1 batch 5/424 accuracy 0.0938 loss 66.293419 best_batch 0.125 nonimprove 1/2
epoch 1 batch 6/424 accuracy 0.1172 loss 66.625954 best_batch 0.125 nonimprove 2/2
epoch 1 early stop: batch accuracy did not improve for 2 consecutive batches
epoch 1 training done in 14.782s
epoch 1 train-eval: evaluating 1000 samples
epoch 1 train accuracy 0.105 loss 66.767319
epoch 1 evaluating
epoch 1 test: evaluating 8920 samples
epoch 1 test accuracy 0.1009 loss 66.751984 best 0.1009
(timestamp = "2026-06-09T20:45:01", epoch = 1, seconds = 14.7822694, train_accuracy = 0.105, train_loss = 66.76732f0, test_accuracy = 0.10089686098654709, test_loss = 66.75198f0, pred_counts = "0-2963-2995-0-0-0-0-2962-0-0", w_norm = 1.1063069f0, b_norm = 0.12023222f0, w_input_norm = 2.6789813f0, grad_w_norm = 1.8634211f0, grad_b_norm = 0.29387516f0, grad_w_input_norm = 2.3535886f0, effective_w_decay = 0.001f0, effective_w_input_decay = 0.001f0, symmetry_error = 0.0f0, grad_symmetry_error = 0.0f0, best_accuracy = 0.10089686098654709, best_path = "ext/IsingLearning/experiments/MNIST/baseline_new_nudge/experiments/current/full_one_sided_b0p1_T0p00005_wd0p001_e20_batchstop_20260609\\best_checkpoint.bin", final_path = "")
saved MNIST 784-120-40 softplus-margin nudge baseline in ext/IsingLearning/experiments/MNIST/baseline_new_nudge/experiments/current/full_one_sided_b0p1_T0p00005_wd0p001_e20_batchstop_20260609
