  Activating project at `~/Documents/GitHub/InteractiveIsing.jl/ext/IsingLearning`
┌ Warning: Overlapping GeneralState field names encountered during merge; later defaults will override earlier ones.
│   overlapping_fields =
│    2-element Vector{Symbol}:
│     :equilibrium_state
│     :x
└ @ IsingLearning.InteractiveIsing.Processes ~/Documents/GitHub/InteractiveIsing.jl/deps/Processes/src/Widgets/GeneralState.jl:54
┌ Warning: Overlapping GeneralState field names encountered during merge; later defaults will override earlier ones.
│   overlapping_fields =
│    3-element Vector{Symbol}:
│     :equilibrium_state
│     :y
│     :x
└ @ IsingLearning.InteractiveIsing.Processes ~/Documents/GitHub/InteractiveIsing.jl/deps/Processes/src/Widgets/GeneralState.jl:54
Running 2-input statistical XOR EP: (epochs = 1500, log_every = 150, minit = 4, eval_repeats = 32, hidden = 16, beta = 1.0, lr = 0.02, weight_decay = 0.0, temp = 0.001, stepsize = 0.1, block_size = 8, free_relaxation = 1000, nudged_relaxation = 1000, state = :continuous, dynamics = :langevin, init_mode = :zero, training_rule = :target_free, target_free_sign = :target_minus_free)
epoch=0 mse=1.694739 acc=0.75
    case=(false, false) input=[-1.0, -1.0] target=[1.0, -1.0] mean=[-0.5049, 0.9287] std=0.46766
    case=(false, true) input=[-1.0, 1.0] target=[-1.0, 1.0] mean=[-0.9553, -0.9494] std=0.02641
    case=(true, false) input=[1.0, -1.0] target=[-1.0, 1.0] mean=[0.9362, 0.9654] std=0.03083
    case=(true, true) input=[1.0, 1.0] target=[1.0, -1.0] mean=[0.8825, -0.9149] std=0.1723
epoch=1 mse=1.765196 acc=0.5 grad=2.672278 response=0.519563 delta=0.241661
epoch=150 mse=0.935415 acc=0.75 grad=0.498166 response=0.550151 delta=2.84197
epoch=300 mse=1.048913 acc=0.25 grad=0.718645 response=0.476638 delta=2.864634
epoch=450 mse=1.283776 acc=0.25 grad=0.340328 response=0.593955 delta=2.810041
epoch=600 mse=1.081664 acc=0.5 grad=0.33897 response=0.577943 delta=2.811965
epoch=750 mse=1.255492 acc=0.5 grad=0.914677 response=0.577258 delta=2.827779
epoch=900 mse=1.187302 acc=0.25 grad=0.865317 response=0.616227 delta=2.867398
epoch=1050 mse=1.124594 acc=0.75 grad=0.488665 response=0.606768 delta=2.836824
epoch=1200 mse=1.181273 acc=0.5 grad=0.75369 response=0.59251 delta=2.872483
epoch=1350 mse=1.091735 acc=0.5 grad=0.528764 response=0.612816 delta=2.874508
epoch=1500 mse=1.367398 acc=0.5 grad=1.056439 response=0.595339 delta=2.817011
restored best mse=1.142878 acc=0.5
    case=(false, false) input=[-1.0, -1.0] target=[1.0, -1.0] mean=[0.0011, 0.0019] std=0.96128
    case=(false, true) input=[-1.0, 1.0] target=[-1.0, 1.0] mean=[0.3549, -0.3489] std=0.88983
    case=(true, false) input=[1.0, -1.0] target=[-1.0, 1.0] mean=[-0.1342, 0.1217] std=0.95465
    case=(true, true) input=[1.0, 1.0] target=[1.0, -1.0] mean=[0.0141, -0.0035] std=0.96363
Saved CSV: ext/IsingLearning/runs/xor_2input_langevin_targetfree_sweep_20260510_030316/lr020/xor_statistical_ep_2input.csv
Saved plot: ext/IsingLearning/runs/xor_2input_langevin_targetfree_sweep_20260510_030316/lr020/xor_statistical_ep_2input.png
Saved graph: ext/IsingLearning/runs/xor_2input_langevin_targetfree_sweep_20260510_030316/lr020/xor_statistical_ep_2input_trained_graph.jld2
