[bootstrap] activated project
[bootstrap] loaded packages
building MNIST 784-120-40 layer
loading training split
training samples: 12800 (100 batches/epoch)
loading train-eval split
train-eval samples: 1000
loading test split
test samples: 1000
constructing 32-worker softplus-margin nudge Adam manager
constructing 32-worker validation manager
starting epochs
restoring checkpoint state from ext/IsingLearning/experiments/MNIST/baseline_new_nudge/experiments/current/symmetric_nudge_beta_relax_from_0p714_20260610/b0p025_lr0p00015_s500_reverseT/best_checkpoint.bin
epoch 22 training
epoch 22 batch 1/100 samples 128/12800 elapsed 16.2s
epoch 22 batch 25/100 samples 3200/12800 elapsed 33.5s
epoch 22 batch 50/100 samples 6400/12800 elapsed 50.9s
epoch 22 batch 75/100 samples 9600/12800 elapsed 68.6s
epoch 22 batch 100/100 samples 12800/12800 elapsed 86.2s
epoch 22 training done in 86.195s
epoch 22 train-eval: evaluating 1000 samples
epoch 22 train accuracy 0.673 loss 11.912241
epoch 22 evaluating
epoch 22 test: evaluating 1000 samples
epoch 22 test accuracy 0.698 loss 11.647161 best 0.724
(timestamp = "2026-06-10T09:42:11", epoch = 22, seconds = 86.1954968, train_accuracy = 0.673, train_loss = 11.912241f0, test_accuracy = 0.698, test_loss = 11.647161f0, pred_counts = "118-105-100-140-186-92-116-115-14-14", w_norm = 0.86123544f0, b_norm = 0.0712214f0, w_input_norm = 2.04601f0, grad_w_norm = 3.6729403f0, grad_b_norm = 0.3993485f0, grad_w_input_norm = 3.0477962f0, effective_w_decay = 0.002f0, effective_w_input_decay = 0.002f0, symmetry_error = 0.0f0, grad_symmetry_error = 0.0f0, best_accuracy = 0.724, best_path = "ext\\IsingLearning\\experiments\\MNIST\\baseline_new_nudge\\experiments\\current\\symmetric_nudge_stabilize_from_0p724_20260610\\b0p025_lr0p00012_wd0p002_s500_reverseT\\best_checkpoint.bin", final_path = "")
epoch 23 training
epoch 23 batch 1/100 samples 128/12800 elapsed 0.7s
epoch 23 batch 25/100 samples 3200/12800 elapsed 17.7s
epoch 23 batch 50/100 samples 6400/12800 elapsed 36.1s
epoch 23 batch 75/100 samples 9600/12800 elapsed 55.4s
epoch 23 batch 100/100 samples 12800/12800 elapsed 75.0s
epoch 23 training done in 74.95s
epoch 23 train-eval: evaluating 1000 samples
epoch 23 train accuracy 0.676 loss 11.759952
epoch 23 evaluating
epoch 23 test: evaluating 1000 samples
epoch 23 test accuracy 0.703 loss 11.222038 best 0.724
(timestamp = "2026-06-10T09:43:30", epoch = 23, seconds = 74.9496166, train_accuracy = 0.676, train_loss = 11.759952f0, test_accuracy = 0.703, test_loss = 11.222038f0, pred_counts = "121-125-123-135-173-93-99-103-9-19", w_norm = 0.8645767f0, b_norm = 0.07240999f0, w_input_norm = 2.0569367f0, grad_w_norm = 4.9299674f0, grad_b_norm = 0.727935f0, grad_w_input_norm = 5.0226593f0, effective_w_decay = 0.002f0, effective_w_input_decay = 0.002f0, symmetry_error = 0.0f0, grad_symmetry_error = 0.0f0, best_accuracy = 0.724, best_path = "ext\\IsingLearning\\experiments\\MNIST\\baseline_new_nudge\\experiments\\current\\symmetric_nudge_stabilize_from_0p724_20260610\\b0p025_lr0p00012_wd0p002_s500_reverseT\\best_checkpoint.bin", final_path = "")
epoch 24 training
epoch 24 batch 1/100 samples 128/12800 elapsed 0.8s
epoch 24 batch 25/100 samples 3200/12800 elapsed 20.3s
epoch 24 batch 50/100 samples 6400/12800 elapsed 39.9s
epoch 24 batch 75/100 samples 9600/12800 elapsed 58.9s
epoch 24 batch 100/100 samples 12800/12800 elapsed 78.4s
epoch 24 training done in 78.36s
epoch 24 train-eval: evaluating 1000 samples
epoch 24 train accuracy 0.666 loss 12.445623
epoch 24 evaluating
epoch 24 test: evaluating 1000 samples
epoch 24 test accuracy 0.684 loss 12.096076 best 0.724
(timestamp = "2026-06-10T09:44:52", epoch = 24, seconds = 78.3599095, train_accuracy = 0.666, train_loss = 12.445623f0, test_accuracy = 0.684, test_loss = 12.096076f0, pred_counts = "124-123-105-143-180-127-115-70-8-5", w_norm = 0.8718329f0, b_norm = 0.07508318f0, w_input_norm = 2.0733266f0, grad_w_norm = 5.016563f0, grad_b_norm = 0.7348943f0, grad_w_input_norm = 4.557429f0, effective_w_decay = 0.002f0, effective_w_input_decay = 0.002f0, symmetry_error = 0.0f0, grad_symmetry_error = 0.0f0, best_accuracy = 0.724, best_path = "ext\\IsingLearning\\experiments\\MNIST\\baseline_new_nudge\\experiments\\current\\symmetric_nudge_stabilize_from_0p724_20260610\\b0p025_lr0p00012_wd0p002_s500_reverseT\\best_checkpoint.bin", final_path = "")
epoch 25 training
epoch 25 batch 1/100 samples 128/12800 elapsed 0.7s
epoch 25 batch 25/100 samples 3200/12800 elapsed 18.1s
epoch 25 batch 50/100 samples 6400/12800 elapsed 35.7s
epoch 25 batch 75/100 samples 9600/12800 elapsed 54.5s
epoch 25 batch 100/100 samples 12800/12800 elapsed 73.5s
epoch 25 training done in 73.519s
epoch 25 train-eval: evaluating 1000 samples
epoch 25 train accuracy 0.651 loss 12.474239
epoch 25 evaluating
epoch 25 test: evaluating 1000 samples
epoch 25 test accuracy 0.672 loss 12.169278 best 0.724
epoch 25 early stop: test accuracy declined for 2 consecutive evaluated epochs
(timestamp = "2026-06-10T09:46:08", epoch = 25, seconds = 73.5189013, train_accuracy = 0.651, train_loss = 12.474239f0, test_accuracy = 0.672, test_loss = 12.169278f0, pred_counts = "155-113-121-168-140-78-101-107-12-5", w_norm = 0.8785826f0, b_norm = 0.076158494f0, w_input_norm = 2.0858772f0, grad_w_norm = 5.6533437f0, grad_b_norm = 0.74416536f0, grad_w_input_norm = 2.408212f0, effective_w_decay = 0.002f0, effective_w_input_decay = 0.002f0, symmetry_error = 0.0f0, grad_symmetry_error = 0.0f0, best_accuracy = 0.724, best_path = "ext\\IsingLearning\\experiments\\MNIST\\baseline_new_nudge\\experiments\\current\\symmetric_nudge_stabilize_from_0p724_20260610\\b0p025_lr0p00012_wd0p002_s500_reverseT\\best_checkpoint.bin", final_path = "")
saved MNIST 784-120-40 softplus-margin nudge baseline in ext\IsingLearning\experiments\MNIST\baseline_new_nudge\experiments\current\symmetric_nudge_stabilize_from_0p724_20260610\b0p025_lr0p00012_wd0p002_s500_reverseT
