  Activating project at `~/Documents/GitHub/InteractiveIsing.jl/ext/IsingLearning`
┌ Warning: Overlapping GeneralState field names encountered during merge; later defaults will override earlier ones.
│   overlapping_fields =
│    2-element Vector{Symbol}:
│     :equilibrium_state
│     :x
└ @ IsingLearning.InteractiveIsing.Processes ~/Documents/GitHub/InteractiveIsing.jl/deps/Processes/src/Widgets/GeneralState.jl:54
┌ Warning: Overlapping GeneralState field names encountered during merge; later defaults will override earlier ones.
│   overlapping_fields =
│    3-element Vector{Symbol}:
│     :equilibrium_state
│     :y
│     :x
└ @ IsingLearning.InteractiveIsing.Processes ~/Documents/GitHub/InteractiveIsing.jl/deps/Processes/src/Widgets/GeneralState.jl:54
Running 2-input statistical XOR EP: (epochs = 1500, log_every = 150, minit = 4, eval_repeats = 32, hidden = 16, beta = 1.0, lr = 0.001, weight_decay = 0.0, temp = 0.001, stepsize = 0.1, block_size = 8, free_relaxation = 1000, nudged_relaxation = 1000, state = :continuous, dynamics = :langevin, init_mode = :zero, training_rule = :target_free, target_free_sign = :target_minus_free)
epoch=0 mse=1.666705 acc=0.75
    case=(false, false) input=[-1.0, -1.0] target=[1.0, -1.0] mean=[-0.4029, 0.9389] std=0.51078
    case=(false, true) input=[-1.0, 1.0] target=[-1.0, 1.0] mean=[-0.9604, -0.9573] std=0.02613
    case=(true, false) input=[1.0, -1.0] target=[-1.0, 1.0] mean=[0.9387, 0.9613] std=0.03141
    case=(true, true) input=[1.0, 1.0] target=[1.0, -1.0] mean=[0.9051, -0.9335] std=0.14759
epoch=1 mse=1.676744 acc=0.5 grad=2.720765 response=0.519849 delta=0.012083
epoch=150 mse=1.190769 acc=0.0 grad=1.002584 response=0.519125 delta=1.04272
epoch=300 mse=1.079239 acc=0.5 grad=0.550609 response=0.572116 delta=1.519435
epoch=450 mse=1.042423 acc=0.25 grad=0.497745 response=0.542874 delta=1.653814
epoch=600 mse=1.1949 acc=0.25 grad=0.89647 response=0.575756 delta=1.780714
epoch=750 mse=1.217077 acc=0.25 grad=0.291147 response=0.486833 delta=2.045359
epoch=900 mse=0.940339 acc=0.5 grad=0.38195 response=0.579997 delta=2.209917
epoch=1050 mse=1.228653 acc=0.75 grad=0.256956 response=0.543006 delta=2.297509
epoch=1200 mse=0.99041 acc=0.75 grad=0.215945 response=0.574588 delta=2.373338
epoch=1350 mse=1.139244 acc=0.75 grad=0.488634 response=0.542435 delta=2.440932
epoch=1500 mse=0.673953 acc=0.75 grad=0.305023 response=0.596112 delta=2.510867
restored best mse=1.076554 acc=0.25
    case=(false, false) input=[-1.0, -1.0] target=[1.0, -1.0] mean=[-0.1392, 0.1441] std=0.94507
    case=(false, true) input=[-1.0, 1.0] target=[-1.0, 1.0] mean=[0.0034, 0.0033] std=0.96744
    case=(true, false) input=[1.0, -1.0] target=[-1.0, 1.0] mean=[-0.0539, 0.063] std=0.96433
    case=(true, true) input=[1.0, 1.0] target=[1.0, -1.0] mean=[-0.0579, 0.0553] std=0.96748
Saved CSV: ext/IsingLearning/runs/xor_2input_langevin_targetfree_sweep_20260510_030316/lr001/xor_statistical_ep_2input.csv
Saved plot: ext/IsingLearning/runs/xor_2input_langevin_targetfree_sweep_20260510_030316/lr001/xor_statistical_ep_2input.png
Saved graph: ext/IsingLearning/runs/xor_2input_langevin_targetfree_sweep_20260510_030316/lr001/xor_statistical_ep_2input_trained_graph.jld2
