  Activating project at `C:\Users\fenje\dev\InteractiveIsing.jl\ext\IsingLearning`
┌ Warning: this run uses a subsampled balanced training split, so it is not the full balanced MNIST baseline
│   train_per_class = 1280
└ @ Main C:\Users\fenje\dev\InteractiveIsing.jl\ext\IsingLearning\experiments\MNIST\baseline_new_nudge\mnist_784_120_40_softplus_margin_nudge_adam.jl:1529
┌ Warning: this run uses a subsampled balanced test split, so reported accuracy will be noisy
│   test_per_class = 100
└ @ Main C:\Users\fenje\dev\InteractiveIsing.jl\ext\IsingLearning\experiments\MNIST\baseline_new_nudge\mnist_784_120_40_softplus_margin_nudge_adam.jl:1530

epoch 1   2%|█                                          |  ETA: 0:06:33[K
     batch: 2/100[K
   samples: 256/12800[K
[A
[A


[K[A
[K[A
epoch 1   4%|██                                         |  ETA: 0:03:50[K
     batch: 4/100[K
   samples: 512/12800[K
[A
[A


[K[A
[K[A
epoch 1   6%|███                                        |  ETA: 0:02:51[K
     batch: 6/100[K
   samples: 768/12800[K
[A
[A


[K[A
[K[A
epoch 1   8%|████                                       |  ETA: 0:02:22[K
     batch: 8/100[K
   samples: 1024/12800[K
[A
[A


[K[A
[K[A
epoch 1  10%|█████                                      |  ETA: 0:02:03[K
     batch: 10/100[K
   samples: 1280/12800[K
[A
[A


[K[A
[K[A
epoch 1  12%|██████                                     |  ETA: 0:01:50[K
     batch: 12/100[K
   samples: 1536/12800[K
[A
[A


[K[A
[K[A
epoch 1  14%|███████                                    |  ETA: 0:01:41[K
     batch: 14/100[K
   samples: 1792/12800[K
[A
[A


[K[A
[K[A
epoch 1  16%|███████                                    |  ETA: 0:01:33[K
     batch: 16/100[K
   samples: 2048/12800[K
[A
[A


[K[A
[K[A
epoch 1  18%|████████                                   |  ETA: 0:01:27[K
     batch: 18/100[K
   samples: 2304/12800[K
[A
[A


[K[A
[K[A
epoch 1  20%|█████████                                  |  ETA: 0:01:22[K
     batch: 20/100[K
   samples: 2560/12800[K
[A
[A


[K[A
[K[A
epoch 1  22%|██████████                                 |  ETA: 0:01:18[K
     batch: 22/100[K
   samples: 2816/12800[K
[A
[A


[K[A
[K[A
epoch 1  24%|███████████                                |  ETA: 0:01:14[K
     batch: 24/100[K
   samples: 3072/12800[K
[A
[A


[K[A
[K[A
epoch 1  26%|████████████                               |  ETA: 0:01:10[K
     batch: 26/100[K
   samples: 3328/12800[K
[A
[A


[K[A
[K[A
epoch 1  28%|█████████████                              |  ETA: 0:01:07[K
     batch: 28/100[K
   samples: 3584/12800[K
[A
[A


[K[A
[K[A
epoch 1  30%|█████████████                              |  ETA: 0:01:04[K
     batch: 30/100[K
   samples: 3840/12800[K
[A
[A


[K[A
[K[A
epoch 1  32%|██████████████                             |  ETA: 0:01:02[K
     batch: 32/100[K
   samples: 4096/12800[K
[A
[A


[K[A
[K[A
epoch 1  34%|███████████████                            |  ETA: 0:00:59[K
     batch: 34/100[K
   samples: 4352/12800[K
[A
[A


[K[A
[K[A
epoch 1  36%|████████████████                           |  ETA: 0:00:57[K
     batch: 36/100[K
   samples: 4608/12800[K
[A
[A


[K[A
[K[A
epoch 1  38%|█████████████████                          |  ETA: 0:00:55[K
     batch: 38/100[K
   samples: 4864/12800[K
[A
[A


[K[A
[K[A
epoch 1  40%|██████████████████                         |  ETA: 0:00:52[K
     batch: 40/100[K
   samples: 5120/12800[K
[A
[A


[K[A
[K[A
epoch 1  42%|███████████████████                        |  ETA: 0:00:50[K
     batch: 42/100[K
   samples: 5376/12800[K
[A
[A


[K[A
[K[A
epoch 1  44%|███████████████████                        |  ETA: 0:00:48[K
     batch: 44/100[K
   samples: 5632/12800[K
[A
[A


[K[A
[K[A
epoch 1  46%|████████████████████                       |  ETA: 0:00:46[K
     batch: 46/100[K
   samples: 5888/12800[K
[A
[A


[K[A
[K[A
epoch 1  48%|█████████████████████                      |  ETA: 0:00:44[K
     batch: 48/100[K
   samples: 6144/12800[K
[A
[A


[K[A
[K[A
epoch 1  50%|██████████████████████                     |  ETA: 0:00:42[K
     batch: 50/100[K
   samples: 6400/12800[K
[A
[A


[K[A
[K[A
epoch 1  52%|███████████████████████                    |  ETA: 0:00:40[K
     batch: 52/100[K
   samples: 6656/12800[K
[A
[A


[K[A
[K[A
epoch 1  54%|████████████████████████                   |  ETA: 0:00:39[K
     batch: 54/100[K
   samples: 6912/12800[K
[A
[A


[K[A
[K[A
epoch 1  56%|█████████████████████████                  |  ETA: 0:00:37[K
     batch: 56/100[K
   samples: 7168/12800[K
[A
[A


[K[A
[K[A
epoch 1  58%|█████████████████████████                  |  ETA: 0:00:35[K
     batch: 58/100[K
   samples: 7424/12800[K
[A
[A


[K[A
[K[A
epoch 1  60%|██████████████████████████                 |  ETA: 0:00:33[K
     batch: 60/100[K
   samples: 7680/12800[K
[A
[A


[K[A
[K[A
epoch 1  62%|███████████████████████████                |  ETA: 0:00:32[K
     batch: 62/100[K
   samples: 7936/12800[K
[A
[A


[K[A
[K[A
epoch 1  64%|████████████████████████████               |  ETA: 0:00:30[K
     batch: 64/100[K
   samples: 8192/12800[K
[A
[A


[K[A
[K[A
epoch 1  66%|█████████████████████████████              |  ETA: 0:00:28[K
     batch: 66/100[K
   samples: 8448/12800[K
[A
[A


[K[A
[K[A
epoch 1  68%|██████████████████████████████             |  ETA: 0:00:27[K
     batch: 68/100[K
   samples: 8704/12800[K
[A
[A


[K[A
[K[A
epoch 1  70%|███████████████████████████████            |  ETA: 0:00:25[K
     batch: 70/100[K
   samples: 8960/12800[K
[A
[A


[K[A
[K[A
epoch 1  72%|███████████████████████████████            |  ETA: 0:00:23[K
     batch: 72/100[K
   samples: 9216/12800[K
[A
[A


[K[A
[K[A
epoch 1  74%|████████████████████████████████           |  ETA: 0:00:22[K
     batch: 74/100[K
   samples: 9472/12800[K
[A
[A


[K[A
[K[A
epoch 1  76%|█████████████████████████████████          |  ETA: 0:00:20[K
     batch: 76/100[K
   samples: 9728/12800[K
[A
[A


[K[A
[K[A
epoch 1  78%|██████████████████████████████████         |  ETA: 0:00:18[K
     batch: 78/100[K
   samples: 9984/12800[K
[A
[A


[K[A
[K[A
epoch 1  80%|███████████████████████████████████        |  ETA: 0:00:17[K
     batch: 80/100[K
   samples: 10240/12800[K
[A
[A


[K[A
[K[A
epoch 1  82%|████████████████████████████████████       |  ETA: 0:00:15[K
     batch: 82/100[K
   samples: 10496/12800[K
[A
[A


[K[A
[K[A
epoch 1  84%|█████████████████████████████████████      |  ETA: 0:00:13[K
     batch: 84/100[K
   samples: 10752/12800[K
[A
[A


[K[A
[K[A
epoch 1  86%|█████████████████████████████████████      |  ETA: 0:00:12[K
     batch: 86/100[K
   samples: 11008/12800[K
[A
[A


[K[A
[K[A
epoch 1  88%|██████████████████████████████████████     |  ETA: 0:00:10[K
     batch: 88/100[K
   samples: 11264/12800[K
[A
[A


[K[A
[K[A
epoch 1  90%|███████████████████████████████████████    |  ETA: 0:00:08[K
     batch: 90/100[K
   samples: 11520/12800[K
[A
[A


[K[A
[K[A
epoch 1  92%|████████████████████████████████████████   |  ETA: 0:00:07[K
     batch: 92/100[K
   samples: 11776/12800[K
[A
[A


[K[A
[K[A
epoch 1  94%|█████████████████████████████████████████  |  ETA: 0:00:05[K
     batch: 94/100[K
   samples: 12032/12800[K
[A
[A


[K[A
[K[A
epoch 1  96%|██████████████████████████████████████████ |  ETA: 0:00:03[K
     batch: 96/100[K
   samples: 12288/12800[K
[A
[A


[K[A
[K[A
epoch 1  98%|███████████████████████████████████████████|  ETA: 0:00:02[K
     batch: 98/100[K
   samples: 12544/12800[K
[A
[A


[K[A
[K[A
epoch 1 100%|███████████████████████████████████████████| Time: 0:01:22[K
     batch: 100/100[K
   samples: 12800/12800[K

epoch 2   2%|█                                          |  ETA: 0:01:27[K
     batch: 2/100[K
   samples: 256/12800[K
[A
[A


[K[A
[K[A
epoch 2   4%|██                                         |  ETA: 0:01:20[K
     batch: 4/100[K
   samples: 512/12800[K
[A
[A


[K[A
[K[A
epoch 2   6%|███                                        |  ETA: 0:01:19[K
     batch: 6/100[K
   samples: 768/12800[K
[A
[A


[K[A
[K[A
epoch 2   8%|████                                       |  ETA: 0:01:18[K
     batch: 8/100[K
   samples: 1024/12800[K
[A
[A


[K[A
[K[A
epoch 2  10%|█████                                      |  ETA: 0:01:16[K
     batch: 10/100[K
   samples: 1280/12800[K
[A
[A


[K[A
[K[A
epoch 2  12%|██████                                     |  ETA: 0:01:15[K
     batch: 12/100[K
   samples: 1536/12800[K
[A
[A


[K[A
[K[A
epoch 2  14%|███████                                    |  ETA: 0:01:12[K
     batch: 14/100[K
   samples: 1792/12800[K
[A
[A


[K[A
[K[A
epoch 2  16%|███████                                    |  ETA: 0:01:10[K
     batch: 16/100[K
   samples: 2048/12800[K
[A
[A


[K[A
[K[A
epoch 2  18%|████████                                   |  ETA: 0:01:07[K
     batch: 18/100[K
   samples: 2304/12800[K
[A
[A


[K[A
[K[A
epoch 2  20%|█████████                                  |  ETA: 0:01:06[K
     batch: 20/100[K
   samples: 2560/12800[K
[A
[A


[K[A
[K[A
epoch 2  22%|██████████                                 |  ETA: 0:01:04[K
     batch: 22/100[K
   samples: 2816/12800[K
[A
[A


[K[A
[K[A
epoch 2  24%|███████████                                |  ETA: 0:01:03[K
     batch: 24/100[K
   samples: 3072/12800[K
[A
[A


[K[A
[K[A
epoch 2  26%|████████████                               |  ETA: 0:01:01[K
     batch: 26/100[K
   samples: 3328/12800[K
[A
[A


[K[A
[K[A
epoch 2  28%|█████████████                              |  ETA: 0:01:00[K
     batch: 28/100[K
   samples: 3584/12800[K
[A
[A


[K[A
[K[A
epoch 2  30%|█████████████                              |  ETA: 0:00:58[K
     batch: 30/100[K
   samples: 3840/12800[K
[A
[A


[K[A
[K[A
epoch 2  32%|██████████████                             |  ETA: 0:00:56[K
     batch: 32/100[K
   samples: 4096/12800[K
[A
[A


[K[A
[K[A
epoch 2  34%|███████████████                            |  ETA: 0:00:55[K
     batch: 34/100[K
   samples: 4352/12800[K
[A
[A


[K[A
[K[A
epoch 2  36%|████████████████                           |  ETA: 0:00:53[K
     batch: 36/100[K
   samples: 4608/12800[K
[A
[A


[K[A
[K[A
epoch 2  38%|█████████████████                          |  ETA: 0:00:51[K
     batch: 38/100[K
   samples: 4864/12800[K
[A
[A


[K[A
[K[A
epoch 2  40%|██████████████████                         |  ETA: 0:00:49[K
     batch: 40/100[K
   samples: 5120/12800[K
[A
[A


[K[A
[K[A
epoch 2  42%|███████████████████                        |  ETA: 0:00:48[K
     batch: 42/100[K
   samples: 5376/12800[K
[A
[A


[K[A
[K[A
epoch 2  44%|███████████████████                        |  ETA: 0:00:46[K
     batch: 44/100[K
   samples: 5632/12800[K
[A
[A


[K[A
[K[A
epoch 2  46%|████████████████████                       |  ETA: 0:00:45[K
     batch: 46/100[K
   samples: 5888/12800[K
[A
[A


[K[A
[K[A
epoch 2  48%|█████████████████████                      |  ETA: 0:00:43[K
     batch: 48/100[K
   samples: 6144/12800[K
[A
[A


[K[A
[K[A
epoch 2  50%|██████████████████████                     |  ETA: 0:00:41[K
     batch: 50/100[K
   samples: 6400/12800[K
[A
[A


[K[A
[K[A
epoch 2  52%|███████████████████████                    |  ETA: 0:00:40[K
     batch: 52/100[K
   samples: 6656/12800[K
[A
[A


[K[A
[K[A
epoch 2  54%|████████████████████████                   |  ETA: 0:00:38[K
     batch: 54/100[K
   samples: 6912/12800[K
[A
[A


[K[A
[K[A
epoch 2  56%|█████████████████████████                  |  ETA: 0:00:37[K
     batch: 56/100[K
   samples: 7168/12800[K
[A
[A


[K[A
[K[A
epoch 2  58%|█████████████████████████                  |  ETA: 0:00:35[K
     batch: 58/100[K
   samples: 7424/12800[K
[A
[A


[K[A
[K[A
epoch 2  60%|██████████████████████████                 |  ETA: 0:00:33[K
     batch: 60/100[K
   samples: 7680/12800[K
[A
[A


[K[A
[K[A
epoch 2  62%|███████████████████████████                |  ETA: 0:00:32[K
     batch: 62/100[K
   samples: 7936/12800[K
[A
[A


[K[A
[K[A
epoch 2  64%|████████████████████████████               |  ETA: 0:00:30[K
     batch: 64/100[K
   samples: 8192/12800[K
[A
[A


[K[A
[K[A
epoch 2  66%|█████████████████████████████              |  ETA: 0:00:28[K
     batch: 66/100[K
   samples: 8448/12800[K
[A
[A


[K[A
[K[A
epoch 2  68%|██████████████████████████████             |  ETA: 0:00:27[K
     batch: 68/100[K
   samples: 8704/12800[K
[A
[A


[K[A
[K[A
epoch 2  70%|███████████████████████████████            |  ETA: 0:00:25[K
     batch: 70/100[K
   samples: 8960/12800[K
[A
[A


[K[A
[K[A
epoch 2  72%|███████████████████████████████            |  ETA: 0:00:24[K
     batch: 72/100[K
   samples: 9216/12800[K
[A
[A


[K[A
[K[A
epoch 2  74%|████████████████████████████████           |  ETA: 0:00:22[K
     batch: 74/100[K
   samples: 9472/12800[K
[A
[A


[K[A
[K[A
epoch 2  76%|█████████████████████████████████          |  ETA: 0:00:20[K
     batch: 76/100[K
   samples: 9728/12800[K
[A
[A


[K[A
[K[A
epoch 2  78%|██████████████████████████████████         |  ETA: 0:00:18[K
     batch: 78/100[K
   samples: 9984/12800[K
[A
[A


[K[A
[K[A
epoch 2  80%|███████████████████████████████████        |  ETA: 0:00:17[K
     batch: 80/100[K
   samples: 10240/12800[K
[A
[A


[K[A
[K[A
epoch 2  82%|████████████████████████████████████       |  ETA: 0:00:15[K
     batch: 82/100[K
   samples: 10496/12800[K
[A
[A


[K[A
[K[A
epoch 2  84%|█████████████████████████████████████      |  ETA: 0:00:13[K
     batch: 84/100[K
   samples: 10752/12800[K
[A
[A


[K[A
[K[A
epoch 2  86%|█████████████████████████████████████      |  ETA: 0:00:12[K
     batch: 86/100[K
   samples: 11008/12800[K
[A
[A


[K[A
[K[A
epoch 2  88%|██████████████████████████████████████     |  ETA: 0:00:10[K
     batch: 88/100[K
   samples: 11264/12800[K
[A
[A


[K[A
[K[A
epoch 2  90%|███████████████████████████████████████    |  ETA: 0:00:08[K
     batch: 90/100[K
   samples: 11520/12800[K
[A
[A


[K[A
[K[A
epoch 2  92%|████████████████████████████████████████   |  ETA: 0:00:07[K
     batch: 92/100[K
   samples: 11776/12800[K
[A
[A


[K[A
[K[A
epoch 2  94%|█████████████████████████████████████████  |  ETA: 0:00:05[K
     batch: 94/100[K
   samples: 12032/12800[K
[A
[A


[K[A
[K[A
epoch 2  96%|██████████████████████████████████████████ |  ETA: 0:00:03[K
     batch: 96/100[K
   samples: 12288/12800[K
[A
[A


[K[A
[K[A
epoch 2  98%|███████████████████████████████████████████|  ETA: 0:00:02[K
     batch: 98/100[K
   samples: 12544/12800[K
[A
[A


[K[A
[K[A
epoch 2 100%|███████████████████████████████████████████| Time: 0:01:23[K
     batch: 100/100[K
   samples: 12800/12800[K

epoch 3   2%|█                                          |  ETA: 0:01:21[K
     batch: 2/100[K
   samples: 256/12800[K
[A
[A


[K[A
[K[A
epoch 3   4%|██                                         |  ETA: 0:01:17[K
     batch: 4/100[K
   samples: 512/12800[K
[A
[A


[K[A
[K[A
epoch 3   6%|███                                        |  ETA: 0:01:15[K
     batch: 6/100[K
   samples: 768/12800[K
[A
[A


[K[A
[K[A
epoch 3   8%|████                                       |  ETA: 0:01:15[K
     batch: 8/100[K
   samples: 1024/12800[K
[A
[A


[K[A
[K[A
epoch 3  10%|█████                                      |  ETA: 0:01:15[K
     batch: 10/100[K
   samples: 1280/12800[K
[A
[A


[K[A
[K[A
epoch 3  12%|██████                                     |  ETA: 0:01:13[K
     batch: 12/100[K
   samples: 1536/12800[K
[A
[A


[K[A
[K[A
epoch 3  14%|███████                                    |  ETA: 0:01:12[K
     batch: 14/100[K
   samples: 1792/12800[K
[A
[A


[K[A
[K[A
epoch 3  16%|███████                                    |  ETA: 0:01:10[K
     batch: 16/100[K
   samples: 2048/12800[K
[A
[A


[K[A
[K[A
epoch 3  18%|████████                                   |  ETA: 0:01:10[K
     batch: 18/100[K
   samples: 2304/12800[K
[A
[A


[K[A
[K[A
epoch 3  20%|█████████                                  |  ETA: 0:01:09[K
     batch: 20/100[K
   samples: 2560/12800[K
[A
[A


[K[A
[K[A
epoch 3  22%|██████████                                 |  ETA: 0:01:07[K
     batch: 22/100[K
   samples: 2816/12800[K
[A
[A


[K[A
[K[A
epoch 3  24%|███████████                                |  ETA: 0:01:05[K
     batch: 24/100[K
   samples: 3072/12800[K
[A
[A


[K[A
[K[A
epoch 3  26%|████████████                               |  ETA: 0:01:03[K
     batch: 26/100[K
   samples: 3328/12800[K
[A
[A


[K[A
[K[A
epoch 3  28%|█████████████                              |  ETA: 0:01:02[K
     batch: 28/100[K
   samples: 3584/12800[K
[A
[A


[K[A
[K[A
epoch 3  30%|█████████████                              |  ETA: 0:01:00[K
     batch: 30/100[K
   samples: 3840/12800[K
[A
[A


[K[A
[K[A
epoch 3  32%|██████████████                             |  ETA: 0:00:58[K
     batch: 32/100[K
   samples: 4096/12800[K
[A
[A


[K[A
[K[A
epoch 3  34%|███████████████                            |  ETA: 0:00:57[K
     batch: 34/100[K
   samples: 4352/12800[K
[A
[A


[K[A
[K[A
epoch 3  36%|████████████████                           |  ETA: 0:00:55[K
     batch: 36/100[K
   samples: 4608/12800[K
[A
[A


[K[A
[K[A
epoch 3  38%|█████████████████                          |  ETA: 0:00:53[K
     batch: 38/100[K
   samples: 4864/12800[K
[A
[A


[K[A
[K[A
epoch 3  40%|██████████████████                         |  ETA: 0:00:51[K
     batch: 40/100[K
   samples: 5120/12800[K
[A
[A


[K[A
[K[A
epoch 3  42%|███████████████████                        |  ETA: 0:00:49[K
     batch: 42/100[K
   samples: 5376/12800[K
[A
[A


[K[A
[K[A
epoch 3  44%|███████████████████                        |  ETA: 0:00:48[K
     batch: 44/100[K
   samples: 5632/12800[K
[A
[A


[K[A
[K[A
epoch 3  46%|████████████████████                       |  ETA: 0:00:46[K
     batch: 46/100[K
   samples: 5888/12800[K
[A
[A


[K[A
[K[A
epoch 3  48%|█████████████████████                      |  ETA: 0:00:44[K
     batch: 48/100[K
   samples: 6144/12800[K
[A
[A


[K[A
[K[A
epoch 3  50%|██████████████████████                     |  ETA: 0:00:43[K
     batch: 50/100[K
   samples: 6400/12800[K
[A
[A


[K[A
[K[A
epoch 3  52%|███████████████████████                    |  ETA: 0:00:41[K
     batch: 52/100[K
   samples: 6656/12800[K
[A
[A


[K[A
[K[A
epoch 3  54%|████████████████████████                   |  ETA: 0:00:39[K
     batch: 54/100[K
   samples: 6912/12800[K
[A
[A


[K[A
[K[A
epoch 3  56%|█████████████████████████                  |  ETA: 0:00:38[K
     batch: 56/100[K
   samples: 7168/12800[K
[A
[A


[K[A
[K[A
epoch 3  58%|█████████████████████████                  |  ETA: 0:00:36[K
     batch: 58/100[K
   samples: 7424/12800[K
[A
[A


[K[A
[K[A
epoch 3  60%|██████████████████████████                 |  ETA: 0:00:34[K
     batch: 60/100[K
   samples: 7680/12800[K
[A
[A


[K[A
[K[A
epoch 3  62%|███████████████████████████                |  ETA: 0:00:33[K
     batch: 62/100[K
   samples: 7936/12800[K
[A
[A


[K[A
[K[A
epoch 3  64%|████████████████████████████               |  ETA: 0:00:31[K
     batch: 64/100[K
   samples: 8192/12800[K
[A
[A


[K[A
[K[A
epoch 3  66%|█████████████████████████████              |  ETA: 0:00:29[K
     batch: 66/100[K
   samples: 8448/12800[K
[A
[A


[K[A
[K[A
epoch 3  68%|██████████████████████████████             |  ETA: 0:00:27[K
     batch: 68/100[K
   samples: 8704/12800[K
[A
[A


[K[A
[K[A
epoch 3  70%|███████████████████████████████            |  ETA: 0:00:26[K
     batch: 70/100[K
   samples: 8960/12800[K
[A
[A


[K[A
[K[A
epoch 3  72%|███████████████████████████████            |  ETA: 0:00:24[K
     batch: 72/100[K
   samples: 9216/12800[K
[A
[A


[K[A
[K[A
epoch 3  74%|████████████████████████████████           |  ETA: 0:00:22[K
     batch: 74/100[K
   samples: 9472/12800[K
[A
[A


[K[A
[K[A
epoch 3  76%|█████████████████████████████████          |  ETA: 0:00:21[K
     batch: 76/100[K
   samples: 9728/12800[K
[A
[A


[K[A
[K[A
epoch 3  78%|██████████████████████████████████         |  ETA: 0:00:19[K
     batch: 78/100[K
   samples: 9984/12800[K
[A
[A


[K[A
[K[A
epoch 3  80%|███████████████████████████████████        |  ETA: 0:00:17[K
     batch: 80/100[K
   samples: 10240/12800[K
[A
[A


[K[A
[K[A
epoch 3  82%|████████████████████████████████████       |  ETA: 0:00:15[K
     batch: 82/100[K
   samples: 10496/12800[K
[A
[A


[K[A
[K[A
epoch 3  84%|█████████████████████████████████████      |  ETA: 0:00:14[K
     batch: 84/100[K
   samples: 10752/12800[K
[A
[A


[K[A
[K[A
epoch 3  86%|█████████████████████████████████████      |  ETA: 0:00:12[K
     batch: 86/100[K
   samples: 11008/12800[K
[A
[A


[K[A
[K[A
epoch 3  88%|██████████████████████████████████████     |  ETA: 0:00:10[K
     batch: 88/100[K
   samples: 11264/12800[K
[A
[A


[K[A
[K[A
epoch 3  90%|███████████████████████████████████████    |  ETA: 0:00:09[K
     batch: 90/100[K
   samples: 11520/12800[K
[A
[A


[K[A
[K[A
epoch 3  92%|████████████████████████████████████████   |  ETA: 0:00:07[K
     batch: 92/100[K
   samples: 11776/12800[K
[A
[A


[K[A
[K[A
epoch 3  94%|█████████████████████████████████████████  |  ETA: 0:00:05[K
     batch: 94/100[K
   samples: 12032/12800[K
[A
[A


[K[A
[K[A
epoch 3  96%|██████████████████████████████████████████ |  ETA: 0:00:03[K
     batch: 96/100[K
   samples: 12288/12800[K
[A
[A


[K[A
[K[A
epoch 3  98%|███████████████████████████████████████████|  ETA: 0:00:02[K
     batch: 98/100[K
   samples: 12544/12800[K
[A
[A


[K[A
[K[A
epoch 3 100%|███████████████████████████████████████████| Time: 0:01:25[K
     batch: 100/100[K
   samples: 12800/12800[K

epoch 4   2%|█                                          |  ETA: 0:01:25[K
     batch: 2/100[K
   samples: 256/12800[K
[A
[A


[K[A
[K[A
epoch 4   4%|██                                         |  ETA: 0:01:24[K
     batch: 4/100[K
   samples: 512/12800[K
[A
[A


[K[A
[K[A
epoch 4   6%|███                                        |  ETA: 0:01:23[K
     batch: 6/100[K
   samples: 768/12800[K
[A
[A


[K[A
[K[A
epoch 4   8%|████                                       |  ETA: 0:01:20[K
     batch: 8/100[K
   samples: 1024/12800[K
[A
[A


[K[A
[K[A
epoch 4  10%|█████                                      |  ETA: 0:01:18[K
     batch: 10/100[K
   samples: 1280/12800[K
[A
[A


[K[A
[K[A
epoch 4  12%|██████                                     |  ETA: 0:01:17[K
     batch: 12/100[K
   samples: 1536/12800[K
[A
[A


[K[A
[K[A
epoch 4  14%|███████                                    |  ETA: 0:01:16[K
     batch: 14/100[K
   samples: 1792/12800[K
[A
[A


[K[A
[K[A
epoch 4  16%|███████                                    |  ETA: 0:01:14[K
     batch: 16/100[K
   samples: 2048/12800[K
[A
[A


[K[A
[K[A
epoch 4  18%|████████                                   |  ETA: 0:01:12[K
     batch: 18/100[K
   samples: 2304/12800[K
[A
[A


[K[A
[K[A
epoch 4  20%|█████████                                  |  ETA: 0:01:09[K
     batch: 20/100[K
   samples: 2560/12800[K
[A
[A


[K[A
[K[A
epoch 4  22%|██████████                                 |  ETA: 0:01:07[K
     batch: 22/100[K
   samples: 2816/12800[K
[A
[A


[K[A
[K[A
epoch 4  24%|███████████                                |  ETA: 0:01:05[K
     batch: 24/100[K
   samples: 3072/12800[K
[A
[A


[K[A
[K[A
epoch 4  26%|████████████                               |  ETA: 0:01:03[K
     batch: 26/100[K
   samples: 3328/12800[K
[A
[A


[K[A
[K[A
epoch 4  28%|█████████████                              |  ETA: 0:01:01[K
     batch: 28/100[K
   samples: 3584/12800[K
[A
[A


[K[A
[K[A
epoch 4  30%|█████████████                              |  ETA: 0:00:59[K
     batch: 30/100[K
   samples: 3840/12800[K
[A
[A


[K[A
[K[A
epoch 4  32%|██████████████                             |  ETA: 0:00:57[K
     batch: 32/100[K
   samples: 4096/12800[K
[A
[A


[K[A
[K[A
epoch 4  34%|███████████████                            |  ETA: 0:00:55[K
     batch: 34/100[K
   samples: 4352/12800[K
[A
[A


[K[A
[K[A
epoch 4  36%|████████████████                           |  ETA: 0:00:54[K
     batch: 36/100[K
   samples: 4608/12800[K
[A
[A


[K[A
[K[A
epoch 4  38%|█████████████████                          |  ETA: 0:00:52[K
     batch: 38/100[K
   samples: 4864/12800[K
[A
[A


[K[A
[K[A
epoch 4  40%|██████████████████                         |  ETA: 0:00:50[K
     batch: 40/100[K
   samples: 5120/12800[K
[A
[A


[K[A
[K[A
epoch 4  42%|███████████████████                        |  ETA: 0:00:48[K
     batch: 42/100[K
   samples: 5376/12800[K
[A
[A


[K[A
[K[A
epoch 4  44%|███████████████████                        |  ETA: 0:00:46[K
     batch: 44/100[K
   samples: 5632/12800[K
[A
[A


[K[A
[K[A
epoch 4  46%|████████████████████                       |  ETA: 0:00:45[K
     batch: 46/100[K
   samples: 5888/12800[K
[A
[A


[K[A
[K[A
epoch 4  48%|█████████████████████                      |  ETA: 0:00:43[K
     batch: 48/100[K
   samples: 6144/12800[K
[A
[A


[K[A
[K[A
epoch 4  50%|██████████████████████                     |  ETA: 0:00:41[K
     batch: 50/100[K
   samples: 6400/12800[K
[A
[A


[K[A
[K[A
epoch 4  52%|███████████████████████                    |  ETA: 0:00:40[K
     batch: 52/100[K
   samples: 6656/12800[K
[A
[A


[K[A
[K[A
epoch 4  54%|████████████████████████                   |  ETA: 0:00:38[K
     batch: 54/100[K
   samples: 6912/12800[K
[A
[A


[K[A
[K[A
epoch 4  56%|█████████████████████████                  |  ETA: 0:00:36[K
     batch: 56/100[K
   samples: 7168/12800[K
[A
[A


[K[A
[K[A
epoch 4  58%|█████████████████████████                  |  ETA: 0:00:34[K
     batch: 58/100[K
   samples: 7424/12800[K
[A
[A


[K[A
[K[A
epoch 4  60%|██████████████████████████                 |  ETA: 0:00:33[K
     batch: 60/100[K
   samples: 7680/12800[K
[A
[A


[K[A
[K[A
epoch 4  62%|███████████████████████████                |  ETA: 0:00:31[K
     batch: 62/100[K
   samples: 7936/12800[K
[A
[A


[K[A
[K[A
epoch 4  64%|████████████████████████████               |  ETA: 0:00:30[K
     batch: 64/100[K
   samples: 8192/12800[K
[A
[A


[K[A
[K[A
epoch 4  66%|█████████████████████████████              |  ETA: 0:00:28[K
     batch: 66/100[K
   samples: 8448/12800[K
[A
[A


[K[A
[K[A
epoch 4  68%|██████████████████████████████             |  ETA: 0:00:26[K
     batch: 68/100[K
   samples: 8704/12800[K
[A
[A


[K[A
[K[A
epoch 4  70%|███████████████████████████████            |  ETA: 0:00:25[K
     batch: 70/100[K
   samples: 8960/12800[K
[A
[A


[K[A
[K[A
epoch 4  72%|███████████████████████████████            |  ETA: 0:00:23[K
     batch: 72/100[K
   samples: 9216/12800[K
[A
[A


[K[A
[K[A
epoch 4  74%|████████████████████████████████           |  ETA: 0:00:21[K
     batch: 74/100[K
   samples: 9472/12800[K
[A
[A


[K[A
[K[A
epoch 4  76%|█████████████████████████████████          |  ETA: 0:00:20[K
     batch: 76/100[K
   samples: 9728/12800[K
[A
[A


[K[A
[K[A
epoch 4  78%|██████████████████████████████████         |  ETA: 0:00:18[K
     batch: 78/100[K
   samples: 9984/12800[K
[A
[A


[K[A
[K[A
epoch 4  80%|███████████████████████████████████        |  ETA: 0:00:16[K
     batch: 80/100[K
   samples: 10240/12800[K
[A
[A


[K[A
[K[A
epoch 4  82%|████████████████████████████████████       |  ETA: 0:00:15[K
     batch: 82/100[K
   samples: 10496/12800[K
[A
[A


[K[A
[K[A
epoch 4  84%|█████████████████████████████████████      |  ETA: 0:00:13[K
     batch: 84/100[K
   samples: 10752/12800[K
[A
[A


[K[A
[K[A
epoch 4  86%|█████████████████████████████████████      |  ETA: 0:00:11[K
     batch: 86/100[K
   samples: 11008/12800[K
[A
[A


[K[A
[K[A
epoch 4  88%|██████████████████████████████████████     |  ETA: 0:00:10[K
     batch: 88/100[K
   samples: 11264/12800[K
[A
[A


[K[A
[K[A
epoch 4  90%|███████████████████████████████████████    |  ETA: 0:00:08[K
     batch: 90/100[K
   samples: 11520/12800[K
[A
[A


[K[A
[K[A
epoch 4  92%|████████████████████████████████████████   |  ETA: 0:00:06[K
     batch: 92/100[K
   samples: 11776/12800[K
[A
[A


[K[A
[K[A
epoch 4  94%|█████████████████████████████████████████  |  ETA: 0:00:05[K
     batch: 94/100[K
   samples: 12032/12800[K
[A
[A


[K[A
[K[A
epoch 4  96%|██████████████████████████████████████████ |  ETA: 0:00:03[K
     batch: 96/100[K
   samples: 12288/12800[K
[A
[A


[K[A
[K[A
epoch 4  98%|███████████████████████████████████████████|  ETA: 0:00:02[K
     batch: 98/100[K
   samples: 12544/12800[K
[A
[A


[K[A
[K[A
epoch 4 100%|███████████████████████████████████████████| Time: 0:01:19[K
     batch: 100/100[K
   samples: 12800/12800[K

epoch 5   2%|█                                          |  ETA: 0:01:20[K
     batch: 2/100[K
   samples: 256/12800[K
[A
[A


[K[A
[K[A
epoch 5   4%|██                                         |  ETA: 0:01:18[K
     batch: 4/100[K
   samples: 512/12800[K
[A
[A


[K[A
[K[A
epoch 5   6%|███                                        |  ETA: 0:01:16[K
     batch: 6/100[K
   samples: 768/12800[K
[A
[A


[K[A
[K[A
epoch 5   8%|████                                       |  ETA: 0:01:15[K
     batch: 8/100[K
   samples: 1024/12800[K
[A
[A


[K[A
[K[A
epoch 5  10%|█████                                      |  ETA: 0:01:13[K
     batch: 10/100[K
   samples: 1280/12800[K
[A
[A


[K[A
[K[A
epoch 5  12%|██████                                     |  ETA: 0:01:10[K
     batch: 12/100[K
   samples: 1536/12800[K
[A
[A


[K[A
[K[A
epoch 5  14%|███████                                    |  ETA: 0:01:09[K
     batch: 14/100[K
   samples: 1792/12800[K
[A
[A


[K[A
[K[A
epoch 5  16%|███████                                    |  ETA: 0:01:08[K
     batch: 16/100[K
   samples: 2048/12800[K
[A
[A


[K[A
[K[A
epoch 5  18%|████████                                   |  ETA: 0:01:07[K
     batch: 18/100[K
   samples: 2304/12800[K
[A
[A


[K[A
[K[A
epoch 5  20%|█████████                                  |  ETA: 0:01:05[K
     batch: 20/100[K
   samples: 2560/12800[K
[A
[A


[K[A
[K[A
epoch 5  22%|██████████                                 |  ETA: 0:01:03[K
     batch: 22/100[K
   samples: 2816/12800[K
[A
[A


[K[A
[K[A
epoch 5  24%|███████████                                |  ETA: 0:01:02[K
     batch: 24/100[K
   samples: 3072/12800[K
[A
[A


[K[A
[K[A
epoch 5  26%|████████████                               |  ETA: 0:01:00[K
     batch: 26/100[K
   samples: 3328/12800[K
[A
[A


[K[A
[K[A
epoch 5  28%|█████████████                              |  ETA: 0:00:59[K
     batch: 28/100[K
   samples: 3584/12800[K
[A
[A


[K[A
[K[A
epoch 5  30%|█████████████                              |  ETA: 0:00:57[K
     batch: 30/100[K
   samples: 3840/12800[K
[A
[A


[K[A
[K[A
epoch 5  32%|██████████████                             |  ETA: 0:00:56[K
     batch: 32/100[K
   samples: 4096/12800[K
[A
[A


[K[A
[K[A
epoch 5  34%|███████████████                            |  ETA: 0:00:54[K
     batch: 34/100[K
   samples: 4352/12800[K
[A
[A


[K[A
[K[A
epoch 5  36%|████████████████                           |  ETA: 0:00:52[K
     batch: 36/100[K
   samples: 4608/12800[K
[A
[A


[K[A
[K[A
epoch 5  38%|█████████████████                          |  ETA: 0:00:51[K
     batch: 38/100[K
   samples: 4864/12800[K
[A
[A


[K[A
[K[A
epoch 5  40%|██████████████████                         |  ETA: 0:00:49[K
     batch: 40/100[K
   samples: 5120/12800[K
[A
[A


[K[A
[K[A
epoch 5  42%|███████████████████                        |  ETA: 0:00:48[K
     batch: 42/100[K
   samples: 5376/12800[K
[A
[A


[K[A
[K[A
epoch 5  44%|███████████████████                        |  ETA: 0:00:46[K
     batch: 44/100[K
   samples: 5632/12800[K
[A
[A


[K[A
[K[A
epoch 5  46%|████████████████████                       |  ETA: 0:00:44[K
     batch: 46/100[K
   samples: 5888/12800[K
[A
[A


[K[A
[K[A
epoch 5  48%|█████████████████████                      |  ETA: 0:00:43[K
     batch: 48/100[K
   samples: 6144/12800[K
[A
[A


[K[A
[K[A
epoch 5  50%|██████████████████████                     |  ETA: 0:00:41[K
     batch: 50/100[K
   samples: 6400/12800[K
[A
[A


[K[A
[K[A
epoch 5  52%|███████████████████████                    |  ETA: 0:00:40[K
     batch: 52/100[K
   samples: 6656/12800[K
[A
[A


[K[A
[K[A
epoch 5  54%|████████████████████████                   |  ETA: 0:00:38[K
     batch: 54/100[K
   samples: 6912/12800[K
[A
[A


[K[A
[K[A
epoch 5  56%|█████████████████████████                  |  ETA: 0:00:36[K
     batch: 56/100[K
   samples: 7168/12800[K
[A
[A


[K[A
[K[A
epoch 5  58%|█████████████████████████                  |  ETA: 0:00:35[K
     batch: 58/100[K
   samples: 7424/12800[K
[A
[A


[K[A
[K[A
epoch 5  60%|██████████████████████████                 |  ETA: 0:00:33[K
     batch: 60/100[K
   samples: 7680/12800[K
[A
[A


[K[A
[K[A
epoch 5  62%|███████████████████████████                |  ETA: 0:00:31[K
     batch: 62/100[K
   samples: 7936/12800[K
[A
[A


[K[A
[K[A
epoch 5  64%|████████████████████████████               |  ETA: 0:00:30[K
     batch: 64/100[K
   samples: 8192/12800[K
[A
[A


[K[A
[K[A
epoch 5  66%|█████████████████████████████              |  ETA: 0:00:28[K
     batch: 66/100[K
   samples: 8448/12800[K
[A
[A


[K[A
[K[A
epoch 5  68%|██████████████████████████████             |  ETA: 0:00:27[K
     batch: 68/100[K
   samples: 8704/12800[K
[A
[A


[K[A
[K[A
epoch 5  70%|███████████████████████████████            |  ETA: 0:00:25[K
     batch: 70/100[K
   samples: 8960/12800[K
[A
[A


[K[A
[K[A
epoch 5  72%|███████████████████████████████            |  ETA: 0:00:23[K
     batch: 72/100[K
   samples: 9216/12800[K
[A
[A


[K[A
[K[A
epoch 5  74%|████████████████████████████████           |  ETA: 0:00:22[K
     batch: 74/100[K
   samples: 9472/12800[K
[A
[A


[K[A
[K[A
epoch 5  76%|█████████████████████████████████          |  ETA: 0:00:20[K
     batch: 76/100[K
   samples: 9728/12800[K
[A
[A


[K[A
[K[A
epoch 5  78%|██████████████████████████████████         |  ETA: 0:00:18[K
     batch: 78/100[K
   samples: 9984/12800[K
[A
[A


[K[A
[K[A
epoch 5  80%|███████████████████████████████████        |  ETA: 0:00:17[K
     batch: 80/100[K
   samples: 10240/12800[K
[A
[A


[K[A
[K[A
epoch 5  82%|████████████████████████████████████       |  ETA: 0:00:15[K
     batch: 82/100[K
   samples: 10496/12800[K
[A
[A


[K[A
[K[A
epoch 5  84%|█████████████████████████████████████      |  ETA: 0:00:13[K
     batch: 84/100[K
   samples: 10752/12800[K
[A
[A


[K[A
[K[A
epoch 5  86%|█████████████████████████████████████      |  ETA: 0:00:12[K
     batch: 86/100[K
   samples: 11008/12800[K
[A
[A


[K[A
[K[A
epoch 5  88%|██████████████████████████████████████     |  ETA: 0:00:10[K
     batch: 88/100[K
   samples: 11264/12800[K
[A
[A


[K[A
[K[A
epoch 5  90%|███████████████████████████████████████    |  ETA: 0:00:08[K
     batch: 90/100[K
   samples: 11520/12800[K
[A
[A


[K[A
[K[A
epoch 5  92%|████████████████████████████████████████   |  ETA: 0:00:07[K
     batch: 92/100[K
   samples: 11776/12800[K
[A
[A


[K[A
[K[A
epoch 5  94%|█████████████████████████████████████████  |  ETA: 0:00:05[K
     batch: 94/100[K
   samples: 12032/12800[K
[A
[A


[K[A
[K[A
epoch 5  96%|██████████████████████████████████████████ |  ETA: 0:00:03[K
     batch: 96/100[K
   samples: 12288/12800[K
[A
[A


[K[A
[K[A
epoch 5  98%|███████████████████████████████████████████|  ETA: 0:00:02[K
     batch: 98/100[K
   samples: 12544/12800[K
[A
[A


[K[A
[K[A
epoch 5 100%|███████████████████████████████████████████| Time: 0:01:23[K
     batch: 100/100[K
   samples: 12800/12800[K

epoch 6   2%|█                                          |  ETA: 0:01:34[K
     batch: 2/100[K
   samples: 256/12800[K
[A
[A


[K[A
[K[A
epoch 6   4%|██                                         |  ETA: 0:01:26[K
     batch: 4/100[K
   samples: 512/12800[K
[A
[A


[K[A
[K[A
epoch 6   6%|███                                        |  ETA: 0:01:25[K
     batch: 6/100[K
   samples: 768/12800[K
[A
[A


[K[A
[K[A
epoch 6   8%|████                                       |  ETA: 0:01:22[K
     batch: 8/100[K
   samples: 1024/12800[K
[A
[A


[K[A
[K[A
epoch 6  10%|█████                                      |  ETA: 0:01:19[K
     batch: 10/100[K
   samples: 1280/12800[K
[A
[A


[K[A
[K[A
epoch 6  12%|██████                                     |  ETA: 0:01:17[K
     batch: 12/100[K
   samples: 1536/12800[K
[A
[A


[K[A
[K[A
epoch 6  14%|███████                                    |  ETA: 0:01:15[K
     batch: 14/100[K
   samples: 1792/12800[K
[A
[A


[K[A
[K[A
epoch 6  16%|███████                                    |  ETA: 0:01:13[K
     batch: 16/100[K
   samples: 2048/12800[K
[A
[A


[K[A
[K[A
epoch 6  18%|████████                                   |  ETA: 0:01:11[K
     batch: 18/100[K
   samples: 2304/12800[K
[A
[A


[K[A
[K[A
epoch 6  20%|█████████                                  |  ETA: 0:01:09[K
     batch: 20/100[K
   samples: 2560/12800[K
[A
[A


[K[A
[K[A
epoch 6  22%|██████████                                 |  ETA: 0:01:06[K
     batch: 22/100[K
   samples: 2816/12800[K
[A
[A


[K[A
[K[A
epoch 6  24%|███████████                                |  ETA: 0:01:04[K
     batch: 24/100[K
   samples: 3072/12800[K
[A
[A


[K[A
[K[A
epoch 6  26%|████████████                               |  ETA: 0:01:03[K
     batch: 26/100[K
   samples: 3328/12800[K
[A
[A


[K[A
[K[A
epoch 6  28%|█████████████                              |  ETA: 0:01:01[K
     batch: 28/100[K
   samples: 3584/12800[K
[A
[A


[K[A
[K[A
epoch 6  30%|█████████████                              |  ETA: 0:00:59[K
     batch: 30/100[K
   samples: 3840/12800[K
[A
[A


[K[A
[K[A
epoch 6  32%|██████████████                             |  ETA: 0:00:58[K
     batch: 32/100[K
   samples: 4096/12800[K
[A
[A


[K[A
[K[A
epoch 6  34%|███████████████                            |  ETA: 0:00:56[K
     batch: 34/100[K
   samples: 4352/12800[K
[A
[A


[K[A
[K[A
epoch 6  36%|████████████████                           |  ETA: 0:00:54[K
     batch: 36/100[K
   samples: 4608/12800[K
[A
[A


[K[A
[K[A
epoch 6  38%|█████████████████                          |  ETA: 0:00:52[K
     batch: 38/100[K
   samples: 4864/12800[K
[A
[A


[K[A
[K[A
epoch 6  40%|██████████████████                         |  ETA: 0:00:51[K
     batch: 40/100[K
   samples: 5120/12800[K
[A
[A


[K[A
[K[A
epoch 6  42%|███████████████████                        |  ETA: 0:00:49[K
     batch: 42/100[K
   samples: 5376/12800[K
[A
[A


[K[A
[K[A
epoch 6  44%|███████████████████                        |  ETA: 0:00:47[K
     batch: 44/100[K
   samples: 5632/12800[K
[A
[A


[K[A
[K[A
epoch 6  46%|████████████████████                       |  ETA: 0:00:46[K
     batch: 46/100[K
   samples: 5888/12800[K
[A
[A


[K[A
[K[A
epoch 6  48%|█████████████████████                      |  ETA: 0:00:44[K
     batch: 48/100[K
   samples: 6144/12800[K
[A
[A


[K[A
[K[A
epoch 6  50%|██████████████████████                     |  ETA: 0:00:42[K
     batch: 50/100[K
   samples: 6400/12800[K
[A
[A


[K[A
[K[A
epoch 6  52%|███████████████████████                    |  ETA: 0:00:41[K
     batch: 52/100[K
   samples: 6656/12800[K
[A
[A


[K[A
[K[A
epoch 6  54%|████████████████████████                   |  ETA: 0:00:39[K
     batch: 54/100[K
   samples: 6912/12800[K
[A
[A


[K[A
[K[A
epoch 6  56%|█████████████████████████                  |  ETA: 0:00:37[K
     batch: 56/100[K
   samples: 7168/12800[K
[A
[A


[K[A
[K[A
epoch 6  58%|█████████████████████████                  |  ETA: 0:00:35[K
     batch: 58/100[K
   samples: 7424/12800[K
[A
[A


[K[A
[K[A
epoch 6  60%|██████████████████████████                 |  ETA: 0:00:34[K
     batch: 60/100[K
   samples: 7680/12800[K
[A
[A


[K[A
[K[A
epoch 6  62%|███████████████████████████                |  ETA: 0:00:32[K
     batch: 62/100[K
   samples: 7936/12800[K
[A
[A


[K[A
[K[A
epoch 6  64%|████████████████████████████               |  ETA: 0:00:30[K
     batch: 64/100[K
   samples: 8192/12800[K
[A
[A


[K[A
[K[A
epoch 6  66%|█████████████████████████████              |  ETA: 0:00:29[K
     batch: 66/100[K
   samples: 8448/12800[K
[A
[A


[K[A
[K[A
epoch 6  68%|██████████████████████████████             |  ETA: 0:00:27[K
     batch: 68/100[K
   samples: 8704/12800[K
[A
[A


[K[A
[K[A
epoch 6  70%|███████████████████████████████            |  ETA: 0:00:25[K
     batch: 70/100[K
   samples: 8960/12800[K
[A
[A


[K[A
[K[A
epoch 6  72%|███████████████████████████████            |  ETA: 0:00:24[K
     batch: 72/100[K
   samples: 9216/12800[K
[A
[A


[K[A
[K[A
epoch 6  74%|████████████████████████████████           |  ETA: 0:00:22[K
     batch: 74/100[K
   samples: 9472/12800[K
[A
[A


[K[A
[K[A
epoch 6  76%|█████████████████████████████████          |  ETA: 0:00:20[K
     batch: 76/100[K
   samples: 9728/12800[K
[A
[A


[K[A
[K[A
epoch 6  78%|██████████████████████████████████         |  ETA: 0:00:19[K
     batch: 78/100[K
   samples: 9984/12800[K
[A
[A


[K[A
[K[A
epoch 6  80%|███████████████████████████████████        |  ETA: 0:00:17[K
     batch: 80/100[K
   samples: 10240/12800[K
[A
[A


[K[A
[K[A
epoch 6  82%|████████████████████████████████████       |  ETA: 0:00:15[K
     batch: 82/100[K
   samples: 10496/12800[K
[A
[A


[K[A
[K[A
epoch 6  84%|█████████████████████████████████████      |  ETA: 0:00:14[K
     batch: 84/100[K
   samples: 10752/12800[K
[A
[A


[K[A
[K[A
epoch 6  86%|█████████████████████████████████████      |  ETA: 0:00:12[K
     batch: 86/100[K
   samples: 11008/12800[K
[A
[A


[K[A
[K[A
epoch 6  88%|██████████████████████████████████████     |  ETA: 0:00:10[K
     batch: 88/100[K
   samples: 11264/12800[K
[A
[A


[K[A
[K[A
epoch 6  90%|███████████████████████████████████████    |  ETA: 0:00:08[K
     batch: 90/100[K
   samples: 11520/12800[K
[A
[A


[K[A
[K[A
epoch 6  92%|████████████████████████████████████████   |  ETA: 0:00:07[K
     batch: 92/100[K
   samples: 11776/12800[K
[A
[A


[K[A
[K[A
epoch 6  94%|█████████████████████████████████████████  |  ETA: 0:00:05[K
     batch: 94/100[K
   samples: 12032/12800[K
[A
[A


[K[A
[K[A
epoch 6  96%|██████████████████████████████████████████ |  ETA: 0:00:03[K
     batch: 96/100[K
   samples: 12288/12800[K
[A
[A


[K[A
[K[A
epoch 6  98%|███████████████████████████████████████████|  ETA: 0:00:02[K
     batch: 98/100[K
   samples: 12544/12800[K
[A
[A


[K[A
[K[A
epoch 6 100%|███████████████████████████████████████████| Time: 0:01:24[K
     batch: 100/100[K
   samples: 12800/12800[K

epoch 7   2%|█                                          |  ETA: 0:01:23[K
     batch: 2/100[K
   samples: 256/12800[K
[A
[A


[K[A
[K[A
epoch 7   4%|██                                         |  ETA: 0:01:19[K
     batch: 4/100[K
   samples: 512/12800[K
[A
[A


[K[A
[K[A
epoch 7   6%|███                                        |  ETA: 0:01:18[K
     batch: 6/100[K
   samples: 768/12800[K
[A
[A


[K[A
[K[A
epoch 7   8%|████                                       |  ETA: 0:01:17[K
     batch: 8/100[K
   samples: 1024/12800[K
[A
[A


[K[A
[K[A
epoch 7  10%|█████                                      |  ETA: 0:01:15[K
     batch: 10/100[K
   samples: 1280/12800[K
[A
[A


[K[A
[K[A
epoch 7  12%|██████                                     |  ETA: 0:01:14[K
     batch: 12/100[K
   samples: 1536/12800[K
[A
[A


[K[A
[K[A
epoch 7  14%|███████                                    |  ETA: 0:01:12[K
     batch: 14/100[K
   samples: 1792/12800[K
[A
[A


[K[A
[K[A
epoch 7  16%|███████                                    |  ETA: 0:01:11[K
     batch: 16/100[K
   samples: 2048/12800[K
[A
[A


[K[A
[K[A
epoch 7  18%|████████                                   |  ETA: 0:01:09[K
     batch: 18/100[K
   samples: 2304/12800[K
[A
[A


[K[A
[K[A
epoch 7  20%|█████████                                  |  ETA: 0:01:07[K
     batch: 20/100[K
   samples: 2560/12800[K
[A
[A


[K[A
[K[A
epoch 7  22%|██████████                                 |  ETA: 0:01:06[K
     batch: 22/100[K
   samples: 2816/12800[K
[A
[A


[K[A
[K[A
epoch 7  24%|███████████                                |  ETA: 0:01:04[K
     batch: 24/100[K
   samples: 3072/12800[K
[A
[A


[K[A
[K[A
epoch 7  26%|████████████                               |  ETA: 0:01:02[K
     batch: 26/100[K
   samples: 3328/12800[K
[A
[A


[K[A
[K[A
epoch 7  28%|█████████████                              |  ETA: 0:01:01[K
     batch: 28/100[K
   samples: 3584/12800[K
[A
[A


[K[A
[K[A
epoch 7  30%|█████████████                              |  ETA: 0:00:59[K
     batch: 30/100[K
   samples: 3840/12800[K
[A
[A


[K[A
[K[A
epoch 7  32%|██████████████                             |  ETA: 0:00:58[K
     batch: 32/100[K
   samples: 4096/12800[K
[A
[A


[K[A
[K[A
epoch 7  34%|███████████████                            |  ETA: 0:00:56[K
     batch: 34/100[K
   samples: 4352/12800[K
[A
[A


[K[A
[K[A
epoch 7  36%|████████████████                           |  ETA: 0:00:54[K
     batch: 36/100[K
   samples: 4608/12800[K
[A
[A


[K[A
[K[A
epoch 7  38%|█████████████████                          |  ETA: 0:00:53[K
     batch: 38/100[K
   samples: 4864/12800[K
[A
[A


[K[A
[K[A
epoch 7  40%|██████████████████                         |  ETA: 0:00:51[K
     batch: 40/100[K
   samples: 5120/12800[K
[A
[A


[K[A
[K[A
epoch 7  42%|███████████████████                        |  ETA: 0:00:49[K
     batch: 42/100[K
   samples: 5376/12800[K
[A
[A


[K[A
[K[A
epoch 7  44%|███████████████████                        |  ETA: 0:00:48[K
     batch: 44/100[K
   samples: 5632/12800[K
[A
[A


[K[A
[K[A
epoch 7  46%|████████████████████                       |  ETA: 0:00:46[K
     batch: 46/100[K
   samples: 5888/12800[K
[A
[A


[K[A
[K[A
epoch 7  48%|█████████████████████                      |  ETA: 0:00:44[K
     batch: 48/100[K
   samples: 6144/12800[K
[A
[A


[K[A
[K[A
epoch 7  50%|██████████████████████                     |  ETA: 0:00:43[K
     batch: 50/100[K
   samples: 6400/12800[K
[A
[A


[K[A
[K[A
epoch 7  52%|███████████████████████                    |  ETA: 0:00:41[K
     batch: 52/100[K
   samples: 6656/12800[K
[A
[A


[K[A
[K[A
epoch 7  54%|████████████████████████                   |  ETA: 0:00:39[K
     batch: 54/100[K
   samples: 6912/12800[K
[A
[A


[K[A
[K[A
epoch 7  56%|█████████████████████████                  |  ETA: 0:00:37[K
     batch: 56/100[K
   samples: 7168/12800[K
[A
[A


[K[A
[K[A
epoch 7  58%|█████████████████████████                  |  ETA: 0:00:36[K
     batch: 58/100[K
   samples: 7424/12800[K
[A
[A


[K[A
[K[A
epoch 7  60%|██████████████████████████                 |  ETA: 0:00:34[K
     batch: 60/100[K
   samples: 7680/12800[K
[A
[A


[K[A
[K[A
epoch 7  62%|███████████████████████████                |  ETA: 0:00:32[K
     batch: 62/100[K
   samples: 7936/12800[K
[A
[A


[K[A
[K[A
epoch 7  64%|████████████████████████████               |  ETA: 0:00:31[K
     batch: 64/100[K
   samples: 8192/12800[K
[A
[A


[K[A
[K[A
epoch 7  66%|█████████████████████████████              |  ETA: 0:00:29[K
     batch: 66/100[K
   samples: 8448/12800[K
[A
[A


[K[A
[K[A
epoch 7  68%|██████████████████████████████             |  ETA: 0:00:27[K
     batch: 68/100[K
   samples: 8704/12800[K
[A
[A


[K[A
[K[A
epoch 7  70%|███████████████████████████████            |  ETA: 0:00:25[K
     batch: 70/100[K
   samples: 8960/12800[K
[A
[A


[K[A
[K[A
epoch 7  72%|███████████████████████████████            |  ETA: 0:00:24[K
     batch: 72/100[K
   samples: 9216/12800[K
[A
[A


[K[A
[K[A
epoch 7  74%|████████████████████████████████           |  ETA: 0:00:22[K
     batch: 74/100[K
   samples: 9472/12800[K
[A
[A


[K[A
[K[A
epoch 7  76%|█████████████████████████████████          |  ETA: 0:00:20[K
     batch: 76/100[K
   samples: 9728/12800[K
[A
[A


[K[A
[K[A
epoch 7  78%|██████████████████████████████████         |  ETA: 0:00:19[K
     batch: 78/100[K
   samples: 9984/12800[K
[A
[A


[K[A
[K[A
epoch 7  80%|███████████████████████████████████        |  ETA: 0:00:17[K
     batch: 80/100[K
   samples: 10240/12800[K
[A
[A


[K[A
[K[A
epoch 7  82%|████████████████████████████████████       |  ETA: 0:00:15[K
     batch: 82/100[K
   samples: 10496/12800[K
[A
[A


[K[A
[K[A
epoch 7  84%|█████████████████████████████████████      |  ETA: 0:00:14[K
     batch: 84/100[K
   samples: 10752/12800[K
[A
[A


[K[A
[K[A
epoch 7  86%|█████████████████████████████████████      |  ETA: 0:00:12[K
     batch: 86/100[K
   samples: 11008/12800[K
[A
[A


[K[A
[K[A
epoch 7  88%|██████████████████████████████████████     |  ETA: 0:00:10[K
     batch: 88/100[K
   samples: 11264/12800[K
[A
[A


[K[A
[K[A
epoch 7  90%|███████████████████████████████████████    |  ETA: 0:00:08[K
     batch: 90/100[K
   samples: 11520/12800[K
[A
[A


[K[A
[K[A
epoch 7  92%|████████████████████████████████████████   |  ETA: 0:00:07[K
     batch: 92/100[K
   samples: 11776/12800[K
[A
[A


[K[A
[K[A
epoch 7  94%|█████████████████████████████████████████  |  ETA: 0:00:05[K
     batch: 94/100[K
   samples: 12032/12800[K
[A
[A


[K[A
[K[A
epoch 7  96%|██████████████████████████████████████████ |  ETA: 0:00:03[K
     batch: 96/100[K
   samples: 12288/12800[K
[A
[A


[K[A
[K[A
epoch 7  98%|███████████████████████████████████████████|  ETA: 0:00:02[K
     batch: 98/100[K
   samples: 12544/12800[K
[A
[A


[K[A
[K[A
epoch 7 100%|███████████████████████████████████████████| Time: 0:01:24[K
     batch: 100/100[K
   samples: 12800/12800[K

epoch 8   2%|█                                          |  ETA: 0:01:30[K
     batch: 2/100[K
   samples: 256/12800[K
[A
[A


[K[A
[K[A
epoch 8   4%|██                                         |  ETA: 0:01:24[K
     batch: 4/100[K
   samples: 512/12800[K
[A
[A


[K[A
[K[A
epoch 8   6%|███                                        |  ETA: 0:01:19[K
     batch: 6/100[K
   samples: 768/12800[K
[A
[A


[K[A
[K[A
epoch 8   8%|████                                       |  ETA: 0:01:17[K
     batch: 8/100[K
   samples: 1024/12800[K
[A
[A


[K[A
[K[A
epoch 8  10%|█████                                      |  ETA: 0:01:14[K
     batch: 10/100[K
   samples: 1280/12800[K
[A
[A


[K[A
[K[A
epoch 8  12%|██████                                     |  ETA: 0:01:12[K
     batch: 12/100[K
   samples: 1536/12800[K
[A
[A


[K[A
[K[A
epoch 8  14%|███████                                    |  ETA: 0:01:10[K
     batch: 14/100[K
   samples: 1792/12800[K
[A
[A


[K[A
[K[A
epoch 8  16%|███████                                    |  ETA: 0:01:08[K
     batch: 16/100[K
   samples: 2048/12800[K
[A
[A


[K[A
[K[A
epoch 8  18%|████████                                   |  ETA: 0:01:06[K
     batch: 18/100[K
   samples: 2304/12800[K
[A
[A


[K[A
[K[A
epoch 8  20%|█████████                                  |  ETA: 0:01:04[K
     batch: 20/100[K
   samples: 2560/12800[K
[A
[A


[K[A
[K[A
epoch 8  22%|██████████                                 |  ETA: 0:01:03[K
     batch: 22/100[K
   samples: 2816/12800[K
[A
[A


[K[A
[K[A
epoch 8  24%|███████████                                |  ETA: 0:01:01[K
     batch: 24/100[K
   samples: 3072/12800[K
[A
[A


[K[A
[K[A
epoch 8  26%|████████████                               |  ETA: 0:01:00[K
     batch: 26/100[K
   samples: 3328/12800[K
[A
[A


[K[A
[K[A
epoch 8  28%|█████████████                              |  ETA: 0:00:59[K
     batch: 28/100[K
   samples: 3584/12800[K
[A
[A


[K[A
[K[A
epoch 8  30%|█████████████                              |  ETA: 0:00:57[K
     batch: 30/100[K
   samples: 3840/12800[K
[A
[A


[K[A
[K[A
epoch 8  32%|██████████████                             |  ETA: 0:00:55[K
     batch: 32/100[K
   samples: 4096/12800[K
[A
[A


[K[A
[K[A
epoch 8  34%|███████████████                            |  ETA: 0:00:54[K
     batch: 34/100[K
   samples: 4352/12800[K
[A
[A


[K[A
[K[A
epoch 8  36%|████████████████                           |  ETA: 0:00:53[K
     batch: 36/100[K
   samples: 4608/12800[K
[A
[A


[K[A
[K[A
epoch 8  38%|█████████████████                          |  ETA: 0:00:51[K
     batch: 38/100[K
   samples: 4864/12800[K
[A
[A


[K[A
[K[A
epoch 8  40%|██████████████████                         |  ETA: 0:00:50[K
     batch: 40/100[K
   samples: 5120/12800[K
[A
[A


[K[A
[K[A
epoch 8  42%|███████████████████                        |  ETA: 0:00:48[K
     batch: 42/100[K
   samples: 5376/12800[K
[A
[A


[K[A
[K[A
epoch 8  44%|███████████████████                        |  ETA: 0:00:46[K
     batch: 44/100[K
   samples: 5632/12800[K
[A
[A


[K[A
[K[A
epoch 8  46%|████████████████████                       |  ETA: 0:00:45[K
     batch: 46/100[K
   samples: 5888/12800[K
[A
[A


[K[A
[K[A
epoch 8  48%|█████████████████████                      |  ETA: 0:00:43[K
     batch: 48/100[K
   samples: 6144/12800[K
[A
[A


[K[A
[K[A
epoch 8  50%|██████████████████████                     |  ETA: 0:00:41[K
     batch: 50/100[K
   samples: 6400/12800[K
[A
[A


[K[A
[K[A
epoch 8  52%|███████████████████████                    |  ETA: 0:00:40[K
     batch: 52/100[K
   samples: 6656/12800[K
[A
[A


[K[A
[K[A
epoch 8  54%|████████████████████████                   |  ETA: 0:00:38[K
     batch: 54/100[K
   samples: 6912/12800[K
[A
[A


[K[A
[K[A
epoch 8  56%|█████████████████████████                  |  ETA: 0:00:36[K
     batch: 56/100[K
   samples: 7168/12800[K
[A
[A


[K[A
[K[A
epoch 8  58%|█████████████████████████                  |  ETA: 0:00:35[K
     batch: 58/100[K
   samples: 7424/12800[K
[A
[A


[K[A
[K[A
epoch 8  60%|██████████████████████████                 |  ETA: 0:00:33[K
     batch: 60/100[K
   samples: 7680/12800[K
[A
[A


[K[A
[K[A
epoch 8  62%|███████████████████████████                |  ETA: 0:00:31[K
     batch: 62/100[K
   samples: 7936/12800[K
[A
[A


[K[A
[K[A
epoch 8  64%|████████████████████████████               |  ETA: 0:00:30[K
     batch: 64/100[K
   samples: 8192/12800[K
[A
[A


[K[A
[K[A
epoch 8  66%|█████████████████████████████              |  ETA: 0:00:28[K
     batch: 66/100[K
   samples: 8448/12800[K
[A
[A


[K[A
[K[A
epoch 8  68%|██████████████████████████████             |  ETA: 0:00:27[K
     batch: 68/100[K
   samples: 8704/12800[K
[A
[A


[K[A
[K[A
epoch 8  70%|███████████████████████████████            |  ETA: 0:00:25[K
     batch: 70/100[K
   samples: 8960/12800[K
[A
[A


[K[A
[K[A
epoch 8  72%|███████████████████████████████            |  ETA: 0:00:23[K
     batch: 72/100[K
   samples: 9216/12800[K
[A
[A


[K[A
[K[A
epoch 8  74%|████████████████████████████████           |  ETA: 0:00:22[K
     batch: 74/100[K
   samples: 9472/12800[K
[A
[A


[K[A
[K[A
epoch 8  76%|█████████████████████████████████          |  ETA: 0:00:20[K
     batch: 76/100[K
   samples: 9728/12800[K
[A
[A


[K[A
[K[A
epoch 8  78%|██████████████████████████████████         |  ETA: 0:00:18[K
     batch: 78/100[K
   samples: 9984/12800[K
[A
[A


[K[A
[K[A
epoch 8  80%|███████████████████████████████████        |  ETA: 0:00:17[K
     batch: 80/100[K
   samples: 10240/12800[K
[A
[A


[K[A
[K[A
epoch 8  82%|████████████████████████████████████       |  ETA: 0:00:15[K
     batch: 82/100[K
   samples: 10496/12800[K
[A
[A


[K[A
[K[A
epoch 8  84%|█████████████████████████████████████      |  ETA: 0:00:13[K
     batch: 84/100[K
   samples: 10752/12800[K
[A
[A


[K[A
[K[A
epoch 8  86%|█████████████████████████████████████      |  ETA: 0:00:12[K
     batch: 86/100[K
   samples: 11008/12800[K
[A
[A


[K[A
[K[A
epoch 8  88%|██████████████████████████████████████     |  ETA: 0:00:10[K
     batch: 88/100[K
   samples: 11264/12800[K
[A
[A


[K[A
[K[A
epoch 8  90%|███████████████████████████████████████    |  ETA: 0:00:08[K
     batch: 90/100[K
   samples: 11520/12800[K
[A
[A


[K[A
[K[A
epoch 8  92%|████████████████████████████████████████   |  ETA: 0:00:07[K
     batch: 92/100[K
   samples: 11776/12800[K
[A
[A


[K[A
[K[A
epoch 8  94%|█████████████████████████████████████████  |  ETA: 0:00:05[K
     batch: 94/100[K
   samples: 12032/12800[K
[A
[A


[K[A
[K[A
epoch 8  96%|██████████████████████████████████████████ |  ETA: 0:00:03[K
     batch: 96/100[K
   samples: 12288/12800[K
[A
[A


[K[A
[K[A
epoch 8  98%|███████████████████████████████████████████|  ETA: 0:00:02[K
     batch: 98/100[K
   samples: 12544/12800[K
[A
[A


[K[A
[K[A
epoch 8 100%|███████████████████████████████████████████| Time: 0:01:23[K
     batch: 100/100[K
   samples: 12800/12800[K

epoch 9   2%|█                                          |  ETA: 0:01:27[K
     batch: 2/100[K
   samples: 256/12800[K
[A
[A


[K[A
[K[A
epoch 9   4%|██                                         |  ETA: 0:01:22[K
     batch: 4/100[K
   samples: 512/12800[K
[A
[A


[K[A
[K[A
epoch 9   6%|███                                        |  ETA: 0:01:17[K
     batch: 6/100[K
   samples: 768/12800[K
[A
[A


[K[A
[K[A
epoch 9   8%|████                                       |  ETA: 0:01:17[K
     batch: 8/100[K
   samples: 1024/12800[K
[A
[A


[K[A
[K[A
epoch 9  10%|█████                                      |  ETA: 0:01:14[K
     batch: 10/100[K
   samples: 1280/12800[K
[A
[A


[K[A
[K[A
epoch 9  12%|██████                                     |  ETA: 0:01:12[K
     batch: 12/100[K
   samples: 1536/12800[K
[A
[A


[K[A
[K[A
epoch 9  14%|███████                                    |  ETA: 0:01:10[K
     batch: 14/100[K
   samples: 1792/12800[K
[A
[A


[K[A
[K[A
epoch 9  16%|███████                                    |  ETA: 0:01:09[K
     batch: 16/100[K
   samples: 2048/12800[K
[A
[A


[K[A
[K[A
epoch 9  18%|████████                                   |  ETA: 0:01:08[K
     batch: 18/100[K
   samples: 2304/12800[K
[A
[A


[K[A
[K[A
epoch 9  20%|█████████                                  |  ETA: 0:01:05[K
     batch: 20/100[K
   samples: 2560/12800[K
[A
[A


[K[A
[K[A
epoch 9  22%|██████████                                 |  ETA: 0:01:04[K
     batch: 22/100[K
   samples: 2816/12800[K
[A
[A


[K[A
[K[A
epoch 9  24%|███████████                                |  ETA: 0:01:02[K
     batch: 24/100[K
   samples: 3072/12800[K
[A
[A


[K[A
[K[A
epoch 9  26%|████████████                               |  ETA: 0:01:00[K
     batch: 26/100[K
   samples: 3328/12800[K
[A
[A


[K[A
[K[A
epoch 9  28%|█████████████                              |  ETA: 0:00:59[K
     batch: 28/100[K
   samples: 3584/12800[K
[A
[A


[K[A
[K[A
epoch 9  30%|█████████████                              |  ETA: 0:00:57[K
     batch: 30/100[K
   samples: 3840/12800[K
[A
[A


[K[A
[K[A
epoch 9  32%|██████████████                             |  ETA: 0:00:55[K
     batch: 32/100[K
   samples: 4096/12800[K
[A
[A


[K[A
[K[A
epoch 9  34%|███████████████                            |  ETA: 0:00:54[K
     batch: 34/100[K
   samples: 4352/12800[K
[A
[A


[K[A
[K[A
epoch 9  36%|████████████████                           |  ETA: 0:00:52[K
     batch: 36/100[K
   samples: 4608/12800[K
[A
[A


[K[A
[K[A
epoch 9  38%|█████████████████                          |  ETA: 0:00:50[K
     batch: 38/100[K
   samples: 4864/12800[K
[A
[A


[K[A
[K[A
epoch 9  39%|█████████████████                          |  ETA: 0:00:50[K
     batch: 39/100[K
   samples: 4992/12800[K
[A
[A


[K[A
[K[A
epoch 9  41%|██████████████████                         |  ETA: 0:00:48[K
     batch: 41/100[K
   samples: 5248/12800[K
[A
[A


[K[A
[K[A
epoch 9  43%|███████████████████                        |  ETA: 0:00:47[K
     batch: 43/100[K
   samples: 5504/12800[K
[A
[A


[K[A
[K[A
epoch 9  45%|████████████████████                       |  ETA: 0:00:45[K
     batch: 45/100[K
   samples: 5760/12800[K
[A
[A


[K[A
[K[A
epoch 9  47%|█████████████████████                      |  ETA: 0:00:43[K
     batch: 47/100[K
   samples: 6016/12800[K
[A
[A


[K[A
[K[A
epoch 9  49%|██████████████████████                     |  ETA: 0:00:42[K
     batch: 49/100[K
   samples: 6272/12800[K
[A
[A


[K[A
[K[A
epoch 9  51%|██████████████████████                     |  ETA: 0:00:40[K
     batch: 51/100[K
   samples: 6528/12800[K
[A
[A


[K[A
[K[A
epoch 9  53%|███████████████████████                    |  ETA: 0:00:39[K
     batch: 53/100[K
   samples: 6784/12800[K
[A
[A


[K[A
[K[A
epoch 9  55%|████████████████████████                   |  ETA: 0:00:37[K
     batch: 55/100[K
   samples: 7040/12800[K
[A
[A


[K[A
[K[A
epoch 9  57%|█████████████████████████                  |  ETA: 0:00:35[K
     batch: 57/100[K
   samples: 7296/12800[K
[A
[A


[K[A
[K[A
epoch 9  59%|██████████████████████████                 |  ETA: 0:00:33[K
     batch: 59/100[K
   samples: 7552/12800[K
[A
[A


[K[A
[K[A
epoch 9  61%|███████████████████████████                |  ETA: 0:00:32[K
     batch: 61/100[K
   samples: 7808/12800[K
[A
[A


[K[A
[K[A
epoch 9  63%|████████████████████████████               |  ETA: 0:00:30[K
     batch: 63/100[K
   samples: 8064/12800[K
[A
[A


[K[A
[K[A
epoch 9  65%|████████████████████████████               |  ETA: 0:00:28[K
     batch: 65/100[K
   samples: 8320/12800[K
[A
[A


[K[A
[K[A
epoch 9  67%|█████████████████████████████              |  ETA: 0:00:27[K
     batch: 67/100[K
   samples: 8576/12800[K
[A
[A


[K[A
[K[A
epoch 9  69%|██████████████████████████████             |  ETA: 0:00:25[K
     batch: 69/100[K
   samples: 8832/12800[K
[A
[A


[K[A
[K[A
epoch 9  71%|███████████████████████████████            |  ETA: 0:00:23[K
     batch: 71/100[K
   samples: 9088/12800[K
[A
[A


[K[A
[K[A
epoch 9  73%|████████████████████████████████           |  ETA: 0:00:22[K
     batch: 73/100[K
   samples: 9344/12800[K
[A
[A


[K[A
[K[A
epoch 9  75%|█████████████████████████████████          |  ETA: 0:00:20[K
     batch: 75/100[K
   samples: 9600/12800[K
[A
[A


[K[A
[K[A
epoch 9  77%|██████████████████████████████████         |  ETA: 0:00:18[K
     batch: 77/100[K
   samples: 9856/12800[K
[A
[A


[K[A
[K[A
epoch 9  79%|██████████████████████████████████         |  ETA: 0:00:17[K
     batch: 79/100[K
   samples: 10112/12800[K
[A
[A


[K[A
[K[A
epoch 9  81%|███████████████████████████████████        |  ETA: 0:00:15[K
     batch: 81/100[K
   samples: 10368/12800[K
[A
[A


[K[A
[K[A
epoch 9  83%|████████████████████████████████████       |  ETA: 0:00:14[K
     batch: 83/100[K
   samples: 10624/12800[K
[A
[A


[K[A
[K[A
epoch 9  85%|█████████████████████████████████████      |  ETA: 0:00:12[K
     batch: 85/100[K
   samples: 10880/12800[K
[A
[A


[K[A
[K[A
epoch 9  87%|██████████████████████████████████████     |  ETA: 0:00:10[K
     batch: 87/100[K
   samples: 11136/12800[K
[A
[A


[K[A
[K[A
epoch 9  89%|███████████████████████████████████████    |  ETA: 0:00:09[K
     batch: 89/100[K
   samples: 11392/12800[K
[A
[A


[K[A
[K[A
epoch 9  91%|████████████████████████████████████████   |  ETA: 0:00:07[K
     batch: 91/100[K
   samples: 11648/12800[K
[A
[A


[K[A
[K[A
epoch 9  93%|████████████████████████████████████████   |  ETA: 0:00:06[K
     batch: 93/100[K
   samples: 11904/12800[K
[A
[A


[K[A
[K[A
epoch 9  95%|█████████████████████████████████████████  |  ETA: 0:00:04[K
     batch: 95/100[K
   samples: 12160/12800[K
[A
[A


[K[A
[K[A
epoch 9  97%|██████████████████████████████████████████ |  ETA: 0:00:02[K
     batch: 97/100[K
   samples: 12416/12800[K
[A
[A


[K[A
[K[A
epoch 9  99%|███████████████████████████████████████████|  ETA: 0:00:01[K
     batch: 99/100[K
   samples: 12672/12800[K
[A
[A


[K[A
[K[A
epoch 9 100%|███████████████████████████████████████████| Time: 0:01:19[K
     batch: 100/100[K
   samples: 12800/12800[K

epoch 10   2%|█                                         |  ETA: 0:01:09[K
     batch: 2/100[K
   samples: 256/12800[K
[A
[A


[K[A
[K[A
epoch 10   4%|██                                        |  ETA: 0:01:12[K
     batch: 4/100[K
   samples: 512/12800[K
[A
[A


[K[A
[K[A
epoch 10   6%|███                                       |  ETA: 0:01:11[K
     batch: 6/100[K
   samples: 768/12800[K
[A
[A


[K[A
[K[A
epoch 10   8%|████                                      |  ETA: 0:01:08[K
     batch: 8/100[K
   samples: 1024/12800[K
[A
[A


[K[A
[K[A
epoch 10  10%|█████                                     |  ETA: 0:01:08[K
     batch: 10/100[K
   samples: 1280/12800[K
[A
[A


[K[A
[K[A
epoch 10  12%|██████                                    |  ETA: 0:01:06[K
     batch: 12/100[K
   samples: 1536/12800[K
[A
[A


[K[A
[K[A
epoch 10  14%|██████                                    |  ETA: 0:01:06[K
     batch: 14/100[K
   samples: 1792/12800[K
[A
[A


[K[A
[K[A
epoch 10  16%|███████                                   |  ETA: 0:01:03[K
     batch: 16/100[K
   samples: 2048/12800[K
[A
[A


[K[A
[K[A
epoch 10  18%|████████                                  |  ETA: 0:01:02[K
     batch: 18/100[K
   samples: 2304/12800[K
[A
[A


[K[A
[K[A
epoch 10  20%|█████████                                 |  ETA: 0:01:01[K
     batch: 20/100[K
   samples: 2560/12800[K
[A
[A


[K[A
[K[A
epoch 10  22%|██████████                                |  ETA: 0:00:59[K
     batch: 22/100[K
   samples: 2816/12800[K
[A
[A


[K[A
[K[A
epoch 10  24%|███████████                               |  ETA: 0:00:58[K
     batch: 24/100[K
   samples: 3072/12800[K
[A
[A


[K[A
[K[A
epoch 10  26%|███████████                               |  ETA: 0:00:56[K
     batch: 26/100[K
   samples: 3328/12800[K
[A
[A


[K[A
[K[A
epoch 10  28%|████████████                              |  ETA: 0:00:55[K
     batch: 28/100[K
   samples: 3584/12800[K
[A
[A


[K[A
[K[A
epoch 10  30%|█████████████                             |  ETA: 0:00:54[K
     batch: 30/100[K
   samples: 3840/12800[K
[A
[A


[K[A
[K[A
epoch 10  32%|██████████████                            |  ETA: 0:00:52[K
     batch: 32/100[K
   samples: 4096/12800[K
[A
[A


[K[A
[K[A
epoch 10  34%|███████████████                           |  ETA: 0:00:51[K
     batch: 34/100[K
   samples: 4352/12800[K
[A
[A


[K[A
[K[A
epoch 10  36%|████████████████                          |  ETA: 0:00:49[K
     batch: 36/100[K
   samples: 4608/12800[K
[A
[A


[K[A
[K[A
epoch 10  38%|████████████████                          |  ETA: 0:00:48[K
     batch: 38/100[K
   samples: 4864/12800[K
[A
[A


[K[A
[K[A
epoch 10  40%|█████████████████                         |  ETA: 0:00:46[K
     batch: 40/100[K
   samples: 5120/12800[K
[A
[A


[K[A
[K[A
epoch 10  42%|██████████████████                        |  ETA: 0:00:45[K
     batch: 42/100[K
   samples: 5376/12800[K
[A
[A


[K[A
[K[A
epoch 10  44%|███████████████████                       |  ETA: 0:00:43[K
     batch: 44/100[K
   samples: 5632/12800[K
[A
[A


[K[A
[K[A
epoch 10  46%|████████████████████                      |  ETA: 0:00:42[K
     batch: 46/100[K
   samples: 5888/12800[K
[A
[A


[K[A
[K[A
epoch 10  48%|█████████████████████                     |  ETA: 0:00:40[K
     batch: 48/100[K
   samples: 6144/12800[K
[A
[A


[K[A
[K[A
epoch 10  50%|██████████████████████                    |  ETA: 0:00:39[K
     batch: 50/100[K
   samples: 6400/12800[K
[A
[A


[K[A
[K[A
epoch 10  52%|██████████████████████                    |  ETA: 0:00:37[K
     batch: 52/100[K
   samples: 6656/12800[K
[A
[A


[K[A
[K[A
epoch 10  54%|███████████████████████                   |  ETA: 0:00:36[K
     batch: 54/100[K
   samples: 6912/12800[K
[A
[A


[K[A
[K[A
epoch 10  56%|████████████████████████                  |  ETA: 0:00:34[K
     batch: 56/100[K
   samples: 7168/12800[K
[A
[A


[K[A
[K[A
epoch 10  58%|█████████████████████████                 |  ETA: 0:00:33[K
     batch: 58/100[K
   samples: 7424/12800[K
[A
[A


[K[A
[K[A
epoch 10  60%|██████████████████████████                |  ETA: 0:00:32[K
     batch: 60/100[K
   samples: 7680/12800[K
[A
[A


[K[A
[K[A
epoch 10  62%|███████████████████████████               |  ETA: 0:00:30[K
     batch: 62/100[K
   samples: 7936/12800[K
[A
[A


[K[A
[K[A
epoch 10  64%|███████████████████████████               |  ETA: 0:00:28[K
     batch: 64/100[K
   samples: 8192/12800[K
[A
[A


[K[A
[K[A
epoch 10  66%|████████████████████████████              |  ETA: 0:00:27[K
     batch: 66/100[K
   samples: 8448/12800[K
[A
[A


[K[A
[K[A
epoch 10  68%|█████████████████████████████             |  ETA: 0:00:25[K
     batch: 68/100[K
   samples: 8704/12800[K
[A
[A


[K[A
[K[A
epoch 10  70%|██████████████████████████████            |  ETA: 0:00:24[K
     batch: 70/100[K
   samples: 8960/12800[K
[A
[A


[K[A
[K[A
epoch 10  72%|███████████████████████████████           |  ETA: 0:00:22[K
     batch: 72/100[K
   samples: 9216/12800[K
[A
[A


[K[A
[K[A
epoch 10  74%|████████████████████████████████          |  ETA: 0:00:21[K
     batch: 74/100[K
   samples: 9472/12800[K
[A
[A


[K[A
[K[A
epoch 10  76%|████████████████████████████████          |  ETA: 0:00:19[K
     batch: 76/100[K
   samples: 9728/12800[K
[A
[A


[K[A
[K[A
epoch 10  78%|█████████████████████████████████         |  ETA: 0:00:17[K
     batch: 78/100[K
   samples: 9984/12800[K
[A
[A


[K[A
[K[A
epoch 10  80%|██████████████████████████████████        |  ETA: 0:00:16[K
     batch: 80/100[K
   samples: 10240/12800[K
[A
[A


[K[A
[K[A
epoch 10  82%|███████████████████████████████████       |  ETA: 0:00:14[K
     batch: 82/100[K
   samples: 10496/12800[K
[A
[A


[K[A
[K[A
epoch 10  84%|████████████████████████████████████      |  ETA: 0:00:13[K
     batch: 84/100[K
   samples: 10752/12800[K
[A
[A


[K[A
[K[A
epoch 10  86%|█████████████████████████████████████     |  ETA: 0:00:11[K
     batch: 86/100[K
   samples: 11008/12800[K
[A
[A


[K[A
[K[A
epoch 10  88%|█████████████████████████████████████     |  ETA: 0:00:10[K
     batch: 88/100[K
   samples: 11264/12800[K
[A
[A


[K[A
[K[A
epoch 10  90%|██████████████████████████████████████    |  ETA: 0:00:08[K
     batch: 90/100[K
   samples: 11520/12800[K
[A
[A


[K[A
[K[A
epoch 10  92%|███████████████████████████████████████   |  ETA: 0:00:06[K
     batch: 92/100[K
   samples: 11776/12800[K
[A
[A


[K[A
[K[A
epoch 10  94%|████████████████████████████████████████  |  ETA: 0:00:05[K
     batch: 94/100[K
   samples: 12032/12800[K
[A
[A


[K[A
[K[A
epoch 10  96%|█████████████████████████████████████████ |  ETA: 0:00:03[K
     batch: 96/100[K
   samples: 12288/12800[K
[A
[A


[K[A
[K[A
epoch 10  98%|██████████████████████████████████████████|  ETA: 0:00:02[K
     batch: 98/100[K
   samples: 12544/12800[K
[A
[A


[K[A
[K[A
epoch 10 100%|██████████████████████████████████████████| Time: 0:01:19[K
     batch: 100/100[K
   samples: 12800/12800[K
[bootstrap] activated project
[bootstrap] loaded packages
building MNIST 784-120-40 layer
loading training split
training samples: 12800 (100 batches/epoch)
loading train-eval split
train-eval samples: 1000
loading test split
test samples: 1000
constructing 32-worker softplus-margin nudge Adam manager
constructing 32-worker validation manager
starting epochs
epoch 0 train-eval: evaluating 1000 samples
epoch 0 train accuracy 0.064 loss 74.857918
epoch 0 evaluating
epoch 0 test: evaluating 1000 samples
epoch 0 test accuracy 0.07 loss 74.218849 best 0.07
(timestamp = "2026-06-09T18:27:36", epoch = 0, seconds = 0.0, train_accuracy = 0.064, train_loss = 74.85792f0, test_accuracy = 0.07, test_loss = 74.21885f0, pred_counts = "52-167-86-60-88-54-85-224-85-99", w_norm = 0.48583895f0, b_norm = 0.0f0, w_input_norm = 1.5314544f0, grad_w_norm = 0.0f0, grad_b_norm = 0.0f0, grad_w_input_norm = 0.0f0, effective_w_decay = 0.001f0, effective_w_input_decay = 0.001f0, symmetry_error = 0.0f0, grad_symmetry_error = 0.0f0, best_accuracy = 0.07, best_path = "ext\\IsingLearning\\experiments\\MNIST\\baseline_new_nudge\\experiments\\current\\equilibrium_stepsize_diagnostic_20260609\\sweeps1000_step0p75_b0p1_T0p00005_wd0p001\\best_checkpoint.bin", final_path = "")
epoch 1 training
epoch 1 batch 1/100 samples 128/12800 elapsed 7.3s
epoch 1 batch 25/100 samples 3200/12800 elapsed 24.0s
epoch 1 batch 50/100 samples 6400/12800 elapsed 42.3s
epoch 1 batch 75/100 samples 9600/12800 elapsed 62.2s
epoch 1 batch 100/100 samples 12800/12800 elapsed 82.9s
epoch 1 training done in 82.866s
epoch 1 train-eval: evaluating 1000 samples
epoch 1 train accuracy 0.381 loss 18.393419
epoch 1 evaluating
epoch 1 test: evaluating 1000 samples
epoch 1 test accuracy 0.391 loss 17.937227 best 0.391
(timestamp = "2026-06-09T18:29:07", epoch = 1, seconds = 82.8662941, train_accuracy = 0.381, train_loss = 18.39342f0, test_accuracy = 0.391, test_loss = 17.937227f0, pred_counts = "131-140-117-15-508-9-45-11-11-13", w_norm = 1.298238f0, b_norm = 0.10573204f0, w_input_norm = 3.3456855f0, grad_w_norm = 2.7545533f0, grad_b_norm = 0.46555683f0, grad_w_input_norm = 3.7445595f0, effective_w_decay = 0.001f0, effective_w_input_decay = 0.001f0, symmetry_error = 0.0f0, grad_symmetry_error = 0.0f0, best_accuracy = 0.391, best_path = "ext\\IsingLearning\\experiments\\MNIST\\baseline_new_nudge\\experiments\\current\\equilibrium_stepsize_diagnostic_20260609\\sweeps1000_step0p75_b0p1_T0p00005_wd0p001\\best_checkpoint.bin", final_path = "")
epoch 2 training
epoch 2 batch 1/100 samples 128/12800 elapsed 0.9s
epoch 2 batch 25/100 samples 3200/12800 elapsed 20.7s
epoch 2 batch 50/100 samples 6400/12800 elapsed 41.4s
epoch 2 batch 75/100 samples 9600/12800 elapsed 62.8s
epoch 2 batch 100/100 samples 12800/12800 elapsed 83.8s
epoch 2 training done in 83.771s
epoch 2 train-eval: evaluating 1000 samples
epoch 2 train accuracy 0.461 loss 14.145376
epoch 2 evaluating
epoch 2 test: evaluating 1000 samples
epoch 2 test accuracy 0.482 loss 13.777765 best 0.482
(timestamp = "2026-06-09T18:30:38", epoch = 2, seconds = 83.7707118, train_accuracy = 0.461, train_loss = 14.145376f0, test_accuracy = 0.482, test_loss = 13.777765f0, pred_counts = "174-146-145-32-270-32-111-31-30-29", w_norm = 1.5256196f0, b_norm = 0.114146955f0, w_input_norm = 3.8621297f0, grad_w_norm = 3.7368011f0, grad_b_norm = 0.68134516f0, grad_w_input_norm = 4.473479f0, effective_w_decay = 0.001f0, effective_w_input_decay = 0.001f0, symmetry_error = 0.0f0, grad_symmetry_error = 0.0f0, best_accuracy = 0.482, best_path = "ext\\IsingLearning\\experiments\\MNIST\\baseline_new_nudge\\experiments\\current\\equilibrium_stepsize_diagnostic_20260609\\sweeps1000_step0p75_b0p1_T0p00005_wd0p001\\best_checkpoint.bin", final_path = "")
epoch 3 training
epoch 3 batch 1/100 samples 128/12800 elapsed 0.8s
epoch 3 batch 25/100 samples 3200/12800 elapsed 21.3s
epoch 3 batch 50/100 samples 6400/12800 elapsed 42.6s
epoch 3 batch 75/100 samples 9600/12800 elapsed 64.1s
epoch 3 batch 100/100 samples 12800/12800 elapsed 85.7s
epoch 3 training done in 85.745s
epoch 3 train-eval: evaluating 1000 samples
epoch 3 train accuracy 0.387 loss 17.823044
epoch 3 evaluating
epoch 3 test: evaluating 1000 samples
epoch 3 test accuracy 0.402 loss 17.325855 best 0.482
(timestamp = "2026-06-09T18:32:12", epoch = 3, seconds = 85.7453873, train_accuracy = 0.387, train_loss = 17.823044f0, test_accuracy = 0.402, test_loss = 17.325855f0, pred_counts = "118-175-65-14-499-18-79-11-8-13", w_norm = 1.7306954f0, b_norm = 0.12916964f0, w_input_norm = 4.239328f0, grad_w_norm = 3.109734f0, grad_b_norm = 0.56615615f0, grad_w_input_norm = 3.8422663f0, effective_w_decay = 0.001f0, effective_w_input_decay = 0.001f0, symmetry_error = 0.0f0, grad_symmetry_error = 0.0f0, best_accuracy = 0.482, best_path = "ext\\IsingLearning\\experiments\\MNIST\\baseline_new_nudge\\experiments\\current\\equilibrium_stepsize_diagnostic_20260609\\sweeps1000_step0p75_b0p1_T0p00005_wd0p001\\best_checkpoint.bin", final_path = "")
epoch 4 training
epoch 4 batch 1/100 samples 128/12800 elapsed 0.8s
epoch 4 batch 25/100 samples 3200/12800 elapsed 21.3s
epoch 4 batch 50/100 samples 6400/12800 elapsed 41.2s
epoch 4 batch 75/100 samples 9600/12800 elapsed 61.0s
epoch 4 batch 100/100 samples 12800/12800 elapsed 80.0s
epoch 4 training done in 79.984s
epoch 4 train-eval: evaluating 1000 samples
epoch 4 train accuracy 0.444 loss 15.890243
epoch 4 evaluating
epoch 4 test: evaluating 1000 samples
epoch 4 test accuracy 0.459 loss 15.529814 best 0.482
(timestamp = "2026-06-09T18:33:38", epoch = 4, seconds = 79.9841394, train_accuracy = 0.444, train_loss = 15.890243f0, test_accuracy = 0.459, test_loss = 15.529814f0, pred_counts = "135-362-90-21-187-23-108-23-22-29", w_norm = 1.905483f0, b_norm = 0.14383f0, w_input_norm = 4.6012692f0, grad_w_norm = 2.6596224f0, grad_b_norm = 0.4482494f0, grad_w_input_norm = 3.1569817f0, effective_w_decay = 0.001f0, effective_w_input_decay = 0.001f0, symmetry_error = 0.0f0, grad_symmetry_error = 0.0f0, best_accuracy = 0.482, best_path = "ext\\IsingLearning\\experiments\\MNIST\\baseline_new_nudge\\experiments\\current\\equilibrium_stepsize_diagnostic_20260609\\sweeps1000_step0p75_b0p1_T0p00005_wd0p001\\best_checkpoint.bin", final_path = "")
epoch 5 training
epoch 5 batch 1/100 samples 128/12800 elapsed 0.8s
epoch 5 batch 25/100 samples 3200/12800 elapsed 20.3s
epoch 5 batch 50/100 samples 6400/12800 elapsed 41.1s
epoch 5 batch 75/100 samples 9600/12800 elapsed 62.1s
epoch 5 batch 100/100 samples 12800/12800 elapsed 83.4s
epoch 5 training done in 83.374s
epoch 5 train-eval: evaluating 1000 samples
epoch 5 train accuracy 0.471 loss 14.397444
epoch 5 evaluating
epoch 5 test: evaluating 1000 samples
epoch 5 test accuracy 0.478 loss 13.837453 best 0.482
(timestamp = "2026-06-09T18:35:09", epoch = 5, seconds = 83.3738156, train_accuracy = 0.471, train_loss = 14.397444f0, test_accuracy = 0.478, test_loss = 13.837453f0, pred_counts = "162-168-171-27-243-25-128-33-16-27", w_norm = 2.0442028f0, b_norm = 0.14676431f0, w_input_norm = 4.8371444f0, grad_w_norm = 2.3390627f0, grad_b_norm = 0.3919657f0, grad_w_input_norm = 2.9343133f0, effective_w_decay = 0.001f0, effective_w_input_decay = 0.001f0, symmetry_error = 0.0f0, grad_symmetry_error = 0.0f0, best_accuracy = 0.482, best_path = "ext\\IsingLearning\\experiments\\MNIST\\baseline_new_nudge\\experiments\\current\\equilibrium_stepsize_diagnostic_20260609\\sweeps1000_step0p75_b0p1_T0p00005_wd0p001\\best_checkpoint.bin", final_path = "")
epoch 6 training
epoch 6 batch 1/100 samples 128/12800 elapsed 0.9s
epoch 6 batch 25/100 samples 3200/12800 elapsed 21.2s
epoch 6 batch 50/100 samples 6400/12800 elapsed 42.4s
epoch 6 batch 75/100 samples 9600/12800 elapsed 63.4s
epoch 6 batch 100/100 samples 12800/12800 elapsed 84.6s
epoch 6 training done in 84.554s
epoch 6 train-eval: evaluating 1000 samples
epoch 6 train accuracy 0.455 loss 15.120776
epoch 6 evaluating
epoch 6 test: evaluating 1000 samples
epoch 6 test accuracy 0.471 loss 14.803925 best 0.482
(timestamp = "2026-06-09T18:36:40", epoch = 6, seconds = 84.55414, train_accuracy = 0.455, train_loss = 15.120776f0, test_accuracy = 0.471, test_loss = 14.803925f0, pred_counts = "165-259-108-23-230-26-121-28-18-22", w_norm = 2.1673498f0, b_norm = 0.1552314f0, w_input_norm = 5.008459f0, grad_w_norm = 1.9394723f0, grad_b_norm = 0.36832568f0, grad_w_input_norm = 2.963515f0, effective_w_decay = 0.001f0, effective_w_input_decay = 0.001f0, symmetry_error = 0.0f0, grad_symmetry_error = 0.0f0, best_accuracy = 0.482, best_path = "ext\\IsingLearning\\experiments\\MNIST\\baseline_new_nudge\\experiments\\current\\equilibrium_stepsize_diagnostic_20260609\\sweeps1000_step0p75_b0p1_T0p00005_wd0p001\\best_checkpoint.bin", final_path = "")
epoch 7 training
epoch 7 batch 1/100 samples 128/12800 elapsed 0.9s
epoch 7 batch 25/100 samples 3200/12800 elapsed 21.1s
epoch 7 batch 50/100 samples 6400/12800 elapsed 42.5s
epoch 7 batch 75/100 samples 9600/12800 elapsed 63.6s
epoch 7 batch 100/100 samples 12800/12800 elapsed 84.6s
epoch 7 training done in 84.607s
epoch 7 train-eval: evaluating 1000 samples
epoch 7 train accuracy 0.464 loss 13.960242
epoch 7 evaluating
epoch 7 test: evaluating 1000 samples
epoch 7 test accuracy 0.477 loss 13.775805 best 0.482
(timestamp = "2026-06-09T18:38:12", epoch = 7, seconds = 84.6071443, train_accuracy = 0.464, train_loss = 13.960242f0, test_accuracy = 0.477, test_loss = 13.775805f0, pred_counts = "134-233-120-18-210-33-157-28-39-28", w_norm = 2.2935483f0, b_norm = 0.16812465f0, w_input_norm = 5.202961f0, grad_w_norm = 1.6743276f0, grad_b_norm = 0.299861f0, grad_w_input_norm = 2.2706866f0, effective_w_decay = 0.001f0, effective_w_input_decay = 0.001f0, symmetry_error = 0.0f0, grad_symmetry_error = 0.0f0, best_accuracy = 0.482, best_path = "ext\\IsingLearning\\experiments\\MNIST\\baseline_new_nudge\\experiments\\current\\equilibrium_stepsize_diagnostic_20260609\\sweeps1000_step0p75_b0p1_T0p00005_wd0p001\\best_checkpoint.bin", final_path = "")
epoch 8 training
epoch 8 batch 1/100 samples 128/12800 elapsed 1.0s
epoch 8 batch 25/100 samples 3200/12800 elapsed 20.1s
epoch 8 batch 50/100 samples 6400/12800 elapsed 41.4s
epoch 8 batch 75/100 samples 9600/12800 elapsed 62.3s
epoch 8 batch 100/100 samples 12800/12800 elapsed 83.1s
epoch 8 training done in 83.08s
epoch 8 train-eval: evaluating 1000 samples
epoch 8 train accuracy 0.47 loss 13.793652
epoch 8 evaluating
epoch 8 test: evaluating 1000 samples
epoch 8 test accuracy 0.489 loss 13.743121 best 0.489
(timestamp = "2026-06-09T18:39:43", epoch = 8, seconds = 83.080173, train_accuracy = 0.47, train_loss = 13.793652f0, test_accuracy = 0.489, test_loss = 13.743121f0, pred_counts = "147-194-124-30-256-32-134-32-24-27", w_norm = 2.439113f0, b_norm = 0.18397062f0, w_input_norm = 5.375837f0, grad_w_norm = 0.54551435f0, grad_b_norm = 0.10307266f0, grad_w_input_norm = 0.83466357f0, effective_w_decay = 0.001f0, effective_w_input_decay = 0.001f0, symmetry_error = 0.0f0, grad_symmetry_error = 0.0f0, best_accuracy = 0.489, best_path = "ext\\IsingLearning\\experiments\\MNIST\\baseline_new_nudge\\experiments\\current\\equilibrium_stepsize_diagnostic_20260609\\sweeps1000_step0p75_b0p1_T0p00005_wd0p001\\best_checkpoint.bin", final_path = "")
epoch 9 training
epoch 9 batch 1/100 samples 128/12800 elapsed 0.8s
epoch 9 batch 25/100 samples 3200/12800 elapsed 20.4s
epoch 9 batch 50/100 samples 6400/12800 elapsed 41.0s
epoch 9 batch 75/100 samples 9600/12800 elapsed 60.4s
epoch 9 batch 100/100 samples 12800/12800 elapsed 80.0s
epoch 9 training done in 79.954s
epoch 9 train-eval: evaluating 1000 samples
epoch 9 train accuracy 0.456 loss 15.305578
epoch 9 evaluating
epoch 9 test: evaluating 1000 samples
epoch 9 test accuracy 0.472 loss 14.813829 best 0.489
(timestamp = "2026-06-09T18:41:09", epoch = 9, seconds = 79.9540542, train_accuracy = 0.456, train_loss = 15.305578f0, test_accuracy = 0.472, test_loss = 14.813829f0, pred_counts = "119-160-146-24-350-22-129-9-22-19", w_norm = 2.587263f0, b_norm = 0.1917807f0, w_input_norm = 5.577441f0, grad_w_norm = 1.0381855f0, grad_b_norm = 0.14783849f0, grad_w_input_norm = 0.7231921f0, effective_w_decay = 0.001f0, effective_w_input_decay = 0.001f0, symmetry_error = 0.0f0, grad_symmetry_error = 0.0f0, best_accuracy = 0.489, best_path = "ext\\IsingLearning\\experiments\\MNIST\\baseline_new_nudge\\experiments\\current\\equilibrium_stepsize_diagnostic_20260609\\sweeps1000_step0p75_b0p1_T0p00005_wd0p001\\best_checkpoint.bin", final_path = "")
epoch 10 training
epoch 10 batch 1/100 samples 128/12800 elapsed 0.7s
epoch 10 batch 25/100 samples 3200/12800 elapsed 19.1s
epoch 10 batch 50/100 samples 6400/12800 elapsed 38.9s
epoch 10 batch 75/100 samples 9600/12800 elapsed 59.4s
epoch 10 batch 100/100 samples 12800/12800 elapsed 79.8s
epoch 10 training done in 79.795s
epoch 10 train-eval: evaluating 1000 samples
epoch 10 train accuracy 0.339 loss 19.726301
epoch 10 evaluating
epoch 10 test: evaluating 1000 samples
epoch 10 test accuracy 0.357 loss 19.261122 best 0.489
epoch 10 early stop: test accuracy declined for 2 consecutive evaluated epochs
(timestamp = "2026-06-09T18:42:36", epoch = 10, seconds = 79.7947262, train_accuracy = 0.339, train_loss = 19.726301f0, test_accuracy = 0.357, test_loss = 19.261122f0, pred_counts = "113-101-75-10-641-4-36-6-7-7", w_norm = 2.7623084f0, b_norm = 0.19633791f0, w_input_norm = 5.7411094f0, grad_w_norm = 3.780032f0, grad_b_norm = 0.5015401f0, grad_w_input_norm = 0.73182744f0, effective_w_decay = 0.001f0, effective_w_input_decay = 0.001f0, symmetry_error = 0.0f0, grad_symmetry_error = 0.0f0, best_accuracy = 0.489, best_path = "ext\\IsingLearning\\experiments\\MNIST\\baseline_new_nudge\\experiments\\current\\equilibrium_stepsize_diagnostic_20260609\\sweeps1000_step0p75_b0p1_T0p00005_wd0p001\\best_checkpoint.bin", final_path = "ext\\IsingLearning\\experiments\\MNIST\\baseline_new_nudge\\experiments\\current\\equilibrium_stepsize_diagnostic_20260609\\sweeps1000_step0p75_b0p1_T0p00005_wd0p001\\final_checkpoint.bin")
saved MNIST 784-120-40 softplus-margin nudge baseline in ext\IsingLearning\experiments\MNIST\baseline_new_nudge\experiments\current\equilibrium_stepsize_diagnostic_20260609\sweeps1000_step0p75_b0p1_T0p00005_wd0p001
