[bootstrap] activated project
[bootstrap] loaded packages
building MNIST 784-120-40 layer
loading training split
training samples: 12800 (100 batches/epoch)
loading train-eval split
train-eval samples: 1000
loading test split
test samples: 1000
constructing 32-worker softplus-margin nudge Adam manager
constructing 32-worker validation manager
starting epochs
epoch 0 train-eval: evaluating 1000 samples
epoch 0 train accuracy 0.064 loss 74.857918
epoch 0 evaluating
epoch 0 test: evaluating 1000 samples
epoch 0 test accuracy 0.07 loss 74.218849 best 0.07
(timestamp = "2026-06-09T18:27:36", epoch = 0, seconds = 0.0, train_accuracy = 0.064, train_loss = 74.85792f0, test_accuracy = 0.07, test_loss = 74.21885f0, pred_counts = "52-167-86-60-88-54-85-224-85-99", w_norm = 0.48583895f0, b_norm = 0.0f0, w_input_norm = 1.5314544f0, grad_w_norm = 0.0f0, grad_b_norm = 0.0f0, grad_w_input_norm = 0.0f0, effective_w_decay = 0.001f0, effective_w_input_decay = 0.001f0, symmetry_error = 0.0f0, grad_symmetry_error = 0.0f0, best_accuracy = 0.07, best_path = "ext\\IsingLearning\\experiments\\MNIST\\baseline_new_nudge\\experiments\\current\\equilibrium_stepsize_diagnostic_20260609\\sweeps1000_step0p75_b0p1_T0p00005_wd0p001\\best_checkpoint.bin", final_path = "")
epoch 1 training
epoch 1 batch 1/100 samples 128/12800 elapsed 7.3s
epoch 1 batch 25/100 samples 3200/12800 elapsed 24.0s
epoch 1 batch 50/100 samples 6400/12800 elapsed 42.3s
epoch 1 batch 75/100 samples 9600/12800 elapsed 62.2s
epoch 1 batch 100/100 samples 12800/12800 elapsed 82.9s
epoch 1 training done in 82.866s
epoch 1 train-eval: evaluating 1000 samples
epoch 1 train accuracy 0.381 loss 18.393419
epoch 1 evaluating
epoch 1 test: evaluating 1000 samples
epoch 1 test accuracy 0.391 loss 17.937227 best 0.391
(timestamp = "2026-06-09T18:29:07", epoch = 1, seconds = 82.8662941, train_accuracy = 0.381, train_loss = 18.39342f0, test_accuracy = 0.391, test_loss = 17.937227f0, pred_counts = "131-140-117-15-508-9-45-11-11-13", w_norm = 1.298238f0, b_norm = 0.10573204f0, w_input_norm = 3.3456855f0, grad_w_norm = 2.7545533f0, grad_b_norm = 0.46555683f0, grad_w_input_norm = 3.7445595f0, effective_w_decay = 0.001f0, effective_w_input_decay = 0.001f0, symmetry_error = 0.0f0, grad_symmetry_error = 0.0f0, best_accuracy = 0.391, best_path = "ext\\IsingLearning\\experiments\\MNIST\\baseline_new_nudge\\experiments\\current\\equilibrium_stepsize_diagnostic_20260609\\sweeps1000_step0p75_b0p1_T0p00005_wd0p001\\best_checkpoint.bin", final_path = "")
epoch 2 training
epoch 2 batch 1/100 samples 128/12800 elapsed 0.9s
epoch 2 batch 25/100 samples 3200/12800 elapsed 20.7s
epoch 2 batch 50/100 samples 6400/12800 elapsed 41.4s
epoch 2 batch 75/100 samples 9600/12800 elapsed 62.8s
epoch 2 batch 100/100 samples 12800/12800 elapsed 83.8s
epoch 2 training done in 83.771s
epoch 2 train-eval: evaluating 1000 samples
epoch 2 train accuracy 0.461 loss 14.145376
epoch 2 evaluating
epoch 2 test: evaluating 1000 samples
epoch 2 test accuracy 0.482 loss 13.777765 best 0.482
(timestamp = "2026-06-09T18:30:38", epoch = 2, seconds = 83.7707118, train_accuracy = 0.461, train_loss = 14.145376f0, test_accuracy = 0.482, test_loss = 13.777765f0, pred_counts = "174-146-145-32-270-32-111-31-30-29", w_norm = 1.5256196f0, b_norm = 0.114146955f0, w_input_norm = 3.8621297f0, grad_w_norm = 3.7368011f0, grad_b_norm = 0.68134516f0, grad_w_input_norm = 4.473479f0, effective_w_decay = 0.001f0, effective_w_input_decay = 0.001f0, symmetry_error = 0.0f0, grad_symmetry_error = 0.0f0, best_accuracy = 0.482, best_path = "ext\\IsingLearning\\experiments\\MNIST\\baseline_new_nudge\\experiments\\current\\equilibrium_stepsize_diagnostic_20260609\\sweeps1000_step0p75_b0p1_T0p00005_wd0p001\\best_checkpoint.bin", final_path = "")
epoch 3 training
epoch 3 batch 1/100 samples 128/12800 elapsed 0.8s
epoch 3 batch 25/100 samples 3200/12800 elapsed 21.3s
epoch 3 batch 50/100 samples 6400/12800 elapsed 42.6s
epoch 3 batch 75/100 samples 9600/12800 elapsed 64.1s
epoch 3 batch 100/100 samples 12800/12800 elapsed 85.7s
epoch 3 training done in 85.745s
epoch 3 train-eval: evaluating 1000 samples
epoch 3 train accuracy 0.387 loss 17.823044
epoch 3 evaluating
epoch 3 test: evaluating 1000 samples
epoch 3 test accuracy 0.402 loss 17.325855 best 0.482
(timestamp = "2026-06-09T18:32:12", epoch = 3, seconds = 85.7453873, train_accuracy = 0.387, train_loss = 17.823044f0, test_accuracy = 0.402, test_loss = 17.325855f0, pred_counts = "118-175-65-14-499-18-79-11-8-13", w_norm = 1.7306954f0, b_norm = 0.12916964f0, w_input_norm = 4.239328f0, grad_w_norm = 3.109734f0, grad_b_norm = 0.56615615f0, grad_w_input_norm = 3.8422663f0, effective_w_decay = 0.001f0, effective_w_input_decay = 0.001f0, symmetry_error = 0.0f0, grad_symmetry_error = 0.0f0, best_accuracy = 0.482, best_path = "ext\\IsingLearning\\experiments\\MNIST\\baseline_new_nudge\\experiments\\current\\equilibrium_stepsize_diagnostic_20260609\\sweeps1000_step0p75_b0p1_T0p00005_wd0p001\\best_checkpoint.bin", final_path = "")
epoch 4 training
epoch 4 batch 1/100 samples 128/12800 elapsed 0.8s
epoch 4 batch 25/100 samples 3200/12800 elapsed 21.3s
epoch 4 batch 50/100 samples 6400/12800 elapsed 41.2s
epoch 4 batch 75/100 samples 9600/12800 elapsed 61.0s
epoch 4 batch 100/100 samples 12800/12800 elapsed 80.0s
epoch 4 training done in 79.984s
epoch 4 train-eval: evaluating 1000 samples
epoch 4 train accuracy 0.444 loss 15.890243
epoch 4 evaluating
epoch 4 test: evaluating 1000 samples
epoch 4 test accuracy 0.459 loss 15.529814 best 0.482
(timestamp = "2026-06-09T18:33:38", epoch = 4, seconds = 79.9841394, train_accuracy = 0.444, train_loss = 15.890243f0, test_accuracy = 0.459, test_loss = 15.529814f0, pred_counts = "135-362-90-21-187-23-108-23-22-29", w_norm = 1.905483f0, b_norm = 0.14383f0, w_input_norm = 4.6012692f0, grad_w_norm = 2.6596224f0, grad_b_norm = 0.4482494f0, grad_w_input_norm = 3.1569817f0, effective_w_decay = 0.001f0, effective_w_input_decay = 0.001f0, symmetry_error = 0.0f0, grad_symmetry_error = 0.0f0, best_accuracy = 0.482, best_path = "ext\\IsingLearning\\experiments\\MNIST\\baseline_new_nudge\\experiments\\current\\equilibrium_stepsize_diagnostic_20260609\\sweeps1000_step0p75_b0p1_T0p00005_wd0p001\\best_checkpoint.bin", final_path = "")
epoch 5 training
epoch 5 batch 1/100 samples 128/12800 elapsed 0.8s
epoch 5 batch 25/100 samples 3200/12800 elapsed 20.3s
epoch 5 batch 50/100 samples 6400/12800 elapsed 41.1s
epoch 5 batch 75/100 samples 9600/12800 elapsed 62.1s
epoch 5 batch 100/100 samples 12800/12800 elapsed 83.4s
epoch 5 training done in 83.374s
epoch 5 train-eval: evaluating 1000 samples
epoch 5 train accuracy 0.471 loss 14.397444
epoch 5 evaluating
epoch 5 test: evaluating 1000 samples
epoch 5 test accuracy 0.478 loss 13.837453 best 0.482
(timestamp = "2026-06-09T18:35:09", epoch = 5, seconds = 83.3738156, train_accuracy = 0.471, train_loss = 14.397444f0, test_accuracy = 0.478, test_loss = 13.837453f0, pred_counts = "162-168-171-27-243-25-128-33-16-27", w_norm = 2.0442028f0, b_norm = 0.14676431f0, w_input_norm = 4.8371444f0, grad_w_norm = 2.3390627f0, grad_b_norm = 0.3919657f0, grad_w_input_norm = 2.9343133f0, effective_w_decay = 0.001f0, effective_w_input_decay = 0.001f0, symmetry_error = 0.0f0, grad_symmetry_error = 0.0f0, best_accuracy = 0.482, best_path = "ext\\IsingLearning\\experiments\\MNIST\\baseline_new_nudge\\experiments\\current\\equilibrium_stepsize_diagnostic_20260609\\sweeps1000_step0p75_b0p1_T0p00005_wd0p001\\best_checkpoint.bin", final_path = "")
epoch 6 training
epoch 6 batch 1/100 samples 128/12800 elapsed 0.9s
epoch 6 batch 25/100 samples 3200/12800 elapsed 21.2s
epoch 6 batch 50/100 samples 6400/12800 elapsed 42.4s
epoch 6 batch 75/100 samples 9600/12800 elapsed 63.4s
epoch 6 batch 100/100 samples 12800/12800 elapsed 84.6s
epoch 6 training done in 84.554s
epoch 6 train-eval: evaluating 1000 samples
epoch 6 train accuracy 0.455 loss 15.120776
epoch 6 evaluating
epoch 6 test: evaluating 1000 samples
epoch 6 test accuracy 0.471 loss 14.803925 best 0.482
(timestamp = "2026-06-09T18:36:40", epoch = 6, seconds = 84.55414, train_accuracy = 0.455, train_loss = 15.120776f0, test_accuracy = 0.471, test_loss = 14.803925f0, pred_counts = "165-259-108-23-230-26-121-28-18-22", w_norm = 2.1673498f0, b_norm = 0.1552314f0, w_input_norm = 5.008459f0, grad_w_norm = 1.9394723f0, grad_b_norm = 0.36832568f0, grad_w_input_norm = 2.963515f0, effective_w_decay = 0.001f0, effective_w_input_decay = 0.001f0, symmetry_error = 0.0f0, grad_symmetry_error = 0.0f0, best_accuracy = 0.482, best_path = "ext\\IsingLearning\\experiments\\MNIST\\baseline_new_nudge\\experiments\\current\\equilibrium_stepsize_diagnostic_20260609\\sweeps1000_step0p75_b0p1_T0p00005_wd0p001\\best_checkpoint.bin", final_path = "")
epoch 7 training
epoch 7 batch 1/100 samples 128/12800 elapsed 0.9s
epoch 7 batch 25/100 samples 3200/12800 elapsed 21.1s
epoch 7 batch 50/100 samples 6400/12800 elapsed 42.5s
epoch 7 batch 75/100 samples 9600/12800 elapsed 63.6s
epoch 7 batch 100/100 samples 12800/12800 elapsed 84.6s
epoch 7 training done in 84.607s
epoch 7 train-eval: evaluating 1000 samples
epoch 7 train accuracy 0.464 loss 13.960242
epoch 7 evaluating
epoch 7 test: evaluating 1000 samples
epoch 7 test accuracy 0.477 loss 13.775805 best 0.482
(timestamp = "2026-06-09T18:38:12", epoch = 7, seconds = 84.6071443, train_accuracy = 0.464, train_loss = 13.960242f0, test_accuracy = 0.477, test_loss = 13.775805f0, pred_counts = "134-233-120-18-210-33-157-28-39-28", w_norm = 2.2935483f0, b_norm = 0.16812465f0, w_input_norm = 5.202961f0, grad_w_norm = 1.6743276f0, grad_b_norm = 0.299861f0, grad_w_input_norm = 2.2706866f0, effective_w_decay = 0.001f0, effective_w_input_decay = 0.001f0, symmetry_error = 0.0f0, grad_symmetry_error = 0.0f0, best_accuracy = 0.482, best_path = "ext\\IsingLearning\\experiments\\MNIST\\baseline_new_nudge\\experiments\\current\\equilibrium_stepsize_diagnostic_20260609\\sweeps1000_step0p75_b0p1_T0p00005_wd0p001\\best_checkpoint.bin", final_path = "")
epoch 8 training
epoch 8 batch 1/100 samples 128/12800 elapsed 1.0s
epoch 8 batch 25/100 samples 3200/12800 elapsed 20.1s
epoch 8 batch 50/100 samples 6400/12800 elapsed 41.4s
epoch 8 batch 75/100 samples 9600/12800 elapsed 62.3s
epoch 8 batch 100/100 samples 12800/12800 elapsed 83.1s
epoch 8 training done in 83.08s
epoch 8 train-eval: evaluating 1000 samples
epoch 8 train accuracy 0.47 loss 13.793652
epoch 8 evaluating
epoch 8 test: evaluating 1000 samples
epoch 8 test accuracy 0.489 loss 13.743121 best 0.489
(timestamp = "2026-06-09T18:39:43", epoch = 8, seconds = 83.080173, train_accuracy = 0.47, train_loss = 13.793652f0, test_accuracy = 0.489, test_loss = 13.743121f0, pred_counts = "147-194-124-30-256-32-134-32-24-27", w_norm = 2.439113f0, b_norm = 0.18397062f0, w_input_norm = 5.375837f0, grad_w_norm = 0.54551435f0, grad_b_norm = 0.10307266f0, grad_w_input_norm = 0.83466357f0, effective_w_decay = 0.001f0, effective_w_input_decay = 0.001f0, symmetry_error = 0.0f0, grad_symmetry_error = 0.0f0, best_accuracy = 0.489, best_path = "ext\\IsingLearning\\experiments\\MNIST\\baseline_new_nudge\\experiments\\current\\equilibrium_stepsize_diagnostic_20260609\\sweeps1000_step0p75_b0p1_T0p00005_wd0p001\\best_checkpoint.bin", final_path = "")
epoch 9 training
epoch 9 batch 1/100 samples 128/12800 elapsed 0.8s
epoch 9 batch 25/100 samples 3200/12800 elapsed 20.4s
epoch 9 batch 50/100 samples 6400/12800 elapsed 41.0s
epoch 9 batch 75/100 samples 9600/12800 elapsed 60.4s
epoch 9 batch 100/100 samples 12800/12800 elapsed 80.0s
epoch 9 training done in 79.954s
epoch 9 train-eval: evaluating 1000 samples
epoch 9 train accuracy 0.456 loss 15.305578
epoch 9 evaluating
epoch 9 test: evaluating 1000 samples
epoch 9 test accuracy 0.472 loss 14.813829 best 0.489
(timestamp = "2026-06-09T18:41:09", epoch = 9, seconds = 79.9540542, train_accuracy = 0.456, train_loss = 15.305578f0, test_accuracy = 0.472, test_loss = 14.813829f0, pred_counts = "119-160-146-24-350-22-129-9-22-19", w_norm = 2.587263f0, b_norm = 0.1917807f0, w_input_norm = 5.577441f0, grad_w_norm = 1.0381855f0, grad_b_norm = 0.14783849f0, grad_w_input_norm = 0.7231921f0, effective_w_decay = 0.001f0, effective_w_input_decay = 0.001f0, symmetry_error = 0.0f0, grad_symmetry_error = 0.0f0, best_accuracy = 0.489, best_path = "ext\\IsingLearning\\experiments\\MNIST\\baseline_new_nudge\\experiments\\current\\equilibrium_stepsize_diagnostic_20260609\\sweeps1000_step0p75_b0p1_T0p00005_wd0p001\\best_checkpoint.bin", final_path = "")
epoch 10 training
epoch 10 batch 1/100 samples 128/12800 elapsed 0.7s
epoch 10 batch 25/100 samples 3200/12800 elapsed 19.1s
epoch 10 batch 50/100 samples 6400/12800 elapsed 38.9s
epoch 10 batch 75/100 samples 9600/12800 elapsed 59.4s
epoch 10 batch 100/100 samples 12800/12800 elapsed 79.8s
epoch 10 training done in 79.795s
epoch 10 train-eval: evaluating 1000 samples
epoch 10 train accuracy 0.339 loss 19.726301
epoch 10 evaluating
epoch 10 test: evaluating 1000 samples
epoch 10 test accuracy 0.357 loss 19.261122 best 0.489
epoch 10 early stop: test accuracy declined for 2 consecutive evaluated epochs
(timestamp = "2026-06-09T18:42:36", epoch = 10, seconds = 79.7947262, train_accuracy = 0.339, train_loss = 19.726301f0, test_accuracy = 0.357, test_loss = 19.261122f0, pred_counts = "113-101-75-10-641-4-36-6-7-7", w_norm = 2.7623084f0, b_norm = 0.19633791f0, w_input_norm = 5.7411094f0, grad_w_norm = 3.780032f0, grad_b_norm = 0.5015401f0, grad_w_input_norm = 0.73182744f0, effective_w_decay = 0.001f0, effective_w_input_decay = 0.001f0, symmetry_error = 0.0f0, grad_symmetry_error = 0.0f0, best_accuracy = 0.489, best_path = "ext\\IsingLearning\\experiments\\MNIST\\baseline_new_nudge\\experiments\\current\\equilibrium_stepsize_diagnostic_20260609\\sweeps1000_step0p75_b0p1_T0p00005_wd0p001\\best_checkpoint.bin", final_path = "ext\\IsingLearning\\experiments\\MNIST\\baseline_new_nudge\\experiments\\current\\equilibrium_stepsize_diagnostic_20260609\\sweeps1000_step0p75_b0p1_T0p00005_wd0p001\\final_checkpoint.bin")
saved MNIST 784-120-40 softplus-margin nudge baseline in ext\IsingLearning\experiments\MNIST\baseline_new_nudge\experiments\current\equilibrium_stepsize_diagnostic_20260609\sweeps1000_step0p75_b0p1_T0p00005_wd0p001
