[bootstrap] activated project
[bootstrap] loaded packages
building MNIST 784-120-40 layer
loading training split
training samples: 12800 (100 batches/epoch)
loading train-eval split
train-eval samples: 1000
loading test split
test samples: 1000
constructing 32-worker softplus-margin nudge Adam manager
constructing 32-worker validation manager
starting epochs
restoring checkpoint state from ext/IsingLearning/experiments/MNIST/baseline_new_nudge/experiments/current/symmetric_nudge_resume_from_0p689_20260610/cont_lr0p00012_reset_s500/best_checkpoint.bin
epoch 18 training
epoch 18 batch 1/100 samples 128/12800 elapsed 17.3s
epoch 18 batch 25/100 samples 3200/12800 elapsed 35.0s
epoch 18 batch 50/100 samples 6400/12800 elapsed 53.4s
epoch 18 batch 75/100 samples 9600/12800 elapsed 71.7s
epoch 18 batch 100/100 samples 12800/12800 elapsed 90.9s
epoch 18 training done in 90.849s
epoch 18 train-eval: evaluating 1000 samples
epoch 18 train accuracy 0.682 loss 11.885387
epoch 18 evaluating
epoch 18 test: evaluating 1000 samples
epoch 18 test accuracy 0.702 loss 11.60184 best 0.714
(timestamp = "2026-06-10T01:32:10", epoch = 18, seconds = 90.8493782, train_accuracy = 0.682, train_loss = 11.885387f0, test_accuracy = 0.702, test_loss = 11.60184f0, pred_counts = "131-109-115-133-159-104-106-127-6-10", w_norm = 0.79719627f0, b_norm = 0.060222376f0, w_input_norm = 1.9430758f0, grad_w_norm = 7.2895594f0, grad_b_norm = 0.88226765f0, grad_w_input_norm = 5.7657533f0, effective_w_decay = 0.001f0, effective_w_input_decay = 0.001f0, symmetry_error = 0.0f0, grad_symmetry_error = 0.0f0, best_accuracy = 0.714, best_path = "ext\\IsingLearning\\experiments\\MNIST\\baseline_new_nudge\\experiments\\current\\symmetric_nudge_resume_from_0p714_20260610\\cont_lr0p00010_reset_s500\\best_checkpoint.bin", final_path = "")
epoch 19 training
epoch 19 batch 1/100 samples 128/12800 elapsed 0.7s
epoch 19 batch 25/100 samples 3200/12800 elapsed 20.3s
epoch 19 batch 50/100 samples 6400/12800 elapsed 40.4s
epoch 19 batch 75/100 samples 9600/12800 elapsed 61.6s
epoch 19 batch 100/100 samples 12800/12800 elapsed 81.1s
epoch 19 training done in 81.074s
epoch 19 train-eval: evaluating 1000 samples
epoch 19 train accuracy 0.688 loss 11.617969
epoch 19 evaluating
epoch 19 test: evaluating 1000 samples
epoch 19 test accuracy 0.681 loss 11.640676 best 0.714
(timestamp = "2026-06-10T01:33:36", epoch = 19, seconds = 81.0741962, train_accuracy = 0.688, train_loss = 11.617969f0, test_accuracy = 0.681, test_loss = 11.640676f0, pred_counts = "122-113-118-176-126-77-115-126-18-9", w_norm = 0.79508644f0, b_norm = 0.059992325f0, w_input_norm = 1.9508517f0, grad_w_norm = 7.2767143f0, grad_b_norm = 0.9822262f0, grad_w_input_norm = 6.10672f0, effective_w_decay = 0.001f0, effective_w_input_decay = 0.001f0, symmetry_error = 0.0f0, grad_symmetry_error = 0.0f0, best_accuracy = 0.714, best_path = "ext\\IsingLearning\\experiments\\MNIST\\baseline_new_nudge\\experiments\\current\\symmetric_nudge_resume_from_0p714_20260610\\cont_lr0p00010_reset_s500\\best_checkpoint.bin", final_path = "")
epoch 20 training
epoch 20 batch 1/100 samples 128/12800 elapsed 0.8s
epoch 20 batch 25/100 samples 3200/12800 elapsed 19.2s
epoch 20 batch 50/100 samples 6400/12800 elapsed 38.3s
epoch 20 batch 75/100 samples 9600/12800 elapsed 57.4s
epoch 20 batch 100/100 samples 12800/12800 elapsed 76.0s
epoch 20 training done in 76.028s
epoch 20 train-eval: evaluating 1000 samples
epoch 20 train accuracy 0.686 loss 11.664745
epoch 20 evaluating
epoch 20 test: evaluating 1000 samples
epoch 20 test accuracy 0.692 loss 11.56141 best 0.714
(timestamp = "2026-06-10T01:34:55", epoch = 20, seconds = 76.0279678, train_accuracy = 0.686, train_loss = 11.664745f0, test_accuracy = 0.692, test_loss = 11.56141f0, pred_counts = "131-137-93-135-131-112-107-131-10-13", w_norm = 0.80529577f0, b_norm = 0.061918776f0, w_input_norm = 1.9680074f0, grad_w_norm = 5.7671256f0, grad_b_norm = 0.7387274f0, grad_w_input_norm = 5.739651f0, effective_w_decay = 0.001f0, effective_w_input_decay = 0.001f0, symmetry_error = 0.0f0, grad_symmetry_error = 0.0f0, best_accuracy = 0.714, best_path = "ext\\IsingLearning\\experiments\\MNIST\\baseline_new_nudge\\experiments\\current\\symmetric_nudge_resume_from_0p714_20260610\\cont_lr0p00010_reset_s500\\best_checkpoint.bin", final_path = "")
epoch 21 training
epoch 21 batch 1/100 samples 128/12800 elapsed 0.7s
epoch 21 batch 25/100 samples 3200/12800 elapsed 17.8s
epoch 21 batch 50/100 samples 6400/12800 elapsed 36.8s
epoch 21 batch 75/100 samples 9600/12800 elapsed 57.1s
epoch 21 batch 100/100 samples 12800/12800 elapsed 76.8s
epoch 21 training done in 76.832s
epoch 21 train-eval: evaluating 1000 samples
epoch 21 train accuracy 0.672 loss 12.185923
epoch 21 evaluating
epoch 21 test: evaluating 1000 samples
epoch 21 test accuracy 0.677 loss 12.21095 best 0.714
(timestamp = "2026-06-10T01:36:15", epoch = 21, seconds = 76.8317772, train_accuracy = 0.672, train_loss = 12.185923f0, test_accuracy = 0.677, test_loss = 12.21095f0, pred_counts = "120-146-113-133-182-73-106-105-13-9", w_norm = 0.80936646f0, b_norm = 0.063307315f0, w_input_norm = 1.9854008f0, grad_w_norm = 3.843871f0, grad_b_norm = 0.5042591f0, grad_w_input_norm = 2.466911f0, effective_w_decay = 0.001f0, effective_w_input_decay = 0.001f0, symmetry_error = 0.0f0, grad_symmetry_error = 0.0f0, best_accuracy = 0.714, best_path = "ext\\IsingLearning\\experiments\\MNIST\\baseline_new_nudge\\experiments\\current\\symmetric_nudge_resume_from_0p714_20260610\\cont_lr0p00010_reset_s500\\best_checkpoint.bin", final_path = "")
epoch 22 training
epoch 22 batch 1/100 samples 128/12800 elapsed 0.9s
epoch 22 batch 25/100 samples 3200/12800 elapsed 19.2s
epoch 22 batch 50/100 samples 6400/12800 elapsed 39.0s
epoch 22 batch 75/100 samples 9600/12800 elapsed 59.0s
epoch 22 batch 100/100 samples 12800/12800 elapsed 77.9s
epoch 22 training done in 77.939s
epoch 22 train-eval: evaluating 1000 samples
epoch 22 train accuracy 0.68 loss 11.827506
epoch 22 evaluating
epoch 22 test: evaluating 1000 samples
epoch 22 test accuracy 0.706 loss 11.466966 best 0.714
(timestamp = "2026-06-10T01:37:36", epoch = 22, seconds = 77.9385298, train_accuracy = 0.68, train_loss = 11.827506f0, test_accuracy = 0.706, test_loss = 11.466966f0, pred_counts = "130-137-111-125-135-85-102-138-18-19", w_norm = 0.82638496f0, b_norm = 0.06581832f0, w_input_norm = 1.9999051f0, grad_w_norm = 3.710842f0, grad_b_norm = 0.6036068f0, grad_w_input_norm = 4.3202376f0, effective_w_decay = 0.001f0, effective_w_input_decay = 0.001f0, symmetry_error = 0.0f0, grad_symmetry_error = 0.0f0, best_accuracy = 0.714, best_path = "ext\\IsingLearning\\experiments\\MNIST\\baseline_new_nudge\\experiments\\current\\symmetric_nudge_resume_from_0p714_20260610\\cont_lr0p00010_reset_s500\\best_checkpoint.bin", final_path = "")
epoch 23 training
epoch 23 batch 1/100 samples 128/12800 elapsed 0.7s
epoch 23 batch 25/100 samples 3200/12800 elapsed 19.9s
epoch 23 batch 50/100 samples 6400/12800 elapsed 39.7s
epoch 23 batch 75/100 samples 9600/12800 elapsed 58.7s
epoch 23 batch 100/100 samples 12800/12800 elapsed 76.8s
epoch 23 training done in 76.759s
epoch 23 train-eval: evaluating 1000 samples
epoch 23 train accuracy 0.678 loss 11.943377
epoch 23 evaluating
epoch 23 test: evaluating 1000 samples
epoch 23 test accuracy 0.699 loss 11.704934 best 0.714
(timestamp = "2026-06-10T01:38:55", epoch = 23, seconds = 76.7592456, train_accuracy = 0.678, train_loss = 11.9433775f0, test_accuracy = 0.699, test_loss = 11.704934f0, pred_counts = "116-148-111-140-145-92-110-118-10-10", w_norm = 0.8435757f0, b_norm = 0.06745372f0, w_input_norm = 2.0167806f0, grad_w_norm = 3.8448412f0, grad_b_norm = 0.5459293f0, grad_w_input_norm = 3.266853f0, effective_w_decay = 0.001f0, effective_w_input_decay = 0.001f0, symmetry_error = 0.0f0, grad_symmetry_error = 0.0f0, best_accuracy = 0.714, best_path = "ext\\IsingLearning\\experiments\\MNIST\\baseline_new_nudge\\experiments\\current\\symmetric_nudge_resume_from_0p714_20260610\\cont_lr0p00010_reset_s500\\best_checkpoint.bin", final_path = "")
epoch 24 training
epoch 24 batch 1/100 samples 128/12800 elapsed 0.7s
epoch 24 batch 25/100 samples 3200/12800 elapsed 19.8s
epoch 24 batch 50/100 samples 6400/12800 elapsed 38.7s
epoch 24 batch 75/100 samples 9600/12800 elapsed 58.4s
epoch 24 batch 100/100 samples 12800/12800 elapsed 78.1s
epoch 24 training done in 78.09s
epoch 24 train-eval: evaluating 1000 samples
epoch 24 train accuracy 0.665 loss 12.144548
epoch 24 evaluating
epoch 24 test: evaluating 1000 samples
epoch 24 test accuracy 0.689 loss 12.006566 best 0.714
epoch 24 early stop: test accuracy declined for 2 consecutive evaluated epochs
(timestamp = "2026-06-10T01:40:16", epoch = 24, seconds = 78.0901553, train_accuracy = 0.665, train_loss = 12.144548f0, test_accuracy = 0.689, test_loss = 12.006566f0, pred_counts = "119-126-145-116-143-149-78-105-9-10", w_norm = 0.8462368f0, b_norm = 0.066924684f0, w_input_norm = 2.0267637f0, grad_w_norm = 3.7310693f0, grad_b_norm = 0.5420548f0, grad_w_input_norm = 3.4968402f0, effective_w_decay = 0.001f0, effective_w_input_decay = 0.001f0, symmetry_error = 0.0f0, grad_symmetry_error = 0.0f0, best_accuracy = 0.714, best_path = "ext\\IsingLearning\\experiments\\MNIST\\baseline_new_nudge\\experiments\\current\\symmetric_nudge_resume_from_0p714_20260610\\cont_lr0p00010_reset_s500\\best_checkpoint.bin", final_path = "")
saved MNIST 784-120-40 softplus-margin nudge baseline in ext\IsingLearning\experiments\MNIST\baseline_new_nudge\experiments\current\symmetric_nudge_resume_from_0p714_20260610\cont_lr0p00010_reset_s500
