[bootstrap] activated project
[bootstrap] loaded packages
building MNIST 784-120-40 layer
loading training split
training samples: 54210 (424 batches/epoch)
loading train-eval split
train-eval samples: 54210
loading test split
test samples: 8920
constructing 32-worker surrogate-attractor Adam manager
constructing 32-worker validation manager
starting epochs
epoch 0 train-eval: evaluating 54210 samples
epoch 0 train-eval: done in 8.644s accuracy=0.08973 loss=57.946213
epoch 0 evaluating
epoch 0 test: evaluating 8920 samples
epoch 0 test: done in 0.46s accuracy=0.09159 loss=57.8005
(timestamp = "2026-06-09T13:32:48", epoch = 0, seconds = 0.0, train_accuracy = 0.08972514296255303, train_loss = 57.946213f0, test_accuracy = 0.09159192825112107, test_loss = 57.8005f0, pred_counts = "745-1062-738-831-882-821-893-1270-757-921", w_norm = 0.48583895f0, b_norm = 0.0f0, w_input_norm = 1.5336232f0, grad_w_norm = 0.0f0, grad_b_norm = 0.0f0, grad_w_input_norm = 0.0f0, symmetry_error = 0.0f0, grad_symmetry_error = 0.0f0, attractor_samples = 0, reward_mean = 0.0f0, reward_std = 0.0f0, best_accuracy = 0.09159192825112107, best_path = "ext/IsingLearning/experiments/MNIST/784-120-40-reinforce-minima-fixes/experiments/current/grid_weight_decay_lr001_full6_earlystop/wd_1e-3\\best_checkpoint.bin", final_path = "")
epoch 1 training
epoch 1 batch 1/424 samples 128/54210 elapsed 10.8s reward_mean -0.7745 reward_std 0.51394 minima 2560
epoch 1 batch 50/424 samples 6400/54210 elapsed 29.5s reward_mean -0.05464 reward_std 0.14984 minima 2560
epoch 1 batch 100/424 samples 12800/54210 elapsed 47.4s reward_mean -0.07415 reward_std 0.17246 minima 2560
epoch 1 batch 150/424 samples 19200/54210 elapsed 65.5s reward_mean -0.05074 reward_std 0.14461 minima 2560
epoch 1 batch 200/424 samples 25600/54210 elapsed 83.6s reward_mean -0.04696 reward_std 0.13904 minima 2560
epoch 1 batch 250/424 samples 32000/54210 elapsed 102.5s reward_mean -0.04686 reward_std 0.13925 minima 2560
epoch 1 batch 300/424 samples 38400/54210 elapsed 120.8s reward_mean -0.03534 reward_std 0.12025 minima 2560
epoch 1 batch 350/424 samples 44800/54210 elapsed 139.6s reward_mean -0.07029 reward_std 0.16846 minima 2560
epoch 1 batch 400/424 samples 51200/54210 elapsed 158.1s reward_mean -0.07409 reward_std 0.1726 minima 2560
epoch 1 batch 424/424 samples 54210/54210 elapsed 167.2s reward_mean -0.05694 reward_std 0.15274 minima 1320
epoch 1 training done in 167.154s
epoch 1 train-eval: evaluating 54210 samples
epoch 1 train-eval: done in 3.232s accuracy=0.0998 loss=76.189995
epoch 1 evaluating
epoch 1 test: evaluating 8920 samples
epoch 1 test: done in 0.516s accuracy=0.09271 loss=76.18943
(timestamp = "2026-06-09T13:35:40", epoch = 1, seconds = 167.1544892, train_accuracy = 0.0997970854085962, train_loss = 76.189995f0, test_accuracy = 0.09271300448430493, test_loss = 76.18943f0, pred_counts = "988-1022-1048-977-948-1015-984-977-961-0", w_norm = 0.61119187f0, b_norm = 0.12375643f0, w_input_norm = 1.5336232f0, grad_w_norm = 0.0012693438f0, grad_b_norm = 0.00025298612f0, grad_w_input_norm = 0.0064233174f0, symmetry_error = 0.0f0, grad_symmetry_error = 0.0f0, attractor_samples = 1320, reward_mean = -0.056936204f0, reward_std = 0.15273616f0, best_accuracy = 0.09271300448430493, best_path = "ext/IsingLearning/experiments/MNIST/784-120-40-reinforce-minima-fixes/experiments/current/grid_weight_decay_lr001_full6_earlystop/wd_1e-3\\best_checkpoint.bin", final_path = "")
epoch 2 training
epoch 2 batch 1/424 samples 128/54210 elapsed 0.4s reward_mean -0.07009 reward_std 0.1685 minima 2560
epoch 2 batch 50/424 samples 6400/54210 elapsed 18.9s reward_mean -0.05469 reward_std 0.15006 minima 2560
epoch 2 batch 100/424 samples 12800/54210 elapsed 37.5s reward_mean -0.05471 reward_std 0.14993 minima 2560
epoch 2 batch 150/424 samples 19200/54210 elapsed 56.2s reward_mean -0.05472 reward_std 0.14994 minima 2560
epoch 2 batch 200/424 samples 25600/54210 elapsed 74.1s reward_mean -0.08183 reward_std 0.18022 minima 2560
epoch 2 batch 250/424 samples 32000/54210 elapsed 93.6s reward_mean -0.07399 reward_std 0.17245 minima 2560
epoch 2 batch 300/424 samples 38400/54210 elapsed 112.4s reward_mean -0.05851 reward_std 0.15499 minima 2560
epoch 2 batch 350/424 samples 44800/54210 elapsed 131.7s reward_mean -0.06648 reward_std 0.16416 minima 2560
epoch 2 batch 400/424 samples 51200/54210 elapsed 150.6s reward_mean -0.05859 reward_std 0.15501 minima 2560
epoch 2 batch 424/424 samples 54210/54210 elapsed 159.6s reward_mean -0.08699 reward_std 0.18485 minima 1320
epoch 2 training done in 159.57s
epoch 2 train-eval: evaluating 54210 samples
epoch 2 train-eval: done in 2.866s accuracy=0.09875 loss=75.902145
epoch 2 evaluating
epoch 2 test: evaluating 8920 samples
epoch 2 test: done in 0.478s accuracy=0.09809 loss=75.922005
(timestamp = "2026-06-09T13:38:23", epoch = 2, seconds = 159.5701147, train_accuracy = 0.09874561888950378, train_loss = 75.902145f0, test_accuracy = 0.09809417040358745, test_loss = 75.922005f0, pred_counts = "964-959-973-1021-811-994-1138-960-1100-0", w_norm = 0.36844164f0, b_norm = 0.124239065f0, w_input_norm = 1.5336233f0, grad_w_norm = 0.00085548725f0, grad_b_norm = 0.00017533072f0, grad_w_input_norm = 0.0063294624f0, symmetry_error = 0.0f0, grad_symmetry_error = 0.0f0, attractor_samples = 1320, reward_mean = -0.086989366f0, reward_std = 0.18485236f0, best_accuracy = 0.09809417040358745, best_path = "ext/IsingLearning/experiments/MNIST/784-120-40-reinforce-minima-fixes/experiments/current/grid_weight_decay_lr001_full6_earlystop/wd_1e-3\\best_checkpoint.bin", final_path = "")
epoch 3 training
epoch 3 batch 1/424 samples 128/54210 elapsed 0.4s reward_mean -0.03523 reward_std 0.11994 minima 2560
epoch 3 batch 50/424 samples 6400/54210 elapsed 19.0s reward_mean -0.04294 reward_std 0.13313 minima 2560
epoch 3 batch 100/424 samples 12800/54210 elapsed 37.4s reward_mean -0.06232 reward_std 0.15955 minima 2560
epoch 3 batch 150/424 samples 19200/54210 elapsed 55.9s reward_mean -0.05857 reward_std 0.15486 minima 2560
