  Activating project at `C:\Users\fenje\dev\InteractiveIsing.jl\ext\IsingLearning`
┌ Warning: Overlapping GeneralState field names encountered during merge; later defaults will override earlier ones.
│   overlapping_fields =
│    2-element Vector{Symbol}:
│     :equilibrium_state
│     :x
└ @ IsingLearning.InteractiveIsing.Processes C:\Users\fenje\dev\InteractiveIsing.jl\deps\Processes\src\Widgets\GeneralState.jl:54
┌ Warning: Overlapping GeneralState field names encountered during merge; later defaults will override earlier ones.
│   overlapping_fields =
│    3-element Vector{Symbol}:
│     :equilibrium_state
│     :y
│     :x
└ @ IsingLearning.InteractiveIsing.Processes C:\Users\fenje\dev\InteractiveIsing.jl\deps\Processes\src\Widgets\GeneralState.jl:54
ERROR: LoadError: UndefVarError: `dot` not defined in `Main`
Suggestion: check for spelling errors or missing imports.
Hint: a global variable of this name also exists in LinearAlgebra.
    - Also exported by ColorVectorSpace (loaded but not imported in Main).
    - Also exported by ImageCore (loaded but not imported in Main).
    - Also exported by ImageBase (loaded but not imported in Main).
    - Also exported by ImageAxes (loaded but not imported in Main).
    - Also exported by Images (loaded but not imported in Main).
Stacktrace:
 [1] worker_phase_row(layer::LayeredIsingGraphLayer{IsingGraph{Float32, IsingLearning.InteractiveIsing.UndirectedAdjacency{Float32, Int32, SparseArrays.SparseMatrixCSC{Float32, Int32}, OffsetArray{Int64, 1, Vector{Int64}}, Nothing}, Tuple{IsingLearning.InteractiveIsing.IsingLayerData{Continuous(), (-1.0f0, 1.0f0), 2, (28, 28), 1:784, IsingLearning.InteractiveIsing.SquareTopology{NonPeriodic, 2, Float64}}, IsingLearning.InteractiveIsing.IsingLayerData{Continuous(), (-1.0f0, 1.0f0), 2, (80, 98), 785:8624, IsingLearning.InteractiveIsing.SquareTopology{NonPeriodic, 2, Float64}}, IsingLearning.InteractiveIsing.IsingLayerData{Continuous(), (-1.0f0, 1.0f0), 2, (2, 5), 8625:8634, IsingLearning.InteractiveIsing.SquareTopology{NonPeriodic, 2, Float64}}}, Vector{Float32}, 3, ToggledIndexSet{Tuple{UnitRange{Int64}, UnitRange{Int64}, UnitRange{Int64}}, Int64}}, UnitRange{Int64}, UnitRange{Int64}, Float32, LocalLangevin{:random, false, Float64}, LocalLangevin{:random, false, Float64}, LocalLangevin{:random, false, Float64}}, worker::Process{CompositeAlgorithm(Routine, Routine, Routine, FuncWrapper@FuncWrapper_9, FuncWrapper@FuncWrapper_10)})
   @ Main C:\Users\fenje\dev\InteractiveIsing.jl\ext\IsingLearning\experiments\mnist_manager\mnist_phase_response.jl:85
 [2] run_phase_response()
   @ Main C:\Users\fenje\dev\InteractiveIsing.jl\ext\IsingLearning\experiments\mnist_manager\mnist_phase_response.jl:181
 [3] top-level scope
   @ C:\Users\fenje\dev\InteractiveIsing.jl\ext\IsingLearning\experiments\mnist_manager\mnist_phase_response.jl:217
 [4] include(mod::Module, _path::String)
   @ Base .\Base.jl:306
 [5] exec_options(opts::Base.JLOptions)
   @ Base .\client.jl:317
 [6] _start()
   @ Base .\client.jl:550
in expression starting at C:\Users\fenje\dev\InteractiveIsing.jl\ext\IsingLearning\experiments\mnist_manager\mnist_phase_response.jl:217
