  Activating project at `~/Documents/GitHub/InteractiveIsing.jl/ext/IsingLearning`
┌ Warning: Overlapping GeneralState field names encountered during merge; later defaults will override earlier ones.
│   overlapping_fields =
│    2-element Vector{Symbol}:
│     :equilibrium_state
│     :x
└ @ IsingLearning.InteractiveIsing.StatefulAlgorithms ~/Documents/GitHub/InteractiveIsing.jl/deps/StatefulAlgorithms/src/Widgets/GeneralState.jl:54
┌ Warning: Overlapping GeneralState field names encountered during merge; later defaults will override earlier ones.
│   overlapping_fields =
│    3-element Vector{Symbol}:
│     :equilibrium_state
│     :y
│     :x
└ @ IsingLearning.InteractiveIsing.StatefulAlgorithms ~/Documents/GitHub/InteractiveIsing.jl/deps/StatefulAlgorithms/src/Widgets/GeneralState.jl:54
Running 2-input statistical XOR EP: (epochs = 1200, log_every = 100, minit = 16, eval_repeats = 64, hidden = 16, beta = 0.5, lr = 0.0005, weight_decay = 0.0, temp = 0.001, stepsize = 0.1, block_size = 8, free_relaxation = 80, nudged_relaxation = 80, state = :continuous, dynamics = :langevin, init_mode = :random, training_rule = :ep, target_free_sign = :target_minus_free)
epoch=0 mse=1.011702 acc=0.25
    case=(false, false) input=[-1.0, -1.0] target=[1.0, -1.0] mean=[0.0623, -0.0347] std=0.5457
    case=(false, true) input=[-1.0, 1.0] target=[-1.0, 1.0] mean=[0.0157, -0.0024] std=0.58285
    case=(true, false) input=[1.0, -1.0] target=[-1.0, 1.0] mean=[-0.0582, -0.1242] std=0.60437
    case=(true, true) input=[1.0, 1.0] target=[1.0, -1.0] mean=[-0.041, 0.0058] std=0.60473
epoch=1 mse=1.010637 acc=0.25 grad=0.226905 response=0.1311 delta=0.006042
epoch=100 mse=1.01209 acc=0.25 grad=0.233901 response=0.131921 delta=0.120515
epoch=200 mse=1.012231 acc=0.25 grad=0.231027 response=0.132458 delta=0.201604
epoch=300 mse=1.011456 acc=0.25 grad=0.190954 response=0.128991 delta=0.265413
epoch=400 mse=1.011001 acc=0.25 grad=0.254229 response=0.131489 delta=0.32043
epoch=500 mse=1.012216 acc=0.25 grad=0.213747 response=0.130201 delta=0.355823
epoch=600 mse=1.007533 acc=0.25 grad=0.211176 response=0.128542 delta=0.402768
epoch=700 mse=1.016202 acc=0.25 grad=0.234913 response=0.127146 delta=0.446367
epoch=800 mse=1.012936 acc=0.25 grad=0.210288 response=0.126126 delta=0.472134
epoch=900 mse=1.009795 acc=0.25 grad=0.216303 response=0.12491 delta=0.501286
epoch=1000 mse=1.009581 acc=0.25 grad=0.249848 response=0.127842 delta=0.508185
epoch=1100 mse=1.013017 acc=0.25 grad=0.214747 response=0.126585 delta=0.52332
epoch=1200 mse=1.013156 acc=0.25 grad=0.272622 response=0.129675 delta=0.541294
restored best mse=1.006259 acc=0.25
    case=(false, false) input=[-1.0, -1.0] target=[1.0, -1.0] mean=[0.0887, -0.027] std=0.54741
    case=(false, true) input=[-1.0, 1.0] target=[-1.0, 1.0] mean=[0.0193, 0.016] std=0.57217
    case=(true, false) input=[1.0, -1.0] target=[-1.0, 1.0] mean=[-0.0393, -0.111] std=0.61543
    case=(true, true) input=[1.0, 1.0] target=[1.0, -1.0] mean=[-0.032, 0.0215] std=0.59988
Saved CSV: ext/IsingLearning/runs/xor_2input_langevin_random_sweep_20260510_021947/T001_s010_lr0005_b05_w005/xor_statistical_ep_2input.csv
Saved plot: ext/IsingLearning/runs/xor_2input_langevin_random_sweep_20260510_021947/T001_s010_lr0005_b05_w005/xor_statistical_ep_2input.png
Saved graph: ext/IsingLearning/runs/xor_2input_langevin_random_sweep_20260510_021947/T001_s010_lr0005_b05_w005/xor_statistical_ep_2input_trained_graph.jld2
