Running bespoke XOR search with 1 config(s)
config 1/1: (hidden = (16,), out = 4, output_code = :orthogonal, target_mode = :readout_hterm, readout_target = 1.0, lp = 0.0, dw = 0.0, bias = 0.1, skip = 0.0, weight_norm = 0.2, lr = 0.01, beta = 0.1, relaxation = 100, dynamics = :block, block_size = 8, adjusted = true, stepsize = 0.001, state = :continuous, weight_seed = 2, bias_seed = 11, minit = 5)
  epoch=1 mse=1.006819 acc=0.75 margin=0.034766 grad=0.916481 delta=4.467742 weight_rms=0.2
  epoch=100 mse=1.003065 acc=0.75 margin=0.03873 grad=0.777432 delta=4.598891 weight_rms=0.2
  epoch=200 mse=1.005286 acc=0.75 margin=0.037241 grad=0.803126 delta=4.699128 weight_rms=0.2
  epoch=300 mse=1.00215 acc=0.75 margin=0.041671 grad=0.888963 delta=4.701173 weight_rms=0.2
  epoch=400 mse=1.007591 acc=0.75 margin=0.03431 grad=0.83627 delta=4.774281 weight_rms=0.2
  epoch=500 mse=1.011824 acc=0.75 margin=0.027656 grad=0.875761 delta=4.880745 weight_rms=0.2
  epoch=600 mse=1.018458 acc=0.75 margin=0.022404 grad=0.708361 delta=4.960779 weight_rms=0.2
  epoch=700 mse=1.018722 acc=0.75 margin=0.021857 grad=0.782881 delta=4.99003 weight_rms=0.2
  epoch=800 mse=1.023855 acc=0.75 margin=0.015517 grad=0.71818 delta=5.083742 weight_rms=0.2
  epoch=900 mse=1.023985 acc=0.75 margin=0.010087 grad=0.754664 delta=5.152699 weight_rms=0.2
  epoch=1000 mse=1.016451 acc=0.75 margin=0.016641 grad=0.851314 delta=5.190158 weight_rms=0.2
  epoch=1100 mse=1.017319 acc=0.75 margin=0.016247 grad=0.762406 delta=5.269776 weight_rms=0.2
  epoch=1200 mse=1.021296 acc=0.75 margin=0.010901 grad=0.700914 delta=5.286848 weight_rms=0.2
  epoch=1300 mse=1.023657 acc=0.75 margin=0.009354 grad=0.723639 delta=5.289171 weight_rms=0.2
  epoch=1400 mse=1.024037 acc=0.75 margin=0.010662 grad=0.791156 delta=5.291347 weight_rms=0.2
  epoch=1500 mse=1.024111 acc=0.75 margin=0.013132 grad=0.625438 delta=5.324021 weight_rms=0.2
  epoch=1600 mse=1.02702 acc=0.75 margin=0.010792 grad=0.581273 delta=5.399154 weight_rms=0.2
  epoch=1700 mse=1.02025 acc=0.75 margin=0.018153 grad=0.657628 delta=5.384999 weight_rms=0.2
  epoch=1800 mse=1.021053 acc=0.75 margin=0.017581 grad=0.616658 delta=5.355183 weight_rms=0.2
  epoch=1900 mse=1.017144 acc=0.75 margin=0.019545 grad=0.554983 delta=5.341735 weight_rms=0.2
  epoch=2000 mse=1.013049 acc=0.75 margin=0.020149 grad=0.671849 delta=5.388712 weight_rms=0.2
  epoch=2100 mse=1.014699 acc=0.75 margin=0.019501 grad=0.633269 delta=5.444185 weight_rms=0.2
  epoch=2200 mse=1.014662 acc=0.75 margin=0.024226 grad=0.706514 delta=5.471879 weight_rms=0.2
  epoch=2300 mse=1.01727 acc=0.75 margin=0.025896 grad=0.604773 delta=5.421728 weight_rms=0.2
  epoch=2400 mse=1.01171 acc=0.75 margin=0.03171 grad=0.721863 delta=5.42983 weight_rms=0.2
  epoch=2500 mse=1.012257 acc=0.75 margin=0.03142 grad=0.651404 delta=5.417676 weight_rms=0.2
  epoch=2600 mse=1.014356 acc=0.75 margin=0.031153 grad=0.575169 delta=5.43704 weight_rms=0.2
  epoch=2700 mse=1.010573 acc=0.75 margin=0.034031 grad=0.581302 delta=5.443893 weight_rms=0.2
  epoch=2800 mse=1.0088 acc=0.75 margin=0.036018 grad=0.479986 delta=5.432566 weight_rms=0.2
  epoch=2900 mse=1.007964 acc=0.75 margin=0.036875 grad=0.563929 delta=5.47634 weight_rms=0.2
  epoch=3000 mse=1.008888 acc=0.75 margin=0.031872 grad=0.578098 delta=5.529614 weight_rms=0.2
  epoch=3100 mse=1.008182 acc=0.75 margin=0.034312 grad=0.604518 delta=5.551545 weight_rms=0.2
  epoch=3200 mse=1.003445 acc=0.75 margin=0.032599 grad=0.499125 delta=5.536519 weight_rms=0.2
  epoch=3300 mse=1.00724 acc=0.75 margin=0.029098 grad=0.534728 delta=5.546182 weight_rms=0.2
  epoch=3400 mse=1.010831 acc=0.75 margin=0.021593 grad=0.519986 delta=5.556739 weight_rms=0.2
  epoch=3500 mse=1.011514 acc=0.75 margin=0.019743 grad=0.503945 delta=5.569625 weight_rms=0.2
  epoch=3600 mse=1.005819 acc=0.75 margin=0.02631 grad=0.512602 delta=5.614008 weight_rms=0.2
  epoch=3700 mse=1.009478 acc=0.75 margin=0.031356 grad=0.466039 delta=5.649071 weight_rms=0.2
  epoch=3800 mse=1.009224 acc=0.75 margin=0.029796 grad=0.512338 delta=5.719413 weight_rms=0.2
  epoch=3900 mse=1.009406 acc=0.75 margin=0.030128 grad=0.44801 delta=5.786596 weight_rms=0.2
  epoch=4000 mse=1.009483 acc=0.75 margin=0.029008 grad=0.463731 delta=5.75998 weight_rms=0.2
  epoch=4100 mse=1.015892 acc=0.75 margin=0.020753 grad=0.452481 delta=5.778831 weight_rms=0.2
  epoch=4200 mse=1.015545 acc=0.75 margin=0.019097 grad=0.457073 delta=5.752191 weight_rms=0.2
  epoch=4300 mse=1.017758 acc=0.75 margin=0.011475 grad=0.499958 delta=5.802789 weight_rms=0.2
  epoch=4400 mse=1.019305 acc=0.75 margin=0.013243 grad=0.455158 delta=5.878857 weight_rms=0.2
  epoch=4500 mse=1.021213 acc=0.75 margin=0.012659 grad=0.454963 delta=5.883446 weight_rms=0.2
  epoch=4600 mse=1.021275 acc=0.75 margin=0.012597 grad=0.447664 delta=5.901325 weight_rms=0.2
  epoch=4700 mse=1.019975 acc=0.75 margin=0.016794 grad=0.474749 delta=5.894977 weight_rms=0.2
  epoch=4800 mse=1.017134 acc=0.75 margin=0.018294 grad=0.408762 delta=5.94184 weight_rms=0.2
  epoch=4900 mse=1.017371 acc=0.75 margin=0.016961 grad=0.388231 delta=5.979411 weight_rms=0.2
  epoch=5000 mse=1.017512 acc=0.75 margin=0.01691 grad=0.410655 delta=5.989731 weight_rms=0.2
  epoch=5100 mse=1.017332 acc=0.75 margin=0.015636 grad=0.352073 delta=6.050479 weight_rms=0.2
  epoch=5200 mse=1.015201 acc=0.75 margin=0.018681 grad=0.440408 delta=6.049366 weight_rms=0.2
  epoch=5300 mse=1.013631 acc=0.75 margin=0.019401 grad=0.400729 delta=6.099827 weight_rms=0.2
  epoch=5400 mse=1.015112 acc=0.75 margin=0.018002 grad=0.36562 delta=6.2124 weight_rms=0.2
  epoch=5500 mse=1.012224 acc=0.75 margin=0.021087 grad=0.343544 delta=6.208365 weight_rms=0.2
  epoch=5600 mse=1.012192 acc=0.75 margin=0.021093 grad=0.373657 delta=6.190789 weight_rms=0.2
  epoch=5700 mse=1.014966 acc=0.75 margin=0.015294 grad=0.349818 delta=6.233619 weight_rms=0.2
  epoch=5800 mse=1.014297 acc=0.75 margin=0.01439 grad=0.300003 delta=6.292056 weight_rms=0.2
  epoch=5900 mse=1.013144 acc=0.75 margin=0.01827 grad=0.31598 delta=6.318628 weight_rms=0.2
  epoch=6000 mse=1.012981 acc=0.75 margin=0.018191 grad=0.349909 delta=6.363878 weight_rms=0.2
  epoch=6100 mse=1.014969 acc=0.75 margin=0.020547 grad=0.28743 delta=6.338682 weight_rms=0.2
  epoch=6200 mse=1.014296 acc=0.75 margin=0.017897 grad=0.323373 delta=6.396762 weight_rms=0.2
  epoch=6300 mse=1.013775 acc=0.75 margin=0.017598 grad=0.316491 delta=6.388468 weight_rms=0.2
  epoch=6400 mse=1.011914 acc=0.75 margin=0.01988 grad=0.31056 delta=6.494217 weight_rms=0.2
  epoch=6500 mse=1.007832 acc=0.75 margin=0.023234 grad=0.29743 delta=6.489649 weight_rms=0.2
  epoch=6600 mse=1.007672 acc=0.75 margin=0.023743 grad=0.286986 delta=6.540219 weight_rms=0.2
  epoch=6700 mse=1.008888 acc=0.75 margin=0.023686 grad=0.265252 delta=6.5711 weight_rms=0.2
  epoch=6800 mse=1.014801 acc=0.75 margin=0.019342 grad=0.254536 delta=6.627796 weight_rms=0.2
  epoch=6900 mse=1.015542 acc=0.75 margin=0.017515 grad=0.264616 delta=6.598617 weight_rms=0.2
  epoch=7000 mse=1.018026 acc=0.75 margin=0.019044 grad=0.232846 delta=6.579316 weight_rms=0.2
  epoch=7100 mse=1.013654 acc=0.75 margin=0.021769 grad=0.236771 delta=6.645795 weight_rms=0.2
  epoch=7200 mse=1.011985 acc=0.75 margin=0.021399 grad=0.252955 delta=6.719174 weight_rms=0.2
  epoch=7300 mse=1.010463 acc=0.75 margin=0.020989 grad=0.257896 delta=6.749522 weight_rms=0.2
  epoch=7400 mse=1.008805 acc=0.75 margin=0.021779 grad=0.233062 delta=6.790591 weight_rms=0.2
  epoch=7500 mse=1.009966 acc=0.75 margin=0.020152 grad=0.231666 delta=6.793554 weight_rms=0.2
  epoch=7600 mse=1.009608 acc=0.75 margin=0.021012 grad=0.254202 delta=6.828223 weight_rms=0.2
  epoch=7700 mse=1.009123 acc=0.75 margin=0.018748 grad=0.234708 delta=6.83864 weight_rms=0.2
  epoch=7800 mse=1.009643 acc=0.75 margin=0.017986 grad=0.25075 delta=6.836995 weight_rms=0.2
  epoch=7900 mse=1.007691 acc=0.75 margin=0.020711 grad=0.241947 delta=6.828126 weight_rms=0.2
  epoch=8000 mse=1.012955 acc=0.75 margin=0.017918 grad=0.215014 delta=6.800209 weight_rms=0.2
  epoch=8100 mse=1.013931 acc=0.75 margin=0.015765 grad=0.188517 delta=6.812124 weight_rms=0.2
  epoch=8200 mse=1.017137 acc=0.75 margin=0.015092 grad=0.162618 delta=6.87867 weight_rms=0.2
  epoch=8300 mse=1.020123 acc=0.75 margin=0.01037 grad=0.200481 delta=6.875969 weight_rms=0.2
  epoch=8400 mse=1.019338 acc=0.75 margin=0.010202 grad=0.19307 delta=6.936532 weight_rms=0.2
  epoch=8500 mse=1.019201 acc=0.75 margin=0.012427 grad=0.203703 delta=7.074388 weight_rms=0.2
  epoch=8600 mse=1.021882 acc=0.75 margin=0.011212 grad=0.163598 delta=7.085035 weight_rms=0.2
  epoch=8700 mse=1.025644 acc=0.75 margin=0.009057 grad=0.175394 delta=7.079096 weight_rms=0.2
  epoch=8800 mse=1.025356 acc=0.75 margin=0.005613 grad=0.174411 delta=7.051195 weight_rms=0.2
  epoch=8900 mse=1.023179 acc=0.75 margin=0.008616 grad=0.191602 delta=6.937853 weight_rms=0.2
  epoch=9000 mse=1.025027 acc=0.75 margin=0.004324 grad=0.144336 delta=7.09407 weight_rms=0.2
  epoch=9100 mse=1.02466 acc=0.75 margin=0.006761 grad=0.179072 delta=7.10302 weight_rms=0.2
  epoch=9200 mse=1.025488 acc=0.75 margin=0.004575 grad=0.166861 delta=7.18234 weight_rms=0.2
  epoch=9300 mse=1.027323 acc=0.75 margin=0.003291 grad=0.136669 delta=7.274625 weight_rms=0.2
  epoch=9400 mse=1.027731 acc=0.75 margin=0.006046 grad=0.117707 delta=7.225654 weight_rms=0.2
  epoch=9500 mse=1.029669 acc=0.75 margin=0.003686 grad=0.133964 delta=7.22803 weight_rms=0.2
  epoch=9600 mse=1.032423 acc=0.5 margin=0.000501 grad=0.135551 delta=7.15508 weight_rms=0.2
  epoch=9700 mse=1.034685 acc=0.5 margin=0.003102 grad=0.117213 delta=7.179297 weight_rms=0.2
  epoch=9800 mse=1.036666 acc=0.5 margin=0.003974 grad=0.138913 delta=7.294607 weight_rms=0.2
  epoch=9900 mse=1.043601 acc=0.5 margin=0.006822 grad=0.131189 delta=7.320737 weight_rms=0.2
  epoch=10000 mse=1.045016 acc=0.5 margin=0.007215 grad=0.166072 delta=7.33533 weight_rms=0.2
  before: mse=1.006878 acc=0.75 best: epoch=300 mse=1.00215 acc=0.75 after: mse=1.00215 spin_mse=0.324741 score_mse=1.00215 acc=0.75 margin=0.041671
    case=(false, false) truth=false score=-0.286657 target=-1.0 out=[-0.0338, 0.4122, -0.0867, 0.66]
    case=(false, true) truth=true score=0.041671 target=1.0 out=[0.3201, -0.3876, 0.2483, -0.3316]
    case=(true, false) truth=true score=-0.434478 target=1.0 out=[0.0439, -0.615, 0.2804, 0.5885]
    case=(true, true) truth=false score=-0.276383 target=-1.0 out=[-0.0567, 0.0817, 0.4985, 0.0543]
Top configs:
#1 hidden=(16,) out=4 target=readout_hterm readout_target=1.0 lp=0.0 output_code=orthogonal dw=0.0 bias=0.1 skip=0.0 weight_norm=0.2 lr=0.01 beta=0.1 relax=100 dynamics=block block=8 adjusted=true stepsize=0.001 state=continuous weight_seed=2 bias_seed=11 before_mse=1.006878 before_acc=0.75 best_epoch=300 best_mse=1.00215 best_acc=0.75 after_mse=1.00215 after_spin_mse=0.324741 after_score_mse=1.00215 after_acc=0.75 margin=0.041671
