[bootstrap] activated project
[bootstrap] loaded packages
building MNIST 784-120-40 layer
loading training split
training samples: 12800 (100 batches/epoch)
loading train-eval split
train-eval samples: 1000
loading test split
test samples: 1000
constructing 32-worker softplus-margin nudge Adam manager
constructing 32-worker validation manager
starting epochs
restoring checkpoint state from ext/IsingLearning/experiments/MNIST/baseline_new_nudge/experiments/current/symmetric_nudge_beta_relax_from_0p714_20260610/b0p025_lr0p00015_s500_reverseT/best_checkpoint.bin
epoch 22 training
epoch 22 batch 1/100 samples 128/12800 elapsed 15.8s
epoch 22 batch 25/100 samples 3200/12800 elapsed 32.9s
epoch 22 batch 50/100 samples 6400/12800 elapsed 50.7s
epoch 22 batch 75/100 samples 9600/12800 elapsed 68.4s
epoch 22 batch 100/100 samples 12800/12800 elapsed 85.9s
epoch 22 training done in 85.891s
epoch 22 train-eval: evaluating 1000 samples
epoch 22 train accuracy 0.685 loss 11.923882
epoch 22 evaluating
epoch 22 test: evaluating 1000 samples
epoch 22 test accuracy 0.698 loss 11.653275 best 0.724
(timestamp = "2026-06-10T09:49:39", epoch = 22, seconds = 85.8905063, train_accuracy = 0.685, train_loss = 11.9238825f0, test_accuracy = 0.698, test_loss = 11.653275f0, pred_counts = "124-118-116-154-167-71-100-131-11-8", w_norm = 0.8569206f0, b_norm = 0.06935384f0, w_input_norm = 2.0413165f0, grad_w_norm = 3.2707493f0, grad_b_norm = 0.434756f0, grad_w_input_norm = 2.5658278f0, effective_w_decay = 0.002f0, effective_w_input_decay = 0.002f0, symmetry_error = 0.0f0, grad_symmetry_error = 0.0f0, best_accuracy = 0.724, best_path = "ext\\IsingLearning\\experiments\\MNIST\\baseline_new_nudge\\experiments\\current\\symmetric_nudge_stabilize_from_0p724_20260610\\b0p025_lr0p00010_wd0p002_s500_reverseT\\best_checkpoint.bin", final_path = "")
epoch 23 training
epoch 23 batch 1/100 samples 128/12800 elapsed 0.7s
epoch 23 batch 25/100 samples 3200/12800 elapsed 18.3s
epoch 23 batch 50/100 samples 6400/12800 elapsed 36.1s
epoch 23 batch 75/100 samples 9600/12800 elapsed 55.1s
epoch 23 batch 100/100 samples 12800/12800 elapsed 76.0s
epoch 23 training done in 75.99s
epoch 23 train-eval: evaluating 1000 samples
epoch 23 train accuracy 0.712 loss 11.245505
epoch 23 evaluating
epoch 23 test: evaluating 1000 samples
epoch 23 test accuracy 0.718 loss 11.044212 best 0.724
(timestamp = "2026-06-10T09:50:59", epoch = 23, seconds = 75.9896232, train_accuracy = 0.712, train_loss = 11.245505f0, test_accuracy = 0.718, test_loss = 11.044212f0, pred_counts = "117-115-107-129-129-105-120-142-23-13", w_norm = 0.8704977f0, b_norm = 0.072716326f0, w_input_norm = 2.0495498f0, grad_w_norm = 1.1157238f0, grad_b_norm = 0.22876349f0, grad_w_input_norm = 1.9258364f0, effective_w_decay = 0.002f0, effective_w_input_decay = 0.002f0, symmetry_error = 0.0f0, grad_symmetry_error = 0.0f0, best_accuracy = 0.724, best_path = "ext\\IsingLearning\\experiments\\MNIST\\baseline_new_nudge\\experiments\\current\\symmetric_nudge_stabilize_from_0p724_20260610\\b0p025_lr0p00010_wd0p002_s500_reverseT\\best_checkpoint.bin", final_path = "")
epoch 24 training
epoch 24 batch 1/100 samples 128/12800 elapsed 0.8s
epoch 24 batch 25/100 samples 3200/12800 elapsed 20.4s
epoch 24 batch 50/100 samples 6400/12800 elapsed 41.4s
epoch 24 batch 75/100 samples 9600/12800 elapsed 61.5s
epoch 24 batch 100/100 samples 12800/12800 elapsed 80.9s
epoch 24 training done in 80.922s
epoch 24 train-eval: evaluating 1000 samples
epoch 24 train accuracy 0.688 loss 11.814061
epoch 24 evaluating
epoch 24 test: evaluating 1000 samples
epoch 24 test accuracy 0.701 loss 11.650028 best 0.724
(timestamp = "2026-06-10T09:52:23", epoch = 24, seconds = 80.9219523, train_accuracy = 0.688, train_loss = 11.814061f0, test_accuracy = 0.701, test_loss = 11.650028f0, pred_counts = "122-105-116-151-116-111-106-134-17-22", w_norm = 0.8802355f0, b_norm = 0.07445578f0, w_input_norm = 2.056253f0, grad_w_norm = 3.2968616f0, grad_b_norm = 0.55967474f0, grad_w_input_norm = 3.596563f0, effective_w_decay = 0.002f0, effective_w_input_decay = 0.002f0, symmetry_error = 0.0f0, grad_symmetry_error = 0.0f0, best_accuracy = 0.724, best_path = "ext\\IsingLearning\\experiments\\MNIST\\baseline_new_nudge\\experiments\\current\\symmetric_nudge_stabilize_from_0p724_20260610\\b0p025_lr0p00010_wd0p002_s500_reverseT\\best_checkpoint.bin", final_path = "")
epoch 25 training
epoch 25 batch 1/100 samples 128/12800 elapsed 0.7s
epoch 25 batch 25/100 samples 3200/12800 elapsed 19.4s
epoch 25 batch 50/100 samples 6400/12800 elapsed 37.8s
epoch 25 batch 75/100 samples 9600/12800 elapsed 56.0s
epoch 25 batch 100/100 samples 12800/12800 elapsed 74.8s
epoch 25 training done in 74.759s
epoch 25 train-eval: evaluating 1000 samples
epoch 25 train accuracy 0.685 loss 11.619079
epoch 25 evaluating
epoch 25 test: evaluating 1000 samples
epoch 25 test accuracy 0.71 loss 11.316696 best 0.724
(timestamp = "2026-06-10T09:53:41", epoch = 25, seconds = 74.7590106, train_accuracy = 0.685, train_loss = 11.619079f0, test_accuracy = 0.71, test_loss = 11.316696f0, pred_counts = "129-122-122-133-156-92-100-129-8-9", w_norm = 0.88152176f0, b_norm = 0.07501098f0, w_input_norm = 2.0587611f0, grad_w_norm = 3.5289142f0, grad_b_norm = 0.4451703f0, grad_w_input_norm = 2.3257515f0, effective_w_decay = 0.002f0, effective_w_input_decay = 0.002f0, symmetry_error = 0.0f0, grad_symmetry_error = 0.0f0, best_accuracy = 0.724, best_path = "ext\\IsingLearning\\experiments\\MNIST\\baseline_new_nudge\\experiments\\current\\symmetric_nudge_stabilize_from_0p724_20260610\\b0p025_lr0p00010_wd0p002_s500_reverseT\\best_checkpoint.bin", final_path = "")
epoch 26 training
epoch 26 batch 1/100 samples 128/12800 elapsed 0.8s
epoch 26 batch 25/100 samples 3200/12800 elapsed 18.5s
epoch 26 batch 50/100 samples 6400/12800 elapsed 37.5s
epoch 26 batch 75/100 samples 9600/12800 elapsed 57.2s
epoch 26 batch 100/100 samples 12800/12800 elapsed 77.6s
epoch 26 training done in 77.603s
epoch 26 train-eval: evaluating 1000 samples
epoch 26 train accuracy 0.667 loss 11.858575
epoch 26 evaluating
epoch 26 test: evaluating 1000 samples
epoch 26 test accuracy 0.685 loss 11.474319 best 0.724
(timestamp = "2026-06-10T09:55:01", epoch = 26, seconds = 77.6031332, train_accuracy = 0.667, train_loss = 11.858575f0, test_accuracy = 0.685, test_loss = 11.4743185f0, pred_counts = "128-110-127-153-114-132-91-114-17-14", w_norm = 0.8842861f0, b_norm = 0.074229896f0, w_input_norm = 2.060501f0, grad_w_norm = 4.672448f0, grad_b_norm = 0.5655004f0, grad_w_input_norm = 2.911239f0, effective_w_decay = 0.002f0, effective_w_input_decay = 0.002f0, symmetry_error = 0.0f0, grad_symmetry_error = 0.0f0, best_accuracy = 0.724, best_path = "ext\\IsingLearning\\experiments\\MNIST\\baseline_new_nudge\\experiments\\current\\symmetric_nudge_stabilize_from_0p724_20260610\\b0p025_lr0p00010_wd0p002_s500_reverseT\\best_checkpoint.bin", final_path = "")
epoch 27 training
epoch 27 batch 1/100 samples 128/12800 elapsed 0.8s
epoch 27 batch 25/100 samples 3200/12800 elapsed 21.3s
epoch 27 batch 50/100 samples 6400/12800 elapsed 42.6s
epoch 27 batch 75/100 samples 9600/12800 elapsed 63.1s
epoch 27 batch 100/100 samples 12800/12800 elapsed 83.0s
epoch 27 training done in 82.973s
epoch 27 train-eval: evaluating 1000 samples
epoch 27 train accuracy 0.688 loss 11.651097
epoch 27 evaluating
epoch 27 test: evaluating 1000 samples
epoch 27 test accuracy 0.685 loss 11.601136 best 0.724
(timestamp = "2026-06-10T09:56:27", epoch = 27, seconds = 82.9734683, train_accuracy = 0.688, train_loss = 11.651097f0, test_accuracy = 0.685, test_loss = 11.601136f0, pred_counts = "140-131-141-133-106-94-98-125-14-18", w_norm = 0.88851285f0, b_norm = 0.074442364f0, w_input_norm = 2.0674772f0, grad_w_norm = 6.9723773f0, grad_b_norm = 1.0328635f0, grad_w_input_norm = 7.425519f0, effective_w_decay = 0.002f0, effective_w_input_decay = 0.002f0, symmetry_error = 0.0f0, grad_symmetry_error = 0.0f0, best_accuracy = 0.724, best_path = "ext\\IsingLearning\\experiments\\MNIST\\baseline_new_nudge\\experiments\\current\\symmetric_nudge_stabilize_from_0p724_20260610\\b0p025_lr0p00010_wd0p002_s500_reverseT\\best_checkpoint.bin", final_path = "")
epoch 28 training
epoch 28 batch 1/100 samples 128/12800 elapsed 0.8s
epoch 28 batch 25/100 samples 3200/12800 elapsed 18.2s
epoch 28 batch 50/100 samples 6400/12800 elapsed 38.2s
epoch 28 batch 75/100 samples 9600/12800 elapsed 58.5s
epoch 28 batch 100/100 samples 12800/12800 elapsed 77.7s
epoch 28 training done in 77.744s
epoch 28 train-eval: evaluating 1000 samples
epoch 28 train accuracy 0.684 loss 11.622748
epoch 28 evaluating
epoch 28 test: evaluating 1000 samples
epoch 28 test accuracy 0.718 loss 11.319248 best 0.724
(timestamp = "2026-06-10T09:57:48", epoch = 28, seconds = 77.7436089, train_accuracy = 0.684, train_loss = 11.622748f0, test_accuracy = 0.718, test_loss = 11.319248f0, pred_counts = "99-114-123-149-141-96-108-139-14-17", w_norm = 0.895629f0, b_norm = 0.076905616f0, w_input_norm = 2.0819013f0, grad_w_norm = 2.7726865f0, grad_b_norm = 0.3902491f0, grad_w_input_norm = 2.278876f0, effective_w_decay = 0.002f0, effective_w_input_decay = 0.002f0, symmetry_error = 0.0f0, grad_symmetry_error = 0.0f0, best_accuracy = 0.724, best_path = "ext\\IsingLearning\\experiments\\MNIST\\baseline_new_nudge\\experiments\\current\\symmetric_nudge_stabilize_from_0p724_20260610\\b0p025_lr0p00010_wd0p002_s500_reverseT\\best_checkpoint.bin", final_path = "ext\\IsingLearning\\experiments\\MNIST\\baseline_new_nudge\\experiments\\current\\symmetric_nudge_stabilize_from_0p724_20260610\\b0p025_lr0p00010_wd0p002_s500_reverseT\\final_checkpoint.bin")
saved MNIST 784-120-40 softplus-margin nudge baseline in ext\IsingLearning\experiments\MNIST\baseline_new_nudge\experiments\current\symmetric_nudge_stabilize_from_0p724_20260610\b0p025_lr0p00010_wd0p002_s500_reverseT
