  Activating project at `~/Documents/GitHub/InteractiveIsing.jl/ext/IsingLearning`
ERROR: LoadError: DomainError with -0.01:
the learning rate cannot be negative
Stacktrace:
 [1] _assert_positive_eta
   @ ~/.julia/packages/Optimisers/ZOK0f/src/interface.jl:302 [inlined]
 [2] _assert_positive_eta
   @ ~/.julia/packages/Optimisers/ZOK0f/src/interface.jl:300 [inlined]
 [3] Adam
   @ ~/.julia/packages/Optimisers/ZOK0f/src/interface.jl:280 [inlined]
 [4] Adam(eta::Float64)
   @ Optimisers ~/.julia/packages/Optimisers/ZOK0f/src/interface.jl:279
 [5] main()
   @ Main ~/Documents/GitHub/InteractiveIsing.jl/ext/IsingLearning/examples/xor_statistical_ep_2input.jl:548
 [6] top-level scope
   @ ~/Documents/GitHub/InteractiveIsing.jl/ext/IsingLearning/examples/xor_statistical_ep_2input.jl:609
 [7] include(mod::Module, _path::String)
   @ Base ./Base.jl:306
 [8] exec_options(opts::Base.JLOptions)
   @ Base ./client.jl:317
 [9] _start()
   @ Base ./client.jl:550
in expression starting at /Users/fabian/Documents/GitHub/InteractiveIsing.jl/ext/IsingLearning/examples/xor_statistical_ep_2input.jl:609
