Running 10 edge-application XOR config(s)
[1/10] nn1
nn1 epoch=0 mse=1.023737 acc=0.5 min_margin=-0.1852 best_margin=-0.1852
nn1 epoch=10 mse=1.042509 acc=0.5 min_margin=-0.1728 best_margin=-0.1728
nn1 epoch=20 mse=1.035269 acc=0.5 min_margin=-0.1768 best_margin=-0.1728
nn1 epoch=30 mse=1.030222 acc=0.5 min_margin=-0.1612 best_margin=-0.1612
nn1 epoch=40 mse=1.016615 acc=0.5 min_margin=-0.1447 best_margin=-0.1447
nn1 epoch=50 mse=1.026965 acc=0.5 min_margin=-0.1372 best_margin=-0.1372
nn1 epoch=60 mse=1.008644 acc=0.5 min_margin=-0.1212 best_margin=-0.1212
nn1 epoch=70 mse=1.039483 acc=0.5 min_margin=-0.1445 best_margin=-0.1212
nn1 epoch=80 mse=1.011452 acc=0.5 min_margin=-0.1354 best_margin=-0.1212
nn1 epoch=90 mse=1.015591 acc=0.5 min_margin=-0.1296 best_margin=-0.1212
nn1 epoch=100 mse=1.011383 acc=0.5 min_margin=-0.1267 best_margin=-0.1212
nn1 epoch=110 mse=1.019534 acc=0.5 min_margin=-0.1304 best_margin=-0.1212
nn1 epoch=120 mse=1.022707 acc=0.5 min_margin=-0.1333 best_margin=-0.1212
nn1 epoch=130 mse=1.018976 acc=0.5 min_margin=-0.1249 best_margin=-0.1212
nn1 epoch=140 mse=1.02448 acc=0.5 min_margin=-0.1513 best_margin=-0.1212
nn1 epoch=150 mse=1.036828 acc=0.5 min_margin=-0.1485 best_margin=-0.1212
nn1 epoch=160 mse=1.01056 acc=0.5 min_margin=-0.1325 best_margin=-0.1212
[2/10] nn2
nn2 epoch=0 mse=0.99633 acc=0.5 min_margin=-0.0578 best_margin=-0.0578
nn2 epoch=10 mse=0.992381 acc=0.5 min_margin=-0.0333 best_margin=-0.0333
nn2 epoch=20 mse=1.001416 acc=0.25 min_margin=-0.0376 best_margin=-0.0333
nn2 epoch=30 mse=1.013061 acc=0.5 min_margin=-0.0627 best_margin=-0.0333
nn2 epoch=40 mse=0.972784 acc=0.75 min_margin=-0.0186 best_margin=-0.0186
nn2 epoch=50 mse=1.001311 acc=0.5 min_margin=-0.0477 best_margin=-0.0186
nn2 epoch=60 mse=0.988044 acc=0.5 min_margin=-0.0687 best_margin=-0.0186
nn2 epoch=70 mse=1.006343 acc=0.5 min_margin=-0.0603 best_margin=-0.0186
nn2 epoch=80 mse=1.026589 acc=0.5 min_margin=-0.051 best_margin=-0.0186
nn2 epoch=90 mse=0.996388 acc=0.5 min_margin=-0.0128 best_margin=-0.0128
nn2 epoch=100 mse=0.987217 acc=0.75 min_margin=-0.0133 best_margin=-0.0128
nn2 epoch=110 mse=1.025027 acc=0.25 min_margin=-0.0314 best_margin=-0.0128
nn2 epoch=120 mse=1.006049 acc=0.5 min_margin=-0.0235 best_margin=-0.0128
nn2 epoch=130 mse=1.016538 acc=0.25 min_margin=-0.0164 best_margin=-0.0128
nn2 epoch=140 mse=1.001522 acc=0.5 min_margin=-0.0201 best_margin=-0.0128
nn2 epoch=150 mse=1.000579 acc=0.25 min_margin=-0.0033 best_margin=-0.0033
nn2 epoch=160 mse=0.987884 acc=0.75 min_margin=-0.03 best_margin=-0.0033
[3/10] nn3
nn3 epoch=0 mse=1.048313 acc=0.5 min_margin=-0.2346 best_margin=-0.2346
nn3 epoch=10 mse=1.030711 acc=0.5 min_margin=-0.1916 best_margin=-0.1916
nn3 epoch=20 mse=1.034457 acc=0.5 min_margin=-0.1931 best_margin=-0.1916
nn3 epoch=30 mse=1.050196 acc=0.5 min_margin=-0.1986 best_margin=-0.1916
nn3 epoch=40 mse=1.025267 acc=0.5 min_margin=-0.1598 best_margin=-0.1598
nn3 epoch=50 mse=1.037486 acc=0.5 min_margin=-0.1374 best_margin=-0.1374
nn3 epoch=60 mse=1.019803 acc=0.5 min_margin=-0.1197 best_margin=-0.1197
nn3 epoch=70 mse=0.990372 acc=0.5 min_margin=-0.0524 best_margin=-0.0524
nn3 epoch=80 mse=0.996819 acc=0.75 min_margin=-0.0171 best_margin=-0.0171
nn3 epoch=90 mse=1.007018 acc=0.25 min_margin=-0.0222 best_margin=-0.0171
nn3 epoch=100 mse=1.012175 acc=0.25 min_margin=-0.0317 best_margin=-0.0171
nn3 epoch=110 mse=0.994565 acc=0.5 min_margin=-0.0246 best_margin=-0.0171
nn3 epoch=120 mse=1.004789 acc=0.5 min_margin=-0.0322 best_margin=-0.0171
nn3 epoch=130 mse=0.996973 acc=0.5 min_margin=-0.0375 best_margin=-0.0171
nn3 epoch=140 mse=1.016433 acc=0.5 min_margin=-0.0551 best_margin=-0.0171
nn3 epoch=150 mse=1.007124 acc=0.5 min_margin=-0.0515 best_margin=-0.0171
nn3 epoch=160 mse=1.006147 acc=0.5 min_margin=-0.0673 best_margin=-0.0171
[4/10] nn4
nn4 epoch=0 mse=0.952517 acc=0.5 min_margin=-0.0867 best_margin=-0.0867
nn4 epoch=10 mse=1.023556 acc=0.5 min_margin=-0.1506 best_margin=-0.0867
nn4 epoch=20 mse=0.969204 acc=0.5 min_margin=-0.149 best_margin=-0.0867
nn4 epoch=30 mse=1.062458 acc=0.5 min_margin=-0.2874 best_margin=-0.0867
nn4 epoch=40 mse=1.066876 acc=0.5 min_margin=-0.3403 best_margin=-0.0867
nn4 epoch=50 mse=0.984387 acc=0.5 min_margin=-0.3281 best_margin=-0.0867
nn4 epoch=60 mse=1.136456 acc=0.5 min_margin=-0.4408 best_margin=-0.0867
nn4 epoch=70 mse=1.00718 acc=0.75 min_margin=-0.424 best_margin=-0.0867
nn4 epoch=80 mse=1.056833 acc=0.5 min_margin=-0.4952 best_margin=-0.0867
nn4 epoch=90 mse=1.059645 acc=0.5 min_margin=-0.5194 best_margin=-0.0867
nn4 epoch=100 mse=1.112726 acc=0.5 min_margin=-0.5399 best_margin=-0.0867
nn4 epoch=110 mse=1.018647 acc=0.5 min_margin=-0.5368 best_margin=-0.0867
nn4 epoch=120 mse=0.961533 acc=0.75 min_margin=-0.5366 best_margin=-0.0867
nn4 epoch=130 mse=0.936621 acc=0.75 min_margin=-0.4374 best_margin=-0.0867
nn4 epoch=140 mse=1.021396 acc=0.75 min_margin=-0.3823 best_margin=-0.0867
nn4 epoch=150 mse=0.922336 acc=0.5 min_margin=-0.3592 best_margin=-0.0867
nn4 epoch=160 mse=0.963104 acc=0.5 min_margin=-0.381 best_margin=-0.0867
[5/10] nn5
nn5 epoch=0 mse=1.070796 acc=0.5 min_margin=-0.2377 best_margin=-0.2377
nn5 epoch=10 mse=0.976418 acc=0.5 min_margin=-0.0568 best_margin=-0.0568
nn5 epoch=20 mse=0.896225 acc=0.75 min_margin=-0.0675 best_margin=-0.0568
nn5 epoch=30 mse=0.833985 acc=0.75 min_margin=-0.0188 best_margin=-0.0188
nn5 epoch=40 mse=0.73933 acc=0.75 min_margin=-0.028 best_margin=-0.0188
nn5 epoch=50 mse=0.712437 acc=0.75 min_margin=-0.1403 best_margin=-0.0188
nn5 epoch=60 mse=0.629518 acc=0.75 min_margin=-0.0222 best_margin=-0.0188
nn5 epoch=70 mse=0.531605 acc=0.75 min_margin=-0.0763 best_margin=-0.0188
nn5 epoch=80 mse=0.559239 acc=0.75 min_margin=-0.0689 best_margin=-0.0188
nn5 epoch=90 mse=0.54878 acc=1.0 min_margin=0.0013 best_margin=0.0013
nn5 epoch=100 mse=0.412815 acc=1.0 min_margin=0.321 best_margin=0.321
nn5 epoch=110 mse=0.469542 acc=1.0 min_margin=0.0302 best_margin=0.321
nn5 epoch=120 mse=0.416212 acc=1.0 min_margin=0.1715 best_margin=0.321
nn5 epoch=130 mse=0.29787 acc=1.0 min_margin=0.1758 best_margin=0.321
nn5 epoch=140 mse=0.365855 acc=1.0 min_margin=0.1338 best_margin=0.321
nn5 epoch=150 mse=0.431997 acc=1.0 min_margin=0.124 best_margin=0.321
nn5 epoch=160 mse=0.396976 acc=1.0 min_margin=0.1628 best_margin=0.321
[6/10] nn6
nn6 epoch=0 mse=1.008822 acc=0.5 min_margin=-0.2841 best_margin=-0.2841
nn6 epoch=10 mse=0.845837 acc=0.75 min_margin=-0.1388 best_margin=-0.1388
nn6 epoch=20 mse=0.583533 acc=1.0 min_margin=0.0033 best_margin=0.0033
nn6 epoch=30 mse=0.495163 acc=1.0 min_margin=0.087 best_margin=0.087
nn6 epoch=40 mse=0.484761 acc=0.75 min_margin=-0.0098 best_margin=0.087
nn6 epoch=50 mse=0.323894 acc=1.0 min_margin=0.1574 best_margin=0.1574
nn6 epoch=60 mse=0.335671 acc=1.0 min_margin=0.1021 best_margin=0.1574
nn6 epoch=70 mse=0.20112 acc=1.0 min_margin=0.359 best_margin=0.359
nn6 epoch=80 mse=0.189935 acc=1.0 min_margin=0.3289 best_margin=0.359
nn6 epoch=90 mse=0.134708 acc=1.0 min_margin=0.4854 best_margin=0.4854
nn6 epoch=100 mse=0.120867 acc=1.0 min_margin=0.5417 best_margin=0.5417
nn6 epoch=110 mse=0.146816 acc=1.0 min_margin=0.4003 best_margin=0.5417
nn6 epoch=120 mse=0.127455 acc=1.0 min_margin=0.3893 best_margin=0.5417
nn6 epoch=130 mse=0.067908 acc=1.0 min_margin=0.5776 best_margin=0.5776
nn6 epoch=140 mse=0.08119 acc=1.0 min_margin=0.5753 best_margin=0.5776
nn6 epoch=150 mse=0.02829 acc=1.0 min_margin=0.7196 best_margin=0.7196
nn6 epoch=160 mse=0.049206 acc=1.0 min_margin=0.7751 best_margin=0.7751
[7/10] nn7
nn7 epoch=0 mse=1.023784 acc=0.5 min_margin=-0.2319 best_margin=-0.2319
nn7 epoch=10 mse=0.774417 acc=0.5 min_margin=-0.1599 best_margin=-0.1599
nn7 epoch=20 mse=0.440936 acc=0.75 min_margin=-0.0976 best_margin=-0.0976
nn7 epoch=30 mse=0.383824 acc=0.75 min_margin=-0.1539 best_margin=-0.0976
nn7 epoch=40 mse=0.338757 acc=0.75 min_margin=-0.1133 best_margin=-0.0976
nn7 epoch=50 mse=0.378084 acc=0.75 min_margin=-0.1418 best_margin=-0.0976
nn7 epoch=60 mse=0.302131 acc=0.75 min_margin=-0.0075 best_margin=-0.0075
nn7 epoch=70 mse=0.311616 acc=1.0 min_margin=0.0394 best_margin=0.0394
nn7 epoch=80 mse=0.345099 acc=0.75 min_margin=-0.0742 best_margin=0.0394
nn7 epoch=90 mse=0.1719 acc=1.0 min_margin=0.316 best_margin=0.316
nn7 epoch=100 mse=0.14204 acc=1.0 min_margin=0.4381 best_margin=0.4381
nn7 epoch=110 mse=0.117576 acc=1.0 min_margin=0.4928 best_margin=0.4928
nn7 epoch=120 mse=0.069486 acc=1.0 min_margin=0.6975 best_margin=0.6975
nn7 epoch=130 mse=0.081853 acc=1.0 min_margin=0.6496 best_margin=0.6975
nn7 epoch=140 mse=0.055691 acc=1.0 min_margin=0.8462 best_margin=0.8462
nn7 epoch=150 mse=0.067153 acc=1.0 min_margin=0.8637 best_margin=0.8637
nn7 epoch=160 mse=0.065486 acc=1.0 min_margin=0.8648 best_margin=0.8648
[8/10] nn8
nn8 epoch=0 mse=1.119623 acc=0.5 min_margin=-0.3299 best_margin=-0.3299
nn8 epoch=10 mse=0.64057 acc=0.75 min_margin=-0.1339 best_margin=-0.1339
nn8 epoch=20 mse=0.392338 acc=1.0 min_margin=0.1062 best_margin=0.1062
nn8 epoch=30 mse=0.309582 acc=1.0 min_margin=0.0903 best_margin=0.1062
nn8 epoch=40 mse=0.334727 acc=1.0 min_margin=0.1084 best_margin=0.1084
nn8 epoch=50 mse=0.323758 acc=1.0 min_margin=0.1909 best_margin=0.1909
nn8 epoch=60 mse=0.303102 acc=1.0 min_margin=0.2542 best_margin=0.2542
nn8 epoch=70 mse=0.278636 acc=1.0 min_margin=0.2867 best_margin=0.2867
nn8 epoch=80 mse=0.256428 acc=1.0 min_margin=0.3267 best_margin=0.3267
nn8 epoch=90 mse=0.213482 acc=1.0 min_margin=0.3998 best_margin=0.3998
nn8 epoch=100 mse=0.18967 acc=1.0 min_margin=0.4656 best_margin=0.4656
nn8 epoch=110 mse=0.18173 acc=1.0 min_margin=0.5076 best_margin=0.5076
nn8 epoch=120 mse=0.179687 acc=1.0 min_margin=0.5308 best_margin=0.5308
nn8 epoch=130 mse=0.171812 acc=1.0 min_margin=0.504 best_margin=0.5308
nn8 epoch=140 mse=0.161322 acc=1.0 min_margin=0.5262 best_margin=0.5308
nn8 epoch=150 mse=0.133966 acc=1.0 min_margin=0.6261 best_margin=0.6261
nn8 epoch=160 mse=0.118954 acc=1.0 min_margin=0.6742 best_margin=0.6742
[9/10] nn9
nn9 epoch=0 mse=1.089895 acc=0.5 min_margin=-0.2913 best_margin=-0.2913
nn9 epoch=10 mse=0.694064 acc=1.0 min_margin=0.0206 best_margin=0.0206
nn9 epoch=20 mse=0.53901 acc=1.0 min_margin=0.0769 best_margin=0.0769
nn9 epoch=30 mse=0.425721 acc=1.0 min_margin=0.1536 best_margin=0.1536
nn9 epoch=40 mse=0.340186 acc=1.0 min_margin=0.1768 best_margin=0.1768
nn9 epoch=50 mse=0.250745 acc=1.0 min_margin=0.2104 best_margin=0.2104
nn9 epoch=60 mse=0.160622 acc=1.0 min_margin=0.3806 best_margin=0.3806
nn9 epoch=70 mse=0.168345 acc=1.0 min_margin=0.4215 best_margin=0.4215
nn9 epoch=80 mse=0.12439 acc=1.0 min_margin=0.4833 best_margin=0.4833
nn9 epoch=90 mse=0.085488 acc=1.0 min_margin=0.5554 best_margin=0.5554
nn9 epoch=100 mse=0.057274 acc=1.0 min_margin=0.6327 best_margin=0.6327
nn9 epoch=110 mse=0.041482 acc=1.0 min_margin=0.6853 best_margin=0.6853
nn9 epoch=120 mse=0.032921 acc=1.0 min_margin=0.7617 best_margin=0.7617
nn9 epoch=130 mse=0.039668 acc=1.0 min_margin=0.7139 best_margin=0.7617
nn9 epoch=140 mse=0.044026 acc=1.0 min_margin=0.7534 best_margin=0.7617
nn9 epoch=150 mse=0.040154 acc=1.0 min_margin=0.7531 best_margin=0.7617
nn9 epoch=160 mse=0.018841 acc=1.0 min_margin=0.8513 best_margin=0.8513
[10/10] nn10
nn10 epoch=0 mse=1.173332 acc=0.5 min_margin=-0.3387 best_margin=-0.3387
nn10 epoch=10 mse=0.824995 acc=0.75 min_margin=-0.2249 best_margin=-0.2249
nn10 epoch=20 mse=0.6708 acc=0.75 min_margin=-0.3812 best_margin=-0.2249
nn10 epoch=30 mse=0.52648 acc=0.75 min_margin=-0.2995 best_margin=-0.2249
nn10 epoch=40 mse=0.436056 acc=0.75 min_margin=-0.1871 best_margin=-0.1871
nn10 epoch=50 mse=0.384005 acc=0.75 min_margin=-0.1077 best_margin=-0.1077
nn10 epoch=60 mse=0.365865 acc=0.75 min_margin=-0.0662 best_margin=-0.0662
nn10 epoch=70 mse=0.33411 acc=0.75 min_margin=-0.0498 best_margin=-0.0498
nn10 epoch=80 mse=0.301492 acc=1.0 min_margin=0.0021 best_margin=0.0021
nn10 epoch=90 mse=0.293546 acc=1.0 min_margin=0.0292 best_margin=0.0292
nn10 epoch=100 mse=0.292122 acc=1.0 min_margin=0.0378 best_margin=0.0378
nn10 epoch=110 mse=0.270093 acc=1.0 min_margin=0.082 best_margin=0.082
nn10 epoch=120 mse=0.258419 acc=1.0 min_margin=0.1096 best_margin=0.1096
nn10 epoch=130 mse=0.249455 acc=1.0 min_margin=0.1143 best_margin=0.1143
nn10 epoch=140 mse=0.220658 acc=1.0 min_margin=0.1852 best_margin=0.1852
nn10 epoch=150 mse=0.231978 acc=1.0 min_margin=0.1519 best_margin=0.1852
nn10 epoch=160 mse=0.208996 acc=1.0 min_margin=0.2057 best_margin=0.2057
saved metrics ext/IsingLearning/experiments/XOR/runs/edge_twoclass_zero_side16_nn1to10_e160\metrics.csv
saved summary ext/IsingLearning/experiments/XOR/runs/edge_twoclass_zero_side16_nn1to10_e160\summary.csv
saved plot ext/IsingLearning/experiments/XOR/runs/edge_twoclass_zero_side16_nn1to10_e160\learning_summary.png
saved note ext/IsingLearning/experiments/XOR/runs/edge_twoclass_zero_side16_nn1to10_e160\README.md
