[2026-05-27T10:07:00] monitor started pid=124384 poll_s=60
[2026-05-27T10:07:00] running epoch=2 test_accuracy=missing test_loss=missing
[2026-05-27T10:07:48] monitor started pid=124384 poll_s=60
[2026-05-27T10:07:48] running epoch=2 stdout="epoch 3 training"
[2026-05-27T10:08:48] running epoch=2 stdout="epoch 3 training"
[2026-05-27T10:09:41] monitor started pid=124384 poll_s=15
[2026-05-27T10:09:41] running epoch=3 stdout="epoch 4 training"
[2026-05-27T10:09:56] running epoch=3 stdout="epoch 4 training"
[2026-05-27T10:10:11] running epoch=3 stdout="epoch 4 training"
[2026-05-27T10:10:26] running epoch=3 stdout="epoch 4 training"
[2026-05-27T10:10:41] running epoch=3 stdout="epoch 4 training"
[2026-05-27T10:10:56] running epoch=3 stdout="epoch 4 training"
[2026-05-27T10:11:11] running epoch=3 stdout="epoch 4 training"
[2026-05-27T10:11:26] running epoch=3 stdout="epoch 4 training"
[2026-05-27T10:11:41] running epoch=3 stdout="epoch 4 training"
[2026-05-27T10:11:56] running epoch=3 stdout="epoch 4 training"
[2026-05-27T10:12:11] running epoch=3 stdout="epoch 4 training"
[2026-05-27T10:12:26] running epoch=3 stdout="epoch 4 training"
[2026-05-27T10:12:41] running epoch=3 stdout="epoch 4 training"
[2026-05-27T10:12:56] running epoch=3 stdout="epoch 4 training"
[2026-05-27T10:13:11] running epoch=3 stdout="epoch 4 training"
[2026-05-27T10:13:26] running epoch=3 stdout="epoch 4 training"
[2026-05-27T10:13:41] running epoch=3 stdout="epoch 4 training"
[2026-05-27T10:13:56] running epoch=3 stdout="epoch 4 training"
[2026-05-27T10:14:11] running epoch=3 stdout="epoch 4 training"
[2026-05-27T10:14:26] running epoch=3 stdout="epoch 4 training"
[2026-05-27T10:14:41] running epoch=3 stdout="epoch 4 training"
[2026-05-27T10:14:56] running epoch=3 stdout="epoch 4 training"
[2026-05-27T10:15:12] running epoch=3 stdout="epoch 4 training"
[2026-05-27T10:15:27] running epoch=3 stdout="epoch 4 training"
[2026-05-27T10:15:42] running epoch=3 stdout="epoch 4 training"
[2026-05-27T10:15:57] running epoch=4 stdout="epoch 5 training"
[2026-05-27T10:16:12] running epoch=4 stdout="epoch 5 training"
[2026-05-27T10:16:27] running epoch=4 stdout="epoch 5 training"
[2026-05-27T10:16:42] running epoch=4 stdout="epoch 5 training"
[2026-05-27T10:16:57] running epoch=4 stdout="epoch 5 training"
[2026-05-27T10:17:12] running epoch=4 stdout="epoch 5 training"
[2026-05-27T10:17:27] running epoch=4 stdout="epoch 5 training"
[2026-05-27T10:17:42] running epoch=4 stdout="epoch 5 training"
[2026-05-27T10:17:57] running epoch=4 stdout="epoch 5 training"
[2026-05-27T10:18:12] running epoch=4 stdout="epoch 5 training"
[2026-05-27T10:18:27] running epoch=4 stdout="epoch 5 training"
[2026-05-27T10:18:42] running epoch=4 stdout="epoch 5 training"
[2026-05-27T10:18:57] running epoch=4 stdout="epoch 5 training"
[2026-05-27T10:19:12] running epoch=4 stdout="epoch 5 training"
[2026-05-27T10:19:27] running epoch=4 stdout="epoch 5 training"
[2026-05-27T10:19:42] running epoch=4 stdout="epoch 5 training"
[2026-05-27T10:19:57] running epoch=4 stdout="epoch 5 training"
[2026-05-27T10:20:12] running epoch=4 stdout="epoch 5 training"
[2026-05-27T10:20:27] running epoch=4 stdout="epoch 5 training"
[2026-05-27T10:20:42] running epoch=4 stdout="epoch 5 training"
[2026-05-27T10:20:57] running epoch=4 stdout="epoch 5 training"
[2026-05-27T10:21:12] running epoch=4 stdout="epoch 5 training"
[2026-05-27T10:21:28] running epoch=4 stdout="epoch 5 training"
[2026-05-27T10:21:43] running epoch=4 stdout="epoch 5 training"
[2026-05-27T10:21:58] running epoch=4 stdout="epoch 5 training"
[2026-05-27T10:22:13] running epoch=4 stdout="epoch 5 training"
[2026-05-27T10:22:28] running epoch=4 stdout="epoch 5 training"
[2026-05-27T10:22:43] running epoch=4 stdout="epoch 5 training"
[2026-05-27T10:22:58] running epoch=4 stdout="epoch 5 training"
[2026-05-27T10:23:13] running epoch=4 stdout="epoch 5 evaluating"
[2026-05-27T10:23:28] running epoch=4 stdout="epoch 5 evaluating"
[2026-05-27T10:23:43] running epoch=4 stdout="epoch 5 evaluating"
[2026-05-27T10:23:58] running epoch=4 stdout="epoch 5 evaluating"
[2026-05-27T10:24:13] running epoch=4 stdout="epoch 5 evaluating"
[2026-05-27T10:24:28] running epoch=4 stdout="epoch 5 evaluating"
[2026-05-27T10:24:43] running epoch=4 stdout="epoch 5 evaluating"
[2026-05-27T10:24:58] running epoch=4 stdout="epoch 5 evaluating"
[2026-05-27T10:25:13] running epoch=4 stdout="epoch 5 evaluating"
[2026-05-27T10:25:28] running epoch=4 stdout="epoch 5 evaluating"
[2026-05-27T10:25:43] running epoch=4 stdout="epoch 5 evaluating"
[2026-05-27T10:25:58] running epoch=4 stdout="epoch 5 evaluating"
[2026-05-27T10:26:13] running epoch=4 stdout="epoch 5 evaluating"
[2026-05-27T10:26:28] running epoch=4 stdout="epoch 5 evaluating"
[2026-05-27T10:26:43] running epoch=4 stdout="epoch 5 evaluating"
[2026-05-27T10:26:58] running epoch=4 stdout="epoch 5 evaluating"
[2026-05-27T10:27:13] running epoch=4 stdout="epoch 5 evaluating"
[2026-05-27T10:27:28] running epoch=4 stdout="epoch 5 evaluating"
[2026-05-27T10:27:43] running epoch=4 stdout="epoch 5 evaluating"
[2026-05-27T10:27:58] running epoch=4 stdout="epoch 5 evaluating"
[2026-05-27T10:28:13] running epoch=4 stdout="epoch 5 evaluating"
[2026-05-27T10:28:28] running epoch=4 stdout="epoch 5 evaluating"
[2026-05-27T10:28:43] running epoch=4 stdout="epoch 5 evaluating"
[2026-05-27T10:28:58] running epoch=4 stdout="epoch 5 evaluating"
[2026-05-27T10:29:13] running epoch=4 stdout="epoch 5 evaluating"
[2026-05-27T10:29:28] running epoch=4 stdout="epoch 5 evaluating"
[2026-05-27T10:29:43] running epoch=4 stdout="epoch 5 evaluating"
[2026-05-27T10:29:58] running epoch=4 stdout="epoch 5 evaluating"
[2026-05-27T10:30:13] running epoch=4 stdout="epoch 5 evaluating"
[2026-05-27T10:30:28] running epoch=5 test_accuracy=0.8826233183856502 test_loss=3.5572052
[2026-05-27T10:30:43] running epoch=5 test_accuracy=0.8826233183856502 test_loss=3.5572052
[2026-05-27T10:30:58] running epoch=5 test_accuracy=0.8826233183856502 test_loss=3.5572052
[2026-05-27T10:31:13] running epoch=5 test_accuracy=0.8826233183856502 test_loss=3.5572052
[2026-05-27T10:31:28] running epoch=5 test_accuracy=0.8826233183856502 test_loss=3.5572052
[2026-05-27T10:31:43] running epoch=5 test_accuracy=0.8826233183856502 test_loss=3.5572052
[2026-05-27T10:31:58] running epoch=5 test_accuracy=0.8826233183856502 test_loss=3.5572052
[2026-05-27T10:32:13] running epoch=5 test_accuracy=0.8826233183856502 test_loss=3.5572052
[2026-05-27T10:32:28] running epoch=5 test_accuracy=0.8826233183856502 test_loss=3.5572052
[2026-05-27T10:32:43] running epoch=5 test_accuracy=0.8826233183856502 test_loss=3.5572052
[2026-05-27T10:32:58] running epoch=5 test_accuracy=0.8826233183856502 test_loss=3.5572052
[2026-05-27T10:33:13] running epoch=5 test_accuracy=0.8826233183856502 test_loss=3.5572052
[2026-05-27T10:33:28] running epoch=5 test_accuracy=0.8826233183856502 test_loss=3.5572052
[2026-05-27T10:33:43] running epoch=5 test_accuracy=0.8826233183856502 test_loss=3.5572052
[2026-05-27T10:33:58] running epoch=5 test_accuracy=0.8826233183856502 test_loss=3.5572052
[2026-05-27T10:34:13] running epoch=5 test_accuracy=0.8826233183856502 test_loss=3.5572052
[2026-05-27T10:34:28] running epoch=5 test_accuracy=0.8826233183856502 test_loss=3.5572052
[2026-05-27T10:34:43] running epoch=5 test_accuracy=0.8826233183856502 test_loss=3.5572052
[2026-05-27T10:34:58] running epoch=5 test_accuracy=0.8826233183856502 test_loss=3.5572052
[2026-05-27T10:35:13] running epoch=5 test_accuracy=0.8826233183856502 test_loss=3.5572052
[2026-05-27T10:35:28] running epoch=5 test_accuracy=0.8826233183856502 test_loss=3.5572052
[2026-05-27T10:35:43] running epoch=5 test_accuracy=0.8826233183856502 test_loss=3.5572052
[2026-05-27T10:35:58] running epoch=5 test_accuracy=0.8826233183856502 test_loss=3.5572052
[2026-05-27T10:36:13] running epoch=5 test_accuracy=0.8826233183856502 test_loss=3.5572052
[2026-05-27T10:36:28] running epoch=5 test_accuracy=0.8826233183856502 test_loss=3.5572052
[2026-05-27T10:36:43] running epoch=6 stdout="epoch 7 training"
[2026-05-27T10:36:58] running epoch=6 stdout="epoch 7 training"
[2026-05-27T10:37:13] running epoch=6 stdout="epoch 7 training"
[2026-05-27T10:37:28] running epoch=6 stdout="epoch 7 training"
[2026-05-27T10:37:43] running epoch=6 stdout="epoch 7 training"
[2026-05-27T10:37:58] running epoch=6 stdout="epoch 7 training"
[2026-05-27T10:38:13] running epoch=6 stdout="epoch 7 training"
[2026-05-27T10:38:28] running epoch=6 stdout="epoch 7 training"
[2026-05-27T10:38:43] running epoch=6 stdout="epoch 7 training"
[2026-05-27T10:38:58] running epoch=6 stdout="epoch 7 training"
[2026-05-27T10:39:13] running epoch=6 stdout="epoch 7 training"
[2026-05-27T10:39:28] running epoch=6 stdout="epoch 7 training"
[2026-05-27T10:39:43] running epoch=6 stdout="epoch 7 training"
[2026-05-27T10:39:58] running epoch=6 stdout="epoch 7 training"
[2026-05-27T10:40:13] running epoch=6 stdout="epoch 7 training"
[2026-05-27T10:40:28] running epoch=6 stdout="epoch 7 training"
[2026-05-27T10:40:44] running epoch=6 stdout="epoch 7 training"
[2026-05-27T10:40:59] running epoch=6 stdout="epoch 7 training"
[2026-05-27T10:41:14] running epoch=6 stdout="epoch 7 training"
[2026-05-27T10:41:29] running epoch=6 stdout="epoch 7 training"
[2026-05-27T10:41:44] running epoch=6 stdout="epoch 7 training"
[2026-05-27T10:41:59] running epoch=6 stdout="epoch 7 training"
[2026-05-27T10:42:14] running epoch=6 stdout="epoch 7 training"
[2026-05-27T10:42:29] running epoch=6 stdout="epoch 7 training"
[2026-05-27T10:42:44] running epoch=6 stdout="epoch 7 training"
[2026-05-27T10:42:59] running epoch=7 stdout="epoch 8 training"
[2026-05-27T10:43:14] running epoch=7 stdout="epoch 8 training"
[2026-05-27T10:43:29] running epoch=7 stdout="epoch 8 training"
[2026-05-27T10:43:44] running epoch=7 stdout="epoch 8 training"
[2026-05-27T10:43:59] running epoch=7 stdout="epoch 8 training"
[2026-05-27T10:44:14] running epoch=7 stdout="epoch 8 training"
[2026-05-27T10:44:29] running epoch=7 stdout="epoch 8 training"
[2026-05-27T10:44:44] running epoch=7 stdout="epoch 8 training"
[2026-05-27T10:44:59] running epoch=7 stdout="epoch 8 training"
[2026-05-27T10:45:14] running epoch=7 stdout="epoch 8 training"
[2026-05-27T10:45:29] running epoch=7 stdout="epoch 8 training"
[2026-05-27T10:45:44] running epoch=7 stdout="epoch 8 training"
[2026-05-27T10:45:59] running epoch=7 stdout="epoch 8 training"
[2026-05-27T10:46:14] running epoch=7 stdout="epoch 8 training"
[2026-05-27T10:46:29] running epoch=7 stdout="epoch 8 training"
[2026-05-27T10:46:44] running epoch=7 stdout="epoch 8 training"
[2026-05-27T10:46:59] running epoch=7 stdout="epoch 8 training"
[2026-05-27T10:47:14] running epoch=7 stdout="epoch 8 training"
[2026-05-27T10:47:29] running epoch=7 stdout="epoch 8 training"
[2026-05-27T10:47:44] running epoch=7 stdout="epoch 8 training"
[2026-05-27T10:47:59] running epoch=7 stdout="epoch 8 training"
[2026-05-27T10:48:14] running epoch=7 stdout="epoch 8 training"
[2026-05-27T10:48:29] running epoch=7 stdout="epoch 8 training"
[2026-05-27T10:48:44] running epoch=7 stdout="epoch 8 training"
[2026-05-27T10:48:59] running epoch=7 stdout="epoch 8 training"
[2026-05-27T10:49:14] running epoch=8 stdout="epoch 9 training"
[2026-05-27T10:49:29] running epoch=8 stdout="epoch 9 training"
[2026-05-27T10:49:44] running epoch=8 stdout="epoch 9 training"
[2026-05-27T10:49:59] running epoch=8 stdout="epoch 9 training"
[2026-05-27T10:50:14] running epoch=8 stdout="epoch 9 training"
[2026-05-27T10:50:29] running epoch=8 stdout="epoch 9 training"
[2026-05-27T10:50:44] running epoch=8 stdout="epoch 9 training"
[2026-05-27T10:50:59] running epoch=8 stdout="epoch 9 training"
[2026-05-27T10:51:14] running epoch=8 stdout="epoch 9 training"
[2026-05-27T10:51:29] running epoch=8 stdout="epoch 9 training"
[2026-05-27T10:51:44] running epoch=8 stdout="epoch 9 training"
[2026-05-27T10:51:59] running epoch=8 stdout="epoch 9 training"
[2026-05-27T10:52:14] running epoch=8 stdout="epoch 9 training"
[2026-05-27T10:52:29] running epoch=8 stdout="epoch 9 training"
[2026-05-27T10:52:44] running epoch=8 stdout="epoch 9 training"
[2026-05-27T10:52:59] running epoch=8 stdout="epoch 9 training"
[2026-05-27T10:53:14] running epoch=8 stdout="epoch 9 training"
[2026-05-27T10:53:29] running epoch=8 stdout="epoch 9 training"
[2026-05-27T10:53:44] running epoch=8 stdout="epoch 9 training"
[2026-05-27T10:53:59] running epoch=8 stdout="epoch 9 training"
[2026-05-27T10:54:14] running epoch=8 stdout="epoch 9 training"
[2026-05-27T10:54:29] running epoch=8 stdout="epoch 9 training"
[2026-05-27T10:54:44] running epoch=8 stdout="epoch 9 training"
[2026-05-27T10:54:59] running epoch=8 stdout="epoch 9 training"
[2026-05-27T10:55:14] running epoch=8 stdout="epoch 9 training"
[2026-05-27T10:55:29] running epoch=9 stdout="epoch 10 training"
[2026-05-27T10:55:44] running epoch=9 stdout="epoch 10 training"
[2026-05-27T10:55:59] running epoch=9 stdout="epoch 10 training"
[2026-05-27T10:56:14] running epoch=9 stdout="epoch 10 training"
[2026-05-27T10:56:29] running epoch=9 stdout="epoch 10 training"
[2026-05-27T10:56:44] running epoch=9 stdout="epoch 10 training"
[2026-05-27T10:56:59] running epoch=9 stdout="epoch 10 training"
[2026-05-27T10:57:14] running epoch=9 stdout="epoch 10 training"
[2026-05-27T10:57:29] running epoch=9 stdout="epoch 10 training"
[2026-05-27T10:57:44] running epoch=9 stdout="epoch 10 training"
[2026-05-27T10:57:59] running epoch=9 stdout="epoch 10 training"
[2026-05-27T10:58:14] running epoch=9 stdout="epoch 10 training"
[2026-05-27T10:58:29] running epoch=9 stdout="epoch 10 training"
[2026-05-27T10:58:44] running epoch=9 stdout="epoch 10 training"
[2026-05-27T10:58:59] running epoch=9 stdout="epoch 10 training"
[2026-05-27T10:59:14] running epoch=9 stdout="epoch 10 training"
[2026-05-27T10:59:29] running epoch=9 stdout="epoch 10 training"
[2026-05-27T10:59:44] running epoch=9 stdout="epoch 10 training"
[2026-05-27T10:59:59] running epoch=9 stdout="epoch 10 training"
[2026-05-27T11:00:14] running epoch=9 stdout="epoch 10 training"
[2026-05-27T11:00:29] running epoch=9 stdout="epoch 10 training"
[2026-05-27T11:00:44] running epoch=9 stdout="epoch 10 training"
[2026-05-27T11:00:59] running epoch=9 stdout="epoch 10 training"
[2026-05-27T11:01:14] running epoch=9 stdout="epoch 10 training"
[2026-05-27T11:01:29] running epoch=9 stdout="epoch 10 training"
[2026-05-27T11:01:45] running epoch=9 stdout="epoch 10 training"
[2026-05-27T11:02:00] running epoch=9 stdout="epoch 10 training"
[2026-05-27T11:02:15] running epoch=9 stdout="epoch 10 training"
[2026-05-27T11:02:30] running epoch=9 stdout="epoch 10 evaluating"
[2026-05-27T11:02:45] running epoch=9 stdout="epoch 10 evaluating"
[2026-05-27T11:03:00] running epoch=9 stdout="epoch 10 evaluating"
[2026-05-27T11:03:15] running epoch=9 stdout="epoch 10 evaluating"
[2026-05-27T11:03:30] running epoch=9 stdout="epoch 10 evaluating"
[2026-05-27T11:03:45] running epoch=9 stdout="epoch 10 evaluating"
[2026-05-27T11:04:00] running epoch=9 stdout="epoch 10 evaluating"
[2026-05-27T11:04:15] running epoch=9 stdout="epoch 10 evaluating"
[2026-05-27T11:04:30] running epoch=9 stdout="epoch 10 evaluating"
[2026-05-27T11:04:45] running epoch=9 stdout="epoch 10 evaluating"
[2026-05-27T11:05:00] running epoch=9 stdout="epoch 10 evaluating"
[2026-05-27T11:05:15] running epoch=9 stdout="epoch 10 evaluating"
[2026-05-27T11:05:30] running epoch=9 stdout="epoch 10 evaluating"
[2026-05-27T11:05:45] running epoch=9 stdout="epoch 10 evaluating"
[2026-05-27T11:06:00] running epoch=9 stdout="epoch 10 evaluating"
[2026-05-27T11:06:15] running epoch=9 stdout="epoch 10 evaluating"
[2026-05-27T11:06:30] running epoch=9 stdout="epoch 10 evaluating"
[2026-05-27T11:06:45] running epoch=9 stdout="epoch 10 evaluating"
[2026-05-27T11:07:00] running epoch=9 stdout="epoch 10 evaluating"
[2026-05-27T11:07:15] running epoch=9 stdout="epoch 10 evaluating"
[2026-05-27T11:07:30] running epoch=9 stdout="epoch 10 evaluating"
[2026-05-27T11:07:45] running epoch=9 stdout="epoch 10 evaluating"
[2026-05-27T11:08:00] running epoch=9 stdout="epoch 10 evaluating"
[2026-05-27T11:08:15] running epoch=9 stdout="epoch 10 evaluating"
[2026-05-27T11:08:30] running epoch=9 stdout="epoch 10 evaluating"
[2026-05-27T11:08:45] running epoch=9 stdout="epoch 10 evaluating"
[2026-05-27T11:09:00] running epoch=9 stdout="epoch 10 evaluating"
[2026-05-27T11:09:15] running epoch=9 stdout="epoch 10 evaluating"
[2026-05-27T11:09:30] running epoch=9 stdout="epoch 10 evaluating"
[2026-05-27T11:09:45] running epoch=9 stdout="epoch 10 evaluating"
[2026-05-27T11:10:00] running epoch=9 stdout="epoch 10 evaluating"
[2026-05-27T11:10:15] running epoch=9 stdout="epoch 10 evaluating"
[2026-05-27T11:10:30] running epoch=10 test_accuracy=0.8788116591928251 test_loss=3.7096689
[2026-05-27T11:10:45] running epoch=10 test_accuracy=0.8788116591928251 test_loss=3.7096689
[2026-05-27T11:11:00] running epoch=10 test_accuracy=0.8788116591928251 test_loss=3.7096689
[2026-05-27T11:11:15] running epoch=10 test_accuracy=0.8788116591928251 test_loss=3.7096689
[2026-05-27T11:11:30] running epoch=10 test_accuracy=0.8788116591928251 test_loss=3.7096689
[2026-05-27T11:11:45] running epoch=10 test_accuracy=0.8788116591928251 test_loss=3.7096689
[2026-05-27T11:12:00] running epoch=10 test_accuracy=0.8788116591928251 test_loss=3.7096689
[2026-05-27T11:12:15] running epoch=10 test_accuracy=0.8788116591928251 test_loss=3.7096689
[2026-05-27T11:12:30] running epoch=10 test_accuracy=0.8788116591928251 test_loss=3.7096689
[2026-05-27T11:12:45] running epoch=10 test_accuracy=0.8788116591928251 test_loss=3.7096689
[2026-05-27T11:13:00] running epoch=10 test_accuracy=0.8788116591928251 test_loss=3.7096689
[2026-05-27T11:13:15] running epoch=10 test_accuracy=0.8788116591928251 test_loss=3.7096689
[2026-05-27T11:13:30] running epoch=10 test_accuracy=0.8788116591928251 test_loss=3.7096689
[2026-05-27T11:13:45] running epoch=10 test_accuracy=0.8788116591928251 test_loss=3.7096689
[2026-05-27T11:14:00] running epoch=10 test_accuracy=0.8788116591928251 test_loss=3.7096689
[2026-05-27T11:14:15] running epoch=10 test_accuracy=0.8788116591928251 test_loss=3.7096689
[2026-05-27T11:14:30] running epoch=10 test_accuracy=0.8788116591928251 test_loss=3.7096689
[2026-05-27T11:14:45] running epoch=10 test_accuracy=0.8788116591928251 test_loss=3.7096689
[2026-05-27T11:15:00] running epoch=10 test_accuracy=0.8788116591928251 test_loss=3.7096689
[2026-05-27T11:15:15] running epoch=10 test_accuracy=0.8788116591928251 test_loss=3.7096689
[2026-05-27T11:15:30] running epoch=10 test_accuracy=0.8788116591928251 test_loss=3.7096689
[2026-05-27T11:15:45] running epoch=10 test_accuracy=0.8788116591928251 test_loss=3.7096689
[2026-05-27T11:16:00] running epoch=10 test_accuracy=0.8788116591928251 test_loss=3.7096689
[2026-05-27T11:16:15] running epoch=10 test_accuracy=0.8788116591928251 test_loss=3.7096689
[2026-05-27T11:16:30] running epoch=10 test_accuracy=0.8788116591928251 test_loss=3.7096689
[2026-05-27T11:16:45] running epoch=11 stdout="epoch 12 training"
[2026-05-27T11:17:00] running epoch=11 stdout="epoch 12 training"
[2026-05-27T11:17:15] running epoch=11 stdout="epoch 12 training"
[2026-05-27T11:17:30] running epoch=11 stdout="epoch 12 training"
[2026-05-27T11:17:45] running epoch=11 stdout="epoch 12 training"
[2026-05-27T11:18:00] running epoch=11 stdout="epoch 12 training"
[2026-05-27T11:18:15] running epoch=11 stdout="epoch 12 training"
[2026-05-27T11:18:30] running epoch=11 stdout="epoch 12 training"
[2026-05-27T11:18:45] running epoch=11 stdout="epoch 12 training"
[2026-05-27T11:19:00] running epoch=11 stdout="epoch 12 training"
[2026-05-27T11:19:15] running epoch=11 stdout="epoch 12 training"
[2026-05-27T11:19:30] running epoch=11 stdout="epoch 12 training"
[2026-05-27T11:19:45] running epoch=11 stdout="epoch 12 training"
[2026-05-27T11:20:00] running epoch=11 stdout="epoch 12 training"
[2026-05-27T11:20:15] running epoch=11 stdout="epoch 12 training"
[2026-05-27T11:20:30] running epoch=11 stdout="epoch 12 training"
[2026-05-27T11:20:45] running epoch=11 stdout="epoch 12 training"
[2026-05-27T11:21:00] running epoch=11 stdout="epoch 12 training"
[2026-05-27T11:21:15] running epoch=11 stdout="epoch 12 training"
[2026-05-27T11:21:30] running epoch=11 stdout="epoch 12 training"
[2026-05-27T11:21:45] running epoch=11 stdout="epoch 12 training"
[2026-05-27T11:22:00] running epoch=11 stdout="epoch 12 training"
[2026-05-27T11:22:15] running epoch=11 stdout="epoch 12 training"
[2026-05-27T11:22:30] running epoch=11 stdout="epoch 12 training"
[2026-05-27T11:22:46] running epoch=12 stdout="epoch 13 training"
[2026-05-27T11:23:01] running epoch=12 stdout="epoch 13 training"
[2026-05-27T11:23:16] running epoch=12 stdout="epoch 13 training"
[2026-05-27T11:23:31] running epoch=12 stdout="epoch 13 training"
[2026-05-27T11:23:46] running epoch=12 stdout="epoch 13 training"
[2026-05-27T11:24:01] running epoch=12 stdout="epoch 13 training"
[2026-05-27T11:24:16] running epoch=12 stdout="epoch 13 training"
[2026-05-27T11:24:31] running epoch=12 stdout="epoch 13 training"
[2026-05-27T11:24:46] running epoch=12 stdout="epoch 13 training"
[2026-05-27T11:25:01] running epoch=12 stdout="epoch 13 training"
[2026-05-27T11:25:16] running epoch=12 stdout="epoch 13 training"
[2026-05-27T11:25:31] running epoch=12 stdout="epoch 13 training"
[2026-05-27T11:25:46] running epoch=12 stdout="epoch 13 training"
[2026-05-27T11:26:01] running epoch=12 stdout="epoch 13 training"
[2026-05-27T11:26:16] running epoch=12 stdout="epoch 13 training"
[2026-05-27T11:26:31] running epoch=12 stdout="epoch 13 training"
[2026-05-27T11:26:46] running epoch=12 stdout="epoch 13 training"
[2026-05-27T11:27:01] running epoch=12 stdout="epoch 13 training"
[2026-05-27T11:27:16] running epoch=12 stdout="epoch 13 training"
[2026-05-27T11:27:31] running epoch=12 stdout="epoch 13 training"
[2026-05-27T11:27:46] running epoch=12 stdout="epoch 13 training"
[2026-05-27T11:28:01] running epoch=12 stdout="epoch 13 training"
[2026-05-27T11:28:16] running epoch=12 stdout="epoch 13 training"
[2026-05-27T11:28:31] running epoch=12 stdout="epoch 13 training"
[2026-05-27T11:28:46] running epoch=12 stdout="epoch 13 training"
[2026-05-27T11:29:01] running epoch=13 stdout="epoch 14 training"
[2026-05-27T11:29:16] running epoch=13 stdout="epoch 14 training"
[2026-05-27T11:29:31] running epoch=13 stdout="epoch 14 training"
[2026-05-27T11:29:46] running epoch=13 stdout="epoch 14 training"
[2026-05-27T11:30:01] running epoch=13 stdout="epoch 14 training"
[2026-05-27T11:30:16] running epoch=13 stdout="epoch 14 training"
[2026-05-27T11:30:31] running epoch=13 stdout="epoch 14 training"
[2026-05-27T11:30:46] running epoch=13 stdout="epoch 14 training"
[2026-05-27T11:31:01] running epoch=13 stdout="epoch 14 training"
[2026-05-27T11:31:16] running epoch=13 stdout="epoch 14 training"
[2026-05-27T11:31:31] running epoch=13 stdout="epoch 14 training"
[2026-05-27T11:31:46] running epoch=13 stdout="epoch 14 training"
[2026-05-27T11:32:01] running epoch=13 stdout="epoch 14 training"
[2026-05-27T11:32:16] running epoch=13 stdout="epoch 14 training"
[2026-05-27T11:32:31] running epoch=13 stdout="epoch 14 training"
[2026-05-27T11:32:46] running epoch=13 stdout="epoch 14 training"
[2026-05-27T11:33:01] running epoch=13 stdout="epoch 14 training"
[2026-05-27T11:33:16] running epoch=13 stdout="epoch 14 training"
[2026-05-27T11:33:31] running epoch=13 stdout="epoch 14 training"
[2026-05-27T11:33:46] running epoch=13 stdout="epoch 14 training"
[2026-05-27T11:34:01] running epoch=13 stdout="epoch 14 training"
[2026-05-27T11:34:16] running epoch=13 stdout="epoch 14 training"
[2026-05-27T11:34:31] running epoch=13 stdout="epoch 14 training"
[2026-05-27T11:34:46] running epoch=13 stdout="epoch 14 training"
[2026-05-27T11:35:01] running epoch=14 stdout="epoch 15 training"
[2026-05-27T11:35:16] running epoch=14 stdout="epoch 15 training"
[2026-05-27T11:35:31] running epoch=14 stdout="epoch 15 training"
[2026-05-27T11:35:46] running epoch=14 stdout="epoch 15 training"
[2026-05-27T11:36:01] running epoch=14 stdout="epoch 15 training"
[2026-05-27T11:36:16] running epoch=14 stdout="epoch 15 training"
[2026-05-27T11:36:31] running epoch=14 stdout="epoch 15 training"
[2026-05-27T11:36:46] running epoch=14 stdout="epoch 15 training"
[2026-05-27T11:37:01] running epoch=14 stdout="epoch 15 training"
[2026-05-27T11:37:16] running epoch=14 stdout="epoch 15 training"
[2026-05-27T11:37:31] running epoch=14 stdout="epoch 15 training"
[2026-05-27T11:37:46] running epoch=14 stdout="epoch 15 training"
[2026-05-27T11:38:01] running epoch=14 stdout="epoch 15 training"
[2026-05-27T11:38:16] running epoch=14 stdout="epoch 15 training"
[2026-05-27T11:38:31] running epoch=14 stdout="epoch 15 training"
[2026-05-27T11:38:46] running epoch=14 stdout="epoch 15 training"
[2026-05-27T11:39:01] running epoch=14 stdout="epoch 15 training"
[2026-05-27T11:39:16] running epoch=14 stdout="epoch 15 training"
[2026-05-27T11:39:31] running epoch=14 stdout="epoch 15 training"
[2026-05-27T11:39:46] running epoch=14 stdout="epoch 15 training"
[2026-05-27T11:40:01] running epoch=14 stdout="epoch 15 training"
[2026-05-27T11:40:16] running epoch=14 stdout="epoch 15 training"
[2026-05-27T11:40:31] running epoch=14 stdout="epoch 15 training"
[2026-05-27T11:40:46] running epoch=14 stdout="epoch 15 training"
[2026-05-27T11:41:01] running epoch=14 stdout="epoch 15 training"
[2026-05-27T11:41:16] running epoch=14 stdout="epoch 15 training"
[2026-05-27T11:41:31] running epoch=14 stdout="epoch 15 training"
[2026-05-27T11:41:46] running epoch=14 stdout="epoch 15 training"
[2026-05-27T11:42:01] running epoch=14 stdout="epoch 15 evaluating"
[2026-05-27T11:42:16] running epoch=14 stdout="epoch 15 evaluating"
[2026-05-27T11:42:31] running epoch=14 stdout="epoch 15 evaluating"
[2026-05-27T11:42:46] running epoch=14 stdout="epoch 15 evaluating"
[2026-05-27T11:43:01] running epoch=14 stdout="epoch 15 evaluating"
[2026-05-27T11:43:16] running epoch=14 stdout="epoch 15 evaluating"
[2026-05-27T11:43:31] running epoch=14 stdout="epoch 15 evaluating"
[2026-05-27T11:43:46] running epoch=14 stdout="epoch 15 evaluating"
[2026-05-27T11:44:01] running epoch=14 stdout="epoch 15 evaluating"
[2026-05-27T11:44:16] running epoch=14 stdout="epoch 15 evaluating"
[2026-05-27T11:44:31] running epoch=14 stdout="epoch 15 evaluating"
[2026-05-27T11:44:47] running epoch=14 stdout="epoch 15 evaluating"
[2026-05-27T11:45:02] running epoch=14 stdout="epoch 15 evaluating"
[2026-05-27T11:45:17] running epoch=14 stdout="epoch 15 evaluating"
[2026-05-27T11:45:32] running epoch=14 stdout="epoch 15 evaluating"
[2026-05-27T11:45:47] running epoch=14 stdout="epoch 15 evaluating"
[2026-05-27T11:46:02] running epoch=14 stdout="epoch 15 evaluating"
[2026-05-27T11:46:17] running epoch=14 stdout="epoch 15 evaluating"
[2026-05-27T11:46:32] running epoch=14 stdout="epoch 15 evaluating"
[2026-05-27T11:46:47] running epoch=14 stdout="epoch 15 evaluating"
[2026-05-27T11:47:02] running epoch=14 stdout="epoch 15 evaluating"
[2026-05-27T11:47:17] running epoch=14 stdout="epoch 15 evaluating"
[2026-05-27T11:47:32] running epoch=14 stdout="epoch 15 evaluating"
[2026-05-27T11:47:47] running epoch=14 stdout="epoch 15 evaluating"
[2026-05-27T11:48:02] running epoch=14 stdout="epoch 15 evaluating"
[2026-05-27T11:48:17] running epoch=14 stdout="epoch 15 evaluating"
[2026-05-27T11:48:32] running epoch=14 stdout="epoch 15 evaluating"
[2026-05-27T11:48:47] running epoch=14 stdout="epoch 15 evaluating"
[2026-05-27T11:49:02] running epoch=14 stdout="epoch 15 evaluating"
[2026-05-27T11:49:17] running epoch=14 stdout="epoch 15 evaluating"
[2026-05-27T11:49:32] running epoch=14 stdout="epoch 15 evaluating"
[2026-05-27T11:49:47] running epoch=14 stdout="epoch 15 evaluating"
[2026-05-27T11:50:02] running epoch=15 test_accuracy=0.885201793721973 test_loss=3.4091759
[2026-05-27T11:50:17] running epoch=15 test_accuracy=0.885201793721973 test_loss=3.4091759
[2026-05-27T11:50:32] running epoch=15 test_accuracy=0.885201793721973 test_loss=3.4091759
[2026-05-27T11:50:47] running epoch=15 test_accuracy=0.885201793721973 test_loss=3.4091759
[2026-05-27T11:51:02] running epoch=15 test_accuracy=0.885201793721973 test_loss=3.4091759
[2026-05-27T11:51:17] running epoch=15 test_accuracy=0.885201793721973 test_loss=3.4091759
[2026-05-27T11:51:32] running epoch=15 test_accuracy=0.885201793721973 test_loss=3.4091759
[2026-05-27T11:51:47] running epoch=15 test_accuracy=0.885201793721973 test_loss=3.4091759
[2026-05-27T11:52:02] running epoch=15 test_accuracy=0.885201793721973 test_loss=3.4091759
[2026-05-27T11:52:17] running epoch=15 test_accuracy=0.885201793721973 test_loss=3.4091759
[2026-05-27T11:52:32] running epoch=15 test_accuracy=0.885201793721973 test_loss=3.4091759
[2026-05-27T11:52:47] running epoch=15 test_accuracy=0.885201793721973 test_loss=3.4091759
[2026-05-27T11:53:02] running epoch=15 test_accuracy=0.885201793721973 test_loss=3.4091759
[2026-05-27T11:53:17] running epoch=15 test_accuracy=0.885201793721973 test_loss=3.4091759
[2026-05-27T11:53:32] running epoch=15 test_accuracy=0.885201793721973 test_loss=3.4091759
[2026-05-27T11:53:47] running epoch=15 test_accuracy=0.885201793721973 test_loss=3.4091759
[2026-05-27T11:54:02] running epoch=15 test_accuracy=0.885201793721973 test_loss=3.4091759
[2026-05-27T11:54:17] running epoch=15 test_accuracy=0.885201793721973 test_loss=3.4091759
[2026-05-27T11:54:32] running epoch=15 test_accuracy=0.885201793721973 test_loss=3.4091759
[2026-05-27T11:54:47] running epoch=15 test_accuracy=0.885201793721973 test_loss=3.4091759
[2026-05-27T11:55:02] running epoch=15 test_accuracy=0.885201793721973 test_loss=3.4091759
[2026-05-27T11:55:17] running epoch=15 test_accuracy=0.885201793721973 test_loss=3.4091759
[2026-05-27T11:55:32] running epoch=15 test_accuracy=0.885201793721973 test_loss=3.4091759
[2026-05-27T11:55:47] running epoch=15 test_accuracy=0.885201793721973 test_loss=3.4091759
[2026-05-27T11:56:02] running epoch=16 stdout="epoch 17 training"
[2026-05-27T11:56:17] running epoch=16 stdout="epoch 17 training"
[2026-05-27T11:56:32] running epoch=16 stdout="epoch 17 training"
[2026-05-27T11:56:47] running epoch=16 stdout="epoch 17 training"
[2026-05-27T11:57:02] running epoch=16 stdout="epoch 17 training"
[2026-05-27T11:57:17] running epoch=16 stdout="epoch 17 training"
[2026-05-27T11:57:32] running epoch=16 stdout="epoch 17 training"
[2026-05-27T11:57:47] running epoch=16 stdout="epoch 17 training"
[2026-05-27T11:58:02] running epoch=16 stdout="epoch 17 training"
[2026-05-27T11:58:17] running epoch=16 stdout="epoch 17 training"
[2026-05-27T11:58:32] running epoch=16 stdout="epoch 17 training"
[2026-05-27T11:58:47] running epoch=16 stdout="epoch 17 training"
[2026-05-27T11:59:02] running epoch=16 stdout="epoch 17 training"
[2026-05-27T11:59:17] running epoch=16 stdout="epoch 17 training"
[2026-05-27T11:59:32] running epoch=16 stdout="epoch 17 training"
[2026-05-27T11:59:47] running epoch=16 stdout="epoch 17 training"
[2026-05-27T12:00:02] running epoch=16 stdout="epoch 17 training"
[2026-05-27T12:00:17] running epoch=16 stdout="epoch 17 training"
[2026-05-27T12:00:32] running epoch=16 stdout="epoch 17 training"
[2026-05-27T12:00:47] running epoch=16 stdout="epoch 17 training"
[2026-05-27T12:01:02] running epoch=16 stdout="epoch 17 training"
[2026-05-27T12:01:17] running epoch=16 stdout="epoch 17 training"
[2026-05-27T12:01:32] running epoch=16 stdout="epoch 17 training"
[2026-05-27T12:01:47] running epoch=16 stdout="epoch 17 training"
[2026-05-27T12:02:02] running epoch=17 stdout="epoch 18 training"
[2026-05-27T12:02:17] running epoch=17 stdout="epoch 18 training"
[2026-05-27T12:02:32] running epoch=17 stdout="epoch 18 training"
[2026-05-27T12:02:47] running epoch=17 stdout="epoch 18 training"
[2026-05-27T12:03:02] running epoch=17 stdout="epoch 18 training"
[2026-05-27T12:03:17] running epoch=17 stdout="epoch 18 training"
[2026-05-27T12:03:32] running epoch=17 stdout="epoch 18 training"
[2026-05-27T12:03:47] running epoch=17 stdout="epoch 18 training"
[2026-05-27T12:04:02] running epoch=17 stdout="epoch 18 training"
[2026-05-27T12:04:17] running epoch=17 stdout="epoch 18 training"
[2026-05-27T12:04:32] running epoch=17 stdout="epoch 18 training"
[2026-05-27T12:04:47] running epoch=17 stdout="epoch 18 training"
[2026-05-27T12:05:02] running epoch=17 stdout="epoch 18 training"
[2026-05-27T12:05:17] running epoch=17 stdout="epoch 18 training"
[2026-05-27T12:05:32] running epoch=17 stdout="epoch 18 training"
[2026-05-27T12:05:47] running epoch=17 stdout="epoch 18 training"
[2026-05-27T12:06:03] running epoch=17 stdout="epoch 18 training"
[2026-05-27T12:06:18] running epoch=17 stdout="epoch 18 training"
[2026-05-27T12:06:33] running epoch=17 stdout="epoch 18 training"
[2026-05-27T12:06:48] running epoch=17 stdout="epoch 18 training"
[2026-05-27T12:07:03] running epoch=17 stdout="epoch 18 training"
[2026-05-27T12:07:18] running epoch=17 stdout="epoch 18 training"
[2026-05-27T12:07:33] running epoch=17 stdout="epoch 18 training"
[2026-05-27T12:07:48] running epoch=17 stdout="epoch 18 training"
[2026-05-27T12:08:03] running epoch=17 stdout="epoch 18 training"
[2026-05-27T12:08:18] running epoch=18 stdout="epoch 19 training"
[2026-05-27T12:08:33] running epoch=18 stdout="epoch 19 training"
[2026-05-27T12:08:48] running epoch=18 stdout="epoch 19 training"
[2026-05-27T12:09:03] running epoch=18 stdout="epoch 19 training"
[2026-05-27T12:09:18] running epoch=18 stdout="epoch 19 training"
[2026-05-27T12:09:33] running epoch=18 stdout="epoch 19 training"
[2026-05-27T12:09:48] running epoch=18 stdout="epoch 19 training"
[2026-05-27T12:10:03] running epoch=18 stdout="epoch 19 training"
[2026-05-27T12:10:18] running epoch=18 stdout="epoch 19 training"
[2026-05-27T12:10:33] running epoch=18 stdout="epoch 19 training"
[2026-05-27T12:10:48] running epoch=18 stdout="epoch 19 training"
[2026-05-27T12:11:03] running epoch=18 stdout="epoch 19 training"
[2026-05-27T12:11:18] running epoch=18 stdout="epoch 19 training"
[2026-05-27T12:11:33] running epoch=18 stdout="epoch 19 training"
[2026-05-27T12:11:48] running epoch=18 stdout="epoch 19 training"
[2026-05-27T12:12:03] running epoch=18 stdout="epoch 19 training"
[2026-05-27T12:12:18] running epoch=18 stdout="epoch 19 training"
[2026-05-27T12:12:33] running epoch=18 stdout="epoch 19 training"
[2026-05-27T12:12:48] running epoch=18 stdout="epoch 19 training"
[2026-05-27T12:13:03] running epoch=18 stdout="epoch 19 training"
[2026-05-27T12:13:18] running epoch=18 stdout="epoch 19 training"
[2026-05-27T12:13:33] running epoch=18 stdout="epoch 19 training"
[2026-05-27T12:13:48] running epoch=18 stdout="epoch 19 training"
[2026-05-27T12:14:03] running epoch=18 stdout="epoch 19 training"
[2026-05-27T12:14:18] running epoch=19 stdout="epoch 20 training"
[2026-05-27T12:14:33] running epoch=19 stdout="epoch 20 training"
[2026-05-27T12:14:48] running epoch=19 stdout="epoch 20 training"
[2026-05-27T12:15:03] running epoch=19 stdout="epoch 20 training"
[2026-05-27T12:15:18] running epoch=19 stdout="epoch 20 training"
[2026-05-27T12:15:33] running epoch=19 stdout="epoch 20 training"
[2026-05-27T12:15:48] running epoch=19 stdout="epoch 20 training"
[2026-05-27T12:16:03] running epoch=19 stdout="epoch 20 training"
[2026-05-27T12:16:18] running epoch=19 stdout="epoch 20 training"
[2026-05-27T12:16:33] running epoch=19 stdout="epoch 20 training"
[2026-05-27T12:16:48] running epoch=19 stdout="epoch 20 training"
[2026-05-27T12:17:03] running epoch=19 stdout="epoch 20 training"
[2026-05-27T12:17:18] running epoch=19 stdout="epoch 20 training"
[2026-05-27T12:17:33] running epoch=19 stdout="epoch 20 training"
[2026-05-27T12:17:48] running epoch=19 stdout="epoch 20 training"
[2026-05-27T12:18:03] running epoch=19 stdout="epoch 20 training"
[2026-05-27T12:18:18] running epoch=19 stdout="epoch 20 training"
[2026-05-27T12:18:33] running epoch=19 stdout="epoch 20 training"
[2026-05-27T12:18:48] running epoch=19 stdout="epoch 20 training"
[2026-05-27T12:19:03] running epoch=19 stdout="epoch 20 training"
[2026-05-27T12:19:18] running epoch=19 stdout="epoch 20 training"
[2026-05-27T12:19:33] running epoch=19 stdout="epoch 20 training"
[2026-05-27T12:19:48] running epoch=19 stdout="epoch 20 training"
[2026-05-27T12:20:03] running epoch=19 stdout="epoch 20 training"
[2026-05-27T12:20:18] running epoch=19 stdout="epoch 20 training"
[2026-05-27T12:20:33] running epoch=19 stdout="epoch 20 training"
[2026-05-27T12:20:48] running epoch=19 stdout="epoch 20 training"
[2026-05-27T12:21:03] running epoch=19 stdout="epoch 20 training"
[2026-05-27T12:21:18] running epoch=19 stdout="epoch 20 evaluating"
[2026-05-27T12:21:33] running epoch=19 stdout="epoch 20 evaluating"
[2026-05-27T12:21:48] running epoch=19 stdout="epoch 20 evaluating"
[2026-05-27T12:22:03] running epoch=19 stdout="epoch 20 evaluating"
[2026-05-27T12:22:18] running epoch=19 stdout="epoch 20 evaluating"
[2026-05-27T12:22:35] monitor started pid=124384 poll_s=15
[2026-05-27T12:22:35] running epoch=19 stdout="epoch 20 evaluating"
