building MNIST 784-120-40 layer
loading training split
loading train-eval split
loading test split
constructing 32-worker Adam manager
constructing validation worker
starting epochs
epoch 0 evaluating
(timestamp = "2026-05-27T09:50:54", epoch = 0, seconds = 0.0, train_accuracy = 0.095, train_loss = 87.291145f0, test_accuracy = 0.09820627802690583, test_loss = 87.25128f0, pred_counts = "822-1021-431-541-668-894-440-1566-396-2141", best_accuracy = 0.09820627802690583, best_path = "C:\\Users\\fenje\\dev\\InteractiveIsing.jl\\ext\\IsingLearning\\experiments\\MNIST\\784-120-40-baseline\\experiments\\current\\mnist_784_120_40_adam_balanced_e300_20260527_094101\\best_checkpoint.bin", final_path = "")
epoch 1 training
(timestamp = "2026-05-27T09:57:09", epoch = 1, seconds = 374.5320759, train_accuracy = missing, train_loss = missing, test_accuracy = missing, test_loss = missing, pred_counts = missing, best_accuracy = 0.09820627802690583, best_path = "C:\\Users\\fenje\\dev\\InteractiveIsing.jl\\ext\\IsingLearning\\experiments\\MNIST\\784-120-40-baseline\\experiments\\current\\mnist_784_120_40_adam_balanced_e300_20260527_094101\\best_checkpoint.bin", final_path = "")
epoch 2 training
(timestamp = "2026-05-27T10:03:17", epoch = 2, seconds = 367.7333925, train_accuracy = missing, train_loss = missing, test_accuracy = missing, test_loss = missing, pred_counts = missing, best_accuracy = 0.09820627802690583, best_path = "C:\\Users\\fenje\\dev\\InteractiveIsing.jl\\ext\\IsingLearning\\experiments\\MNIST\\784-120-40-baseline\\experiments\\current\\mnist_784_120_40_adam_balanced_e300_20260527_094101\\best_checkpoint.bin", final_path = "")
epoch 3 training
(timestamp = "2026-05-27T10:09:39", epoch = 3, seconds = 381.8409599, train_accuracy = missing, train_loss = missing, test_accuracy = missing, test_loss = missing, pred_counts = missing, best_accuracy = 0.09820627802690583, best_path = "C:\\Users\\fenje\\dev\\InteractiveIsing.jl\\ext\\IsingLearning\\experiments\\MNIST\\784-120-40-baseline\\experiments\\current\\mnist_784_120_40_adam_balanced_e300_20260527_094101\\best_checkpoint.bin", final_path = "")
epoch 4 training
(timestamp = "2026-05-27T10:15:53", epoch = 4, seconds = 374.6467881, train_accuracy = missing, train_loss = missing, test_accuracy = missing, test_loss = missing, pred_counts = missing, best_accuracy = 0.09820627802690583, best_path = "C:\\Users\\fenje\\dev\\InteractiveIsing.jl\\ext\\IsingLearning\\experiments\\MNIST\\784-120-40-baseline\\experiments\\current\\mnist_784_120_40_adam_balanced_e300_20260527_094101\\best_checkpoint.bin", final_path = "")
epoch 5 training
epoch 5 evaluating
(timestamp = "2026-05-27T10:30:16", epoch = 5, seconds = 378.5292917, train_accuracy = 0.874, train_loss = 3.7814853f0, test_accuracy = 0.8826233183856502, test_loss = 3.5572052f0, pred_counts = "931-923-850-919-833-959-880-893-884-848", best_accuracy = 0.8826233183856502, best_path = "C:\\Users\\fenje\\dev\\InteractiveIsing.jl\\ext\\IsingLearning\\experiments\\MNIST\\784-120-40-baseline\\experiments\\current\\mnist_784_120_40_adam_balanced_e300_20260527_094101\\best_checkpoint.bin", final_path = "")
epoch 6 training
(timestamp = "2026-05-27T10:36:39", epoch = 6, seconds = 383.1074406, train_accuracy = missing, train_loss = missing, test_accuracy = missing, test_loss = missing, pred_counts = missing, best_accuracy = 0.8826233183856502, best_path = "C:\\Users\\fenje\\dev\\InteractiveIsing.jl\\ext\\IsingLearning\\experiments\\MNIST\\784-120-40-baseline\\experiments\\current\\mnist_784_120_40_adam_balanced_e300_20260527_094101\\best_checkpoint.bin", final_path = "")
epoch 7 training
(timestamp = "2026-05-27T10:42:58", epoch = 7, seconds = 379.1148449, train_accuracy = missing, train_loss = missing, test_accuracy = missing, test_loss = missing, pred_counts = missing, best_accuracy = 0.8826233183856502, best_path = "C:\\Users\\fenje\\dev\\InteractiveIsing.jl\\ext\\IsingLearning\\experiments\\MNIST\\784-120-40-baseline\\experiments\\current\\mnist_784_120_40_adam_balanced_e300_20260527_094101\\best_checkpoint.bin", final_path = "")
epoch 8 training
(timestamp = "2026-05-27T10:49:10", epoch = 8, seconds = 372.1425384, train_accuracy = missing, train_loss = missing, test_accuracy = missing, test_loss = missing, pred_counts = missing, best_accuracy = 0.8826233183856502, best_path = "C:\\Users\\fenje\\dev\\InteractiveIsing.jl\\ext\\IsingLearning\\experiments\\MNIST\\784-120-40-baseline\\experiments\\current\\mnist_784_120_40_adam_balanced_e300_20260527_094101\\best_checkpoint.bin", final_path = "")
epoch 9 training
(timestamp = "2026-05-27T10:55:21", epoch = 9, seconds = 370.2927998, train_accuracy = missing, train_loss = missing, test_accuracy = missing, test_loss = missing, pred_counts = missing, best_accuracy = 0.8826233183856502, best_path = "C:\\Users\\fenje\\dev\\InteractiveIsing.jl\\ext\\IsingLearning\\experiments\\MNIST\\784-120-40-baseline\\experiments\\current\\mnist_784_120_40_adam_balanced_e300_20260527_094101\\best_checkpoint.bin", final_path = "")
epoch 10 training
epoch 10 evaluating
(timestamp = "2026-05-27T11:10:26", epoch = 10, seconds = 369.6943024, train_accuracy = 0.873, train_loss = 3.9053383f0, test_accuracy = 0.8788116591928251, test_loss = 3.7096689f0, pred_counts = "874-896-813-888-926-936-935-880-881-891", best_accuracy = 0.8826233183856502, best_path = "C:\\Users\\fenje\\dev\\InteractiveIsing.jl\\ext\\IsingLearning\\experiments\\MNIST\\784-120-40-baseline\\experiments\\current\\mnist_784_120_40_adam_balanced_e300_20260527_094101\\best_checkpoint.bin", final_path = "")
epoch 11 training
(timestamp = "2026-05-27T11:16:33", epoch = 11, seconds = 366.506136, train_accuracy = missing, train_loss = missing, test_accuracy = missing, test_loss = missing, pred_counts = missing, best_accuracy = 0.8826233183856502, best_path = "C:\\Users\\fenje\\dev\\InteractiveIsing.jl\\ext\\IsingLearning\\experiments\\MNIST\\784-120-40-baseline\\experiments\\current\\mnist_784_120_40_adam_balanced_e300_20260527_094101\\best_checkpoint.bin", final_path = "")
epoch 12 training
(timestamp = "2026-05-27T11:22:39", epoch = 12, seconds = 366.7458385, train_accuracy = missing, train_loss = missing, test_accuracy = missing, test_loss = missing, pred_counts = missing, best_accuracy = 0.8826233183856502, best_path = "C:\\Users\\fenje\\dev\\InteractiveIsing.jl\\ext\\IsingLearning\\experiments\\MNIST\\784-120-40-baseline\\experiments\\current\\mnist_784_120_40_adam_balanced_e300_20260527_094101\\best_checkpoint.bin", final_path = "")
epoch 13 training
(timestamp = "2026-05-27T11:28:47", epoch = 13, seconds = 367.1857093, train_accuracy = missing, train_loss = missing, test_accuracy = missing, test_loss = missing, pred_counts = missing, best_accuracy = 0.8826233183856502, best_path = "C:\\Users\\fenje\\dev\\InteractiveIsing.jl\\ext\\IsingLearning\\experiments\\MNIST\\784-120-40-baseline\\experiments\\current\\mnist_784_120_40_adam_balanced_e300_20260527_094101\\best_checkpoint.bin", final_path = "")
epoch 14 training
(timestamp = "2026-05-27T11:34:54", epoch = 14, seconds = 367.6599612, train_accuracy = missing, train_loss = missing, test_accuracy = missing, test_loss = missing, pred_counts = missing, best_accuracy = 0.8826233183856502, best_path = "C:\\Users\\fenje\\dev\\InteractiveIsing.jl\\ext\\IsingLearning\\experiments\\MNIST\\784-120-40-baseline\\experiments\\current\\mnist_784_120_40_adam_balanced_e300_20260527_094101\\best_checkpoint.bin", final_path = "")
epoch 15 training
epoch 15 evaluating
(timestamp = "2026-05-27T11:49:47", epoch = 15, seconds = 365.3243201, train_accuracy = 0.883, train_loss = 3.5566297f0, test_accuracy = 0.885201793721973, test_loss = 3.4091759f0, pred_counts = "903-948-867-889-1064-801-875-934-885-754", best_accuracy = 0.885201793721973, best_path = "C:\\Users\\fenje\\dev\\InteractiveIsing.jl\\ext\\IsingLearning\\experiments\\MNIST\\784-120-40-baseline\\experiments\\current\\mnist_784_120_40_adam_balanced_e300_20260527_094101\\best_checkpoint.bin", final_path = "")
epoch 16 training
(timestamp = "2026-05-27T11:55:52", epoch = 16, seconds = 364.3224528, train_accuracy = missing, train_loss = missing, test_accuracy = missing, test_loss = missing, pred_counts = missing, best_accuracy = 0.885201793721973, best_path = "C:\\Users\\fenje\\dev\\InteractiveIsing.jl\\ext\\IsingLearning\\experiments\\MNIST\\784-120-40-baseline\\experiments\\current\\mnist_784_120_40_adam_balanced_e300_20260527_094101\\best_checkpoint.bin", final_path = "")
epoch 17 training
(timestamp = "2026-05-27T12:01:58", epoch = 17, seconds = 366.5498793, train_accuracy = missing, train_loss = missing, test_accuracy = missing, test_loss = missing, pred_counts = missing, best_accuracy = 0.885201793721973, best_path = "C:\\Users\\fenje\\dev\\InteractiveIsing.jl\\ext\\IsingLearning\\experiments\\MNIST\\784-120-40-baseline\\experiments\\current\\mnist_784_120_40_adam_balanced_e300_20260527_094101\\best_checkpoint.bin", final_path = "")
epoch 18 training
(timestamp = "2026-05-27T12:08:04", epoch = 18, seconds = 365.5609916, train_accuracy = missing, train_loss = missing, test_accuracy = missing, test_loss = missing, pred_counts = missing, best_accuracy = 0.885201793721973, best_path = "C:\\Users\\fenje\\dev\\InteractiveIsing.jl\\ext\\IsingLearning\\experiments\\MNIST\\784-120-40-baseline\\experiments\\current\\mnist_784_120_40_adam_balanced_e300_20260527_094101\\best_checkpoint.bin", final_path = "")
epoch 19 training
(timestamp = "2026-05-27T12:14:10", epoch = 19, seconds = 365.7850717, train_accuracy = missing, train_loss = missing, test_accuracy = missing, test_loss = missing, pred_counts = missing, best_accuracy = 0.885201793721973, best_path = "C:\\Users\\fenje\\dev\\InteractiveIsing.jl\\ext\\IsingLearning\\experiments\\MNIST\\784-120-40-baseline\\experiments\\current\\mnist_784_120_40_adam_balanced_e300_20260527_094101\\best_checkpoint.bin", final_path = "")
epoch 20 training
epoch 20 evaluating
