  Activating project at `C:\Users\fenje\dev\InteractiveIsing.jl\ext\IsingLearning`
┌ Warning: this run uses a subsampled balanced training split, so it is not the full balanced MNIST baseline
│   train_per_class = 1280
└ @ Main C:\Users\fenje\dev\InteractiveIsing.jl\ext\IsingLearning\experiments\MNIST\baseline_new_nudge\mnist_784_120_40_softplus_margin_symmetric_nudge_adam.jl:1739
┌ Warning: this run uses a subsampled balanced test split, so reported accuracy will be noisy
│   test_per_class = 100
└ @ Main C:\Users\fenje\dev\InteractiveIsing.jl\ext\IsingLearning\experiments\MNIST\baseline_new_nudge\mnist_784_120_40_softplus_margin_symmetric_nudge_adam.jl:1740

epoch 4   2%|█                                          |  ETA: 0:14:36[K
     batch: 2/100[K
   samples: 256/12800[K
[A
[A


[K[A
[K[A
epoch 4   4%|██                                         |  ETA: 0:07:49[K
     batch: 4/100[K
   samples: 512/12800[K
[A
[A


[K[A
[K[A
epoch 4   6%|███                                        |  ETA: 0:05:29[K
     batch: 6/100[K
   samples: 768/12800[K
[A
[A


[K[A
[K[A
epoch 4   8%|████                                       |  ETA: 0:04:18[K
     batch: 8/100[K
   samples: 1024/12800[K
[A
[A


[K[A
[K[A
epoch 4  10%|█████                                      |  ETA: 0:03:35[K
     batch: 10/100[K
   samples: 1280/12800[K
[A
[A


[K[A
[K[A
epoch 4  12%|██████                                     |  ETA: 0:03:06[K
     batch: 12/100[K
   samples: 1536/12800[K
[A
[A


[K[A
[K[A
epoch 4  14%|███████                                    |  ETA: 0:02:45[K
     batch: 14/100[K
   samples: 1792/12800[K
[A
[A


[K[A
[K[A
epoch 4  16%|███████                                    |  ETA: 0:02:29[K
     batch: 16/100[K
   samples: 2048/12800[K
[A
[A


[K[A
[K[A
epoch 4  18%|████████                                   |  ETA: 0:02:16[K
     batch: 18/100[K
   samples: 2304/12800[K
[A
[A


[K[A
[K[A
epoch 4  20%|█████████                                  |  ETA: 0:02:05[K
     batch: 20/100[K
   samples: 2560/12800[K
[A
[A


[K[A
[K[A
epoch 4  22%|██████████                                 |  ETA: 0:01:56[K
     batch: 22/100[K
   samples: 2816/12800[K
[A
[A


[K[A
[K[A
epoch 4  24%|███████████                                |  ETA: 0:01:48[K
     batch: 24/100[K
   samples: 3072/12800[K
[A
[A


[K[A
[K[A
epoch 4  26%|████████████                               |  ETA: 0:01:42[K
     batch: 26/100[K
   samples: 3328/12800[K
[A
[A


[K[A
[K[A
epoch 4  28%|█████████████                              |  ETA: 0:01:36[K
     batch: 28/100[K
   samples: 3584/12800[K
[A
[A


[K[A
[K[A
epoch 4  30%|█████████████                              |  ETA: 0:01:30[K
     batch: 30/100[K
   samples: 3840/12800[K
[A
[A


[K[A
[K[A
epoch 4  32%|██████████████                             |  ETA: 0:01:25[K
     batch: 32/100[K
   samples: 4096/12800[K
[A
[A


[K[A
[K[A
epoch 4  34%|███████████████                            |  ETA: 0:01:21[K
     batch: 34/100[K
   samples: 4352/12800[K
[A
[A


[K[A
[K[A
epoch 4  36%|████████████████                           |  ETA: 0:01:17[K
     batch: 36/100[K
   samples: 4608/12800[K
[A
[A


[K[A
[K[A
epoch 4  38%|█████████████████                          |  ETA: 0:01:13[K
     batch: 38/100[K
   samples: 4864/12800[K
[A
[A


[K[A
[K[A
epoch 4  40%|██████████████████                         |  ETA: 0:01:09[K
     batch: 40/100[K
   samples: 5120/12800[K
[A
[A


[K[A
[K[A
epoch 4  42%|███████████████████                        |  ETA: 0:01:06[K
     batch: 42/100[K
   samples: 5376/12800[K
[A
[A


[K[A
[K[A
epoch 4  44%|███████████████████                        |  ETA: 0:01:03[K
     batch: 44/100[K
   samples: 5632/12800[K
[A
[A


[K[A
[K[A
epoch 4  46%|████████████████████                       |  ETA: 0:01:00[K
     batch: 46/100[K
   samples: 5888/12800[K
[A
[A


[K[A
[K[A
epoch 4  48%|█████████████████████                      |  ETA: 0:00:57[K
     batch: 48/100[K
   samples: 6144/12800[K
[A
[A


[K[A
[K[A
epoch 4  50%|██████████████████████                     |  ETA: 0:00:54[K
     batch: 50/100[K
   samples: 6400/12800[K
[A
[A


[K[A
[K[A
epoch 4  52%|███████████████████████                    |  ETA: 0:00:51[K
     batch: 52/100[K
   samples: 6656/12800[K
[A
[A


[K[A
[K[A
epoch 4  54%|████████████████████████                   |  ETA: 0:00:48[K
     batch: 54/100[K
   samples: 6912/12800[K
[A
[A


[K[A
[K[A
epoch 4  56%|█████████████████████████                  |  ETA: 0:00:46[K
     batch: 56/100[K
   samples: 7168/12800[K
[A
[A


[K[A
[K[A
epoch 4  58%|█████████████████████████                  |  ETA: 0:00:43[K
     batch: 58/100[K
   samples: 7424/12800[K
[A
[A


[K[A
[K[A
epoch 4  60%|██████████████████████████                 |  ETA: 0:00:41[K
     batch: 60/100[K
   samples: 7680/12800[K
[A
[A


[K[A
[K[A
epoch 4  62%|███████████████████████████                |  ETA: 0:00:38[K
     batch: 62/100[K
   samples: 7936/12800[K
[A
[A


[K[A
[K[A
epoch 4  64%|████████████████████████████               |  ETA: 0:00:36[K
     batch: 64/100[K
   samples: 8192/12800[K
[A
[A


[K[A
[K[A
epoch 4  66%|█████████████████████████████              |  ETA: 0:00:34[K
     batch: 66/100[K
   samples: 8448/12800[K
[A
[A


[K[A
[K[A
epoch 4  68%|██████████████████████████████             |  ETA: 0:00:32[K
     batch: 68/100[K
   samples: 8704/12800[K
[A
[A


[K[A
[K[A
epoch 4  70%|███████████████████████████████            |  ETA: 0:00:29[K
     batch: 70/100[K
   samples: 8960/12800[K
[A
[A


[K[A
[K[A
epoch 4  72%|███████████████████████████████            |  ETA: 0:00:27[K
     batch: 72/100[K
   samples: 9216/12800[K
[A
[A


[K[A
[K[A
epoch 4  74%|████████████████████████████████           |  ETA: 0:00:25[K
     batch: 74/100[K
   samples: 9472/12800[K
[A
[A


[K[A
[K[A
epoch 4  76%|█████████████████████████████████          |  ETA: 0:00:23[K
     batch: 76/100[K
   samples: 9728/12800[K
[A
[A


[K[A
[K[A
epoch 4  78%|██████████████████████████████████         |  ETA: 0:00:21[K
     batch: 78/100[K
   samples: 9984/12800[K
[A
[A


[K[A
[K[A
epoch 4  80%|███████████████████████████████████        |  ETA: 0:00:19[K
     batch: 80/100[K
   samples: 10240/12800[K
[A
[A


[K[A
[K[A
epoch 4  82%|████████████████████████████████████       |  ETA: 0:00:17[K
     batch: 82/100[K
   samples: 10496/12800[K
[A
[A


[K[A
[K[A
epoch 4  84%|█████████████████████████████████████      |  ETA: 0:00:15[K
     batch: 84/100[K
   samples: 10752/12800[K
[A
[A


[K[A
[K[A
epoch 4  86%|█████████████████████████████████████      |  ETA: 0:00:13[K
     batch: 86/100[K
   samples: 11008/12800[K
[A
[A


[K[A
[K[A
epoch 4  88%|██████████████████████████████████████     |  ETA: 0:00:11[K
     batch: 88/100[K
   samples: 11264/12800[K
[A
[A


[K[A
[K[A
epoch 4  90%|███████████████████████████████████████    |  ETA: 0:00:09[K
     batch: 90/100[K
   samples: 11520/12800[K
[A
[A


[K[A
[K[A
epoch 4  92%|████████████████████████████████████████   |  ETA: 0:00:07[K
     batch: 92/100[K
   samples: 11776/12800[K
[A
[A


[K[A
[K[A
epoch 4  94%|█████████████████████████████████████████  |  ETA: 0:00:06[K
     batch: 94/100[K
   samples: 12032/12800[K
[A
[A


[K[A
[K[A
epoch 4  96%|██████████████████████████████████████████ |  ETA: 0:00:04[K
     batch: 96/100[K
   samples: 12288/12800[K
[A
[A


[K[A
[K[A
epoch 4  98%|███████████████████████████████████████████|  ETA: 0:00:02[K
     batch: 98/100[K
   samples: 12544/12800[K
[A
[A


[K[A
[K[A
epoch 4 100%|███████████████████████████████████████████| Time: 0:01:30[K
     batch: 100/100[K
   samples: 12800/12800[K

epoch 5   2%|█                                          |  ETA: 0:01:17[K
     batch: 2/100[K
   samples: 256/12800[K
[A
[A


[K[A
[K[A
epoch 5   4%|██                                         |  ETA: 0:01:12[K
     batch: 4/100[K
   samples: 512/12800[K
[A
[A


[K[A
[K[A
epoch 5   6%|███                                        |  ETA: 0:01:11[K
     batch: 6/100[K
   samples: 768/12800[K
[A
[A


[K[A
[K[A
epoch 5   8%|████                                       |  ETA: 0:01:10[K
     batch: 8/100[K
   samples: 1024/12800[K
[A
[A


[K[A
[K[A
epoch 5  10%|█████                                      |  ETA: 0:01:08[K
     batch: 10/100[K
   samples: 1280/12800[K
[A
[A


[K[A
[K[A
epoch 5  12%|██████                                     |  ETA: 0:01:06[K
     batch: 12/100[K
   samples: 1536/12800[K
[A
[A


[K[A
[K[A
epoch 5  14%|███████                                    |  ETA: 0:01:05[K
     batch: 14/100[K
   samples: 1792/12800[K
[A
[A


[K[A
[K[A
epoch 5  16%|███████                                    |  ETA: 0:01:04[K
     batch: 16/100[K
   samples: 2048/12800[K
[A
[A


[K[A
[K[A
epoch 5  18%|████████                                   |  ETA: 0:01:02[K
     batch: 18/100[K
   samples: 2304/12800[K
[A
[A


[K[A
[K[A
epoch 5  20%|█████████                                  |  ETA: 0:01:01[K
     batch: 20/100[K
   samples: 2560/12800[K
[A
[A


[K[A
[K[A
epoch 5  22%|██████████                                 |  ETA: 0:01:00[K
     batch: 22/100[K
   samples: 2816/12800[K
[A
[A


[K[A
[K[A
epoch 5  24%|███████████                                |  ETA: 0:00:58[K
     batch: 24/100[K
   samples: 3072/12800[K
[A
[A


[K[A
[K[A
epoch 5  26%|████████████                               |  ETA: 0:00:57[K
     batch: 26/100[K
   samples: 3328/12800[K
[A
[A


[K[A
[K[A
epoch 5  28%|█████████████                              |  ETA: 0:00:55[K
     batch: 28/100[K
   samples: 3584/12800[K
[A
[A


[K[A
[K[A
epoch 5  30%|█████████████                              |  ETA: 0:00:53[K
     batch: 30/100[K
   samples: 3840/12800[K
[A
[A


[K[A
[K[A
epoch 5  32%|██████████████                             |  ETA: 0:00:52[K
     batch: 32/100[K
   samples: 4096/12800[K
[A
[A


[K[A
[K[A
epoch 5  34%|███████████████                            |  ETA: 0:00:50[K
     batch: 34/100[K
   samples: 4352/12800[K
[A
[A


[K[A
[K[A
epoch 5  36%|████████████████                           |  ETA: 0:00:49[K
     batch: 36/100[K
   samples: 4608/12800[K
[A
[A


[K[A
[K[A
epoch 5  38%|█████████████████                          |  ETA: 0:00:47[K
     batch: 38/100[K
   samples: 4864/12800[K
[A
[A


[K[A
[K[A
epoch 5  40%|██████████████████                         |  ETA: 0:00:45[K
     batch: 40/100[K
   samples: 5120/12800[K
[A
[A


[K[A
[K[A
epoch 5  42%|███████████████████                        |  ETA: 0:00:44[K
     batch: 42/100[K
   samples: 5376/12800[K
[A
[A


[K[A
[K[A
epoch 5  44%|███████████████████                        |  ETA: 0:00:42[K
     batch: 44/100[K
   samples: 5632/12800[K
[A
[A


[K[A
[K[A
epoch 5  46%|████████████████████                       |  ETA: 0:00:41[K
     batch: 46/100[K
   samples: 5888/12800[K
[A
[A


[K[A
[K[A
epoch 5  48%|█████████████████████                      |  ETA: 0:00:39[K
     batch: 48/100[K
   samples: 6144/12800[K
[A
[A


[K[A
[K[A
epoch 5  50%|██████████████████████                     |  ETA: 0:00:38[K
     batch: 50/100[K
   samples: 6400/12800[K
[A
[A


[K[A
[K[A
epoch 5  52%|███████████████████████                    |  ETA: 0:00:36[K
     batch: 52/100[K
   samples: 6656/12800[K
[A
[A


[K[A
[K[A
epoch 5  54%|████████████████████████                   |  ETA: 0:00:35[K
     batch: 54/100[K
   samples: 6912/12800[K
[A
[A


[K[A
[K[A
epoch 5  56%|█████████████████████████                  |  ETA: 0:00:33[K
     batch: 56/100[K
   samples: 7168/12800[K
[A
[A


[K[A
[K[A
epoch 5  58%|█████████████████████████                  |  ETA: 0:00:32[K
     batch: 58/100[K
   samples: 7424/12800[K
[A
[A


[K[A
[K[A
epoch 5  60%|██████████████████████████                 |  ETA: 0:00:30[K
     batch: 60/100[K
   samples: 7680/12800[K
[A
[A


[K[A
[K[A
epoch 5  62%|███████████████████████████                |  ETA: 0:00:29[K
     batch: 62/100[K
   samples: 7936/12800[K
[A
[A


[K[A
[K[A
epoch 5  63%|████████████████████████████               |  ETA: 0:00:28[K
     batch: 63/100[K
   samples: 8064/12800[K
[A
[A


[K[A
[K[A
epoch 5  65%|████████████████████████████               |  ETA: 0:00:27[K
     batch: 65/100[K
   samples: 8320/12800[K
[A
[A


[K[A
[K[A
epoch 5  67%|█████████████████████████████              |  ETA: 0:00:25[K
     batch: 67/100[K
   samples: 8576/12800[K
[A
[A


[K[A
[K[A
epoch 5  69%|██████████████████████████████             |  ETA: 0:00:24[K
     batch: 69/100[K
   samples: 8832/12800[K
[A
[A


[K[A
[K[A
epoch 5  71%|███████████████████████████████            |  ETA: 0:00:22[K
     batch: 71/100[K
   samples: 9088/12800[K
[A
[A


[K[A
[K[A
epoch 5  72%|███████████████████████████████            |  ETA: 0:00:22[K
     batch: 72/100[K
   samples: 9216/12800[K
[A
[A


[K[A
[K[A
epoch 5  74%|████████████████████████████████           |  ETA: 0:00:20[K
     batch: 74/100[K
   samples: 9472/12800[K
[A
[A


[K[A
[K[A
epoch 5  76%|█████████████████████████████████          |  ETA: 0:00:19[K
     batch: 76/100[K
   samples: 9728/12800[K
[A
[A


[K[A
[K[A
epoch 5  78%|██████████████████████████████████         |  ETA: 0:00:17[K
     batch: 78/100[K
   samples: 9984/12800[K
[A
[A


[K[A
[K[A
epoch 5  80%|███████████████████████████████████        |  ETA: 0:00:16[K
     batch: 80/100[K
   samples: 10240/12800[K
[A
[A


[K[A
[K[A
epoch 5  82%|████████████████████████████████████       |  ETA: 0:00:14[K
     batch: 82/100[K
   samples: 10496/12800[K
[A
[A


[K[A
[K[A
epoch 5  84%|█████████████████████████████████████      |  ETA: 0:00:13[K
     batch: 84/100[K
   samples: 10752/12800[K
[A
[A


[K[A
[K[A
epoch 5  86%|█████████████████████████████████████      |  ETA: 0:00:11[K
     batch: 86/100[K
   samples: 11008/12800[K
[A
[A


[K[A
[K[A
epoch 5  88%|██████████████████████████████████████     |  ETA: 0:00:10[K
     batch: 88/100[K
   samples: 11264/12800[K
[A
[A


[K[A
[K[A
epoch 5  90%|███████████████████████████████████████    |  ETA: 0:00:08[K
     batch: 90/100[K
   samples: 11520/12800[K
[A
[A


[K[A
[K[A
epoch 5  92%|████████████████████████████████████████   |  ETA: 0:00:06[K
     batch: 92/100[K
   samples: 11776/12800[K
[A
[A


[K[A
[K[A
epoch 5  94%|█████████████████████████████████████████  |  ETA: 0:00:05[K
     batch: 94/100[K
   samples: 12032/12800[K
[A
[A


[K[A
[K[A
epoch 5  96%|██████████████████████████████████████████ |  ETA: 0:00:03[K
     batch: 96/100[K
   samples: 12288/12800[K
[A
[A


[K[A
[K[A
epoch 5  98%|███████████████████████████████████████████|  ETA: 0:00:02[K
     batch: 98/100[K
   samples: 12544/12800[K
[A
[A


[K[A
[K[A
epoch 5 100%|███████████████████████████████████████████| Time: 0:01:20[K
     batch: 100/100[K
   samples: 12800/12800[K

epoch 6   2%|█                                          |  ETA: 0:01:25[K
     batch: 2/100[K
   samples: 256/12800[K
[A
[A


[K[A
[K[A
epoch 6   4%|██                                         |  ETA: 0:01:26[K
     batch: 4/100[K
   samples: 512/12800[K
[A
[A


[K[A
[K[A
epoch 6   6%|███                                        |  ETA: 0:01:24[K
     batch: 6/100[K
   samples: 768/12800[K
[A
[A


[K[A
[K[A
epoch 6   8%|████                                       |  ETA: 0:01:23[K
     batch: 8/100[K
   samples: 1024/12800[K
[A
[A


[K[A
[K[A
epoch 6  10%|█████                                      |  ETA: 0:01:19[K
     batch: 10/100[K
   samples: 1280/12800[K
[A
[A


[K[A
[K[A
epoch 6  12%|██████                                     |  ETA: 0:01:17[K
     batch: 12/100[K
   samples: 1536/12800[K
[A
[A


[K[A
[K[A
epoch 6  14%|███████                                    |  ETA: 0:01:16[K
     batch: 14/100[K
   samples: 1792/12800[K
[A
[A


[K[A
[K[A
epoch 6  16%|███████                                    |  ETA: 0:01:14[K
     batch: 16/100[K
   samples: 2048/12800[K
[A
[A


[K[A
[K[A
epoch 6  18%|████████                                   |  ETA: 0:01:12[K
     batch: 18/100[K
   samples: 2304/12800[K
[A
[A


[K[A
[K[A
epoch 6  20%|█████████                                  |  ETA: 0:01:10[K
     batch: 20/100[K
   samples: 2560/12800[K
[A
[A


[K[A
[K[A
epoch 6  22%|██████████                                 |  ETA: 0:01:08[K
     batch: 22/100[K
   samples: 2816/12800[K
[A
[A


[K[A
[K[A
epoch 6  24%|███████████                                |  ETA: 0:01:06[K
     batch: 24/100[K
   samples: 3072/12800[K
[A
[A


[K[A
[K[A
epoch 6  26%|████████████                               |  ETA: 0:01:04[K
     batch: 26/100[K
   samples: 3328/12800[K
[A
[A


[K[A
[K[A
epoch 6  28%|█████████████                              |  ETA: 0:01:02[K
     batch: 28/100[K
   samples: 3584/12800[K
[A
[A


[K[A
[K[A
epoch 6  30%|█████████████                              |  ETA: 0:01:00[K
     batch: 30/100[K
   samples: 3840/12800[K
[A
[A


[K[A
[K[A
epoch 6  32%|██████████████                             |  ETA: 0:00:59[K
     batch: 32/100[K
   samples: 4096/12800[K
[A
[A


[K[A
[K[A
epoch 6  34%|███████████████                            |  ETA: 0:00:57[K
     batch: 34/100[K
   samples: 4352/12800[K
[A
[A


[K[A
[K[A
epoch 6  36%|████████████████                           |  ETA: 0:00:55[K
     batch: 36/100[K
   samples: 4608/12800[K
[A
[A


[K[A
[K[A
epoch 6  38%|█████████████████                          |  ETA: 0:00:53[K
     batch: 38/100[K
   samples: 4864/12800[K
[A
[A


[K[A
[K[A
epoch 6  40%|██████████████████                         |  ETA: 0:00:51[K
     batch: 40/100[K
   samples: 5120/12800[K
[A
[A


[K[A
[K[A
epoch 6  42%|███████████████████                        |  ETA: 0:00:49[K
     batch: 42/100[K
   samples: 5376/12800[K
[A
[A


[K[A
[K[A
epoch 6  44%|███████████████████                        |  ETA: 0:00:48[K
     batch: 44/100[K
   samples: 5632/12800[K
[A
[A


[K[A
[K[A
epoch 6  46%|████████████████████                       |  ETA: 0:00:46[K
     batch: 46/100[K
   samples: 5888/12800[K
[A
[A


[K[A
[K[A
epoch 6  48%|█████████████████████                      |  ETA: 0:00:44[K
     batch: 48/100[K
   samples: 6144/12800[K
[A
[A


[K[A
[K[A
epoch 6  49%|██████████████████████                     |  ETA: 0:00:44[K
     batch: 49/100[K
   samples: 6272/12800[K
[A
[A


[K[A
[K[A
epoch 6  51%|██████████████████████                     |  ETA: 0:00:42[K
     batch: 51/100[K
   samples: 6528/12800[K
[A
[A


[K[A
[K[A
epoch 6  53%|███████████████████████                    |  ETA: 0:00:40[K
     batch: 53/100[K
   samples: 6784/12800[K
[A
[A


[K[A
[K[A
epoch 6  55%|████████████████████████                   |  ETA: 0:00:38[K
     batch: 55/100[K
   samples: 7040/12800[K
[A
[A


[K[A
[K[A
epoch 6  57%|█████████████████████████                  |  ETA: 0:00:36[K
     batch: 57/100[K
   samples: 7296/12800[K
[A
[A


[K[A
[K[A
epoch 6  59%|██████████████████████████                 |  ETA: 0:00:35[K
     batch: 59/100[K
   samples: 7552/12800[K
[A
[A


[K[A
[K[A
epoch 6  61%|███████████████████████████                |  ETA: 0:00:33[K
     batch: 61/100[K
   samples: 7808/12800[K
[A
[A


[K[A
[K[A
epoch 6  63%|████████████████████████████               |  ETA: 0:00:31[K
     batch: 63/100[K
   samples: 8064/12800[K
[A
[A


[K[A
[K[A
epoch 6  65%|████████████████████████████               |  ETA: 0:00:29[K
     batch: 65/100[K
   samples: 8320/12800[K
[A
[A


[K[A
[K[A
epoch 6  67%|█████████████████████████████              |  ETA: 0:00:28[K
     batch: 67/100[K
   samples: 8576/12800[K
[A
[A


[K[A
[K[A
epoch 6  69%|██████████████████████████████             |  ETA: 0:00:26[K
     batch: 69/100[K
   samples: 8832/12800[K
[A
[A


[K[A
[K[A
epoch 6  71%|███████████████████████████████            |  ETA: 0:00:24[K
     batch: 71/100[K
   samples: 9088/12800[K
[A
[A


[K[A
[K[A
epoch 6  73%|████████████████████████████████           |  ETA: 0:00:23[K
     batch: 73/100[K
   samples: 9344/12800[K
[A
[A


[K[A
[K[A
epoch 6  75%|█████████████████████████████████          |  ETA: 0:00:21[K
     batch: 75/100[K
   samples: 9600/12800[K
[A
[A


[K[A
[K[A
epoch 6  77%|██████████████████████████████████         |  ETA: 0:00:19[K
     batch: 77/100[K
   samples: 9856/12800[K
[A
[A


[K[A
[K[A
epoch 6  79%|██████████████████████████████████         |  ETA: 0:00:18[K
     batch: 79/100[K
   samples: 10112/12800[K
[A
[A


[K[A
[K[A
epoch 6  81%|███████████████████████████████████        |  ETA: 0:00:16[K
     batch: 81/100[K
   samples: 10368/12800[K
[A
[A


[K[A
[K[A
epoch 6  83%|████████████████████████████████████       |  ETA: 0:00:14[K
     batch: 83/100[K
   samples: 10624/12800[K
[A
[A


[K[A
[K[A
epoch 6  85%|█████████████████████████████████████      |  ETA: 0:00:12[K
     batch: 85/100[K
   samples: 10880/12800[K
[A
[A


[K[A
[K[A
epoch 6  87%|██████████████████████████████████████     |  ETA: 0:00:11[K
     batch: 87/100[K
   samples: 11136/12800[K
[A
[A


[K[A
[K[A
epoch 6  89%|███████████████████████████████████████    |  ETA: 0:00:09[K
     batch: 89/100[K
   samples: 11392/12800[K
[A
[A


[K[A
[K[A
epoch 6  91%|████████████████████████████████████████   |  ETA: 0:00:07[K
     batch: 91/100[K
   samples: 11648/12800[K
[A
[A


[K[A
[K[A
epoch 6  93%|████████████████████████████████████████   |  ETA: 0:00:06[K
     batch: 93/100[K
   samples: 11904/12800[K
[A
[A


[K[A
[K[A
epoch 6  95%|█████████████████████████████████████████  |  ETA: 0:00:04[K
     batch: 95/100[K
   samples: 12160/12800[K
[A
[A


[K[A
[K[A
epoch 6  97%|██████████████████████████████████████████ |  ETA: 0:00:02[K
     batch: 97/100[K
   samples: 12416/12800[K
[A
[A


[K[A
[K[A
epoch 6  99%|███████████████████████████████████████████|  ETA: 0:00:01[K
     batch: 99/100[K
   samples: 12672/12800[K
[A
[A


[K[A
[K[A
epoch 6 100%|███████████████████████████████████████████| Time: 0:01:23[K
     batch: 100/100[K
   samples: 12800/12800[K

epoch 7   2%|█                                          |  ETA: 0:01:30[K
     batch: 2/100[K
   samples: 256/12800[K
[A
[A


[K[A
[K[A
epoch 7   4%|██                                         |  ETA: 0:01:29[K
     batch: 4/100[K
   samples: 512/12800[K
[A
[A


[K[A
[K[A
epoch 7   6%|███                                        |  ETA: 0:01:26[K
     batch: 6/100[K
   samples: 768/12800[K
[A
[A


[K[A
[K[A
epoch 7   8%|████                                       |  ETA: 0:01:22[K
     batch: 8/100[K
   samples: 1024/12800[K
[A
[A


[K[A
[K[A
epoch 7  10%|█████                                      |  ETA: 0:01:21[K
     batch: 10/100[K
   samples: 1280/12800[K
[A
[A


[K[A
[K[A
epoch 7  12%|██████                                     |  ETA: 0:01:18[K
     batch: 12/100[K
   samples: 1536/12800[K
[A
[A


[K[A
[K[A
epoch 7  14%|███████                                    |  ETA: 0:01:15[K
     batch: 14/100[K
   samples: 1792/12800[K
[A
[A


[K[A
[K[A
epoch 7  16%|███████                                    |  ETA: 0:01:14[K
     batch: 16/100[K
   samples: 2048/12800[K
[A
[A


[K[A
[K[A
epoch 7  18%|████████                                   |  ETA: 0:01:13[K
     batch: 18/100[K
   samples: 2304/12800[K
[A
[A


[K[A
[K[A
epoch 7  20%|█████████                                  |  ETA: 0:01:12[K
     batch: 20/100[K
   samples: 2560/12800[K
[A
[A


[K[A
[K[A
epoch 7  22%|██████████                                 |  ETA: 0:01:10[K
     batch: 22/100[K
   samples: 2816/12800[K
[A
[A


[K[A
[K[A
epoch 7  24%|███████████                                |  ETA: 0:01:08[K
     batch: 24/100[K
   samples: 3072/12800[K
[A
[A


[K[A
[K[A
epoch 7  26%|████████████                               |  ETA: 0:01:06[K
     batch: 26/100[K
   samples: 3328/12800[K
[A
[A


[K[A
[K[A
epoch 7  28%|█████████████                              |  ETA: 0:01:04[K
     batch: 28/100[K
   samples: 3584/12800[K
[A
[A


[K[A
[K[A
epoch 7  30%|█████████████                              |  ETA: 0:01:02[K
     batch: 30/100[K
   samples: 3840/12800[K
[A
[A


[K[A
[K[A
epoch 7  32%|██████████████                             |  ETA: 0:01:00[K
     batch: 32/100[K
   samples: 4096/12800[K
[A
[A


[K[A
[K[A
epoch 7  34%|███████████████                            |  ETA: 0:00:58[K
     batch: 34/100[K
   samples: 4352/12800[K
[A
[A


[K[A
[K[A
epoch 7  36%|████████████████                           |  ETA: 0:00:56[K
     batch: 36/100[K
   samples: 4608/12800[K
[A
[A


[K[A
[K[A
epoch 7  38%|█████████████████                          |  ETA: 0:00:54[K
     batch: 38/100[K
   samples: 4864/12800[K
[A
[A


[K[A
[K[A
epoch 7  40%|██████████████████                         |  ETA: 0:00:52[K
     batch: 40/100[K
   samples: 5120/12800[K
[A
[A


[K[A
[K[A
epoch 7  42%|███████████████████                        |  ETA: 0:00:50[K
     batch: 42/100[K
   samples: 5376/12800[K
[A
[A


[K[A
[K[A
epoch 7  44%|███████████████████                        |  ETA: 0:00:48[K
     batch: 44/100[K
   samples: 5632/12800[K
[A
[A


[K[A
[K[A
epoch 7  46%|████████████████████                       |  ETA: 0:00:46[K
     batch: 46/100[K
   samples: 5888/12800[K
[A
[A


[K[A
[K[A
epoch 7  48%|█████████████████████                      |  ETA: 0:00:44[K
     batch: 48/100[K
   samples: 6144/12800[K
[A
[A


[K[A
[K[A
epoch 7  50%|██████████████████████                     |  ETA: 0:00:42[K
     batch: 50/100[K
   samples: 6400/12800[K
[A
[A


[K[A
[K[A
epoch 7  52%|███████████████████████                    |  ETA: 0:00:40[K
     batch: 52/100[K
   samples: 6656/12800[K
[A
[A


[K[A
[K[A
epoch 7  54%|████████████████████████                   |  ETA: 0:00:39[K
     batch: 54/100[K
   samples: 6912/12800[K
[A
[A


[K[A
[K[A
epoch 7  56%|█████████████████████████                  |  ETA: 0:00:37[K
     batch: 56/100[K
   samples: 7168/12800[K
[A
[A


[K[A
[K[A
epoch 7  58%|█████████████████████████                  |  ETA: 0:00:35[K
     batch: 58/100[K
   samples: 7424/12800[K
[A
[A


[K[A
[K[A
epoch 7  60%|██████████████████████████                 |  ETA: 0:00:33[K
     batch: 60/100[K
   samples: 7680/12800[K
[A
[A


[K[A
[K[A
epoch 7  62%|███████████████████████████                |  ETA: 0:00:32[K
     batch: 62/100[K
   samples: 7936/12800[K
[A
[A


[K[A
[K[A
epoch 7  64%|████████████████████████████               |  ETA: 0:00:30[K
     batch: 64/100[K
   samples: 8192/12800[K
[A
[A


[K[A
[K[A
epoch 7  66%|█████████████████████████████              |  ETA: 0:00:28[K
     batch: 66/100[K
   samples: 8448/12800[K
[A
[A


[K[A
[K[A
epoch 7  68%|██████████████████████████████             |  ETA: 0:00:27[K
     batch: 68/100[K
   samples: 8704/12800[K
[A
[A


[K[A
[K[A
epoch 7  70%|███████████████████████████████            |  ETA: 0:00:25[K
     batch: 70/100[K
   samples: 8960/12800[K
[A
[A


[K[A
[K[A
epoch 7  72%|███████████████████████████████            |  ETA: 0:00:23[K
     batch: 72/100[K
   samples: 9216/12800[K
[A
[A


[K[A
[K[A
epoch 7  74%|████████████████████████████████           |  ETA: 0:00:22[K
     batch: 74/100[K
   samples: 9472/12800[K
[A
[A


[K[A
[K[A
epoch 7  76%|█████████████████████████████████          |  ETA: 0:00:20[K
     batch: 76/100[K
   samples: 9728/12800[K
[A
[A


[K[A
[K[A
epoch 7  78%|██████████████████████████████████         |  ETA: 0:00:18[K
     batch: 78/100[K
   samples: 9984/12800[K
[A
[A


[K[A
[K[A
epoch 7  80%|███████████████████████████████████        |  ETA: 0:00:17[K
     batch: 80/100[K
   samples: 10240/12800[K
[A
[A


[K[A
[K[A
epoch 7  82%|████████████████████████████████████       |  ETA: 0:00:15[K
     batch: 82/100[K
   samples: 10496/12800[K
[A
[A


[K[A
[K[A
epoch 7  84%|█████████████████████████████████████      |  ETA: 0:00:13[K
     batch: 84/100[K
   samples: 10752/12800[K
[A
[A


[K[A
[K[A
epoch 7  86%|█████████████████████████████████████      |  ETA: 0:00:12[K
     batch: 86/100[K
   samples: 11008/12800[K
[A
[A


[K[A
[K[A
epoch 7  88%|██████████████████████████████████████     |  ETA: 0:00:10[K
     batch: 88/100[K
   samples: 11264/12800[K
[A
[A


[K[A
[K[A
epoch 7  90%|███████████████████████████████████████    |  ETA: 0:00:08[K
     batch: 90/100[K
   samples: 11520/12800[K
[A
[A


[K[A
[K[A
epoch 7  92%|████████████████████████████████████████   |  ETA: 0:00:07[K
     batch: 92/100[K
   samples: 11776/12800[K
[A
[A


[K[A
[K[A
epoch 7  94%|█████████████████████████████████████████  |  ETA: 0:00:05[K
     batch: 94/100[K
   samples: 12032/12800[K
[A
[A


[K[A
[K[A
epoch 7  96%|██████████████████████████████████████████ |  ETA: 0:00:03[K
     batch: 96/100[K
   samples: 12288/12800[K
[A
[A


[K[A
[K[A
epoch 7  98%|███████████████████████████████████████████|  ETA: 0:00:02[K
     batch: 98/100[K
   samples: 12544/12800[K
[A
[A


[K[A
[K[A
epoch 7 100%|███████████████████████████████████████████| Time: 0:01:22[K
     batch: 100/100[K
   samples: 12800/12800[K

epoch 8   2%|█                                          |  ETA: 0:01:27[K
     batch: 2/100[K
   samples: 256/12800[K
[A
[A


[K[A
[K[A
epoch 8   4%|██                                         |  ETA: 0:01:26[K
     batch: 4/100[K
   samples: 512/12800[K
[A
[A


[K[A
[K[A
epoch 8   6%|███                                        |  ETA: 0:01:21[K
     batch: 6/100[K
   samples: 768/12800[K
[A
[A


[K[A
[K[A
epoch 8   8%|████                                       |  ETA: 0:01:17[K
     batch: 8/100[K
   samples: 1024/12800[K
[A
[A


[K[A
[K[A
epoch 8  10%|█████                                      |  ETA: 0:01:14[K
     batch: 10/100[K
   samples: 1280/12800[K
[A
[A


[K[A
[K[A
epoch 8  12%|██████                                     |  ETA: 0:01:11[K
     batch: 12/100[K
   samples: 1536/12800[K
[A
[A


[K[A
[K[A
epoch 8  14%|███████                                    |  ETA: 0:01:09[K
     batch: 14/100[K
   samples: 1792/12800[K
[A
[A


[K[A
[K[A
epoch 8  16%|███████                                    |  ETA: 0:01:07[K
     batch: 16/100[K
   samples: 2048/12800[K
[A
[A


[K[A
[K[A
epoch 8  18%|████████                                   |  ETA: 0:01:05[K
     batch: 18/100[K
   samples: 2304/12800[K
[A
[A


[K[A
[K[A
epoch 8  20%|█████████                                  |  ETA: 0:01:02[K
     batch: 20/100[K
   samples: 2560/12800[K
[A
[A


[K[A
[K[A
epoch 8  22%|██████████                                 |  ETA: 0:01:01[K
     batch: 22/100[K
   samples: 2816/12800[K
[A
[A


[K[A
[K[A
epoch 8  24%|███████████                                |  ETA: 0:00:59[K
     batch: 24/100[K
   samples: 3072/12800[K
[A
[A


[K[A
[K[A
epoch 8  26%|████████████                               |  ETA: 0:00:58[K
     batch: 26/100[K
   samples: 3328/12800[K
[A
[A


[K[A
[K[A
epoch 8  28%|█████████████                              |  ETA: 0:00:56[K
     batch: 28/100[K
   samples: 3584/12800[K
[A
[A


[K[A
[K[A
epoch 8  30%|█████████████                              |  ETA: 0:00:55[K
     batch: 30/100[K
   samples: 3840/12800[K
[A
[A


[K[A
[K[A
epoch 8  32%|██████████████                             |  ETA: 0:00:54[K
     batch: 32/100[K
   samples: 4096/12800[K
[A
[A


[K[A
[K[A
epoch 8  34%|███████████████                            |  ETA: 0:00:53[K
     batch: 34/100[K
   samples: 4352/12800[K
[A
[A


[K[A
[K[A
epoch 8  36%|████████████████                           |  ETA: 0:00:51[K
     batch: 36/100[K
   samples: 4608/12800[K
[A
[A


[K[A
[K[A
epoch 8  38%|█████████████████                          |  ETA: 0:00:50[K
     batch: 38/100[K
   samples: 4864/12800[K
[A
[A


[K[A
[K[A
epoch 8  39%|█████████████████                          |  ETA: 0:00:49[K
     batch: 39/100[K
   samples: 4992/12800[K
[A
[A


[K[A
[K[A
epoch 8  41%|██████████████████                         |  ETA: 0:00:48[K
     batch: 41/100[K
   samples: 5248/12800[K
[A
[A


[K[A
[K[A
epoch 8  43%|███████████████████                        |  ETA: 0:00:46[K
     batch: 43/100[K
   samples: 5504/12800[K
[A
[A


[K[A
[K[A
epoch 8  45%|████████████████████                       |  ETA: 0:00:45[K
     batch: 45/100[K
   samples: 5760/12800[K
[A
[A


[K[A
[K[A
epoch 8  47%|█████████████████████                      |  ETA: 0:00:43[K
     batch: 47/100[K
   samples: 6016/12800[K
[A
[A


[K[A
[K[A
epoch 8  49%|██████████████████████                     |  ETA: 0:00:42[K
     batch: 49/100[K
   samples: 6272/12800[K
[A
[A


[K[A
[K[A
epoch 8  51%|██████████████████████                     |  ETA: 0:00:40[K
     batch: 51/100[K
   samples: 6528/12800[K
[A
[A


[K[A
[K[A
epoch 8  53%|███████████████████████                    |  ETA: 0:00:38[K
     batch: 53/100[K
   samples: 6784/12800[K
[A
[A


[K[A
[K[A
epoch 8  55%|████████████████████████                   |  ETA: 0:00:37[K
     batch: 55/100[K
   samples: 7040/12800[K
[A
[A


[K[A
[K[A
epoch 8  57%|█████████████████████████                  |  ETA: 0:00:35[K
     batch: 57/100[K
   samples: 7296/12800[K
[A
[A


[K[A
[K[A
epoch 8  59%|██████████████████████████                 |  ETA: 0:00:34[K
     batch: 59/100[K
   samples: 7552/12800[K
[A
[A


[K[A
[K[A
epoch 8  61%|███████████████████████████                |  ETA: 0:00:32[K
     batch: 61/100[K
   samples: 7808/12800[K
[A
[A


[K[A
[K[A
epoch 8  63%|████████████████████████████               |  ETA: 0:00:31[K
     batch: 63/100[K
   samples: 8064/12800[K
[A
[A


[K[A
[K[A
epoch 8  65%|████████████████████████████               |  ETA: 0:00:29[K
     batch: 65/100[K
   samples: 8320/12800[K
[A
[A


[K[A
[K[A
epoch 8  67%|█████████████████████████████              |  ETA: 0:00:28[K
     batch: 67/100[K
   samples: 8576/12800[K
[A
[A


[K[A
[K[A
epoch 8  69%|██████████████████████████████             |  ETA: 0:00:26[K
     batch: 69/100[K
   samples: 8832/12800[K
[A
[A


[K[A
[K[A
epoch 8  71%|███████████████████████████████            |  ETA: 0:00:24[K
     batch: 71/100[K
   samples: 9088/12800[K
[A
[A


[K[A
[K[A
epoch 8  73%|████████████████████████████████           |  ETA: 0:00:23[K
     batch: 73/100[K
   samples: 9344/12800[K
[A
[A


[K[A
[K[A
epoch 8  75%|█████████████████████████████████          |  ETA: 0:00:21[K
     batch: 75/100[K
   samples: 9600/12800[K
[A
[A


[K[A
[K[A
epoch 8  77%|██████████████████████████████████         |  ETA: 0:00:19[K
     batch: 77/100[K
   samples: 9856/12800[K
[A
[A


[K[A
[K[A
epoch 8  79%|██████████████████████████████████         |  ETA: 0:00:18[K
     batch: 79/100[K
   samples: 10112/12800[K
[A
[A


[K[A
[K[A
epoch 8  81%|███████████████████████████████████        |  ETA: 0:00:16[K
     batch: 81/100[K
   samples: 10368/12800[K
[A
[A


[K[A
[K[A
epoch 8  83%|████████████████████████████████████       |  ETA: 0:00:14[K
     batch: 83/100[K
   samples: 10624/12800[K
[A
[A


[K[A
[K[A
epoch 8  85%|█████████████████████████████████████      |  ETA: 0:00:13[K
     batch: 85/100[K
   samples: 10880/12800[K
[A
[A


[K[A
[K[A
epoch 8  87%|██████████████████████████████████████     |  ETA: 0:00:11[K
     batch: 87/100[K
   samples: 11136/12800[K
[A
[A


[K[A
[K[A
epoch 8  89%|███████████████████████████████████████    |  ETA: 0:00:09[K
     batch: 89/100[K
   samples: 11392/12800[K
[A
[A


[K[A
[K[A
epoch 8  90%|███████████████████████████████████████    |  ETA: 0:00:09[K
     batch: 90/100[K
   samples: 11520/12800[K
[A
[A


[K[A
[K[A
epoch 8  92%|████████████████████████████████████████   |  ETA: 0:00:07[K
     batch: 92/100[K
   samples: 11776/12800[K
[A
[A


[K[A
[K[A
epoch 8  94%|█████████████████████████████████████████  |  ETA: 0:00:05[K
     batch: 94/100[K
   samples: 12032/12800[K
[A
[A


[K[A
[K[A
epoch 8  96%|██████████████████████████████████████████ |  ETA: 0:00:03[K
     batch: 96/100[K
   samples: 12288/12800[K
[A
[A


[K[A
[K[A
epoch 8  98%|███████████████████████████████████████████|  ETA: 0:00:02[K
     batch: 98/100[K
   samples: 12544/12800[K
[A
[A


[K[A
[K[A
epoch 8 100%|███████████████████████████████████████████| Time: 0:01:25[K
     batch: 100/100[K
   samples: 12800/12800[K
[bootstrap] activated project
[bootstrap] loaded packages
building MNIST 784-120-40 layer
loading training split
training samples: 12800 (100 batches/epoch)
loading train-eval split
train-eval samples: 1000
loading test split
test samples: 1000
constructing 32-worker softplus-margin nudge Adam manager
constructing 32-worker validation manager
starting epochs
restoring checkpoint state from ext/IsingLearning/experiments/MNIST/baseline_new_nudge/experiments/current/symmetric_nudge_target_weight_grid_v4_20260609/b0p020_lr0p00025_T0p00005_wd0p001_step0p5_pos9p0_neg0p50_priortrue_adaptivefalse/best_checkpoint.bin
epoch 4 training
epoch 4 batch 1/100 samples 128/12800 elapsed 17.1s
epoch 4 batch 25/100 samples 3200/12800 elapsed 35.0s
epoch 4 batch 50/100 samples 6400/12800 elapsed 53.8s
epoch 4 batch 75/100 samples 9600/12800 elapsed 72.3s
epoch 4 batch 100/100 samples 12800/12800 elapsed 90.7s
epoch 4 training done in 90.692s
epoch 4 train-eval: evaluating 1000 samples
epoch 4 train accuracy 0.572 loss 13.747102
epoch 4 evaluating
epoch 4 test: evaluating 1000 samples
epoch 4 test accuracy 0.599 loss 13.383364 best 0.599
(timestamp = "2026-06-09T23:50:37", epoch = 4, seconds = 90.6922266, train_accuracy = 0.572, train_loss = 13.747102f0, test_accuracy = 0.599, test_loss = 13.383364f0, pred_counts = "132-135-118-155-226-72-112-18-13-19", w_norm = 0.6063163f0, b_norm = 0.029951768f0, w_input_norm = 1.6419516f0, grad_w_norm = 7.596306f0, grad_b_norm = 1.0115958f0, grad_w_input_norm = 6.2795453f0, effective_w_decay = 0.001f0, effective_w_input_decay = 0.001f0, symmetry_error = 0.0f0, grad_symmetry_error = 0.0f0, best_accuracy = 0.599, best_path = "ext\\IsingLearning\\experiments\\MNIST\\baseline_new_nudge\\experiments\\current\\symmetric_nudge_resume_from_v4_best_20260609\\resume_lr0p00025_keepadam\\best_checkpoint.bin", final_path = "")
epoch 5 training
epoch 5 batch 1/100 samples 128/12800 elapsed 0.8s
epoch 5 batch 25/100 samples 3200/12800 elapsed 19.2s
epoch 5 batch 50/100 samples 6400/12800 elapsed 37.7s
epoch 5 batch 75/100 samples 9600/12800 elapsed 58.6s
epoch 5 batch 100/100 samples 12800/12800 elapsed 80.6s
epoch 5 training done in 80.537s
epoch 5 train-eval: evaluating 1000 samples
epoch 5 train accuracy 0.558 loss 13.635874
epoch 5 evaluating
epoch 5 test: evaluating 1000 samples
epoch 5 test accuracy 0.576 loss 13.363362 best 0.599
(timestamp = "2026-06-09T23:52:03", epoch = 5, seconds = 80.5370295, train_accuracy = 0.558, train_loss = 13.635874f0, test_accuracy = 0.576, test_loss = 13.363362f0, pred_counts = "134-118-124-174-239-52-104-12-20-23", w_norm = 0.62376684f0, b_norm = 0.03147263f0, w_input_norm = 1.6905259f0, grad_w_norm = 9.954007f0, grad_b_norm = 1.4459804f0, grad_w_input_norm = 8.522031f0, effective_w_decay = 0.001f0, effective_w_input_decay = 0.001f0, symmetry_error = 0.0f0, grad_symmetry_error = 0.0f0, best_accuracy = 0.599, best_path = "ext\\IsingLearning\\experiments\\MNIST\\baseline_new_nudge\\experiments\\current\\symmetric_nudge_resume_from_v4_best_20260609\\resume_lr0p00025_keepadam\\best_checkpoint.bin", final_path = "")
epoch 6 training
epoch 6 batch 1/100 samples 128/12800 elapsed 0.8s
epoch 6 batch 25/100 samples 3200/12800 elapsed 21.6s
epoch 6 batch 50/100 samples 6400/12800 elapsed 42.7s
epoch 6 batch 75/100 samples 9600/12800 elapsed 62.7s
epoch 6 batch 100/100 samples 12800/12800 elapsed 83.6s
epoch 6 training done in 83.56s
epoch 6 train-eval: evaluating 1000 samples
epoch 6 train accuracy 0.607 loss 13.339773
epoch 6 evaluating
epoch 6 test: evaluating 1000 samples
epoch 6 test accuracy 0.616 loss 13.111956 best 0.616
(timestamp = "2026-06-09T23:53:30", epoch = 6, seconds = 83.560221, train_accuracy = 0.607, train_loss = 13.339773f0, test_accuracy = 0.616, test_loss = 13.111956f0, pred_counts = "130-132-99-119-164-184-128-23-10-11", w_norm = 0.6378959f0, b_norm = 0.033874854f0, w_input_norm = 1.7553874f0, grad_w_norm = 6.27368f0, grad_b_norm = 0.9615665f0, grad_w_input_norm = 6.3453193f0, effective_w_decay = 0.001f0, effective_w_input_decay = 0.001f0, symmetry_error = 0.0f0, grad_symmetry_error = 0.0f0, best_accuracy = 0.616, best_path = "ext\\IsingLearning\\experiments\\MNIST\\baseline_new_nudge\\experiments\\current\\symmetric_nudge_resume_from_v4_best_20260609\\resume_lr0p00025_keepadam\\best_checkpoint.bin", final_path = "")
epoch 7 training
epoch 7 batch 1/100 samples 128/12800 elapsed 0.8s
epoch 7 batch 25/100 samples 3200/12800 elapsed 22.2s
epoch 7 batch 50/100 samples 6400/12800 elapsed 42.4s
epoch 7 batch 75/100 samples 9600/12800 elapsed 62.4s
epoch 7 batch 100/100 samples 12800/12800 elapsed 82.9s
epoch 7 training done in 82.93s
epoch 7 train-eval: evaluating 1000 samples
epoch 7 train accuracy 0.574 loss 13.678706
epoch 7 evaluating
epoch 7 test: evaluating 1000 samples
epoch 7 test accuracy 0.59 loss 13.585649 best 0.616
(timestamp = "2026-06-09T23:54:56", epoch = 7, seconds = 82.9303532, train_accuracy = 0.574, train_loss = 13.678706f0, test_accuracy = 0.59, test_loss = 13.5856495f0, pred_counts = "143-119-149-184-157-87-110-16-20-15", w_norm = 0.6564611f0, b_norm = 0.035722584f0, w_input_norm = 1.8065301f0, grad_w_norm = 8.626099f0, grad_b_norm = 1.1310761f0, grad_w_input_norm = 6.5227556f0, effective_w_decay = 0.001f0, effective_w_input_decay = 0.001f0, symmetry_error = 0.0f0, grad_symmetry_error = 0.0f0, best_accuracy = 0.616, best_path = "ext\\IsingLearning\\experiments\\MNIST\\baseline_new_nudge\\experiments\\current\\symmetric_nudge_resume_from_v4_best_20260609\\resume_lr0p00025_keepadam\\best_checkpoint.bin", final_path = "")
epoch 8 training
epoch 8 batch 1/100 samples 128/12800 elapsed 0.8s
epoch 8 batch 25/100 samples 3200/12800 elapsed 19.5s
epoch 8 batch 50/100 samples 6400/12800 elapsed 40.9s
epoch 8 batch 75/100 samples 9600/12800 elapsed 62.9s
epoch 8 batch 100/100 samples 12800/12800 elapsed 85.3s
epoch 8 training done in 85.238s
epoch 8 train-eval: evaluating 1000 samples
epoch 8 train accuracy 0.579 loss 13.689737
epoch 8 evaluating
epoch 8 test: evaluating 1000 samples
epoch 8 test accuracy 0.58 loss 13.665621 best 0.616
epoch 8 early stop: test accuracy declined for 2 consecutive evaluated epochs
(timestamp = "2026-06-09T23:56:25", epoch = 8, seconds = 85.2380463, train_accuracy = 0.579, train_loss = 13.689737f0, test_accuracy = 0.58, test_loss = 13.665621f0, pred_counts = "168-113-90-132-175-129-123-22-25-23", w_norm = 0.6784111f0, b_norm = 0.03836488f0, w_input_norm = 1.8598204f0, grad_w_norm = 8.318289f0, grad_b_norm = 1.0992135f0, grad_w_input_norm = 6.6821637f0, effective_w_decay = 0.001f0, effective_w_input_decay = 0.001f0, symmetry_error = 0.0f0, grad_symmetry_error = 0.0f0, best_accuracy = 0.616, best_path = "ext\\IsingLearning\\experiments\\MNIST\\baseline_new_nudge\\experiments\\current\\symmetric_nudge_resume_from_v4_best_20260609\\resume_lr0p00025_keepadam\\best_checkpoint.bin", final_path = "")
saved MNIST 784-120-40 softplus-margin nudge baseline in ext\IsingLearning\experiments\MNIST\baseline_new_nudge\experiments\current\symmetric_nudge_resume_from_v4_best_20260609\resume_lr0p00025_keepadam
