  Activating project at `~/Documents/GitHub/InteractiveIsing.jl/ext/IsingLearning`
┌ Warning: Overlapping GeneralState field names encountered during merge; later defaults will override earlier ones.
│   overlapping_fields =
│    2-element Vector{Symbol}:
│     :equilibrium_state
│     :x
└ @ IsingLearning.InteractiveIsing.StatefulAlgorithms ~/Documents/GitHub/InteractiveIsing.jl/deps/StatefulAlgorithms/src/Widgets/GeneralState.jl:54
┌ Warning: Overlapping GeneralState field names encountered during merge; later defaults will override earlier ones.
│   overlapping_fields =
│    3-element Vector{Symbol}:
│     :equilibrium_state
│     :y
│     :x
└ @ IsingLearning.InteractiveIsing.StatefulAlgorithms ~/Documents/GitHub/InteractiveIsing.jl/deps/StatefulAlgorithms/src/Widgets/GeneralState.jl:54
Running 2-input statistical XOR EP: (epochs = 1000, log_every = 100, minit = 4, eval_repeats = 32, hidden = 16, beta = 1.0, lr = 0.001, weight_decay = 0.0, temp = 0.001, stepsize = 0.1, block_size = 8, free_relaxation = 1000, nudged_relaxation = 1000, state = :continuous, dynamics = :langevin, init_mode = :zero, training_rule = :target_free, target_free_sign = :target_minus_free)
epoch=0 mse=1.631473 acc=0.75
    case=(false, false) input=[-1.0, -1.0] target=[1.0, -1.0] mean=[-0.3498, 0.9267] std=0.53975
    case=(false, true) input=[-1.0, 1.0] target=[-1.0, 1.0] mean=[-0.9549, -0.9546] std=0.0303
    case=(true, false) input=[1.0, -1.0] target=[-1.0, 1.0] mean=[0.9195, 0.9625] std=0.03622
    case=(true, true) input=[1.0, 1.0] target=[1.0, -1.0] mean=[0.9401, -0.9249] std=0.04161
epoch=1 mse=1.700178 acc=0.5 grad=2.694017 response=0.517793 delta=0.012083
epoch=100 mse=1.008559 acc=0.5 grad=1.31604 response=0.569254 delta=0.801266
epoch=200 mse=1.07943 acc=0.25 grad=1.197005 response=0.544453 delta=1.249382
epoch=300 mse=0.726009 acc=0.75 grad=0.689248 response=0.540781 delta=1.523115
epoch=400 mse=1.206168 acc=0.0 grad=0.570979 response=0.516442 delta=1.627189
epoch=500 mse=0.766084 acc=0.75 grad=0.529247 response=0.539999 delta=1.680148
epoch=600 mse=1.074511 acc=0.5 grad=0.70678 response=0.515916 delta=1.774786
epoch=700 mse=0.746523 acc=1.0 grad=0.402429 response=0.569039 delta=1.955493
epoch=800 mse=1.343653 acc=0.0 grad=0.244325 response=0.512325 delta=2.116444
epoch=900 mse=1.137505 acc=0.25 grad=0.331194 response=0.587495 delta=2.206896
epoch=1000 mse=0.795543 acc=0.75 grad=0.512477 response=0.539037 delta=2.268418
restored best mse=1.133541 acc=0.5
    case=(false, false) input=[-1.0, -1.0] target=[1.0, -1.0] mean=[-0.032, 0.3471] std=0.70022
    case=(false, true) input=[-1.0, 1.0] target=[-1.0, 1.0] mean=[-0.1045, 0.1072] std=0.79079
    case=(true, false) input=[1.0, -1.0] target=[-1.0, 1.0] mean=[-0.0104, 0.1287] std=0.73726
    case=(true, true) input=[1.0, 1.0] target=[1.0, -1.0] mean=[-0.225, 0.1622] std=0.7582
Saved CSV: ext/IsingLearning/runs/xor_2input_langevin_signscale_probe_20260510_030046/target_free/xor_statistical_ep_2input.csv
Saved plot: ext/IsingLearning/runs/xor_2input_langevin_signscale_probe_20260510_030046/target_free/xor_statistical_ep_2input.png
Saved graph: ext/IsingLearning/runs/xor_2input_langevin_signscale_probe_20260510_030046/target_free/xor_statistical_ep_2input_trained_graph.jld2
