[bootstrap] activated project
[bootstrap] loaded packages
building MNIST 784-120-40 layer
loading training split
training samples: 12800 (100 batches/epoch)
loading train-eval split
train-eval samples: 1000
loading test split
test samples: 1000
constructing 32-worker softplus-margin nudge Adam manager
constructing 32-worker validation manager
starting epochs
epoch 0 train-eval: evaluating 1000 samples
epoch 0 train accuracy 0.068 loss 74.822144
epoch 0 evaluating
epoch 0 test: evaluating 1000 samples
epoch 0 test accuracy 0.072 loss 74.204773 best 0.072
(timestamp = "2026-06-09T21:50:14", epoch = 0, seconds = 0.0, train_accuracy = 0.068, train_loss = 74.82214f0, test_accuracy = 0.072, test_loss = 74.20477f0, pred_counts = "40-172-76-70-99-48-101-237-78-79", w_norm = 0.48583895f0, b_norm = 0.0f0, w_input_norm = 1.5314544f0, grad_w_norm = 0.0f0, grad_b_norm = 0.0f0, grad_w_input_norm = 0.0f0, effective_w_decay = 0.001f0, effective_w_input_decay = 0.001f0, symmetry_error = 0.0f0, grad_symmetry_error = 0.0f0, best_accuracy = 0.072, best_path = "ext\\IsingLearning\\experiments\\MNIST\\baseline_new_nudge\\experiments\\current\\symmetric_nudge_target_weight_grid_v3_20260609\\b0p010_lr0p0005_T0p00005_wd0p001_step0p5_pos9p0_neg0p0_priortrue_adaptivefalse\\best_checkpoint.bin", final_path = "")
epoch 1 training
epoch 1 batch 1/100 accuracy 0.1406 loss 85.320122 best_batch 0.1406 declines 0/2 trained_batches 1
epoch 1 batch 1/100 samples 128/12800 elapsed 14.1s
epoch 1 batch 2/100 accuracy 0.1016 loss 92.889717 best_batch 0.1406 declines 0/2 trained_batches 2
epoch 1 batch 3/100 accuracy 0.2109 loss 98.336975 best_batch 0.2109 declines 0/2 trained_batches 3
epoch 1 batch 4/100 accuracy 0.1172 loss 104.119705 best_batch 0.2109 declines 0/2 trained_batches 4
epoch 1 batch 5/100 accuracy 0.1562 loss 113.540138 best_batch 0.2109 declines 0/2 trained_batches 5
epoch 1 batch 6/100 accuracy 0.0625 loss 119.893723 best_batch 0.2109 declines 0/2 trained_batches 6
epoch 1 batch 7/100 accuracy 0.0859 loss 122.730789 best_batch 0.2109 declines 0/2 trained_batches 7
epoch 1 batch 8/100 accuracy 0.0703 loss 125.629295 best_batch 0.2109 declines 0/2 trained_batches 8
epoch 1 batch 9/100 accuracy 0.0781 loss 127.598518 best_batch 0.2109 declines 0/2 trained_batches 9
epoch 1 batch 10/100 accuracy 0.125 loss 128.998901 best_batch 0.2109 declines 0/2 trained_batches 10
epoch 1 batch 11/100 accuracy 0.0703 loss 131.062485 best_batch 0.2109 declines 0/2 trained_batches 11
epoch 1 batch 12/100 accuracy 0.1406 loss 132.993622 best_batch 0.2109 declines 0/2 trained_batches 12
epoch 1 batch 13/100 accuracy 0.1172 loss 133.363968 best_batch 0.2109 declines 0/2 trained_batches 13
epoch 1 batch 14/100 accuracy 0.0938 loss 133.803482 best_batch 0.2109 declines 0/2 trained_batches 14
epoch 1 batch 15/100 accuracy 0.1406 loss 132.985352 best_batch 0.2109 declines 0/2 trained_batches 15
epoch 1 batch 16/100 accuracy 0.0938 loss 133.615448 best_batch 0.2109 declines 0/2 trained_batches 16
epoch 1 batch 17/100 accuracy 0.0859 loss 133.465652 best_batch 0.2109 declines 0/2 trained_batches 17
epoch 1 batch 18/100 accuracy 0.1016 loss 133.731735 best_batch 0.2109 declines 0/2 trained_batches 18
epoch 1 batch 19/100 accuracy 0.0938 loss 134.111954 best_batch 0.2109 declines 0/2 trained_batches 19
epoch 1 batch 20/100 accuracy 0.0859 loss 133.236542 best_batch 0.2109 declines 0/2 trained_batches 20
epoch 1 batch 21/100 accuracy 0.1328 loss 133.395233 best_batch 0.2109 declines 0/2 trained_batches 21
epoch 1 batch 22/100 accuracy 0.0938 loss 133.23732 best_batch 0.2109 declines 0/2 trained_batches 22
epoch 1 batch 23/100 accuracy 0.0938 loss 133.923111 best_batch 0.2109 declines 0/2 trained_batches 23
epoch 1 batch 24/100 accuracy 0.0625 loss 133.931595 best_batch 0.2109 declines 0/2 trained_batches 24
epoch 1 batch 25/100 accuracy 0.1406 loss 133.551804 best_batch 0.2109 declines 0/2 trained_batches 25
epoch 1 batch 25/100 samples 3200/12800 elapsed 35.8s
epoch 1 batch 26/100 accuracy 0.0781 loss 133.299103 best_batch 0.2109 declines 0/2 trained_batches 26
epoch 1 batch 27/100 accuracy 0.0938 loss 133.374878 best_batch 0.2109 declines 0/2 trained_batches 27
epoch 1 batch 28/100 accuracy 0.0625 loss 133.580933 best_batch 0.2109 declines 0/2 trained_batches 28
epoch 1 batch 29/100 accuracy 0.0703 loss 133.563919 best_batch 0.2109 declines 0/2 trained_batches 29
epoch 1 batch 30/100 accuracy 0.0781 loss 133.560913 best_batch 0.2109 declines 0/2 trained_batches 30
epoch 1 batch 31/100 accuracy 0.0547 loss 133.717621 best_batch 0.2109 declines 0/2 trained_batches 31
epoch 1 batch 32/100 accuracy 0.1562 loss 133.543137 best_batch 0.2109 declines 0/2 trained_batches 32
epoch 1 batch 33/100 accuracy 0.0703 loss 133.289917 best_batch 0.2109 declines 0/2 trained_batches 33
epoch 1 batch 34/100 accuracy 0.0781 loss 133.49765 best_batch 0.2109 declines 0/2 trained_batches 34
epoch 1 batch 35/100 accuracy 0.1016 loss 133.370667 best_batch 0.2109 declines 0/2 trained_batches 35
epoch 1 batch 36/100 accuracy 0.1094 loss 133.562317 best_batch 0.2109 declines 0/2 trained_batches 36
epoch 1 batch 37/100 accuracy 0.1406 loss 133.599747 best_batch 0.2109 declines 0/2 trained_batches 37
epoch 1 batch 38/100 accuracy 0.1094 loss 132.863037 best_batch 0.2109 declines 0/2 trained_batches 38
epoch 1 batch 39/100 accuracy 0.0703 loss 133.693207 best_batch 0.2109 declines 0/2 trained_batches 39
epoch 1 batch 40/100 accuracy 0.0781 loss 133.493759 best_batch 0.2109 declines 0/2 trained_batches 40
epoch 1 batch 41/100 accuracy 0.1094 loss 133.548279 best_batch 0.2109 declines 0/2 trained_batches 41
epoch 1 batch 42/100 accuracy 0.0859 loss 133.736313 best_batch 0.2109 declines 0/2 trained_batches 42
epoch 1 batch 43/100 accuracy 0.1328 loss 133.132736 best_batch 0.2109 declines 0/2 trained_batches 43
epoch 1 batch 44/100 accuracy 0.1172 loss 133.758957 best_batch 0.2109 declines 0/2 trained_batches 44
epoch 1 batch 45/100 accuracy 0.1328 loss 133.933929 best_batch 0.2109 declines 0/2 trained_batches 45
epoch 1 batch 46/100 accuracy 0.1016 loss 133.989761 best_batch 0.2109 declines 0/2 trained_batches 46
epoch 1 batch 47/100 accuracy 0.0703 loss 133.982986 best_batch 0.2109 declines 0/2 trained_batches 47
epoch 1 batch 48/100 accuracy 0.1016 loss 133.51297 best_batch 0.2109 declines 0/2 trained_batches 48
epoch 1 batch 49/100 accuracy 0.1016 loss 132.859238 best_batch 0.2109 declines 0/2 trained_batches 49
epoch 1 batch 50/100 accuracy 0.0469 loss 134.055862 best_batch 0.2109 declines 0/2 trained_batches 50
epoch 1 batch 50/100 samples 6400/12800 elapsed 59.1s
epoch 1 batch 51/100 accuracy 0.0938 loss 133.873596 best_batch 0.2109 declines 0/2 trained_batches 51
epoch 1 batch 52/100 accuracy 0.0859 loss 133.99176 best_batch 0.2109 declines 0/2 trained_batches 52
epoch 1 batch 53/100 accuracy 0.1094 loss 133.429047 best_batch 0.2109 declines 0/2 trained_batches 53
epoch 1 batch 54/100 accuracy 0.0547 loss 134.234909 best_batch 0.2109 declines 0/2 trained_batches 54
epoch 1 batch 55/100 accuracy 0.0703 loss 133.116028 best_batch 0.2109 declines 0/2 trained_batches 55
epoch 1 batch 56/100 accuracy 0.0859 loss 133.930145 best_batch 0.2109 declines 0/2 trained_batches 56
epoch 1 batch 57/100 accuracy 0.1094 loss 132.933487 best_batch 0.2109 declines 0/2 trained_batches 57
epoch 1 batch 58/100 accuracy 0.1328 loss 133.555725 best_batch 0.2109 declines 0/2 trained_batches 58
epoch 1 batch 59/100 accuracy 0.1016 loss 133.553497 best_batch 0.2109 declines 0/2 trained_batches 59
epoch 1 batch 60/100 accuracy 0.1172 loss 134.050934 best_batch 0.2109 declines 0/2 trained_batches 60
epoch 1 batch 61/100 accuracy 0.0625 loss 134.410797 best_batch 0.2109 declines 0/2 trained_batches 61
epoch 1 batch 62/100 accuracy 0.1328 loss 133.427551 best_batch 0.2109 declines 0/2 trained_batches 62
epoch 1 batch 63/100 accuracy 0.0391 loss 133.8125 best_batch 0.2109 declines 0/2 trained_batches 63
epoch 1 batch 64/100 accuracy 0.0938 loss 132.933243 best_batch 0.2109 declines 0/2 trained_batches 64
epoch 1 batch 65/100 accuracy 0.0703 loss 134.301132 best_batch 0.2109 declines 0/2 trained_batches 65
epoch 1 batch 66/100 accuracy 0.1094 loss 133.62529 best_batch 0.2109 declines 0/2 trained_batches 66
epoch 1 batch 67/100 accuracy 0.125 loss 133.98349 best_batch 0.2109 declines 0/2 trained_batches 67
epoch 1 batch 68/100 accuracy 0.1016 loss 133.052933 best_batch 0.2109 declines 0/2 trained_batches 68
epoch 1 batch 69/100 accuracy 0.0703 loss 133.717636 best_batch 0.2109 declines 0/2 trained_batches 69
epoch 1 batch 70/100 accuracy 0.125 loss 133.55513 best_batch 0.2109 declines 0/2 trained_batches 70
epoch 1 batch 71/100 accuracy 0.1797 loss 133.359695 best_batch 0.2109 declines 0/2 trained_batches 71
epoch 1 batch 72/100 accuracy 0.0859 loss 133.937332 best_batch 0.2109 declines 0/2 trained_batches 72
epoch 1 batch 73/100 accuracy 0.0859 loss 133.920197 best_batch 0.2109 declines 0/2 trained_batches 73
epoch 1 batch 74/100 accuracy 0.0781 loss 134.304932 best_batch 0.2109 declines 0/2 trained_batches 74
epoch 1 batch 75/100 accuracy 0.0625 loss 133.874329 best_batch 0.2109 declines 0/2 trained_batches 75
epoch 1 batch 75/100 samples 9600/12800 elapsed 83.8s
epoch 1 batch 76/100 accuracy 0.0781 loss 133.804642 best_batch 0.2109 declines 0/2 trained_batches 76
epoch 1 batch 77/100 accuracy 0.0859 loss 134.544724 best_batch 0.2109 declines 0/2 trained_batches 77
epoch 1 batch 78/100 accuracy 0.0781 loss 133.870071 best_batch 0.2109 declines 0/2 trained_batches 78
epoch 1 batch 79/100 accuracy 0.0859 loss 133.621124 best_batch 0.2109 declines 0/2 trained_batches 79
epoch 1 batch 80/100 accuracy 0.0859 loss 133.243561 best_batch 0.2109 declines 0/2 trained_batches 80
epoch 1 batch 81/100 accuracy 0.1094 loss 133.193146 best_batch 0.2109 declines 0/2 trained_batches 81
epoch 1 batch 82/100 accuracy 0.0781 loss 133.885147 best_batch 0.2109 declines 0/2 trained_batches 82
epoch 1 batch 83/100 accuracy 0.0859 loss 133.363434 best_batch 0.2109 declines 0/2 trained_batches 83
epoch 1 batch 84/100 accuracy 0.1016 loss 133.433975 best_batch 0.2109 declines 0/2 trained_batches 84
epoch 1 batch 85/100 accuracy 0.0938 loss 133.624252 best_batch 0.2109 declines 0/2 trained_batches 85
epoch 1 batch 86/100 accuracy 0.0625 loss 133.821487 best_batch 0.2109 declines 0/2 trained_batches 86
epoch 1 batch 87/100 accuracy 0.0859 loss 133.862091 best_batch 0.2109 declines 0/2 trained_batches 87
epoch 1 batch 88/100 accuracy 0.1016 loss 133.295853 best_batch 0.2109 declines 0/2 trained_batches 88
epoch 1 batch 89/100 accuracy 0.125 loss 133.990356 best_batch 0.2109 declines 0/2 trained_batches 89
epoch 1 batch 90/100 accuracy 0.1172 loss 133.879547 best_batch 0.2109 declines 0/2 trained_batches 90
epoch 1 batch 91/100 accuracy 0.0781 loss 133.849121 best_batch 0.2109 declines 0/2 trained_batches 91
epoch 1 batch 92/100 accuracy 0.1172 loss 133.995667 best_batch 0.2109 declines 0/2 trained_batches 92
epoch 1 batch 93/100 accuracy 0.125 loss 133.431351 best_batch 0.2109 declines 0/2 trained_batches 93
epoch 1 batch 94/100 accuracy 0.1172 loss 133.688171 best_batch 0.2109 declines 0/2 trained_batches 94
epoch 1 batch 95/100 accuracy 0.0938 loss 133.115768 best_batch 0.2109 declines 0/2 trained_batches 95
epoch 1 batch 96/100 accuracy 0.0859 loss 133.634201 best_batch 0.2109 declines 0/2 trained_batches 96
epoch 1 batch 97/100 accuracy 0.1172 loss 134.060669 best_batch 0.2109 declines 0/2 trained_batches 97
epoch 1 batch 98/100 accuracy 0.1562 loss 133.308029 best_batch 0.2109 declines 0/2 trained_batches 98
epoch 1 batch 99/100 accuracy 0.0781 loss 134.109009 best_batch 0.2109 declines 0/2 trained_batches 99
epoch 1 batch 100/100 accuracy 0.0938 loss 133.553757 best_batch 0.2109 declines 0/2 trained_batches 100
epoch 1 batch 100/100 samples 12800/12800 elapsed 108.5s
epoch 1 training done in 108.505s
epoch 1 train-eval: evaluating 1000 samples
epoch 1 train accuracy 0.11 loss 133.648788
epoch 1 evaluating
epoch 1 test: evaluating 1000 samples
epoch 1 test accuracy 0.118 loss 133.641724 best 0.118
(timestamp = "2026-06-09T21:52:07", epoch = 1, seconds = 108.5050208, train_accuracy = 0.11, train_loss = 133.64879f0, test_accuracy = 0.118, test_loss = 133.64172f0, pred_counts = "132-0-0-151-142-145-150-145-135-0", w_norm = 0.6088199f0, b_norm = 0.044120096f0, w_input_norm = 1.7692269f0, grad_w_norm = 2.8730006f0, grad_b_norm = 0.59954935f0, grad_w_input_norm = 5.387676f0, effective_w_decay = 0.001f0, effective_w_input_decay = 0.001f0, symmetry_error = 0.0f0, grad_symmetry_error = 0.0f0, best_accuracy = 0.118, best_path = "ext\\IsingLearning\\experiments\\MNIST\\baseline_new_nudge\\experiments\\current\\symmetric_nudge_target_weight_grid_v3_20260609\\b0p010_lr0p0005_T0p00005_wd0p001_step0p5_pos9p0_neg0p0_priortrue_adaptivefalse\\best_checkpoint.bin", final_path = "")
epoch 2 training
epoch 2 batch 1/100 accuracy 0.0859 loss 133.846619 best_batch 0.2109 declines 0/2 trained_batches 101
epoch 2 batch 1/100 samples 128/12800 elapsed 1.1s
epoch 2 batch 2/100 accuracy 0.0781 loss 134.430435 best_batch 0.2109 declines 0/2 trained_batches 102
epoch 2 batch 3/100 accuracy 0.0703 loss 133.55722 best_batch 0.2109 declines 0/2 trained_batches 103
epoch 2 batch 4/100 accuracy 0.0938 loss 133.506042 best_batch 0.2109 declines 0/2 trained_batches 104
epoch 2 batch 5/100 accuracy 0.0938 loss 133.804092 best_batch 0.2109 declines 0/2 trained_batches 105
epoch 2 batch 6/100 accuracy 0.1172 loss 133.358475 best_batch 0.2109 declines 0/2 trained_batches 106
epoch 2 batch 7/100 accuracy 0.0859 loss 133.690887 best_batch 0.2109 declines 0/2 trained_batches 107
epoch 2 batch 8/100 accuracy 0.1016 loss 133.446045 best_batch 0.2109 declines 0/2 trained_batches 108
epoch 2 batch 9/100 accuracy 0.1484 loss 132.929001 best_batch 0.2109 declines 0/2 trained_batches 109
epoch 2 batch 10/100 accuracy 0.1172 loss 133.984421 best_batch 0.2109 declines 0/2 trained_batches 110
