[bootstrap] activated project
[bootstrap] loaded packages
building MNIST 784-120-40 layer
loading training split
training samples: 12800 (100 batches/epoch)
loading train-eval split
train-eval samples: 1000
loading test split
test samples: 1000
constructing 32-worker softplus-margin nudge Adam manager
constructing 32-worker validation manager
starting epochs
epoch 0 train-eval: evaluating 1000 samples
epoch 0 train accuracy 0.078 loss 74.378967
epoch 0 evaluating
epoch 0 test: evaluating 1000 samples
epoch 0 test accuracy 0.073 loss 73.811028 best 0.073
(timestamp = "2026-06-09T17:49:55", epoch = 0, seconds = 0.0, train_accuracy = 0.078, train_loss = 74.37897f0, test_accuracy = 0.073, test_loss = 73.81103f0, pred_counts = "27-180-82-65-85-54-78-238-85-106", w_norm = 0.48583895f0, b_norm = 0.0f0, w_input_norm = 1.5314544f0, grad_w_norm = 0.0f0, grad_b_norm = 0.0f0, grad_w_input_norm = 0.0f0, effective_w_decay = 0.001f0, effective_w_input_decay = 0.001f0, symmetry_error = 0.0f0, grad_symmetry_error = 0.0f0, best_accuracy = 0.073, best_path = "ext\\IsingLearning\\experiments\\MNIST\\baseline_new_nudge\\experiments\\current\\focus_grid_weight_decay_20260609\\b0p2_T0p00005_wd0p001_adaptivefalse\\best_checkpoint.bin", final_path = "")
epoch 1 training
epoch 1 batch 1/100 samples 128/12800 elapsed 8.6s
epoch 1 batch 25/100 samples 3200/12800 elapsed 17.3s
epoch 1 batch 50/100 samples 6400/12800 elapsed 26.0s
epoch 1 batch 75/100 samples 9600/12800 elapsed 34.7s
epoch 1 batch 100/100 samples 12800/12800 elapsed 44.4s
epoch 1 training done in 44.445s
epoch 1 train-eval: evaluating 1000 samples
epoch 1 train accuracy 0.426 loss 29.436586
epoch 1 evaluating
epoch 1 test: evaluating 1000 samples
epoch 1 test accuracy 0.431 loss 28.762209 best 0.431
(timestamp = "2026-06-09T17:50:44", epoch = 1, seconds = 44.4446504, train_accuracy = 0.426, train_loss = 29.436586f0, test_accuracy = 0.431, test_loss = 28.762209f0, pred_counts = "69-72-58-182-128-187-74-105-0-125", w_norm = 2.0133035f0, b_norm = 0.109787785f0, w_input_norm = 3.3699932f0, grad_w_norm = 1.3253533f0, grad_b_norm = 0.20961674f0, grad_w_input_norm = 2.040878f0, effective_w_decay = 0.001f0, effective_w_input_decay = 0.001f0, symmetry_error = 0.0f0, grad_symmetry_error = 0.0f0, best_accuracy = 0.431, best_path = "ext\\IsingLearning\\experiments\\MNIST\\baseline_new_nudge\\experiments\\current\\focus_grid_weight_decay_20260609\\b0p2_T0p00005_wd0p001_adaptivefalse\\best_checkpoint.bin", final_path = "")
epoch 2 training
epoch 2 batch 1/100 samples 128/12800 elapsed 0.4s
epoch 2 batch 25/100 samples 3200/12800 elapsed 10.2s
epoch 2 batch 50/100 samples 6400/12800 elapsed 19.4s
epoch 2 batch 75/100 samples 9600/12800 elapsed 28.7s
epoch 2 batch 100/100 samples 12800/12800 elapsed 38.1s
epoch 2 training done in 38.076s
epoch 2 train-eval: evaluating 1000 samples
epoch 2 train accuracy 0.391 loss 31.953588
epoch 2 evaluating
epoch 2 test: evaluating 1000 samples
epoch 2 test accuracy 0.388 loss 31.87159 best 0.431
(timestamp = "2026-06-09T17:51:25", epoch = 2, seconds = 38.0759351, train_accuracy = 0.391, train_loss = 31.953588f0, test_accuracy = 0.388, test_loss = 31.87159f0, pred_counts = "75-47-52-199-144-183-59-110-0-131", w_norm = 2.331538f0, b_norm = 0.12154238f0, w_input_norm = 3.9951787f0, grad_w_norm = 3.7061956f0, grad_b_norm = 0.6420929f0, grad_w_input_norm = 5.453163f0, effective_w_decay = 0.001f0, effective_w_input_decay = 0.001f0, symmetry_error = 0.0f0, grad_symmetry_error = 0.0f0, best_accuracy = 0.431, best_path = "ext\\IsingLearning\\experiments\\MNIST\\baseline_new_nudge\\experiments\\current\\focus_grid_weight_decay_20260609\\b0p2_T0p00005_wd0p001_adaptivefalse\\best_checkpoint.bin", final_path = "")
epoch 3 training
epoch 3 batch 1/100 samples 128/12800 elapsed 0.4s
epoch 3 batch 25/100 samples 3200/12800 elapsed 9.6s
epoch 3 batch 50/100 samples 6400/12800 elapsed 19.3s
epoch 3 batch 75/100 samples 9600/12800 elapsed 29.2s
epoch 3 batch 100/100 samples 12800/12800 elapsed 38.8s
epoch 3 training done in 38.845s
epoch 3 train-eval: evaluating 1000 samples
epoch 3 train accuracy 0.415 loss 29.831886
epoch 3 evaluating
epoch 3 test: evaluating 1000 samples
epoch 3 test accuracy 0.393 loss 29.901241 best 0.431
(timestamp = "2026-06-09T17:52:07", epoch = 3, seconds = 38.8452691, train_accuracy = 0.415, train_loss = 29.831886f0, test_accuracy = 0.393, test_loss = 29.901241f0, pred_counts = "63-47-64-198-157-178-69-74-0-150", w_norm = 2.6359434f0, b_norm = 0.13631468f0, w_input_norm = 4.496308f0, grad_w_norm = 3.5054076f0, grad_b_norm = 0.64186084f0, grad_w_input_norm = 4.4095573f0, effective_w_decay = 0.001f0, effective_w_input_decay = 0.001f0, symmetry_error = 0.0f0, grad_symmetry_error = 0.0f0, best_accuracy = 0.431, best_path = "ext\\IsingLearning\\experiments\\MNIST\\baseline_new_nudge\\experiments\\current\\focus_grid_weight_decay_20260609\\b0p2_T0p00005_wd0p001_adaptivefalse\\best_checkpoint.bin", final_path = "")
epoch 4 training
epoch 4 batch 1/100 samples 128/12800 elapsed 0.4s
epoch 4 batch 25/100 samples 3200/12800 elapsed 9.7s
epoch 4 batch 50/100 samples 6400/12800 elapsed 19.6s
epoch 4 batch 75/100 samples 9600/12800 elapsed 29.2s
epoch 4 batch 100/100 samples 12800/12800 elapsed 38.3s
epoch 4 training done in 38.347s
epoch 4 train-eval: evaluating 1000 samples
epoch 4 train accuracy 0.375 loss 33.649647
epoch 4 evaluating
epoch 4 test: evaluating 1000 samples
epoch 4 test accuracy 0.393 loss 32.963688 best 0.431
(timestamp = "2026-06-09T17:52:48", epoch = 4, seconds = 38.3470613, train_accuracy = 0.375, train_loss = 33.649647f0, test_accuracy = 0.393, test_loss = 32.963688f0, pred_counts = "81-63-50-171-187-176-47-37-0-188", w_norm = 2.963031f0, b_norm = 0.14980687f0, w_input_norm = 4.8758135f0, grad_w_norm = 0.83684826f0, grad_b_norm = 0.14549065f0, grad_w_input_norm = 1.1401849f0, effective_w_decay = 0.001f0, effective_w_input_decay = 0.001f0, symmetry_error = 0.0f0, grad_symmetry_error = 0.0f0, best_accuracy = 0.431, best_path = "ext\\IsingLearning\\experiments\\MNIST\\baseline_new_nudge\\experiments\\current\\focus_grid_weight_decay_20260609\\b0p2_T0p00005_wd0p001_adaptivefalse\\best_checkpoint.bin", final_path = "")
epoch 5 training
epoch 5 batch 1/100 samples 128/12800 elapsed 0.4s
epoch 5 batch 25/100 samples 3200/12800 elapsed 9.5s
epoch 5 batch 50/100 samples 6400/12800 elapsed 19.0s
epoch 5 batch 75/100 samples 9600/12800 elapsed 28.8s
epoch 5 batch 100/100 samples 12800/12800 elapsed 38.3s
epoch 5 training done in 38.309s
epoch 5 train-eval: evaluating 1000 samples
epoch 5 train accuracy 0.371 loss 33.800972
epoch 5 evaluating
epoch 5 test: evaluating 1000 samples
epoch 5 test accuracy 0.375 loss 33.840126 best 0.431
(timestamp = "2026-06-09T17:53:30", epoch = 5, seconds = 38.3091882, train_accuracy = 0.371, train_loss = 33.800972f0, test_accuracy = 0.375, test_loss = 33.840126f0, pred_counts = "47-59-45-246-125-226-59-47-0-146", w_norm = 3.242891f0, b_norm = 0.16946712f0, w_input_norm = 5.2237625f0, grad_w_norm = 0.24254832f0, grad_b_norm = 0.051686756f0, grad_w_input_norm = 0.50381035f0, effective_w_decay = 0.001f0, effective_w_input_decay = 0.001f0, symmetry_error = 0.0f0, grad_symmetry_error = 0.0f0, best_accuracy = 0.431, best_path = "ext\\IsingLearning\\experiments\\MNIST\\baseline_new_nudge\\experiments\\current\\focus_grid_weight_decay_20260609\\b0p2_T0p00005_wd0p001_adaptivefalse\\best_checkpoint.bin", final_path = "")
epoch 6 training
epoch 6 batch 1/100 samples 128/12800 elapsed 0.4s
epoch 6 batch 25/100 samples 3200/12800 elapsed 9.9s
epoch 6 batch 50/100 samples 6400/12800 elapsed 19.8s
epoch 6 batch 75/100 samples 9600/12800 elapsed 29.7s
epoch 6 batch 100/100 samples 12800/12800 elapsed 40.0s
epoch 6 training done in 39.992s
epoch 6 train-eval: evaluating 1000 samples
epoch 6 train accuracy 0.273 loss 42.700718
epoch 6 evaluating
epoch 6 test: evaluating 1000 samples
epoch 6 test accuracy 0.27 loss 43.765862 best 0.431
epoch 6 early stop: test accuracy declined for 2 consecutive evaluated epochs
(timestamp = "2026-06-09T17:54:13", epoch = 6, seconds = 39.9919722, train_accuracy = 0.273, train_loss = 42.700718f0, test_accuracy = 0.27, test_loss = 43.76586f0, pred_counts = "31-190-17-204-150-202-36-40-0-130", w_norm = 3.5361352f0, b_norm = 0.18917143f0, w_input_norm = 5.440311f0, grad_w_norm = 0.29956272f0, grad_b_norm = 0.063173205f0, grad_w_input_norm = 0.534052f0, effective_w_decay = 0.001f0, effective_w_input_decay = 0.001f0, symmetry_error = 0.0f0, grad_symmetry_error = 0.0f0, best_accuracy = 0.431, best_path = "ext\\IsingLearning\\experiments\\MNIST\\baseline_new_nudge\\experiments\\current\\focus_grid_weight_decay_20260609\\b0p2_T0p00005_wd0p001_adaptivefalse\\best_checkpoint.bin", final_path = "")
saved MNIST 784-120-40 softplus-margin nudge baseline in ext\IsingLearning\experiments\MNIST\baseline_new_nudge\experiments\current\focus_grid_weight_decay_20260609\b0p2_T0p00005_wd0p001_adaptivefalse
