[2026-06-05T13:51:05] bootstrap script started elapsed_s=0.161
[2026-06-05T13:51:05] bootstrap Pkg loaded elapsed_s=0.372
[2026-06-05T13:51:05] bootstrap project activated elapsed_s=0.052
[2026-06-05T13:51:14] bootstrap dependencies loaded elapsed_s=8.305
[2026-06-05T13:51:23] run started name=r10 radius=10 epochs=251 workers=16 threads=32 outdir=C:\Users\fenje\dev\InteractiveIsing.jl\ext\IsingLearning\experiments\MNIST\single-hidden-local-28x28-to-11x11-readout\experiments\current\20260605_radius_r10_to_r1_s25_b15_lr25_e200\fine_tuning\high_sweeps\s50_beta15_lr10\r10
[2026-06-05T13:51:23] run output initialized elapsed_s=0.0
[2026-06-05T13:51:24] training data loaded elapsed_s=1.278 samples=1000 per_class=100
[2026-06-05T13:51:24] test data loaded elapsed_s=0.14 samples=200 per_class=20
[2026-06-05T13:51:27] model graph shell initialized elapsed_s=2.651 states=1729
[2026-06-05T13:51:27] model connectivity masks built elapsed_s=0.024 input_hidden=228484 hidden_hidden=31684 hidden_output=4840
[2026-06-05T13:51:32] model J entries initialized elapsed_s=5.437 stored_entries=530016
[2026-06-05T13:51:33] model sparse edge layout built elapsed_s=0.366 trainable_entries=530016
[2026-06-05T13:51:33] model initialized elapsed_s=8.489 stored_entries=530016
[2026-06-05T13:51:33] source model ready elapsed_s=8.496
[2026-06-05T13:51:33] checkpoint resume started path=C:\Users\fenje\dev\InteractiveIsing.jl\ext\IsingLearning\experiments\MNIST\single-hidden-local-28x28-to-11x11-readout\experiments\current\20260605_radius_r10_to_r1_s25_b15_lr25_e200\r10\best_params.bin
[2026-06-05T13:51:33] checkpoint resume finished elapsed_s=0.181 path=C:\Users\fenje\dev\InteractiveIsing.jl\ext\IsingLearning\experiments\MNIST\single-hidden-local-28x28-to-11x11-readout\experiments\current\20260605_radius_r10_to_r1_s25_b15_lr25_e200\r10\best_params.bin saved_epoch=151 start_epoch=152
[2026-06-05T13:51:34] manager construction started workers=16
[2026-06-05T13:51:47] worker algorithm resolved elapsed_s=11.972
[2026-06-05T13:51:47] manager constructing worker worker=1 workers=16
[2026-06-05T13:51:47] worker model initialized elapsed_s=0.137 worker=1
[2026-06-05T13:51:49] worker process initialized elapsed_s=1.731 worker=1
[2026-06-05T13:51:49] worker initialized elapsed_s=1.871 worker=1
[2026-06-05T13:51:49] manager constructed worker worker=1 workers=16
[2026-06-05T13:51:49] manager constructing worker worker=5 workers=16
[2026-06-05T13:51:49] worker model initialized elapsed_s=0.056 worker=5
[2026-06-05T13:51:49] worker process initialized elapsed_s=0.0 worker=5
[2026-06-05T13:51:49] worker initialized elapsed_s=0.058 worker=5
[2026-06-05T13:51:49] manager constructed worker worker=5 workers=16
[2026-06-05T13:51:50] manager constructing worker worker=10 workers=16
[2026-06-05T13:51:50] worker model initialized elapsed_s=0.055 worker=10
[2026-06-05T13:51:50] worker process initialized elapsed_s=0.0 worker=10
[2026-06-05T13:51:50] worker initialized elapsed_s=0.055 worker=10
[2026-06-05T13:51:50] manager constructed worker worker=10 workers=16
[2026-06-05T13:51:50] manager constructing worker worker=15 workers=16
[2026-06-05T13:51:50] worker model initialized elapsed_s=0.053 worker=15
[2026-06-05T13:51:50] worker process initialized elapsed_s=0.0 worker=15
[2026-06-05T13:51:50] worker initialized elapsed_s=0.054 worker=15
[2026-06-05T13:51:50] manager constructed worker worker=15 workers=16
[2026-06-05T13:51:50] manager constructing worker worker=16 workers=16
[2026-06-05T13:51:50] worker model initialized elapsed_s=0.052 worker=16
[2026-06-05T13:51:50] worker process initialized elapsed_s=0.0 worker=16
[2026-06-05T13:51:50] worker initialized elapsed_s=0.053 worker=16
[2026-06-05T13:51:50] manager constructed worker worker=16 workers=16
[2026-06-05T13:51:50] manager constructed elapsed_s=15.54 workers=16
[2026-06-05T13:51:50] manager ready elapsed_s=17.243 workers=16
[2026-06-05T13:51:50] validation manager construction started workers=16
[2026-06-05T13:51:54] validation worker algorithm resolved elapsed_s=3.724
[2026-06-05T13:51:56] validation manager constructed elapsed_s=5.931 workers=16
[2026-06-05T13:51:56] validation manager ready elapsed_s=6.133 workers=16
[2026-06-05T13:51:56] optimizer state resume checked elapsed_s=0.128 path=C:\Users\fenje\dev\InteractiveIsing.jl\ext\IsingLearning\experiments\MNIST\single-hidden-local-28x28-to-11x11-readout\experiments\current\20260605_radius_r10_to_r1_s25_b15_lr25_e200\r10\best_params.bin update_idx=1208
[2026-06-05T13:51:56] epoch started epoch=152
[2026-06-05T13:51:56] epoch training started epoch=152 batches=8 samples=1000
[2026-06-05T13:51:56] batch build started epoch=152 batch=1 batches=8 first=1 last=128
[2026-06-05T13:51:56] batch jobs built elapsed_s=0.0 epoch=152 batch=1 jobs=128
[2026-06-05T13:51:56] batch run started epoch=152 batch=1 jobs=128
[2026-06-05T13:51:57] minibatch buffers cleared elapsed_s=0.055 jobs=128
[2026-06-05T13:51:57] minibatch manager run started jobs=128 workers=16
[2026-06-05T13:52:06] minibatch manager run finished elapsed_s=8.587 jobs=128
[2026-06-05T13:52:06] minibatch optimizer update finished elapsed_s=0.422 nsamples=128 skipped=6
[2026-06-05T13:52:06] batch run finished elapsed_s=9.837 epoch=152 batch=1 nsamples=128 accuracy=0.2578 loss=13.8281 skipped=6
[2026-06-05T13:52:12] batch build started epoch=152 batch=5 batches=8 first=513 last=640
[2026-06-05T13:52:12] batch jobs built elapsed_s=0.0 epoch=152 batch=5 jobs=128
[2026-06-05T13:52:12] batch run started epoch=152 batch=5 jobs=128
[2026-06-05T13:52:12] minibatch buffers cleared elapsed_s=0.004 jobs=128
[2026-06-05T13:52:12] minibatch manager run started jobs=128 workers=16
[2026-06-05T13:52:14] minibatch manager run finished elapsed_s=1.994 jobs=128
[2026-06-05T13:52:14] minibatch optimizer update finished elapsed_s=0.091 nsamples=128 skipped=3
[2026-06-05T13:52:14] batch run finished elapsed_s=2.089 epoch=152 batch=5 nsamples=128 accuracy=0.1719 loss=15.4062 skipped=3
[2026-06-05T13:52:18] batch build started epoch=152 batch=8 batches=8 first=897 last=1000
[2026-06-05T13:52:18] batch jobs built elapsed_s=0.0 epoch=152 batch=8 jobs=104
[2026-06-05T13:52:18] batch run started epoch=152 batch=8 jobs=104
[2026-06-05T13:52:18] minibatch buffers cleared elapsed_s=0.002 jobs=104
[2026-06-05T13:52:18] minibatch manager run started jobs=104 workers=16
[2026-06-05T13:52:20] minibatch manager run finished elapsed_s=1.588 jobs=104
[2026-06-05T13:52:20] minibatch optimizer update finished elapsed_s=0.004 nsamples=104 skipped=3
[2026-06-05T13:52:20] batch run finished elapsed_s=1.595 epoch=152 batch=8 nsamples=104 accuracy=0.1731 loss=21.3077 skipped=3
[2026-06-05T13:52:20] epoch training finished epoch=152 elapsed_s=23.669 train_accuracy=0.143 train_loss=16.628 skipped=25
[2026-06-05T13:52:20] epoch evaluation started epoch=152 samples=200
[2026-06-05T13:52:20] evaluation buffers cleared elapsed_s=0.042 samples=200
[2026-06-05T13:52:20] evaluation jobs built elapsed_s=0.0 jobs=200
[2026-06-05T13:52:20] evaluation manager run started jobs=200 workers=16
[2026-06-05T13:52:24] evaluation manager run finished elapsed_s=3.931 jobs=200
[2026-06-05T13:52:24] epoch evaluation finished elapsed_s=4.252 epoch=152 test_accuracy=0.46 test_loss=10.4
[2026-06-05T13:52:25] latest checkpoint saved elapsed_s=0.733 epoch=152 path=C:\Users\fenje\dev\InteractiveIsing.jl\ext\IsingLearning\experiments\MNIST\single-hidden-local-28x28-to-11x11-readout\experiments\current\20260605_radius_r10_to_r1_s25_b15_lr25_e200\fine_tuning\high_sweeps\s50_beta15_lr10\r10\latest_checkpoint.bin update_idx=1216
(timestamp = "2026-06-05T13:52:25", epoch = 152, seconds = 23.6692512, train_accuracy = 0.143, train_loss = 16.628f0, skipped = 25, test_accuracy = 0.46, test_loss = 10.4f0, pred_counts = "16-23-22-33-27-10-5-41-15-8", best_accuracy = 0.495, best_path = "C:\\Users\\fenje\\dev\\InteractiveIsing.jl\\ext\\IsingLearning\\experiments\\MNIST\\single-hidden-local-28x28-to-11x11-readout\\experiments\\current\\20260605_radius_r10_to_r1_s25_b15_lr25_e200\\fine_tuning\\high_sweeps\\s50_beta15_lr10\\r10\\best_params.bin", latest_path = "C:\\Users\\fenje\\dev\\InteractiveIsing.jl\\ext\\IsingLearning\\experiments\\MNIST\\single-hidden-local-28x28-to-11x11-readout\\experiments\\current\\20260605_radius_r10_to_r1_s25_b15_lr25_e200\\fine_tuning\\high_sweeps\\s50_beta15_lr10\\r10\\latest_checkpoint.bin", final_path = "")
[2026-06-05T13:52:26] epoch finished elapsed_s=29.476 epoch=152
[2026-06-05T13:52:26] epoch started epoch=153
[2026-06-05T13:52:26] epoch training started epoch=153 batches=8 samples=1000
[2026-06-05T13:52:26] batch build started epoch=153 batch=1 batches=8 first=1 last=128
[2026-06-05T13:52:26] batch jobs built elapsed_s=0.0 epoch=153 batch=1 jobs=128
[2026-06-05T13:52:26] batch run started epoch=153 batch=1 jobs=128
[2026-06-05T13:52:26] minibatch buffers cleared elapsed_s=0.003 jobs=128
[2026-06-05T13:52:26] minibatch manager run started jobs=128 workers=16
[2026-06-05T13:52:28] minibatch manager run finished elapsed_s=2.036 jobs=128
[2026-06-05T13:52:28] minibatch optimizer update finished elapsed_s=0.003 nsamples=128 skipped=1
[2026-06-05T13:52:28] batch run finished elapsed_s=2.042 epoch=153 batch=1 nsamples=128 accuracy=0.0859 loss=22.7344 skipped=1
[2026-06-05T13:52:34] batch build started epoch=153 batch=5 batches=8 first=513 last=640
[2026-06-05T13:52:34] batch jobs built elapsed_s=0.0 epoch=153 batch=5 jobs=128
[2026-06-05T13:52:34] batch run started epoch=153 batch=5 jobs=128
[2026-06-05T13:52:34] minibatch buffers cleared elapsed_s=0.003 jobs=128
[2026-06-05T13:52:34] minibatch manager run started jobs=128 workers=16
[2026-06-05T13:52:36] minibatch manager run finished elapsed_s=2.142 jobs=128
[2026-06-05T13:52:36] minibatch optimizer update finished elapsed_s=0.005 nsamples=128 skipped=1
[2026-06-05T13:52:36] batch run finished elapsed_s=2.15 epoch=153 batch=5 nsamples=128 accuracy=0.0703 loss=23.2969 skipped=1
[2026-06-05T13:52:41] batch build started epoch=153 batch=8 batches=8 first=897 last=1000
[2026-06-05T13:52:41] batch jobs built elapsed_s=0.0 epoch=153 batch=8 jobs=104
[2026-06-05T13:52:41] batch run started epoch=153 batch=8 jobs=104
[2026-06-05T13:52:41] minibatch buffers cleared elapsed_s=0.004 jobs=104
[2026-06-05T13:52:41] minibatch manager run started jobs=104 workers=16
[2026-06-05T13:52:42] minibatch manager run finished elapsed_s=1.751 jobs=104
[2026-06-05T13:52:42] minibatch optimizer update finished elapsed_s=0.005 nsamples=104 skipped=1
[2026-06-05T13:52:42] batch run finished elapsed_s=1.76 epoch=153 batch=8 nsamples=104 accuracy=0.1058 loss=23.5 skipped=1
[2026-06-05T13:52:42] epoch training finished epoch=153 elapsed_s=16.497 train_accuracy=0.084 train_loss=23.062 skipped=17
[2026-06-05T13:52:42] epoch evaluation started epoch=153 samples=200
[2026-06-05T13:52:42] evaluation buffers cleared elapsed_s=0.0 samples=200
[2026-06-05T13:52:42] evaluation jobs built elapsed_s=0.0 jobs=200
[2026-06-05T13:52:42] evaluation manager run started jobs=200 workers=16
[2026-06-05T13:52:44] evaluation manager run finished elapsed_s=1.609 jobs=200
[2026-06-05T13:52:44] epoch evaluation finished elapsed_s=1.61 epoch=153 test_accuracy=0.44 test_loss=10.31
[2026-06-05T13:52:44] latest checkpoint saved elapsed_s=0.007 epoch=153 path=C:\Users\fenje\dev\InteractiveIsing.jl\ext\IsingLearning\experiments\MNIST\single-hidden-local-28x28-to-11x11-readout\experiments\current\20260605_radius_r10_to_r1_s25_b15_lr25_e200\fine_tuning\high_sweeps\s50_beta15_lr10\r10\latest_checkpoint.bin update_idx=1224
(timestamp = "2026-06-05T13:52:44", epoch = 153, seconds = 16.497157, train_accuracy = 0.084, train_loss = 23.062f0, skipped = 17, test_accuracy = 0.44, test_loss = 10.31f0, pred_counts = "18-21-32-10-24-29-6-32-21-7", best_accuracy = 0.495, best_path = "C:\\Users\\fenje\\dev\\InteractiveIsing.jl\\ext\\IsingLearning\\experiments\\MNIST\\single-hidden-local-28x28-to-11x11-readout\\experiments\\current\\20260605_radius_r10_to_r1_s25_b15_lr25_e200\\fine_tuning\\high_sweeps\\s50_beta15_lr10\\r10\\best_params.bin", latest_path = "C:\\Users\\fenje\\dev\\InteractiveIsing.jl\\ext\\IsingLearning\\experiments\\MNIST\\single-hidden-local-28x28-to-11x11-readout\\experiments\\current\\20260605_radius_r10_to_r1_s25_b15_lr25_e200\\fine_tuning\\high_sweeps\\s50_beta15_lr10\\r10\\latest_checkpoint.bin", final_path = "")
[2026-06-05T13:52:44] epoch finished elapsed_s=18.115 epoch=153
[2026-06-05T13:52:44] epoch started epoch=154
[2026-06-05T13:52:44] epoch training started epoch=154 batches=8 samples=1000
[2026-06-05T13:52:44] batch build started epoch=154 batch=1 batches=8 first=1 last=128
[2026-06-05T13:52:44] batch jobs built elapsed_s=0.0 epoch=154 batch=1 jobs=128
[2026-06-05T13:52:44] batch run started epoch=154 batch=1 jobs=128
[2026-06-05T13:52:44] minibatch buffers cleared elapsed_s=0.003 jobs=128
[2026-06-05T13:52:44] minibatch manager run started jobs=128 workers=16
[2026-06-05T13:52:46] minibatch manager run finished elapsed_s=2.14 jobs=128
[2026-06-05T13:52:46] minibatch optimizer update finished elapsed_s=0.008 nsamples=128 skipped=4
[2026-06-05T13:52:46] batch run finished elapsed_s=2.152 epoch=154 batch=1 nsamples=128 accuracy=0.0859 loss=23.625 skipped=4
[2026-06-05T13:52:52] batch build started epoch=154 batch=5 batches=8 first=513 last=640
[2026-06-05T13:52:52] batch jobs built elapsed_s=0.0 epoch=154 batch=5 jobs=128
[2026-06-05T13:52:52] batch run started epoch=154 batch=5 jobs=128
[2026-06-05T13:52:52] minibatch buffers cleared elapsed_s=0.002 jobs=128
[2026-06-05T13:52:52] minibatch manager run started jobs=128 workers=16
[2026-06-05T13:52:54] minibatch manager run finished elapsed_s=1.935 jobs=128
[2026-06-05T13:52:54] minibatch optimizer update finished elapsed_s=0.004 nsamples=128 skipped=3
[2026-06-05T13:52:54] batch run finished elapsed_s=1.942 epoch=154 batch=5 nsamples=128 accuracy=0.0703 loss=26.1406 skipped=3
[2026-06-05T13:52:58] batch build started epoch=154 batch=8 batches=8 first=897 last=1000
[2026-06-05T13:52:58] batch jobs built elapsed_s=0.0 epoch=154 batch=8 jobs=104
[2026-06-05T13:52:58] batch run started epoch=154 batch=8 jobs=104
[2026-06-05T13:52:58] minibatch buffers cleared elapsed_s=0.002 jobs=104
[2026-06-05T13:52:58] minibatch manager run started jobs=104 workers=16
[2026-06-05T13:53:00] minibatch manager run finished elapsed_s=1.543 jobs=104
[2026-06-05T13:53:00] minibatch optimizer update finished elapsed_s=0.003 nsamples=104 skipped=8
[2026-06-05T13:53:00] batch run finished elapsed_s=1.551 epoch=154 batch=8 nsamples=104 accuracy=0.1346 loss=24.8269 skipped=8
[2026-06-05T13:53:00] epoch training finished epoch=154 elapsed_s=15.626 train_accuracy=0.101 train_loss=24.362 skipped=31
[2026-06-05T13:53:00] epoch evaluation started epoch=154 samples=200
[2026-06-05T13:53:00] evaluation buffers cleared elapsed_s=0.0 samples=200
[2026-06-05T13:53:00] evaluation jobs built elapsed_s=0.0 jobs=200
[2026-06-05T13:53:00] evaluation manager run started jobs=200 workers=16
[2026-06-05T13:53:01] evaluation manager run finished elapsed_s=1.455 jobs=200
[2026-06-05T13:53:01] epoch evaluation finished elapsed_s=1.455 epoch=154 test_accuracy=0.42 test_loss=10.27
[2026-06-05T13:53:01] latest checkpoint saved elapsed_s=0.006 epoch=154 path=C:\Users\fenje\dev\InteractiveIsing.jl\ext\IsingLearning\experiments\MNIST\single-hidden-local-28x28-to-11x11-readout\experiments\current\20260605_radius_r10_to_r1_s25_b15_lr25_e200\fine_tuning\high_sweeps\s50_beta15_lr10\r10\latest_checkpoint.bin update_idx=1232
(timestamp = "2026-06-05T13:53:01", epoch = 154, seconds = 15.6263175, train_accuracy = 0.101, train_loss = 24.362f0, skipped = 31, test_accuracy = 0.42, test_loss = 10.27f0, pred_counts = "19-23-35-5-22-32-9-15-32-8", best_accuracy = 0.495, best_path = "C:\\Users\\fenje\\dev\\InteractiveIsing.jl\\ext\\IsingLearning\\experiments\\MNIST\\single-hidden-local-28x28-to-11x11-readout\\experiments\\current\\20260605_radius_r10_to_r1_s25_b15_lr25_e200\\fine_tuning\\high_sweeps\\s50_beta15_lr10\\r10\\best_params.bin", latest_path = "C:\\Users\\fenje\\dev\\InteractiveIsing.jl\\ext\\IsingLearning\\experiments\\MNIST\\single-hidden-local-28x28-to-11x11-readout\\experiments\\current\\20260605_radius_r10_to_r1_s25_b15_lr25_e200\\fine_tuning\\high_sweeps\\s50_beta15_lr10\\r10\\latest_checkpoint.bin", final_path = "")
[2026-06-05T13:53:01] epoch finished elapsed_s=17.089 epoch=154
[2026-06-05T13:53:01] epoch started epoch=155
[2026-06-05T13:53:01] epoch training started epoch=155 batches=8 samples=1000
[2026-06-05T13:53:01] batch build started epoch=155 batch=1 batches=8 first=1 last=128
[2026-06-05T13:53:01] batch jobs built elapsed_s=0.0 epoch=155 batch=1 jobs=128
[2026-06-05T13:53:01] batch run started epoch=155 batch=1 jobs=128
[2026-06-05T13:53:01] minibatch buffers cleared elapsed_s=0.004 jobs=128
[2026-06-05T13:53:01] minibatch manager run started jobs=128 workers=16
[2026-06-05T13:53:03] minibatch manager run finished elapsed_s=1.982 jobs=128
[2026-06-05T13:53:03] minibatch optimizer update finished elapsed_s=0.008 nsamples=128 skipped=3
[2026-06-05T13:53:03] batch run finished elapsed_s=1.996 epoch=155 batch=1 nsamples=128 accuracy=0.1016 loss=25.5312 skipped=3
[2026-06-05T13:53:09] batch build started epoch=155 batch=5 batches=8 first=513 last=640
[2026-06-05T13:53:09] batch jobs built elapsed_s=0.0 epoch=155 batch=5 jobs=128
[2026-06-05T13:53:09] batch run started epoch=155 batch=5 jobs=128
[2026-06-05T13:53:09] minibatch buffers cleared elapsed_s=0.003 jobs=128
[2026-06-05T13:53:09] minibatch manager run started jobs=128 workers=16
[2026-06-05T13:53:11] minibatch manager run finished elapsed_s=2.082 jobs=128
[2026-06-05T13:53:11] minibatch optimizer update finished elapsed_s=0.004 nsamples=128 skipped=4
[2026-06-05T13:53:11] batch run finished elapsed_s=2.089 epoch=155 batch=5 nsamples=128 accuracy=0.0938 loss=17.4062 skipped=4
[2026-06-05T13:53:16] batch build started epoch=155 batch=8 batches=8 first=897 last=1000
[2026-06-05T13:53:16] batch jobs built elapsed_s=0.0 epoch=155 batch=8 jobs=104
[2026-06-05T13:53:16] batch run started epoch=155 batch=8 jobs=104
[2026-06-05T13:53:16] minibatch buffers cleared elapsed_s=0.004 jobs=104
[2026-06-05T13:53:16] minibatch manager run started jobs=104 workers=16
[2026-06-05T13:53:18] minibatch manager run finished elapsed_s=1.812 jobs=104
[2026-06-05T13:53:18] minibatch optimizer update finished elapsed_s=0.004 nsamples=104 skipped=1
[2026-06-05T13:53:18] batch run finished elapsed_s=1.821 epoch=155 batch=8 nsamples=104 accuracy=0.1154 loss=14.9231 skipped=1
[2026-06-05T13:53:18] epoch training finished epoch=155 elapsed_s=16.58 train_accuracy=0.104 train_loss=20.046 skipped=20
[2026-06-05T13:53:18] epoch evaluation started epoch=155 samples=200
[2026-06-05T13:53:18] evaluation buffers cleared elapsed_s=0.0 samples=200
[2026-06-05T13:53:18] evaluation jobs built elapsed_s=0.0 jobs=200
[2026-06-05T13:53:18] evaluation manager run started jobs=200 workers=16
[2026-06-05T13:53:19] evaluation manager run finished elapsed_s=1.655 jobs=200
[2026-06-05T13:53:19] epoch evaluation finished elapsed_s=1.655 epoch=155 test_accuracy=0.395 test_loss=9.99
[2026-06-05T13:53:19] latest checkpoint saved elapsed_s=0.011 epoch=155 path=C:\Users\fenje\dev\InteractiveIsing.jl\ext\IsingLearning\experiments\MNIST\single-hidden-local-28x28-to-11x11-readout\experiments\current\20260605_radius_r10_to_r1_s25_b15_lr25_e200\fine_tuning\high_sweeps\s50_beta15_lr10\r10\latest_checkpoint.bin update_idx=1240
(timestamp = "2026-06-05T13:53:19", epoch = 155, seconds = 16.5803692, train_accuracy = 0.104, train_loss = 20.046f0, skipped = 20, test_accuracy = 0.395, test_loss = 9.99f0, pred_counts = "19-25-24-1-11-29-19-10-50-12", best_accuracy = 0.495, best_path = "C:\\Users\\fenje\\dev\\InteractiveIsing.jl\\ext\\IsingLearning\\experiments\\MNIST\\single-hidden-local-28x28-to-11x11-readout\\experiments\\current\\20260605_radius_r10_to_r1_s25_b15_lr25_e200\\fine_tuning\\high_sweeps\\s50_beta15_lr10\\r10\\best_params.bin", latest_path = "C:\\Users\\fenje\\dev\\InteractiveIsing.jl\\ext\\IsingLearning\\experiments\\MNIST\\single-hidden-local-28x28-to-11x11-readout\\experiments\\current\\20260605_radius_r10_to_r1_s25_b15_lr25_e200\\fine_tuning\\high_sweeps\\s50_beta15_lr10\\r10\\latest_checkpoint.bin", final_path = "")
[2026-06-05T13:53:19] epoch finished elapsed_s=18.249 epoch=155
[2026-06-05T13:53:19] epoch started epoch=156
[2026-06-05T13:53:19] epoch training started epoch=156 batches=8 samples=1000
[2026-06-05T13:53:19] batch build started epoch=156 batch=1 batches=8 first=1 last=128
[2026-06-05T13:53:19] batch jobs built elapsed_s=0.0 epoch=156 batch=1 jobs=128
[2026-06-05T13:53:19] batch run started epoch=156 batch=1 jobs=128
[2026-06-05T13:53:19] minibatch buffers cleared elapsed_s=0.003 jobs=128
[2026-06-05T13:53:19] minibatch manager run started jobs=128 workers=16
[2026-06-05T13:53:21] minibatch manager run finished elapsed_s=2.074 jobs=128
[2026-06-05T13:53:21] minibatch optimizer update finished elapsed_s=0.005 nsamples=128 skipped=3
[2026-06-05T13:53:21] batch run finished elapsed_s=2.082 epoch=156 batch=1 nsamples=128 accuracy=0.1016 loss=13.5 skipped=3
[2026-06-05T13:53:28] batch build started epoch=156 batch=5 batches=8 first=513 last=640
[2026-06-05T13:53:28] batch jobs built elapsed_s=0.0 epoch=156 batch=5 jobs=128
[2026-06-05T13:53:28] batch run started epoch=156 batch=5 jobs=128
[2026-06-05T13:53:28] minibatch buffers cleared elapsed_s=0.003 jobs=128
[2026-06-05T13:53:28] minibatch manager run started jobs=128 workers=16
[2026-06-05T13:53:30] minibatch manager run finished elapsed_s=2.048 jobs=128
[2026-06-05T13:53:30] minibatch optimizer update finished elapsed_s=0.004 nsamples=128 skipped=6
[2026-06-05T13:53:30] batch run finished elapsed_s=2.055 epoch=156 batch=5 nsamples=128 accuracy=0.0859 loss=13.3281 skipped=6
[2026-06-05T13:53:34] batch build started epoch=156 batch=8 batches=8 first=897 last=1000
[2026-06-05T13:53:34] batch jobs built elapsed_s=0.0 epoch=156 batch=8 jobs=104
[2026-06-05T13:53:34] batch run started epoch=156 batch=8 jobs=104
[2026-06-05T13:53:34] minibatch buffers cleared elapsed_s=0.003 jobs=104
[2026-06-05T13:53:34] minibatch manager run started jobs=104 workers=16
[2026-06-05T13:53:35] minibatch manager run finished elapsed_s=1.623 jobs=104
[2026-06-05T13:53:35] minibatch optimizer update finished elapsed_s=0.003 nsamples=104 skipped=0
[2026-06-05T13:53:35] batch run finished elapsed_s=1.63 epoch=156 batch=8 nsamples=104 accuracy=0.1154 loss=13.5769 skipped=0
[2026-06-05T13:53:35] epoch training finished epoch=156 elapsed_s=16.14 train_accuracy=0.106 train_loss=13.53 skipped=22
[2026-06-05T13:53:35] epoch evaluation started epoch=156 samples=200
[2026-06-05T13:53:35] evaluation buffers cleared elapsed_s=0.0 samples=200
[2026-06-05T13:53:35] evaluation jobs built elapsed_s=0.0 jobs=200
[2026-06-05T13:53:35] evaluation manager run started jobs=200 workers=16
[2026-06-05T13:53:37] evaluation manager run finished elapsed_s=1.536 jobs=200
[2026-06-05T13:53:37] epoch evaluation finished elapsed_s=1.537 epoch=156 test_accuracy=0.43 test_loss=9.75
[2026-06-05T13:53:37] latest checkpoint saved elapsed_s=0.085 epoch=156 path=C:\Users\fenje\dev\InteractiveIsing.jl\ext\IsingLearning\experiments\MNIST\single-hidden-local-28x28-to-11x11-readout\experiments\current\20260605_radius_r10_to_r1_s25_b15_lr25_e200\fine_tuning\high_sweeps\s50_beta15_lr10\r10\latest_checkpoint.bin update_idx=1248
(timestamp = "2026-06-05T13:53:37", epoch = 156, seconds = 16.140278, train_accuracy = 0.106, train_loss = 13.53f0, skipped = 22, test_accuracy = 0.43, test_loss = 9.75f0, pred_counts = "23-25-9-1-16-31-24-14-44-13", best_accuracy = 0.495, best_path = "C:\\Users\\fenje\\dev\\InteractiveIsing.jl\\ext\\IsingLearning\\experiments\\MNIST\\single-hidden-local-28x28-to-11x11-readout\\experiments\\current\\20260605_radius_r10_to_r1_s25_b15_lr25_e200\\fine_tuning\\high_sweeps\\s50_beta15_lr10\\r10\\best_params.bin", latest_path = "C:\\Users\\fenje\\dev\\InteractiveIsing.jl\\ext\\IsingLearning\\experiments\\MNIST\\single-hidden-local-28x28-to-11x11-readout\\experiments\\current\\20260605_radius_r10_to_r1_s25_b15_lr25_e200\\fine_tuning\\high_sweeps\\s50_beta15_lr10\\r10\\latest_checkpoint.bin", final_path = "")
[2026-06-05T13:53:37] epoch finished elapsed_s=17.764 epoch=156
[2026-06-05T13:53:37] epoch started epoch=157
[2026-06-05T13:53:37] epoch training started epoch=157 batches=8 samples=1000
[2026-06-05T13:53:37] batch build started epoch=157 batch=1 batches=8 first=1 last=128
[2026-06-05T13:53:37] batch jobs built elapsed_s=0.0 epoch=157 batch=1 jobs=128
[2026-06-05T13:53:37] batch run started epoch=157 batch=1 jobs=128
[2026-06-05T13:53:37] minibatch buffers cleared elapsed_s=0.003 jobs=128
[2026-06-05T13:53:37] minibatch manager run started jobs=128 workers=16
[2026-06-05T13:53:39] minibatch manager run finished elapsed_s=2.09 jobs=128
[2026-06-05T13:53:39] minibatch optimizer update finished elapsed_s=0.005 nsamples=128 skipped=4
[2026-06-05T13:53:39] batch run finished elapsed_s=2.099 epoch=157 batch=1 nsamples=128 accuracy=0.1328 loss=13.5625 skipped=4
[2026-06-05T13:53:45] batch build started epoch=157 batch=5 batches=8 first=513 last=640
[2026-06-05T13:53:45] batch jobs built elapsed_s=0.0 epoch=157 batch=5 jobs=128
[2026-06-05T13:53:45] batch run started epoch=157 batch=5 jobs=128
[2026-06-05T13:53:45] minibatch buffers cleared elapsed_s=0.003 jobs=128
[2026-06-05T13:53:45] minibatch manager run started jobs=128 workers=16
[2026-06-05T13:53:47] minibatch manager run finished elapsed_s=2.022 jobs=128
[2026-06-05T13:53:47] minibatch optimizer update finished elapsed_s=0.003 nsamples=128 skipped=1
[2026-06-05T13:53:47] batch run finished elapsed_s=2.031 epoch=157 batch=5 nsamples=128 accuracy=0.1094 loss=12.9375 skipped=1
[2026-06-05T13:53:51] batch build started epoch=157 batch=8 batches=8 first=897 last=1000
[2026-06-05T13:53:51] batch jobs built elapsed_s=0.0 epoch=157 batch=8 jobs=104
[2026-06-05T13:53:51] batch run started epoch=157 batch=8 jobs=104
[2026-06-05T13:53:51] minibatch buffers cleared elapsed_s=0.003 jobs=104
[2026-06-05T13:53:51] minibatch manager run started jobs=104 workers=16
[2026-06-05T13:53:53] minibatch manager run finished elapsed_s=1.652 jobs=104
[2026-06-05T13:53:53] minibatch optimizer update finished elapsed_s=0.004 nsamples=104 skipped=2
[2026-06-05T13:53:53] batch run finished elapsed_s=1.659 epoch=157 batch=8 nsamples=104 accuracy=0.1154 loss=11.8846 skipped=2
[2026-06-05T13:53:53] epoch training finished epoch=157 elapsed_s=15.992 train_accuracy=0.095 train_loss=13.484 skipped=19
[2026-06-05T13:53:53] epoch evaluation started epoch=157 samples=200
[2026-06-05T13:53:53] evaluation buffers cleared elapsed_s=0.0 samples=200
[2026-06-05T13:53:53] evaluation jobs built elapsed_s=0.0 jobs=200
[2026-06-05T13:53:53] evaluation manager run started jobs=200 workers=16
[2026-06-05T13:53:55] evaluation manager run finished elapsed_s=1.543 jobs=200
[2026-06-05T13:53:55] epoch evaluation finished elapsed_s=1.545 epoch=157 test_accuracy=0.415 test_loss=9.89
[2026-06-05T13:53:55] latest checkpoint saved elapsed_s=0.011 epoch=157 path=C:\Users\fenje\dev\InteractiveIsing.jl\ext\IsingLearning\experiments\MNIST\single-hidden-local-28x28-to-11x11-readout\experiments\current\20260605_radius_r10_to_r1_s25_b15_lr25_e200\fine_tuning\high_sweeps\s50_beta15_lr10\r10\latest_checkpoint.bin update_idx=1256
(timestamp = "2026-06-05T13:53:55", epoch = 157, seconds = 15.9920837, train_accuracy = 0.095, train_loss = 13.484f0, skipped = 19, test_accuracy = 0.415, test_loss = 9.89f0, pred_counts = "30-23-6-6-27-34-13-16-31-14", best_accuracy = 0.495, best_path = "C:\\Users\\fenje\\dev\\InteractiveIsing.jl\\ext\\IsingLearning\\experiments\\MNIST\\single-hidden-local-28x28-to-11x11-readout\\experiments\\current\\20260605_radius_r10_to_r1_s25_b15_lr25_e200\\fine_tuning\\high_sweeps\\s50_beta15_lr10\\r10\\best_params.bin", latest_path = "C:\\Users\\fenje\\dev\\InteractiveIsing.jl\\ext\\IsingLearning\\experiments\\MNIST\\single-hidden-local-28x28-to-11x11-readout\\experiments\\current\\20260605_radius_r10_to_r1_s25_b15_lr25_e200\\fine_tuning\\high_sweeps\\s50_beta15_lr10\\r10\\latest_checkpoint.bin", final_path = "")
[2026-06-05T13:53:55] epoch finished elapsed_s=17.549 epoch=157
[2026-06-05T13:53:55] epoch started epoch=158
[2026-06-05T13:53:55] epoch training started epoch=158 batches=8 samples=1000
[2026-06-05T13:53:55] batch build started epoch=158 batch=1 batches=8 first=1 last=128
[2026-06-05T13:53:55] batch jobs built elapsed_s=0.0 epoch=158 batch=1 jobs=128
[2026-06-05T13:53:55] batch run started epoch=158 batch=1 jobs=128
[2026-06-05T13:53:55] minibatch buffers cleared elapsed_s=0.003 jobs=128
[2026-06-05T13:53:55] minibatch manager run started jobs=128 workers=16
[2026-06-05T13:53:57] minibatch manager run finished elapsed_s=2.08 jobs=128
[2026-06-05T13:53:57] minibatch optimizer update finished elapsed_s=0.004 nsamples=128 skipped=2
[2026-06-05T13:53:57] batch run finished elapsed_s=2.088 epoch=158 batch=1 nsamples=128 accuracy=0.1172 loss=12.125 skipped=2
[2026-06-05T13:54:03] batch build started epoch=158 batch=5 batches=8 first=513 last=640
[2026-06-05T13:54:03] batch jobs built elapsed_s=0.0 epoch=158 batch=5 jobs=128
[2026-06-05T13:54:03] batch run started epoch=158 batch=5 jobs=128
[2026-06-05T13:54:03] minibatch buffers cleared elapsed_s=0.003 jobs=128
[2026-06-05T13:54:03] minibatch manager run started jobs=128 workers=16
[2026-06-05T13:54:05] minibatch manager run finished elapsed_s=1.985 jobs=128
[2026-06-05T13:54:05] minibatch optimizer update finished elapsed_s=0.004 nsamples=128 skipped=0
[2026-06-05T13:54:05] batch run finished elapsed_s=1.992 epoch=158 batch=5 nsamples=128 accuracy=0.125 loss=11.9375 skipped=0
[2026-06-05T13:54:09] batch build started epoch=158 batch=8 batches=8 first=897 last=1000
[2026-06-05T13:54:09] batch jobs built elapsed_s=0.0 epoch=158 batch=8 jobs=104
[2026-06-05T13:54:09] batch run started epoch=158 batch=8 jobs=104
[2026-06-05T13:54:09] minibatch buffers cleared elapsed_s=0.003 jobs=104
[2026-06-05T13:54:09] minibatch manager run started jobs=104 workers=16
[2026-06-05T13:54:11] minibatch manager run finished elapsed_s=1.602 jobs=104
[2026-06-05T13:54:11] minibatch optimizer update finished elapsed_s=0.004 nsamples=104 skipped=0
[2026-06-05T13:54:11] batch run finished elapsed_s=1.609 epoch=158 batch=8 nsamples=104 accuracy=0.0865 loss=12.75 skipped=0
[2026-06-05T13:54:11] epoch training finished epoch=158 elapsed_s=16.076 train_accuracy=0.103 train_loss=12.252 skipped=5
[2026-06-05T13:54:11] epoch evaluation started epoch=158 samples=200
[2026-06-05T13:54:11] evaluation buffers cleared elapsed_s=0.001 samples=200
[2026-06-05T13:54:11] evaluation jobs built elapsed_s=0.0 jobs=200
[2026-06-05T13:54:11] evaluation manager run started jobs=200 workers=16
[2026-06-05T13:54:12] evaluation manager run finished elapsed_s=1.499 jobs=200
[2026-06-05T13:54:12] epoch evaluation finished elapsed_s=1.5 epoch=158 test_accuracy=0.435 test_loss=10.16
[2026-06-05T13:54:12] latest checkpoint saved elapsed_s=0.022 epoch=158 path=C:\Users\fenje\dev\InteractiveIsing.jl\ext\IsingLearning\experiments\MNIST\single-hidden-local-28x28-to-11x11-readout\experiments\current\20260605_radius_r10_to_r1_s25_b15_lr25_e200\fine_tuning\high_sweeps\s50_beta15_lr10\r10\latest_checkpoint.bin update_idx=1264
(timestamp = "2026-06-05T13:54:12", epoch = 158, seconds = 16.0762386, train_accuracy = 0.103, train_loss = 12.252f0, skipped = 5, test_accuracy = 0.435, test_loss = 10.16f0, pred_counts = "32-19-7-7-33-35-9-21-16-21", best_accuracy = 0.495, best_path = "C:\\Users\\fenje\\dev\\InteractiveIsing.jl\\ext\\IsingLearning\\experiments\\MNIST\\single-hidden-local-28x28-to-11x11-readout\\experiments\\current\\20260605_radius_r10_to_r1_s25_b15_lr25_e200\\fine_tuning\\high_sweeps\\s50_beta15_lr10\\r10\\best_params.bin", latest_path = "C:\\Users\\fenje\\dev\\InteractiveIsing.jl\\ext\\IsingLearning\\experiments\\MNIST\\single-hidden-local-28x28-to-11x11-readout\\experiments\\current\\20260605_radius_r10_to_r1_s25_b15_lr25_e200\\fine_tuning\\high_sweeps\\s50_beta15_lr10\\r10\\latest_checkpoint.bin", final_path = "")
[2026-06-05T13:54:12] epoch finished elapsed_s=17.6 epoch=158
[2026-06-05T13:54:12] epoch started epoch=159
[2026-06-05T13:54:12] epoch training started epoch=159 batches=8 samples=1000
[2026-06-05T13:54:12] batch build started epoch=159 batch=1 batches=8 first=1 last=128
[2026-06-05T13:54:12] batch jobs built elapsed_s=0.0 epoch=159 batch=1 jobs=128
[2026-06-05T13:54:12] batch run started epoch=159 batch=1 jobs=128
[2026-06-05T13:54:12] minibatch buffers cleared elapsed_s=0.004 jobs=128
[2026-06-05T13:54:12] minibatch manager run started jobs=128 workers=16
[2026-06-05T13:54:14] minibatch manager run finished elapsed_s=1.99 jobs=128
[2026-06-05T13:54:14] minibatch optimizer update finished elapsed_s=0.005 nsamples=128 skipped=0
[2026-06-05T13:54:14] batch run finished elapsed_s=1.999 epoch=159 batch=1 nsamples=128 accuracy=0.1172 loss=13.125 skipped=0
[2026-06-05T13:54:20] batch build started epoch=159 batch=5 batches=8 first=513 last=640
[2026-06-05T13:54:20] batch jobs built elapsed_s=0.0 epoch=159 batch=5 jobs=128
[2026-06-05T13:54:20] batch run started epoch=159 batch=5 jobs=128
[2026-06-05T13:54:20] minibatch buffers cleared elapsed_s=0.003 jobs=128
[2026-06-05T13:54:20] minibatch manager run started jobs=128 workers=16
[2026-06-05T13:54:22] minibatch manager run finished elapsed_s=2.107 jobs=128
[2026-06-05T13:54:22] minibatch optimizer update finished elapsed_s=0.008 nsamples=128 skipped=0
[2026-06-05T13:54:22] batch run finished elapsed_s=2.118 epoch=159 batch=5 nsamples=128 accuracy=0.1094 loss=13.9062 skipped=0
[2026-06-05T13:54:27] batch build started epoch=159 batch=8 batches=8 first=897 last=1000
[2026-06-05T13:54:27] batch jobs built elapsed_s=0.0 epoch=159 batch=8 jobs=104
[2026-06-05T13:54:27] batch run started epoch=159 batch=8 jobs=104
[2026-06-05T13:54:27] minibatch buffers cleared elapsed_s=0.002 jobs=104
[2026-06-05T13:54:27] minibatch manager run started jobs=104 workers=16
[2026-06-05T13:54:28] minibatch manager run finished elapsed_s=1.727 jobs=104
[2026-06-05T13:54:28] minibatch optimizer update finished elapsed_s=0.008 nsamples=104 skipped=0
[2026-06-05T13:54:28] batch run finished elapsed_s=1.738 epoch=159 batch=8 nsamples=104 accuracy=0.0865 loss=14.9231 skipped=0
[2026-06-05T13:54:28] epoch training finished epoch=159 elapsed_s=16.147 train_accuracy=0.093 train_loss=14.048 skipped=0
[2026-06-05T13:54:28] epoch evaluation started epoch=159 samples=200
[2026-06-05T13:54:28] evaluation buffers cleared elapsed_s=0.0 samples=200
[2026-06-05T13:54:28] evaluation jobs built elapsed_s=0.0 jobs=200
[2026-06-05T13:54:28] evaluation manager run started jobs=200 workers=16
[2026-06-05T13:54:30] evaluation manager run finished elapsed_s=1.565 jobs=200
[2026-06-05T13:54:30] epoch evaluation finished elapsed_s=1.566 epoch=159 test_accuracy=0.425 test_loss=10.61
[2026-06-05T13:54:30] latest checkpoint saved elapsed_s=0.007 epoch=159 path=C:\Users\fenje\dev\InteractiveIsing.jl\ext\IsingLearning\experiments\MNIST\single-hidden-local-28x28-to-11x11-readout\experiments\current\20260605_radius_r10_to_r1_s25_b15_lr25_e200\fine_tuning\high_sweeps\s50_beta15_lr10\r10\latest_checkpoint.bin update_idx=1272
(timestamp = "2026-06-05T13:54:30", epoch = 159, seconds = 16.1468999, train_accuracy = 0.093, train_loss = 14.048f0, skipped = 0, test_accuracy = 0.425, test_loss = 10.61f0, pred_counts = "26-29-3-12-24-29-8-33-6-30", best_accuracy = 0.495, best_path = "C:\\Users\\fenje\\dev\\InteractiveIsing.jl\\ext\\IsingLearning\\experiments\\MNIST\\single-hidden-local-28x28-to-11x11-readout\\experiments\\current\\20260605_radius_r10_to_r1_s25_b15_lr25_e200\\fine_tuning\\high_sweeps\\s50_beta15_lr10\\r10\\best_params.bin", latest_path = "C:\\Users\\fenje\\dev\\InteractiveIsing.jl\\ext\\IsingLearning\\experiments\\MNIST\\single-hidden-local-28x28-to-11x11-readout\\experiments\\current\\20260605_radius_r10_to_r1_s25_b15_lr25_e200\\fine_tuning\\high_sweeps\\s50_beta15_lr10\\r10\\latest_checkpoint.bin", final_path = "")
[2026-06-05T13:54:30] epoch finished elapsed_s=17.721 epoch=159
[2026-06-05T13:54:30] epoch started epoch=160
[2026-06-05T13:54:30] epoch training started epoch=160 batches=8 samples=1000
[2026-06-05T13:54:30] batch build started epoch=160 batch=1 batches=8 first=1 last=128
[2026-06-05T13:54:30] batch jobs built elapsed_s=0.0 epoch=160 batch=1 jobs=128
[2026-06-05T13:54:30] batch run started epoch=160 batch=1 jobs=128
[2026-06-05T13:54:30] minibatch buffers cleared elapsed_s=0.003 jobs=128
[2026-06-05T13:54:30] minibatch manager run started jobs=128 workers=16
[2026-06-05T13:54:32] minibatch manager run finished elapsed_s=2.129 jobs=128
[2026-06-05T13:54:32] minibatch optimizer update finished elapsed_s=0.004 nsamples=128 skipped=0
[2026-06-05T13:54:32] batch run finished elapsed_s=2.136 epoch=160 batch=1 nsamples=128 accuracy=0.1016 loss=14.1719 skipped=0
[2026-06-05T13:54:38] batch build started epoch=160 batch=5 batches=8 first=513 last=640
[2026-06-05T13:54:38] batch jobs built elapsed_s=0.0 epoch=160 batch=5 jobs=128
[2026-06-05T13:54:38] batch run started epoch=160 batch=5 jobs=128
[2026-06-05T13:54:38] minibatch buffers cleared elapsed_s=0.003 jobs=128
[2026-06-05T13:54:38] minibatch manager run started jobs=128 workers=16
[2026-06-05T13:54:40] minibatch manager run finished elapsed_s=2.122 jobs=128
[2026-06-05T13:54:40] minibatch optimizer update finished elapsed_s=0.004 nsamples=128 skipped=0
[2026-06-05T13:54:40] batch run finished elapsed_s=2.13 epoch=160 batch=5 nsamples=128 accuracy=0.1016 loss=14.125 skipped=0
[2026-06-05T13:54:44] batch build started epoch=160 batch=8 batches=8 first=897 last=1000
[2026-06-05T13:54:44] batch jobs built elapsed_s=0.0 epoch=160 batch=8 jobs=104
[2026-06-05T13:54:44] batch run started epoch=160 batch=8 jobs=104
[2026-06-05T13:54:44] minibatch buffers cleared elapsed_s=0.003 jobs=104
[2026-06-05T13:54:44] minibatch manager run started jobs=104 workers=16
[2026-06-05T13:54:46] minibatch manager run finished elapsed_s=1.725 jobs=104
[2026-06-05T13:54:46] minibatch optimizer update finished elapsed_s=0.003 nsamples=104 skipped=0
[2026-06-05T13:54:46] batch run finished elapsed_s=1.732 epoch=160 batch=8 nsamples=104 accuracy=0.0962 loss=14.25 skipped=0
[2026-06-05T13:54:46] epoch training finished epoch=160 elapsed_s=16.153 train_accuracy=0.105 train_loss=14.066 skipped=0
[2026-06-05T13:54:46] epoch evaluation started epoch=160 samples=200
[2026-06-05T13:54:46] evaluation buffers cleared elapsed_s=0.0 samples=200
[2026-06-05T13:54:46] evaluation jobs built elapsed_s=0.0 jobs=200
[2026-06-05T13:54:46] evaluation manager run started jobs=200 workers=16
[2026-06-05T13:54:48] evaluation manager run finished elapsed_s=1.556 jobs=200
[2026-06-05T13:54:48] epoch evaluation finished elapsed_s=1.556 epoch=160 test_accuracy=0.445 test_loss=10.56
[2026-06-05T13:54:48] latest checkpoint saved elapsed_s=0.006 epoch=160 path=C:\Users\fenje\dev\InteractiveIsing.jl\ext\IsingLearning\experiments\MNIST\single-hidden-local-28x28-to-11x11-readout\experiments\current\20260605_radius_r10_to_r1_s25_b15_lr25_e200\fine_tuning\high_sweeps\s50_beta15_lr10\r10\latest_checkpoint.bin update_idx=1280
(timestamp = "2026-06-05T13:54:48", epoch = 160, seconds = 16.1533138, train_accuracy = 0.105, train_loss = 14.066f0, skipped = 0, test_accuracy = 0.445, test_loss = 10.56f0, pred_counts = "29-35-7-18-25-28-5-35-2-16", best_accuracy = 0.495, best_path = "C:\\Users\\fenje\\dev\\InteractiveIsing.jl\\ext\\IsingLearning\\experiments\\MNIST\\single-hidden-local-28x28-to-11x11-readout\\experiments\\current\\20260605_radius_r10_to_r1_s25_b15_lr25_e200\\fine_tuning\\high_sweeps\\s50_beta15_lr10\\r10\\best_params.bin", latest_path = "C:\\Users\\fenje\\dev\\InteractiveIsing.jl\\ext\\IsingLearning\\experiments\\MNIST\\single-hidden-local-28x28-to-11x11-readout\\experiments\\current\\20260605_radius_r10_to_r1_s25_b15_lr25_e200\\fine_tuning\\high_sweeps\\s50_beta15_lr10\\r10\\latest_checkpoint.bin", final_path = "")
[2026-06-05T13:54:48] epoch finished elapsed_s=17.717 epoch=160
[2026-06-05T13:54:48] epoch started epoch=161
[2026-06-05T13:54:48] epoch training started epoch=161 batches=8 samples=1000
[2026-06-05T13:54:48] batch build started epoch=161 batch=1 batches=8 first=1 last=128
[2026-06-05T13:54:48] batch jobs built elapsed_s=0.0 epoch=161 batch=1 jobs=128
[2026-06-05T13:54:48] batch run started epoch=161 batch=1 jobs=128
[2026-06-05T13:54:48] minibatch buffers cleared elapsed_s=0.002 jobs=128
[2026-06-05T13:54:48] minibatch manager run started jobs=128 workers=16
[2026-06-05T13:54:50] minibatch manager run finished elapsed_s=2.011 jobs=128
[2026-06-05T13:54:50] minibatch optimizer update finished elapsed_s=0.007 nsamples=128 skipped=0
[2026-06-05T13:54:50] batch run finished elapsed_s=2.022 epoch=161 batch=1 nsamples=128 accuracy=0.125 loss=13.9688 skipped=0
[2026-06-05T13:54:56] batch build started epoch=161 batch=5 batches=8 first=513 last=640
[2026-06-05T13:54:56] batch jobs built elapsed_s=0.0 epoch=161 batch=5 jobs=128
[2026-06-05T13:54:56] batch run started epoch=161 batch=5 jobs=128
[2026-06-05T13:54:56] minibatch buffers cleared elapsed_s=0.003 jobs=128
[2026-06-05T13:54:56] minibatch manager run started jobs=128 workers=16
[2026-06-05T13:54:58] minibatch manager run finished elapsed_s=1.977 jobs=128
[2026-06-05T13:54:58] minibatch optimizer update finished elapsed_s=0.004 nsamples=128 skipped=0
[2026-06-05T13:54:58] batch run finished elapsed_s=1.984 epoch=161 batch=5 nsamples=128 accuracy=0.125 loss=13.5156 skipped=0
[2026-06-05T13:55:02] batch build started epoch=161 batch=8 batches=8 first=897 last=1000
[2026-06-05T13:55:02] batch jobs built elapsed_s=0.0 epoch=161 batch=8 jobs=104
[2026-06-05T13:55:02] batch run started epoch=161 batch=8 jobs=104
[2026-06-05T13:55:02] minibatch buffers cleared elapsed_s=0.003 jobs=104
[2026-06-05T13:55:02] minibatch manager run started jobs=104 workers=16
[2026-06-05T13:55:04] minibatch manager run finished elapsed_s=1.775 jobs=104
[2026-06-05T13:55:04] minibatch optimizer update finished elapsed_s=0.004 nsamples=104 skipped=1
[2026-06-05T13:55:04] batch run finished elapsed_s=1.783 epoch=161 batch=8 nsamples=104 accuracy=0.0673 loss=14.1731 skipped=1
[2026-06-05T13:55:04] epoch training finished epoch=161 elapsed_s=16.022 train_accuracy=0.107 train_loss=13.962 skipped=3
[2026-06-05T13:55:04] epoch evaluation started epoch=161 samples=200
[2026-06-05T13:55:04] evaluation buffers cleared elapsed_s=0.0 samples=200
[2026-06-05T13:55:04] evaluation jobs built elapsed_s=0.0 jobs=200
[2026-06-05T13:55:04] evaluation manager run started jobs=200 workers=16
[2026-06-05T13:55:05] evaluation manager run finished elapsed_s=1.583 jobs=200
[2026-06-05T13:55:05] epoch evaluation finished elapsed_s=1.584 epoch=161 test_accuracy=0.43 test_loss=10.66
[2026-06-05T13:55:05] latest checkpoint saved elapsed_s=0.007 epoch=161 path=C:\Users\fenje\dev\InteractiveIsing.jl\ext\IsingLearning\experiments\MNIST\single-hidden-local-28x28-to-11x11-readout\experiments\current\20260605_radius_r10_to_r1_s25_b15_lr25_e200\fine_tuning\high_sweeps\s50_beta15_lr10\r10\latest_checkpoint.bin update_idx=1288
(timestamp = "2026-06-05T13:55:05", epoch = 161, seconds = 16.0215327, train_accuracy = 0.107, train_loss = 13.962f0, skipped = 3, test_accuracy = 0.43, test_loss = 10.66f0, pred_counts = "34-46-10-26-28-25-5-22-0-4", best_accuracy = 0.495, best_path = "C:\\Users\\fenje\\dev\\InteractiveIsing.jl\\ext\\IsingLearning\\experiments\\MNIST\\single-hidden-local-28x28-to-11x11-readout\\experiments\\current\\20260605_radius_r10_to_r1_s25_b15_lr25_e200\\fine_tuning\\high_sweeps\\s50_beta15_lr10\\r10\\best_params.bin", latest_path = "C:\\Users\\fenje\\dev\\InteractiveIsing.jl\\ext\\IsingLearning\\experiments\\MNIST\\single-hidden-local-28x28-to-11x11-readout\\experiments\\current\\20260605_radius_r10_to_r1_s25_b15_lr25_e200\\fine_tuning\\high_sweeps\\s50_beta15_lr10\\r10\\latest_checkpoint.bin", final_path = "")
[2026-06-05T13:55:05] epoch finished elapsed_s=17.613 epoch=161
[2026-06-05T13:55:05] epoch started epoch=162
[2026-06-05T13:55:05] epoch training started epoch=162 batches=8 samples=1000
[2026-06-05T13:55:05] batch build started epoch=162 batch=1 batches=8 first=1 last=128
[2026-06-05T13:55:05] batch jobs built elapsed_s=0.0 epoch=162 batch=1 jobs=128
[2026-06-05T13:55:05] batch run started epoch=162 batch=1 jobs=128
[2026-06-05T13:55:05] minibatch buffers cleared elapsed_s=0.003 jobs=128
[2026-06-05T13:55:05] minibatch manager run started jobs=128 workers=16
[2026-06-05T13:55:07] minibatch manager run finished elapsed_s=2.026 jobs=128
[2026-06-05T13:55:07] minibatch optimizer update finished elapsed_s=0.01 nsamples=128 skipped=1
[2026-06-05T13:55:07] batch run finished elapsed_s=2.039 epoch=162 batch=1 nsamples=128 accuracy=0.1172 loss=13.9375 skipped=1
[2026-06-05T13:55:14] batch build started epoch=162 batch=5 batches=8 first=513 last=640
[2026-06-05T13:55:14] batch jobs built elapsed_s=0.0 epoch=162 batch=5 jobs=128
[2026-06-05T13:55:14] batch run started epoch=162 batch=5 jobs=128
[2026-06-05T13:55:14] minibatch buffers cleared elapsed_s=0.003 jobs=128
[2026-06-05T13:55:14] minibatch manager run started jobs=128 workers=16
[2026-06-05T13:55:16] minibatch manager run finished elapsed_s=2.294 jobs=128
[2026-06-05T13:55:16] minibatch optimizer update finished elapsed_s=0.004 nsamples=128 skipped=3
[2026-06-05T13:55:16] batch run finished elapsed_s=2.303 epoch=162 batch=5 nsamples=128 accuracy=0.1172 loss=14.6562 skipped=3
[2026-06-05T13:55:20] batch build started epoch=162 batch=8 batches=8 first=897 last=1000
[2026-06-05T13:55:20] batch jobs built elapsed_s=0.0 epoch=162 batch=8 jobs=104
[2026-06-05T13:55:20] batch run started epoch=162 batch=8 jobs=104
[2026-06-05T13:55:20] minibatch buffers cleared elapsed_s=0.003 jobs=104
[2026-06-05T13:55:20] minibatch manager run started jobs=104 workers=16
[2026-06-05T13:55:22] minibatch manager run finished elapsed_s=1.786 jobs=104
[2026-06-05T13:55:22] minibatch optimizer update finished elapsed_s=0.005 nsamples=104 skipped=1
[2026-06-05T13:55:22] batch run finished elapsed_s=1.795 epoch=162 batch=8 nsamples=104 accuracy=0.0962 loss=15.8462 skipped=1
[2026-06-05T13:55:22] epoch training finished epoch=162 elapsed_s=16.768 train_accuracy=0.104 train_loss=14.692 skipped=17
[2026-06-05T13:55:22] epoch evaluation started epoch=162 samples=200
[2026-06-05T13:55:22] evaluation buffers cleared elapsed_s=0.0 samples=200
[2026-06-05T13:55:22] evaluation jobs built elapsed_s=0.0 jobs=200
[2026-06-05T13:55:22] evaluation manager run started jobs=200 workers=16
[2026-06-05T13:55:24] evaluation manager run finished elapsed_s=1.705 jobs=200
[2026-06-05T13:55:24] epoch evaluation finished elapsed_s=1.707 epoch=162 test_accuracy=0.425 test_loss=10.9
[2026-06-05T13:55:24] latest checkpoint saved elapsed_s=0.008 epoch=162 path=C:\Users\fenje\dev\InteractiveIsing.jl\ext\IsingLearning\experiments\MNIST\single-hidden-local-28x28-to-11x11-readout\experiments\current\20260605_radius_r10_to_r1_s25_b15_lr25_e200\fine_tuning\high_sweeps\s50_beta15_lr10\r10\latest_checkpoint.bin update_idx=1296
(timestamp = "2026-06-05T13:55:24", epoch = 162, seconds = 16.7679821, train_accuracy = 0.104, train_loss = 14.692f0, skipped = 17, test_accuracy = 0.425, test_loss = 10.9f0, pred_counts = "27-60-8-28-33-22-9-11-1-1", best_accuracy = 0.495, best_path = "C:\\Users\\fenje\\dev\\InteractiveIsing.jl\\ext\\IsingLearning\\experiments\\MNIST\\single-hidden-local-28x28-to-11x11-readout\\experiments\\current\\20260605_radius_r10_to_r1_s25_b15_lr25_e200\\fine_tuning\\high_sweeps\\s50_beta15_lr10\\r10\\best_params.bin", latest_path = "C:\\Users\\fenje\\dev\\InteractiveIsing.jl\\ext\\IsingLearning\\experiments\\MNIST\\single-hidden-local-28x28-to-11x11-readout\\experiments\\current\\20260605_radius_r10_to_r1_s25_b15_lr25_e200\\fine_tuning\\high_sweeps\\s50_beta15_lr10\\r10\\latest_checkpoint.bin", final_path = "")
[2026-06-05T13:55:24] epoch finished elapsed_s=18.485 epoch=162
[2026-06-05T13:55:24] epoch started epoch=163
[2026-06-05T13:55:24] epoch training started epoch=163 batches=8 samples=1000
[2026-06-05T13:55:24] batch build started epoch=163 batch=1 batches=8 first=1 last=128
[2026-06-05T13:55:24] batch jobs built elapsed_s=0.0 epoch=163 batch=1 jobs=128
[2026-06-05T13:55:24] batch run started epoch=163 batch=1 jobs=128
[2026-06-05T13:55:24] minibatch buffers cleared elapsed_s=0.003 jobs=128
[2026-06-05T13:55:24] minibatch manager run started jobs=128 workers=16
[2026-06-05T13:55:26] minibatch manager run finished elapsed_s=2.107 jobs=128
[2026-06-05T13:55:26] minibatch optimizer update finished elapsed_s=0.009 nsamples=128 skipped=0
[2026-06-05T13:55:26] batch run finished elapsed_s=2.119 epoch=163 batch=1 nsamples=128 accuracy=0.0703 loss=16.5781 skipped=0
[2026-06-05T13:55:32] batch build started epoch=163 batch=5 batches=8 first=513 last=640
[2026-06-05T13:55:32] batch jobs built elapsed_s=0.0 epoch=163 batch=5 jobs=128
[2026-06-05T13:55:32] batch run started epoch=163 batch=5 jobs=128
[2026-06-05T13:55:32] minibatch buffers cleared elapsed_s=0.003 jobs=128
[2026-06-05T13:55:32] minibatch manager run started jobs=128 workers=16
[2026-06-05T13:55:34] minibatch manager run finished elapsed_s=2.168 jobs=128
[2026-06-05T13:55:34] minibatch optimizer update finished elapsed_s=0.005 nsamples=128 skipped=4
[2026-06-05T13:55:34] batch run finished elapsed_s=2.176 epoch=163 batch=5 nsamples=128 accuracy=0.1328 loss=16.3594 skipped=4
[2026-06-05T13:55:39] batch build started epoch=163 batch=8 batches=8 first=897 last=1000
[2026-06-05T13:55:39] batch jobs built elapsed_s=0.0 epoch=163 batch=8 jobs=104
[2026-06-05T13:55:39] batch run started epoch=163 batch=8 jobs=104
[2026-06-05T13:55:39] minibatch buffers cleared elapsed_s=0.003 jobs=104
[2026-06-05T13:55:39] minibatch manager run started jobs=104 workers=16
[2026-06-05T13:55:40] minibatch manager run finished elapsed_s=1.723 jobs=104
[2026-06-05T13:55:40] minibatch optimizer update finished elapsed_s=0.004 nsamples=104 skipped=3
[2026-06-05T13:55:40] batch run finished elapsed_s=1.731 epoch=163 batch=8 nsamples=104 accuracy=0.0769 loss=16.3077 skipped=3
[2026-06-05T13:55:40] epoch training finished epoch=163 elapsed_s=16.581 train_accuracy=0.094 train_loss=16.256 skipped=28
[2026-06-05T13:55:40] epoch evaluation started epoch=163 samples=200
[2026-06-05T13:55:40] evaluation buffers cleared elapsed_s=0.0 samples=200
[2026-06-05T13:55:40] evaluation jobs built elapsed_s=0.0 jobs=200
[2026-06-05T13:55:40] evaluation manager run started jobs=200 workers=16
[2026-06-05T13:55:42] evaluation manager run finished elapsed_s=1.611 jobs=200
[2026-06-05T13:55:42] epoch evaluation finished elapsed_s=1.612 epoch=163 test_accuracy=0.44 test_loss=10.69
[2026-06-05T13:55:42] latest checkpoint saved elapsed_s=0.012 epoch=163 path=C:\Users\fenje\dev\InteractiveIsing.jl\ext\IsingLearning\experiments\MNIST\single-hidden-local-28x28-to-11x11-readout\experiments\current\20260605_radius_r10_to_r1_s25_b15_lr25_e200\fine_tuning\high_sweeps\s50_beta15_lr10\r10\latest_checkpoint.bin update_idx=1304
(timestamp = "2026-06-05T13:55:42", epoch = 163, seconds = 16.5808787, train_accuracy = 0.094, train_loss = 16.256f0, skipped = 28, test_accuracy = 0.44, test_loss = 10.69f0, pred_counts = "13-58-11-23-47-32-11-5-0-0", best_accuracy = 0.495, best_path = "C:\\Users\\fenje\\dev\\InteractiveIsing.jl\\ext\\IsingLearning\\experiments\\MNIST\\single-hidden-local-28x28-to-11x11-readout\\experiments\\current\\20260605_radius_r10_to_r1_s25_b15_lr25_e200\\fine_tuning\\high_sweeps\\s50_beta15_lr10\\r10\\best_params.bin", latest_path = "C:\\Users\\fenje\\dev\\InteractiveIsing.jl\\ext\\IsingLearning\\experiments\\MNIST\\single-hidden-local-28x28-to-11x11-readout\\experiments\\current\\20260605_radius_r10_to_r1_s25_b15_lr25_e200\\fine_tuning\\high_sweeps\\s50_beta15_lr10\\r10\\latest_checkpoint.bin", final_path = "")
[2026-06-05T13:55:42] epoch finished elapsed_s=18.205 epoch=163
[2026-06-05T13:55:42] epoch started epoch=164
[2026-06-05T13:55:42] epoch training started epoch=164 batches=8 samples=1000
[2026-06-05T13:55:42] batch build started epoch=164 batch=1 batches=8 first=1 last=128
[2026-06-05T13:55:42] batch jobs built elapsed_s=0.0 epoch=164 batch=1 jobs=128
[2026-06-05T13:55:42] batch run started epoch=164 batch=1 jobs=128
[2026-06-05T13:55:42] minibatch buffers cleared elapsed_s=0.003 jobs=128
[2026-06-05T13:55:42] minibatch manager run started jobs=128 workers=16
[2026-06-05T13:55:44] minibatch manager run finished elapsed_s=2.156 jobs=128
[2026-06-05T13:55:44] minibatch optimizer update finished elapsed_s=0.005 nsamples=128 skipped=6
[2026-06-05T13:55:44] batch run finished elapsed_s=2.165 epoch=164 batch=1 nsamples=128 accuracy=0.0859 loss=16.4531 skipped=6
[2026-06-05T13:55:50] batch build started epoch=164 batch=5 batches=8 first=513 last=640
[2026-06-05T13:55:50] batch jobs built elapsed_s=0.0 epoch=164 batch=5 jobs=128
[2026-06-05T13:55:50] batch run started epoch=164 batch=5 jobs=128
[2026-06-05T13:55:50] minibatch buffers cleared elapsed_s=0.003 jobs=128
[2026-06-05T13:55:50] minibatch manager run started jobs=128 workers=16
[2026-06-05T13:55:53] minibatch manager run finished elapsed_s=2.09 jobs=128
[2026-06-05T13:55:53] minibatch optimizer update finished elapsed_s=0.005 nsamples=128 skipped=8
[2026-06-05T13:55:53] batch run finished elapsed_s=2.098 epoch=164 batch=5 nsamples=128 accuracy=0.125 loss=16.1562 skipped=8
[2026-06-05T13:55:57] batch build started epoch=164 batch=8 batches=8 first=897 last=1000
[2026-06-05T13:55:57] batch jobs built elapsed_s=0.0 epoch=164 batch=8 jobs=104
[2026-06-05T13:55:57] batch run started epoch=164 batch=8 jobs=104
[2026-06-05T13:55:57] minibatch buffers cleared elapsed_s=0.003 jobs=104
[2026-06-05T13:55:57] minibatch manager run started jobs=104 workers=16
[2026-06-05T13:55:58] minibatch manager run finished elapsed_s=1.571 jobs=104
[2026-06-05T13:55:58] minibatch optimizer update finished elapsed_s=0.004 nsamples=104 skipped=5
[2026-06-05T13:55:58] batch run finished elapsed_s=1.578 epoch=164 batch=8 nsamples=104 accuracy=0.0962 loss=15.8846 skipped=5
[2026-06-05T13:55:58] epoch training finished epoch=164 elapsed_s=16.216 train_accuracy=0.105 train_loss=16.516 skipped=49
[2026-06-05T13:55:58] epoch evaluation started epoch=164 samples=200
[2026-06-05T13:55:58] evaluation buffers cleared elapsed_s=0.0 samples=200
[2026-06-05T13:55:58] evaluation jobs built elapsed_s=0.0 jobs=200
[2026-06-05T13:55:58] evaluation manager run started jobs=200 workers=16
[2026-06-05T13:56:00] evaluation manager run finished elapsed_s=1.49 jobs=200
[2026-06-05T13:56:00] epoch evaluation finished elapsed_s=1.49 epoch=164 test_accuracy=0.45 test_loss=10.1
[2026-06-05T13:56:00] latest checkpoint saved elapsed_s=0.012 epoch=164 path=C:\Users\fenje\dev\InteractiveIsing.jl\ext\IsingLearning\experiments\MNIST\single-hidden-local-28x28-to-11x11-readout\experiments\current\20260605_radius_r10_to_r1_s25_b15_lr25_e200\fine_tuning\high_sweeps\s50_beta15_lr10\r10\latest_checkpoint.bin update_idx=1312
(timestamp = "2026-06-05T13:56:00", epoch = 164, seconds = 16.2155723, train_accuracy = 0.105, train_loss = 16.516f0, skipped = 49, test_accuracy = 0.45, test_loss = 10.1f0, pred_counts = "8-29-21-19-67-32-12-5-4-3", best_accuracy = 0.495, best_path = "C:\\Users\\fenje\\dev\\InteractiveIsing.jl\\ext\\IsingLearning\\experiments\\MNIST\\single-hidden-local-28x28-to-11x11-readout\\experiments\\current\\20260605_radius_r10_to_r1_s25_b15_lr25_e200\\fine_tuning\\high_sweeps\\s50_beta15_lr10\\r10\\best_params.bin", latest_path = "C:\\Users\\fenje\\dev\\InteractiveIsing.jl\\ext\\IsingLearning\\experiments\\MNIST\\single-hidden-local-28x28-to-11x11-readout\\experiments\\current\\20260605_radius_r10_to_r1_s25_b15_lr25_e200\\fine_tuning\\high_sweeps\\s50_beta15_lr10\\r10\\latest_checkpoint.bin", final_path = "")
[2026-06-05T13:56:00] epoch finished elapsed_s=17.718 epoch=164
[2026-06-05T13:56:00] epoch started epoch=165
[2026-06-05T13:56:00] epoch training started epoch=165 batches=8 samples=1000
[2026-06-05T13:56:00] batch build started epoch=165 batch=1 batches=8 first=1 last=128
[2026-06-05T13:56:00] batch jobs built elapsed_s=0.0 epoch=165 batch=1 jobs=128
[2026-06-05T13:56:00] batch run started epoch=165 batch=1 jobs=128
[2026-06-05T13:56:00] minibatch buffers cleared elapsed_s=0.003 jobs=128
[2026-06-05T13:56:00] minibatch manager run started jobs=128 workers=16
[2026-06-05T13:56:02] minibatch manager run finished elapsed_s=2.059 jobs=128
[2026-06-05T13:56:02] minibatch optimizer update finished elapsed_s=0.005 nsamples=128 skipped=5
[2026-06-05T13:56:02] batch run finished elapsed_s=2.068 epoch=165 batch=1 nsamples=128 accuracy=0.1016 loss=16.125 skipped=5
[2026-06-05T13:56:08] batch build started epoch=165 batch=5 batches=8 first=513 last=640
[2026-06-05T13:56:08] batch jobs built elapsed_s=0.0 epoch=165 batch=5 jobs=128
[2026-06-05T13:56:08] batch run started epoch=165 batch=5 jobs=128
[2026-06-05T13:56:08] minibatch buffers cleared elapsed_s=0.003 jobs=128
[2026-06-05T13:56:08] minibatch manager run started jobs=128 workers=16
[2026-06-05T13:56:10] minibatch manager run finished elapsed_s=2.09 jobs=128
[2026-06-05T13:56:10] minibatch optimizer update finished elapsed_s=0.008 nsamples=128 skipped=5
[2026-06-05T13:56:10] batch run finished elapsed_s=2.101 epoch=165 batch=5 nsamples=128 accuracy=0.1016 loss=14.7344 skipped=5
[2026-06-05T13:56:14] batch build started epoch=165 batch=8 batches=8 first=897 last=1000
[2026-06-05T13:56:14] batch jobs built elapsed_s=0.0 epoch=165 batch=8 jobs=104
[2026-06-05T13:56:14] batch run started epoch=165 batch=8 jobs=104
[2026-06-05T13:56:14] minibatch buffers cleared elapsed_s=0.003 jobs=104
[2026-06-05T13:56:14] minibatch manager run started jobs=104 workers=16
[2026-06-05T13:56:16] minibatch manager run finished elapsed_s=1.748 jobs=104
[2026-06-05T13:56:16] minibatch optimizer update finished elapsed_s=0.009 nsamples=104 skipped=1
[2026-06-05T13:56:16] batch run finished elapsed_s=1.76 epoch=165 batch=8 nsamples=104 accuracy=0.0962 loss=14.75 skipped=1
[2026-06-05T13:56:16] epoch training finished epoch=165 elapsed_s=16.419 train_accuracy=0.102 train_loss=14.952 skipped=34
[2026-06-05T13:56:16] epoch evaluation started epoch=165 samples=200
[2026-06-05T13:56:16] evaluation buffers cleared elapsed_s=0.0 samples=200
[2026-06-05T13:56:16] evaluation jobs built elapsed_s=0.0 jobs=200
[2026-06-05T13:56:16] evaluation manager run started jobs=200 workers=16
[2026-06-05T13:56:18] evaluation manager run finished elapsed_s=1.577 jobs=200
[2026-06-05T13:56:18] epoch evaluation finished elapsed_s=1.579 epoch=165 test_accuracy=0.385 test_loss=10.89
[2026-06-05T13:56:18] latest checkpoint saved elapsed_s=0.007 epoch=165 path=C:\Users\fenje\dev\InteractiveIsing.jl\ext\IsingLearning\experiments\MNIST\single-hidden-local-28x28-to-11x11-readout\experiments\current\20260605_radius_r10_to_r1_s25_b15_lr25_e200\fine_tuning\high_sweeps\s50_beta15_lr10\r10\latest_checkpoint.bin update_idx=1320
(timestamp = "2026-06-05T13:56:18", epoch = 165, seconds = 16.419444, train_accuracy = 0.102, train_loss = 14.952f0, skipped = 34, test_accuracy = 0.385, test_loss = 10.89f0, pred_counts = "11-4-27-13-83-32-15-5-6-4", best_accuracy = 0.495, best_path = "C:\\Users\\fenje\\dev\\InteractiveIsing.jl\\ext\\IsingLearning\\experiments\\MNIST\\single-hidden-local-28x28-to-11x11-readout\\experiments\\current\\20260605_radius_r10_to_r1_s25_b15_lr25_e200\\fine_tuning\\high_sweeps\\s50_beta15_lr10\\r10\\best_params.bin", latest_path = "C:\\Users\\fenje\\dev\\InteractiveIsing.jl\\ext\\IsingLearning\\experiments\\MNIST\\single-hidden-local-28x28-to-11x11-readout\\experiments\\current\\20260605_radius_r10_to_r1_s25_b15_lr25_e200\\fine_tuning\\high_sweeps\\s50_beta15_lr10\\r10\\latest_checkpoint.bin", final_path = "")
[2026-06-05T13:56:18] epoch finished elapsed_s=18.006 epoch=165
[2026-06-05T13:56:18] epoch started epoch=166
[2026-06-05T13:56:18] epoch training started epoch=166 batches=8 samples=1000
[2026-06-05T13:56:18] batch build started epoch=166 batch=1 batches=8 first=1 last=128
[2026-06-05T13:56:18] batch jobs built elapsed_s=0.0 epoch=166 batch=1 jobs=128
[2026-06-05T13:56:18] batch run started epoch=166 batch=1 jobs=128
[2026-06-05T13:56:18] minibatch buffers cleared elapsed_s=0.002 jobs=128
[2026-06-05T13:56:18] minibatch manager run started jobs=128 workers=16
[2026-06-05T13:56:20] minibatch manager run finished elapsed_s=2.098 jobs=128
[2026-06-05T13:56:20] minibatch optimizer update finished elapsed_s=0.004 nsamples=128 skipped=7
[2026-06-05T13:56:20] batch run finished elapsed_s=2.106 epoch=166 batch=1 nsamples=128 accuracy=0.1328 loss=13.8906 skipped=7
[2026-06-05T13:56:26] batch build started epoch=166 batch=5 batches=8 first=513 last=640
[2026-06-05T13:56:26] batch jobs built elapsed_s=0.0 epoch=166 batch=5 jobs=128
[2026-06-05T13:56:26] batch run started epoch=166 batch=5 jobs=128
[2026-06-05T13:56:26] minibatch buffers cleared elapsed_s=0.002 jobs=128
[2026-06-05T13:56:26] minibatch manager run started jobs=128 workers=16
[2026-06-05T13:56:28] minibatch manager run finished elapsed_s=2.169 jobs=128
[2026-06-05T13:56:28] minibatch optimizer update finished elapsed_s=0.004 nsamples=128 skipped=4
[2026-06-05T13:56:28] batch run finished elapsed_s=2.178 epoch=166 batch=5 nsamples=128 accuracy=0.1016 loss=14.0 skipped=4
[2026-06-05T13:56:32] batch build started epoch=166 batch=8 batches=8 first=897 last=1000
[2026-06-05T13:56:32] batch jobs built elapsed_s=0.0 epoch=166 batch=8 jobs=104
[2026-06-05T13:56:32] batch run started epoch=166 batch=8 jobs=104
[2026-06-05T13:56:32] minibatch buffers cleared elapsed_s=0.003 jobs=104
[2026-06-05T13:56:32] minibatch manager run started jobs=104 workers=16
[2026-06-05T13:56:34] minibatch manager run finished elapsed_s=1.789 jobs=104
[2026-06-05T13:56:34] minibatch optimizer update finished elapsed_s=0.009 nsamples=104 skipped=0
[2026-06-05T13:56:34] batch run finished elapsed_s=1.801 epoch=166 batch=8 nsamples=104 accuracy=0.0577 loss=15.0 skipped=0
[2026-06-05T13:56:34] epoch training finished epoch=166 elapsed_s=16.614 train_accuracy=0.101 train_loss=14.248 skipped=25
[2026-06-05T13:56:34] epoch evaluation started epoch=166 samples=200
[2026-06-05T13:56:34] evaluation buffers cleared elapsed_s=0.0 samples=200
[2026-06-05T13:56:34] evaluation jobs built elapsed_s=0.0 jobs=200
[2026-06-05T13:56:34] evaluation manager run started jobs=200 workers=16
[2026-06-05T13:56:36] evaluation manager run finished elapsed_s=1.558 jobs=200
[2026-06-05T13:56:36] epoch evaluation finished elapsed_s=1.559 epoch=166 test_accuracy=0.4 test_loss=10.75
[2026-06-05T13:56:36] latest checkpoint saved elapsed_s=0.008 epoch=166 path=C:\Users\fenje\dev\InteractiveIsing.jl\ext\IsingLearning\experiments\MNIST\single-hidden-local-28x28-to-11x11-readout\experiments\current\20260605_radius_r10_to_r1_s25_b15_lr25_e200\fine_tuning\high_sweeps\s50_beta15_lr10\r10\latest_checkpoint.bin update_idx=1328
(timestamp = "2026-06-05T13:56:36", epoch = 166, seconds = 16.61396, train_accuracy = 0.101, train_loss = 14.248f0, skipped = 25, test_accuracy = 0.4, test_loss = 10.75f0, pred_counts = "31-0-28-14-50-26-17-15-14-5", best_accuracy = 0.495, best_path = "C:\\Users\\fenje\\dev\\InteractiveIsing.jl\\ext\\IsingLearning\\experiments\\MNIST\\single-hidden-local-28x28-to-11x11-readout\\experiments\\current\\20260605_radius_r10_to_r1_s25_b15_lr25_e200\\fine_tuning\\high_sweeps\\s50_beta15_lr10\\r10\\best_params.bin", latest_path = "C:\\Users\\fenje\\dev\\InteractiveIsing.jl\\ext\\IsingLearning\\experiments\\MNIST\\single-hidden-local-28x28-to-11x11-readout\\experiments\\current\\20260605_radius_r10_to_r1_s25_b15_lr25_e200\\fine_tuning\\high_sweeps\\s50_beta15_lr10\\r10\\latest_checkpoint.bin", final_path = "")
[2026-06-05T13:56:36] epoch finished elapsed_s=18.181 epoch=166
[2026-06-05T13:56:36] epoch started epoch=167
[2026-06-05T13:56:36] epoch training started epoch=167 batches=8 samples=1000
[2026-06-05T13:56:36] batch build started epoch=167 batch=1 batches=8 first=1 last=128
[2026-06-05T13:56:36] batch jobs built elapsed_s=0.0 epoch=167 batch=1 jobs=128
[2026-06-05T13:56:36] batch run started epoch=167 batch=1 jobs=128
[2026-06-05T13:56:36] minibatch buffers cleared elapsed_s=0.004 jobs=128
[2026-06-05T13:56:36] minibatch manager run started jobs=128 workers=16
[2026-06-05T13:56:38] minibatch manager run finished elapsed_s=2.063 jobs=128
[2026-06-05T13:56:38] minibatch optimizer update finished elapsed_s=0.004 nsamples=128 skipped=2
[2026-06-05T13:56:38] batch run finished elapsed_s=2.071 epoch=167 batch=1 nsamples=128 accuracy=0.1016 loss=14.25 skipped=2
[2026-06-05T13:56:44] batch build started epoch=167 batch=5 batches=8 first=513 last=640
[2026-06-05T13:56:44] batch jobs built elapsed_s=0.0 epoch=167 batch=5 jobs=128
[2026-06-05T13:56:44] batch run started epoch=167 batch=5 jobs=128
[2026-06-05T13:56:44] minibatch buffers cleared elapsed_s=0.002 jobs=128
[2026-06-05T13:56:44] minibatch manager run started jobs=128 workers=16
[2026-06-05T13:56:46] minibatch manager run finished elapsed_s=2.071 jobs=128
[2026-06-05T13:56:46] minibatch optimizer update finished elapsed_s=0.004 nsamples=128 skipped=2
[2026-06-05T13:56:46] batch run finished elapsed_s=2.079 epoch=167 batch=5 nsamples=128 accuracy=0.1172 loss=14.8438 skipped=2
[2026-06-05T13:56:50] batch build started epoch=167 batch=8 batches=8 first=897 last=1000
[2026-06-05T13:56:50] batch jobs built elapsed_s=0.0 epoch=167 batch=8 jobs=104
[2026-06-05T13:56:50] batch run started epoch=167 batch=8 jobs=104
[2026-06-05T13:56:50] minibatch buffers cleared elapsed_s=0.003 jobs=104
[2026-06-05T13:56:50] minibatch manager run started jobs=104 workers=16
[2026-06-05T13:56:52] minibatch manager run finished elapsed_s=1.697 jobs=104
[2026-06-05T13:56:52] minibatch optimizer update finished elapsed_s=0.003 nsamples=104 skipped=3
[2026-06-05T13:56:52] batch run finished elapsed_s=1.705 epoch=167 batch=8 nsamples=104 accuracy=0.1827 loss=13.6154 skipped=3
[2026-06-05T13:56:52] epoch training finished epoch=167 elapsed_s=16.102 train_accuracy=0.111 train_loss=14.678 skipped=20
[2026-06-05T13:56:52] epoch evaluation started epoch=167 samples=200
[2026-06-05T13:56:52] evaluation buffers cleared elapsed_s=0.0 samples=200
[2026-06-05T13:56:52] evaluation jobs built elapsed_s=0.0 jobs=200
[2026-06-05T13:56:52] evaluation manager run started jobs=200 workers=16
[2026-06-05T13:56:54] evaluation manager run finished elapsed_s=1.568 jobs=200
[2026-06-05T13:56:54] epoch evaluation finished elapsed_s=1.568 epoch=167 test_accuracy=0.39 test_loss=10.35
[2026-06-05T13:56:54] latest checkpoint saved elapsed_s=0.008 epoch=167 path=C:\Users\fenje\dev\InteractiveIsing.jl\ext\IsingLearning\experiments\MNIST\single-hidden-local-28x28-to-11x11-readout\experiments\current\20260605_radius_r10_to_r1_s25_b15_lr25_e200\fine_tuning\high_sweeps\s50_beta15_lr10\r10\latest_checkpoint.bin update_idx=1336
(timestamp = "2026-06-05T13:56:54", epoch = 167, seconds = 16.1016223, train_accuracy = 0.111, train_loss = 14.678f0, skipped = 20, test_accuracy = 0.39, test_loss = 10.35f0, pred_counts = "42-0-28-23-19-34-17-19-14-4", best_accuracy = 0.495, best_path = "C:\\Users\\fenje\\dev\\InteractiveIsing.jl\\ext\\IsingLearning\\experiments\\MNIST\\single-hidden-local-28x28-to-11x11-readout\\experiments\\current\\20260605_radius_r10_to_r1_s25_b15_lr25_e200\\fine_tuning\\high_sweeps\\s50_beta15_lr10\\r10\\best_params.bin", latest_path = "C:\\Users\\fenje\\dev\\InteractiveIsing.jl\\ext\\IsingLearning\\experiments\\MNIST\\single-hidden-local-28x28-to-11x11-readout\\experiments\\current\\20260605_radius_r10_to_r1_s25_b15_lr25_e200\\fine_tuning\\high_sweeps\\s50_beta15_lr10\\r10\\latest_checkpoint.bin", final_path = "")
[2026-06-05T13:56:54] epoch finished elapsed_s=17.68 epoch=167
[2026-06-05T13:56:54] epoch started epoch=168
[2026-06-05T13:56:54] epoch training started epoch=168 batches=8 samples=1000
[2026-06-05T13:56:54] batch build started epoch=168 batch=1 batches=8 first=1 last=128
[2026-06-05T13:56:54] batch jobs built elapsed_s=0.0 epoch=168 batch=1 jobs=128
[2026-06-05T13:56:54] batch run started epoch=168 batch=1 jobs=128
[2026-06-05T13:56:54] minibatch buffers cleared elapsed_s=0.003 jobs=128
[2026-06-05T13:56:54] minibatch manager run started jobs=128 workers=16
[2026-06-05T13:56:56] minibatch manager run finished elapsed_s=2.184 jobs=128
[2026-06-05T13:56:56] minibatch optimizer update finished elapsed_s=0.009 nsamples=128 skipped=3
[2026-06-05T13:56:56] batch run finished elapsed_s=2.197 epoch=168 batch=1 nsamples=128 accuracy=0.1406 loss=14.3125 skipped=3
[2026-06-05T13:57:02] batch build started epoch=168 batch=5 batches=8 first=513 last=640
[2026-06-05T13:57:02] batch jobs built elapsed_s=0.0 epoch=168 batch=5 jobs=128
[2026-06-05T13:57:02] batch run started epoch=168 batch=5 jobs=128
[2026-06-05T13:57:02] minibatch buffers cleared elapsed_s=0.004 jobs=128
[2026-06-05T13:57:02] minibatch manager run started jobs=128 workers=16
[2026-06-05T13:57:04] minibatch manager run finished elapsed_s=2.165 jobs=128
[2026-06-05T13:57:04] minibatch optimizer update finished elapsed_s=0.004 nsamples=128 skipped=4
[2026-06-05T13:57:04] batch run finished elapsed_s=2.174 epoch=168 batch=5 nsamples=128 accuracy=0.125 loss=14.2188 skipped=4
[2026-06-05T13:57:09] batch build started epoch=168 batch=8 batches=8 first=897 last=1000
[2026-06-05T13:57:09] batch jobs built elapsed_s=0.0 epoch=168 batch=8 jobs=104
[2026-06-05T13:57:09] batch run started epoch=168 batch=8 jobs=104
[2026-06-05T13:57:09] minibatch buffers cleared elapsed_s=0.002 jobs=104
[2026-06-05T13:57:09] minibatch manager run started jobs=104 workers=16
[2026-06-05T13:57:11] minibatch manager run finished elapsed_s=1.759 jobs=104
[2026-06-05T13:57:11] minibatch optimizer update finished elapsed_s=0.004 nsamples=104 skipped=2
[2026-06-05T13:57:11] batch run finished elapsed_s=1.767 epoch=168 batch=8 nsamples=104 accuracy=0.1538 loss=13.4038 skipped=2
[2026-06-05T13:57:11] epoch training finished epoch=168 elapsed_s=17.096 train_accuracy=0.101 train_loss=14.718 skipped=16
[2026-06-05T13:57:11] epoch evaluation started epoch=168 samples=200
[2026-06-05T13:57:11] evaluation buffers cleared elapsed_s=0.0 samples=200
[2026-06-05T13:57:11] evaluation jobs built elapsed_s=0.0 jobs=200
[2026-06-05T13:57:11] evaluation manager run started jobs=200 workers=16
[2026-06-05T13:57:12] evaluation manager run finished elapsed_s=1.59 jobs=200
[2026-06-05T13:57:12] epoch evaluation finished elapsed_s=1.59 epoch=168 test_accuracy=0.37 test_loss=10.5
[2026-06-05T13:57:12] latest checkpoint saved elapsed_s=0.011 epoch=168 path=C:\Users\fenje\dev\InteractiveIsing.jl\ext\IsingLearning\experiments\MNIST\single-hidden-local-28x28-to-11x11-readout\experiments\current\20260605_radius_r10_to_r1_s25_b15_lr25_e200\fine_tuning\high_sweeps\s50_beta15_lr10\r10\latest_checkpoint.bin update_idx=1344
(timestamp = "2026-06-05T13:57:12", epoch = 168, seconds = 17.0958345, train_accuracy = 0.101, train_loss = 14.718f0, skipped = 16, test_accuracy = 0.37, test_loss = 10.5f0, pred_counts = "29-0-37-42-13-35-16-24-4-0", best_accuracy = 0.495, best_path = "C:\\Users\\fenje\\dev\\InteractiveIsing.jl\\ext\\IsingLearning\\experiments\\MNIST\\single-hidden-local-28x28-to-11x11-readout\\experiments\\current\\20260605_radius_r10_to_r1_s25_b15_lr25_e200\\fine_tuning\\high_sweeps\\s50_beta15_lr10\\r10\\best_params.bin", latest_path = "C:\\Users\\fenje\\dev\\InteractiveIsing.jl\\ext\\IsingLearning\\experiments\\MNIST\\single-hidden-local-28x28-to-11x11-readout\\experiments\\current\\20260605_radius_r10_to_r1_s25_b15_lr25_e200\\fine_tuning\\high_sweeps\\s50_beta15_lr10\\r10\\latest_checkpoint.bin", final_path = "")
[2026-06-05T13:57:12] epoch finished elapsed_s=18.699 epoch=168
[2026-06-05T13:57:12] epoch started epoch=169
[2026-06-05T13:57:12] epoch training started epoch=169 batches=8 samples=1000
[2026-06-05T13:57:12] batch build started epoch=169 batch=1 batches=8 first=1 last=128
[2026-06-05T13:57:12] batch jobs built elapsed_s=0.0 epoch=169 batch=1 jobs=128
[2026-06-05T13:57:12] batch run started epoch=169 batch=1 jobs=128
[2026-06-05T13:57:12] minibatch buffers cleared elapsed_s=0.002 jobs=128
[2026-06-05T13:57:12] minibatch manager run started jobs=128 workers=16
[2026-06-05T13:57:14] minibatch manager run finished elapsed_s=2.206 jobs=128
[2026-06-05T13:57:14] minibatch optimizer update finished elapsed_s=0.005 nsamples=128 skipped=1
[2026-06-05T13:57:14] batch run finished elapsed_s=2.213 epoch=169 batch=1 nsamples=128 accuracy=0.1172 loss=13.8125 skipped=1
[2026-06-05T13:57:21] batch build started epoch=169 batch=5 batches=8 first=513 last=640
[2026-06-05T13:57:21] batch jobs built elapsed_s=0.0 epoch=169 batch=5 jobs=128
[2026-06-05T13:57:21] batch run started epoch=169 batch=5 jobs=128
[2026-06-05T13:57:21] minibatch buffers cleared elapsed_s=0.003 jobs=128
[2026-06-05T13:57:21] minibatch manager run started jobs=128 workers=16
[2026-06-05T13:57:23] minibatch manager run finished elapsed_s=2.115 jobs=128
[2026-06-05T13:57:23] minibatch optimizer update finished elapsed_s=0.004 nsamples=128 skipped=6
[2026-06-05T13:57:23] batch run finished elapsed_s=2.123 epoch=169 batch=5 nsamples=128 accuracy=0.1016 loss=12.75 skipped=6
[2026-06-05T13:57:27] batch build started epoch=169 batch=8 batches=8 first=897 last=1000
[2026-06-05T13:57:27] batch jobs built elapsed_s=0.0 epoch=169 batch=8 jobs=104
[2026-06-05T13:57:27] batch run started epoch=169 batch=8 jobs=104
[2026-06-05T13:57:27] minibatch buffers cleared elapsed_s=0.003 jobs=104
[2026-06-05T13:57:27] minibatch manager run started jobs=104 workers=16
[2026-06-05T13:57:29] minibatch manager run finished elapsed_s=1.718 jobs=104
[2026-06-05T13:57:29] minibatch optimizer update finished elapsed_s=0.009 nsamples=104 skipped=0
[2026-06-05T13:57:29] batch run finished elapsed_s=1.731 epoch=169 batch=8 nsamples=104 accuracy=0.0673 loss=13.9615 skipped=0
[2026-06-05T13:57:29] epoch training finished epoch=169 elapsed_s=16.677 train_accuracy=0.094 train_loss=13.438 skipped=23
[2026-06-05T13:57:29] epoch evaluation started epoch=169 samples=200
[2026-06-05T13:57:29] evaluation buffers cleared elapsed_s=0.0 samples=200
[2026-06-05T13:57:29] evaluation jobs built elapsed_s=0.0 jobs=200
[2026-06-05T13:57:29] evaluation manager run started jobs=200 workers=16
[2026-06-05T13:57:30] evaluation manager run finished elapsed_s=1.583 jobs=200
[2026-06-05T13:57:30] epoch evaluation finished elapsed_s=1.583 epoch=169 test_accuracy=0.37 test_loss=10.84
[2026-06-05T13:57:31] latest checkpoint saved elapsed_s=0.006 epoch=169 path=C:\Users\fenje\dev\InteractiveIsing.jl\ext\IsingLearning\experiments\MNIST\single-hidden-local-28x28-to-11x11-readout\experiments\current\20260605_radius_r10_to_r1_s25_b15_lr25_e200\fine_tuning\high_sweeps\s50_beta15_lr10\r10\latest_checkpoint.bin update_idx=1352
(timestamp = "2026-06-05T13:57:31", epoch = 169, seconds = 16.6767512, train_accuracy = 0.094, train_loss = 13.438f0, skipped = 23, test_accuracy = 0.37, test_loss = 10.84f0, pred_counts = "32-0-39-47-4-30-15-18-13-2", best_accuracy = 0.495, best_path = "C:\\Users\\fenje\\dev\\InteractiveIsing.jl\\ext\\IsingLearning\\experiments\\MNIST\\single-hidden-local-28x28-to-11x11-readout\\experiments\\current\\20260605_radius_r10_to_r1_s25_b15_lr25_e200\\fine_tuning\\high_sweeps\\s50_beta15_lr10\\r10\\best_params.bin", latest_path = "C:\\Users\\fenje\\dev\\InteractiveIsing.jl\\ext\\IsingLearning\\experiments\\MNIST\\single-hidden-local-28x28-to-11x11-readout\\experiments\\current\\20260605_radius_r10_to_r1_s25_b15_lr25_e200\\fine_tuning\\high_sweeps\\s50_beta15_lr10\\r10\\latest_checkpoint.bin", final_path = "")
[2026-06-05T13:57:31] epoch finished elapsed_s=18.268 epoch=169
[2026-06-05T13:57:31] epoch started epoch=170
[2026-06-05T13:57:31] epoch training started epoch=170 batches=8 samples=1000
[2026-06-05T13:57:31] batch build started epoch=170 batch=1 batches=8 first=1 last=128
[2026-06-05T13:57:31] batch jobs built elapsed_s=0.0 epoch=170 batch=1 jobs=128
[2026-06-05T13:57:31] batch run started epoch=170 batch=1 jobs=128
[2026-06-05T13:57:31] minibatch buffers cleared elapsed_s=0.003 jobs=128
[2026-06-05T13:57:31] minibatch manager run started jobs=128 workers=16
[2026-06-05T13:57:33] minibatch manager run finished elapsed_s=2.154 jobs=128
[2026-06-05T13:57:33] minibatch optimizer update finished elapsed_s=0.005 nsamples=128 skipped=7
[2026-06-05T13:57:33] batch run finished elapsed_s=2.162 epoch=170 batch=1 nsamples=128 accuracy=0.0938 loss=13.7188 skipped=7
[2026-06-05T13:57:39] batch build started epoch=170 batch=5 batches=8 first=513 last=640
[2026-06-05T13:57:39] batch jobs built elapsed_s=0.0 epoch=170 batch=5 jobs=128
[2026-06-05T13:57:39] batch run started epoch=170 batch=5 jobs=128
[2026-06-05T13:57:39] minibatch buffers cleared elapsed_s=0.003 jobs=128
[2026-06-05T13:57:39] minibatch manager run started jobs=128 workers=16
[2026-06-05T13:57:41] minibatch manager run finished elapsed_s=2.112 jobs=128
[2026-06-05T13:57:41] minibatch optimizer update finished elapsed_s=0.009 nsamples=128 skipped=3
[2026-06-05T13:57:41] batch run finished elapsed_s=2.127 epoch=170 batch=5 nsamples=128 accuracy=0.0938 loss=14.375 skipped=3
[2026-06-05T13:57:45] batch build started epoch=170 batch=8 batches=8 first=897 last=1000
[2026-06-05T13:57:45] batch jobs built elapsed_s=0.0 epoch=170 batch=8 jobs=104
[2026-06-05T13:57:45] batch run started epoch=170 batch=8 jobs=104
[2026-06-05T13:57:45] minibatch buffers cleared elapsed_s=0.003 jobs=104
[2026-06-05T13:57:45] minibatch manager run started jobs=104 workers=16
[2026-06-05T13:57:47] minibatch manager run finished elapsed_s=1.745 jobs=104
[2026-06-05T13:57:47] minibatch optimizer update finished elapsed_s=0.004 nsamples=104 skipped=1
[2026-06-05T13:57:47] batch run finished elapsed_s=1.753 epoch=170 batch=8 nsamples=104 accuracy=0.0865 loss=15.4615 skipped=1
[2026-06-05T13:57:47] epoch training finished epoch=170 elapsed_s=16.391 train_accuracy=0.102 train_loss=14.326 skipped=40
[2026-06-05T13:57:47] epoch evaluation started epoch=170 samples=200
[2026-06-05T13:57:47] evaluation buffers cleared elapsed_s=0.0 samples=200
[2026-06-05T13:57:47] evaluation jobs built elapsed_s=0.0 jobs=200
[2026-06-05T13:57:47] evaluation manager run started jobs=200 workers=16
[2026-06-05T13:57:48] evaluation manager run finished elapsed_s=1.57 jobs=200
[2026-06-05T13:57:48] epoch evaluation finished elapsed_s=1.571 epoch=170 test_accuracy=0.395 test_loss=10.48
[2026-06-05T13:57:48] latest checkpoint saved elapsed_s=0.008 epoch=170 path=C:\Users\fenje\dev\InteractiveIsing.jl\ext\IsingLearning\experiments\MNIST\single-hidden-local-28x28-to-11x11-readout\experiments\current\20260605_radius_r10_to_r1_s25_b15_lr25_e200\fine_tuning\high_sweeps\s50_beta15_lr10\r10\latest_checkpoint.bin update_idx=1360
(timestamp = "2026-06-05T13:57:48", epoch = 170, seconds = 16.3914877, train_accuracy = 0.102, train_loss = 14.326f0, skipped = 40, test_accuracy = 0.395, test_loss = 10.48f0, pred_counts = "33-0-29-26-10-40-18-17-18-9", best_accuracy = 0.495, best_path = "C:\\Users\\fenje\\dev\\InteractiveIsing.jl\\ext\\IsingLearning\\experiments\\MNIST\\single-hidden-local-28x28-to-11x11-readout\\experiments\\current\\20260605_radius_r10_to_r1_s25_b15_lr25_e200\\fine_tuning\\high_sweeps\\s50_beta15_lr10\\r10\\best_params.bin", latest_path = "C:\\Users\\fenje\\dev\\InteractiveIsing.jl\\ext\\IsingLearning\\experiments\\MNIST\\single-hidden-local-28x28-to-11x11-readout\\experiments\\current\\20260605_radius_r10_to_r1_s25_b15_lr25_e200\\fine_tuning\\high_sweeps\\s50_beta15_lr10\\r10\\latest_checkpoint.bin", final_path = "")
[2026-06-05T13:57:48] epoch finished elapsed_s=17.973 epoch=170
[2026-06-05T13:57:48] epoch started epoch=171
[2026-06-05T13:57:48] epoch training started epoch=171 batches=8 samples=1000
[2026-06-05T13:57:48] batch build started epoch=171 batch=1 batches=8 first=1 last=128
[2026-06-05T13:57:48] batch jobs built elapsed_s=0.0 epoch=171 batch=1 jobs=128
[2026-06-05T13:57:48] batch run started epoch=171 batch=1 jobs=128
[2026-06-05T13:57:48] minibatch buffers cleared elapsed_s=0.003 jobs=128
[2026-06-05T13:57:48] minibatch manager run started jobs=128 workers=16
[2026-06-05T13:57:51] minibatch manager run finished elapsed_s=2.149 jobs=128
[2026-06-05T13:57:51] minibatch optimizer update finished elapsed_s=0.084 nsamples=128 skipped=2
[2026-06-05T13:57:51] batch run finished elapsed_s=2.237 epoch=171 batch=1 nsamples=128 accuracy=0.0859 loss=15.1875 skipped=2
[2026-06-05T13:57:57] batch build started epoch=171 batch=5 batches=8 first=513 last=640
[2026-06-05T13:57:57] batch jobs built elapsed_s=0.0 epoch=171 batch=5 jobs=128
[2026-06-05T13:57:57] batch run started epoch=171 batch=5 jobs=128
[2026-06-05T13:57:57] minibatch buffers cleared elapsed_s=0.003 jobs=128
[2026-06-05T13:57:57] minibatch manager run started jobs=128 workers=16
[2026-06-05T13:57:59] minibatch manager run finished elapsed_s=2.032 jobs=128
[2026-06-05T13:57:59] minibatch optimizer update finished elapsed_s=0.011 nsamples=128 skipped=5
[2026-06-05T13:57:59] batch run finished elapsed_s=2.046 epoch=171 batch=5 nsamples=128 accuracy=0.1094 loss=15.1094 skipped=5
[2026-06-05T13:58:03] batch build started epoch=171 batch=8 batches=8 first=897 last=1000
[2026-06-05T13:58:03] batch jobs built elapsed_s=0.0 epoch=171 batch=8 jobs=104
[2026-06-05T13:58:03] batch run started epoch=171 batch=8 jobs=104
[2026-06-05T13:58:03] minibatch buffers cleared elapsed_s=0.003 jobs=104
[2026-06-05T13:58:03] minibatch manager run started jobs=104 workers=16
[2026-06-05T13:58:05] minibatch manager run finished elapsed_s=1.726 jobs=104
[2026-06-05T13:58:05] minibatch optimizer update finished elapsed_s=0.004 nsamples=104 skipped=5
[2026-06-05T13:58:05] batch run finished elapsed_s=1.734 epoch=171 batch=8 nsamples=104 accuracy=0.1346 loss=14.4231 skipped=5
[2026-06-05T13:58:05] epoch training finished epoch=171 elapsed_s=16.299 train_accuracy=0.105 train_loss=14.994 skipped=32
[2026-06-05T13:58:05] epoch evaluation started epoch=171 samples=200
[2026-06-05T13:58:05] evaluation buffers cleared elapsed_s=0.0 samples=200
[2026-06-05T13:58:05] evaluation jobs built elapsed_s=0.0 jobs=200
[2026-06-05T13:58:05] evaluation manager run started jobs=200 workers=16
[2026-06-05T13:58:06] evaluation manager run finished elapsed_s=1.624 jobs=200
[2026-06-05T13:58:06] epoch evaluation finished elapsed_s=1.626 epoch=171 test_accuracy=0.37 test_loss=10.06
[2026-06-05T13:58:06] latest checkpoint saved elapsed_s=0.006 epoch=171 path=C:\Users\fenje\dev\InteractiveIsing.jl\ext\IsingLearning\experiments\MNIST\single-hidden-local-28x28-to-11x11-readout\experiments\current\20260605_radius_r10_to_r1_s25_b15_lr25_e200\fine_tuning\high_sweeps\s50_beta15_lr10\r10\latest_checkpoint.bin update_idx=1368
(timestamp = "2026-06-05T13:58:06", epoch = 171, seconds = 16.2990808, train_accuracy = 0.105, train_loss = 14.994f0, skipped = 32, test_accuracy = 0.37, test_loss = 10.06f0, pred_counts = "40-1-16-10-15-36-30-22-18-12", best_accuracy = 0.495, best_path = "C:\\Users\\fenje\\dev\\InteractiveIsing.jl\\ext\\IsingLearning\\experiments\\MNIST\\single-hidden-local-28x28-to-11x11-readout\\experiments\\current\\20260605_radius_r10_to_r1_s25_b15_lr25_e200\\fine_tuning\\high_sweeps\\s50_beta15_lr10\\r10\\best_params.bin", latest_path = "C:\\Users\\fenje\\dev\\InteractiveIsing.jl\\ext\\IsingLearning\\experiments\\MNIST\\single-hidden-local-28x28-to-11x11-readout\\experiments\\current\\20260605_radius_r10_to_r1_s25_b15_lr25_e200\\fine_tuning\\high_sweeps\\s50_beta15_lr10\\r10\\latest_checkpoint.bin", final_path = "")
[2026-06-05T13:58:06] epoch finished elapsed_s=17.932 epoch=171
[2026-06-05T13:58:06] epoch started epoch=172
[2026-06-05T13:58:06] epoch training started epoch=172 batches=8 samples=1000
[2026-06-05T13:58:06] batch build started epoch=172 batch=1 batches=8 first=1 last=128
[2026-06-05T13:58:06] batch jobs built elapsed_s=0.0 epoch=172 batch=1 jobs=128
[2026-06-05T13:58:06] batch run started epoch=172 batch=1 jobs=128
[2026-06-05T13:58:06] minibatch buffers cleared elapsed_s=0.003 jobs=128
[2026-06-05T13:58:06] minibatch manager run started jobs=128 workers=16
[2026-06-05T13:58:09] minibatch manager run finished elapsed_s=2.125 jobs=128
[2026-06-05T13:58:09] minibatch optimizer update finished elapsed_s=0.008 nsamples=128 skipped=4
[2026-06-05T13:58:09] batch run finished elapsed_s=2.138 epoch=172 batch=1 nsamples=128 accuracy=0.1016 loss=15.0 skipped=4
[2026-06-05T13:58:15] batch build started epoch=172 batch=5 batches=8 first=513 last=640
[2026-06-05T13:58:15] batch jobs built elapsed_s=0.0 epoch=172 batch=5 jobs=128
[2026-06-05T13:58:15] batch run started epoch=172 batch=5 jobs=128
[2026-06-05T13:58:15] minibatch buffers cleared elapsed_s=0.002 jobs=128
[2026-06-05T13:58:15] minibatch manager run started jobs=128 workers=16
[2026-06-05T13:58:17] minibatch manager run finished elapsed_s=2.026 jobs=128
[2026-06-05T13:58:17] minibatch optimizer update finished elapsed_s=0.004 nsamples=128 skipped=4
[2026-06-05T13:58:17] batch run finished elapsed_s=2.034 epoch=172 batch=5 nsamples=128 accuracy=0.0703 loss=15.3281 skipped=4
[2026-06-05T13:58:21] batch build started epoch=172 batch=8 batches=8 first=897 last=1000
[2026-06-05T13:58:21] batch jobs built elapsed_s=0.0 epoch=172 batch=8 jobs=104
[2026-06-05T13:58:21] batch run started epoch=172 batch=8 jobs=104
[2026-06-05T13:58:21] minibatch buffers cleared elapsed_s=0.002 jobs=104
[2026-06-05T13:58:21] minibatch manager run started jobs=104 workers=16
[2026-06-05T13:58:22] minibatch manager run finished elapsed_s=1.604 jobs=104
[2026-06-05T13:58:22] minibatch optimizer update finished elapsed_s=0.003 nsamples=104 skipped=1
[2026-06-05T13:58:22] batch run finished elapsed_s=1.61 epoch=172 batch=8 nsamples=104 accuracy=0.0865 loss=14.4615 skipped=1
[2026-06-05T13:58:22] epoch training finished epoch=172 elapsed_s=15.97 train_accuracy=0.102 train_loss=14.864 skipped=30
[2026-06-05T13:58:22] epoch evaluation started epoch=172 samples=200
[2026-06-05T13:58:22] evaluation buffers cleared elapsed_s=0.0 samples=200
[2026-06-05T13:58:22] evaluation jobs built elapsed_s=0.0 jobs=200
[2026-06-05T13:58:22] evaluation manager run started jobs=200 workers=16
[2026-06-05T13:58:24] evaluation manager run finished elapsed_s=1.452 jobs=200
[2026-06-05T13:58:24] epoch evaluation finished elapsed_s=1.452 epoch=172 test_accuracy=0.35 test_loss=9.47
[2026-06-05T13:58:24] latest checkpoint saved elapsed_s=0.011 epoch=172 path=C:\Users\fenje\dev\InteractiveIsing.jl\ext\IsingLearning\experiments\MNIST\single-hidden-local-28x28-to-11x11-readout\experiments\current\20260605_radius_r10_to_r1_s25_b15_lr25_e200\fine_tuning\high_sweeps\s50_beta15_lr10\r10\latest_checkpoint.bin update_idx=1376
(timestamp = "2026-06-05T13:58:24", epoch = 172, seconds = 15.9695629, train_accuracy = 0.102, train_loss = 14.864f0, skipped = 30, test_accuracy = 0.35, test_loss = 9.47f0, pred_counts = "60-4-15-6-27-19-26-12-7-24", best_accuracy = 0.495, best_path = "C:\\Users\\fenje\\dev\\InteractiveIsing.jl\\ext\\IsingLearning\\experiments\\MNIST\\single-hidden-local-28x28-to-11x11-readout\\experiments\\current\\20260605_radius_r10_to_r1_s25_b15_lr25_e200\\fine_tuning\\high_sweeps\\s50_beta15_lr10\\r10\\best_params.bin", latest_path = "C:\\Users\\fenje\\dev\\InteractiveIsing.jl\\ext\\IsingLearning\\experiments\\MNIST\\single-hidden-local-28x28-to-11x11-readout\\experiments\\current\\20260605_radius_r10_to_r1_s25_b15_lr25_e200\\fine_tuning\\high_sweeps\\s50_beta15_lr10\\r10\\latest_checkpoint.bin", final_path = "")
[2026-06-05T13:58:24] epoch finished elapsed_s=17.435 epoch=172
[2026-06-05T13:58:24] epoch started epoch=173
[2026-06-05T13:58:24] epoch training started epoch=173 batches=8 samples=1000
[2026-06-05T13:58:24] batch build started epoch=173 batch=1 batches=8 first=1 last=128
[2026-06-05T13:58:24] batch jobs built elapsed_s=0.0 epoch=173 batch=1 jobs=128
[2026-06-05T13:58:24] batch run started epoch=173 batch=1 jobs=128
[2026-06-05T13:58:24] minibatch buffers cleared elapsed_s=0.003 jobs=128
[2026-06-05T13:58:24] minibatch manager run started jobs=128 workers=16
[2026-06-05T13:58:26] minibatch manager run finished elapsed_s=2.105 jobs=128
[2026-06-05T13:58:26] minibatch optimizer update finished elapsed_s=0.003 nsamples=128 skipped=0
[2026-06-05T13:58:26] batch run finished elapsed_s=2.113 epoch=173 batch=1 nsamples=128 accuracy=0.0547 loss=15.1875 skipped=0
[2026-06-05T13:58:32] batch build started epoch=173 batch=5 batches=8 first=513 last=640
[2026-06-05T13:58:32] batch jobs built elapsed_s=0.0 epoch=173 batch=5 jobs=128
[2026-06-05T13:58:32] batch run started epoch=173 batch=5 jobs=128
[2026-06-05T13:58:32] minibatch buffers cleared elapsed_s=0.003 jobs=128
[2026-06-05T13:58:32] minibatch manager run started jobs=128 workers=16
[2026-06-05T13:58:34] minibatch manager run finished elapsed_s=2.083 jobs=128
[2026-06-05T13:58:34] minibatch optimizer update finished elapsed_s=0.004 nsamples=128 skipped=4
[2026-06-05T13:58:34] batch run finished elapsed_s=2.09 epoch=173 batch=5 nsamples=128 accuracy=0.1641 loss=16.4062 skipped=4
[2026-06-05T13:58:38] batch build started epoch=173 batch=8 batches=8 first=897 last=1000
[2026-06-05T13:58:38] batch jobs built elapsed_s=0.0 epoch=173 batch=8 jobs=104
[2026-06-05T13:58:38] batch run started epoch=173 batch=8 jobs=104
[2026-06-05T13:58:38] minibatch buffers cleared elapsed_s=0.003 jobs=104
[2026-06-05T13:58:38] minibatch manager run started jobs=104 workers=16
[2026-06-05T13:58:40] minibatch manager run finished elapsed_s=1.668 jobs=104
[2026-06-05T13:58:40] minibatch optimizer update finished elapsed_s=0.004 nsamples=104 skipped=1
[2026-06-05T13:58:40] batch run finished elapsed_s=1.676 epoch=173 batch=8 nsamples=104 accuracy=0.0769 loss=19.8269 skipped=1
[2026-06-05T13:58:40] epoch training finished epoch=173 elapsed_s=16.317 train_accuracy=0.109 train_loss=17.128 skipped=22
[2026-06-05T13:58:40] epoch evaluation started epoch=173 samples=200
[2026-06-05T13:58:40] evaluation buffers cleared elapsed_s=0.0 samples=200
[2026-06-05T13:58:40] evaluation jobs built elapsed_s=0.0 jobs=200
[2026-06-05T13:58:40] evaluation manager run started jobs=200 workers=16
[2026-06-05T13:58:42] evaluation manager run finished elapsed_s=1.558 jobs=200
[2026-06-05T13:58:42] epoch evaluation finished elapsed_s=1.559 epoch=173 test_accuracy=0.33 test_loss=9.75
[2026-06-05T13:58:42] latest checkpoint saved elapsed_s=0.01 epoch=173 path=C:\Users\fenje\dev\InteractiveIsing.jl\ext\IsingLearning\experiments\MNIST\single-hidden-local-28x28-to-11x11-readout\experiments\current\20260605_radius_r10_to_r1_s25_b15_lr25_e200\fine_tuning\high_sweeps\s50_beta15_lr10\r10\latest_checkpoint.bin update_idx=1384
(timestamp = "2026-06-05T13:58:42", epoch = 173, seconds = 16.316803, train_accuracy = 0.109, train_loss = 17.128f0, skipped = 22, test_accuracy = 0.33, test_loss = 9.75f0, pred_counts = "72-7-11-8-21-15-25-7-0-34", best_accuracy = 0.495, best_path = "C:\\Users\\fenje\\dev\\InteractiveIsing.jl\\ext\\IsingLearning\\experiments\\MNIST\\single-hidden-local-28x28-to-11x11-readout\\experiments\\current\\20260605_radius_r10_to_r1_s25_b15_lr25_e200\\fine_tuning\\high_sweeps\\s50_beta15_lr10\\r10\\best_params.bin", latest_path = "C:\\Users\\fenje\\dev\\InteractiveIsing.jl\\ext\\IsingLearning\\experiments\\MNIST\\single-hidden-local-28x28-to-11x11-readout\\experiments\\current\\20260605_radius_r10_to_r1_s25_b15_lr25_e200\\fine_tuning\\high_sweeps\\s50_beta15_lr10\\r10\\latest_checkpoint.bin", final_path = "")
[2026-06-05T13:58:42] epoch finished elapsed_s=17.887 epoch=173
[2026-06-05T13:58:42] epoch started epoch=174
[2026-06-05T13:58:42] epoch training started epoch=174 batches=8 samples=1000
[2026-06-05T13:58:42] batch build started epoch=174 batch=1 batches=8 first=1 last=128
[2026-06-05T13:58:42] batch jobs built elapsed_s=0.0 epoch=174 batch=1 jobs=128
[2026-06-05T13:58:42] batch run started epoch=174 batch=1 jobs=128
[2026-06-05T13:58:42] minibatch buffers cleared elapsed_s=0.004 jobs=128
[2026-06-05T13:58:42] minibatch manager run started jobs=128 workers=16
[2026-06-05T13:58:44] minibatch manager run finished elapsed_s=2.048 jobs=128
[2026-06-05T13:58:44] minibatch optimizer update finished elapsed_s=0.003 nsamples=128 skipped=3
[2026-06-05T13:58:44] batch run finished elapsed_s=2.057 epoch=174 batch=1 nsamples=128 accuracy=0.1094 loss=19.3438 skipped=3
[2026-06-05T13:58:50] batch build started epoch=174 batch=5 batches=8 first=513 last=640
[2026-06-05T13:58:50] batch jobs built elapsed_s=0.0 epoch=174 batch=5 jobs=128
[2026-06-05T13:58:50] batch run started epoch=174 batch=5 jobs=128
[2026-06-05T13:58:50] minibatch buffers cleared elapsed_s=0.003 jobs=128
[2026-06-05T13:58:50] minibatch manager run started jobs=128 workers=16
[2026-06-05T13:58:53] minibatch manager run finished elapsed_s=2.208 jobs=128
[2026-06-05T13:58:53] minibatch optimizer update finished elapsed_s=0.008 nsamples=128 skipped=7
[2026-06-05T13:58:53] batch run finished elapsed_s=2.22 epoch=174 batch=5 nsamples=128 accuracy=0.1328 loss=14.5156 skipped=7
[2026-06-05T13:58:57] batch build started epoch=174 batch=8 batches=8 first=897 last=1000
[2026-06-05T13:58:57] batch jobs built elapsed_s=0.0 epoch=174 batch=8 jobs=104
[2026-06-05T13:58:57] batch run started epoch=174 batch=8 jobs=104
[2026-06-05T13:58:57] minibatch buffers cleared elapsed_s=0.002 jobs=104
[2026-06-05T13:58:57] minibatch manager run started jobs=104 workers=16
[2026-06-05T13:58:59] minibatch manager run finished elapsed_s=1.632 jobs=104
[2026-06-05T13:58:59] minibatch optimizer update finished elapsed_s=0.007 nsamples=104 skipped=1
[2026-06-05T13:58:59] batch run finished elapsed_s=1.643 epoch=174 batch=8 nsamples=104 accuracy=0.0673 loss=15.2692 skipped=1
[2026-06-05T13:58:59] epoch training finished epoch=174 elapsed_s=16.862 train_accuracy=0.098 train_loss=16.244 skipped=21
[2026-06-05T13:58:59] epoch evaluation started epoch=174 samples=200
[2026-06-05T13:58:59] evaluation buffers cleared elapsed_s=0.0 samples=200
[2026-06-05T13:58:59] evaluation jobs built elapsed_s=0.0 jobs=200
[2026-06-05T13:58:59] evaluation manager run started jobs=200 workers=16
[2026-06-05T13:59:00] evaluation manager run finished elapsed_s=1.532 jobs=200
[2026-06-05T13:59:00] epoch evaluation finished elapsed_s=1.533 epoch=174 test_accuracy=0.36 test_loss=9.23
[2026-06-05T13:59:00] latest checkpoint saved elapsed_s=0.006 epoch=174 path=C:\Users\fenje\dev\InteractiveIsing.jl\ext\IsingLearning\experiments\MNIST\single-hidden-local-28x28-to-11x11-readout\experiments\current\20260605_radius_r10_to_r1_s25_b15_lr25_e200\fine_tuning\high_sweeps\s50_beta15_lr10\r10\latest_checkpoint.bin update_idx=1392
(timestamp = "2026-06-05T13:59:00", epoch = 174, seconds = 16.8624763, train_accuracy = 0.098, train_loss = 16.244f0, skipped = 21, test_accuracy = 0.36, test_loss = 9.23f0, pred_counts = "68-9-11-19-16-17-13-5-1-41", best_accuracy = 0.495, best_path = "C:\\Users\\fenje\\dev\\InteractiveIsing.jl\\ext\\IsingLearning\\experiments\\MNIST\\single-hidden-local-28x28-to-11x11-readout\\experiments\\current\\20260605_radius_r10_to_r1_s25_b15_lr25_e200\\fine_tuning\\high_sweeps\\s50_beta15_lr10\\r10\\best_params.bin", latest_path = "C:\\Users\\fenje\\dev\\InteractiveIsing.jl\\ext\\IsingLearning\\experiments\\MNIST\\single-hidden-local-28x28-to-11x11-readout\\experiments\\current\\20260605_radius_r10_to_r1_s25_b15_lr25_e200\\fine_tuning\\high_sweeps\\s50_beta15_lr10\\r10\\latest_checkpoint.bin", final_path = "")
[2026-06-05T13:59:00] epoch finished elapsed_s=18.401 epoch=174
[2026-06-05T13:59:00] epoch started epoch=175
[2026-06-05T13:59:00] epoch training started epoch=175 batches=8 samples=1000
[2026-06-05T13:59:00] batch build started epoch=175 batch=1 batches=8 first=1 last=128
[2026-06-05T13:59:00] batch jobs built elapsed_s=0.0 epoch=175 batch=1 jobs=128
[2026-06-05T13:59:00] batch run started epoch=175 batch=1 jobs=128
[2026-06-05T13:59:00] minibatch buffers cleared elapsed_s=0.003 jobs=128
[2026-06-05T13:59:00] minibatch manager run started jobs=128 workers=16
[2026-06-05T13:59:02] minibatch manager run finished elapsed_s=2.052 jobs=128
[2026-06-05T13:59:02] minibatch optimizer update finished elapsed_s=0.004 nsamples=128 skipped=3
[2026-06-05T13:59:02] batch run finished elapsed_s=2.06 epoch=175 batch=1 nsamples=128 accuracy=0.1484 loss=13.875 skipped=3
