Running 4 local CNN-like XOR config(s)
[1/4] h8_r8_open
h8_r8_open epoch=0 mse=0.960282 acc=0.75 min_margin=-0.0079 best_margin=-0.0079
h8_r8_open epoch=5 mse=1.019517 acc=0.5 min_margin=-0.0554 best_margin=-0.0079
h8_r8_open epoch=10 mse=1.025732 acc=0.25 min_margin=-0.0291 best_margin=-0.0079
h8_r8_open epoch=15 mse=1.026755 acc=0.25 min_margin=-0.0627 best_margin=-0.0079
h8_r8_open epoch=20 mse=0.957572 acc=1.0 min_margin=0.0081 best_margin=0.0081
h8_r8_open epoch=25 mse=0.94471 acc=1.0 min_margin=0.0036 best_margin=0.0081
h8_r8_open epoch=30 mse=1.031747 acc=0.5 min_margin=-0.0507 best_margin=0.0081
h8_r8_open epoch=35 mse=0.96954 acc=0.5 min_margin=-0.0176 best_margin=0.0081
h8_r8_open epoch=40 mse=0.961136 acc=0.75 min_margin=-0.0053 best_margin=0.0081
[2/4] h8_r9_open
h8_r9_open epoch=0 mse=1.042881 acc=0.25 min_margin=-0.0587 best_margin=-0.0587
h8_r9_open epoch=5 mse=0.962382 acc=0.75 min_margin=-0.0568 best_margin=-0.0568
h8_r9_open epoch=10 mse=0.962556 acc=1.0 min_margin=0.0056 best_margin=0.0056
h8_r9_open epoch=15 mse=1.003818 acc=0.75 min_margin=-0.0455 best_margin=0.0056
h8_r9_open epoch=20 mse=1.048889 acc=0.0 min_margin=-0.0346 best_margin=0.0056
h8_r9_open epoch=25 mse=0.97335 acc=0.75 min_margin=-0.0104 best_margin=0.0056
h8_r9_open epoch=30 mse=1.005954 acc=0.75 min_margin=-0.0907 best_margin=0.0056
h8_r9_open epoch=35 mse=0.936281 acc=0.75 min_margin=-0.0319 best_margin=0.0056
h8_r9_open epoch=40 mse=1.003278 acc=0.5 min_margin=-0.0366 best_margin=0.0056
[3/4] h16_r8_open
h16_r8_open epoch=0 mse=0.968938 acc=0.75 min_margin=-0.0086 best_margin=-0.0086
h16_r8_open epoch=5 mse=1.054722 acc=0.25 min_margin=-0.0947 best_margin=-0.0086
h16_r8_open epoch=10 mse=0.977712 acc=0.5 min_margin=-0.0135 best_margin=-0.0086
h16_r8_open epoch=15 mse=0.968858 acc=0.75 min_margin=-0.0101 best_margin=-0.0086
h16_r8_open epoch=20 mse=0.972123 acc=0.75 min_margin=-0.0449 best_margin=-0.0086
h16_r8_open epoch=25 mse=1.036518 acc=0.25 min_margin=-0.0451 best_margin=-0.0086
h16_r8_open epoch=30 mse=0.982597 acc=0.75 min_margin=-0.0105 best_margin=-0.0086
h16_r8_open epoch=35 mse=0.963539 acc=0.75 min_margin=-0.0122 best_margin=-0.0086
h16_r8_open epoch=40 mse=1.020908 acc=0.25 min_margin=-0.0472 best_margin=-0.0086
[4/4] h16_r9_open
h16_r9_open epoch=0 mse=0.989412 acc=0.75 min_margin=-0.0129 best_margin=-0.0129
h16_r9_open epoch=5 mse=1.054421 acc=0.25 min_margin=-0.0647 best_margin=-0.0129
h16_r9_open epoch=10 mse=0.998352 acc=0.5 min_margin=-0.0584 best_margin=-0.0129
h16_r9_open epoch=15 mse=1.039043 acc=0.5 min_margin=-0.0902 best_margin=-0.0129
h16_r9_open epoch=20 mse=1.033484 acc=0.5 min_margin=-0.0568 best_margin=-0.0129
h16_r9_open epoch=25 mse=1.003112 acc=0.5 min_margin=-0.0454 best_margin=-0.0129
h16_r9_open epoch=30 mse=0.969104 acc=0.75 min_margin=-0.0552 best_margin=-0.0129
h16_r9_open epoch=35 mse=1.008943 acc=0.5 min_margin=-0.0733 best_margin=-0.0129
h16_r9_open epoch=40 mse=0.956851 acc=0.5 min_margin=-0.0075 best_margin=-0.0075
saved metrics ext/IsingLearning/experiments/XOR/runs/local_checkerboard_block_recipe_h8h16_r8r9_e40\metrics.csv
saved summary ext/IsingLearning/experiments/XOR/runs/local_checkerboard_block_recipe_h8h16_r8r9_e40\summary.csv
saved plot ext/IsingLearning/experiments/XOR/runs/local_checkerboard_block_recipe_h8h16_r8r9_e40\learning_summary.png
saved note ext/IsingLearning/experiments/XOR/runs/local_checkerboard_block_recipe_h8h16_r8r9_e40\README.md
