  Activating project at `C:\Users\fenje\dev\InteractiveIsing.jl\ext\IsingLearning`
┌ Warning: this run uses a subsampled balanced training split, so it is not the full balanced MNIST baseline
│   train_per_class = 1280
└ @ Main C:\Users\fenje\dev\InteractiveIsing.jl\ext\IsingLearning\experiments\MNIST\baseline_new_nudge\mnist_784_120_40_softplus_margin_nudge_adam.jl:1479
┌ Warning: this run uses a subsampled balanced test split, so reported accuracy will be noisy
│   test_per_class = 100
└ @ Main C:\Users\fenje\dev\InteractiveIsing.jl\ext\IsingLearning\experiments\MNIST\baseline_new_nudge\mnist_784_120_40_softplus_margin_nudge_adam.jl:1480

epoch 1   2%|█                                          |  ETA: 0:06:41[K
     batch: 2/100[K
   samples: 256/12800[K
[A
[A


[K[A
[K[A
epoch 1  11%|█████                                      |  ETA: 0:01:33[K
     batch: 11/100[K
   samples: 1408/12800[K
[A
[A


[K[A
[K[A
epoch 1  14%|███████                                    |  ETA: 0:01:17[K
     batch: 14/100[K
   samples: 1792/12800[K
[A
[A


[K[A
[K[A
epoch 1  17%|████████                                   |  ETA: 0:01:06[K
     batch: 17/100[K
   samples: 2176/12800[K
[A
[A


[K[A
[K[A
epoch 1  20%|█████████                                  |  ETA: 0:00:58[K
     batch: 20/100[K
   samples: 2560/12800[K
[A
[A


[K[A
[K[A
epoch 1  23%|██████████                                 |  ETA: 0:00:52[K
     batch: 23/100[K
   samples: 2944/12800[K
[A
[A


[K[A
[K[A
epoch 1  27%|████████████                               |  ETA: 0:00:46[K
     batch: 27/100[K
   samples: 3456/12800[K
[A
[A


[K[A
[K[A
epoch 1  31%|██████████████                             |  ETA: 0:00:41[K
     batch: 31/100[K
   samples: 3968/12800[K
[A
[A


[K[A
[K[A
epoch 1  34%|███████████████                            |  ETA: 0:00:37[K
     batch: 34/100[K
   samples: 4352/12800[K
[A
[A


[K[A
[K[A
epoch 1  37%|████████████████                           |  ETA: 0:00:35[K
     batch: 37/100[K
   samples: 4736/12800[K
[A
[A


[K[A
[K[A
epoch 1  40%|██████████████████                         |  ETA: 0:00:32[K
     batch: 40/100[K
   samples: 5120/12800[K
[A
[A


[K[A
[K[A
epoch 1  43%|███████████████████                        |  ETA: 0:00:30[K
     batch: 43/100[K
   samples: 5504/12800[K
[A
[A


[K[A
[K[A
epoch 1  46%|████████████████████                       |  ETA: 0:00:27[K
     batch: 46/100[K
   samples: 5888/12800[K
[A
[A


[K[A
[K[A
epoch 1  49%|██████████████████████                     |  ETA: 0:00:25[K
     batch: 49/100[K
   samples: 6272/12800[K
[A
[A


[K[A
[K[A
epoch 1  53%|███████████████████████                    |  ETA: 0:00:23[K
     batch: 53/100[K
   samples: 6784/12800[K
[A
[A


[K[A
[K[A
epoch 1  56%|█████████████████████████                  |  ETA: 0:00:21[K
     batch: 56/100[K
   samples: 7168/12800[K
[A
[A


[K[A
[K[A
epoch 1  59%|██████████████████████████                 |  ETA: 0:00:19[K
     batch: 59/100[K
   samples: 7552/12800[K
[A
[A


[K[A
[K[A
epoch 1  62%|███████████████████████████                |  ETA: 0:00:18[K
     batch: 62/100[K
   samples: 7936/12800[K
[A
[A


[K[A
[K[A
epoch 1  65%|████████████████████████████               |  ETA: 0:00:16[K
     batch: 65/100[K
   samples: 8320/12800[K
[A
[A


[K[A
[K[A
epoch 1  68%|██████████████████████████████             |  ETA: 0:00:15[K
     batch: 68/100[K
   samples: 8704/12800[K
[A
[A


[K[A
[K[A
epoch 1  71%|███████████████████████████████            |  ETA: 0:00:13[K
     batch: 71/100[K
   samples: 9088/12800[K
[A
[A


[K[A
[K[A
epoch 1  75%|█████████████████████████████████          |  ETA: 0:00:11[K
     batch: 75/100[K
   samples: 9600/12800[K
[A
[A


[K[A
[K[A
epoch 1  78%|██████████████████████████████████         |  ETA: 0:00:10[K
     batch: 78/100[K
   samples: 9984/12800[K
[A
[A


[K[A
[K[A
epoch 1  81%|███████████████████████████████████        |  ETA: 0:00:08[K
     batch: 81/100[K
   samples: 10368/12800[K
[A
[A


[K[A
[K[A
epoch 1  84%|█████████████████████████████████████      |  ETA: 0:00:07[K
     batch: 84/100[K
   samples: 10752/12800[K
[A
[A


[K[A
[K[A
epoch 1  87%|██████████████████████████████████████     |  ETA: 0:00:06[K
     batch: 87/100[K
   samples: 11136/12800[K
[A
[A


[K[A
[K[A
epoch 1  90%|███████████████████████████████████████    |  ETA: 0:00:04[K
     batch: 90/100[K
   samples: 11520/12800[K
[A
[A


[K[A
[K[A
epoch 1  93%|████████████████████████████████████████   |  ETA: 0:00:03[K
     batch: 93/100[K
   samples: 11904/12800[K
[A
[A


[K[A
[K[A
epoch 1  96%|██████████████████████████████████████████ |  ETA: 0:00:02[K
     batch: 96/100[K
   samples: 12288/12800[K
[A
[A


[K[A
[K[A
epoch 1  99%|███████████████████████████████████████████|  ETA: 0:00:00[K
     batch: 99/100[K
   samples: 12672/12800[K
[A
[A


[K[A
[K[A
epoch 1 100%|███████████████████████████████████████████| Time: 0:00:42[K
     batch: 100/100[K
   samples: 12800/12800[K

epoch 2   3%|██                                         |  ETA: 0:00:35[K
     batch: 3/100[K
   samples: 384/12800[K
[A
[A


[K[A
[K[A
epoch 2   6%|███                                        |  ETA: 0:00:35[K
     batch: 6/100[K
   samples: 768/12800[K
[A
[A


[K[A
[K[A
epoch 2   9%|████                                       |  ETA: 0:00:34[K
     batch: 9/100[K
   samples: 1152/12800[K
[A
[A


[K[A
[K[A
epoch 2  12%|██████                                     |  ETA: 0:00:33[K
     batch: 12/100[K
   samples: 1536/12800[K
[A
[A


[K[A
[K[A
epoch 2  15%|███████                                    |  ETA: 0:00:32[K
     batch: 15/100[K
   samples: 1920/12800[K
[A
[A


[K[A
[K[A
epoch 2  18%|████████                                   |  ETA: 0:00:31[K
     batch: 18/100[K
   samples: 2304/12800[K
[A
[A


[K[A
[K[A
epoch 2  21%|██████████                                 |  ETA: 0:00:30[K
     batch: 21/100[K
   samples: 2688/12800[K
[A
[A


[K[A
[K[A
epoch 2  24%|███████████                                |  ETA: 0:00:29[K
     batch: 24/100[K
   samples: 3072/12800[K
[A
[A


[K[A
[K[A
epoch 2  27%|████████████                               |  ETA: 0:00:28[K
     batch: 27/100[K
   samples: 3456/12800[K
[A
[A


[K[A
[K[A
epoch 2  30%|█████████████                              |  ETA: 0:00:27[K
     batch: 30/100[K
   samples: 3840/12800[K
[A
[A


[K[A
[K[A
epoch 2  33%|███████████████                            |  ETA: 0:00:26[K
     batch: 33/100[K
   samples: 4224/12800[K
[A
[A


[K[A
[K[A
epoch 2  36%|████████████████                           |  ETA: 0:00:25[K
     batch: 36/100[K
   samples: 4608/12800[K
[A
[A


[K[A
[K[A
epoch 2  39%|█████████████████                          |  ETA: 0:00:24[K
     batch: 39/100[K
   samples: 4992/12800[K
[A
[A


[K[A
[K[A
epoch 2  42%|███████████████████                        |  ETA: 0:00:22[K
     batch: 42/100[K
   samples: 5376/12800[K
[A
[A


[K[A
[K[A
epoch 2  45%|████████████████████                       |  ETA: 0:00:21[K
     batch: 45/100[K
   samples: 5760/12800[K
[A
[A


[K[A
[K[A
epoch 2  48%|█████████████████████                      |  ETA: 0:00:20[K
     batch: 48/100[K
   samples: 6144/12800[K
[A
[A


[K[A
[K[A
epoch 2  51%|██████████████████████                     |  ETA: 0:00:19[K
     batch: 51/100[K
   samples: 6528/12800[K
[A
[A


[K[A
[K[A
epoch 2  54%|████████████████████████                   |  ETA: 0:00:18[K
     batch: 54/100[K
   samples: 6912/12800[K
[A
[A


[K[A
[K[A
epoch 2  57%|█████████████████████████                  |  ETA: 0:00:17[K
     batch: 57/100[K
   samples: 7296/12800[K
[A
[A


[K[A
[K[A
epoch 2  60%|██████████████████████████                 |  ETA: 0:00:16[K
     batch: 60/100[K
   samples: 7680/12800[K
[A
[A


[K[A
[K[A
epoch 2  63%|████████████████████████████               |  ETA: 0:00:14[K
     batch: 63/100[K
   samples: 8064/12800[K
[A
[A


[K[A
[K[A
epoch 2  66%|█████████████████████████████              |  ETA: 0:00:13[K
     batch: 66/100[K
   samples: 8448/12800[K
[A
[A


[K[A
[K[A
epoch 2  69%|██████████████████████████████             |  ETA: 0:00:12[K
     batch: 69/100[K
   samples: 8832/12800[K
[A
[A


[K[A
[K[A
epoch 2  72%|███████████████████████████████            |  ETA: 0:00:11[K
     batch: 72/100[K
   samples: 9216/12800[K
[A
[A


[K[A
[K[A
epoch 2  75%|█████████████████████████████████          |  ETA: 0:00:10[K
     batch: 75/100[K
   samples: 9600/12800[K
[A
[A


[K[A
[K[A
epoch 2  78%|██████████████████████████████████         |  ETA: 0:00:09[K
     batch: 78/100[K
   samples: 9984/12800[K
[A
[A


[K[A
[K[A
epoch 2  81%|███████████████████████████████████        |  ETA: 0:00:08[K
     batch: 81/100[K
   samples: 10368/12800[K
[A
[A


[K[A
[K[A
epoch 2  84%|█████████████████████████████████████      |  ETA: 0:00:06[K
     batch: 84/100[K
   samples: 10752/12800[K
[A
[A


[K[A
[K[A
epoch 2  87%|██████████████████████████████████████     |  ETA: 0:00:05[K
     batch: 87/100[K
   samples: 11136/12800[K
[A
[A


[K[A
[K[A
epoch 2  90%|███████████████████████████████████████    |  ETA: 0:00:04[K
     batch: 90/100[K
   samples: 11520/12800[K
[A
[A


[K[A
[K[A
epoch 2  93%|████████████████████████████████████████   |  ETA: 0:00:03[K
     batch: 93/100[K
   samples: 11904/12800[K
[A
[A


[K[A
[K[A
epoch 2  96%|██████████████████████████████████████████ |  ETA: 0:00:02[K
     batch: 96/100[K
   samples: 12288/12800[K
[A
[A


[K[A
[K[A
epoch 2  99%|███████████████████████████████████████████|  ETA: 0:00:00[K
     batch: 99/100[K
   samples: 12672/12800[K
[A
[A


[K[A
[K[A
epoch 2 100%|███████████████████████████████████████████| Time: 0:00:39[K
     batch: 100/100[K
   samples: 12800/12800[K

epoch 3   3%|██                                         |  ETA: 0:00:38[K
     batch: 3/100[K
   samples: 384/12800[K
[A
[A


[K[A
[K[A
epoch 3   6%|███                                        |  ETA: 0:00:36[K
     batch: 6/100[K
   samples: 768/12800[K
[A
[A


[K[A
[K[A
epoch 3   9%|████                                       |  ETA: 0:00:35[K
     batch: 9/100[K
   samples: 1152/12800[K
[A
[A


[K[A
[K[A
epoch 3  12%|██████                                     |  ETA: 0:00:34[K
     batch: 12/100[K
   samples: 1536/12800[K
[A
[A


[K[A
[K[A
epoch 3  15%|███████                                    |  ETA: 0:00:34[K
     batch: 15/100[K
   samples: 1920/12800[K
[A
[A


[K[A
[K[A
epoch 3  18%|████████                                   |  ETA: 0:00:33[K
     batch: 18/100[K
   samples: 2304/12800[K
[A
[A


[K[A
[K[A
epoch 3  21%|██████████                                 |  ETA: 0:00:32[K
     batch: 21/100[K
   samples: 2688/12800[K
[A
[A


[K[A
[K[A
epoch 3  24%|███████████                                |  ETA: 0:00:30[K
     batch: 24/100[K
   samples: 3072/12800[K
[A
[A


[K[A
[K[A
epoch 3  27%|████████████                               |  ETA: 0:00:29[K
     batch: 27/100[K
   samples: 3456/12800[K
[A
[A


[K[A
[K[A
epoch 3  30%|█████████████                              |  ETA: 0:00:28[K
     batch: 30/100[K
   samples: 3840/12800[K
[A
[A


[K[A
[K[A
epoch 3  33%|███████████████                            |  ETA: 0:00:27[K
     batch: 33/100[K
   samples: 4224/12800[K
[A
[A


[K[A
[K[A
epoch 3  36%|████████████████                           |  ETA: 0:00:25[K
     batch: 36/100[K
   samples: 4608/12800[K
[A
[A


[K[A
[K[A
epoch 3  39%|█████████████████                          |  ETA: 0:00:24[K
     batch: 39/100[K
   samples: 4992/12800[K
[A
[A


[K[A
[K[A
epoch 3  42%|███████████████████                        |  ETA: 0:00:23[K
     batch: 42/100[K
   samples: 5376/12800[K
[A
[A


[K[A
[K[A
epoch 3  45%|████████████████████                       |  ETA: 0:00:21[K
     batch: 45/100[K
   samples: 5760/12800[K
[A
[A


[K[A
[K[A
epoch 3  48%|█████████████████████                      |  ETA: 0:00:20[K
     batch: 48/100[K
   samples: 6144/12800[K
[A
[A


[K[A
[K[A
epoch 3  51%|██████████████████████                     |  ETA: 0:00:19[K
     batch: 51/100[K
   samples: 6528/12800[K
[A
[A


[K[A
[K[A
epoch 3  54%|████████████████████████                   |  ETA: 0:00:18[K
     batch: 54/100[K
   samples: 6912/12800[K
[A
[A


[K[A
[K[A
epoch 3  57%|█████████████████████████                  |  ETA: 0:00:17[K
     batch: 57/100[K
   samples: 7296/12800[K
[A
[A


[K[A
[K[A
epoch 3  60%|██████████████████████████                 |  ETA: 0:00:16[K
     batch: 60/100[K
   samples: 7680/12800[K
[A
[A


[K[A
[K[A
epoch 3  63%|████████████████████████████               |  ETA: 0:00:14[K
     batch: 63/100[K
   samples: 8064/12800[K
[A
[A


[K[A
[K[A
epoch 3  66%|█████████████████████████████              |  ETA: 0:00:13[K
     batch: 66/100[K
   samples: 8448/12800[K
[A
[A


[K[A
[K[A
epoch 3  69%|██████████████████████████████             |  ETA: 0:00:12[K
     batch: 69/100[K
   samples: 8832/12800[K
[A
[A


[K[A
[K[A
epoch 3  72%|███████████████████████████████            |  ETA: 0:00:11[K
     batch: 72/100[K
   samples: 9216/12800[K
[A
[A


[K[A
[K[A
epoch 3  75%|█████████████████████████████████          |  ETA: 0:00:10[K
     batch: 75/100[K
   samples: 9600/12800[K
[A
[A


[K[A
[K[A
epoch 3  78%|██████████████████████████████████         |  ETA: 0:00:09[K
     batch: 78/100[K
   samples: 9984/12800[K
[A
[A


[K[A
[K[A
epoch 3  81%|███████████████████████████████████        |  ETA: 0:00:07[K
     batch: 81/100[K
   samples: 10368/12800[K
[A
[A


[K[A
[K[A
epoch 3  84%|█████████████████████████████████████      |  ETA: 0:00:06[K
     batch: 84/100[K
   samples: 10752/12800[K
[A
[A


[K[A
[K[A
epoch 3  87%|██████████████████████████████████████     |  ETA: 0:00:05[K
     batch: 87/100[K
   samples: 11136/12800[K
[A
[A


[K[A
[K[A
epoch 3  90%|███████████████████████████████████████    |  ETA: 0:00:04[K
     batch: 90/100[K
   samples: 11520/12800[K
[A
[A


[K[A
[K[A
epoch 3  93%|████████████████████████████████████████   |  ETA: 0:00:03[K
     batch: 93/100[K
   samples: 11904/12800[K
[A
[A


[K[A
[K[A
epoch 3  96%|██████████████████████████████████████████ |  ETA: 0:00:02[K
     batch: 96/100[K
   samples: 12288/12800[K
[A
[A


[K[A
[K[A
epoch 3  99%|███████████████████████████████████████████|  ETA: 0:00:00[K
     batch: 99/100[K
   samples: 12672/12800[K
[A
[A


[K[A
[K[A
epoch 3 100%|███████████████████████████████████████████| Time: 0:00:38[K
     batch: 100/100[K
   samples: 12800/12800[K

epoch 4   3%|██                                         |  ETA: 0:00:39[K
     batch: 3/100[K
   samples: 384/12800[K
[A
[A


[K[A
[K[A
epoch 4   6%|███                                        |  ETA: 0:00:37[K
     batch: 6/100[K
   samples: 768/12800[K
[A
[A


[K[A
[K[A
epoch 4   9%|████                                       |  ETA: 0:00:36[K
     batch: 9/100[K
   samples: 1152/12800[K
[A
[A


[K[A
[K[A
epoch 4  12%|██████                                     |  ETA: 0:00:35[K
     batch: 12/100[K
   samples: 1536/12800[K
[A
[A


[K[A
[K[A
epoch 4  15%|███████                                    |  ETA: 0:00:33[K
     batch: 15/100[K
   samples: 1920/12800[K
[A
[A


[K[A
[K[A
epoch 4  18%|████████                                   |  ETA: 0:00:32[K
     batch: 18/100[K
   samples: 2304/12800[K
[A
[A


[K[A
[K[A
epoch 4  21%|██████████                                 |  ETA: 0:00:31[K
     batch: 21/100[K
   samples: 2688/12800[K
[A
[A


[K[A
[K[A
epoch 4  24%|███████████                                |  ETA: 0:00:30[K
     batch: 24/100[K
   samples: 3072/12800[K
[A
[A


[K[A
[K[A
epoch 4  27%|████████████                               |  ETA: 0:00:29[K
     batch: 27/100[K
   samples: 3456/12800[K
[A
[A


[K[A
[K[A
epoch 4  30%|█████████████                              |  ETA: 0:00:28[K
     batch: 30/100[K
   samples: 3840/12800[K
[A
[A


[K[A
[K[A
epoch 4  33%|███████████████                            |  ETA: 0:00:26[K
     batch: 33/100[K
   samples: 4224/12800[K
[A
[A


[K[A
[K[A
epoch 4  36%|████████████████                           |  ETA: 0:00:25[K
     batch: 36/100[K
   samples: 4608/12800[K
[A
[A


[K[A
[K[A
epoch 4  39%|█████████████████                          |  ETA: 0:00:24[K
     batch: 39/100[K
   samples: 4992/12800[K
[A
[A


[K[A
[K[A
epoch 4  42%|███████████████████                        |  ETA: 0:00:23[K
     batch: 42/100[K
   samples: 5376/12800[K
[A
[A


[K[A
[K[A
epoch 4  45%|████████████████████                       |  ETA: 0:00:21[K
     batch: 45/100[K
   samples: 5760/12800[K
[A
[A


[K[A
[K[A
epoch 4  48%|█████████████████████                      |  ETA: 0:00:20[K
     batch: 48/100[K
   samples: 6144/12800[K
[A
[A


[K[A
[K[A
epoch 4  51%|██████████████████████                     |  ETA: 0:00:19[K
     batch: 51/100[K
   samples: 6528/12800[K
[A
[A


[K[A
[K[A
epoch 4  54%|████████████████████████                   |  ETA: 0:00:18[K
     batch: 54/100[K
   samples: 6912/12800[K
[A
[A


[K[A
[K[A
epoch 4  57%|█████████████████████████                  |  ETA: 0:00:17[K
     batch: 57/100[K
   samples: 7296/12800[K
[A
[A


[K[A
[K[A
epoch 4  60%|██████████████████████████                 |  ETA: 0:00:15[K
     batch: 60/100[K
   samples: 7680/12800[K
[A
[A


[K[A
[K[A
epoch 4  63%|████████████████████████████               |  ETA: 0:00:14[K
     batch: 63/100[K
   samples: 8064/12800[K
[A
[A


[K[A
[K[A
epoch 4  66%|█████████████████████████████              |  ETA: 0:00:13[K
     batch: 66/100[K
   samples: 8448/12800[K
[A
[A


[K[A
[K[A
epoch 4  69%|██████████████████████████████             |  ETA: 0:00:12[K
     batch: 69/100[K
   samples: 8832/12800[K
[A
[A


[K[A
[K[A
epoch 4  72%|███████████████████████████████            |  ETA: 0:00:11[K
     batch: 72/100[K
   samples: 9216/12800[K
[A
[A


[K[A
[K[A
epoch 4  75%|█████████████████████████████████          |  ETA: 0:00:10[K
     batch: 75/100[K
   samples: 9600/12800[K
[A
[A


[K[A
[K[A
epoch 4  78%|██████████████████████████████████         |  ETA: 0:00:09[K
     batch: 78/100[K
   samples: 9984/12800[K
[A
[A


[K[A
[K[A
epoch 4  81%|███████████████████████████████████        |  ETA: 0:00:07[K
     batch: 81/100[K
   samples: 10368/12800[K
[A
[A


[K[A
[K[A
epoch 4  84%|█████████████████████████████████████      |  ETA: 0:00:06[K
     batch: 84/100[K
   samples: 10752/12800[K
[A
[A


[K[A
[K[A
epoch 4  87%|██████████████████████████████████████     |  ETA: 0:00:05[K
     batch: 87/100[K
   samples: 11136/12800[K
[A
[A


[K[A
[K[A
epoch 4  90%|███████████████████████████████████████    |  ETA: 0:00:04[K
     batch: 90/100[K
   samples: 11520/12800[K
[A
[A


[K[A
[K[A
epoch 4  93%|████████████████████████████████████████   |  ETA: 0:00:03[K
     batch: 93/100[K
   samples: 11904/12800[K
[A
[A


[K[A
[K[A
epoch 4  96%|██████████████████████████████████████████ |  ETA: 0:00:02[K
     batch: 96/100[K
   samples: 12288/12800[K
[A
[A


[K[A
[K[A
epoch 4  99%|███████████████████████████████████████████|  ETA: 0:00:00[K
     batch: 99/100[K
   samples: 12672/12800[K
[A
[A


[K[A
[K[A
epoch 4 100%|███████████████████████████████████████████| Time: 0:00:39[K
     batch: 100/100[K
   samples: 12800/12800[K

epoch 5   3%|██                                         |  ETA: 0:00:39[K
     batch: 3/100[K
   samples: 384/12800[K
[A
[A


[K[A
[K[A
epoch 5   6%|███                                        |  ETA: 0:00:40[K
     batch: 6/100[K
   samples: 768/12800[K
[A
[A


[K[A
[K[A
epoch 5   9%|████                                       |  ETA: 0:00:40[K
     batch: 9/100[K
   samples: 1152/12800[K
[A
[A


[K[A
[K[A
epoch 5  12%|██████                                     |  ETA: 0:00:39[K
     batch: 12/100[K
   samples: 1536/12800[K
[A
[A


[K[A
[K[A
epoch 5  15%|███████                                    |  ETA: 0:00:37[K
     batch: 15/100[K
   samples: 1920/12800[K
[A
[A


[K[A
[K[A
epoch 5  18%|████████                                   |  ETA: 0:00:36[K
     batch: 18/100[K
   samples: 2304/12800[K
[A
[A


[K[A
[K[A
epoch 5  21%|██████████                                 |  ETA: 0:00:34[K
     batch: 21/100[K
   samples: 2688/12800[K
[A
[A


[K[A
[K[A
epoch 5  24%|███████████                                |  ETA: 0:00:33[K
     batch: 24/100[K
   samples: 3072/12800[K
[A
[A


[K[A
[K[A
epoch 5  27%|████████████                               |  ETA: 0:00:31[K
     batch: 27/100[K
   samples: 3456/12800[K
[A
[A


[K[A
[K[A
epoch 5  32%|██████████████                             |  ETA: 0:00:31[K
     batch: 32/100[K
   samples: 4096/12800[K
[A
[A


[K[A
[K[A
epoch 5  35%|████████████████                           |  ETA: 0:00:30[K
     batch: 35/100[K
   samples: 4480/12800[K
[A
[A


[K[A
[K[A
epoch 5  38%|█████████████████                          |  ETA: 0:00:28[K
     batch: 38/100[K
   samples: 4864/12800[K
[A
[A


[K[A
[K[A
epoch 5  41%|██████████████████                         |  ETA: 0:00:27[K
     batch: 41/100[K
   samples: 5248/12800[K
[A
[A


[K[A
[K[A
epoch 5  43%|███████████████████                        |  ETA: 0:00:26[K
     batch: 43/100[K
   samples: 5504/12800[K
[A
[A


[K[A
[K[A
epoch 5  46%|████████████████████                       |  ETA: 0:00:25[K
     batch: 46/100[K
   samples: 5888/12800[K
[A
[A


[K[A
[K[A
epoch 5  49%|██████████████████████                     |  ETA: 0:00:23[K
     batch: 49/100[K
   samples: 6272/12800[K
[A
[A


[K[A
[K[A
epoch 5  52%|███████████████████████                    |  ETA: 0:00:22[K
     batch: 52/100[K
   samples: 6656/12800[K
[A
[A


[K[A
[K[A
epoch 5  55%|████████████████████████                   |  ETA: 0:00:20[K
     batch: 55/100[K
   samples: 7040/12800[K
[A
[A


[K[A
[K[A
epoch 5  58%|█████████████████████████                  |  ETA: 0:00:19[K
     batch: 58/100[K
   samples: 7424/12800[K
[A
[A


[K[A
[K[A
epoch 5  61%|███████████████████████████                |  ETA: 0:00:17[K
     batch: 61/100[K
   samples: 7808/12800[K
[A
[A


[K[A
[K[A
epoch 5  64%|████████████████████████████               |  ETA: 0:00:16[K
     batch: 64/100[K
   samples: 8192/12800[K
[A
[A


[K[A
[K[A
epoch 5  67%|█████████████████████████████              |  ETA: 0:00:15[K
     batch: 67/100[K
   samples: 8576/12800[K
[A
[A


[K[A
[K[A
epoch 5  70%|███████████████████████████████            |  ETA: 0:00:13[K
     batch: 70/100[K
   samples: 8960/12800[K
[A
[A


[K[A
[K[A
epoch 5  73%|████████████████████████████████           |  ETA: 0:00:12[K
     batch: 73/100[K
   samples: 9344/12800[K
[A
[A


[K[A
[K[A
epoch 5  76%|█████████████████████████████████          |  ETA: 0:00:11[K
     batch: 76/100[K
   samples: 9728/12800[K
[A
[A


[K[A
[K[A
epoch 5  79%|██████████████████████████████████         |  ETA: 0:00:09[K
     batch: 79/100[K
   samples: 10112/12800[K
[A
[A


[K[A
[K[A
epoch 5  82%|████████████████████████████████████       |  ETA: 0:00:08[K
     batch: 82/100[K
   samples: 10496/12800[K
[A
[A


[K[A
[K[A
epoch 5  85%|█████████████████████████████████████      |  ETA: 0:00:07[K
     batch: 85/100[K
   samples: 10880/12800[K
[A
[A


[K[A
[K[A
epoch 5  88%|██████████████████████████████████████     |  ETA: 0:00:05[K
     batch: 88/100[K
   samples: 11264/12800[K
[A
[A


[K[A
[K[A
epoch 5  91%|████████████████████████████████████████   |  ETA: 0:00:04[K
     batch: 91/100[K
   samples: 11648/12800[K
[A
[A


[K[A
[K[A
epoch 5  94%|█████████████████████████████████████████  |  ETA: 0:00:03[K
     batch: 94/100[K
   samples: 12032/12800[K
[A
[A


[K[A
[K[A
epoch 5  97%|██████████████████████████████████████████ |  ETA: 0:00:01[K
     batch: 97/100[K
   samples: 12416/12800[K
[A
[A


[K[A
[K[A
epoch 5 100%|███████████████████████████████████████████| Time: 0:00:43[K
     batch: 100/100[K
   samples: 12800/12800[K

epoch 6   3%|██                                         |  ETA: 0:00:43[K
     batch: 3/100[K
   samples: 384/12800[K
[A
[A


[K[A
[K[A
epoch 6   6%|███                                        |  ETA: 0:00:39[K
     batch: 6/100[K
   samples: 768/12800[K
[A
[A


[K[A
[K[A
epoch 6   9%|████                                       |  ETA: 0:00:37[K
     batch: 9/100[K
   samples: 1152/12800[K
[A
[A


[K[A
[K[A
epoch 6  12%|██████                                     |  ETA: 0:00:36[K
     batch: 12/100[K
   samples: 1536/12800[K
[A
[A


[K[A
[K[A
epoch 6  15%|███████                                    |  ETA: 0:00:35[K
     batch: 15/100[K
   samples: 1920/12800[K
[A
[A


[K[A
[K[A
epoch 6  18%|████████                                   |  ETA: 0:00:33[K
     batch: 18/100[K
   samples: 2304/12800[K
[A
[A


[K[A
[K[A
epoch 6  21%|██████████                                 |  ETA: 0:00:32[K
     batch: 21/100[K
   samples: 2688/12800[K
[A
[A


[K[A
[K[A
epoch 6  24%|███████████                                |  ETA: 0:00:31[K
     batch: 24/100[K
   samples: 3072/12800[K
[A
[A


[K[A
[K[A
epoch 6  27%|████████████                               |  ETA: 0:00:30[K
     batch: 27/100[K
   samples: 3456/12800[K
[A
[A


[K[A
[K[A
epoch 6  30%|█████████████                              |  ETA: 0:00:28[K
     batch: 30/100[K
   samples: 3840/12800[K
[A
[A


[K[A
[K[A
epoch 6  33%|███████████████                            |  ETA: 0:00:27[K
     batch: 33/100[K
   samples: 4224/12800[K
[A
[A


[K[A
[K[A
epoch 6  36%|████████████████                           |  ETA: 0:00:26[K
     batch: 36/100[K
   samples: 4608/12800[K
[A
[A


[K[A
[K[A
epoch 6  39%|█████████████████                          |  ETA: 0:00:24[K
     batch: 39/100[K
   samples: 4992/12800[K
[A
[A


[K[A
[K[A
epoch 6  42%|███████████████████                        |  ETA: 0:00:23[K
     batch: 42/100[K
   samples: 5376/12800[K
[A
[A


[K[A
[K[A
epoch 6  45%|████████████████████                       |  ETA: 0:00:22[K
     batch: 45/100[K
   samples: 5760/12800[K
[A
[A


[K[A
[K[A
epoch 6  48%|█████████████████████                      |  ETA: 0:00:21[K
     batch: 48/100[K
   samples: 6144/12800[K
[A
[A


[K[A
[K[A
epoch 6  51%|██████████████████████                     |  ETA: 0:00:20[K
     batch: 51/100[K
   samples: 6528/12800[K
[A
[A


[K[A
[K[A
epoch 6  54%|████████████████████████                   |  ETA: 0:00:19[K
     batch: 54/100[K
   samples: 6912/12800[K
[A
[A


[K[A
[K[A
epoch 6  57%|█████████████████████████                  |  ETA: 0:00:17[K
     batch: 57/100[K
   samples: 7296/12800[K
[A
[A


[K[A
[K[A
epoch 6  60%|██████████████████████████                 |  ETA: 0:00:16[K
     batch: 60/100[K
   samples: 7680/12800[K
[A
[A


[K[A
[K[A
epoch 6  63%|████████████████████████████               |  ETA: 0:00:15[K
     batch: 63/100[K
   samples: 8064/12800[K
[A
[A


[K[A
[K[A
epoch 6  66%|█████████████████████████████              |  ETA: 0:00:14[K
     batch: 66/100[K
   samples: 8448/12800[K
[A
[A


[K[A
[K[A
epoch 6  69%|██████████████████████████████             |  ETA: 0:00:13[K
     batch: 69/100[K
   samples: 8832/12800[K
[A
[A


[K[A
[K[A
epoch 6  72%|███████████████████████████████            |  ETA: 0:00:11[K
     batch: 72/100[K
   samples: 9216/12800[K
[A
[A


[K[A
[K[A
epoch 6  75%|█████████████████████████████████          |  ETA: 0:00:10[K
     batch: 75/100[K
   samples: 9600/12800[K
[A
[A


[K[A
[K[A
epoch 6  78%|██████████████████████████████████         |  ETA: 0:00:09[K
     batch: 78/100[K
   samples: 9984/12800[K
[A
[A


[K[A
[K[A
epoch 6  81%|███████████████████████████████████        |  ETA: 0:00:08[K
     batch: 81/100[K
   samples: 10368/12800[K
[A
[A


[K[A
[K[A
epoch 6  84%|█████████████████████████████████████      |  ETA: 0:00:06[K
     batch: 84/100[K
   samples: 10752/12800[K
[A
[A


[K[A
[K[A
epoch 6  87%|██████████████████████████████████████     |  ETA: 0:00:05[K
     batch: 87/100[K
   samples: 11136/12800[K
[A
[A


[K[A
[K[A
epoch 6  90%|███████████████████████████████████████    |  ETA: 0:00:04[K
     batch: 90/100[K
   samples: 11520/12800[K
[A
[A


[K[A
[K[A
epoch 6  93%|████████████████████████████████████████   |  ETA: 0:00:03[K
     batch: 93/100[K
   samples: 11904/12800[K
[A
[A


[K[A
[K[A
epoch 6  96%|██████████████████████████████████████████ |  ETA: 0:00:02[K
     batch: 96/100[K
   samples: 12288/12800[K
[A
[A


[K[A
[K[A
epoch 6  99%|███████████████████████████████████████████|  ETA: 0:00:00[K
     batch: 99/100[K
   samples: 12672/12800[K
[A
[A


[K[A
[K[A
epoch 6 100%|███████████████████████████████████████████| Time: 0:00:40[K
     batch: 100/100[K
   samples: 12800/12800[K

epoch 7   3%|██                                         |  ETA: 0:00:39[K
     batch: 3/100[K
   samples: 384/12800[K
[A
[A


[K[A
[K[A
epoch 7   6%|███                                        |  ETA: 0:00:39[K
     batch: 6/100[K
   samples: 768/12800[K
[A
[A


[K[A
[K[A
epoch 7   9%|████                                       |  ETA: 0:00:36[K
     batch: 9/100[K
   samples: 1152/12800[K
[A
[A


[K[A
[K[A
epoch 7  12%|██████                                     |  ETA: 0:00:36[K
     batch: 12/100[K
   samples: 1536/12800[K
[A
[A


[K[A
[K[A
epoch 7  15%|███████                                    |  ETA: 0:00:35[K
     batch: 15/100[K
   samples: 1920/12800[K
[A
[A


[K[A
[K[A
epoch 7  18%|████████                                   |  ETA: 0:00:33[K
     batch: 18/100[K
   samples: 2304/12800[K
[A
[A


[K[A
[K[A
epoch 7  21%|██████████                                 |  ETA: 0:00:32[K
     batch: 21/100[K
   samples: 2688/12800[K
[A
[A


[K[A
[K[A
epoch 7  24%|███████████                                |  ETA: 0:00:31[K
     batch: 24/100[K
   samples: 3072/12800[K
[A
[A


[K[A
[K[A
epoch 7  27%|████████████                               |  ETA: 0:00:30[K
     batch: 27/100[K
   samples: 3456/12800[K
[A
[A


[K[A
[K[A
epoch 7  30%|█████████████                              |  ETA: 0:00:29[K
     batch: 30/100[K
   samples: 3840/12800[K
[A
[A


[K[A
[K[A
epoch 7  33%|███████████████                            |  ETA: 0:00:27[K
     batch: 33/100[K
   samples: 4224/12800[K
[A
[A


[K[A
[K[A
epoch 7  36%|████████████████                           |  ETA: 0:00:26[K
     batch: 36/100[K
   samples: 4608/12800[K
[A
[A


[K[A
[K[A
epoch 7  38%|█████████████████                          |  ETA: 0:00:26[K
     batch: 38/100[K
   samples: 4864/12800[K
[A
[A


[K[A
[K[A
epoch 7  41%|██████████████████                         |  ETA: 0:00:25[K
     batch: 41/100[K
   samples: 5248/12800[K
[A
[A


[K[A
[K[A
epoch 7  44%|███████████████████                        |  ETA: 0:00:23[K
     batch: 44/100[K
   samples: 5632/12800[K
[A
[A


[K[A
[K[A
epoch 7  47%|█████████████████████                      |  ETA: 0:00:22[K
     batch: 47/100[K
   samples: 6016/12800[K
[A
[A


[K[A
[K[A
epoch 7  50%|██████████████████████                     |  ETA: 0:00:21[K
     batch: 50/100[K
   samples: 6400/12800[K
[A
[A


[K[A
[K[A
epoch 7  53%|███████████████████████                    |  ETA: 0:00:19[K
     batch: 53/100[K
   samples: 6784/12800[K
[A
[A


[K[A
[K[A
epoch 7  56%|█████████████████████████                  |  ETA: 0:00:18[K
     batch: 56/100[K
   samples: 7168/12800[K
[A
[A


[K[A
[K[A
epoch 7  59%|██████████████████████████                 |  ETA: 0:00:17[K
     batch: 59/100[K
   samples: 7552/12800[K
[A
[A


[K[A
[K[A
epoch 7  62%|███████████████████████████                |  ETA: 0:00:16[K
     batch: 62/100[K
   samples: 7936/12800[K
[A
[A


[K[A
[K[A
epoch 7  65%|████████████████████████████               |  ETA: 0:00:14[K
     batch: 65/100[K
   samples: 8320/12800[K
[A
[A


[K[A
[K[A
epoch 7  68%|██████████████████████████████             |  ETA: 0:00:13[K
     batch: 68/100[K
   samples: 8704/12800[K
[A
[A


[K[A
[K[A
epoch 7  71%|███████████████████████████████            |  ETA: 0:00:12[K
     batch: 71/100[K
   samples: 9088/12800[K
[A
[A


[K[A
[K[A
epoch 7  74%|████████████████████████████████           |  ETA: 0:00:11[K
     batch: 74/100[K
   samples: 9472/12800[K
[A
[A


[K[A
[K[A
epoch 7  77%|██████████████████████████████████         |  ETA: 0:00:09[K
     batch: 77/100[K
   samples: 9856/12800[K
[A
[A


[K[A
[K[A
epoch 7  80%|███████████████████████████████████        |  ETA: 0:00:08[K
     batch: 80/100[K
   samples: 10240/12800[K
[A
[A


[K[A
[K[A
epoch 7  83%|████████████████████████████████████       |  ETA: 0:00:07[K
     batch: 83/100[K
   samples: 10624/12800[K
[A
[A


[K[A
[K[A
epoch 7  86%|█████████████████████████████████████      |  ETA: 0:00:06[K
     batch: 86/100[K
   samples: 11008/12800[K
[A
[A


[K[A
[K[A
epoch 7  89%|███████████████████████████████████████    |  ETA: 0:00:04[K
     batch: 89/100[K
   samples: 11392/12800[K
[A
[A


[K[A
[K[A
epoch 7  92%|████████████████████████████████████████   |  ETA: 0:00:03[K
     batch: 92/100[K
   samples: 11776/12800[K
[A
[A


[K[A
[K[A
epoch 7  95%|█████████████████████████████████████████  |  ETA: 0:00:02[K
     batch: 95/100[K
   samples: 12160/12800[K
[A
[A


[K[A
[K[A
epoch 7  98%|███████████████████████████████████████████|  ETA: 0:00:01[K
     batch: 98/100[K
   samples: 12544/12800[K
[A
[A


[K[A
[K[A
epoch 7 100%|███████████████████████████████████████████| Time: 0:00:40[K
     batch: 100/100[K
   samples: 12800/12800[K

epoch 8   3%|██                                         |  ETA: 0:00:35[K
     batch: 3/100[K
   samples: 384/12800[K
[A
[A


[K[A
[K[A
epoch 8   6%|███                                        |  ETA: 0:00:36[K
     batch: 6/100[K
   samples: 768/12800[K
[A
[A


[K[A
[K[A
epoch 8   9%|████                                       |  ETA: 0:00:35[K
     batch: 9/100[K
   samples: 1152/12800[K
[A
[A


[K[A
[K[A
epoch 8  12%|██████                                     |  ETA: 0:00:34[K
     batch: 12/100[K
   samples: 1536/12800[K
[A
[A


[K[A
[K[A
epoch 8  15%|███████                                    |  ETA: 0:00:32[K
     batch: 15/100[K
   samples: 1920/12800[K
[A
[A


[K[A
[K[A
epoch 8  18%|████████                                   |  ETA: 0:00:31[K
     batch: 18/100[K
   samples: 2304/12800[K
[A
[A


[K[A
[K[A
epoch 8  21%|██████████                                 |  ETA: 0:00:30[K
     batch: 21/100[K
   samples: 2688/12800[K
[A
[A


[K[A
[K[A
epoch 8  24%|███████████                                |  ETA: 0:00:29[K
     batch: 24/100[K
   samples: 3072/12800[K
[A
[A


[K[A
[K[A
epoch 8  27%|████████████                               |  ETA: 0:00:28[K
     batch: 27/100[K
   samples: 3456/12800[K
[A
[A


[K[A
[K[A
epoch 8  30%|█████████████                              |  ETA: 0:00:27[K
     batch: 30/100[K
   samples: 3840/12800[K
[A
[A


[K[A
[K[A
epoch 8  33%|███████████████                            |  ETA: 0:00:26[K
     batch: 33/100[K
   samples: 4224/12800[K
[A
[A


[K[A
[K[A
epoch 8  36%|████████████████                           |  ETA: 0:00:25[K
     batch: 36/100[K
   samples: 4608/12800[K
[A
[A


[K[A
[K[A
epoch 8  39%|█████████████████                          |  ETA: 0:00:24[K
     batch: 39/100[K
   samples: 4992/12800[K
[A
[A


[K[A
[K[A
epoch 8  42%|███████████████████                        |  ETA: 0:00:23[K
     batch: 42/100[K
   samples: 5376/12800[K
[A
[A


[K[A
[K[A
epoch 8  45%|████████████████████                       |  ETA: 0:00:21[K
     batch: 45/100[K
   samples: 5760/12800[K
[A
[A


[K[A
[K[A
epoch 8  48%|█████████████████████                      |  ETA: 0:00:20[K
     batch: 48/100[K
   samples: 6144/12800[K
[A
[A


[K[A
[K[A
epoch 8  51%|██████████████████████                     |  ETA: 0:00:19[K
     batch: 51/100[K
   samples: 6528/12800[K
[A
[A


[K[A
[K[A
epoch 8  54%|████████████████████████                   |  ETA: 0:00:18[K
     batch: 54/100[K
   samples: 6912/12800[K
[A
[A


[K[A
[K[A
epoch 8  57%|█████████████████████████                  |  ETA: 0:00:17[K
     batch: 57/100[K
   samples: 7296/12800[K
[A
[A


[K[A
[K[A
epoch 8  60%|██████████████████████████                 |  ETA: 0:00:16[K
     batch: 60/100[K
   samples: 7680/12800[K
[A
[A


[K[A
[K[A
epoch 8  63%|████████████████████████████               |  ETA: 0:00:15[K
     batch: 63/100[K
   samples: 8064/12800[K
[A
[A


[K[A
[K[A
epoch 8  66%|█████████████████████████████              |  ETA: 0:00:13[K
     batch: 66/100[K
   samples: 8448/12800[K
[A
[A


[K[A
[K[A
epoch 8  69%|██████████████████████████████             |  ETA: 0:00:12[K
     batch: 69/100[K
   samples: 8832/12800[K
[A
[A


[K[A
[K[A
epoch 8  72%|███████████████████████████████            |  ETA: 0:00:11[K
     batch: 72/100[K
   samples: 9216/12800[K
[A
[A


[K[A
[K[A
epoch 8  75%|█████████████████████████████████          |  ETA: 0:00:10[K
     batch: 75/100[K
   samples: 9600/12800[K
[A
[A


[K[A
[K[A
epoch 8  78%|██████████████████████████████████         |  ETA: 0:00:09[K
     batch: 78/100[K
   samples: 9984/12800[K
[A
[A


[K[A
[K[A
epoch 8  81%|███████████████████████████████████        |  ETA: 0:00:08[K
     batch: 81/100[K
   samples: 10368/12800[K
[A
[A


[K[A
[K[A
epoch 8  84%|█████████████████████████████████████      |  ETA: 0:00:06[K
     batch: 84/100[K
   samples: 10752/12800[K
[A
[A


[K[A
[K[A
epoch 8  87%|██████████████████████████████████████     |  ETA: 0:00:05[K
     batch: 87/100[K
   samples: 11136/12800[K
[A
[A


[K[A
[K[A
epoch 8  89%|███████████████████████████████████████    |  ETA: 0:00:04[K
     batch: 89/100[K
   samples: 11392/12800[K
[A
[A


[K[A
[K[A
epoch 8  92%|████████████████████████████████████████   |  ETA: 0:00:03[K
     batch: 92/100[K
   samples: 11776/12800[K
[A
[A


[K[A
[K[A
epoch 8  95%|█████████████████████████████████████████  |  ETA: 0:00:02[K
     batch: 95/100[K
   samples: 12160/12800[K
[A
[A


[K[A
[K[A
epoch 8  98%|███████████████████████████████████████████|  ETA: 0:00:01[K
     batch: 98/100[K
   samples: 12544/12800[K
[A
[A


[K[A
[K[A
epoch 8 100%|███████████████████████████████████████████| Time: 0:00:40[K
     batch: 100/100[K
   samples: 12800/12800[K

epoch 9   3%|██                                         |  ETA: 0:00:45[K
     batch: 3/100[K
   samples: 384/12800[K
[A
[A


[K[A
[K[A
epoch 9   6%|███                                        |  ETA: 0:00:41[K
     batch: 6/100[K
   samples: 768/12800[K
[A
[A


[K[A
[K[A
epoch 9   9%|████                                       |  ETA: 0:00:38[K
     batch: 9/100[K
   samples: 1152/12800[K
[A
[A


[K[A
[K[A
epoch 9  12%|██████                                     |  ETA: 0:00:37[K
     batch: 12/100[K
   samples: 1536/12800[K
[A
[A


[K[A
[K[A
epoch 9  15%|███████                                    |  ETA: 0:00:36[K
     batch: 15/100[K
   samples: 1920/12800[K
[A
[A


[K[A
[K[A
epoch 9  18%|████████                                   |  ETA: 0:00:35[K
     batch: 18/100[K
   samples: 2304/12800[K
[A
[A


[K[A
[K[A
epoch 9  21%|██████████                                 |  ETA: 0:00:33[K
     batch: 21/100[K
   samples: 2688/12800[K
[A
[A


[K[A
[K[A
epoch 9  24%|███████████                                |  ETA: 0:00:31[K
     batch: 24/100[K
   samples: 3072/12800[K
[A
[A


[K[A
[K[A
epoch 9  27%|████████████                               |  ETA: 0:00:30[K
     batch: 27/100[K
   samples: 3456/12800[K
[A
[A


[K[A
[K[A
epoch 9  30%|█████████████                              |  ETA: 0:00:28[K
     batch: 30/100[K
   samples: 3840/12800[K
[A
[A


[K[A
[K[A
epoch 9  33%|███████████████                            |  ETA: 0:00:27[K
     batch: 33/100[K
   samples: 4224/12800[K
[A
[A


[K[A
[K[A
epoch 9  36%|████████████████                           |  ETA: 0:00:26[K
     batch: 36/100[K
   samples: 4608/12800[K
[A
[A


[K[A
[K[A
epoch 9  40%|██████████████████                         |  ETA: 0:00:24[K
     batch: 40/100[K
   samples: 5120/12800[K
[A
[A


[K[A
[K[A
epoch 9  43%|███████████████████                        |  ETA: 0:00:22[K
     batch: 43/100[K
   samples: 5504/12800[K
[A
[A


[K[A
[K[A
epoch 9  46%|████████████████████                       |  ETA: 0:00:21[K
     batch: 46/100[K
   samples: 5888/12800[K
[A
[A


[K[A
[K[A
epoch 9  49%|██████████████████████                     |  ETA: 0:00:20[K
     batch: 49/100[K
   samples: 6272/12800[K
[A
[A


[K[A
[K[A
epoch 9  52%|███████████████████████                    |  ETA: 0:00:19[K
     batch: 52/100[K
   samples: 6656/12800[K
[A
[A


[K[A
[K[A
epoch 9  55%|████████████████████████                   |  ETA: 0:00:18[K
     batch: 55/100[K
   samples: 7040/12800[K
[A
[A


[K[A
[K[A
epoch 9  58%|█████████████████████████                  |  ETA: 0:00:16[K
     batch: 58/100[K
   samples: 7424/12800[K
[A
[A


[K[A
[K[A
epoch 9  61%|███████████████████████████                |  ETA: 0:00:15[K
     batch: 61/100[K
   samples: 7808/12800[K
[A
[A


[K[A
[K[A
epoch 9  64%|████████████████████████████               |  ETA: 0:00:14[K
     batch: 64/100[K
   samples: 8192/12800[K
[A
[A


[K[A
[K[A
epoch 9  67%|█████████████████████████████              |  ETA: 0:00:13[K
     batch: 67/100[K
   samples: 8576/12800[K
[A
[A


[K[A
[K[A
epoch 9  70%|███████████████████████████████            |  ETA: 0:00:12[K
     batch: 70/100[K
   samples: 8960/12800[K
[A
[A


[K[A
[K[A
epoch 9  73%|████████████████████████████████           |  ETA: 0:00:11[K
     batch: 73/100[K
   samples: 9344/12800[K
[A
[A


[K[A
[K[A
epoch 9  76%|█████████████████████████████████          |  ETA: 0:00:09[K
     batch: 76/100[K
   samples: 9728/12800[K
[A
[A


[K[A
[K[A
epoch 9  79%|██████████████████████████████████         |  ETA: 0:00:08[K
     batch: 79/100[K
   samples: 10112/12800[K
[A
[A


[K[A
[K[A
epoch 9  82%|████████████████████████████████████       |  ETA: 0:00:07[K
     batch: 82/100[K
   samples: 10496/12800[K
[A
[A


[K[A
[K[A
epoch 9  85%|█████████████████████████████████████      |  ETA: 0:00:06[K
     batch: 85/100[K
   samples: 10880/12800[K
[A
[A


[K[A
[K[A
epoch 9  88%|██████████████████████████████████████     |  ETA: 0:00:05[K
     batch: 88/100[K
   samples: 11264/12800[K
[A
[A


[K[A
[K[A
epoch 9  91%|████████████████████████████████████████   |  ETA: 0:00:04[K
     batch: 91/100[K
   samples: 11648/12800[K
[A
[A


[K[A
[K[A
epoch 9  94%|█████████████████████████████████████████  |  ETA: 0:00:02[K
     batch: 94/100[K
   samples: 12032/12800[K
[A
[A


[K[A
[K[A
epoch 9  97%|██████████████████████████████████████████ |  ETA: 0:00:01[K
     batch: 97/100[K
   samples: 12416/12800[K
[A
[A


[K[A
[K[A
epoch 9 100%|███████████████████████████████████████████| Time: 0:00:39[K
     batch: 100/100[K
   samples: 12800/12800[K

epoch 10   3%|██                                        |  ETA: 0:00:35[K
     batch: 3/100[K
   samples: 384/12800[K
[A
[A


[K[A
[K[A
epoch 10   6%|███                                       |  ETA: 0:00:36[K
     batch: 6/100[K
   samples: 768/12800[K
[A
[A


[K[A
[K[A
epoch 10   9%|████                                      |  ETA: 0:00:36[K
     batch: 9/100[K
   samples: 1152/12800[K
[A
[A


[K[A
[K[A
epoch 10  12%|██████                                    |  ETA: 0:00:36[K
     batch: 12/100[K
   samples: 1536/12800[K
[A
[A


[K[A
[K[A
epoch 10  15%|███████                                   |  ETA: 0:00:34[K
     batch: 15/100[K
   samples: 1920/12800[K
[A
[A


[K[A
[K[A
epoch 10  18%|████████                                  |  ETA: 0:00:33[K
     batch: 18/100[K
   samples: 2304/12800[K
[A
[A


[K[A
[K[A
epoch 10  21%|█████████                                 |  ETA: 0:00:32[K
     batch: 21/100[K
   samples: 2688/12800[K
[A
[A


[K[A
[K[A
epoch 10  24%|███████████                               |  ETA: 0:00:31[K
     batch: 24/100[K
   samples: 3072/12800[K
[A
[A


[K[A
[K[A
epoch 10  27%|████████████                              |  ETA: 0:00:30[K
     batch: 27/100[K
   samples: 3456/12800[K
[A
[A


[K[A
[K[A
epoch 10  30%|█████████████                             |  ETA: 0:00:29[K
     batch: 30/100[K
   samples: 3840/12800[K
[A
[A


[K[A
[K[A
epoch 10  33%|██████████████                            |  ETA: 0:00:28[K
     batch: 33/100[K
   samples: 4224/12800[K
[A
[A


[K[A
[K[A
epoch 10  36%|████████████████                          |  ETA: 0:00:27[K
     batch: 36/100[K
   samples: 4608/12800[K
[A
[A


[K[A
[K[A
epoch 10  39%|█████████████████                         |  ETA: 0:00:25[K
     batch: 39/100[K
   samples: 4992/12800[K
[A
[A


[K[A
[K[A
epoch 10  42%|██████████████████                        |  ETA: 0:00:24[K
     batch: 42/100[K
   samples: 5376/12800[K
[A
[A


[K[A
[K[A
epoch 10  45%|███████████████████                       |  ETA: 0:00:23[K
     batch: 45/100[K
   samples: 5760/12800[K
[A
[A


[K[A
[K[A
epoch 10  48%|█████████████████████                     |  ETA: 0:00:22[K
     batch: 48/100[K
   samples: 6144/12800[K
[A
[A


[K[A
[K[A
epoch 10  51%|██████████████████████                    |  ETA: 0:00:20[K
     batch: 51/100[K
   samples: 6528/12800[K
[A
[A


[K[A
[K[A
epoch 10  54%|███████████████████████                   |  ETA: 0:00:19[K
     batch: 54/100[K
   samples: 6912/12800[K
[A
[A


[K[A
[K[A
epoch 10  57%|████████████████████████                  |  ETA: 0:00:18[K
     batch: 57/100[K
   samples: 7296/12800[K
[A
[A


[K[A
[K[A
epoch 10  60%|██████████████████████████                |  ETA: 0:00:17[K
     batch: 60/100[K
   samples: 7680/12800[K
[A
[A


[K[A
[K[A
epoch 10  63%|███████████████████████████               |  ETA: 0:00:15[K
     batch: 63/100[K
   samples: 8064/12800[K
[A
[A


[K[A
[K[A
epoch 10  66%|████████████████████████████              |  ETA: 0:00:14[K
     batch: 66/100[K
   samples: 8448/12800[K
[A
[A


[K[A
[K[A
epoch 10  69%|█████████████████████████████             |  ETA: 0:00:13[K
     batch: 69/100[K
   samples: 8832/12800[K
[A
[A


[K[A
[K[A
epoch 10  72%|███████████████████████████████           |  ETA: 0:00:12[K
     batch: 72/100[K
   samples: 9216/12800[K
[A
[A


[K[A
[K[A
epoch 10  75%|████████████████████████████████          |  ETA: 0:00:10[K
     batch: 75/100[K
   samples: 9600/12800[K
[A
[A


[K[A
[K[A
epoch 10  78%|█████████████████████████████████         |  ETA: 0:00:09[K
     batch: 78/100[K
   samples: 9984/12800[K
[A
[A


[K[A
[K[A
epoch 10  81%|███████████████████████████████████       |  ETA: 0:00:08[K
     batch: 81/100[K
   samples: 10368/12800[K
[A
[A


[K[A
[K[A
epoch 10  84%|████████████████████████████████████      |  ETA: 0:00:07[K
     batch: 84/100[K
   samples: 10752/12800[K
[A
[A


[K[A
[K[A
epoch 10  87%|█████████████████████████████████████     |  ETA: 0:00:05[K
     batch: 87/100[K
   samples: 11136/12800[K
[A
[A


[K[A
[K[A
epoch 10  90%|██████████████████████████████████████    |  ETA: 0:00:04[K
     batch: 90/100[K
   samples: 11520/12800[K
[A
[A


[K[A
[K[A
epoch 10  93%|████████████████████████████████████████  |  ETA: 0:00:03[K
     batch: 93/100[K
   samples: 11904/12800[K
[A
[A


[K[A
[K[A
epoch 10  96%|█████████████████████████████████████████ |  ETA: 0:00:02[K
     batch: 96/100[K
   samples: 12288/12800[K
[A
[A


[K[A
[K[A
epoch 10  99%|██████████████████████████████████████████|  ETA: 0:00:00[K
     batch: 99/100[K
   samples: 12672/12800[K
[A
[A


[K[A
[K[A
epoch 10 100%|██████████████████████████████████████████| Time: 0:00:41[K
     batch: 100/100[K
   samples: 12800/12800[K
[bootstrap] activated project
[bootstrap] loaded packages
building MNIST 784-120-40 layer
loading training split
training samples: 12800 (100 batches/epoch)
loading train-eval split
train-eval samples: 1000
loading test split
test samples: 1000
constructing 32-worker softplus-margin nudge Adam manager
constructing 32-worker validation manager
starting epochs
epoch 0 train-eval: evaluating 1000 samples
epoch 0 train accuracy 0.068 loss 74.803535
epoch 0 evaluating
epoch 0 test: evaluating 1000 samples
epoch 0 test accuracy 0.075 loss 73.640053 best 0.075
(timestamp = "2026-06-09T17:03:04", epoch = 0, seconds = 0.0, train_accuracy = 0.068, train_loss = 74.803535f0, test_accuracy = 0.075, test_loss = 73.64005f0, pred_counts = "46-174-83-65-77-50-86-245-75-99", w_norm = 0.48583895f0, b_norm = 0.0f0, w_input_norm = 1.5314544f0, grad_w_norm = 0.0f0, grad_b_norm = 0.0f0, grad_w_input_norm = 0.0f0, symmetry_error = 0.0f0, grad_symmetry_error = 0.0f0, best_accuracy = 0.075, best_path = "ext\\IsingLearning\\experiments\\MNIST\\baseline_new_nudge\\experiments\\current\\scout_grid_lowbeta_lowtemp_wd1e4_20260609\\b0p05_T0p00005_wd1e4_lr0p0015_e12_pc1280\\best_checkpoint.bin", final_path = "")
epoch 1 training
epoch 1 batch 1/100 samples 128/12800 elapsed 7.8s
epoch 1 batch 25/100 samples 3200/12800 elapsed 16.3s
epoch 1 batch 50/100 samples 6400/12800 elapsed 24.7s
epoch 1 batch 75/100 samples 9600/12800 elapsed 33.3s
epoch 1 batch 100/100 samples 12800/12800 elapsed 42.2s
epoch 1 training done in 42.228s
epoch 1 train-eval: evaluating 1000 samples
epoch 1 train accuracy 0.391 loss 16.645824
epoch 1 evaluating
epoch 1 test: evaluating 1000 samples
epoch 1 test accuracy 0.405 loss 16.521311 best 0.405
(timestamp = "2026-06-09T17:03:50", epoch = 1, seconds = 42.2279896, train_accuracy = 0.391, train_loss = 16.645824f0, test_accuracy = 0.405, test_loss = 16.52131f0, pred_counts = "138-183-132-36-198-29-27-30-31-196", w_norm = 1.1978241f0, b_norm = 0.11935989f0, w_input_norm = 3.668178f0, grad_w_norm = 6.0790415f0, grad_b_norm = 0.901325f0, grad_w_input_norm = 4.733197f0, symmetry_error = 0.0f0, grad_symmetry_error = 0.0f0, best_accuracy = 0.405, best_path = "ext\\IsingLearning\\experiments\\MNIST\\baseline_new_nudge\\experiments\\current\\scout_grid_lowbeta_lowtemp_wd1e4_20260609\\b0p05_T0p00005_wd1e4_lr0p0015_e12_pc1280\\best_checkpoint.bin", final_path = "")
epoch 2 training
epoch 2 batch 1/100 samples 128/12800 elapsed 0.4s
epoch 2 batch 25/100 samples 3200/12800 elapsed 9.6s
epoch 2 batch 50/100 samples 6400/12800 elapsed 19.4s
epoch 2 batch 75/100 samples 9600/12800 elapsed 29.8s
epoch 2 batch 100/100 samples 12800/12800 elapsed 39.8s
epoch 2 training done in 39.795s
epoch 2 train-eval: evaluating 1000 samples
epoch 2 train accuracy 0.385 loss 15.456566
epoch 2 evaluating
epoch 2 test: evaluating 1000 samples
epoch 2 test accuracy 0.405 loss 15.31118 best 0.405
(timestamp = "2026-06-09T17:04:33", epoch = 2, seconds = 39.7950571, train_accuracy = 0.385, train_loss = 15.456566f0, test_accuracy = 0.405, test_loss = 15.31118f0, pred_counts = "154-141-141-41-187-44-32-49-41-170", w_norm = 1.4246639f0, b_norm = 0.13037847f0, w_input_norm = 4.605215f0, grad_w_norm = 1.5244541f0, grad_b_norm = 0.31830186f0, grad_w_input_norm = 2.3734498f0, symmetry_error = 0.0f0, grad_symmetry_error = 0.0f0, best_accuracy = 0.405, best_path = "ext\\IsingLearning\\experiments\\MNIST\\baseline_new_nudge\\experiments\\current\\scout_grid_lowbeta_lowtemp_wd1e4_20260609\\b0p05_T0p00005_wd1e4_lr0p0015_e12_pc1280\\best_checkpoint.bin", final_path = "")
epoch 3 training
epoch 3 batch 1/100 samples 128/12800 elapsed 0.4s
epoch 3 batch 25/100 samples 3200/12800 elapsed 10.0s
epoch 3 batch 50/100 samples 6400/12800 elapsed 19.6s
epoch 3 batch 75/100 samples 9600/12800 elapsed 29.0s
epoch 3 batch 100/100 samples 12800/12800 elapsed 38.5s
epoch 3 training done in 38.519s
epoch 3 train-eval: evaluating 1000 samples
epoch 3 train accuracy 0.385 loss 16.831562
epoch 3 evaluating
epoch 3 test: evaluating 1000 samples
epoch 3 test accuracy 0.383 loss 16.750254 best 0.405
(timestamp = "2026-06-09T17:05:15", epoch = 3, seconds = 38.5193348, train_accuracy = 0.385, train_loss = 16.831562f0, test_accuracy = 0.383, test_loss = 16.750254f0, pred_counts = "145-156-125-29-211-33-35-23-22-221", w_norm = 1.5743108f0, b_norm = 0.14217226f0, w_input_norm = 5.295191f0, grad_w_norm = 6.5440555f0, grad_b_norm = 1.0983666f0, grad_w_input_norm = 8.89237f0, symmetry_error = 0.0f0, grad_symmetry_error = 0.0f0, best_accuracy = 0.405, best_path = "ext\\IsingLearning\\experiments\\MNIST\\baseline_new_nudge\\experiments\\current\\scout_grid_lowbeta_lowtemp_wd1e4_20260609\\b0p05_T0p00005_wd1e4_lr0p0015_e12_pc1280\\best_checkpoint.bin", final_path = "")
epoch 4 training
epoch 4 batch 1/100 samples 128/12800 elapsed 0.4s
epoch 4 batch 25/100 samples 3200/12800 elapsed 10.0s
epoch 4 batch 50/100 samples 6400/12800 elapsed 19.5s
epoch 4 batch 75/100 samples 9600/12800 elapsed 29.0s
epoch 4 batch 100/100 samples 12800/12800 elapsed 39.3s
epoch 4 training done in 39.281s
epoch 4 train-eval: evaluating 1000 samples
epoch 4 train accuracy 0.414 loss 17.160765
epoch 4 evaluating
epoch 4 test: evaluating 1000 samples
epoch 4 test accuracy 0.396 loss 16.976009 best 0.405
(timestamp = "2026-06-09T17:05:57", epoch = 4, seconds = 39.2810182, train_accuracy = 0.414, train_loss = 17.160765f0, test_accuracy = 0.396, test_loss = 16.97601f0, pred_counts = "172-192-119-20-200-29-29-28-22-189", w_norm = 1.7588243f0, b_norm = 0.15584993f0, w_input_norm = 5.977034f0, grad_w_norm = 1.3222885f0, grad_b_norm = 0.19536781f0, grad_w_input_norm = 1.115182f0, symmetry_error = 0.0f0, grad_symmetry_error = 0.0f0, best_accuracy = 0.405, best_path = "ext\\IsingLearning\\experiments\\MNIST\\baseline_new_nudge\\experiments\\current\\scout_grid_lowbeta_lowtemp_wd1e4_20260609\\b0p05_T0p00005_wd1e4_lr0p0015_e12_pc1280\\best_checkpoint.bin", final_path = "")
epoch 5 training
epoch 5 batch 1/100 samples 128/12800 elapsed 0.4s
epoch 5 batch 25/100 samples 3200/12800 elapsed 10.8s
epoch 5 batch 50/100 samples 6400/12800 elapsed 23.0s
epoch 5 batch 75/100 samples 9600/12800 elapsed 33.2s
epoch 5 batch 100/100 samples 12800/12800 elapsed 43.6s
epoch 5 training done in 43.591s
epoch 5 train-eval: evaluating 1000 samples
epoch 5 train accuracy 0.381 loss 15.314485
epoch 5 evaluating
epoch 5 test: evaluating 1000 samples
epoch 5 test accuracy 0.399 loss 14.976328 best 0.405
(timestamp = "2026-06-09T17:06:44", epoch = 5, seconds = 43.591228, train_accuracy = 0.381, train_loss = 15.314485f0, test_accuracy = 0.399, test_loss = 14.976328f0, pred_counts = "172-138-117-46-166-42-53-48-42-176", w_norm = 1.9144055f0, b_norm = 0.17558597f0, w_input_norm = 6.496606f0, grad_w_norm = 1.3815869f0, grad_b_norm = 0.21430647f0, grad_w_input_norm = 1.5139803f0, symmetry_error = 0.0f0, grad_symmetry_error = 0.0f0, best_accuracy = 0.405, best_path = "ext\\IsingLearning\\experiments\\MNIST\\baseline_new_nudge\\experiments\\current\\scout_grid_lowbeta_lowtemp_wd1e4_20260609\\b0p05_T0p00005_wd1e4_lr0p0015_e12_pc1280\\best_checkpoint.bin", final_path = "")
epoch 6 training
epoch 6 batch 1/100 samples 128/12800 elapsed 0.5s
epoch 6 batch 25/100 samples 3200/12800 elapsed 10.1s
epoch 6 batch 50/100 samples 6400/12800 elapsed 20.3s
epoch 6 batch 75/100 samples 9600/12800 elapsed 30.2s
epoch 6 batch 100/100 samples 12800/12800 elapsed 40.8s
epoch 6 training done in 40.812s
epoch 6 train-eval: evaluating 1000 samples
epoch 6 train accuracy 0.351 loss 18.14114
epoch 6 evaluating
epoch 6 test: evaluating 1000 samples
epoch 6 test accuracy 0.372 loss 18.233145 best 0.405
(timestamp = "2026-06-09T17:07:29", epoch = 6, seconds = 40.812071, train_accuracy = 0.351, train_loss = 18.14114f0, test_accuracy = 0.372, test_loss = 18.233145f0, pred_counts = "105-337-107-11-201-15-15-11-14-184", w_norm = 2.1228437f0, b_norm = 0.19885193f0, w_input_norm = 7.0328326f0, grad_w_norm = 2.901377f0, grad_b_norm = 0.5410534f0, grad_w_input_norm = 4.8382626f0, symmetry_error = 0.0f0, grad_symmetry_error = 0.0f0, best_accuracy = 0.405, best_path = "ext\\IsingLearning\\experiments\\MNIST\\baseline_new_nudge\\experiments\\current\\scout_grid_lowbeta_lowtemp_wd1e4_20260609\\b0p05_T0p00005_wd1e4_lr0p0015_e12_pc1280\\best_checkpoint.bin", final_path = "")
epoch 7 training
epoch 7 batch 1/100 samples 128/12800 elapsed 0.4s
epoch 7 batch 25/100 samples 3200/12800 elapsed 10.3s
epoch 7 batch 50/100 samples 6400/12800 elapsed 20.6s
epoch 7 batch 75/100 samples 9600/12800 elapsed 30.6s
epoch 7 batch 100/100 samples 12800/12800 elapsed 40.3s
epoch 7 training done in 40.279s
epoch 7 train-eval: evaluating 1000 samples
epoch 7 train accuracy 0.367 loss 15.789321
epoch 7 evaluating
epoch 7 test: evaluating 1000 samples
epoch 7 test accuracy 0.377 loss 15.916281 best 0.405
(timestamp = "2026-06-09T17:08:12", epoch = 7, seconds = 40.2793515, train_accuracy = 0.367, train_loss = 15.789321f0, test_accuracy = 0.377, test_loss = 15.916281f0, pred_counts = "165-167-85-35-202-39-45-43-51-168", w_norm = 2.28906f0, b_norm = 0.21522695f0, w_input_norm = 7.4396825f0, grad_w_norm = 1.1657233f0, grad_b_norm = 0.19268326f0, grad_w_input_norm = 1.335015f0, symmetry_error = 0.0f0, grad_symmetry_error = 0.0f0, best_accuracy = 0.405, best_path = "ext\\IsingLearning\\experiments\\MNIST\\baseline_new_nudge\\experiments\\current\\scout_grid_lowbeta_lowtemp_wd1e4_20260609\\b0p05_T0p00005_wd1e4_lr0p0015_e12_pc1280\\best_checkpoint.bin", final_path = "")
epoch 8 training
epoch 8 batch 1/100 samples 128/12800 elapsed 0.4s
epoch 8 batch 25/100 samples 3200/12800 elapsed 9.6s
epoch 8 batch 50/100 samples 6400/12800 elapsed 19.5s
epoch 8 batch 75/100 samples 9600/12800 elapsed 30.1s
epoch 8 batch 100/100 samples 12800/12800 elapsed 40.7s
epoch 8 training done in 40.729s
epoch 8 train-eval: evaluating 1000 samples
epoch 8 train accuracy 0.39 loss 15.26595
epoch 8 evaluating
epoch 8 test: evaluating 1000 samples
epoch 8 test accuracy 0.396 loss 15.083803 best 0.405
(timestamp = "2026-06-09T17:08:56", epoch = 8, seconds = 40.7288499, train_accuracy = 0.39, train_loss = 15.26595f0, test_accuracy = 0.396, test_loss = 15.083803f0, pred_counts = "166-186-140-36-176-41-30-44-42-139", w_norm = 2.381731f0, b_norm = 0.21778925f0, w_input_norm = 7.760667f0, grad_w_norm = 1.2145312f0, grad_b_norm = 0.23903958f0, grad_w_input_norm = 2.2363877f0, symmetry_error = 0.0f0, grad_symmetry_error = 0.0f0, best_accuracy = 0.405, best_path = "ext\\IsingLearning\\experiments\\MNIST\\baseline_new_nudge\\experiments\\current\\scout_grid_lowbeta_lowtemp_wd1e4_20260609\\b0p05_T0p00005_wd1e4_lr0p0015_e12_pc1280\\best_checkpoint.bin", final_path = "")
epoch 9 training
epoch 9 batch 1/100 samples 128/12800 elapsed 0.5s
epoch 9 batch 25/100 samples 3200/12800 elapsed 10.2s
epoch 9 batch 50/100 samples 6400/12800 elapsed 19.4s
epoch 9 batch 75/100 samples 9600/12800 elapsed 29.3s
epoch 9 batch 100/100 samples 12800/12800 elapsed 39.9s
epoch 9 training done in 39.887s
epoch 9 train-eval: evaluating 1000 samples
epoch 9 train accuracy 0.382 loss 17.153507
epoch 9 evaluating
epoch 9 test: evaluating 1000 samples
epoch 9 test accuracy 0.378 loss 17.125992 best 0.405
(timestamp = "2026-06-09T17:09:40", epoch = 9, seconds = 39.8873194, train_accuracy = 0.382, train_loss = 17.153507f0, test_accuracy = 0.378, test_loss = 17.125992f0, pred_counts = "127-170-121-29-219-32-34-21-21-226", w_norm = 2.5421867f0, b_norm = 0.2429567f0, w_input_norm = 8.224794f0, grad_w_norm = 2.4389615f0, grad_b_norm = 0.3345909f0, grad_w_input_norm = 1.0931115f0, symmetry_error = 0.0f0, grad_symmetry_error = 0.0f0, best_accuracy = 0.405, best_path = "ext\\IsingLearning\\experiments\\MNIST\\baseline_new_nudge\\experiments\\current\\scout_grid_lowbeta_lowtemp_wd1e4_20260609\\b0p05_T0p00005_wd1e4_lr0p0015_e12_pc1280\\best_checkpoint.bin", final_path = "")
epoch 10 training
epoch 10 batch 1/100 samples 128/12800 elapsed 0.3s
epoch 10 batch 25/100 samples 3200/12800 elapsed 10.1s
epoch 10 batch 50/100 samples 6400/12800 elapsed 20.8s
epoch 10 batch 75/100 samples 9600/12800 elapsed 31.0s
epoch 10 batch 100/100 samples 12800/12800 elapsed 41.1s
epoch 10 training done in 41.1s
epoch 10 train-eval: evaluating 1000 samples
epoch 10 train accuracy 0.365 loss 16.102118
epoch 10 evaluating
epoch 10 test: evaluating 1000 samples
epoch 10 test accuracy 0.361 loss 15.97124 best 0.405
epoch 10 early stop: test accuracy declined for 2 consecutive evaluated epochs
(timestamp = "2026-06-09T17:10:24", epoch = 10, seconds = 41.1002005, train_accuracy = 0.365, train_loss = 16.102118f0, test_accuracy = 0.361, test_loss = 15.97124f0, pred_counts = "147-118-125-45-216-44-53-34-42-176", w_norm = 2.7092144f0, b_norm = 0.25912946f0, w_input_norm = 8.538934f0, grad_w_norm = 1.4221581f0, grad_b_norm = 0.20886557f0, grad_w_input_norm = 1.1716452f0, symmetry_error = 0.0f0, grad_symmetry_error = 0.0f0, best_accuracy = 0.405, best_path = "ext\\IsingLearning\\experiments\\MNIST\\baseline_new_nudge\\experiments\\current\\scout_grid_lowbeta_lowtemp_wd1e4_20260609\\b0p05_T0p00005_wd1e4_lr0p0015_e12_pc1280\\best_checkpoint.bin", final_path = "")
saved MNIST 784-120-40 softplus-margin nudge baseline in ext\IsingLearning\experiments\MNIST\baseline_new_nudge\experiments\current\scout_grid_lowbeta_lowtemp_wd1e4_20260609\b0p05_T0p00005_wd1e4_lr0p0015_e12_pc1280
