[bootstrap] activated project
[bootstrap] loaded packages
building MNIST 784-120-40 layer
loading training split
training samples: 12800 (100 batches/epoch)
loading train-eval split
train-eval samples: 1000
loading test split
test samples: 1000
constructing 32-worker softplus-margin nudge Adam manager
constructing 32-worker validation manager
starting epochs
epoch 0 train-eval: evaluating 1000 samples
epoch 0 train accuracy 0.068 loss 74.803535
epoch 0 evaluating
epoch 0 test: evaluating 1000 samples
epoch 0 test accuracy 0.075 loss 73.640053 best 0.075
(timestamp = "2026-06-09T17:03:04", epoch = 0, seconds = 0.0, train_accuracy = 0.068, train_loss = 74.803535f0, test_accuracy = 0.075, test_loss = 73.64005f0, pred_counts = "46-174-83-65-77-50-86-245-75-99", w_norm = 0.48583895f0, b_norm = 0.0f0, w_input_norm = 1.5314544f0, grad_w_norm = 0.0f0, grad_b_norm = 0.0f0, grad_w_input_norm = 0.0f0, symmetry_error = 0.0f0, grad_symmetry_error = 0.0f0, best_accuracy = 0.075, best_path = "ext\\IsingLearning\\experiments\\MNIST\\baseline_new_nudge\\experiments\\current\\scout_grid_lowbeta_lowtemp_wd1e4_20260609\\b0p05_T0p00005_wd1e4_lr0p0015_e12_pc1280\\best_checkpoint.bin", final_path = "")
epoch 1 training
epoch 1 batch 1/100 samples 128/12800 elapsed 7.8s
epoch 1 batch 25/100 samples 3200/12800 elapsed 16.3s
epoch 1 batch 50/100 samples 6400/12800 elapsed 24.7s
epoch 1 batch 75/100 samples 9600/12800 elapsed 33.3s
epoch 1 batch 100/100 samples 12800/12800 elapsed 42.2s
epoch 1 training done in 42.228s
epoch 1 train-eval: evaluating 1000 samples
epoch 1 train accuracy 0.391 loss 16.645824
epoch 1 evaluating
epoch 1 test: evaluating 1000 samples
epoch 1 test accuracy 0.405 loss 16.521311 best 0.405
(timestamp = "2026-06-09T17:03:50", epoch = 1, seconds = 42.2279896, train_accuracy = 0.391, train_loss = 16.645824f0, test_accuracy = 0.405, test_loss = 16.52131f0, pred_counts = "138-183-132-36-198-29-27-30-31-196", w_norm = 1.1978241f0, b_norm = 0.11935989f0, w_input_norm = 3.668178f0, grad_w_norm = 6.0790415f0, grad_b_norm = 0.901325f0, grad_w_input_norm = 4.733197f0, symmetry_error = 0.0f0, grad_symmetry_error = 0.0f0, best_accuracy = 0.405, best_path = "ext\\IsingLearning\\experiments\\MNIST\\baseline_new_nudge\\experiments\\current\\scout_grid_lowbeta_lowtemp_wd1e4_20260609\\b0p05_T0p00005_wd1e4_lr0p0015_e12_pc1280\\best_checkpoint.bin", final_path = "")
epoch 2 training
epoch 2 batch 1/100 samples 128/12800 elapsed 0.4s
epoch 2 batch 25/100 samples 3200/12800 elapsed 9.6s
epoch 2 batch 50/100 samples 6400/12800 elapsed 19.4s
epoch 2 batch 75/100 samples 9600/12800 elapsed 29.8s
epoch 2 batch 100/100 samples 12800/12800 elapsed 39.8s
epoch 2 training done in 39.795s
epoch 2 train-eval: evaluating 1000 samples
epoch 2 train accuracy 0.385 loss 15.456566
epoch 2 evaluating
epoch 2 test: evaluating 1000 samples
epoch 2 test accuracy 0.405 loss 15.31118 best 0.405
(timestamp = "2026-06-09T17:04:33", epoch = 2, seconds = 39.7950571, train_accuracy = 0.385, train_loss = 15.456566f0, test_accuracy = 0.405, test_loss = 15.31118f0, pred_counts = "154-141-141-41-187-44-32-49-41-170", w_norm = 1.4246639f0, b_norm = 0.13037847f0, w_input_norm = 4.605215f0, grad_w_norm = 1.5244541f0, grad_b_norm = 0.31830186f0, grad_w_input_norm = 2.3734498f0, symmetry_error = 0.0f0, grad_symmetry_error = 0.0f0, best_accuracy = 0.405, best_path = "ext\\IsingLearning\\experiments\\MNIST\\baseline_new_nudge\\experiments\\current\\scout_grid_lowbeta_lowtemp_wd1e4_20260609\\b0p05_T0p00005_wd1e4_lr0p0015_e12_pc1280\\best_checkpoint.bin", final_path = "")
epoch 3 training
epoch 3 batch 1/100 samples 128/12800 elapsed 0.4s
epoch 3 batch 25/100 samples 3200/12800 elapsed 10.0s
epoch 3 batch 50/100 samples 6400/12800 elapsed 19.6s
epoch 3 batch 75/100 samples 9600/12800 elapsed 29.0s
epoch 3 batch 100/100 samples 12800/12800 elapsed 38.5s
epoch 3 training done in 38.519s
epoch 3 train-eval: evaluating 1000 samples
epoch 3 train accuracy 0.385 loss 16.831562
epoch 3 evaluating
epoch 3 test: evaluating 1000 samples
epoch 3 test accuracy 0.383 loss 16.750254 best 0.405
(timestamp = "2026-06-09T17:05:15", epoch = 3, seconds = 38.5193348, train_accuracy = 0.385, train_loss = 16.831562f0, test_accuracy = 0.383, test_loss = 16.750254f0, pred_counts = "145-156-125-29-211-33-35-23-22-221", w_norm = 1.5743108f0, b_norm = 0.14217226f0, w_input_norm = 5.295191f0, grad_w_norm = 6.5440555f0, grad_b_norm = 1.0983666f0, grad_w_input_norm = 8.89237f0, symmetry_error = 0.0f0, grad_symmetry_error = 0.0f0, best_accuracy = 0.405, best_path = "ext\\IsingLearning\\experiments\\MNIST\\baseline_new_nudge\\experiments\\current\\scout_grid_lowbeta_lowtemp_wd1e4_20260609\\b0p05_T0p00005_wd1e4_lr0p0015_e12_pc1280\\best_checkpoint.bin", final_path = "")
epoch 4 training
epoch 4 batch 1/100 samples 128/12800 elapsed 0.4s
epoch 4 batch 25/100 samples 3200/12800 elapsed 10.0s
epoch 4 batch 50/100 samples 6400/12800 elapsed 19.5s
epoch 4 batch 75/100 samples 9600/12800 elapsed 29.0s
epoch 4 batch 100/100 samples 12800/12800 elapsed 39.3s
epoch 4 training done in 39.281s
epoch 4 train-eval: evaluating 1000 samples
epoch 4 train accuracy 0.414 loss 17.160765
epoch 4 evaluating
epoch 4 test: evaluating 1000 samples
epoch 4 test accuracy 0.396 loss 16.976009 best 0.405
(timestamp = "2026-06-09T17:05:57", epoch = 4, seconds = 39.2810182, train_accuracy = 0.414, train_loss = 17.160765f0, test_accuracy = 0.396, test_loss = 16.97601f0, pred_counts = "172-192-119-20-200-29-29-28-22-189", w_norm = 1.7588243f0, b_norm = 0.15584993f0, w_input_norm = 5.977034f0, grad_w_norm = 1.3222885f0, grad_b_norm = 0.19536781f0, grad_w_input_norm = 1.115182f0, symmetry_error = 0.0f0, grad_symmetry_error = 0.0f0, best_accuracy = 0.405, best_path = "ext\\IsingLearning\\experiments\\MNIST\\baseline_new_nudge\\experiments\\current\\scout_grid_lowbeta_lowtemp_wd1e4_20260609\\b0p05_T0p00005_wd1e4_lr0p0015_e12_pc1280\\best_checkpoint.bin", final_path = "")
epoch 5 training
epoch 5 batch 1/100 samples 128/12800 elapsed 0.4s
epoch 5 batch 25/100 samples 3200/12800 elapsed 10.8s
epoch 5 batch 50/100 samples 6400/12800 elapsed 23.0s
epoch 5 batch 75/100 samples 9600/12800 elapsed 33.2s
epoch 5 batch 100/100 samples 12800/12800 elapsed 43.6s
epoch 5 training done in 43.591s
epoch 5 train-eval: evaluating 1000 samples
epoch 5 train accuracy 0.381 loss 15.314485
epoch 5 evaluating
epoch 5 test: evaluating 1000 samples
epoch 5 test accuracy 0.399 loss 14.976328 best 0.405
(timestamp = "2026-06-09T17:06:44", epoch = 5, seconds = 43.591228, train_accuracy = 0.381, train_loss = 15.314485f0, test_accuracy = 0.399, test_loss = 14.976328f0, pred_counts = "172-138-117-46-166-42-53-48-42-176", w_norm = 1.9144055f0, b_norm = 0.17558597f0, w_input_norm = 6.496606f0, grad_w_norm = 1.3815869f0, grad_b_norm = 0.21430647f0, grad_w_input_norm = 1.5139803f0, symmetry_error = 0.0f0, grad_symmetry_error = 0.0f0, best_accuracy = 0.405, best_path = "ext\\IsingLearning\\experiments\\MNIST\\baseline_new_nudge\\experiments\\current\\scout_grid_lowbeta_lowtemp_wd1e4_20260609\\b0p05_T0p00005_wd1e4_lr0p0015_e12_pc1280\\best_checkpoint.bin", final_path = "")
epoch 6 training
epoch 6 batch 1/100 samples 128/12800 elapsed 0.5s
epoch 6 batch 25/100 samples 3200/12800 elapsed 10.1s
epoch 6 batch 50/100 samples 6400/12800 elapsed 20.3s
epoch 6 batch 75/100 samples 9600/12800 elapsed 30.2s
epoch 6 batch 100/100 samples 12800/12800 elapsed 40.8s
epoch 6 training done in 40.812s
epoch 6 train-eval: evaluating 1000 samples
epoch 6 train accuracy 0.351 loss 18.14114
epoch 6 evaluating
epoch 6 test: evaluating 1000 samples
epoch 6 test accuracy 0.372 loss 18.233145 best 0.405
(timestamp = "2026-06-09T17:07:29", epoch = 6, seconds = 40.812071, train_accuracy = 0.351, train_loss = 18.14114f0, test_accuracy = 0.372, test_loss = 18.233145f0, pred_counts = "105-337-107-11-201-15-15-11-14-184", w_norm = 2.1228437f0, b_norm = 0.19885193f0, w_input_norm = 7.0328326f0, grad_w_norm = 2.901377f0, grad_b_norm = 0.5410534f0, grad_w_input_norm = 4.8382626f0, symmetry_error = 0.0f0, grad_symmetry_error = 0.0f0, best_accuracy = 0.405, best_path = "ext\\IsingLearning\\experiments\\MNIST\\baseline_new_nudge\\experiments\\current\\scout_grid_lowbeta_lowtemp_wd1e4_20260609\\b0p05_T0p00005_wd1e4_lr0p0015_e12_pc1280\\best_checkpoint.bin", final_path = "")
epoch 7 training
epoch 7 batch 1/100 samples 128/12800 elapsed 0.4s
epoch 7 batch 25/100 samples 3200/12800 elapsed 10.3s
epoch 7 batch 50/100 samples 6400/12800 elapsed 20.6s
epoch 7 batch 75/100 samples 9600/12800 elapsed 30.6s
epoch 7 batch 100/100 samples 12800/12800 elapsed 40.3s
epoch 7 training done in 40.279s
epoch 7 train-eval: evaluating 1000 samples
epoch 7 train accuracy 0.367 loss 15.789321
epoch 7 evaluating
epoch 7 test: evaluating 1000 samples
epoch 7 test accuracy 0.377 loss 15.916281 best 0.405
(timestamp = "2026-06-09T17:08:12", epoch = 7, seconds = 40.2793515, train_accuracy = 0.367, train_loss = 15.789321f0, test_accuracy = 0.377, test_loss = 15.916281f0, pred_counts = "165-167-85-35-202-39-45-43-51-168", w_norm = 2.28906f0, b_norm = 0.21522695f0, w_input_norm = 7.4396825f0, grad_w_norm = 1.1657233f0, grad_b_norm = 0.19268326f0, grad_w_input_norm = 1.335015f0, symmetry_error = 0.0f0, grad_symmetry_error = 0.0f0, best_accuracy = 0.405, best_path = "ext\\IsingLearning\\experiments\\MNIST\\baseline_new_nudge\\experiments\\current\\scout_grid_lowbeta_lowtemp_wd1e4_20260609\\b0p05_T0p00005_wd1e4_lr0p0015_e12_pc1280\\best_checkpoint.bin", final_path = "")
epoch 8 training
epoch 8 batch 1/100 samples 128/12800 elapsed 0.4s
epoch 8 batch 25/100 samples 3200/12800 elapsed 9.6s
epoch 8 batch 50/100 samples 6400/12800 elapsed 19.5s
epoch 8 batch 75/100 samples 9600/12800 elapsed 30.1s
epoch 8 batch 100/100 samples 12800/12800 elapsed 40.7s
epoch 8 training done in 40.729s
epoch 8 train-eval: evaluating 1000 samples
epoch 8 train accuracy 0.39 loss 15.26595
epoch 8 evaluating
epoch 8 test: evaluating 1000 samples
epoch 8 test accuracy 0.396 loss 15.083803 best 0.405
(timestamp = "2026-06-09T17:08:56", epoch = 8, seconds = 40.7288499, train_accuracy = 0.39, train_loss = 15.26595f0, test_accuracy = 0.396, test_loss = 15.083803f0, pred_counts = "166-186-140-36-176-41-30-44-42-139", w_norm = 2.381731f0, b_norm = 0.21778925f0, w_input_norm = 7.760667f0, grad_w_norm = 1.2145312f0, grad_b_norm = 0.23903958f0, grad_w_input_norm = 2.2363877f0, symmetry_error = 0.0f0, grad_symmetry_error = 0.0f0, best_accuracy = 0.405, best_path = "ext\\IsingLearning\\experiments\\MNIST\\baseline_new_nudge\\experiments\\current\\scout_grid_lowbeta_lowtemp_wd1e4_20260609\\b0p05_T0p00005_wd1e4_lr0p0015_e12_pc1280\\best_checkpoint.bin", final_path = "")
epoch 9 training
epoch 9 batch 1/100 samples 128/12800 elapsed 0.5s
epoch 9 batch 25/100 samples 3200/12800 elapsed 10.2s
epoch 9 batch 50/100 samples 6400/12800 elapsed 19.4s
epoch 9 batch 75/100 samples 9600/12800 elapsed 29.3s
epoch 9 batch 100/100 samples 12800/12800 elapsed 39.9s
epoch 9 training done in 39.887s
epoch 9 train-eval: evaluating 1000 samples
epoch 9 train accuracy 0.382 loss 17.153507
epoch 9 evaluating
epoch 9 test: evaluating 1000 samples
epoch 9 test accuracy 0.378 loss 17.125992 best 0.405
(timestamp = "2026-06-09T17:09:40", epoch = 9, seconds = 39.8873194, train_accuracy = 0.382, train_loss = 17.153507f0, test_accuracy = 0.378, test_loss = 17.125992f0, pred_counts = "127-170-121-29-219-32-34-21-21-226", w_norm = 2.5421867f0, b_norm = 0.2429567f0, w_input_norm = 8.224794f0, grad_w_norm = 2.4389615f0, grad_b_norm = 0.3345909f0, grad_w_input_norm = 1.0931115f0, symmetry_error = 0.0f0, grad_symmetry_error = 0.0f0, best_accuracy = 0.405, best_path = "ext\\IsingLearning\\experiments\\MNIST\\baseline_new_nudge\\experiments\\current\\scout_grid_lowbeta_lowtemp_wd1e4_20260609\\b0p05_T0p00005_wd1e4_lr0p0015_e12_pc1280\\best_checkpoint.bin", final_path = "")
epoch 10 training
epoch 10 batch 1/100 samples 128/12800 elapsed 0.3s
epoch 10 batch 25/100 samples 3200/12800 elapsed 10.1s
epoch 10 batch 50/100 samples 6400/12800 elapsed 20.8s
epoch 10 batch 75/100 samples 9600/12800 elapsed 31.0s
epoch 10 batch 100/100 samples 12800/12800 elapsed 41.1s
epoch 10 training done in 41.1s
epoch 10 train-eval: evaluating 1000 samples
epoch 10 train accuracy 0.365 loss 16.102118
epoch 10 evaluating
epoch 10 test: evaluating 1000 samples
epoch 10 test accuracy 0.361 loss 15.97124 best 0.405
epoch 10 early stop: test accuracy declined for 2 consecutive evaluated epochs
(timestamp = "2026-06-09T17:10:24", epoch = 10, seconds = 41.1002005, train_accuracy = 0.365, train_loss = 16.102118f0, test_accuracy = 0.361, test_loss = 15.97124f0, pred_counts = "147-118-125-45-216-44-53-34-42-176", w_norm = 2.7092144f0, b_norm = 0.25912946f0, w_input_norm = 8.538934f0, grad_w_norm = 1.4221581f0, grad_b_norm = 0.20886557f0, grad_w_input_norm = 1.1716452f0, symmetry_error = 0.0f0, grad_symmetry_error = 0.0f0, best_accuracy = 0.405, best_path = "ext\\IsingLearning\\experiments\\MNIST\\baseline_new_nudge\\experiments\\current\\scout_grid_lowbeta_lowtemp_wd1e4_20260609\\b0p05_T0p00005_wd1e4_lr0p0015_e12_pc1280\\best_checkpoint.bin", final_path = "")
saved MNIST 784-120-40 softplus-margin nudge baseline in ext\IsingLearning\experiments\MNIST\baseline_new_nudge\experiments\current\scout_grid_lowbeta_lowtemp_wd1e4_20260609\b0p05_T0p00005_wd1e4_lr0p0015_e12_pc1280
