  Activating project at `C:\Users\fenje\dev\InteractiveIsing.jl\ext\IsingLearning`
ERROR: LoadError: DomainError with -0.02:
the learning rate cannot be negative
Stacktrace:
  [1] _assert_positive_eta
    @ C:\Users\fenje\.julia\packages\Optimisers\ZOK0f\src\interface.jl:302 [inlined]
  [2] _assert_positive_eta
    @ C:\Users\fenje\.julia\packages\Optimisers\ZOK0f\src\interface.jl:300 [inlined]
  [3] Adam
    @ C:\Users\fenje\.julia\packages\Optimisers\ZOK0f\src\interface.jl:280 [inlined]
  [4] Adam(eta::Float32)
    @ Optimisers C:\Users\fenje\.julia\packages\Optimisers\ZOK0f\src\interface.jl:279
  [5] build_trainer(hidden::Int64, config_id::Int64)
    @ Main C:\Users\fenje\dev\InteractiveIsing.jl\ext\IsingLearning\experiments\mnist_manager\mnist_small_sweep_grid.jl:97
  [6] run_config(hidden::Int64, config_id::Int64)
    @ Main C:\Users\fenje\dev\InteractiveIsing.jl\ext\IsingLearning\experiments\mnist_manager\mnist_small_sweep_grid.jl:153
  [7] top-level scope
    @ C:\Users\fenje\dev\InteractiveIsing.jl\ext\IsingLearning\experiments\mnist_manager\mnist_small_sweep_grid.jl:243
  [8] include(mod::Module, _path::String)
    @ Base .\Base.jl:306
  [9] exec_options(opts::Base.JLOptions)
    @ Base .\client.jl:317
 [10] _start()
    @ Base .\client.jl:550
in expression starting at C:\Users\fenje\dev\InteractiveIsing.jl\ext\IsingLearning\experiments\mnist_manager\mnist_small_sweep_grid.jl:242
