[bootstrap] activated project
[bootstrap] loaded packages
building MNIST 784-120-40 layer
loading training split
training samples: 12800 (100 batches/epoch)
loading train-eval split
train-eval samples: 1000
loading test split
test samples: 1000
constructing 32-worker softplus-margin nudge Adam manager
constructing 32-worker validation manager
starting epochs
restoring checkpoint state from ext/IsingLearning/experiments/MNIST/baseline_new_nudge/experiments/current/symmetric_nudge_target_weight_grid_v4_20260609/b0p020_lr0p00025_T0p00005_wd0p001_step0p5_pos9p0_neg0p50_priortrue_adaptivefalse/best_checkpoint.bin
epoch 4 training
epoch 4 batch 1/100 samples 128/12800 elapsed 16.8s
epoch 4 batch 25/100 samples 3200/12800 elapsed 34.1s
epoch 4 batch 50/100 samples 6400/12800 elapsed 52.2s
epoch 4 batch 75/100 samples 9600/12800 elapsed 70.8s
epoch 4 batch 100/100 samples 12800/12800 elapsed 90.4s
epoch 4 training done in 90.402s
epoch 4 train-eval: evaluating 1000 samples
epoch 4 train accuracy 0.568 loss 12.801579
epoch 4 evaluating
epoch 4 test: evaluating 1000 samples
epoch 4 test accuracy 0.575 loss 12.81911 best 0.575
(timestamp = "2026-06-09T23:20:22", epoch = 4, seconds = 90.4015868, train_accuracy = 0.568, train_loss = 12.8015785f0, test_accuracy = 0.575, test_loss = 12.81911f0, pred_counts = "141-157-118-143-172-96-103-21-27-22", w_norm = 0.60195374f0, b_norm = 0.03282925f0, w_input_norm = 1.5898044f0, grad_w_norm = 12.6507015f0, grad_b_norm = 1.5596797f0, grad_w_input_norm = 8.282096f0, effective_w_decay = 0.001f0, effective_w_input_decay = 0.001f0, symmetry_error = 0.0f0, grad_symmetry_error = 0.0f0, best_accuracy = 0.575, best_path = "ext\\IsingLearning\\experiments\\MNIST\\baseline_new_nudge\\experiments\\current\\symmetric_nudge_resume_from_v4_best_20260609\\resume_lr0p00015_reset\\best_checkpoint.bin", final_path = "")
epoch 5 training
epoch 5 batch 1/100 samples 128/12800 elapsed 0.8s
epoch 5 batch 25/100 samples 3200/12800 elapsed 20.0s
epoch 5 batch 50/100 samples 6400/12800 elapsed 39.4s
epoch 5 batch 75/100 samples 9600/12800 elapsed 59.9s
epoch 5 batch 100/100 samples 12800/12800 elapsed 81.3s
epoch 5 training done in 81.275s
epoch 5 train-eval: evaluating 1000 samples
epoch 5 train accuracy 0.619 loss 13.81382
epoch 5 evaluating
epoch 5 test: evaluating 1000 samples
epoch 5 test accuracy 0.613 loss 13.66136 best 0.613
(timestamp = "2026-06-09T23:21:48", epoch = 5, seconds = 81.2752963, train_accuracy = 0.619, train_loss = 13.81382f0, test_accuracy = 0.613, test_loss = 13.66136f0, pred_counts = "157-115-108-185-190-28-92-115-4-6", w_norm = 0.62153834f0, b_norm = 0.03658262f0, w_input_norm = 1.6348288f0, grad_w_norm = 6.4924355f0, grad_b_norm = 0.9930274f0, grad_w_input_norm = 7.4734077f0, effective_w_decay = 0.001f0, effective_w_input_decay = 0.001f0, symmetry_error = 0.0f0, grad_symmetry_error = 0.0f0, best_accuracy = 0.613, best_path = "ext\\IsingLearning\\experiments\\MNIST\\baseline_new_nudge\\experiments\\current\\symmetric_nudge_resume_from_v4_best_20260609\\resume_lr0p00015_reset\\best_checkpoint.bin", final_path = "")
epoch 6 training
epoch 6 batch 1/100 samples 128/12800 elapsed 0.7s
epoch 6 batch 25/100 samples 3200/12800 elapsed 20.6s
epoch 6 batch 50/100 samples 6400/12800 elapsed 42.8s
epoch 6 batch 75/100 samples 9600/12800 elapsed 64.4s
epoch 6 batch 100/100 samples 12800/12800 elapsed 85.9s
epoch 6 training done in 85.934s
epoch 6 train-eval: evaluating 1000 samples
epoch 6 train accuracy 0.634 loss 13.321177
epoch 6 evaluating
epoch 6 test: evaluating 1000 samples
epoch 6 test accuracy 0.647 loss 13.103011 best 0.647
(timestamp = "2026-06-09T23:23:18", epoch = 6, seconds = 85.9343388, train_accuracy = 0.634, train_loss = 13.3211775f0, test_accuracy = 0.647, test_loss = 13.103011f0, pred_counts = "120-123-117-129-167-67-76-193-6-2", w_norm = 0.6421629f0, b_norm = 0.04070374f0, w_input_norm = 1.6757033f0, grad_w_norm = 9.765319f0, grad_b_norm = 1.285055f0, grad_w_input_norm = 8.736875f0, effective_w_decay = 0.001f0, effective_w_input_decay = 0.001f0, symmetry_error = 0.0f0, grad_symmetry_error = 0.0f0, best_accuracy = 0.647, best_path = "ext\\IsingLearning\\experiments\\MNIST\\baseline_new_nudge\\experiments\\current\\symmetric_nudge_resume_from_v4_best_20260609\\resume_lr0p00015_reset\\best_checkpoint.bin", final_path = "")
epoch 7 training
epoch 7 batch 1/100 samples 128/12800 elapsed 0.8s
epoch 7 batch 25/100 samples 3200/12800 elapsed 20.8s
epoch 7 batch 50/100 samples 6400/12800 elapsed 40.0s
epoch 7 batch 75/100 samples 9600/12800 elapsed 61.0s
epoch 7 batch 100/100 samples 12800/12800 elapsed 81.6s
epoch 7 training done in 81.645s
epoch 7 train-eval: evaluating 1000 samples
epoch 7 train accuracy 0.622 loss 13.409914
epoch 7 evaluating
epoch 7 test: evaluating 1000 samples
epoch 7 test accuracy 0.609 loss 13.203733 best 0.647
(timestamp = "2026-06-09T23:24:43", epoch = 7, seconds = 81.6452857, train_accuracy = 0.622, train_loss = 13.409914f0, test_accuracy = 0.609, test_loss = 13.203733f0, pred_counts = "131-115-110-204-171-64-71-120-8-6", w_norm = 0.658572f0, b_norm = 0.04521879f0, w_input_norm = 1.7202721f0, grad_w_norm = 6.6497335f0, grad_b_norm = 0.8907012f0, grad_w_input_norm = 5.2641773f0, effective_w_decay = 0.001f0, effective_w_input_decay = 0.001f0, symmetry_error = 0.0f0, grad_symmetry_error = 0.0f0, best_accuracy = 0.647, best_path = "ext\\IsingLearning\\experiments\\MNIST\\baseline_new_nudge\\experiments\\current\\symmetric_nudge_resume_from_v4_best_20260609\\resume_lr0p00015_reset\\best_checkpoint.bin", final_path = "")
epoch 8 training
epoch 8 batch 1/100 samples 128/12800 elapsed 0.8s
epoch 8 batch 25/100 samples 3200/12800 elapsed 19.3s
epoch 8 batch 50/100 samples 6400/12800 elapsed 39.9s
epoch 8 batch 75/100 samples 9600/12800 elapsed 60.7s
epoch 8 batch 100/100 samples 12800/12800 elapsed 83.0s
epoch 8 training done in 82.951s
epoch 8 train-eval: evaluating 1000 samples
epoch 8 train accuracy 0.62 loss 13.271274
epoch 8 evaluating
epoch 8 test: evaluating 1000 samples
epoch 8 test accuracy 0.626 loss 13.129021 best 0.647
(timestamp = "2026-06-09T23:26:09", epoch = 8, seconds = 82.9509037, train_accuracy = 0.62, train_loss = 13.271274f0, test_accuracy = 0.626, test_loss = 13.129021f0, pred_counts = "125-199-122-101-147-143-74-76-2-11", w_norm = 0.67523324f0, b_norm = 0.047817808f0, w_input_norm = 1.7582037f0, grad_w_norm = 8.653457f0, grad_b_norm = 1.0390525f0, grad_w_input_norm = 4.581008f0, effective_w_decay = 0.001f0, effective_w_input_decay = 0.001f0, symmetry_error = 0.0f0, grad_symmetry_error = 0.0f0, best_accuracy = 0.647, best_path = "ext\\IsingLearning\\experiments\\MNIST\\baseline_new_nudge\\experiments\\current\\symmetric_nudge_resume_from_v4_best_20260609\\resume_lr0p00015_reset\\best_checkpoint.bin", final_path = "")
epoch 9 training
epoch 9 batch 1/100 samples 128/12800 elapsed 0.9s
epoch 9 batch 25/100 samples 3200/12800 elapsed 21.7s
epoch 9 batch 50/100 samples 6400/12800 elapsed 43.9s
epoch 9 batch 75/100 samples 9600/12800 elapsed 66.0s
epoch 9 batch 100/100 samples 12800/12800 elapsed 88.6s
epoch 9 training done in 88.626s
epoch 9 train-eval: evaluating 1000 samples
epoch 9 train accuracy 0.669 loss 12.550866
epoch 9 evaluating
epoch 9 test: evaluating 1000 samples
epoch 9 test accuracy 0.668 loss 12.393614 best 0.668
(timestamp = "2026-06-09T23:27:41", epoch = 9, seconds = 88.626148, train_accuracy = 0.669, train_loss = 12.550866f0, test_accuracy = 0.668, test_loss = 12.393614f0, pred_counts = "112-128-126-178-117-53-115-151-14-6", w_norm = 0.6906739f0, b_norm = 0.05048462f0, w_input_norm = 1.7890912f0, grad_w_norm = 10.558964f0, grad_b_norm = 1.0980207f0, grad_w_input_norm = 9.54557f0, effective_w_decay = 0.001f0, effective_w_input_decay = 0.001f0, symmetry_error = 0.0f0, grad_symmetry_error = 0.0f0, best_accuracy = 0.668, best_path = "ext\\IsingLearning\\experiments\\MNIST\\baseline_new_nudge\\experiments\\current\\symmetric_nudge_resume_from_v4_best_20260609\\resume_lr0p00015_reset\\best_checkpoint.bin", final_path = "")
epoch 10 training
epoch 10 batch 1/100 samples 128/12800 elapsed 0.7s
epoch 10 batch 25/100 samples 3200/12800 elapsed 18.6s
epoch 10 batch 50/100 samples 6400/12800 elapsed 38.4s
epoch 10 batch 75/100 samples 9600/12800 elapsed 58.9s
epoch 10 batch 100/100 samples 12800/12800 elapsed 78.2s
epoch 10 training done in 78.206s
epoch 10 train-eval: evaluating 1000 samples
epoch 10 train accuracy 0.631 loss 12.931406
epoch 10 evaluating
epoch 10 test: evaluating 1000 samples
epoch 10 test accuracy 0.619 loss 13.173699 best 0.668
(timestamp = "2026-06-09T23:29:03", epoch = 10, seconds = 78.2055166, train_accuracy = 0.631, train_loss = 12.931406f0, test_accuracy = 0.619, test_loss = 13.173699f0, pred_counts = "115-101-132-244-109-79-78-127-6-9", w_norm = 0.7046428f0, b_norm = 0.05314299f0, w_input_norm = 1.8196986f0, grad_w_norm = 10.660927f0, grad_b_norm = 1.3675541f0, grad_w_input_norm = 10.586886f0, effective_w_decay = 0.001f0, effective_w_input_decay = 0.001f0, symmetry_error = 0.0f0, grad_symmetry_error = 0.0f0, best_accuracy = 0.668, best_path = "ext\\IsingLearning\\experiments\\MNIST\\baseline_new_nudge\\experiments\\current\\symmetric_nudge_resume_from_v4_best_20260609\\resume_lr0p00015_reset\\best_checkpoint.bin", final_path = "")
epoch 11 training
epoch 11 batch 1/100 samples 128/12800 elapsed 0.8s
epoch 11 batch 25/100 samples 3200/12800 elapsed 21.2s
epoch 11 batch 50/100 samples 6400/12800 elapsed 42.9s
epoch 11 batch 75/100 samples 9600/12800 elapsed 64.3s
epoch 11 batch 100/100 samples 12800/12800 elapsed 85.0s
epoch 11 training done in 85.042s
epoch 11 train-eval: evaluating 1000 samples
epoch 11 train accuracy 0.642 loss 12.887365
epoch 11 evaluating
epoch 11 test: evaluating 1000 samples
epoch 11 test accuracy 0.643 loss 12.588126 best 0.668
(timestamp = "2026-06-09T23:30:31", epoch = 11, seconds = 85.0415645, train_accuracy = 0.642, train_loss = 12.887365f0, test_accuracy = 0.643, test_loss = 12.588126f0, pred_counts = "125-127-128-165-156-110-71-109-4-5", w_norm = 0.71591866f0, b_norm = 0.055903696f0, w_input_norm = 1.850971f0, grad_w_norm = 8.841072f0, grad_b_norm = 1.065689f0, grad_w_input_norm = 5.4141064f0, effective_w_decay = 0.001f0, effective_w_input_decay = 0.001f0, symmetry_error = 0.0f0, grad_symmetry_error = 0.0f0, best_accuracy = 0.668, best_path = "ext\\IsingLearning\\experiments\\MNIST\\baseline_new_nudge\\experiments\\current\\symmetric_nudge_resume_from_v4_best_20260609\\resume_lr0p00015_reset\\best_checkpoint.bin", final_path = "")
epoch 12 training
epoch 12 batch 1/100 samples 128/12800 elapsed 1.0s
epoch 12 batch 25/100 samples 3200/12800 elapsed 21.7s
epoch 12 batch 50/100 samples 6400/12800 elapsed 44.2s
epoch 12 batch 75/100 samples 9600/12800 elapsed 65.4s
epoch 12 batch 100/100 samples 12800/12800 elapsed 84.4s
epoch 12 training done in 84.38s
epoch 12 train-eval: evaluating 1000 samples
epoch 12 train accuracy 0.67 loss 12.185441
epoch 12 evaluating
epoch 12 test: evaluating 1000 samples
epoch 12 test accuracy 0.689 loss 11.860693 best 0.689
(timestamp = "2026-06-09T23:31:59", epoch = 12, seconds = 84.380021, train_accuracy = 0.67, train_loss = 12.185441f0, test_accuracy = 0.689, test_loss = 11.860693f0, pred_counts = "129-133-124-127-165-100-98-99-16-9", w_norm = 0.73566824f0, b_norm = 0.05721366f0, w_input_norm = 1.877811f0, grad_w_norm = 5.718854f0, grad_b_norm = 0.9034037f0, grad_w_input_norm = 6.030443f0, effective_w_decay = 0.001f0, effective_w_input_decay = 0.001f0, symmetry_error = 0.0f0, grad_symmetry_error = 0.0f0, best_accuracy = 0.689, best_path = "ext\\IsingLearning\\experiments\\MNIST\\baseline_new_nudge\\experiments\\current\\symmetric_nudge_resume_from_v4_best_20260609\\resume_lr0p00015_reset\\best_checkpoint.bin", final_path = "ext\\IsingLearning\\experiments\\MNIST\\baseline_new_nudge\\experiments\\current\\symmetric_nudge_resume_from_v4_best_20260609\\resume_lr0p00015_reset\\final_checkpoint.bin")
saved MNIST 784-120-40 softplus-margin nudge baseline in ext\IsingLearning\experiments\MNIST\baseline_new_nudge\experiments\current\symmetric_nudge_resume_from_v4_best_20260609\resume_lr0p00015_reset
