  Activating project at `~/Documents/GitHub/InteractiveIsing.jl/ext/IsingLearning`
┌ Warning: Overlapping GeneralState field names encountered during merge; later defaults will override earlier ones.
│   overlapping_fields =
│    2-element Vector{Symbol}:
│     :equilibrium_state
│     :x
└ @ IsingLearning.InteractiveIsing.StatefulAlgorithms ~/Documents/GitHub/InteractiveIsing.jl/deps/StatefulAlgorithms/src/Widgets/GeneralState.jl:54
┌ Warning: Overlapping GeneralState field names encountered during merge; later defaults will override earlier ones.
│   overlapping_fields =
│    3-element Vector{Symbol}:
│     :equilibrium_state
│     :y
│     :x
└ @ IsingLearning.InteractiveIsing.StatefulAlgorithms ~/Documents/GitHub/InteractiveIsing.jl/deps/StatefulAlgorithms/src/Widgets/GeneralState.jl:54
Running 2-input statistical XOR EP: (epochs = 2000, log_every = 100, minit = 16, eval_repeats = 64, hidden = 16, beta = 0.05, lr = 0.0005, weight_decay = 0.0, temp = 0.001, stepsize = 0.1, block_size = 8, free_relaxation = 50, nudged_relaxation = 50, state = :continuous, dynamics = :langevin, init_mode = :zero, training_rule = :ep, target_free_sign = :target_minus_free)
epoch=0 mse=0.99982 acc=0.5
    case=(false, false) input=[-1.0, -1.0] target=[1.0, -1.0] mean=[-0.0311, -0.0269] std=0.02399
    case=(false, true) input=[-1.0, 1.0] target=[-1.0, 1.0] mean=[-0.0323, -0.0234] std=0.02284
    case=(true, false) input=[1.0, -1.0] target=[-1.0, 1.0] mean=[-0.0312, -0.0264] std=0.02642
    case=(true, true) input=[1.0, 1.0] target=[1.0, -1.0] mean=[-0.0325, -0.0271] std=0.02447
epoch=1 mse=1.001702 acc=0.5 grad=0.266963 response=0.038577 delta=0.006041
epoch=100 mse=1.003087 acc=0.25 grad=0.286993 response=0.036084 delta=0.103639
epoch=200 mse=1.001146 acc=0.5 grad=0.297826 response=0.034393 delta=0.197852
epoch=300 mse=1.001793 acc=0.25 grad=0.221407 response=0.032448 delta=0.26312
epoch=400 mse=1.000808 acc=0.5 grad=0.236711 response=0.030769 delta=0.310147
epoch=500 mse=0.997806 acc=0.75 grad=0.253275 response=0.029521 delta=0.358943
epoch=600 mse=0.99904 acc=0.5 grad=0.214742 response=0.028642 delta=0.397079
epoch=700 mse=0.99694 acc=0.5 grad=0.25513 response=0.027697 delta=0.426033
epoch=800 mse=1.000779 acc=0.5 grad=0.215351 response=0.026782 delta=0.457884
epoch=900 mse=0.999284 acc=0.5 grad=0.242043 response=0.02619 delta=0.488724
epoch=1000 mse=0.998885 acc=0.5 grad=0.275775 response=0.024845 delta=0.523902
epoch=1100 mse=1.000136 acc=0.5 grad=0.287941 response=0.025479 delta=0.541097
epoch=1200 mse=1.000754 acc=0.5 grad=0.238273 response=0.024248 delta=0.552042
epoch=1300 mse=0.998877 acc=0.75 grad=0.204657 response=0.024615 delta=0.578524
epoch=1400 mse=0.999326 acc=0.75 grad=0.237272 response=0.024002 delta=0.592295
epoch=1500 mse=1.00237 acc=0.25 grad=0.269072 response=0.024017 delta=0.602001
epoch=1600 mse=0.999521 acc=0.5 grad=0.260034 response=0.023704 delta=0.612752
epoch=1700 mse=0.997763 acc=0.5 grad=0.228234 response=0.023683 delta=0.616543
epoch=1800 mse=0.99911 acc=0.25 grad=0.215242 response=0.023659 delta=0.624442
epoch=1900 mse=0.997388 acc=1.0 grad=0.264926 response=0.023624 delta=0.62894
epoch=2000 mse=1.004128 acc=0.0 grad=0.254726 response=0.022993 delta=0.633711
restored best mse=1.001351 acc=0.25
    case=(false, false) input=[-1.0, -1.0] target=[1.0, -1.0] mean=[-0.0124, -0.0166] std=0.02493
    case=(false, true) input=[-1.0, 1.0] target=[-1.0, 1.0] mean=[-0.013, -0.0192] std=0.02403
    case=(true, false) input=[1.0, -1.0] target=[-1.0, 1.0] mean=[-0.0099, -0.0121] std=0.02574
    case=(true, true) input=[1.0, 1.0] target=[1.0, -1.0] mean=[-0.0142, -0.0137] std=0.02349
Saved CSV: ext/IsingLearning/runs/xor_2input_langevin_reproduce_smallbeta_20260510_024134/T001_s010_lr0005_b005_rel50_seed62000/xor_statistical_ep_2input.csv
Saved plot: ext/IsingLearning/runs/xor_2input_langevin_reproduce_smallbeta_20260510_024134/T001_s010_lr0005_b005_rel50_seed62000/xor_statistical_ep_2input.png
Saved graph: ext/IsingLearning/runs/xor_2input_langevin_reproduce_smallbeta_20260510_024134/T001_s010_lr0005_b005_rel50_seed62000/xor_statistical_ep_2input_trained_graph.jld2
