  Activating project at `~/Documents/GitHub/InteractiveIsing.jl/ext/IsingLearning`
┌ Warning: Overlapping GeneralState field names encountered during merge; later defaults will override earlier ones.
│   overlapping_fields =
│    2-element Vector{Symbol}:
│     :equilibrium_state
│     :x
└ @ IsingLearning.InteractiveIsing.StatefulAlgorithms ~/Documents/GitHub/InteractiveIsing.jl/deps/StatefulAlgorithms/src/Widgets/GeneralState.jl:54
┌ Warning: Overlapping GeneralState field names encountered during merge; later defaults will override earlier ones.
│   overlapping_fields =
│    3-element Vector{Symbol}:
│     :equilibrium_state
│     :y
│     :x
└ @ IsingLearning.InteractiveIsing.StatefulAlgorithms ~/Documents/GitHub/InteractiveIsing.jl/deps/StatefulAlgorithms/src/Widgets/GeneralState.jl:54
Running 2-input statistical XOR EP: (epochs = 1000, log_every = 250, minit = 4, eval_repeats = 32, hidden = 16, beta = 1.0, lr = 0.0015, weight_decay = 0.0001, temp = 0.05, stepsize = 0.05, block_size = 8, free_relaxation = 1000, nudged_relaxation = 1000, state = :continuous, dynamics = :langevin, init_mode = :random, training_rule = :ep, target_free_sign = :target_minus_free)
epoch=0 mse=1.062392 acc=0.5
    case=(false, false) input=[-1.0, -1.0] target=[1.0, -1.0] mean=[-0.3799, 0.0682] std=0.77974
    case=(false, true) input=[-1.0, 1.0] target=[-1.0, 1.0] mean=[-0.0522, -0.0371] std=0.82682
    case=(true, false) input=[1.0, -1.0] target=[-1.0, 1.0] mean=[0.0233, 0.0147] std=0.78223
    case=(true, true) input=[1.0, 1.0] target=[1.0, -1.0] mean=[0.0195, -0.2924] std=0.84933
epoch=1 mse=1.08901 acc=0.5 grad=0.86945 response=0.533705 delta=0.018248
epoch=250 mse=0.955663 acc=0.5 grad=0.827806 response=0.623039 delta=1.873545
epoch=500 mse=1.019721 acc=0.75 grad=0.822467 response=0.668067 delta=2.358098
epoch=750 mse=0.936774 acc=1.0 grad=0.716631 response=0.667532 delta=2.58046
epoch=1000 mse=0.955905 acc=0.75 grad=0.618004 response=0.694816 delta=2.661506
restored best mse=0.931558 acc=0.75
    case=(false, false) input=[-1.0, -1.0] target=[1.0, -1.0] mean=[-0.0934, -0.0834] std=0.53645
    case=(false, true) input=[-1.0, 1.0] target=[-1.0, 1.0] mean=[-0.0104, 0.0767] std=0.57017
    case=(true, false) input=[1.0, -1.0] target=[-1.0, 1.0] mean=[-0.0744, -0.0714] std=0.59863
    case=(true, true) input=[1.0, 1.0] target=[1.0, -1.0] mean=[0.2161, -0.0172] std=0.56268
Saved CSV: ext/IsingLearning/runs/xor_langevin_2input_search_focused_1000/T005_s005/xor_statistical_ep_2input.csv
Saved plot: ext/IsingLearning/runs/xor_langevin_2input_search_focused_1000/T005_s005/xor_statistical_ep_2input.png
Saved graph: ext/IsingLearning/runs/xor_langevin_2input_search_focused_1000/T005_s005/xor_statistical_ep_2input_trained_graph.jld2
