  Activating project at `C:\Users\fenje\dev\InteractiveIsing.jl\ext\IsingLearning`
┌ Warning: this run uses a subsampled balanced training split, so it is not the full balanced MNIST baseline
│   train_per_class = 1280
└ @ Main C:\Users\fenje\dev\InteractiveIsing.jl\ext\IsingLearning\experiments\MNIST\baseline_new_nudge\mnist_784_120_40_softplus_margin_nudge_adam.jl:1529
┌ Warning: this run uses a subsampled balanced test split, so reported accuracy will be noisy
│   test_per_class = 100
└ @ Main C:\Users\fenje\dev\InteractiveIsing.jl\ext\IsingLearning\experiments\MNIST\baseline_new_nudge\mnist_784_120_40_softplus_margin_nudge_adam.jl:1530

epoch 1   2%|█                                          |  ETA: 0:06:45[K
     batch: 2/100[K
   samples: 256/12800[K
[A
[A


[K[A
[K[A
epoch 1   8%|████                                       |  ETA: 0:02:01[K
     batch: 8/100[K
   samples: 1024/12800[K
[A
[A


[K[A
[K[A
epoch 1  11%|█████                                      |  ETA: 0:01:33[K
     batch: 11/100[K
   samples: 1408/12800[K
[A
[A


[K[A
[K[A
epoch 1  14%|███████                                    |  ETA: 0:01:18[K
     batch: 14/100[K
   samples: 1792/12800[K
[A
[A


[K[A
[K[A
epoch 1  17%|████████                                   |  ETA: 0:01:07[K
     batch: 17/100[K
   samples: 2176/12800[K
[A
[A


[K[A
[K[A
epoch 1  20%|█████████                                  |  ETA: 0:00:59[K
     batch: 20/100[K
   samples: 2560/12800[K
[A
[A


[K[A
[K[A
epoch 1  23%|██████████                                 |  ETA: 0:00:53[K
     batch: 23/100[K
   samples: 2944/12800[K
[A
[A


[K[A
[K[A
epoch 1  26%|████████████                               |  ETA: 0:00:48[K
     batch: 26/100[K
   samples: 3328/12800[K
[A
[A


[K[A
[K[A
epoch 1  29%|█████████████                              |  ETA: 0:00:44[K
     batch: 29/100[K
   samples: 3712/12800[K
[A
[A


[K[A
[K[A
epoch 1  32%|██████████████                             |  ETA: 0:00:40[K
     batch: 32/100[K
   samples: 4096/12800[K
[A
[A


[K[A
[K[A
epoch 1  35%|████████████████                           |  ETA: 0:00:37[K
     batch: 35/100[K
   samples: 4480/12800[K
[A
[A


[K[A
[K[A
epoch 1  38%|█████████████████                          |  ETA: 0:00:34[K
     batch: 38/100[K
   samples: 4864/12800[K
[A
[A


[K[A
[K[A
epoch 1  41%|██████████████████                         |  ETA: 0:00:31[K
     batch: 41/100[K
   samples: 5248/12800[K
[A
[A


[K[A
[K[A
epoch 1  44%|███████████████████                        |  ETA: 0:00:29[K
     batch: 44/100[K
   samples: 5632/12800[K
[A
[A


[K[A
[K[A
epoch 1  47%|█████████████████████                      |  ETA: 0:00:27[K
     batch: 47/100[K
   samples: 6016/12800[K
[A
[A


[K[A
[K[A
epoch 1  50%|██████████████████████                     |  ETA: 0:00:25[K
     batch: 50/100[K
   samples: 6400/12800[K
[A
[A


[K[A
[K[A
epoch 1  53%|███████████████████████                    |  ETA: 0:00:23[K
     batch: 53/100[K
   samples: 6784/12800[K
[A
[A


[K[A
[K[A
epoch 1  56%|█████████████████████████                  |  ETA: 0:00:21[K
     batch: 56/100[K
   samples: 7168/12800[K
[A
[A


[K[A
[K[A
epoch 1  59%|██████████████████████████                 |  ETA: 0:00:20[K
     batch: 59/100[K
   samples: 7552/12800[K
[A
[A


[K[A
[K[A
epoch 1  62%|███████████████████████████                |  ETA: 0:00:18[K
     batch: 62/100[K
   samples: 7936/12800[K
[A
[A


[K[A
[K[A
epoch 1  65%|████████████████████████████               |  ETA: 0:00:16[K
     batch: 65/100[K
   samples: 8320/12800[K
[A
[A


[K[A
[K[A
epoch 1  68%|██████████████████████████████             |  ETA: 0:00:15[K
     batch: 68/100[K
   samples: 8704/12800[K
[A
[A


[K[A
[K[A
epoch 1  71%|███████████████████████████████            |  ETA: 0:00:13[K
     batch: 71/100[K
   samples: 9088/12800[K
[A
[A


[K[A
[K[A
epoch 1  74%|████████████████████████████████           |  ETA: 0:00:12[K
     batch: 74/100[K
   samples: 9472/12800[K
[A
[A


[K[A
[K[A
epoch 1  77%|██████████████████████████████████         |  ETA: 0:00:10[K
     batch: 77/100[K
   samples: 9856/12800[K
[A
[A


[K[A
[K[A
epoch 1  80%|███████████████████████████████████        |  ETA: 0:00:09[K
     batch: 80/100[K
   samples: 10240/12800[K
[A
[A


[K[A
[K[A
epoch 1  83%|████████████████████████████████████       |  ETA: 0:00:07[K
     batch: 83/100[K
   samples: 10624/12800[K
[A
[A


[K[A
[K[A
epoch 1  86%|█████████████████████████████████████      |  ETA: 0:00:06[K
     batch: 86/100[K
   samples: 11008/12800[K
[A
[A


[K[A
[K[A
epoch 1  89%|███████████████████████████████████████    |  ETA: 0:00:05[K
     batch: 89/100[K
   samples: 11392/12800[K
[A
[A


[K[A
[K[A
epoch 1  92%|████████████████████████████████████████   |  ETA: 0:00:03[K
     batch: 92/100[K
   samples: 11776/12800[K
[A
[A


[K[A
[K[A
epoch 1  95%|█████████████████████████████████████████  |  ETA: 0:00:02[K
     batch: 95/100[K
   samples: 12160/12800[K
[A
[A


[K[A
[K[A
epoch 1  98%|███████████████████████████████████████████|  ETA: 0:00:01[K
     batch: 98/100[K
   samples: 12544/12800[K
[A
[A


[K[A
[K[A
epoch 1 100%|███████████████████████████████████████████| Time: 0:00:42[K
     batch: 100/100[K
   samples: 12800/12800[K

epoch 2   3%|██                                         |  ETA: 0:00:40[K
     batch: 3/100[K
   samples: 384/12800[K
[A
[A


[K[A
[K[A
epoch 2   6%|███                                        |  ETA: 0:00:40[K
     batch: 6/100[K
   samples: 768/12800[K
[A
[A


[K[A
[K[A
epoch 2   9%|████                                       |  ETA: 0:00:37[K
     batch: 9/100[K
   samples: 1152/12800[K
[A
[A


[K[A
[K[A
epoch 2  12%|██████                                     |  ETA: 0:00:36[K
     batch: 12/100[K
   samples: 1536/12800[K
[A
[A


[K[A
[K[A
epoch 2  15%|███████                                    |  ETA: 0:00:34[K
     batch: 15/100[K
   samples: 1920/12800[K
[A
[A


[K[A
[K[A
epoch 2  18%|████████                                   |  ETA: 0:00:33[K
     batch: 18/100[K
   samples: 2304/12800[K
[A
[A


[K[A
[K[A
epoch 2  21%|██████████                                 |  ETA: 0:00:31[K
     batch: 21/100[K
   samples: 2688/12800[K
[A
[A


[K[A
[K[A
epoch 2  24%|███████████                                |  ETA: 0:00:30[K
     batch: 24/100[K
   samples: 3072/12800[K
[A
[A


[K[A
[K[A
epoch 2  27%|████████████                               |  ETA: 0:00:29[K
     batch: 27/100[K
   samples: 3456/12800[K
[A
[A


[K[A
[K[A
epoch 2  30%|█████████████                              |  ETA: 0:00:28[K
     batch: 30/100[K
   samples: 3840/12800[K
[A
[A


[K[A
[K[A
epoch 2  33%|███████████████                            |  ETA: 0:00:27[K
     batch: 33/100[K
   samples: 4224/12800[K
[A
[A


[K[A
[K[A
epoch 2  36%|████████████████                           |  ETA: 0:00:26[K
     batch: 36/100[K
   samples: 4608/12800[K
[A
[A


[K[A
[K[A
epoch 2  39%|█████████████████                          |  ETA: 0:00:25[K
     batch: 39/100[K
   samples: 4992/12800[K
[A
[A


[K[A
[K[A
epoch 2  42%|███████████████████                        |  ETA: 0:00:23[K
     batch: 42/100[K
   samples: 5376/12800[K
[A
[A


[K[A
[K[A
epoch 2  45%|████████████████████                       |  ETA: 0:00:22[K
     batch: 45/100[K
   samples: 5760/12800[K
[A
[A


[K[A
[K[A
epoch 2  48%|█████████████████████                      |  ETA: 0:00:21[K
     batch: 48/100[K
   samples: 6144/12800[K
[A
[A


[K[A
[K[A
epoch 2  51%|██████████████████████                     |  ETA: 0:00:20[K
     batch: 51/100[K
   samples: 6528/12800[K
[A
[A


[K[A
[K[A
epoch 2  54%|████████████████████████                   |  ETA: 0:00:19[K
     batch: 54/100[K
   samples: 6912/12800[K
[A
[A


[K[A
[K[A
epoch 2  57%|█████████████████████████                  |  ETA: 0:00:17[K
     batch: 57/100[K
   samples: 7296/12800[K
[A
[A


[K[A
[K[A
epoch 2  60%|██████████████████████████                 |  ETA: 0:00:16[K
     batch: 60/100[K
   samples: 7680/12800[K
[A
[A


[K[A
[K[A
epoch 2  63%|████████████████████████████               |  ETA: 0:00:15[K
     batch: 63/100[K
   samples: 8064/12800[K
[A
[A


[K[A
[K[A
epoch 2  66%|█████████████████████████████              |  ETA: 0:00:14[K
     batch: 66/100[K
   samples: 8448/12800[K
[A
[A


[K[A
[K[A
epoch 2  69%|██████████████████████████████             |  ETA: 0:00:13[K
     batch: 69/100[K
   samples: 8832/12800[K
[A
[A


[K[A
[K[A
epoch 2  72%|███████████████████████████████            |  ETA: 0:00:11[K
     batch: 72/100[K
   samples: 9216/12800[K
[A
[A


[K[A
[K[A
epoch 2  75%|█████████████████████████████████          |  ETA: 0:00:10[K
     batch: 75/100[K
   samples: 9600/12800[K
[A
[A


[K[A
[K[A
epoch 2  78%|██████████████████████████████████         |  ETA: 0:00:09[K
     batch: 78/100[K
   samples: 9984/12800[K
[A
[A


[K[A
[K[A
epoch 2  80%|███████████████████████████████████        |  ETA: 0:00:08[K
     batch: 80/100[K
   samples: 10240/12800[K
[A
[A


[K[A
[K[A
epoch 2  83%|████████████████████████████████████       |  ETA: 0:00:07[K
     batch: 83/100[K
   samples: 10624/12800[K
[A
[A


[K[A
[K[A
epoch 2  86%|█████████████████████████████████████      |  ETA: 0:00:06[K
     batch: 86/100[K
   samples: 11008/12800[K
[A
[A


[K[A
[K[A
epoch 2  89%|███████████████████████████████████████    |  ETA: 0:00:04[K
     batch: 89/100[K
   samples: 11392/12800[K
[A
[A


[K[A
[K[A
epoch 2  92%|████████████████████████████████████████   |  ETA: 0:00:03[K
     batch: 92/100[K
   samples: 11776/12800[K
[A
[A


[K[A
[K[A
epoch 2  95%|█████████████████████████████████████████  |  ETA: 0:00:02[K
     batch: 95/100[K
   samples: 12160/12800[K
[A
[A


[K[A
[K[A
epoch 2  98%|███████████████████████████████████████████|  ETA: 0:00:01[K
     batch: 98/100[K
   samples: 12544/12800[K
[A
[A


[K[A
[K[A
epoch 2 100%|███████████████████████████████████████████| Time: 0:00:40[K
     batch: 100/100[K
   samples: 12800/12800[K

epoch 3   3%|██                                         |  ETA: 0:00:36[K
     batch: 3/100[K
   samples: 384/12800[K
[A
[A


[K[A
[K[A
epoch 3   6%|███                                        |  ETA: 0:00:34[K
     batch: 6/100[K
   samples: 768/12800[K
[A
[A


[K[A
[K[A
epoch 3   9%|████                                       |  ETA: 0:00:33[K
     batch: 9/100[K
   samples: 1152/12800[K
[A
[A


[K[A
[K[A
epoch 3  12%|██████                                     |  ETA: 0:00:32[K
     batch: 12/100[K
   samples: 1536/12800[K
[A
[A


[K[A
[K[A
epoch 3  15%|███████                                    |  ETA: 0:00:32[K
     batch: 15/100[K
   samples: 1920/12800[K
[A
[A


[K[A
[K[A
epoch 3  18%|████████                                   |  ETA: 0:00:31[K
     batch: 18/100[K
   samples: 2304/12800[K
[A
[A


[K[A
[K[A
epoch 3  21%|██████████                                 |  ETA: 0:00:30[K
     batch: 21/100[K
   samples: 2688/12800[K
[A
[A


[K[A
[K[A
epoch 3  24%|███████████                                |  ETA: 0:00:29[K
     batch: 24/100[K
   samples: 3072/12800[K
[A
[A


[K[A
[K[A
epoch 3  27%|████████████                               |  ETA: 0:00:28[K
     batch: 27/100[K
   samples: 3456/12800[K
[A
[A


[K[A
[K[A
epoch 3  30%|█████████████                              |  ETA: 0:00:26[K
     batch: 30/100[K
   samples: 3840/12800[K
[A
[A


[K[A
[K[A
epoch 3  33%|███████████████                            |  ETA: 0:00:25[K
     batch: 33/100[K
   samples: 4224/12800[K
[A
[A


[K[A
[K[A
epoch 3  36%|████████████████                           |  ETA: 0:00:24[K
     batch: 36/100[K
   samples: 4608/12800[K
[A
[A


[K[A
[K[A
epoch 3  39%|█████████████████                          |  ETA: 0:00:23[K
     batch: 39/100[K
   samples: 4992/12800[K
[A
[A


[K[A
[K[A
epoch 3  42%|███████████████████                        |  ETA: 0:00:22[K
     batch: 42/100[K
   samples: 5376/12800[K
[A
[A


[K[A
[K[A
epoch 3  45%|████████████████████                       |  ETA: 0:00:21[K
     batch: 45/100[K
   samples: 5760/12800[K
[A
[A


[K[A
[K[A
epoch 3  48%|█████████████████████                      |  ETA: 0:00:20[K
     batch: 48/100[K
   samples: 6144/12800[K
[A
[A


[K[A
[K[A
epoch 3  51%|██████████████████████                     |  ETA: 0:00:19[K
     batch: 51/100[K
   samples: 6528/12800[K
[A
[A


[K[A
[K[A
epoch 3  54%|████████████████████████                   |  ETA: 0:00:17[K
     batch: 54/100[K
   samples: 6912/12800[K
[A
[A


[K[A
[K[A
epoch 3  57%|█████████████████████████                  |  ETA: 0:00:16[K
     batch: 57/100[K
   samples: 7296/12800[K
[A
[A


[K[A
[K[A
epoch 3  60%|██████████████████████████                 |  ETA: 0:00:15[K
     batch: 60/100[K
   samples: 7680/12800[K
[A
[A


[K[A
[K[A
epoch 3  63%|████████████████████████████               |  ETA: 0:00:14[K
     batch: 63/100[K
   samples: 8064/12800[K
[A
[A


[K[A
[K[A
epoch 3  66%|█████████████████████████████              |  ETA: 0:00:13[K
     batch: 66/100[K
   samples: 8448/12800[K
[A
[A


[K[A
[K[A
epoch 3  69%|██████████████████████████████             |  ETA: 0:00:12[K
     batch: 69/100[K
   samples: 8832/12800[K
[A
[A


[K[A
[K[A
epoch 3  72%|███████████████████████████████            |  ETA: 0:00:11[K
     batch: 72/100[K
   samples: 9216/12800[K
[A
[A


[K[A
[K[A
epoch 3  75%|█████████████████████████████████          |  ETA: 0:00:10[K
     batch: 75/100[K
   samples: 9600/12800[K
[A
[A


[K[A
[K[A
epoch 3  78%|██████████████████████████████████         |  ETA: 0:00:09[K
     batch: 78/100[K
   samples: 9984/12800[K
[A
[A


[K[A
[K[A
epoch 3  81%|███████████████████████████████████        |  ETA: 0:00:07[K
     batch: 81/100[K
   samples: 10368/12800[K
[A
[A


[K[A
[K[A
epoch 3  84%|█████████████████████████████████████      |  ETA: 0:00:06[K
     batch: 84/100[K
   samples: 10752/12800[K
[A
[A


[K[A
[K[A
epoch 3  87%|██████████████████████████████████████     |  ETA: 0:00:05[K
     batch: 87/100[K
   samples: 11136/12800[K
[A
[A


[K[A
[K[A
epoch 3  90%|███████████████████████████████████████    |  ETA: 0:00:04[K
     batch: 90/100[K
   samples: 11520/12800[K
[A
[A


[K[A
[K[A
epoch 3  93%|████████████████████████████████████████   |  ETA: 0:00:03[K
     batch: 93/100[K
   samples: 11904/12800[K
[A
[A


[K[A
[K[A
epoch 3  96%|██████████████████████████████████████████ |  ETA: 0:00:02[K
     batch: 96/100[K
   samples: 12288/12800[K
[A
[A


[K[A
[K[A
epoch 3  99%|███████████████████████████████████████████|  ETA: 0:00:00[K
     batch: 99/100[K
   samples: 12672/12800[K
[A
[A


[K[A
[K[A
epoch 3 100%|███████████████████████████████████████████| Time: 0:00:39[K
     batch: 100/100[K
   samples: 12800/12800[K
[bootstrap] activated project
[bootstrap] loaded packages
building MNIST 784-120-40 layer
loading training split
training samples: 12800 (100 batches/epoch)
loading train-eval split
train-eval samples: 1000
loading test split
test samples: 1000
constructing 32-worker softplus-margin nudge Adam manager
constructing 32-worker validation manager
starting epochs
epoch 0 train-eval: evaluating 1000 samples
epoch 0 train accuracy 0.07 loss 74.115585
epoch 0 evaluating
epoch 0 test: evaluating 1000 samples
epoch 0 test accuracy 0.065 loss 73.461609 best 0.065
(timestamp = "2026-06-09T18:02:43", epoch = 0, seconds = 0.0, train_accuracy = 0.07, train_loss = 74.115585f0, test_accuracy = 0.065, test_loss = 73.46161f0, pred_counts = "43-168-75-74-102-75-82-228-64-89", w_norm = 0.48583895f0, b_norm = 0.0f0, w_input_norm = 1.5314544f0, grad_w_norm = 0.0f0, grad_b_norm = 0.0f0, grad_w_input_norm = 0.0f0, effective_w_decay = 0.0001f0, effective_w_input_decay = 0.0001f0, symmetry_error = 0.0f0, grad_symmetry_error = 0.0f0, best_accuracy = 0.065, best_path = "ext\\IsingLearning\\experiments\\MNIST\\baseline_new_nudge\\experiments\\current\\focus_grid_weight_decay_20260609\\b0p1_T0p00005_wd0p0001_adaptivetrue\\best_checkpoint.bin", final_path = "")
epoch 1 training
epoch 1 batch 1/100 samples 128/12800 elapsed 7.9s
epoch 1 batch 25/100 samples 3200/12800 elapsed 16.4s
epoch 1 batch 50/100 samples 6400/12800 elapsed 25.0s
epoch 1 batch 75/100 samples 9600/12800 elapsed 33.6s
epoch 1 batch 100/100 samples 12800/12800 elapsed 42.8s
epoch 1 training done in 42.818s
epoch 1 train-eval: evaluating 1000 samples
epoch 1 train accuracy 0.45 loss 18.492153
epoch 1 evaluating
epoch 1 test: evaluating 1000 samples
epoch 1 test accuracy 0.466 loss 18.681129 best 0.466
(timestamp = "2026-06-09T18:03:30", epoch = 1, seconds = 42.8180557, train_accuracy = 0.45, train_loss = 18.492153f0, test_accuracy = 0.466, test_loss = 18.68113f0, pred_counts = "146-127-126-24-390-21-96-21-21-28", w_norm = 1.3124044f0, b_norm = 0.108335f0, w_input_norm = 3.588515f0, grad_w_norm = 3.26794f0, grad_b_norm = 0.55720437f0, grad_w_input_norm = 3.2765706f0, effective_w_decay = 0.0001f0, effective_w_input_decay = 0.0001f0, symmetry_error = 0.0f0, grad_symmetry_error = 0.0f0, best_accuracy = 0.466, best_path = "ext\\IsingLearning\\experiments\\MNIST\\baseline_new_nudge\\experiments\\current\\focus_grid_weight_decay_20260609\\b0p1_T0p00005_wd0p0001_adaptivetrue\\best_checkpoint.bin", final_path = "")
epoch 2 training
epoch 2 batch 1/100 samples 128/12800 elapsed 0.4s
epoch 2 batch 25/100 samples 3200/12800 elapsed 10.0s
epoch 2 batch 50/100 samples 6400/12800 elapsed 20.4s
epoch 2 batch 75/100 samples 9600/12800 elapsed 30.2s
epoch 2 batch 100/100 samples 12800/12800 elapsed 40.4s
epoch 2 training done in 40.441s
epoch 2 train-eval: evaluating 1000 samples
epoch 2 train accuracy 0.417 loss 22.410339
epoch 2 evaluating
epoch 2 test: evaluating 1000 samples
epoch 2 test accuracy 0.425 loss 22.223019 best 0.466
(timestamp = "2026-06-09T18:04:13", epoch = 2, seconds = 40.4408813, train_accuracy = 0.417, train_loss = 22.41034f0, test_accuracy = 0.425, test_loss = 22.223019f0, pred_counts = "131-151-98-15-480-5-87-12-9-12", w_norm = 1.5030606f0, b_norm = 0.11719513f0, w_input_norm = 4.383056f0, grad_w_norm = 2.0280755f0, grad_b_norm = 0.31811944f0, grad_w_input_norm = 2.725971f0, effective_w_decay = 0.0001f0, effective_w_input_decay = 0.0001f0, symmetry_error = 0.0f0, grad_symmetry_error = 0.0f0, best_accuracy = 0.466, best_path = "ext\\IsingLearning\\experiments\\MNIST\\baseline_new_nudge\\experiments\\current\\focus_grid_weight_decay_20260609\\b0p1_T0p00005_wd0p0001_adaptivetrue\\best_checkpoint.bin", final_path = "")
epoch 3 training
epoch 3 batch 1/100 samples 128/12800 elapsed 0.4s
epoch 3 batch 25/100 samples 3200/12800 elapsed 9.5s
epoch 3 batch 50/100 samples 6400/12800 elapsed 18.9s
epoch 3 batch 75/100 samples 9600/12800 elapsed 29.2s
epoch 3 batch 100/100 samples 12800/12800 elapsed 39.7s
epoch 3 training done in 39.653s
epoch 3 train-eval: evaluating 1000 samples
epoch 3 train accuracy 0.257 loss 30.726353
epoch 3 evaluating
epoch 3 test: evaluating 1000 samples
epoch 3 test accuracy 0.266 loss 30.325863 best 0.466
epoch 3 early stop: test accuracy declined for 2 consecutive evaluated epochs
(timestamp = "2026-06-09T18:04:56", epoch = 3, seconds = 39.6525655, train_accuracy = 0.257, train_loss = 30.726353f0, test_accuracy = 0.266, test_loss = 30.325863f0, pred_counts = "86-40-70-1-791-0-8-1-1-2", w_norm = 1.6716888f0, b_norm = 0.12655008f0, w_input_norm = 4.9348726f0, grad_w_norm = 4.7980065f0, grad_b_norm = 0.82402295f0, grad_w_input_norm = 6.91453f0, effective_w_decay = 0.0001f0, effective_w_input_decay = 0.0001f0, symmetry_error = 0.0f0, grad_symmetry_error = 0.0f0, best_accuracy = 0.466, best_path = "ext\\IsingLearning\\experiments\\MNIST\\baseline_new_nudge\\experiments\\current\\focus_grid_weight_decay_20260609\\b0p1_T0p00005_wd0p0001_adaptivetrue\\best_checkpoint.bin", final_path = "")
saved MNIST 784-120-40 softplus-margin nudge baseline in ext\IsingLearning\experiments\MNIST\baseline_new_nudge\experiments\current\focus_grid_weight_decay_20260609\b0p1_T0p00005_wd0p0001_adaptivetrue
