[bootstrap] activated project
[bootstrap] loaded packages
building MNIST 784-120-40 layer
loading training split
training samples: 12800 (100 batches/epoch)
loading train-eval split
train-eval samples: 1000
loading test split
test samples: 1000
constructing 32-worker softplus-margin nudge Adam manager
constructing 32-worker validation manager
starting epochs
epoch 0 train-eval: evaluating 1000 samples
epoch 0 train accuracy 0.07 loss 74.115585
epoch 0 evaluating
epoch 0 test: evaluating 1000 samples
epoch 0 test accuracy 0.065 loss 73.461609 best 0.065
(timestamp = "2026-06-09T18:02:43", epoch = 0, seconds = 0.0, train_accuracy = 0.07, train_loss = 74.115585f0, test_accuracy = 0.065, test_loss = 73.46161f0, pred_counts = "43-168-75-74-102-75-82-228-64-89", w_norm = 0.48583895f0, b_norm = 0.0f0, w_input_norm = 1.5314544f0, grad_w_norm = 0.0f0, grad_b_norm = 0.0f0, grad_w_input_norm = 0.0f0, effective_w_decay = 0.0001f0, effective_w_input_decay = 0.0001f0, symmetry_error = 0.0f0, grad_symmetry_error = 0.0f0, best_accuracy = 0.065, best_path = "ext\\IsingLearning\\experiments\\MNIST\\baseline_new_nudge\\experiments\\current\\focus_grid_weight_decay_20260609\\b0p1_T0p00005_wd0p0001_adaptivetrue\\best_checkpoint.bin", final_path = "")
epoch 1 training
epoch 1 batch 1/100 samples 128/12800 elapsed 7.9s
epoch 1 batch 25/100 samples 3200/12800 elapsed 16.4s
epoch 1 batch 50/100 samples 6400/12800 elapsed 25.0s
epoch 1 batch 75/100 samples 9600/12800 elapsed 33.6s
epoch 1 batch 100/100 samples 12800/12800 elapsed 42.8s
epoch 1 training done in 42.818s
epoch 1 train-eval: evaluating 1000 samples
epoch 1 train accuracy 0.45 loss 18.492153
epoch 1 evaluating
epoch 1 test: evaluating 1000 samples
epoch 1 test accuracy 0.466 loss 18.681129 best 0.466
(timestamp = "2026-06-09T18:03:30", epoch = 1, seconds = 42.8180557, train_accuracy = 0.45, train_loss = 18.492153f0, test_accuracy = 0.466, test_loss = 18.68113f0, pred_counts = "146-127-126-24-390-21-96-21-21-28", w_norm = 1.3124044f0, b_norm = 0.108335f0, w_input_norm = 3.588515f0, grad_w_norm = 3.26794f0, grad_b_norm = 0.55720437f0, grad_w_input_norm = 3.2765706f0, effective_w_decay = 0.0001f0, effective_w_input_decay = 0.0001f0, symmetry_error = 0.0f0, grad_symmetry_error = 0.0f0, best_accuracy = 0.466, best_path = "ext\\IsingLearning\\experiments\\MNIST\\baseline_new_nudge\\experiments\\current\\focus_grid_weight_decay_20260609\\b0p1_T0p00005_wd0p0001_adaptivetrue\\best_checkpoint.bin", final_path = "")
epoch 2 training
epoch 2 batch 1/100 samples 128/12800 elapsed 0.4s
epoch 2 batch 25/100 samples 3200/12800 elapsed 10.0s
epoch 2 batch 50/100 samples 6400/12800 elapsed 20.4s
epoch 2 batch 75/100 samples 9600/12800 elapsed 30.2s
epoch 2 batch 100/100 samples 12800/12800 elapsed 40.4s
epoch 2 training done in 40.441s
epoch 2 train-eval: evaluating 1000 samples
epoch 2 train accuracy 0.417 loss 22.410339
epoch 2 evaluating
epoch 2 test: evaluating 1000 samples
epoch 2 test accuracy 0.425 loss 22.223019 best 0.466
(timestamp = "2026-06-09T18:04:13", epoch = 2, seconds = 40.4408813, train_accuracy = 0.417, train_loss = 22.41034f0, test_accuracy = 0.425, test_loss = 22.223019f0, pred_counts = "131-151-98-15-480-5-87-12-9-12", w_norm = 1.5030606f0, b_norm = 0.11719513f0, w_input_norm = 4.383056f0, grad_w_norm = 2.0280755f0, grad_b_norm = 0.31811944f0, grad_w_input_norm = 2.725971f0, effective_w_decay = 0.0001f0, effective_w_input_decay = 0.0001f0, symmetry_error = 0.0f0, grad_symmetry_error = 0.0f0, best_accuracy = 0.466, best_path = "ext\\IsingLearning\\experiments\\MNIST\\baseline_new_nudge\\experiments\\current\\focus_grid_weight_decay_20260609\\b0p1_T0p00005_wd0p0001_adaptivetrue\\best_checkpoint.bin", final_path = "")
epoch 3 training
epoch 3 batch 1/100 samples 128/12800 elapsed 0.4s
epoch 3 batch 25/100 samples 3200/12800 elapsed 9.5s
epoch 3 batch 50/100 samples 6400/12800 elapsed 18.9s
epoch 3 batch 75/100 samples 9600/12800 elapsed 29.2s
epoch 3 batch 100/100 samples 12800/12800 elapsed 39.7s
epoch 3 training done in 39.653s
epoch 3 train-eval: evaluating 1000 samples
epoch 3 train accuracy 0.257 loss 30.726353
epoch 3 evaluating
epoch 3 test: evaluating 1000 samples
epoch 3 test accuracy 0.266 loss 30.325863 best 0.466
epoch 3 early stop: test accuracy declined for 2 consecutive evaluated epochs
(timestamp = "2026-06-09T18:04:56", epoch = 3, seconds = 39.6525655, train_accuracy = 0.257, train_loss = 30.726353f0, test_accuracy = 0.266, test_loss = 30.325863f0, pred_counts = "86-40-70-1-791-0-8-1-1-2", w_norm = 1.6716888f0, b_norm = 0.12655008f0, w_input_norm = 4.9348726f0, grad_w_norm = 4.7980065f0, grad_b_norm = 0.82402295f0, grad_w_input_norm = 6.91453f0, effective_w_decay = 0.0001f0, effective_w_input_decay = 0.0001f0, symmetry_error = 0.0f0, grad_symmetry_error = 0.0f0, best_accuracy = 0.466, best_path = "ext\\IsingLearning\\experiments\\MNIST\\baseline_new_nudge\\experiments\\current\\focus_grid_weight_decay_20260609\\b0p1_T0p00005_wd0p0001_adaptivetrue\\best_checkpoint.bin", final_path = "")
saved MNIST 784-120-40 softplus-margin nudge baseline in ext\IsingLearning\experiments\MNIST\baseline_new_nudge\experiments\current\focus_grid_weight_decay_20260609\b0p1_T0p00005_wd0p0001_adaptivetrue
