Running bespoke XOR search with 1 config(s)
config 1/1: (hidden = (16,), out = 1, target_mode = :readout_hterm, readout_target = 0.2, lp = 0.0, dw = 0.0, bias = 0.1, skip = 0.0, weight_norm = 0.2, lr = 0.01, beta = 0.1, relaxation = 100, dynamics = :block, block_size = 8, adjusted = true, stepsize = 0.001, state = :continuous, weight_seed = 2, bias_seed = 11, minit = 5)
  epoch=1 mse=0.050261 acc=1.0 margin=0.100423 grad=0.765308 delta=4.147538 weight_rms=0.2
  epoch=100 mse=0.04817 acc=1.0 margin=0.092748 grad=0.814787 delta=4.224167 weight_rms=0.2
  epoch=200 mse=0.047458 acc=1.0 margin=0.081451 grad=0.792461 delta=4.320332 weight_rms=0.2
  epoch=300 mse=0.047378 acc=1.0 margin=0.083512 grad=0.785215 delta=4.406552 weight_rms=0.2
  epoch=400 mse=0.048432 acc=1.0 margin=0.074927 grad=0.76056 delta=4.462157 weight_rms=0.2
  epoch=500 mse=0.050974 acc=1.0 margin=0.073385 grad=0.728749 delta=4.471132 weight_rms=0.2
  epoch=600 mse=0.04865 acc=1.0 margin=0.076195 grad=0.693747 delta=4.488479 weight_rms=0.2
  epoch=700 mse=0.051989 acc=1.0 margin=0.072303 grad=0.727779 delta=4.59546 weight_rms=0.2
  epoch=800 mse=0.048926 acc=1.0 margin=0.063624 grad=0.681163 delta=4.646864 weight_rms=0.2
  epoch=900 mse=0.055523 acc=1.0 margin=0.063533 grad=0.689469 delta=4.739276 weight_rms=0.2
  epoch=1000 mse=0.053453 acc=1.0 margin=0.050477 grad=0.862032 delta=4.787047 weight_rms=0.2
  epoch=1100 mse=0.052923 acc=1.0 margin=0.047515 grad=0.695789 delta=4.824464 weight_rms=0.2
  epoch=1200 mse=0.051828 acc=1.0 margin=0.045682 grad=0.757049 delta=4.857944 weight_rms=0.2
  epoch=1300 mse=0.049251 acc=1.0 margin=0.031574 grad=0.790265 delta=4.845435 weight_rms=0.2
  epoch=1400 mse=0.047446 acc=1.0 margin=0.022996 grad=0.728476 delta=4.867027 weight_rms=0.2
  epoch=1500 mse=0.045683 acc=1.0 margin=0.04707 grad=0.661354 delta=4.896691 weight_rms=0.2
  epoch=1600 mse=0.046792 acc=1.0 margin=0.064139 grad=0.602635 delta=4.930743 weight_rms=0.2
  epoch=1700 mse=0.044319 acc=1.0 margin=0.065618 grad=0.561996 delta=4.936099 weight_rms=0.2
  epoch=1800 mse=0.044898 acc=1.0 margin=0.060607 grad=0.647823 delta=4.921376 weight_rms=0.2
  epoch=1900 mse=0.048947 acc=1.0 margin=0.058087 grad=0.673217 delta=4.908314 weight_rms=0.2
  epoch=2000 mse=0.049156 acc=1.0 margin=0.074633 grad=0.651977 delta=4.922261 weight_rms=0.2
  epoch=2100 mse=0.050448 acc=1.0 margin=0.07731 grad=0.62239 delta=4.949039 weight_rms=0.2
  epoch=2200 mse=0.045438 acc=1.0 margin=0.05921 grad=0.641665 delta=5.001922 weight_rms=0.2
  epoch=2300 mse=0.04403 acc=1.0 margin=0.052797 grad=0.511526 delta=5.046721 weight_rms=0.2
  epoch=2400 mse=0.045075 acc=1.0 margin=0.043504 grad=0.532158 delta=5.038809 weight_rms=0.2
  epoch=2500 mse=0.046015 acc=1.0 margin=0.05877 grad=0.655433 delta=5.103419 weight_rms=0.2
  epoch=2600 mse=0.047694 acc=1.0 margin=0.058053 grad=0.662697 delta=5.113048 weight_rms=0.2
  epoch=2700 mse=0.046791 acc=1.0 margin=0.05861 grad=0.585029 delta=5.098309 weight_rms=0.2
  epoch=2800 mse=0.046971 acc=1.0 margin=0.044886 grad=0.611976 delta=5.11951 weight_rms=0.2
  epoch=2900 mse=0.045757 acc=1.0 margin=0.059869 grad=0.59654 delta=5.154162 weight_rms=0.2
  epoch=3000 mse=0.043432 acc=1.0 margin=0.035638 grad=0.510558 delta=5.183555 weight_rms=0.2
  epoch=3100 mse=0.043573 acc=1.0 margin=0.040111 grad=0.520387 delta=5.209046 weight_rms=0.2
  epoch=3200 mse=0.046258 acc=1.0 margin=0.060643 grad=0.579286 delta=5.20482 weight_rms=0.2
  epoch=3300 mse=0.045888 acc=1.0 margin=0.055187 grad=0.459628 delta=5.224709 weight_rms=0.2
  epoch=3400 mse=0.044777 acc=1.0 margin=0.058823 grad=0.475638 delta=5.250098 weight_rms=0.2
  epoch=3500 mse=0.04405 acc=1.0 margin=0.062831 grad=0.534446 delta=5.237721 weight_rms=0.2
  epoch=3600 mse=0.042843 acc=1.0 margin=0.072792 grad=0.518144 delta=5.245535 weight_rms=0.2
  epoch=3700 mse=0.042455 acc=1.0 margin=0.056791 grad=0.469977 delta=5.245363 weight_rms=0.2
  epoch=3800 mse=0.043791 acc=1.0 margin=0.065479 grad=0.5091 delta=5.216696 weight_rms=0.2
  epoch=3900 mse=0.044941 acc=1.0 margin=0.048037 grad=0.443713 delta=5.281181 weight_rms=0.2
  epoch=4000 mse=0.046956 acc=1.0 margin=0.056593 grad=0.562239 delta=5.269142 weight_rms=0.2
  epoch=4100 mse=0.047356 acc=1.0 margin=0.050757 grad=0.505634 delta=5.296866 weight_rms=0.2
  epoch=4200 mse=0.04684 acc=1.0 margin=0.066297 grad=0.524171 delta=5.258314 weight_rms=0.2
  epoch=4300 mse=0.048932 acc=1.0 margin=0.068179 grad=0.492 delta=5.295168 weight_rms=0.2
  epoch=4400 mse=0.048935 acc=1.0 margin=0.053646 grad=0.463106 delta=5.359887 weight_rms=0.2
  epoch=4500 mse=0.047428 acc=1.0 margin=0.060971 grad=0.476143 delta=5.338188 weight_rms=0.2
  epoch=4600 mse=0.043706 acc=1.0 margin=0.036459 grad=0.516408 delta=5.3842 weight_rms=0.2
  epoch=4700 mse=0.041765 acc=1.0 margin=0.039237 grad=0.397314 delta=5.392049 weight_rms=0.2
  epoch=4800 mse=0.039714 acc=1.0 margin=0.038239 grad=0.473187 delta=5.409796 weight_rms=0.2
  epoch=4900 mse=0.037285 acc=1.0 margin=0.030718 grad=0.41009 delta=5.418813 weight_rms=0.2
  epoch=5000 mse=0.034032 acc=1.0 margin=0.023481 grad=0.38654 delta=5.424382 weight_rms=0.2
  epoch=5100 mse=0.033841 acc=1.0 margin=0.028598 grad=0.35017 delta=5.470873 weight_rms=0.2
  epoch=5200 mse=0.036879 acc=1.0 margin=0.040992 grad=0.367163 delta=5.439415 weight_rms=0.2
  epoch=5300 mse=0.03675 acc=1.0 margin=0.050243 grad=0.406111 delta=5.359544 weight_rms=0.2
  epoch=5400 mse=0.038061 acc=1.0 margin=0.036833 grad=0.349387 delta=5.330225 weight_rms=0.2
  epoch=5500 mse=0.03702 acc=1.0 margin=0.038563 grad=0.335648 delta=5.37442 weight_rms=0.2
  epoch=5600 mse=0.03817 acc=1.0 margin=0.03657 grad=0.344661 delta=5.379143 weight_rms=0.2
  epoch=5700 mse=0.037643 acc=1.0 margin=0.032756 grad=0.357184 delta=5.39824 weight_rms=0.2
  epoch=5800 mse=0.036535 acc=1.0 margin=0.031784 grad=0.370071 delta=5.470152 weight_rms=0.2
  epoch=5900 mse=0.036701 acc=1.0 margin=0.032342 grad=0.376373 delta=5.494246 weight_rms=0.2
  epoch=6000 mse=0.03912 acc=1.0 margin=0.017167 grad=0.341674 delta=5.524325 weight_rms=0.2
  epoch=6100 mse=0.037855 acc=1.0 margin=0.007372 grad=0.374151 delta=5.629976 weight_rms=0.2
  epoch=6200 mse=0.040683 acc=0.75 margin=0.010102 grad=0.291271 delta=5.651445 weight_rms=0.2
  epoch=6300 mse=0.040167 acc=1.0 margin=0.000733 grad=0.340456 delta=5.688052 weight_rms=0.2
  epoch=6400 mse=0.043586 acc=1.0 margin=0.003766 grad=0.263785 delta=5.705971 weight_rms=0.2
  epoch=6500 mse=0.042205 acc=1.0 margin=0.023588 grad=0.300978 delta=5.704323 weight_rms=0.2
  epoch=6600 mse=0.043155 acc=1.0 margin=0.03457 grad=0.290304 delta=5.733581 weight_rms=0.2
  epoch=6700 mse=0.041131 acc=1.0 margin=0.014373 grad=0.26582 delta=5.832667 weight_rms=0.2
  epoch=6800 mse=0.040208 acc=1.0 margin=0.0262 grad=0.326691 delta=5.910869 weight_rms=0.2
  epoch=6900 mse=0.04229 acc=1.0 margin=0.03047 grad=0.26971 delta=5.904563 weight_rms=0.2
  epoch=7000 mse=0.039913 acc=1.0 margin=0.022091 grad=0.264562 delta=5.91767 weight_rms=0.2
  epoch=7100 mse=0.036193 acc=1.0 margin=0.010714 grad=0.297046 delta=5.94934 weight_rms=0.2
  epoch=7200 mse=0.037443 acc=1.0 margin=0.00243 grad=0.249129 delta=6.000865 weight_rms=0.2
  epoch=7300 mse=0.041086 acc=0.75 margin=0.002785 grad=0.245548 delta=6.062694 weight_rms=0.2
  epoch=7400 mse=0.039886 acc=0.75 margin=0.005852 grad=0.237023 delta=6.127417 weight_rms=0.2
  epoch=7500 mse=0.040505 acc=0.75 margin=0.012052 grad=0.189769 delta=6.183286 weight_rms=0.2
  epoch=7600 mse=0.040637 acc=0.75 margin=0.011126 grad=0.278848 delta=6.247329 weight_rms=0.2
  epoch=7700 mse=0.040453 acc=0.75 margin=0.016953 grad=0.21953 delta=6.429206 weight_rms=0.2
  epoch=7800 mse=0.037485 acc=0.75 margin=0.021782 grad=0.171926 delta=6.561056 weight_rms=0.2
  epoch=7900 mse=0.036824 acc=0.75 margin=0.023849 grad=0.259 delta=6.704744 weight_rms=0.2
  epoch=8000 mse=0.03605 acc=0.75 margin=0.023656 grad=0.200029 delta=6.90018 weight_rms=0.2
  epoch=8100 mse=0.036934 acc=0.75 margin=0.035274 grad=0.227651 delta=7.099124 weight_rms=0.2
  epoch=8200 mse=0.038881 acc=0.75 margin=0.038006 grad=0.242998 delta=7.330478 weight_rms=0.2
  epoch=8300 mse=0.038656 acc=0.75 margin=0.040052 grad=0.194778 delta=7.614401 weight_rms=0.2
  epoch=8400 mse=0.037535 acc=0.75 margin=0.04546 grad=0.211913 delta=7.934019 weight_rms=0.2
  epoch=8500 mse=0.038555 acc=0.75 margin=0.044928 grad=0.240446 delta=8.27569 weight_rms=0.2
  epoch=8600 mse=0.035325 acc=0.75 margin=0.046262 grad=0.187689 delta=8.592846 weight_rms=0.2
  epoch=8700 mse=0.036561 acc=0.75 margin=0.066311 grad=0.177952 delta=9.052931 weight_rms=0.2
  epoch=8800 mse=0.037301 acc=0.75 margin=0.074198 grad=0.170818 delta=9.382224 weight_rms=0.2
  epoch=8900 mse=0.034714 acc=0.75 margin=0.063517 grad=0.295336 delta=9.767308 weight_rms=0.2
  epoch=9000 mse=0.033852 acc=0.75 margin=0.062854 grad=0.19671 delta=10.102377 weight_rms=0.2
  epoch=9100 mse=0.031251 acc=0.75 margin=0.06054 grad=0.12595 delta=10.523629 weight_rms=0.2
  epoch=9200 mse=0.033906 acc=0.75 margin=0.07346 grad=0.159504 delta=10.905723 weight_rms=0.2
  epoch=9300 mse=0.033385 acc=0.75 margin=0.072701 grad=0.26298 delta=11.413731 weight_rms=0.2
  epoch=9400 mse=0.040743 acc=0.75 margin=0.104675 grad=0.15507 delta=11.966669 weight_rms=0.2
  epoch=9500 mse=0.034151 acc=0.75 margin=0.06522 grad=0.171583 delta=12.716144 weight_rms=0.2
  epoch=9600 mse=0.036677 acc=0.75 margin=0.05112 grad=0.234253 delta=13.953527 weight_rms=0.2
  epoch=9700 mse=0.033628 acc=0.75 margin=0.023334 grad=0.156639 delta=15.347383 weight_rms=0.2
  epoch=9800 mse=0.034154 acc=0.75 margin=0.016161 grad=0.188224 delta=16.817293 weight_rms=0.2
  epoch=9900 mse=0.043446 acc=0.75 margin=0.01531 grad=0.263895 delta=18.789116 weight_rms=0.2
  epoch=10000 mse=0.037398 acc=1.0 margin=0.033993 grad=0.22584 delta=21.132445 weight_rms=0.2
  before: mse=0.051938 acc=1.0 best: epoch=5100 mse=0.033841 acc=1.0 after: mse=0.033841 spin_mse=0.017584 score_mse=0.033841 acc=1.0 margin=0.028598
    case=(false, false) truth=false score=-0.156335 target=-0.2 out=[-0.0782]
    case=(false, true) truth=true score=0.515849 target=0.2 out=[0.2579]
    case=(true, false) truth=true score=0.028598 target=0.2 out=[0.0143]
    case=(true, true) truth=false score=-0.134284 target=-0.2 out=[-0.0671]
Top configs:
#1 hidden=(16,) out=1 target=readout_hterm readout_target=0.2 lp=0.0 dw=0.0 bias=0.1 skip=0.0 weight_norm=0.2 lr=0.01 beta=0.1 relax=100 dynamics=block block=8 adjusted=true stepsize=0.001 state=continuous weight_seed=2 bias_seed=11 before_mse=0.051938 before_acc=1.0 best_epoch=5100 best_mse=0.033841 best_acc=1.0 after_mse=0.033841 after_spin_mse=0.017584 after_score_mse=0.033841 after_acc=1.0 margin=0.028598
