[bootstrap] activated project
[bootstrap] loaded packages
[2026-05-29T12:07:02] baseline revisit launcher started root=C:\Users\fenje\dev\InteractiveIsing.jl\ext\IsingLearning\experiments\MNIST\784-120-40-baseline\experiments\current\20260529_mnist_784_120_40_baseline_revisit_gt90_e40_32w\
[2026-05-29T12:07:02] threads=32
[2026-05-29T12:07:02] baseline revisit started name=beta5_lr0020_wd0_e40
building MNIST 784-120-40 layer
loading training split
loading train-eval split
loading test split
constructing 32-worker Adam manager
constructing validation worker
starting epochs
epoch 0 evaluating
(timestamp = "2026-05-29T12:15:24", epoch = 0, seconds = 0.0, train_accuracy = 0.106, train_loss = 86.867966f0, test_accuracy = 0.09585201793721973, test_loss = 87.2316f0, pred_counts = "770-1071-448-563-649-883-476-1563-421-2076", best_accuracy = 0.09585201793721973, best_path = "C:\\Users\\fenje\\dev\\InteractiveIsing.jl\\ext\\IsingLearning\\experiments\\MNIST\\784-120-40-baseline\\experiments\\current\\20260529_mnist_784_120_40_baseline_revisit_gt90_e40_32w\\beta5_lr0020_wd0_e40\\best_checkpoint.bin", final_path = "")
epoch 1 training
(timestamp = "2026-05-29T12:22:39", epoch = 1, seconds = 434.6480186, train_accuracy = missing, train_loss = missing, test_accuracy = missing, test_loss = missing, pred_counts = missing, best_accuracy = 0.09585201793721973, best_path = "C:\\Users\\fenje\\dev\\InteractiveIsing.jl\\ext\\IsingLearning\\experiments\\MNIST\\784-120-40-baseline\\experiments\\current\\20260529_mnist_784_120_40_baseline_revisit_gt90_e40_32w\\beta5_lr0020_wd0_e40\\best_checkpoint.bin", final_path = "")
epoch 2 training
(timestamp = "2026-05-29T12:29:45", epoch = 2, seconds = 425.6996766, train_accuracy = missing, train_loss = missing, test_accuracy = missing, test_loss = missing, pred_counts = missing, best_accuracy = 0.09585201793721973, best_path = "C:\\Users\\fenje\\dev\\InteractiveIsing.jl\\ext\\IsingLearning\\experiments\\MNIST\\784-120-40-baseline\\experiments\\current\\20260529_mnist_784_120_40_baseline_revisit_gt90_e40_32w\\beta5_lr0020_wd0_e40\\best_checkpoint.bin", final_path = "")
epoch 3 training
(timestamp = "2026-05-29T12:36:53", epoch = 3, seconds = 428.122714, train_accuracy = missing, train_loss = missing, test_accuracy = missing, test_loss = missing, pred_counts = missing, best_accuracy = 0.09585201793721973, best_path = "C:\\Users\\fenje\\dev\\InteractiveIsing.jl\\ext\\IsingLearning\\experiments\\MNIST\\784-120-40-baseline\\experiments\\current\\20260529_mnist_784_120_40_baseline_revisit_gt90_e40_32w\\beta5_lr0020_wd0_e40\\best_checkpoint.bin", final_path = "")
epoch 4 training
(timestamp = "2026-05-29T12:43:59", epoch = 4, seconds = 426.1109942, train_accuracy = missing, train_loss = missing, test_accuracy = missing, test_loss = missing, pred_counts = missing, best_accuracy = 0.09585201793721973, best_path = "C:\\Users\\fenje\\dev\\InteractiveIsing.jl\\ext\\IsingLearning\\experiments\\MNIST\\784-120-40-baseline\\experiments\\current\\20260529_mnist_784_120_40_baseline_revisit_gt90_e40_32w\\beta5_lr0020_wd0_e40\\best_checkpoint.bin", final_path = "")
epoch 5 training
epoch 5 evaluating
(timestamp = "2026-05-29T12:58:58", epoch = 5, seconds = 425.5629268, train_accuracy = 0.88, train_loss = 3.798678f0, test_accuracy = 0.8702914798206278, test_loss = 4.040102f0, pred_counts = "943-871-741-910-980-982-902-961-968-662", best_accuracy = 0.8702914798206278, best_path = "C:\\Users\\fenje\\dev\\InteractiveIsing.jl\\ext\\IsingLearning\\experiments\\MNIST\\784-120-40-baseline\\experiments\\current\\20260529_mnist_784_120_40_baseline_revisit_gt90_e40_32w\\beta5_lr0020_wd0_e40\\best_checkpoint.bin", final_path = "")
epoch 6 training
(timestamp = "2026-05-29T13:06:03", epoch = 6, seconds = 425.0550847, train_accuracy = missing, train_loss = missing, test_accuracy = missing, test_loss = missing, pred_counts = missing, best_accuracy = 0.8702914798206278, best_path = "C:\\Users\\fenje\\dev\\InteractiveIsing.jl\\ext\\IsingLearning\\experiments\\MNIST\\784-120-40-baseline\\experiments\\current\\20260529_mnist_784_120_40_baseline_revisit_gt90_e40_32w\\beta5_lr0020_wd0_e40\\best_checkpoint.bin", final_path = "")
epoch 7 training
(timestamp = "2026-05-29T13:13:09", epoch = 7, seconds = 425.9069808, train_accuracy = missing, train_loss = missing, test_accuracy = missing, test_loss = missing, pred_counts = missing, best_accuracy = 0.8702914798206278, best_path = "C:\\Users\\fenje\\dev\\InteractiveIsing.jl\\ext\\IsingLearning\\experiments\\MNIST\\784-120-40-baseline\\experiments\\current\\20260529_mnist_784_120_40_baseline_revisit_gt90_e40_32w\\beta5_lr0020_wd0_e40\\best_checkpoint.bin", final_path = "")
epoch 8 training
(timestamp = "2026-05-29T13:20:15", epoch = 8, seconds = 425.3503987, train_accuracy = missing, train_loss = missing, test_accuracy = missing, test_loss = missing, pred_counts = missing, best_accuracy = 0.8702914798206278, best_path = "C:\\Users\\fenje\\dev\\InteractiveIsing.jl\\ext\\IsingLearning\\experiments\\MNIST\\784-120-40-baseline\\experiments\\current\\20260529_mnist_784_120_40_baseline_revisit_gt90_e40_32w\\beta5_lr0020_wd0_e40\\best_checkpoint.bin", final_path = "")
epoch 9 training
(timestamp = "2026-05-29T13:27:20", epoch = 9, seconds = 425.4003602, train_accuracy = missing, train_loss = missing, test_accuracy = missing, test_loss = missing, pred_counts = missing, best_accuracy = 0.8702914798206278, best_path = "C:\\Users\\fenje\\dev\\InteractiveIsing.jl\\ext\\IsingLearning\\experiments\\MNIST\\784-120-40-baseline\\experiments\\current\\20260529_mnist_784_120_40_baseline_revisit_gt90_e40_32w\\beta5_lr0020_wd0_e40\\best_checkpoint.bin", final_path = "")
epoch 10 training
epoch 10 evaluating
(timestamp = "2026-05-29T13:42:20", epoch = 10, seconds = 425.644222, train_accuracy = 0.875, train_loss = 3.8838773f0, test_accuracy = 0.87847533632287, test_loss = 3.694273f0, pred_counts = "913-915-882-838-896-891-878-868-916-923", best_accuracy = 0.87847533632287, best_path = "C:\\Users\\fenje\\dev\\InteractiveIsing.jl\\ext\\IsingLearning\\experiments\\MNIST\\784-120-40-baseline\\experiments\\current\\20260529_mnist_784_120_40_baseline_revisit_gt90_e40_32w\\beta5_lr0020_wd0_e40\\best_checkpoint.bin", final_path = "")
epoch 11 training
(timestamp = "2026-05-29T13:49:27", epoch = 11, seconds = 427.4674974, train_accuracy = missing, train_loss = missing, test_accuracy = missing, test_loss = missing, pred_counts = missing, best_accuracy = 0.87847533632287, best_path = "C:\\Users\\fenje\\dev\\InteractiveIsing.jl\\ext\\IsingLearning\\experiments\\MNIST\\784-120-40-baseline\\experiments\\current\\20260529_mnist_784_120_40_baseline_revisit_gt90_e40_32w\\beta5_lr0020_wd0_e40\\best_checkpoint.bin", final_path = "")
epoch 12 training
(timestamp = "2026-05-29T13:56:35", epoch = 12, seconds = 427.4139765, train_accuracy = missing, train_loss = missing, test_accuracy = missing, test_loss = missing, pred_counts = missing, best_accuracy = 0.87847533632287, best_path = "C:\\Users\\fenje\\dev\\InteractiveIsing.jl\\ext\\IsingLearning\\experiments\\MNIST\\784-120-40-baseline\\experiments\\current\\20260529_mnist_784_120_40_baseline_revisit_gt90_e40_32w\\beta5_lr0020_wd0_e40\\best_checkpoint.bin", final_path = "")
epoch 13 training
(timestamp = "2026-05-29T14:03:42", epoch = 13, seconds = 427.5360006, train_accuracy = missing, train_loss = missing, test_accuracy = missing, test_loss = missing, pred_counts = missing, best_accuracy = 0.87847533632287, best_path = "C:\\Users\\fenje\\dev\\InteractiveIsing.jl\\ext\\IsingLearning\\experiments\\MNIST\\784-120-40-baseline\\experiments\\current\\20260529_mnist_784_120_40_baseline_revisit_gt90_e40_32w\\beta5_lr0020_wd0_e40\\best_checkpoint.bin", final_path = "")
epoch 14 training
(timestamp = "2026-05-29T14:10:51", epoch = 14, seconds = 428.8976333, train_accuracy = missing, train_loss = missing, test_accuracy = missing, test_loss = missing, pred_counts = missing, best_accuracy = 0.87847533632287, best_path = "C:\\Users\\fenje\\dev\\InteractiveIsing.jl\\ext\\IsingLearning\\experiments\\MNIST\\784-120-40-baseline\\experiments\\current\\20260529_mnist_784_120_40_baseline_revisit_gt90_e40_32w\\beta5_lr0020_wd0_e40\\best_checkpoint.bin", final_path = "")
epoch 15 training
epoch 15 evaluating
(timestamp = "2026-05-29T14:25:53", epoch = 15, seconds = 428.4180798, train_accuracy = 0.852, train_loss = 4.4450808f0, test_accuracy = 0.8732062780269059, test_loss = 3.8831553f0, pred_counts = "897-938-900-809-1040-1040-902-878-815-701", best_accuracy = 0.87847533632287, best_path = "C:\\Users\\fenje\\dev\\InteractiveIsing.jl\\ext\\IsingLearning\\experiments\\MNIST\\784-120-40-baseline\\experiments\\current\\20260529_mnist_784_120_40_baseline_revisit_gt90_e40_32w\\beta5_lr0020_wd0_e40\\best_checkpoint.bin", final_path = "")
epoch 16 training
(timestamp = "2026-05-29T14:33:00", epoch = 16, seconds = 426.7460984, train_accuracy = missing, train_loss = missing, test_accuracy = missing, test_loss = missing, pred_counts = missing, best_accuracy = 0.87847533632287, best_path = "C:\\Users\\fenje\\dev\\InteractiveIsing.jl\\ext\\IsingLearning\\experiments\\MNIST\\784-120-40-baseline\\experiments\\current\\20260529_mnist_784_120_40_baseline_revisit_gt90_e40_32w\\beta5_lr0020_wd0_e40\\best_checkpoint.bin", final_path = "")
epoch 17 training
(timestamp = "2026-05-29T14:40:08", epoch = 17, seconds = 428.1038657, train_accuracy = missing, train_loss = missing, test_accuracy = missing, test_loss = missing, pred_counts = missing, best_accuracy = 0.87847533632287, best_path = "C:\\Users\\fenje\\dev\\InteractiveIsing.jl\\ext\\IsingLearning\\experiments\\MNIST\\784-120-40-baseline\\experiments\\current\\20260529_mnist_784_120_40_baseline_revisit_gt90_e40_32w\\beta5_lr0020_wd0_e40\\best_checkpoint.bin", final_path = "")
epoch 18 training
(timestamp = "2026-05-29T14:47:17", epoch = 18, seconds = 428.6476527, train_accuracy = missing, train_loss = missing, test_accuracy = missing, test_loss = missing, pred_counts = missing, best_accuracy = 0.87847533632287, best_path = "C:\\Users\\fenje\\dev\\InteractiveIsing.jl\\ext\\IsingLearning\\experiments\\MNIST\\784-120-40-baseline\\experiments\\current\\20260529_mnist_784_120_40_baseline_revisit_gt90_e40_32w\\beta5_lr0020_wd0_e40\\best_checkpoint.bin", final_path = "")
epoch 19 training
(timestamp = "2026-05-29T14:54:25", epoch = 19, seconds = 427.9874078, train_accuracy = missing, train_loss = missing, test_accuracy = missing, test_loss = missing, pred_counts = missing, best_accuracy = 0.87847533632287, best_path = "C:\\Users\\fenje\\dev\\InteractiveIsing.jl\\ext\\IsingLearning\\experiments\\MNIST\\784-120-40-baseline\\experiments\\current\\20260529_mnist_784_120_40_baseline_revisit_gt90_e40_32w\\beta5_lr0020_wd0_e40\\best_checkpoint.bin", final_path = "")
epoch 20 training
epoch 20 evaluating
(timestamp = "2026-05-29T15:09:28", epoch = 20, seconds = 428.3263236, train_accuracy = 0.867, train_loss = 3.8478684f0, test_accuracy = 0.8726457399103139, test_loss = 3.788039f0, pred_counts = "906-936-899-889-1115-849-862-992-777-695", best_accuracy = 0.87847533632287, best_path = "C:\\Users\\fenje\\dev\\InteractiveIsing.jl\\ext\\IsingLearning\\experiments\\MNIST\\784-120-40-baseline\\experiments\\current\\20260529_mnist_784_120_40_baseline_revisit_gt90_e40_32w\\beta5_lr0020_wd0_e40\\best_checkpoint.bin", final_path = "")
epoch 21 training
(timestamp = "2026-05-29T15:16:37", epoch = 21, seconds = 428.8689783, train_accuracy = missing, train_loss = missing, test_accuracy = missing, test_loss = missing, pred_counts = missing, best_accuracy = 0.87847533632287, best_path = "C:\\Users\\fenje\\dev\\InteractiveIsing.jl\\ext\\IsingLearning\\experiments\\MNIST\\784-120-40-baseline\\experiments\\current\\20260529_mnist_784_120_40_baseline_revisit_gt90_e40_32w\\beta5_lr0020_wd0_e40\\best_checkpoint.bin", final_path = "")
epoch 22 training
(timestamp = "2026-05-29T15:23:45", epoch = 22, seconds = 428.1497216, train_accuracy = missing, train_loss = missing, test_accuracy = missing, test_loss = missing, pred_counts = missing, best_accuracy = 0.87847533632287, best_path = "C:\\Users\\fenje\\dev\\InteractiveIsing.jl\\ext\\IsingLearning\\experiments\\MNIST\\784-120-40-baseline\\experiments\\current\\20260529_mnist_784_120_40_baseline_revisit_gt90_e40_32w\\beta5_lr0020_wd0_e40\\best_checkpoint.bin", final_path = "")
epoch 23 training
(timestamp = "2026-05-29T15:30:54", epoch = 23, seconds = 429.1304934, train_accuracy = missing, train_loss = missing, test_accuracy = missing, test_loss = missing, pred_counts = missing, best_accuracy = 0.87847533632287, best_path = "C:\\Users\\fenje\\dev\\InteractiveIsing.jl\\ext\\IsingLearning\\experiments\\MNIST\\784-120-40-baseline\\experiments\\current\\20260529_mnist_784_120_40_baseline_revisit_gt90_e40_32w\\beta5_lr0020_wd0_e40\\best_checkpoint.bin", final_path = "")
epoch 24 training
(timestamp = "2026-05-29T15:38:02", epoch = 24, seconds = 428.5244858, train_accuracy = missing, train_loss = missing, test_accuracy = missing, test_loss = missing, pred_counts = missing, best_accuracy = 0.87847533632287, best_path = "C:\\Users\\fenje\\dev\\InteractiveIsing.jl\\ext\\IsingLearning\\experiments\\MNIST\\784-120-40-baseline\\experiments\\current\\20260529_mnist_784_120_40_baseline_revisit_gt90_e40_32w\\beta5_lr0020_wd0_e40\\best_checkpoint.bin", final_path = "")
epoch 25 training
epoch 25 evaluating
(timestamp = "2026-05-29T15:53:04", epoch = 25, seconds = 428.7824623, train_accuracy = 0.824, train_loss = 4.6483393f0, test_accuracy = 0.8290358744394619, test_loss = 4.4993167f0, pred_counts = "994-989-1021-789-1078-469-981-993-705-901", best_accuracy = 0.87847533632287, best_path = "C:\\Users\\fenje\\dev\\InteractiveIsing.jl\\ext\\IsingLearning\\experiments\\MNIST\\784-120-40-baseline\\experiments\\current\\20260529_mnist_784_120_40_baseline_revisit_gt90_e40_32w\\beta5_lr0020_wd0_e40\\best_checkpoint.bin", final_path = "")
epoch 26 training
(timestamp = "2026-05-29T16:00:12", epoch = 26, seconds = 428.1062243, train_accuracy = missing, train_loss = missing, test_accuracy = missing, test_loss = missing, pred_counts = missing, best_accuracy = 0.87847533632287, best_path = "C:\\Users\\fenje\\dev\\InteractiveIsing.jl\\ext\\IsingLearning\\experiments\\MNIST\\784-120-40-baseline\\experiments\\current\\20260529_mnist_784_120_40_baseline_revisit_gt90_e40_32w\\beta5_lr0020_wd0_e40\\best_checkpoint.bin", final_path = "")
epoch 27 training
(timestamp = "2026-05-29T16:07:21", epoch = 27, seconds = 428.8438468, train_accuracy = missing, train_loss = missing, test_accuracy = missing, test_loss = missing, pred_counts = missing, best_accuracy = 0.87847533632287, best_path = "C:\\Users\\fenje\\dev\\InteractiveIsing.jl\\ext\\IsingLearning\\experiments\\MNIST\\784-120-40-baseline\\experiments\\current\\20260529_mnist_784_120_40_baseline_revisit_gt90_e40_32w\\beta5_lr0020_wd0_e40\\best_checkpoint.bin", final_path = "")
epoch 28 training
(timestamp = "2026-05-29T16:14:30", epoch = 28, seconds = 429.2026872, train_accuracy = missing, train_loss = missing, test_accuracy = missing, test_loss = missing, pred_counts = missing, best_accuracy = 0.87847533632287, best_path = "C:\\Users\\fenje\\dev\\InteractiveIsing.jl\\ext\\IsingLearning\\experiments\\MNIST\\784-120-40-baseline\\experiments\\current\\20260529_mnist_784_120_40_baseline_revisit_gt90_e40_32w\\beta5_lr0020_wd0_e40\\best_checkpoint.bin", final_path = "")
epoch 29 training
(timestamp = "2026-05-29T16:21:38", epoch = 29, seconds = 427.9945601, train_accuracy = missing, train_loss = missing, test_accuracy = missing, test_loss = missing, pred_counts = missing, best_accuracy = 0.87847533632287, best_path = "C:\\Users\\fenje\\dev\\InteractiveIsing.jl\\ext\\IsingLearning\\experiments\\MNIST\\784-120-40-baseline\\experiments\\current\\20260529_mnist_784_120_40_baseline_revisit_gt90_e40_32w\\beta5_lr0020_wd0_e40\\best_checkpoint.bin", final_path = "")
epoch 30 training
epoch 30 evaluating
(timestamp = "2026-05-29T16:36:40", epoch = 30, seconds = 427.7800098, train_accuracy = 0.827, train_loss = 5.392463f0, test_accuracy = 0.829932735426009, test_loss = 5.308297f0, pred_counts = "1007-1025-890-912-965-157-974-1025-965-1000", best_accuracy = 0.87847533632287, best_path = "C:\\Users\\fenje\\dev\\InteractiveIsing.jl\\ext\\IsingLearning\\experiments\\MNIST\\784-120-40-baseline\\experiments\\current\\20260529_mnist_784_120_40_baseline_revisit_gt90_e40_32w\\beta5_lr0020_wd0_e40\\best_checkpoint.bin", final_path = "")
epoch 31 training
(timestamp = "2026-05-29T16:43:48", epoch = 31, seconds = 428.4108998, train_accuracy = missing, train_loss = missing, test_accuracy = missing, test_loss = missing, pred_counts = missing, best_accuracy = 0.87847533632287, best_path = "C:\\Users\\fenje\\dev\\InteractiveIsing.jl\\ext\\IsingLearning\\experiments\\MNIST\\784-120-40-baseline\\experiments\\current\\20260529_mnist_784_120_40_baseline_revisit_gt90_e40_32w\\beta5_lr0020_wd0_e40\\best_checkpoint.bin", final_path = "")
epoch 32 training
(timestamp = "2026-05-29T16:50:57", epoch = 32, seconds = 428.9511817, train_accuracy = missing, train_loss = missing, test_accuracy = missing, test_loss = missing, pred_counts = missing, best_accuracy = 0.87847533632287, best_path = "C:\\Users\\fenje\\dev\\InteractiveIsing.jl\\ext\\IsingLearning\\experiments\\MNIST\\784-120-40-baseline\\experiments\\current\\20260529_mnist_784_120_40_baseline_revisit_gt90_e40_32w\\beta5_lr0020_wd0_e40\\best_checkpoint.bin", final_path = "")
epoch 33 training
(timestamp = "2026-05-29T16:58:06", epoch = 33, seconds = 428.5074845, train_accuracy = missing, train_loss = missing, test_accuracy = missing, test_loss = missing, pred_counts = missing, best_accuracy = 0.87847533632287, best_path = "C:\\Users\\fenje\\dev\\InteractiveIsing.jl\\ext\\IsingLearning\\experiments\\MNIST\\784-120-40-baseline\\experiments\\current\\20260529_mnist_784_120_40_baseline_revisit_gt90_e40_32w\\beta5_lr0020_wd0_e40\\best_checkpoint.bin", final_path = "")
epoch 34 training
(timestamp = "2026-05-29T17:05:30", epoch = 34, seconds = 444.0614555, train_accuracy = missing, train_loss = missing, test_accuracy = missing, test_loss = missing, pred_counts = missing, best_accuracy = 0.87847533632287, best_path = "C:\\Users\\fenje\\dev\\InteractiveIsing.jl\\ext\\IsingLearning\\experiments\\MNIST\\784-120-40-baseline\\experiments\\current\\20260529_mnist_784_120_40_baseline_revisit_gt90_e40_32w\\beta5_lr0020_wd0_e40\\best_checkpoint.bin", final_path = "")
epoch 35 training
epoch 35 evaluating
(timestamp = "2026-05-29T17:22:01", epoch = 35, seconds = 457.8878977, train_accuracy = 0.809, train_loss = 5.5049396f0, test_accuracy = 0.8109865470852018, test_loss = 5.292757f0, pred_counts = "980-992-839-1001-1032-132-989-982-1004-969", best_accuracy = 0.87847533632287, best_path = "C:\\Users\\fenje\\dev\\InteractiveIsing.jl\\ext\\IsingLearning\\experiments\\MNIST\\784-120-40-baseline\\experiments\\current\\20260529_mnist_784_120_40_baseline_revisit_gt90_e40_32w\\beta5_lr0020_wd0_e40\\best_checkpoint.bin", final_path = "")
epoch 36 training
(timestamp = "2026-05-29T17:29:19", epoch = 36, seconds = 438.3629945, train_accuracy = missing, train_loss = missing, test_accuracy = missing, test_loss = missing, pred_counts = missing, best_accuracy = 0.87847533632287, best_path = "C:\\Users\\fenje\\dev\\InteractiveIsing.jl\\ext\\IsingLearning\\experiments\\MNIST\\784-120-40-baseline\\experiments\\current\\20260529_mnist_784_120_40_baseline_revisit_gt90_e40_32w\\beta5_lr0020_wd0_e40\\best_checkpoint.bin", final_path = "")
epoch 37 training
(timestamp = "2026-05-29T17:36:50", epoch = 37, seconds = 450.4463138, train_accuracy = missing, train_loss = missing, test_accuracy = missing, test_loss = missing, pred_counts = missing, best_accuracy = 0.87847533632287, best_path = "C:\\Users\\fenje\\dev\\InteractiveIsing.jl\\ext\\IsingLearning\\experiments\\MNIST\\784-120-40-baseline\\experiments\\current\\20260529_mnist_784_120_40_baseline_revisit_gt90_e40_32w\\beta5_lr0020_wd0_e40\\best_checkpoint.bin", final_path = "")
epoch 38 training
(timestamp = "2026-05-29T17:44:10", epoch = 38, seconds = 439.5436499, train_accuracy = missing, train_loss = missing, test_accuracy = missing, test_loss = missing, pred_counts = missing, best_accuracy = 0.87847533632287, best_path = "C:\\Users\\fenje\\dev\\InteractiveIsing.jl\\ext\\IsingLearning\\experiments\\MNIST\\784-120-40-baseline\\experiments\\current\\20260529_mnist_784_120_40_baseline_revisit_gt90_e40_32w\\beta5_lr0020_wd0_e40\\best_checkpoint.bin", final_path = "")
epoch 39 training
(timestamp = "2026-05-29T17:51:33", epoch = 39, seconds = 443.466875, train_accuracy = missing, train_loss = missing, test_accuracy = missing, test_loss = missing, pred_counts = missing, best_accuracy = 0.87847533632287, best_path = "C:\\Users\\fenje\\dev\\InteractiveIsing.jl\\ext\\IsingLearning\\experiments\\MNIST\\784-120-40-baseline\\experiments\\current\\20260529_mnist_784_120_40_baseline_revisit_gt90_e40_32w\\beta5_lr0020_wd0_e40\\best_checkpoint.bin", final_path = "")
epoch 40 training
epoch 40 evaluating
(timestamp = "2026-05-29T18:07:48", epoch = 40, seconds = 443.3214966, train_accuracy = 0.759, train_loss = 6.0173283f0, test_accuracy = 0.7752242152466368, test_loss = 5.8227606f0, pred_counts = "954-1112-705-1084-1135-158-1009-1055-1014-694", best_accuracy = 0.87847533632287, best_path = "C:\\Users\\fenje\\dev\\InteractiveIsing.jl\\ext\\IsingLearning\\experiments\\MNIST\\784-120-40-baseline\\experiments\\current\\20260529_mnist_784_120_40_baseline_revisit_gt90_e40_32w\\beta5_lr0020_wd0_e40\\best_checkpoint.bin", final_path = "C:\\Users\\fenje\\dev\\InteractiveIsing.jl\\ext\\IsingLearning\\experiments\\MNIST\\784-120-40-baseline\\experiments\\current\\20260529_mnist_784_120_40_baseline_revisit_gt90_e40_32w\\beta5_lr0020_wd0_e40\\final_checkpoint.bin")
saved MNIST 784-120-40 baseline in C:\Users\fenje\dev\InteractiveIsing.jl\ext\IsingLearning\experiments\MNIST\784-120-40-baseline\experiments\current\20260529_mnist_784_120_40_baseline_revisit_gt90_e40_32w\beta5_lr0020_wd0_e40
[2026-05-29T18:08:15] baseline revisit finished name=beta5_lr0020_wd0_e40 best_accuracy=0.87847533632287
[2026-05-29T18:08:15] baseline revisit started name=beta5_lr0015_wd0_e40
building MNIST 784-120-40 layer
loading training split
loading train-eval split
loading test split
constructing 32-worker Adam manager
constructing validation worker
starting epochs
epoch 0 evaluating
(timestamp = "2026-05-29T18:17:24", epoch = 0, seconds = 0.0, train_accuracy = 0.103, train_loss = 87.237045f0, test_accuracy = 0.09630044843049328, test_loss = 87.29221f0, pred_counts = "790-1023-450-550-623-896-484-1603-403-2098", best_accuracy = 0.09630044843049328, best_path = "C:\\Users\\fenje\\dev\\InteractiveIsing.jl\\ext\\IsingLearning\\experiments\\MNIST\\784-120-40-baseline\\experiments\\current\\20260529_mnist_784_120_40_baseline_revisit_gt90_e40_32w\\beta5_lr0015_wd0_e40\\best_checkpoint.bin", final_path = "")
epoch 1 training
(timestamp = "2026-05-29T18:25:10", epoch = 1, seconds = 466.1024231, train_accuracy = missing, train_loss = missing, test_accuracy = missing, test_loss = missing, pred_counts = missing, best_accuracy = 0.09630044843049328, best_path = "C:\\Users\\fenje\\dev\\InteractiveIsing.jl\\ext\\IsingLearning\\experiments\\MNIST\\784-120-40-baseline\\experiments\\current\\20260529_mnist_784_120_40_baseline_revisit_gt90_e40_32w\\beta5_lr0015_wd0_e40\\best_checkpoint.bin", final_path = "")
epoch 2 training
(timestamp = "2026-05-29T18:32:46", epoch = 2, seconds = 455.6595993, train_accuracy = missing, train_loss = missing, test_accuracy = missing, test_loss = missing, pred_counts = missing, best_accuracy = 0.09630044843049328, best_path = "C:\\Users\\fenje\\dev\\InteractiveIsing.jl\\ext\\IsingLearning\\experiments\\MNIST\\784-120-40-baseline\\experiments\\current\\20260529_mnist_784_120_40_baseline_revisit_gt90_e40_32w\\beta5_lr0015_wd0_e40\\best_checkpoint.bin", final_path = "")
epoch 3 training
(timestamp = "2026-05-29T18:40:23", epoch = 3, seconds = 456.9456005, train_accuracy = missing, train_loss = missing, test_accuracy = missing, test_loss = missing, pred_counts = missing, best_accuracy = 0.09630044843049328, best_path = "C:\\Users\\fenje\\dev\\InteractiveIsing.jl\\ext\\IsingLearning\\experiments\\MNIST\\784-120-40-baseline\\experiments\\current\\20260529_mnist_784_120_40_baseline_revisit_gt90_e40_32w\\beta5_lr0015_wd0_e40\\best_checkpoint.bin", final_path = "")
epoch 4 training
(timestamp = "2026-05-29T18:47:50", epoch = 4, seconds = 447.5016109, train_accuracy = missing, train_loss = missing, test_accuracy = missing, test_loss = missing, pred_counts = missing, best_accuracy = 0.09630044843049328, best_path = "C:\\Users\\fenje\\dev\\InteractiveIsing.jl\\ext\\IsingLearning\\experiments\\MNIST\\784-120-40-baseline\\experiments\\current\\20260529_mnist_784_120_40_baseline_revisit_gt90_e40_32w\\beta5_lr0015_wd0_e40\\best_checkpoint.bin", final_path = "")
epoch 5 training
epoch 5 evaluating
(timestamp = "2026-05-29T19:03:15", epoch = 5, seconds = 446.4755352, train_accuracy = 0.857, train_loss = 4.487352f0, test_accuracy = 0.8812780269058296, test_loss = 3.7395017f0, pred_counts = "1010-837-869-765-859-969-869-907-1048-787", best_accuracy = 0.8812780269058296, best_path = "C:\\Users\\fenje\\dev\\InteractiveIsing.jl\\ext\\IsingLearning\\experiments\\MNIST\\784-120-40-baseline\\experiments\\current\\20260529_mnist_784_120_40_baseline_revisit_gt90_e40_32w\\beta5_lr0015_wd0_e40\\best_checkpoint.bin", final_path = "")
epoch 6 training
(timestamp = "2026-05-29T19:10:40", epoch = 6, seconds = 445.1452964, train_accuracy = missing, train_loss = missing, test_accuracy = missing, test_loss = missing, pred_counts = missing, best_accuracy = 0.8812780269058296, best_path = "C:\\Users\\fenje\\dev\\InteractiveIsing.jl\\ext\\IsingLearning\\experiments\\MNIST\\784-120-40-baseline\\experiments\\current\\20260529_mnist_784_120_40_baseline_revisit_gt90_e40_32w\\beta5_lr0015_wd0_e40\\best_checkpoint.bin", final_path = "")
epoch 7 training
(timestamp = "2026-05-29T19:18:09", epoch = 7, seconds = 449.1915947, train_accuracy = missing, train_loss = missing, test_accuracy = missing, test_loss = missing, pred_counts = missing, best_accuracy = 0.8812780269058296, best_path = "C:\\Users\\fenje\\dev\\InteractiveIsing.jl\\ext\\IsingLearning\\experiments\\MNIST\\784-120-40-baseline\\experiments\\current\\20260529_mnist_784_120_40_baseline_revisit_gt90_e40_32w\\beta5_lr0015_wd0_e40\\best_checkpoint.bin", final_path = "")
epoch 8 training
(timestamp = "2026-05-29T19:25:28", epoch = 8, seconds = 438.4231334, train_accuracy = missing, train_loss = missing, test_accuracy = missing, test_loss = missing, pred_counts = missing, best_accuracy = 0.8812780269058296, best_path = "C:\\Users\\fenje\\dev\\InteractiveIsing.jl\\ext\\IsingLearning\\experiments\\MNIST\\784-120-40-baseline\\experiments\\current\\20260529_mnist_784_120_40_baseline_revisit_gt90_e40_32w\\beta5_lr0015_wd0_e40\\best_checkpoint.bin", final_path = "")
epoch 9 training
(timestamp = "2026-05-29T19:32:38", epoch = 9, seconds = 430.7045722, train_accuracy = missing, train_loss = missing, test_accuracy = missing, test_loss = missing, pred_counts = missing, best_accuracy = 0.8812780269058296, best_path = "C:\\Users\\fenje\\dev\\InteractiveIsing.jl\\ext\\IsingLearning\\experiments\\MNIST\\784-120-40-baseline\\experiments\\current\\20260529_mnist_784_120_40_baseline_revisit_gt90_e40_32w\\beta5_lr0015_wd0_e40\\best_checkpoint.bin", final_path = "")
epoch 10 training
epoch 10 evaluating
(timestamp = "2026-05-29T19:47:50", epoch = 10, seconds = 429.6378309, train_accuracy = 0.897, train_loss = 3.111261f0, test_accuracy = 0.8855381165919283, test_loss = 3.517275f0, pred_counts = "877-910-837-874-886-945-956-932-878-825", best_accuracy = 0.8855381165919283, best_path = "C:\\Users\\fenje\\dev\\InteractiveIsing.jl\\ext\\IsingLearning\\experiments\\MNIST\\784-120-40-baseline\\experiments\\current\\20260529_mnist_784_120_40_baseline_revisit_gt90_e40_32w\\beta5_lr0015_wd0_e40\\best_checkpoint.bin", final_path = "")
epoch 11 training
(timestamp = "2026-05-29T19:54:59", epoch = 11, seconds = 429.1176908, train_accuracy = missing, train_loss = missing, test_accuracy = missing, test_loss = missing, pred_counts = missing, best_accuracy = 0.8855381165919283, best_path = "C:\\Users\\fenje\\dev\\InteractiveIsing.jl\\ext\\IsingLearning\\experiments\\MNIST\\784-120-40-baseline\\experiments\\current\\20260529_mnist_784_120_40_baseline_revisit_gt90_e40_32w\\beta5_lr0015_wd0_e40\\best_checkpoint.bin", final_path = "")
epoch 12 training
(timestamp = "2026-05-29T20:02:09", epoch = 12, seconds = 429.8068609, train_accuracy = missing, train_loss = missing, test_accuracy = missing, test_loss = missing, pred_counts = missing, best_accuracy = 0.8855381165919283, best_path = "C:\\Users\\fenje\\dev\\InteractiveIsing.jl\\ext\\IsingLearning\\experiments\\MNIST\\784-120-40-baseline\\experiments\\current\\20260529_mnist_784_120_40_baseline_revisit_gt90_e40_32w\\beta5_lr0015_wd0_e40\\best_checkpoint.bin", final_path = "")
epoch 13 training
(timestamp = "2026-05-29T20:09:22", epoch = 13, seconds = 432.6915842, train_accuracy = missing, train_loss = missing, test_accuracy = missing, test_loss = missing, pred_counts = missing, best_accuracy = 0.8855381165919283, best_path = "C:\\Users\\fenje\\dev\\InteractiveIsing.jl\\ext\\IsingLearning\\experiments\\MNIST\\784-120-40-baseline\\experiments\\current\\20260529_mnist_784_120_40_baseline_revisit_gt90_e40_32w\\beta5_lr0015_wd0_e40\\best_checkpoint.bin", final_path = "")
epoch 14 training
(timestamp = "2026-05-29T20:16:35", epoch = 14, seconds = 432.9198923, train_accuracy = missing, train_loss = missing, test_accuracy = missing, test_loss = missing, pred_counts = missing, best_accuracy = 0.8855381165919283, best_path = "C:\\Users\\fenje\\dev\\InteractiveIsing.jl\\ext\\IsingLearning\\experiments\\MNIST\\784-120-40-baseline\\experiments\\current\\20260529_mnist_784_120_40_baseline_revisit_gt90_e40_32w\\beta5_lr0015_wd0_e40\\best_checkpoint.bin", final_path = "")
epoch 15 training
epoch 15 evaluating
(timestamp = "2026-05-29T20:31:50", epoch = 15, seconds = 435.7363425, train_accuracy = 0.878, train_loss = 3.7548444f0, test_accuracy = 0.8800448430493274, test_loss = 3.72925f0, pred_counts = "953-915-836-910-925-905-916-855-859-846", best_accuracy = 0.8855381165919283, best_path = "C:\\Users\\fenje\\dev\\InteractiveIsing.jl\\ext\\IsingLearning\\experiments\\MNIST\\784-120-40-baseline\\experiments\\current\\20260529_mnist_784_120_40_baseline_revisit_gt90_e40_32w\\beta5_lr0015_wd0_e40\\best_checkpoint.bin", final_path = "")
epoch 16 training
(timestamp = "2026-05-29T20:39:01", epoch = 16, seconds = 431.4296741, train_accuracy = missing, train_loss = missing, test_accuracy = missing, test_loss = missing, pred_counts = missing, best_accuracy = 0.8855381165919283, best_path = "C:\\Users\\fenje\\dev\\InteractiveIsing.jl\\ext\\IsingLearning\\experiments\\MNIST\\784-120-40-baseline\\experiments\\current\\20260529_mnist_784_120_40_baseline_revisit_gt90_e40_32w\\beta5_lr0015_wd0_e40\\best_checkpoint.bin", final_path = "")
epoch 17 training
(timestamp = "2026-05-29T20:46:15", epoch = 17, seconds = 433.3951634, train_accuracy = missing, train_loss = missing, test_accuracy = missing, test_loss = missing, pred_counts = missing, best_accuracy = 0.8855381165919283, best_path = "C:\\Users\\fenje\\dev\\InteractiveIsing.jl\\ext\\IsingLearning\\experiments\\MNIST\\784-120-40-baseline\\experiments\\current\\20260529_mnist_784_120_40_baseline_revisit_gt90_e40_32w\\beta5_lr0015_wd0_e40\\best_checkpoint.bin", final_path = "")
epoch 18 training
(timestamp = "2026-05-29T20:53:29", epoch = 18, seconds = 434.5141326, train_accuracy = missing, train_loss = missing, test_accuracy = missing, test_loss = missing, pred_counts = missing, best_accuracy = 0.8855381165919283, best_path = "C:\\Users\\fenje\\dev\\InteractiveIsing.jl\\ext\\IsingLearning\\experiments\\MNIST\\784-120-40-baseline\\experiments\\current\\20260529_mnist_784_120_40_baseline_revisit_gt90_e40_32w\\beta5_lr0015_wd0_e40\\best_checkpoint.bin", final_path = "")
epoch 19 training
(timestamp = "2026-05-29T21:00:38", epoch = 19, seconds = 428.4940915, train_accuracy = missing, train_loss = missing, test_accuracy = missing, test_loss = missing, pred_counts = missing, best_accuracy = 0.8855381165919283, best_path = "C:\\Users\\fenje\\dev\\InteractiveIsing.jl\\ext\\IsingLearning\\experiments\\MNIST\\784-120-40-baseline\\experiments\\current\\20260529_mnist_784_120_40_baseline_revisit_gt90_e40_32w\\beta5_lr0015_wd0_e40\\best_checkpoint.bin", final_path = "")
epoch 20 training
epoch 20 evaluating
(timestamp = "2026-05-29T21:15:47", epoch = 20, seconds = 428.5602684, train_accuracy = 0.89, train_loss = 3.5251431f0, test_accuracy = 0.8918161434977578, test_loss = 3.3521225f0, pred_counts = "907-921-839-932-876-902-904-903-796-940", best_accuracy = 0.8918161434977578, best_path = "C:\\Users\\fenje\\dev\\InteractiveIsing.jl\\ext\\IsingLearning\\experiments\\MNIST\\784-120-40-baseline\\experiments\\current\\20260529_mnist_784_120_40_baseline_revisit_gt90_e40_32w\\beta5_lr0015_wd0_e40\\best_checkpoint.bin", final_path = "")
epoch 21 training
(timestamp = "2026-05-29T21:22:58", epoch = 21, seconds = 430.5985017, train_accuracy = missing, train_loss = missing, test_accuracy = missing, test_loss = missing, pred_counts = missing, best_accuracy = 0.8918161434977578, best_path = "C:\\Users\\fenje\\dev\\InteractiveIsing.jl\\ext\\IsingLearning\\experiments\\MNIST\\784-120-40-baseline\\experiments\\current\\20260529_mnist_784_120_40_baseline_revisit_gt90_e40_32w\\beta5_lr0015_wd0_e40\\best_checkpoint.bin", final_path = "")
epoch 22 training
(timestamp = "2026-05-29T21:30:09", epoch = 22, seconds = 431.3887858, train_accuracy = missing, train_loss = missing, test_accuracy = missing, test_loss = missing, pred_counts = missing, best_accuracy = 0.8918161434977578, best_path = "C:\\Users\\fenje\\dev\\InteractiveIsing.jl\\ext\\IsingLearning\\experiments\\MNIST\\784-120-40-baseline\\experiments\\current\\20260529_mnist_784_120_40_baseline_revisit_gt90_e40_32w\\beta5_lr0015_wd0_e40\\best_checkpoint.bin", final_path = "")
epoch 23 training
(timestamp = "2026-05-29T21:37:21", epoch = 23, seconds = 431.3551845, train_accuracy = missing, train_loss = missing, test_accuracy = missing, test_loss = missing, pred_counts = missing, best_accuracy = 0.8918161434977578, best_path = "C:\\Users\\fenje\\dev\\InteractiveIsing.jl\\ext\\IsingLearning\\experiments\\MNIST\\784-120-40-baseline\\experiments\\current\\20260529_mnist_784_120_40_baseline_revisit_gt90_e40_32w\\beta5_lr0015_wd0_e40\\best_checkpoint.bin", final_path = "")
epoch 24 training
(timestamp = "2026-05-29T21:44:34", epoch = 24, seconds = 433.2327944, train_accuracy = missing, train_loss = missing, test_accuracy = missing, test_loss = missing, pred_counts = missing, best_accuracy = 0.8918161434977578, best_path = "C:\\Users\\fenje\\dev\\InteractiveIsing.jl\\ext\\IsingLearning\\experiments\\MNIST\\784-120-40-baseline\\experiments\\current\\20260529_mnist_784_120_40_baseline_revisit_gt90_e40_32w\\beta5_lr0015_wd0_e40\\best_checkpoint.bin", final_path = "")
epoch 25 training
epoch 25 evaluating
(timestamp = "2026-05-29T21:59:40", epoch = 25, seconds = 434.0372692, train_accuracy = 0.873, train_loss = 4.0645037f0, test_accuracy = 0.8899103139013453, test_loss = 3.348252f0, pred_counts = "927-922-924-871-1077-882-865-879-806-767", best_accuracy = 0.8918161434977578, best_path = "C:\\Users\\fenje\\dev\\InteractiveIsing.jl\\ext\\IsingLearning\\experiments\\MNIST\\784-120-40-baseline\\experiments\\current\\20260529_mnist_784_120_40_baseline_revisit_gt90_e40_32w\\beta5_lr0015_wd0_e40\\best_checkpoint.bin", final_path = "")
epoch 26 training
(timestamp = "2026-05-29T22:06:48", epoch = 26, seconds = 428.1847634, train_accuracy = missing, train_loss = missing, test_accuracy = missing, test_loss = missing, pred_counts = missing, best_accuracy = 0.8918161434977578, best_path = "C:\\Users\\fenje\\dev\\InteractiveIsing.jl\\ext\\IsingLearning\\experiments\\MNIST\\784-120-40-baseline\\experiments\\current\\20260529_mnist_784_120_40_baseline_revisit_gt90_e40_32w\\beta5_lr0015_wd0_e40\\best_checkpoint.bin", final_path = "")
epoch 27 training
(timestamp = "2026-05-29T22:13:58", epoch = 27, seconds = 429.4060651, train_accuracy = missing, train_loss = missing, test_accuracy = missing, test_loss = missing, pred_counts = missing, best_accuracy = 0.8918161434977578, best_path = "C:\\Users\\fenje\\dev\\InteractiveIsing.jl\\ext\\IsingLearning\\experiments\\MNIST\\784-120-40-baseline\\experiments\\current\\20260529_mnist_784_120_40_baseline_revisit_gt90_e40_32w\\beta5_lr0015_wd0_e40\\best_checkpoint.bin", final_path = "")
epoch 28 training
(timestamp = "2026-05-29T22:21:07", epoch = 28, seconds = 428.90561, train_accuracy = missing, train_loss = missing, test_accuracy = missing, test_loss = missing, pred_counts = missing, best_accuracy = 0.8918161434977578, best_path = "C:\\Users\\fenje\\dev\\InteractiveIsing.jl\\ext\\IsingLearning\\experiments\\MNIST\\784-120-40-baseline\\experiments\\current\\20260529_mnist_784_120_40_baseline_revisit_gt90_e40_32w\\beta5_lr0015_wd0_e40\\best_checkpoint.bin", final_path = "")
epoch 29 training
(timestamp = "2026-05-29T22:28:16", epoch = 29, seconds = 429.1451135, train_accuracy = missing, train_loss = missing, test_accuracy = missing, test_loss = missing, pred_counts = missing, best_accuracy = 0.8918161434977578, best_path = "C:\\Users\\fenje\\dev\\InteractiveIsing.jl\\ext\\IsingLearning\\experiments\\MNIST\\784-120-40-baseline\\experiments\\current\\20260529_mnist_784_120_40_baseline_revisit_gt90_e40_32w\\beta5_lr0015_wd0_e40\\best_checkpoint.bin", final_path = "")
epoch 30 training
epoch 30 evaluating
(timestamp = "2026-05-29T22:43:21", epoch = 30, seconds = 429.2012811, train_accuracy = 0.886, train_loss = 3.3397505f0, test_accuracy = 0.8831838565022422, test_loss = 3.5333652f0, pred_counts = "937-916-857-864-1118-804-848-916-862-798", best_accuracy = 0.8918161434977578, best_path = "C:\\Users\\fenje\\dev\\InteractiveIsing.jl\\ext\\IsingLearning\\experiments\\MNIST\\784-120-40-baseline\\experiments\\current\\20260529_mnist_784_120_40_baseline_revisit_gt90_e40_32w\\beta5_lr0015_wd0_e40\\best_checkpoint.bin", final_path = "")
epoch 31 training
(timestamp = "2026-05-29T22:50:29", epoch = 31, seconds = 428.1806639, train_accuracy = missing, train_loss = missing, test_accuracy = missing, test_loss = missing, pred_counts = missing, best_accuracy = 0.8918161434977578, best_path = "C:\\Users\\fenje\\dev\\InteractiveIsing.jl\\ext\\IsingLearning\\experiments\\MNIST\\784-120-40-baseline\\experiments\\current\\20260529_mnist_784_120_40_baseline_revisit_gt90_e40_32w\\beta5_lr0015_wd0_e40\\best_checkpoint.bin", final_path = "")
epoch 32 training
(timestamp = "2026-05-29T22:57:37", epoch = 32, seconds = 428.6970304, train_accuracy = missing, train_loss = missing, test_accuracy = missing, test_loss = missing, pred_counts = missing, best_accuracy = 0.8918161434977578, best_path = "C:\\Users\\fenje\\dev\\InteractiveIsing.jl\\ext\\IsingLearning\\experiments\\MNIST\\784-120-40-baseline\\experiments\\current\\20260529_mnist_784_120_40_baseline_revisit_gt90_e40_32w\\beta5_lr0015_wd0_e40\\best_checkpoint.bin", final_path = "")
epoch 33 training
(timestamp = "2026-05-29T23:04:47", epoch = 33, seconds = 429.091561, train_accuracy = missing, train_loss = missing, test_accuracy = missing, test_loss = missing, pred_counts = missing, best_accuracy = 0.8918161434977578, best_path = "C:\\Users\\fenje\\dev\\InteractiveIsing.jl\\ext\\IsingLearning\\experiments\\MNIST\\784-120-40-baseline\\experiments\\current\\20260529_mnist_784_120_40_baseline_revisit_gt90_e40_32w\\beta5_lr0015_wd0_e40\\best_checkpoint.bin", final_path = "")
epoch 34 training
(timestamp = "2026-05-29T23:11:55", epoch = 34, seconds = 428.7797406, train_accuracy = missing, train_loss = missing, test_accuracy = missing, test_loss = missing, pred_counts = missing, best_accuracy = 0.8918161434977578, best_path = "C:\\Users\\fenje\\dev\\InteractiveIsing.jl\\ext\\IsingLearning\\experiments\\MNIST\\784-120-40-baseline\\experiments\\current\\20260529_mnist_784_120_40_baseline_revisit_gt90_e40_32w\\beta5_lr0015_wd0_e40\\best_checkpoint.bin", final_path = "")
epoch 35 training
epoch 35 evaluating
(timestamp = "2026-05-29T23:27:00", epoch = 35, seconds = 431.1576215, train_accuracy = 0.872, train_loss = 3.9424632f0, test_accuracy = 0.850896860986547, test_loss = 4.5119486f0, pred_counts = "897-922-914-877-1472-764-855-868-807-544", best_accuracy = 0.8918161434977578, best_path = "C:\\Users\\fenje\\dev\\InteractiveIsing.jl\\ext\\IsingLearning\\experiments\\MNIST\\784-120-40-baseline\\experiments\\current\\20260529_mnist_784_120_40_baseline_revisit_gt90_e40_32w\\beta5_lr0015_wd0_e40\\best_checkpoint.bin", final_path = "")
epoch 36 training
(timestamp = "2026-05-29T23:34:08", epoch = 36, seconds = 428.008322, train_accuracy = missing, train_loss = missing, test_accuracy = missing, test_loss = missing, pred_counts = missing, best_accuracy = 0.8918161434977578, best_path = "C:\\Users\\fenje\\dev\\InteractiveIsing.jl\\ext\\IsingLearning\\experiments\\MNIST\\784-120-40-baseline\\experiments\\current\\20260529_mnist_784_120_40_baseline_revisit_gt90_e40_32w\\beta5_lr0015_wd0_e40\\best_checkpoint.bin", final_path = "")
epoch 37 training
(timestamp = "2026-05-29T23:41:17", epoch = 37, seconds = 428.4318035, train_accuracy = missing, train_loss = missing, test_accuracy = missing, test_loss = missing, pred_counts = missing, best_accuracy = 0.8918161434977578, best_path = "C:\\Users\\fenje\\dev\\InteractiveIsing.jl\\ext\\IsingLearning\\experiments\\MNIST\\784-120-40-baseline\\experiments\\current\\20260529_mnist_784_120_40_baseline_revisit_gt90_e40_32w\\beta5_lr0015_wd0_e40\\best_checkpoint.bin", final_path = "")
epoch 38 training
(timestamp = "2026-05-29T23:48:26", epoch = 38, seconds = 429.3618633, train_accuracy = missing, train_loss = missing, test_accuracy = missing, test_loss = missing, pred_counts = missing, best_accuracy = 0.8918161434977578, best_path = "C:\\Users\\fenje\\dev\\InteractiveIsing.jl\\ext\\IsingLearning\\experiments\\MNIST\\784-120-40-baseline\\experiments\\current\\20260529_mnist_784_120_40_baseline_revisit_gt90_e40_32w\\beta5_lr0015_wd0_e40\\best_checkpoint.bin", final_path = "")
epoch 39 training
(timestamp = "2026-05-29T23:55:34", epoch = 39, seconds = 428.0001438, train_accuracy = missing, train_loss = missing, test_accuracy = missing, test_loss = missing, pred_counts = missing, best_accuracy = 0.8918161434977578, best_path = "C:\\Users\\fenje\\dev\\InteractiveIsing.jl\\ext\\IsingLearning\\experiments\\MNIST\\784-120-40-baseline\\experiments\\current\\20260529_mnist_784_120_40_baseline_revisit_gt90_e40_32w\\beta5_lr0015_wd0_e40\\best_checkpoint.bin", final_path = "")
epoch 40 training
epoch 40 evaluating
(timestamp = "2026-05-30T00:10:37", epoch = 40, seconds = 429.2903707, train_accuracy = 0.75, train_loss = 8.128736f0, test_accuracy = 0.7380044843049327, test_loss = 7.9139557f0, pred_counts = "909-928-855-907-2483-501-703-717-573-344", best_accuracy = 0.8918161434977578, best_path = "C:\\Users\\fenje\\dev\\InteractiveIsing.jl\\ext\\IsingLearning\\experiments\\MNIST\\784-120-40-baseline\\experiments\\current\\20260529_mnist_784_120_40_baseline_revisit_gt90_e40_32w\\beta5_lr0015_wd0_e40\\best_checkpoint.bin", final_path = "C:\\Users\\fenje\\dev\\InteractiveIsing.jl\\ext\\IsingLearning\\experiments\\MNIST\\784-120-40-baseline\\experiments\\current\\20260529_mnist_784_120_40_baseline_revisit_gt90_e40_32w\\beta5_lr0015_wd0_e40\\final_checkpoint.bin")
saved MNIST 784-120-40 baseline in C:\Users\fenje\dev\InteractiveIsing.jl\ext\IsingLearning\experiments\MNIST\784-120-40-baseline\experiments\current\20260529_mnist_784_120_40_baseline_revisit_gt90_e40_32w\beta5_lr0015_wd0_e40
[2026-05-30T00:10:37] baseline revisit finished name=beta5_lr0015_wd0_e40 best_accuracy=0.8918161434977578
[2026-05-30T00:10:37] baseline revisit started name=beta3_lr0020_wd0_e40
building MNIST 784-120-40 layer
loading training split
loading train-eval split
loading test split
constructing 32-worker Adam manager
constructing validation worker
starting epochs
epoch 0 evaluating
