[bootstrap] activated project
[bootstrap] loaded packages
building MNIST 784-120-40 layer
loading training split
training samples: 12800 (100 batches/epoch)
loading train-eval split
train-eval samples: 1000
loading test split
test samples: 1000
constructing 32-worker softplus-margin nudge Adam manager
constructing 32-worker validation manager
starting epochs
epoch 0 train-eval: evaluating 1000 samples
epoch 0 train accuracy 0.068 loss 74.950333
epoch 0 evaluating
epoch 0 test: evaluating 1000 samples
epoch 0 test accuracy 0.075 loss 73.853226 best 0.075
(timestamp = "2026-06-09T17:40:32", epoch = 0, seconds = 0.0, train_accuracy = 0.068, train_loss = 74.95033f0, test_accuracy = 0.075, test_loss = 73.853226f0, pred_counts = "43-160-80-59-89-51-79-273-87-79", w_norm = 0.48583895f0, b_norm = 0.0f0, w_input_norm = 1.5314544f0, grad_w_norm = 0.0f0, grad_b_norm = 0.0f0, grad_w_input_norm = 0.0f0, effective_w_decay = 0.003f0, effective_w_input_decay = 0.003f0, symmetry_error = 0.0f0, grad_symmetry_error = 0.0f0, best_accuracy = 0.075, best_path = "ext\\IsingLearning\\experiments\\MNIST\\baseline_new_nudge\\experiments\\current\\focus_grid_weight_decay_20260609\\b0p1_T0p00005_wd0p003_adaptivefalse\\best_checkpoint.bin", final_path = "")
epoch 1 training
epoch 1 batch 1/100 samples 128/12800 elapsed 8.8s
epoch 1 batch 25/100 samples 3200/12800 elapsed 18.0s
epoch 1 batch 50/100 samples 6400/12800 elapsed 27.1s
epoch 1 batch 75/100 samples 9600/12800 elapsed 36.5s
epoch 1 batch 100/100 samples 12800/12800 elapsed 45.5s
epoch 1 training done in 45.491s
epoch 1 train-eval: evaluating 1000 samples
epoch 1 train accuracy 0.464 loss 19.999575
epoch 1 evaluating
epoch 1 test: evaluating 1000 samples
epoch 1 test accuracy 0.476 loss 19.638191 best 0.476
(timestamp = "2026-06-09T17:41:21", epoch = 1, seconds = 45.4909897, train_accuracy = 0.464, train_loss = 19.999575f0, test_accuracy = 0.476, test_loss = 19.638191f0, pred_counts = "103-148-15-242-389-1-100-0-1-1", w_norm = 1.3346329f0, b_norm = 0.114784144f0, w_input_norm = 2.9659932f0, grad_w_norm = 3.4049232f0, grad_b_norm = 0.55821085f0, grad_w_input_norm = 3.9516735f0, effective_w_decay = 0.003f0, effective_w_input_decay = 0.003f0, symmetry_error = 0.0f0, grad_symmetry_error = 0.0f0, best_accuracy = 0.476, best_path = "ext\\IsingLearning\\experiments\\MNIST\\baseline_new_nudge\\experiments\\current\\focus_grid_weight_decay_20260609\\b0p1_T0p00005_wd0p003_adaptivefalse\\best_checkpoint.bin", final_path = "")
epoch 2 training
epoch 2 batch 1/100 samples 128/12800 elapsed 0.4s
epoch 2 batch 25/100 samples 3200/12800 elapsed 9.1s
epoch 2 batch 50/100 samples 6400/12800 elapsed 18.4s
epoch 2 batch 75/100 samples 9600/12800 elapsed 27.8s
epoch 2 batch 100/100 samples 12800/12800 elapsed 37.4s
epoch 2 training done in 37.403s
epoch 2 train-eval: evaluating 1000 samples
epoch 2 train accuracy 0.45 loss 20.288662
epoch 2 evaluating
epoch 2 test: evaluating 1000 samples
epoch 2 test accuracy 0.46 loss 20.078159 best 0.476
(timestamp = "2026-06-09T17:42:02", epoch = 2, seconds = 37.4029265, train_accuracy = 0.45, train_loss = 20.288662f0, test_accuracy = 0.46, test_loss = 20.07816f0, pred_counts = "116-124-2-287-392-0-79-0-0-0", w_norm = 1.5659744f0, b_norm = 0.123356834f0, w_input_norm = 3.2142074f0, grad_w_norm = 0.60970587f0, grad_b_norm = 0.12913752f0, grad_w_input_norm = 1.2487205f0, effective_w_decay = 0.003f0, effective_w_input_decay = 0.003f0, symmetry_error = 0.0f0, grad_symmetry_error = 0.0f0, best_accuracy = 0.476, best_path = "ext\\IsingLearning\\experiments\\MNIST\\baseline_new_nudge\\experiments\\current\\focus_grid_weight_decay_20260609\\b0p1_T0p00005_wd0p003_adaptivefalse\\best_checkpoint.bin", final_path = "")
epoch 3 training
epoch 3 batch 1/100 samples 128/12800 elapsed 0.4s
epoch 3 batch 25/100 samples 3200/12800 elapsed 9.6s
epoch 3 batch 50/100 samples 6400/12800 elapsed 19.3s
epoch 3 batch 75/100 samples 9600/12800 elapsed 29.0s
epoch 3 batch 100/100 samples 12800/12800 elapsed 39.0s
epoch 3 training done in 38.975s
epoch 3 train-eval: evaluating 1000 samples
epoch 3 train accuracy 0.454 loss 19.429924
epoch 3 evaluating
epoch 3 test: evaluating 1000 samples
epoch 3 test accuracy 0.456 loss 19.367655 best 0.476
epoch 3 early stop: test accuracy declined for 2 consecutive evaluated epochs
(timestamp = "2026-06-09T17:42:44", epoch = 3, seconds = 38.9746361, train_accuracy = 0.454, train_loss = 19.429924f0, test_accuracy = 0.456, test_loss = 19.367655f0, pred_counts = "91-141-6-327-343-2-85-0-3-2", w_norm = 1.735982f0, b_norm = 0.13284819f0, w_input_norm = 3.375087f0, grad_w_norm = 2.8982456f0, grad_b_norm = 0.5223705f0, grad_w_input_norm = 3.824956f0, effective_w_decay = 0.003f0, effective_w_input_decay = 0.003f0, symmetry_error = 0.0f0, grad_symmetry_error = 0.0f0, best_accuracy = 0.476, best_path = "ext\\IsingLearning\\experiments\\MNIST\\baseline_new_nudge\\experiments\\current\\focus_grid_weight_decay_20260609\\b0p1_T0p00005_wd0p003_adaptivefalse\\best_checkpoint.bin", final_path = "")
saved MNIST 784-120-40 softplus-margin nudge baseline in ext\IsingLearning\experiments\MNIST\baseline_new_nudge\experiments\current\focus_grid_weight_decay_20260609\b0p1_T0p00005_wd0p003_adaptivefalse
