  Activating project at `C:\Users\fenje\dev\InteractiveIsing.jl\ext\IsingLearning`
┌ Warning: this run uses a subsampled balanced training split, so it is not the full balanced MNIST baseline
│   train_per_class = 1280
└ @ Main C:\Users\fenje\dev\InteractiveIsing.jl\ext\IsingLearning\experiments\MNIST\baseline_new_nudge\mnist_784_120_40_softplus_margin_symmetric_nudge_adam.jl:1739
┌ Warning: this run uses a subsampled balanced test split, so reported accuracy will be noisy
│   test_per_class = 100
└ @ Main C:\Users\fenje\dev\InteractiveIsing.jl\ext\IsingLearning\experiments\MNIST\baseline_new_nudge\mnist_784_120_40_softplus_margin_symmetric_nudge_adam.jl:1740

epoch 18   2%|█                                         |  ETA: 0:13:48[K
     batch: 2/100[K
   samples: 256/12800[K
[A
[A


[K[A
[K[A
epoch 18   4%|██                                        |  ETA: 0:07:24[K
     batch: 4/100[K
   samples: 512/12800[K
[A
[A


[K[A
[K[A
epoch 18   6%|███                                       |  ETA: 0:05:13[K
     batch: 6/100[K
   samples: 768/12800[K
[A
[A


[K[A
[K[A
epoch 18   8%|████                                      |  ETA: 0:04:06[K
     batch: 8/100[K
   samples: 1024/12800[K
[A
[A


[K[A
[K[A
epoch 18  10%|█████                                     |  ETA: 0:03:25[K
     batch: 10/100[K
   samples: 1280/12800[K
[A
[A


[K[A
[K[A
epoch 18  12%|██████                                    |  ETA: 0:02:57[K
     batch: 12/100[K
   samples: 1536/12800[K
[A
[A


[K[A
[K[A
epoch 18  14%|██████                                    |  ETA: 0:02:37[K
     batch: 14/100[K
   samples: 1792/12800[K
[A
[A


[K[A
[K[A
epoch 18  16%|███████                                   |  ETA: 0:02:22[K
     batch: 16/100[K
   samples: 2048/12800[K
[A
[A


[K[A
[K[A
epoch 18  18%|████████                                  |  ETA: 0:02:10[K
     batch: 18/100[K
   samples: 2304/12800[K
[A
[A


[K[A
[K[A
epoch 18  20%|█████████                                 |  ETA: 0:02:00[K
     batch: 20/100[K
   samples: 2560/12800[K
[A
[A


[K[A
[K[A
epoch 18  22%|██████████                                |  ETA: 0:01:51[K
     batch: 22/100[K
   samples: 2816/12800[K
[A
[A


[K[A
[K[A
epoch 18  24%|███████████                               |  ETA: 0:01:44[K
     batch: 24/100[K
   samples: 3072/12800[K
[A
[A


[K[A
[K[A
epoch 18  26%|███████████                               |  ETA: 0:01:37[K
     batch: 26/100[K
   samples: 3328/12800[K
[A
[A


[K[A
[K[A
epoch 18  28%|████████████                              |  ETA: 0:01:32[K
     batch: 28/100[K
   samples: 3584/12800[K
[A
[A


[K[A
[K[A
epoch 18  30%|█████████████                             |  ETA: 0:01:27[K
     batch: 30/100[K
   samples: 3840/12800[K
[A
[A


[K[A
[K[A
epoch 18  32%|██████████████                            |  ETA: 0:01:22[K
     batch: 32/100[K
   samples: 4096/12800[K
[A
[A


[K[A
[K[A
epoch 18  34%|███████████████                           |  ETA: 0:01:18[K
     batch: 34/100[K
   samples: 4352/12800[K
[A
[A


[K[A
[K[A
epoch 18  36%|████████████████                          |  ETA: 0:01:14[K
     batch: 36/100[K
   samples: 4608/12800[K
[A
[A


[K[A
[K[A
epoch 18  38%|████████████████                          |  ETA: 0:01:10[K
     batch: 38/100[K
   samples: 4864/12800[K
[A
[A


[K[A
[K[A
epoch 18  40%|█████████████████                         |  ETA: 0:01:06[K
     batch: 40/100[K
   samples: 5120/12800[K
[A
[A


[K[A
[K[A
epoch 18  42%|██████████████████                        |  ETA: 0:01:03[K
     batch: 42/100[K
   samples: 5376/12800[K
[A
[A


[K[A
[K[A
epoch 18  44%|███████████████████                       |  ETA: 0:01:00[K
     batch: 44/100[K
   samples: 5632/12800[K
[A
[A


[K[A
[K[A
epoch 18  46%|████████████████████                      |  ETA: 0:00:57[K
     batch: 46/100[K
   samples: 5888/12800[K
[A
[A


[K[A
[K[A
epoch 18  48%|█████████████████████                     |  ETA: 0:00:54[K
     batch: 48/100[K
   samples: 6144/12800[K
[A
[A


[K[A
[K[A
epoch 18  50%|██████████████████████                    |  ETA: 0:00:51[K
     batch: 50/100[K
   samples: 6400/12800[K
[A
[A


[K[A
[K[A
epoch 18  52%|██████████████████████                    |  ETA: 0:00:49[K
     batch: 52/100[K
   samples: 6656/12800[K
[A
[A


[K[A
[K[A
epoch 18  54%|███████████████████████                   |  ETA: 0:00:46[K
     batch: 54/100[K
   samples: 6912/12800[K
[A
[A


[K[A
[K[A
epoch 18  56%|████████████████████████                  |  ETA: 0:00:44[K
     batch: 56/100[K
   samples: 7168/12800[K
[A
[A


[K[A
[K[A
epoch 18  58%|█████████████████████████                 |  ETA: 0:00:41[K
     batch: 58/100[K
   samples: 7424/12800[K
[A
[A


[K[A
[K[A
epoch 18  60%|██████████████████████████                |  ETA: 0:00:39[K
     batch: 60/100[K
   samples: 7680/12800[K
[A
[A


[K[A
[K[A
epoch 18  62%|███████████████████████████               |  ETA: 0:00:37[K
     batch: 62/100[K
   samples: 7936/12800[K
[A
[A


[K[A
[K[A
epoch 18  64%|███████████████████████████               |  ETA: 0:00:35[K
     batch: 64/100[K
   samples: 8192/12800[K
[A
[A


[K[A
[K[A
epoch 18  66%|████████████████████████████              |  ETA: 0:00:32[K
     batch: 66/100[K
   samples: 8448/12800[K
[A
[A


[K[A
[K[A
epoch 18  68%|█████████████████████████████             |  ETA: 0:00:30[K
     batch: 68/100[K
   samples: 8704/12800[K
[A
[A


[K[A
[K[A
epoch 18  70%|██████████████████████████████            |  ETA: 0:00:28[K
     batch: 70/100[K
   samples: 8960/12800[K
[A
[A


[K[A
[K[A
epoch 18  72%|███████████████████████████████           |  ETA: 0:00:26[K
     batch: 72/100[K
   samples: 9216/12800[K
[A
[A


[K[A
[K[A
epoch 18  74%|████████████████████████████████          |  ETA: 0:00:24[K
     batch: 74/100[K
   samples: 9472/12800[K
[A
[A


[K[A
[K[A
epoch 18  76%|████████████████████████████████          |  ETA: 0:00:22[K
     batch: 76/100[K
   samples: 9728/12800[K
[A
[A


[K[A
[K[A
epoch 18  78%|█████████████████████████████████         |  ETA: 0:00:20[K
     batch: 78/100[K
   samples: 9984/12800[K
[A
[A


[K[A
[K[A
epoch 18  80%|██████████████████████████████████        |  ETA: 0:00:18[K
     batch: 80/100[K
   samples: 10240/12800[K
[A
[A


[K[A
[K[A
epoch 18  82%|███████████████████████████████████       |  ETA: 0:00:16[K
     batch: 82/100[K
   samples: 10496/12800[K
[A
[A


[K[A
[K[A
epoch 18  84%|████████████████████████████████████      |  ETA: 0:00:14[K
     batch: 84/100[K
   samples: 10752/12800[K
[A
[A


[K[A
[K[A
epoch 18  86%|█████████████████████████████████████     |  ETA: 0:00:13[K
     batch: 86/100[K
   samples: 11008/12800[K
[A
[A


[K[A
[K[A
epoch 18  88%|█████████████████████████████████████     |  ETA: 0:00:11[K
     batch: 88/100[K
   samples: 11264/12800[K
[A
[A


[K[A
[K[A
epoch 18  90%|██████████████████████████████████████    |  ETA: 0:00:09[K
     batch: 90/100[K
   samples: 11520/12800[K
[A
[A


[K[A
[K[A
epoch 18  92%|███████████████████████████████████████   |  ETA: 0:00:07[K
     batch: 92/100[K
   samples: 11776/12800[K
[A
[A


[K[A
[K[A
epoch 18  94%|████████████████████████████████████████  |  ETA: 0:00:05[K
     batch: 94/100[K
   samples: 12032/12800[K
[A
[A


[K[A
[K[A
epoch 18  96%|█████████████████████████████████████████ |  ETA: 0:00:04[K
     batch: 96/100[K
   samples: 12288/12800[K
[A
[A


[K[A
[K[A
epoch 18  98%|██████████████████████████████████████████|  ETA: 0:00:02[K
     batch: 98/100[K
   samples: 12544/12800[K
[A
[A


[K[A
[K[A
epoch 18 100%|██████████████████████████████████████████| Time: 0:01:27[K
     batch: 100/100[K
   samples: 12800/12800[K

epoch 19   2%|█                                         |  ETA: 0:01:11[K
     batch: 2/100[K
   samples: 256/12800[K
[A
[A


[K[A
[K[A
epoch 19   4%|██                                        |  ETA: 0:01:11[K
     batch: 4/100[K
   samples: 512/12800[K
[A
[A


[K[A
[K[A
epoch 19   6%|███                                       |  ETA: 0:01:09[K
     batch: 6/100[K
   samples: 768/12800[K
[A
[A


[K[A
[K[A
epoch 19   8%|████                                      |  ETA: 0:01:07[K
     batch: 8/100[K
   samples: 1024/12800[K
[A
[A


[K[A
[K[A
epoch 19  10%|█████                                     |  ETA: 0:01:05[K
     batch: 10/100[K
   samples: 1280/12800[K
[A
[A


[K[A
[K[A
epoch 19  12%|██████                                    |  ETA: 0:01:04[K
     batch: 12/100[K
   samples: 1536/12800[K
[A
[A


[K[A
[K[A
epoch 19  14%|██████                                    |  ETA: 0:01:03[K
     batch: 14/100[K
   samples: 1792/12800[K
[A
[A


[K[A
[K[A
epoch 19  16%|███████                                   |  ETA: 0:01:02[K
     batch: 16/100[K
   samples: 2048/12800[K
[A
[A


[K[A
[K[A
epoch 19  18%|████████                                  |  ETA: 0:01:01[K
     batch: 18/100[K
   samples: 2304/12800[K
[A
[A


[K[A
[K[A
epoch 19  20%|█████████                                 |  ETA: 0:00:59[K
     batch: 20/100[K
   samples: 2560/12800[K
[A
[A


[K[A
[K[A
epoch 19  22%|██████████                                |  ETA: 0:00:58[K
     batch: 22/100[K
   samples: 2816/12800[K
[A
[A


[K[A
[K[A
epoch 19  24%|███████████                               |  ETA: 0:00:57[K
     batch: 24/100[K
   samples: 3072/12800[K
[A
[A


[K[A
[K[A
epoch 19  26%|███████████                               |  ETA: 0:00:55[K
     batch: 26/100[K
   samples: 3328/12800[K
[A
[A


[K[A
[K[A
epoch 19  28%|████████████                              |  ETA: 0:00:54[K
     batch: 28/100[K
   samples: 3584/12800[K
[A
[A


[K[A
[K[A
epoch 19  30%|█████████████                             |  ETA: 0:00:52[K
     batch: 30/100[K
   samples: 3840/12800[K
[A
[A


[K[A
[K[A
epoch 19  32%|██████████████                            |  ETA: 0:00:51[K
     batch: 32/100[K
   samples: 4096/12800[K
[A
[A


[K[A
[K[A
epoch 19  34%|███████████████                           |  ETA: 0:00:49[K
     batch: 34/100[K
   samples: 4352/12800[K
[A
[A


[K[A
[K[A
epoch 19  36%|████████████████                          |  ETA: 0:00:48[K
     batch: 36/100[K
   samples: 4608/12800[K
[A
[A


[K[A
[K[A
epoch 19  38%|████████████████                          |  ETA: 0:00:46[K
     batch: 38/100[K
   samples: 4864/12800[K
[A
[A


[K[A
[K[A
epoch 19  40%|█████████████████                         |  ETA: 0:00:45[K
     batch: 40/100[K
   samples: 5120/12800[K
[A
[A


[K[A
[K[A
epoch 19  42%|██████████████████                        |  ETA: 0:00:43[K
     batch: 42/100[K
   samples: 5376/12800[K
[A
[A


[K[A
[K[A
epoch 19  44%|███████████████████                       |  ETA: 0:00:42[K
     batch: 44/100[K
   samples: 5632/12800[K
[A
[A


[K[A
[K[A
epoch 19  46%|████████████████████                      |  ETA: 0:00:40[K
     batch: 46/100[K
   samples: 5888/12800[K
[A
[A


[K[A
[K[A
epoch 19  48%|█████████████████████                     |  ETA: 0:00:39[K
     batch: 48/100[K
   samples: 6144/12800[K
[A
[A


[K[A
[K[A
epoch 19  50%|██████████████████████                    |  ETA: 0:00:38[K
     batch: 50/100[K
   samples: 6400/12800[K
[A
[A


[K[A
[K[A
epoch 19  52%|██████████████████████                    |  ETA: 0:00:36[K
     batch: 52/100[K
   samples: 6656/12800[K
[A
[A


[K[A
[K[A
epoch 19  54%|███████████████████████                   |  ETA: 0:00:35[K
     batch: 54/100[K
   samples: 6912/12800[K
[A
[A


[K[A
[K[A
epoch 19  56%|████████████████████████                  |  ETA: 0:00:33[K
     batch: 56/100[K
   samples: 7168/12800[K
[A
[A


[K[A
[K[A
epoch 19  58%|█████████████████████████                 |  ETA: 0:00:32[K
     batch: 58/100[K
   samples: 7424/12800[K
[A
[A


[K[A
[K[A
epoch 19  60%|██████████████████████████                |  ETA: 0:00:31[K
     batch: 60/100[K
   samples: 7680/12800[K
[A
[A


[K[A
[K[A
epoch 19  62%|███████████████████████████               |  ETA: 0:00:29[K
     batch: 62/100[K
   samples: 7936/12800[K
[A
[A


[K[A
[K[A
epoch 19  64%|███████████████████████████               |  ETA: 0:00:28[K
     batch: 64/100[K
   samples: 8192/12800[K
[A
[A


[K[A
[K[A
epoch 19  66%|████████████████████████████              |  ETA: 0:00:26[K
     batch: 66/100[K
   samples: 8448/12800[K
[A
[A


[K[A
[K[A
epoch 19  68%|█████████████████████████████             |  ETA: 0:00:25[K
     batch: 68/100[K
   samples: 8704/12800[K
[A
[A


[K[A
[K[A
epoch 19  70%|██████████████████████████████            |  ETA: 0:00:23[K
     batch: 70/100[K
   samples: 8960/12800[K
[A
[A


[K[A
[K[A
epoch 19  72%|███████████████████████████████           |  ETA: 0:00:21[K
     batch: 72/100[K
   samples: 9216/12800[K
[A
[A


[K[A
[K[A
epoch 19  74%|████████████████████████████████          |  ETA: 0:00:20[K
     batch: 74/100[K
   samples: 9472/12800[K
[A
[A


[K[A
[K[A
epoch 19  76%|████████████████████████████████          |  ETA: 0:00:18[K
     batch: 76/100[K
   samples: 9728/12800[K
[A
[A


[K[A
[K[A
epoch 19  78%|█████████████████████████████████         |  ETA: 0:00:17[K
     batch: 78/100[K
   samples: 9984/12800[K
[A
[A


[K[A
[K[A
epoch 19  80%|██████████████████████████████████        |  ETA: 0:00:15[K
     batch: 80/100[K
   samples: 10240/12800[K
[A
[A


[K[A
[K[A
epoch 19  82%|███████████████████████████████████       |  ETA: 0:00:14[K
     batch: 82/100[K
   samples: 10496/12800[K
[A
[A


[K[A
[K[A
epoch 19  84%|████████████████████████████████████      |  ETA: 0:00:12[K
     batch: 84/100[K
   samples: 10752/12800[K
[A
[A


[K[A
[K[A
epoch 19  86%|█████████████████████████████████████     |  ETA: 0:00:11[K
     batch: 86/100[K
   samples: 11008/12800[K
[A
[A


[K[A
[K[A
epoch 19  88%|█████████████████████████████████████     |  ETA: 0:00:09[K
     batch: 88/100[K
   samples: 11264/12800[K
[A
[A


[K[A
[K[A
epoch 19  90%|██████████████████████████████████████    |  ETA: 0:00:08[K
     batch: 90/100[K
   samples: 11520/12800[K
[A
[A


[K[A
[K[A
epoch 19  92%|███████████████████████████████████████   |  ETA: 0:00:06[K
     batch: 92/100[K
   samples: 11776/12800[K
[A
[A


[K[A
[K[A
epoch 19  94%|████████████████████████████████████████  |  ETA: 0:00:05[K
     batch: 94/100[K
   samples: 12032/12800[K
[A
[A


[K[A
[K[A
epoch 19  96%|█████████████████████████████████████████ |  ETA: 0:00:03[K
     batch: 96/100[K
   samples: 12288/12800[K
[A
[A


[K[A
[K[A
epoch 19  98%|██████████████████████████████████████████|  ETA: 0:00:02[K
     batch: 98/100[K
   samples: 12544/12800[K
[A
[A


[K[A
[K[A
epoch 19 100%|██████████████████████████████████████████| Time: 0:01:16[K
     batch: 100/100[K
   samples: 12800/12800[K

epoch 20   2%|█                                         |  ETA: 0:01:17[K
     batch: 2/100[K
   samples: 256/12800[K
[A
[A


[K[A
[K[A
epoch 20   4%|██                                        |  ETA: 0:01:12[K
     batch: 4/100[K
   samples: 512/12800[K
[A
[A


[K[A
[K[A
epoch 20   6%|███                                       |  ETA: 0:01:11[K
     batch: 6/100[K
   samples: 768/12800[K
[A
[A


[K[A
[K[A
epoch 20   8%|████                                      |  ETA: 0:01:10[K
     batch: 8/100[K
   samples: 1024/12800[K
[A
[A


[K[A
[K[A
epoch 20  10%|█████                                     |  ETA: 0:01:08[K
     batch: 10/100[K
   samples: 1280/12800[K
[A
[A


[K[A
[K[A
epoch 20  12%|██████                                    |  ETA: 0:01:07[K
     batch: 12/100[K
   samples: 1536/12800[K
[A
[A


[K[A
[K[A
epoch 20  14%|██████                                    |  ETA: 0:01:05[K
     batch: 14/100[K
   samples: 1792/12800[K
[A
[A


[K[A
[K[A
epoch 20  16%|███████                                   |  ETA: 0:01:03[K
     batch: 16/100[K
   samples: 2048/12800[K
[A
[A


[K[A
[K[A
epoch 20  18%|████████                                  |  ETA: 0:01:02[K
     batch: 18/100[K
   samples: 2304/12800[K
[A
[A


[K[A
[K[A
epoch 20  20%|█████████                                 |  ETA: 0:01:00[K
     batch: 20/100[K
   samples: 2560/12800[K
[A
[A


[K[A
[K[A
epoch 20  22%|██████████                                |  ETA: 0:00:59[K
     batch: 22/100[K
   samples: 2816/12800[K
[A
[A


[K[A
[K[A
epoch 20  24%|███████████                               |  ETA: 0:00:58[K
     batch: 24/100[K
   samples: 3072/12800[K
[A
[A


[K[A
[K[A
epoch 20  26%|███████████                               |  ETA: 0:00:56[K
     batch: 26/100[K
   samples: 3328/12800[K
[A
[A


[K[A
[K[A
epoch 20  28%|████████████                              |  ETA: 0:00:55[K
     batch: 28/100[K
   samples: 3584/12800[K
[A
[A


[K[A
[K[A
epoch 20  30%|█████████████                             |  ETA: 0:00:54[K
     batch: 30/100[K
   samples: 3840/12800[K
[A
[A


[K[A
[K[A
epoch 20  32%|██████████████                            |  ETA: 0:00:52[K
     batch: 32/100[K
   samples: 4096/12800[K
[A
[A


[K[A
[K[A
epoch 20  34%|███████████████                           |  ETA: 0:00:50[K
     batch: 34/100[K
   samples: 4352/12800[K
[A
[A


[K[A
[K[A
epoch 20  36%|████████████████                          |  ETA: 0:00:49[K
     batch: 36/100[K
   samples: 4608/12800[K
[A
[A


[K[A
[K[A
epoch 20  38%|████████████████                          |  ETA: 0:00:47[K
     batch: 38/100[K
   samples: 4864/12800[K
[A
[A


[K[A
[K[A
epoch 20  40%|█████████████████                         |  ETA: 0:00:46[K
     batch: 40/100[K
   samples: 5120/12800[K
[A
[A


[K[A
[K[A
epoch 20  42%|██████████████████                        |  ETA: 0:00:44[K
     batch: 42/100[K
   samples: 5376/12800[K
[A
[A


[K[A
[K[A
epoch 20  44%|███████████████████                       |  ETA: 0:00:43[K
     batch: 44/100[K
   samples: 5632/12800[K
[A
[A


[K[A
[K[A
epoch 20  46%|████████████████████                      |  ETA: 0:00:41[K
     batch: 46/100[K
   samples: 5888/12800[K
[A
[A


[K[A
[K[A
epoch 20  48%|█████████████████████                     |  ETA: 0:00:40[K
     batch: 48/100[K
   samples: 6144/12800[K
[A
[A


[K[A
[K[A
epoch 20  50%|██████████████████████                    |  ETA: 0:00:38[K
     batch: 50/100[K
   samples: 6400/12800[K
[A
[A


[K[A
[K[A
epoch 20  52%|██████████████████████                    |  ETA: 0:00:37[K
     batch: 52/100[K
   samples: 6656/12800[K
[A
[A


[K[A
[K[A
epoch 20  54%|███████████████████████                   |  ETA: 0:00:35[K
     batch: 54/100[K
   samples: 6912/12800[K
[A
[A


[K[A
[K[A
epoch 20  56%|████████████████████████                  |  ETA: 0:00:34[K
     batch: 56/100[K
   samples: 7168/12800[K
[A
[A


[K[A
[K[A
epoch 20  58%|█████████████████████████                 |  ETA: 0:00:32[K
     batch: 58/100[K
   samples: 7424/12800[K
[A
[A


[K[A
[K[A
epoch 20  60%|██████████████████████████                |  ETA: 0:00:31[K
     batch: 60/100[K
   samples: 7680/12800[K
[A
[A


[K[A
[K[A
epoch 20  62%|███████████████████████████               |  ETA: 0:00:29[K
     batch: 62/100[K
   samples: 7936/12800[K
[A
[A


[K[A
[K[A
epoch 20  64%|███████████████████████████               |  ETA: 0:00:28[K
     batch: 64/100[K
   samples: 8192/12800[K
[A
[A


[K[A
[K[A
epoch 20  66%|████████████████████████████              |  ETA: 0:00:26[K
     batch: 66/100[K
   samples: 8448/12800[K
[A
[A


[K[A
[K[A
epoch 20  68%|█████████████████████████████             |  ETA: 0:00:25[K
     batch: 68/100[K
   samples: 8704/12800[K
[A
[A


[K[A
[K[A
epoch 20  70%|██████████████████████████████            |  ETA: 0:00:23[K
     batch: 70/100[K
   samples: 8960/12800[K
[A
[A


[K[A
[K[A
epoch 20  72%|███████████████████████████████           |  ETA: 0:00:22[K
     batch: 72/100[K
   samples: 9216/12800[K
[A
[A


[K[A
[K[A
epoch 20  74%|████████████████████████████████          |  ETA: 0:00:20[K
     batch: 74/100[K
   samples: 9472/12800[K
[A
[A


[K[A
[K[A
epoch 20  76%|████████████████████████████████          |  ETA: 0:00:19[K
     batch: 76/100[K
   samples: 9728/12800[K
[A
[A


[K[A
[K[A
epoch 20  78%|█████████████████████████████████         |  ETA: 0:00:17[K
     batch: 78/100[K
   samples: 9984/12800[K
[A
[A


[K[A
[K[A
epoch 20  80%|██████████████████████████████████        |  ETA: 0:00:15[K
     batch: 80/100[K
   samples: 10240/12800[K
[A
[A


[K[A
[K[A
epoch 20  82%|███████████████████████████████████       |  ETA: 0:00:14[K
     batch: 82/100[K
   samples: 10496/12800[K
[A
[A


[K[A
[K[A
epoch 20  84%|████████████████████████████████████      |  ETA: 0:00:12[K
     batch: 84/100[K
   samples: 10752/12800[K
[A
[A


[K[A
[K[A
epoch 20  86%|█████████████████████████████████████     |  ETA: 0:00:11[K
     batch: 86/100[K
   samples: 11008/12800[K
[A
[A


[K[A
[K[A
epoch 20  88%|█████████████████████████████████████     |  ETA: 0:00:09[K
     batch: 88/100[K
   samples: 11264/12800[K
[A
[A


[K[A
[K[A
epoch 20  90%|██████████████████████████████████████    |  ETA: 0:00:08[K
     batch: 90/100[K
   samples: 11520/12800[K
[A
[A


[K[A
[K[A
epoch 20  92%|███████████████████████████████████████   |  ETA: 0:00:06[K
     batch: 92/100[K
   samples: 11776/12800[K
[A
[A


[K[A
[K[A
epoch 20  94%|████████████████████████████████████████  |  ETA: 0:00:05[K
     batch: 94/100[K
   samples: 12032/12800[K
[A
[A


[K[A
[K[A
epoch 20  96%|█████████████████████████████████████████ |  ETA: 0:00:03[K
     batch: 96/100[K
   samples: 12288/12800[K
[A
[A


[K[A
[K[A
epoch 20  98%|██████████████████████████████████████████|  ETA: 0:00:02[K
     batch: 98/100[K
   samples: 12544/12800[K
[A
[A


[K[A
[K[A
epoch 20 100%|██████████████████████████████████████████| Time: 0:01:16[K
     batch: 100/100[K
   samples: 12800/12800[K

epoch 21   2%|█                                         |  ETA: 0:01:09[K
     batch: 2/100[K
   samples: 256/12800[K
[A
[A


[K[A
[K[A
epoch 21   4%|██                                        |  ETA: 0:01:08[K
     batch: 4/100[K
   samples: 512/12800[K
[A
[A


[K[A
[K[A
epoch 21   6%|███                                       |  ETA: 0:01:07[K
     batch: 6/100[K
   samples: 768/12800[K
[A
[A


[K[A
[K[A
epoch 21   8%|████                                      |  ETA: 0:01:06[K
     batch: 8/100[K
   samples: 1024/12800[K
[A
[A


[K[A
[K[A
epoch 21  10%|█████                                     |  ETA: 0:01:05[K
     batch: 10/100[K
   samples: 1280/12800[K
[A
[A


[K[A
[K[A
epoch 21  12%|██████                                    |  ETA: 0:01:03[K
     batch: 12/100[K
   samples: 1536/12800[K
[A
[A


[K[A
[K[A
epoch 21  14%|██████                                    |  ETA: 0:01:02[K
     batch: 14/100[K
   samples: 1792/12800[K
[A
[A


[K[A
[K[A
epoch 21  16%|███████                                   |  ETA: 0:01:00[K
     batch: 16/100[K
   samples: 2048/12800[K
[A
[A


[K[A
[K[A
epoch 21  18%|████████                                  |  ETA: 0:00:59[K
     batch: 18/100[K
   samples: 2304/12800[K
[A
[A


[K[A
[K[A
epoch 21  20%|█████████                                 |  ETA: 0:00:57[K
     batch: 20/100[K
   samples: 2560/12800[K
[A
[A


[K[A
[K[A
epoch 21  22%|██████████                                |  ETA: 0:00:56[K
     batch: 22/100[K
   samples: 2816/12800[K
[A
[A


[K[A
[K[A
epoch 21  24%|███████████                               |  ETA: 0:00:55[K
     batch: 24/100[K
   samples: 3072/12800[K
[A
[A


[K[A
[K[A
epoch 21  26%|███████████                               |  ETA: 0:00:54[K
     batch: 26/100[K
   samples: 3328/12800[K
[A
[A


[K[A
[K[A
epoch 21  28%|████████████                              |  ETA: 0:00:53[K
     batch: 28/100[K
   samples: 3584/12800[K
[A
[A


[K[A
[K[A
epoch 21  30%|█████████████                             |  ETA: 0:00:52[K
     batch: 30/100[K
   samples: 3840/12800[K
[A
[A


[K[A
[K[A
epoch 21  32%|██████████████                            |  ETA: 0:00:50[K
     batch: 32/100[K
   samples: 4096/12800[K
[A
[A


[K[A
[K[A
epoch 21  34%|███████████████                           |  ETA: 0:00:49[K
     batch: 34/100[K
   samples: 4352/12800[K
[A
[A


[K[A
[K[A
epoch 21  36%|████████████████                          |  ETA: 0:00:48[K
     batch: 36/100[K
   samples: 4608/12800[K
[A
[A


[K[A
[K[A
epoch 21  38%|████████████████                          |  ETA: 0:00:47[K
     batch: 38/100[K
   samples: 4864/12800[K
[A
[A


[K[A
[K[A
epoch 21  40%|█████████████████                         |  ETA: 0:00:45[K
     batch: 40/100[K
   samples: 5120/12800[K
[A
[A


[K[A
[K[A
epoch 21  42%|██████████████████                        |  ETA: 0:00:44[K
     batch: 42/100[K
   samples: 5376/12800[K
[A
[A


[K[A
[K[A
epoch 21  44%|███████████████████                       |  ETA: 0:00:42[K
     batch: 44/100[K
   samples: 5632/12800[K
[A
[A


[K[A
[K[A
epoch 21  46%|████████████████████                      |  ETA: 0:00:41[K
     batch: 46/100[K
   samples: 5888/12800[K
[A
[A


[K[A
[K[A
epoch 21  48%|█████████████████████                     |  ETA: 0:00:40[K
     batch: 48/100[K
   samples: 6144/12800[K
[A
[A


[K[A
[K[A
epoch 21  50%|██████████████████████                    |  ETA: 0:00:38[K
     batch: 50/100[K
   samples: 6400/12800[K
[A
[A


[K[A
[K[A
epoch 21  52%|██████████████████████                    |  ETA: 0:00:37[K
     batch: 52/100[K
   samples: 6656/12800[K
[A
[A


[K[A
[K[A
epoch 21  54%|███████████████████████                   |  ETA: 0:00:35[K
     batch: 54/100[K
   samples: 6912/12800[K
[A
[A


[K[A
[K[A
epoch 21  56%|████████████████████████                  |  ETA: 0:00:34[K
     batch: 56/100[K
   samples: 7168/12800[K
[A
[A


[K[A
[K[A
epoch 21  58%|█████████████████████████                 |  ETA: 0:00:32[K
     batch: 58/100[K
   samples: 7424/12800[K
[A
[A


[K[A
[K[A
epoch 21  60%|██████████████████████████                |  ETA: 0:00:31[K
     batch: 60/100[K
   samples: 7680/12800[K
[A
[A


[K[A
[K[A
epoch 21  62%|███████████████████████████               |  ETA: 0:00:29[K
     batch: 62/100[K
   samples: 7936/12800[K
[A
[A


[K[A
[K[A
epoch 21  64%|███████████████████████████               |  ETA: 0:00:28[K
     batch: 64/100[K
   samples: 8192/12800[K
[A
[A


[K[A
[K[A
epoch 21  66%|████████████████████████████              |  ETA: 0:00:26[K
     batch: 66/100[K
   samples: 8448/12800[K
[A
[A


[K[A
[K[A
epoch 21  68%|█████████████████████████████             |  ETA: 0:00:25[K
     batch: 68/100[K
   samples: 8704/12800[K
[A
[A


[K[A
[K[A
epoch 21  70%|██████████████████████████████            |  ETA: 0:00:23[K
     batch: 70/100[K
   samples: 8960/12800[K
[A
[A


[K[A
[K[A
epoch 21  72%|███████████████████████████████           |  ETA: 0:00:22[K
     batch: 72/100[K
   samples: 9216/12800[K
[A
[A


[K[A
[K[A
epoch 21  74%|████████████████████████████████          |  ETA: 0:00:20[K
     batch: 74/100[K
   samples: 9472/12800[K
[A
[A


[K[A
[K[A
epoch 21  76%|████████████████████████████████          |  ETA: 0:00:19[K
     batch: 76/100[K
   samples: 9728/12800[K
[A
[A


[K[A
[K[A
epoch 21  78%|█████████████████████████████████         |  ETA: 0:00:17[K
     batch: 78/100[K
   samples: 9984/12800[K
[A
[A


[K[A
[K[A
epoch 21  80%|██████████████████████████████████        |  ETA: 0:00:15[K
     batch: 80/100[K
   samples: 10240/12800[K
[A
[A


[K[A
[K[A
epoch 21  82%|███████████████████████████████████       |  ETA: 0:00:14[K
     batch: 82/100[K
   samples: 10496/12800[K
[A
[A


[K[A
[K[A
epoch 21  84%|████████████████████████████████████      |  ETA: 0:00:12[K
     batch: 84/100[K
   samples: 10752/12800[K
[A
[A


[K[A
[K[A
epoch 21  86%|█████████████████████████████████████     |  ETA: 0:00:11[K
     batch: 86/100[K
   samples: 11008/12800[K
[A
[A


[K[A
[K[A
epoch 21  88%|█████████████████████████████████████     |  ETA: 0:00:09[K
     batch: 88/100[K
   samples: 11264/12800[K
[A
[A


[K[A
[K[A
epoch 21  90%|██████████████████████████████████████    |  ETA: 0:00:08[K
     batch: 90/100[K
   samples: 11520/12800[K
[A
[A


[K[A
[K[A
epoch 21  92%|███████████████████████████████████████   |  ETA: 0:00:06[K
     batch: 92/100[K
   samples: 11776/12800[K
[A
[A


[K[A
[K[A
epoch 21  94%|████████████████████████████████████████  |  ETA: 0:00:05[K
     batch: 94/100[K
   samples: 12032/12800[K
[A
[A


[K[A
[K[A
epoch 21  96%|█████████████████████████████████████████ |  ETA: 0:00:03[K
     batch: 96/100[K
   samples: 12288/12800[K
[A
[A


[K[A
[K[A
epoch 21  98%|██████████████████████████████████████████|  ETA: 0:00:02[K
     batch: 98/100[K
   samples: 12544/12800[K
[A
[A


[K[A
[K[A
epoch 21 100%|██████████████████████████████████████████| Time: 0:01:17[K
     batch: 100/100[K
   samples: 12800/12800[K

epoch 22   2%|█                                         |  ETA: 0:01:07[K
     batch: 2/100[K
   samples: 256/12800[K
[A
[A


[K[A
[K[A
epoch 22   4%|██                                        |  ETA: 0:01:07[K
     batch: 4/100[K
   samples: 512/12800[K
[A
[A


[K[A
[K[A
epoch 22   6%|███                                       |  ETA: 0:01:06[K
     batch: 6/100[K
   samples: 768/12800[K
[A
[A


[K[A
[K[A
epoch 22   8%|████                                      |  ETA: 0:01:06[K
     batch: 8/100[K
   samples: 1024/12800[K
[A
[A


[K[A
[K[A
epoch 22  10%|█████                                     |  ETA: 0:01:05[K
     batch: 10/100[K
   samples: 1280/12800[K
[A
[A


[K[A
[K[A
epoch 22  12%|██████                                    |  ETA: 0:01:03[K
     batch: 12/100[K
   samples: 1536/12800[K
[A
[A


[K[A
[K[A
epoch 22  14%|██████                                    |  ETA: 0:01:02[K
     batch: 14/100[K
   samples: 1792/12800[K
[A
[A


[K[A
[K[A
epoch 22  16%|███████                                   |  ETA: 0:01:01[K
     batch: 16/100[K
   samples: 2048/12800[K
[A
[A


[K[A
[K[A
epoch 22  18%|████████                                  |  ETA: 0:01:00[K
     batch: 18/100[K
   samples: 2304/12800[K
[A
[A


[K[A
[K[A
epoch 22  20%|█████████                                 |  ETA: 0:00:59[K
     batch: 20/100[K
   samples: 2560/12800[K
[A
[A


[K[A
[K[A
epoch 22  22%|██████████                                |  ETA: 0:00:58[K
     batch: 22/100[K
   samples: 2816/12800[K
[A
[A


[K[A
[K[A
epoch 22  24%|███████████                               |  ETA: 0:00:56[K
     batch: 24/100[K
   samples: 3072/12800[K
[A
[A


[K[A
[K[A
epoch 22  26%|███████████                               |  ETA: 0:00:55[K
     batch: 26/100[K
   samples: 3328/12800[K
[A
[A


[K[A
[K[A
epoch 22  28%|████████████                              |  ETA: 0:00:53[K
     batch: 28/100[K
   samples: 3584/12800[K
[A
[A


[K[A
[K[A
epoch 22  30%|█████████████                             |  ETA: 0:00:52[K
     batch: 30/100[K
   samples: 3840/12800[K
[A
[A


[K[A
[K[A
epoch 22  32%|██████████████                            |  ETA: 0:00:51[K
     batch: 32/100[K
   samples: 4096/12800[K
[A
[A


[K[A
[K[A
epoch 22  34%|███████████████                           |  ETA: 0:00:49[K
     batch: 34/100[K
   samples: 4352/12800[K
[A
[A


[K[A
[K[A
epoch 22  36%|████████████████                          |  ETA: 0:00:48[K
     batch: 36/100[K
   samples: 4608/12800[K
[A
[A


[K[A
[K[A
epoch 22  38%|████████████████                          |  ETA: 0:00:46[K
     batch: 38/100[K
   samples: 4864/12800[K
[A
[A


[K[A
[K[A
epoch 22  40%|█████████████████                         |  ETA: 0:00:45[K
     batch: 40/100[K
   samples: 5120/12800[K
[A
[A


[K[A
[K[A
epoch 22  42%|██████████████████                        |  ETA: 0:00:43[K
     batch: 42/100[K
   samples: 5376/12800[K
[A
[A


[K[A
[K[A
epoch 22  44%|███████████████████                       |  ETA: 0:00:42[K
     batch: 44/100[K
   samples: 5632/12800[K
[A
[A


[K[A
[K[A
epoch 22  46%|████████████████████                      |  ETA: 0:00:40[K
     batch: 46/100[K
   samples: 5888/12800[K
[A
[A


[K[A
[K[A
epoch 22  48%|█████████████████████                     |  ETA: 0:00:39[K
     batch: 48/100[K
   samples: 6144/12800[K
[A
[A


[K[A
[K[A
epoch 22  50%|██████████████████████                    |  ETA: 0:00:37[K
     batch: 50/100[K
   samples: 6400/12800[K
[A
[A


[K[A
[K[A
epoch 22  52%|██████████████████████                    |  ETA: 0:00:36[K
     batch: 52/100[K
   samples: 6656/12800[K
[A
[A


[K[A
[K[A
epoch 22  54%|███████████████████████                   |  ETA: 0:00:34[K
     batch: 54/100[K
   samples: 6912/12800[K
[A
[A


[K[A
[K[A
epoch 22  56%|████████████████████████                  |  ETA: 0:00:33[K
     batch: 56/100[K
   samples: 7168/12800[K
[A
[A


[K[A
[K[A
epoch 22  58%|█████████████████████████                 |  ETA: 0:00:31[K
     batch: 58/100[K
   samples: 7424/12800[K
[A
[A


[K[A
[K[A
epoch 22  60%|██████████████████████████                |  ETA: 0:00:30[K
     batch: 60/100[K
   samples: 7680/12800[K
[A
[A


[K[A
[K[A
epoch 22  62%|███████████████████████████               |  ETA: 0:00:28[K
     batch: 62/100[K
   samples: 7936/12800[K
[A
[A


[K[A
[K[A
epoch 22  64%|███████████████████████████               |  ETA: 0:00:27[K
     batch: 64/100[K
   samples: 8192/12800[K
[A
[A


[K[A
[K[A
epoch 22  66%|████████████████████████████              |  ETA: 0:00:25[K
     batch: 66/100[K
   samples: 8448/12800[K
[A
[A


[K[A
[K[A
epoch 22  68%|█████████████████████████████             |  ETA: 0:00:24[K
     batch: 68/100[K
   samples: 8704/12800[K
[A
[A


[K[A
[K[A
epoch 22  70%|██████████████████████████████            |  ETA: 0:00:22[K
     batch: 70/100[K
   samples: 8960/12800[K
[A
[A


[K[A
[K[A
epoch 22  72%|███████████████████████████████           |  ETA: 0:00:21[K
     batch: 72/100[K
   samples: 9216/12800[K
[A
[A


[K[A
[K[A
epoch 22  74%|████████████████████████████████          |  ETA: 0:00:20[K
     batch: 74/100[K
   samples: 9472/12800[K
[A
[A


[K[A
[K[A
epoch 22  76%|████████████████████████████████          |  ETA: 0:00:18[K
     batch: 76/100[K
   samples: 9728/12800[K
[A
[A


[K[A
[K[A
epoch 22  78%|█████████████████████████████████         |  ETA: 0:00:17[K
     batch: 78/100[K
   samples: 9984/12800[K
[A
[A


[K[A
[K[A
epoch 22  80%|██████████████████████████████████        |  ETA: 0:00:15[K
     batch: 80/100[K
   samples: 10240/12800[K
[A
[A


[K[A
[K[A
epoch 22  82%|███████████████████████████████████       |  ETA: 0:00:14[K
     batch: 82/100[K
   samples: 10496/12800[K
[A
[A


[K[A
[K[A
epoch 22  84%|████████████████████████████████████      |  ETA: 0:00:12[K
     batch: 84/100[K
   samples: 10752/12800[K
[A
[A


[K[A
[K[A
epoch 22  86%|█████████████████████████████████████     |  ETA: 0:00:11[K
     batch: 86/100[K
   samples: 11008/12800[K
[A
[A


[K[A
[K[A
epoch 22  88%|█████████████████████████████████████     |  ETA: 0:00:09[K
     batch: 88/100[K
   samples: 11264/12800[K
[A
[A


[K[A
[K[A
epoch 22  90%|██████████████████████████████████████    |  ETA: 0:00:08[K
     batch: 90/100[K
   samples: 11520/12800[K
[A
[A


[K[A
[K[A
epoch 22  92%|███████████████████████████████████████   |  ETA: 0:00:06[K
     batch: 92/100[K
   samples: 11776/12800[K
[A
[A


[K[A
[K[A
epoch 22  94%|████████████████████████████████████████  |  ETA: 0:00:05[K
     batch: 94/100[K
   samples: 12032/12800[K
[A
[A


[K[A
[K[A
epoch 22  96%|█████████████████████████████████████████ |  ETA: 0:00:03[K
     batch: 96/100[K
   samples: 12288/12800[K
[A
[A


[K[A
[K[A
epoch 22  98%|██████████████████████████████████████████|  ETA: 0:00:02[K
     batch: 98/100[K
   samples: 12544/12800[K
[A
[A


[K[A
[K[A
epoch 22 100%|██████████████████████████████████████████| Time: 0:01:15[K
     batch: 100/100[K
   samples: 12800/12800[K

epoch 23   2%|█                                         |  ETA: 0:01:17[K
     batch: 2/100[K
   samples: 256/12800[K
[A
[A


[K[A
[K[A
epoch 23   4%|██                                        |  ETA: 0:01:14[K
     batch: 4/100[K
   samples: 512/12800[K
[A
[A


[K[A
[K[A
epoch 23   6%|███                                       |  ETA: 0:01:12[K
     batch: 6/100[K
   samples: 768/12800[K
[A
[A


[K[A
[K[A
epoch 23   8%|████                                      |  ETA: 0:01:10[K
     batch: 8/100[K
   samples: 1024/12800[K
[A
[A


[K[A
[K[A
epoch 23  10%|█████                                     |  ETA: 0:01:08[K
     batch: 10/100[K
   samples: 1280/12800[K
[A
[A


[K[A
[K[A
epoch 23  12%|██████                                    |  ETA: 0:01:06[K
     batch: 12/100[K
   samples: 1536/12800[K
[A
[A


[K[A
[K[A
epoch 23  14%|██████                                    |  ETA: 0:01:05[K
     batch: 14/100[K
   samples: 1792/12800[K
[A
[A


[K[A
[K[A
epoch 23  16%|███████                                   |  ETA: 0:01:04[K
     batch: 16/100[K
   samples: 2048/12800[K
[A
[A


[K[A
[K[A
epoch 23  18%|████████                                  |  ETA: 0:01:02[K
     batch: 18/100[K
   samples: 2304/12800[K
[A
[A


[K[A
[K[A
epoch 23  20%|█████████                                 |  ETA: 0:01:00[K
     batch: 20/100[K
   samples: 2560/12800[K
[A
[A


[K[A
[K[A
epoch 23  22%|██████████                                |  ETA: 0:00:58[K
     batch: 22/100[K
   samples: 2816/12800[K
[A
[A


[K[A
[K[A
epoch 23  24%|███████████                               |  ETA: 0:00:57[K
     batch: 24/100[K
   samples: 3072/12800[K
[A
[A


[K[A
[K[A
epoch 23  26%|███████████                               |  ETA: 0:00:55[K
     batch: 26/100[K
   samples: 3328/12800[K
[A
[A


[K[A
[K[A
epoch 23  28%|████████████                              |  ETA: 0:00:54[K
     batch: 28/100[K
   samples: 3584/12800[K
[A
[A


[K[A
[K[A
epoch 23  30%|█████████████                             |  ETA: 0:00:52[K
     batch: 30/100[K
   samples: 3840/12800[K
[A
[A


[K[A
[K[A
epoch 23  32%|██████████████                            |  ETA: 0:00:51[K
     batch: 32/100[K
   samples: 4096/12800[K
[A
[A


[K[A
[K[A
epoch 23  34%|███████████████                           |  ETA: 0:00:50[K
     batch: 34/100[K
   samples: 4352/12800[K
[A
[A


[K[A
[K[A
epoch 23  36%|████████████████                          |  ETA: 0:00:48[K
     batch: 36/100[K
   samples: 4608/12800[K
[A
[A


[K[A
[K[A
epoch 23  38%|████████████████                          |  ETA: 0:00:47[K
     batch: 38/100[K
   samples: 4864/12800[K
[A
[A


[K[A
[K[A
epoch 23  40%|█████████████████                         |  ETA: 0:00:45[K
     batch: 40/100[K
   samples: 5120/12800[K
[A
[A


[K[A
[K[A
epoch 23  42%|██████████████████                        |  ETA: 0:00:44[K
     batch: 42/100[K
   samples: 5376/12800[K
[A
[A


[K[A
[K[A
epoch 23  44%|███████████████████                       |  ETA: 0:00:43[K
     batch: 44/100[K
   samples: 5632/12800[K
[A
[A


[K[A
[K[A
epoch 23  46%|████████████████████                      |  ETA: 0:00:41[K
     batch: 46/100[K
   samples: 5888/12800[K
[A
[A


[K[A
[K[A
epoch 23  48%|█████████████████████                     |  ETA: 0:00:40[K
     batch: 48/100[K
   samples: 6144/12800[K
[A
[A


[K[A
[K[A
epoch 23  50%|██████████████████████                    |  ETA: 0:00:38[K
     batch: 50/100[K
   samples: 6400/12800[K
[A
[A


[K[A
[K[A
epoch 23  52%|██████████████████████                    |  ETA: 0:00:37[K
     batch: 52/100[K
   samples: 6656/12800[K
[A
[A


[K[A
[K[A
epoch 23  54%|███████████████████████                   |  ETA: 0:00:35[K
     batch: 54/100[K
   samples: 6912/12800[K
[A
[A


[K[A
[K[A
epoch 23  56%|████████████████████████                  |  ETA: 0:00:34[K
     batch: 56/100[K
   samples: 7168/12800[K
[A
[A


[K[A
[K[A
epoch 23  58%|█████████████████████████                 |  ETA: 0:00:32[K
     batch: 58/100[K
   samples: 7424/12800[K
[A
[A


[K[A
[K[A
epoch 23  60%|██████████████████████████                |  ETA: 0:00:31[K
     batch: 60/100[K
   samples: 7680/12800[K
[A
[A


[K[A
[K[A
epoch 23  62%|███████████████████████████               |  ETA: 0:00:29[K
     batch: 62/100[K
   samples: 7936/12800[K
[A
[A


[K[A
[K[A
epoch 23  64%|███████████████████████████               |  ETA: 0:00:27[K
     batch: 64/100[K
   samples: 8192/12800[K
[A
[A


[K[A
[K[A
epoch 23  66%|████████████████████████████              |  ETA: 0:00:26[K
     batch: 66/100[K
   samples: 8448/12800[K
[A
[A


[K[A
[K[A
epoch 23  68%|█████████████████████████████             |  ETA: 0:00:24[K
     batch: 68/100[K
   samples: 8704/12800[K
[A
[A


[K[A
[K[A
epoch 23  70%|██████████████████████████████            |  ETA: 0:00:23[K
     batch: 70/100[K
   samples: 8960/12800[K
[A
[A


[K[A
[K[A
epoch 23  72%|███████████████████████████████           |  ETA: 0:00:21[K
     batch: 72/100[K
   samples: 9216/12800[K
[A
[A


[K[A
[K[A
epoch 23  74%|████████████████████████████████          |  ETA: 0:00:20[K
     batch: 74/100[K
   samples: 9472/12800[K
[A
[A


[K[A
[K[A
epoch 23  76%|████████████████████████████████          |  ETA: 0:00:18[K
     batch: 76/100[K
   samples: 9728/12800[K
[A
[A


[K[A
[K[A
epoch 23  78%|█████████████████████████████████         |  ETA: 0:00:17[K
     batch: 78/100[K
   samples: 9984/12800[K
[A
[A


[K[A
[K[A
epoch 23  80%|██████████████████████████████████        |  ETA: 0:00:15[K
     batch: 80/100[K
   samples: 10240/12800[K
[A
[A


[K[A
[K[A
epoch 23  82%|███████████████████████████████████       |  ETA: 0:00:14[K
     batch: 82/100[K
   samples: 10496/12800[K
[A
[A


[K[A
[K[A
epoch 23  84%|████████████████████████████████████      |  ETA: 0:00:12[K
     batch: 84/100[K
   samples: 10752/12800[K
[A
[A


[K[A
[K[A
epoch 23  86%|█████████████████████████████████████     |  ETA: 0:00:11[K
     batch: 86/100[K
   samples: 11008/12800[K
[A
[A


[K[A
[K[A
epoch 23  88%|█████████████████████████████████████     |  ETA: 0:00:09[K
     batch: 88/100[K
   samples: 11264/12800[K
[A
[A


[K[A
[K[A
epoch 23  90%|██████████████████████████████████████    |  ETA: 0:00:07[K
     batch: 90/100[K
   samples: 11520/12800[K
[A
[A


[K[A
[K[A
epoch 23  92%|███████████████████████████████████████   |  ETA: 0:00:06[K
     batch: 92/100[K
   samples: 11776/12800[K
[A
[A


[K[A
[K[A
epoch 23  94%|████████████████████████████████████████  |  ETA: 0:00:04[K
     batch: 94/100[K
   samples: 12032/12800[K
[A
[A


[K[A
[K[A
epoch 23  96%|█████████████████████████████████████████ |  ETA: 0:00:03[K
     batch: 96/100[K
   samples: 12288/12800[K
[A
[A


[K[A
[K[A
epoch 23  98%|██████████████████████████████████████████|  ETA: 0:00:01[K
     batch: 98/100[K
   samples: 12544/12800[K
[A
[A


[K[A
[K[A
epoch 23 100%|██████████████████████████████████████████| Time: 0:01:15[K
     batch: 100/100[K
   samples: 12800/12800[K

epoch 24   2%|█                                         |  ETA: 0:01:18[K
     batch: 2/100[K
   samples: 256/12800[K
[A
[A


[K[A
[K[A
epoch 24   4%|██                                        |  ETA: 0:01:13[K
     batch: 4/100[K
   samples: 512/12800[K
[A
[A


[K[A
[K[A
epoch 24   6%|███                                       |  ETA: 0:01:11[K
     batch: 6/100[K
   samples: 768/12800[K
[A
[A


[K[A
[K[A
epoch 24   8%|████                                      |  ETA: 0:01:10[K
     batch: 8/100[K
   samples: 1024/12800[K
[A
[A


[K[A
[K[A
epoch 24  10%|█████                                     |  ETA: 0:01:08[K
     batch: 10/100[K
   samples: 1280/12800[K
[A
[A


[K[A
[K[A
epoch 24  12%|██████                                    |  ETA: 0:01:06[K
     batch: 12/100[K
   samples: 1536/12800[K
[A
[A


[K[A
[K[A
epoch 24  14%|██████                                    |  ETA: 0:01:06[K
     batch: 14/100[K
   samples: 1792/12800[K
[A
[A


[K[A
[K[A
epoch 24  16%|███████                                   |  ETA: 0:01:05[K
     batch: 16/100[K
   samples: 2048/12800[K
[A
[A


[K[A
[K[A
epoch 24  18%|████████                                  |  ETA: 0:01:03[K
     batch: 18/100[K
   samples: 2304/12800[K
[A
[A


[K[A
[K[A
epoch 24  20%|█████████                                 |  ETA: 0:01:01[K
     batch: 20/100[K
   samples: 2560/12800[K
[A
[A


[K[A
[K[A
epoch 24  22%|██████████                                |  ETA: 0:01:00[K
     batch: 22/100[K
   samples: 2816/12800[K
[A
[A


[K[A
[K[A
epoch 24  24%|███████████                               |  ETA: 0:00:58[K
     batch: 24/100[K
   samples: 3072/12800[K
[A
[A


[K[A
[K[A
epoch 24  26%|███████████                               |  ETA: 0:00:56[K
     batch: 26/100[K
   samples: 3328/12800[K
[A
[A


[K[A
[K[A
epoch 24  28%|████████████                              |  ETA: 0:00:55[K
     batch: 28/100[K
   samples: 3584/12800[K
[A
[A


[K[A
[K[A
epoch 24  30%|█████████████                             |  ETA: 0:00:54[K
     batch: 30/100[K
   samples: 3840/12800[K
[A
[A


[K[A
[K[A
epoch 24  32%|██████████████                            |  ETA: 0:00:52[K
     batch: 32/100[K
   samples: 4096/12800[K
[A
[A


[K[A
[K[A
epoch 24  34%|███████████████                           |  ETA: 0:00:50[K
     batch: 34/100[K
   samples: 4352/12800[K
[A
[A


[K[A
[K[A
epoch 24  36%|████████████████                          |  ETA: 0:00:49[K
     batch: 36/100[K
   samples: 4608/12800[K
[A
[A


[K[A
[K[A
epoch 24  38%|████████████████                          |  ETA: 0:00:47[K
     batch: 38/100[K
   samples: 4864/12800[K
[A
[A


[K[A
[K[A
epoch 24  40%|█████████████████                         |  ETA: 0:00:45[K
     batch: 40/100[K
   samples: 5120/12800[K
[A
[A


[K[A
[K[A
epoch 24  42%|██████████████████                        |  ETA: 0:00:44[K
     batch: 42/100[K
   samples: 5376/12800[K
[A
[A


[K[A
[K[A
epoch 24  44%|███████████████████                       |  ETA: 0:00:43[K
     batch: 44/100[K
   samples: 5632/12800[K
[A
[A


[K[A
[K[A
epoch 24  46%|████████████████████                      |  ETA: 0:00:41[K
     batch: 46/100[K
   samples: 5888/12800[K
[A
[A


[K[A
[K[A
epoch 24  48%|█████████████████████                     |  ETA: 0:00:40[K
     batch: 48/100[K
   samples: 6144/12800[K
[A
[A


[K[A
[K[A
epoch 24  50%|██████████████████████                    |  ETA: 0:00:38[K
     batch: 50/100[K
   samples: 6400/12800[K
[A
[A


[K[A
[K[A
epoch 24  52%|██████████████████████                    |  ETA: 0:00:37[K
     batch: 52/100[K
   samples: 6656/12800[K
[A
[A


[K[A
[K[A
epoch 24  54%|███████████████████████                   |  ETA: 0:00:36[K
     batch: 54/100[K
   samples: 6912/12800[K
[A
[A


[K[A
[K[A
epoch 24  56%|████████████████████████                  |  ETA: 0:00:34[K
     batch: 56/100[K
   samples: 7168/12800[K
[A
[A


[K[A
[K[A
epoch 24  58%|█████████████████████████                 |  ETA: 0:00:33[K
     batch: 58/100[K
   samples: 7424/12800[K
[A
[A


[K[A
[K[A
epoch 24  60%|██████████████████████████                |  ETA: 0:00:31[K
     batch: 60/100[K
   samples: 7680/12800[K
[A
[A


[K[A
[K[A
epoch 24  62%|███████████████████████████               |  ETA: 0:00:30[K
     batch: 62/100[K
   samples: 7936/12800[K
[A
[A


[K[A
[K[A
epoch 24  64%|███████████████████████████               |  ETA: 0:00:28[K
     batch: 64/100[K
   samples: 8192/12800[K
[A
[A


[K[A
[K[A
epoch 24  66%|████████████████████████████              |  ETA: 0:00:27[K
     batch: 66/100[K
   samples: 8448/12800[K
[A
[A


[K[A
[K[A
epoch 24  68%|█████████████████████████████             |  ETA: 0:00:25[K
     batch: 68/100[K
   samples: 8704/12800[K
[A
[A


[K[A
[K[A
epoch 24  70%|██████████████████████████████            |  ETA: 0:00:24[K
     batch: 70/100[K
   samples: 8960/12800[K
[A
[A


[K[A
[K[A
epoch 24  72%|███████████████████████████████           |  ETA: 0:00:22[K
     batch: 72/100[K
   samples: 9216/12800[K
[A
[A


[K[A
[K[A
epoch 24  74%|████████████████████████████████          |  ETA: 0:00:20[K
     batch: 74/100[K
   samples: 9472/12800[K
[A
[A


[K[A
[K[A
epoch 24  76%|████████████████████████████████          |  ETA: 0:00:19[K
     batch: 76/100[K
   samples: 9728/12800[K
[A
[A


[K[A
[K[A
epoch 24  78%|█████████████████████████████████         |  ETA: 0:00:17[K
     batch: 78/100[K
   samples: 9984/12800[K
[A
[A


[K[A
[K[A
epoch 24  80%|██████████████████████████████████        |  ETA: 0:00:16[K
     batch: 80/100[K
   samples: 10240/12800[K
[A
[A


[K[A
[K[A
epoch 24  82%|███████████████████████████████████       |  ETA: 0:00:14[K
     batch: 82/100[K
   samples: 10496/12800[K
[A
[A


[K[A
[K[A
epoch 24  84%|████████████████████████████████████      |  ETA: 0:00:12[K
     batch: 84/100[K
   samples: 10752/12800[K
[A
[A


[K[A
[K[A
epoch 24  86%|█████████████████████████████████████     |  ETA: 0:00:11[K
     batch: 86/100[K
   samples: 11008/12800[K
[A
[A


[K[A
[K[A
epoch 24  88%|█████████████████████████████████████     |  ETA: 0:00:09[K
     batch: 88/100[K
   samples: 11264/12800[K
[A
[A


[K[A
[K[A
epoch 24  90%|██████████████████████████████████████    |  ETA: 0:00:08[K
     batch: 90/100[K
   samples: 11520/12800[K
[A
[A


[K[A
[K[A
epoch 24  92%|███████████████████████████████████████   |  ETA: 0:00:06[K
     batch: 92/100[K
   samples: 11776/12800[K
[A
[A


[K[A
[K[A
epoch 24  94%|████████████████████████████████████████  |  ETA: 0:00:05[K
     batch: 94/100[K
   samples: 12032/12800[K
[A
[A


[K[A
[K[A
epoch 24  96%|█████████████████████████████████████████ |  ETA: 0:00:03[K
     batch: 96/100[K
   samples: 12288/12800[K
[A
[A


[K[A
[K[A
epoch 24  98%|██████████████████████████████████████████|  ETA: 0:00:02[K
     batch: 98/100[K
   samples: 12544/12800[K
[A
[A


[K[A
[K[A
epoch 24 100%|██████████████████████████████████████████| Time: 0:01:18[K
     batch: 100/100[K
   samples: 12800/12800[K

epoch 25   2%|█                                         |  ETA: 0:01:32[K
     batch: 2/100[K
   samples: 256/12800[K
[A
[A


[K[A
[K[A
epoch 25   4%|██                                        |  ETA: 0:01:24[K
     batch: 4/100[K
   samples: 512/12800[K
[A
[A


[K[A
[K[A
epoch 25   6%|███                                       |  ETA: 0:01:20[K
     batch: 6/100[K
   samples: 768/12800[K
[A
[A


[K[A
[K[A
epoch 25   8%|████                                      |  ETA: 0:01:18[K
     batch: 8/100[K
   samples: 1024/12800[K
[A
[A


[K[A
[K[A
epoch 25  10%|█████                                     |  ETA: 0:01:15[K
     batch: 10/100[K
   samples: 1280/12800[K
[A
[A


[K[A
[K[A
epoch 25  12%|██████                                    |  ETA: 0:01:12[K
     batch: 12/100[K
   samples: 1536/12800[K
[A
[A


[K[A
[K[A
epoch 25  14%|██████                                    |  ETA: 0:01:09[K
     batch: 14/100[K
   samples: 1792/12800[K
[A
[A


[K[A
[K[A
epoch 25  16%|███████                                   |  ETA: 0:01:08[K
     batch: 16/100[K
   samples: 2048/12800[K
[A
[A


[K[A
[K[A
epoch 25  18%|████████                                  |  ETA: 0:01:06[K
     batch: 18/100[K
   samples: 2304/12800[K
[A
[A


[K[A
[K[A
epoch 25  20%|█████████                                 |  ETA: 0:01:05[K
     batch: 20/100[K
   samples: 2560/12800[K
[A
[A


[K[A
[K[A
epoch 25  22%|██████████                                |  ETA: 0:01:03[K
     batch: 22/100[K
   samples: 2816/12800[K
[A
[A


[K[A
[K[A
epoch 25  24%|███████████                               |  ETA: 0:01:02[K
     batch: 24/100[K
   samples: 3072/12800[K
[A
[A


[K[A
[K[A
epoch 25  26%|███████████                               |  ETA: 0:01:00[K
     batch: 26/100[K
   samples: 3328/12800[K
[A
[A


[K[A
[K[A
epoch 25  28%|████████████                              |  ETA: 0:00:58[K
     batch: 28/100[K
   samples: 3584/12800[K
[A
[A


[K[A
[K[A
epoch 25  30%|█████████████                             |  ETA: 0:00:56[K
     batch: 30/100[K
   samples: 3840/12800[K
[A
[A


[K[A
[K[A
epoch 25  32%|██████████████                            |  ETA: 0:00:55[K
     batch: 32/100[K
   samples: 4096/12800[K
[A
[A


[K[A
[K[A
epoch 25  34%|███████████████                           |  ETA: 0:00:53[K
     batch: 34/100[K
   samples: 4352/12800[K
[A
[A


[K[A
[K[A
epoch 25  36%|████████████████                          |  ETA: 0:00:51[K
     batch: 36/100[K
   samples: 4608/12800[K
[A
[A


[K[A
[K[A
epoch 25  38%|████████████████                          |  ETA: 0:00:50[K
     batch: 38/100[K
   samples: 4864/12800[K
[A
[A


[K[A
[K[A
epoch 25  40%|█████████████████                         |  ETA: 0:00:48[K
     batch: 40/100[K
   samples: 5120/12800[K
[A
[A


[K[A
[K[A
epoch 25  42%|██████████████████                        |  ETA: 0:00:46[K
     batch: 42/100[K
   samples: 5376/12800[K
[A
[A


[K[A
[K[A
epoch 25  44%|███████████████████                       |  ETA: 0:00:45[K
     batch: 44/100[K
   samples: 5632/12800[K
[A
[A


[K[A
[K[A
epoch 25  46%|████████████████████                      |  ETA: 0:00:43[K
     batch: 46/100[K
   samples: 5888/12800[K
[A
[A


[K[A
[K[A
epoch 25  48%|█████████████████████                     |  ETA: 0:00:42[K
     batch: 48/100[K
   samples: 6144/12800[K
[A
[A


[K[A
[K[A
epoch 25  50%|██████████████████████                    |  ETA: 0:00:40[K
     batch: 50/100[K
   samples: 6400/12800[K
[A
[A


[K[A
[K[A
epoch 25  52%|██████████████████████                    |  ETA: 0:00:39[K
     batch: 52/100[K
   samples: 6656/12800[K
[A
[A


[K[A
[K[A
epoch 25  54%|███████████████████████                   |  ETA: 0:00:37[K
     batch: 54/100[K
   samples: 6912/12800[K
[A
[A


[K[A
[K[A
epoch 25  56%|████████████████████████                  |  ETA: 0:00:35[K
     batch: 56/100[K
   samples: 7168/12800[K
[A
[A


[K[A
[K[A
epoch 25  58%|█████████████████████████                 |  ETA: 0:00:34[K
     batch: 58/100[K
   samples: 7424/12800[K
[A
[A


[K[A
[K[A
epoch 25  60%|██████████████████████████                |  ETA: 0:00:32[K
     batch: 60/100[K
   samples: 7680/12800[K
[A
[A


[K[A
[K[A
epoch 25  62%|███████████████████████████               |  ETA: 0:00:30[K
     batch: 62/100[K
   samples: 7936/12800[K
[A
[A


[K[A
[K[A
epoch 25  64%|███████████████████████████               |  ETA: 0:00:29[K
     batch: 64/100[K
   samples: 8192/12800[K
[A
[A


[K[A
[K[A
epoch 25  66%|████████████████████████████              |  ETA: 0:00:27[K
     batch: 66/100[K
   samples: 8448/12800[K
[A
[A


[K[A
[K[A
epoch 25  68%|█████████████████████████████             |  ETA: 0:00:26[K
     batch: 68/100[K
   samples: 8704/12800[K
[A
[A


[K[A
[K[A
epoch 25  70%|██████████████████████████████            |  ETA: 0:00:24[K
     batch: 70/100[K
   samples: 8960/12800[K
[A
[A


[K[A
[K[A
epoch 25  72%|███████████████████████████████           |  ETA: 0:00:22[K
     batch: 72/100[K
   samples: 9216/12800[K
[A
[A


[K[A
[K[A
epoch 25  74%|████████████████████████████████          |  ETA: 0:00:21[K
     batch: 74/100[K
   samples: 9472/12800[K
[A
[A


[K[A
[K[A
epoch 25  76%|████████████████████████████████          |  ETA: 0:00:19[K
     batch: 76/100[K
   samples: 9728/12800[K
[A
[A


[K[A
[K[A
epoch 25  78%|█████████████████████████████████         |  ETA: 0:00:18[K
     batch: 78/100[K
   samples: 9984/12800[K
[A
[A


[K[A
[K[A
epoch 25  80%|██████████████████████████████████        |  ETA: 0:00:16[K
     batch: 80/100[K
   samples: 10240/12800[K
[A
[A


[K[A
[K[A
epoch 25  82%|███████████████████████████████████       |  ETA: 0:00:14[K
     batch: 82/100[K
   samples: 10496/12800[K
[A
[A


[K[A
[K[A
epoch 25  84%|████████████████████████████████████      |  ETA: 0:00:13[K
     batch: 84/100[K
   samples: 10752/12800[K
[A
[A


[K[A
[K[A
epoch 25  86%|█████████████████████████████████████     |  ETA: 0:00:11[K
     batch: 86/100[K
   samples: 11008/12800[K
[A
[A


[K[A
[K[A
epoch 25  88%|█████████████████████████████████████     |  ETA: 0:00:10[K
     batch: 88/100[K
   samples: 11264/12800[K
[A
[A


[K[A
[K[A
epoch 25  90%|██████████████████████████████████████    |  ETA: 0:00:08[K
     batch: 90/100[K
   samples: 11520/12800[K
[A
[A


[K[A
[K[A
epoch 25  92%|███████████████████████████████████████   |  ETA: 0:00:06[K
     batch: 92/100[K
   samples: 11776/12800[K
[A
[A


[K[A
[K[A
epoch 25  94%|████████████████████████████████████████  |  ETA: 0:00:05[K
     batch: 94/100[K
   samples: 12032/12800[K
[A
[A


[K[A
[K[A
epoch 25  96%|█████████████████████████████████████████ |  ETA: 0:00:03[K
     batch: 96/100[K
   samples: 12288/12800[K
[A
[A


[K[A
[K[A
epoch 25  98%|██████████████████████████████████████████|  ETA: 0:00:02[K
     batch: 98/100[K
   samples: 12544/12800[K
[A
[A


[K[A
[K[A
epoch 25 100%|██████████████████████████████████████████| Time: 0:01:19[K
     batch: 100/100[K
   samples: 12800/12800[K

epoch 26   2%|█                                         |  ETA: 0:01:20[K
     batch: 2/100[K
   samples: 256/12800[K
[A
[A


[K[A
[K[A
epoch 26   4%|██                                        |  ETA: 0:01:16[K
     batch: 4/100[K
   samples: 512/12800[K
[A
[A


[K[A
[K[A
epoch 26   6%|███                                       |  ETA: 0:01:14[K
     batch: 6/100[K
   samples: 768/12800[K
[A
[A


[K[A
[K[A
epoch 26   8%|████                                      |  ETA: 0:01:13[K
     batch: 8/100[K
   samples: 1024/12800[K
[A
[A


[K[A
[K[A
epoch 26  10%|█████                                     |  ETA: 0:01:12[K
     batch: 10/100[K
   samples: 1280/12800[K
[A
[A


[K[A
[K[A
epoch 26  12%|██████                                    |  ETA: 0:01:10[K
     batch: 12/100[K
   samples: 1536/12800[K
[A
[A


[K[A
[K[A
epoch 26  14%|██████                                    |  ETA: 0:01:09[K
     batch: 14/100[K
   samples: 1792/12800[K
[A
[A


[K[A
[K[A
epoch 26  16%|███████                                   |  ETA: 0:01:08[K
     batch: 16/100[K
   samples: 2048/12800[K
[A
[A


[K[A
[K[A
epoch 26  18%|████████                                  |  ETA: 0:01:05[K
     batch: 18/100[K
   samples: 2304/12800[K
[A
[A


[K[A
[K[A
epoch 26  20%|█████████                                 |  ETA: 0:01:03[K
     batch: 20/100[K
   samples: 2560/12800[K
[A
[A


[K[A
[K[A
epoch 26  22%|██████████                                |  ETA: 0:01:01[K
     batch: 22/100[K
   samples: 2816/12800[K
[A
[A


[K[A
[K[A
epoch 26  24%|███████████                               |  ETA: 0:00:59[K
     batch: 24/100[K
   samples: 3072/12800[K
[A
[A


[K[A
[K[A
epoch 26  26%|███████████                               |  ETA: 0:00:57[K
     batch: 26/100[K
   samples: 3328/12800[K
[A
[A


[K[A
[K[A
epoch 26  28%|████████████                              |  ETA: 0:00:56[K
     batch: 28/100[K
   samples: 3584/12800[K
[A
[A


[K[A
[K[A
epoch 26  30%|█████████████                             |  ETA: 0:00:54[K
     batch: 30/100[K
   samples: 3840/12800[K
[A
[A


[K[A
[K[A
epoch 26  32%|██████████████                            |  ETA: 0:00:52[K
     batch: 32/100[K
   samples: 4096/12800[K
[A
[A


[K[A
[K[A
epoch 26  34%|███████████████                           |  ETA: 0:00:50[K
     batch: 34/100[K
   samples: 4352/12800[K
[A
[A


[K[A
[K[A
epoch 26  36%|████████████████                          |  ETA: 0:00:49[K
     batch: 36/100[K
   samples: 4608/12800[K
[A
[A


[K[A
[K[A
epoch 26  38%|████████████████                          |  ETA: 0:00:47[K
     batch: 38/100[K
   samples: 4864/12800[K
[A
[A


[K[A
[K[A
epoch 26  40%|█████████████████                         |  ETA: 0:00:45[K
     batch: 40/100[K
   samples: 5120/12800[K
[A
[A


[K[A
[K[A
epoch 26  42%|██████████████████                        |  ETA: 0:00:44[K
     batch: 42/100[K
   samples: 5376/12800[K
[A
[A


[K[A
[K[A
epoch 26  44%|███████████████████                       |  ETA: 0:00:42[K
     batch: 44/100[K
   samples: 5632/12800[K
[A
[A


[K[A
[K[A
epoch 26  46%|████████████████████                      |  ETA: 0:00:40[K
     batch: 46/100[K
   samples: 5888/12800[K
[A
[A


[K[A
[K[A
epoch 26  48%|█████████████████████                     |  ETA: 0:00:39[K
     batch: 48/100[K
   samples: 6144/12800[K
[A
[A


[K[A
[K[A
epoch 26  50%|██████████████████████                    |  ETA: 0:00:37[K
     batch: 50/100[K
   samples: 6400/12800[K
[A
[A


[K[A
[K[A
epoch 26  52%|██████████████████████                    |  ETA: 0:00:36[K
     batch: 52/100[K
   samples: 6656/12800[K
[A
[A


[K[A
[K[A
epoch 26  54%|███████████████████████                   |  ETA: 0:00:34[K
     batch: 54/100[K
   samples: 6912/12800[K
[A
[A


[K[A
[K[A
epoch 26  56%|████████████████████████                  |  ETA: 0:00:33[K
     batch: 56/100[K
   samples: 7168/12800[K
[A
[A


[K[A
[K[A
epoch 26  58%|█████████████████████████                 |  ETA: 0:00:31[K
     batch: 58/100[K
   samples: 7424/12800[K
[A
[A


[K[A
[K[A
epoch 26  60%|██████████████████████████                |  ETA: 0:00:30[K
     batch: 60/100[K
   samples: 7680/12800[K
[A
[A


[K[A
[K[A
epoch 26  62%|███████████████████████████               |  ETA: 0:00:28[K
     batch: 62/100[K
   samples: 7936/12800[K
[A
[A


[K[A
[K[A
epoch 26  64%|███████████████████████████               |  ETA: 0:00:27[K
     batch: 64/100[K
   samples: 8192/12800[K
[A
[A


[K[A
[K[A
epoch 26  66%|████████████████████████████              |  ETA: 0:00:25[K
     batch: 66/100[K
   samples: 8448/12800[K
[A
[A


[K[A
[K[A
epoch 26  68%|█████████████████████████████             |  ETA: 0:00:24[K
     batch: 68/100[K
   samples: 8704/12800[K
[A
[A


[K[A
[K[A
epoch 26  70%|██████████████████████████████            |  ETA: 0:00:22[K
     batch: 70/100[K
   samples: 8960/12800[K
[A
[A


[K[A
[K[A
epoch 26  72%|███████████████████████████████           |  ETA: 0:00:21[K
     batch: 72/100[K
   samples: 9216/12800[K
[A
[A


[K[A
[K[A
epoch 26  74%|████████████████████████████████          |  ETA: 0:00:19[K
     batch: 74/100[K
   samples: 9472/12800[K
[A
[A


[K[A
[K[A
epoch 26  76%|████████████████████████████████          |  ETA: 0:00:18[K
     batch: 76/100[K
   samples: 9728/12800[K
[A
[A


[K[A
[K[A
epoch 26  78%|█████████████████████████████████         |  ETA: 0:00:17[K
     batch: 78/100[K
   samples: 9984/12800[K
[A
[A


[K[A
[K[A
epoch 26  80%|██████████████████████████████████        |  ETA: 0:00:15[K
     batch: 80/100[K
   samples: 10240/12800[K
[A
[A


[K[A
[K[A
epoch 26  82%|███████████████████████████████████       |  ETA: 0:00:14[K
     batch: 82/100[K
   samples: 10496/12800[K
[A
[A


[K[A
[K[A
epoch 26  84%|████████████████████████████████████      |  ETA: 0:00:12[K
     batch: 84/100[K
   samples: 10752/12800[K
[A
[A


[K[A
[K[A
epoch 26  86%|█████████████████████████████████████     |  ETA: 0:00:11[K
     batch: 86/100[K
   samples: 11008/12800[K
[A
[A


[K[A
[K[A
epoch 26  88%|█████████████████████████████████████     |  ETA: 0:00:09[K
     batch: 88/100[K
   samples: 11264/12800[K
[A
[A


[K[A
[K[A
epoch 26  90%|██████████████████████████████████████    |  ETA: 0:00:08[K
     batch: 90/100[K
   samples: 11520/12800[K
[A
[A


[K[A
[K[A
epoch 26  92%|███████████████████████████████████████   |  ETA: 0:00:06[K
     batch: 92/100[K
   samples: 11776/12800[K
[A
[A


[K[A
[K[A
epoch 26  94%|████████████████████████████████████████  |  ETA: 0:00:05[K
     batch: 94/100[K
   samples: 12032/12800[K
[A
[A


[K[A
[K[A
epoch 26  96%|█████████████████████████████████████████ |  ETA: 0:00:03[K
     batch: 96/100[K
   samples: 12288/12800[K
[A
[A


[K[A
[K[A
epoch 26  98%|██████████████████████████████████████████|  ETA: 0:00:02[K
     batch: 98/100[K
   samples: 12544/12800[K
[A
[A


[K[A
[K[A
epoch 26 100%|██████████████████████████████████████████| Time: 0:01:14[K
     batch: 100/100[K
   samples: 12800/12800[K
[bootstrap] activated project
[bootstrap] loaded packages
building MNIST 784-120-40 layer
loading training split
training samples: 12800 (100 batches/epoch)
loading train-eval split
train-eval samples: 1000
loading test split
test samples: 1000
constructing 32-worker softplus-margin nudge Adam manager
constructing 32-worker validation manager
starting epochs
restoring checkpoint state from ext/IsingLearning/experiments/MNIST/baseline_new_nudge/experiments/current/symmetric_nudge_resume_from_0p689_20260610/cont_lr0p00012_reset_s500/best_checkpoint.bin
epoch 18 training
epoch 18 batch 1/100 samples 128/12800 elapsed 16.2s
epoch 18 batch 25/100 samples 3200/12800 elapsed 33.5s
epoch 18 batch 50/100 samples 6400/12800 elapsed 51.4s
epoch 18 batch 75/100 samples 9600/12800 elapsed 69.2s
epoch 18 batch 100/100 samples 12800/12800 elapsed 87.5s
epoch 18 training done in 87.459s
epoch 18 train-eval: evaluating 1000 samples
epoch 18 train accuracy 0.668 loss 12.05078
epoch 18 evaluating
epoch 18 test: evaluating 1000 samples
epoch 18 test accuracy 0.681 loss 11.770326 best 0.714
(timestamp = "2026-06-10T01:43:41", epoch = 18, seconds = 87.4586477, train_accuracy = 0.668, train_loss = 12.05078f0, test_accuracy = 0.681, test_loss = 11.770326f0, pred_counts = "130-114-138-149-139-66-99-130-19-16", w_norm = 0.788942f0, b_norm = 0.060000375f0, w_input_norm = 1.9389222f0, grad_w_norm = 5.908252f0, grad_b_norm = 0.8947946f0, grad_w_input_norm = 6.202195f0, effective_w_decay = 0.001f0, effective_w_input_decay = 0.001f0, symmetry_error = 0.0f0, grad_symmetry_error = 0.0f0, best_accuracy = 0.714, best_path = "ext\\IsingLearning\\experiments\\MNIST\\baseline_new_nudge\\experiments\\current\\symmetric_nudge_resume_from_0p714_20260610\\cont_lr0p00008_reset_s500\\best_checkpoint.bin", final_path = "")
epoch 19 training
epoch 19 batch 1/100 samples 128/12800 elapsed 0.7s
epoch 19 batch 25/100 samples 3200/12800 elapsed 18.7s
epoch 19 batch 50/100 samples 6400/12800 elapsed 37.5s
epoch 19 batch 75/100 samples 9600/12800 elapsed 57.5s
epoch 19 batch 100/100 samples 12800/12800 elapsed 76.4s
epoch 19 training done in 76.438s
epoch 19 train-eval: evaluating 1000 samples
epoch 19 train accuracy 0.675 loss 12.13417
epoch 19 evaluating
epoch 19 test: evaluating 1000 samples
epoch 19 test accuracy 0.671 loss 12.246717 best 0.714
(timestamp = "2026-06-10T01:45:02", epoch = 19, seconds = 76.4384874, train_accuracy = 0.675, train_loss = 12.13417f0, test_accuracy = 0.671, test_loss = 12.246717f0, pred_counts = "122-120-133-158-123-81-100-130-13-20", w_norm = 0.79314405f0, b_norm = 0.061204895f0, w_input_norm = 1.9463979f0, grad_w_norm = 7.8140984f0, grad_b_norm = 0.9351432f0, grad_w_input_norm = 6.275893f0, effective_w_decay = 0.001f0, effective_w_input_decay = 0.001f0, symmetry_error = 0.0f0, grad_symmetry_error = 0.0f0, best_accuracy = 0.714, best_path = "ext\\IsingLearning\\experiments\\MNIST\\baseline_new_nudge\\experiments\\current\\symmetric_nudge_resume_from_0p714_20260610\\cont_lr0p00008_reset_s500\\best_checkpoint.bin", final_path = "")
epoch 20 training
epoch 20 batch 1/100 samples 128/12800 elapsed 0.8s
epoch 20 batch 25/100 samples 3200/12800 elapsed 19.1s
epoch 20 batch 50/100 samples 6400/12800 elapsed 38.2s
epoch 20 batch 75/100 samples 9600/12800 elapsed 57.9s
epoch 20 batch 100/100 samples 12800/12800 elapsed 76.2s
epoch 20 training done in 76.181s
epoch 20 train-eval: evaluating 1000 samples
epoch 20 train accuracy 0.678 loss 12.038
epoch 20 evaluating
epoch 20 test: evaluating 1000 samples
epoch 20 test accuracy 0.685 loss 12.123267 best 0.714
(timestamp = "2026-06-10T01:46:21", epoch = 20, seconds = 76.1813386, train_accuracy = 0.678, train_loss = 12.038f0, test_accuracy = 0.685, test_loss = 12.123267f0, pred_counts = "133-120-137-114-102-155-81-125-16-17", w_norm = 0.79968375f0, b_norm = 0.06106867f0, w_input_norm = 1.952756f0, grad_w_norm = 5.9008512f0, grad_b_norm = 0.766122f0, grad_w_input_norm = 3.9729984f0, effective_w_decay = 0.001f0, effective_w_input_decay = 0.001f0, symmetry_error = 0.0f0, grad_symmetry_error = 0.0f0, best_accuracy = 0.714, best_path = "ext\\IsingLearning\\experiments\\MNIST\\baseline_new_nudge\\experiments\\current\\symmetric_nudge_resume_from_0p714_20260610\\cont_lr0p00008_reset_s500\\best_checkpoint.bin", final_path = "")
epoch 21 training
epoch 21 batch 1/100 samples 128/12800 elapsed 0.7s
epoch 21 batch 25/100 samples 3200/12800 elapsed 18.4s
epoch 21 batch 50/100 samples 6400/12800 elapsed 37.9s
epoch 21 batch 75/100 samples 9600/12800 elapsed 58.0s
epoch 21 batch 100/100 samples 12800/12800 elapsed 78.0s
epoch 21 training done in 77.989s
epoch 21 train-eval: evaluating 1000 samples
epoch 21 train accuracy 0.692 loss 11.71097
epoch 21 evaluating
epoch 21 test: evaluating 1000 samples
epoch 21 test accuracy 0.684 loss 11.872163 best 0.714
(timestamp = "2026-06-10T01:47:42", epoch = 21, seconds = 77.9893592, train_accuracy = 0.692, train_loss = 11.71097f0, test_accuracy = 0.684, test_loss = 11.872163f0, pred_counts = "117-116-162-100-151-121-100-115-7-11", w_norm = 0.8007746f0, b_norm = 0.059600044f0, w_input_norm = 1.9533862f0, grad_w_norm = 6.140841f0, grad_b_norm = 0.807488f0, grad_w_input_norm = 5.445969f0, effective_w_decay = 0.001f0, effective_w_input_decay = 0.001f0, symmetry_error = 0.0f0, grad_symmetry_error = 0.0f0, best_accuracy = 0.714, best_path = "ext\\IsingLearning\\experiments\\MNIST\\baseline_new_nudge\\experiments\\current\\symmetric_nudge_resume_from_0p714_20260610\\cont_lr0p00008_reset_s500\\best_checkpoint.bin", final_path = "")
epoch 22 training
epoch 22 batch 1/100 samples 128/12800 elapsed 0.7s
epoch 22 batch 25/100 samples 3200/12800 elapsed 18.5s
epoch 22 batch 50/100 samples 6400/12800 elapsed 37.1s
epoch 22 batch 75/100 samples 9600/12800 elapsed 56.6s
epoch 22 batch 100/100 samples 12800/12800 elapsed 75.7s
epoch 22 training done in 75.713s
epoch 22 train-eval: evaluating 1000 samples
epoch 22 train accuracy 0.697 loss 11.362789
epoch 22 evaluating
epoch 22 test: evaluating 1000 samples
epoch 22 test accuracy 0.704 loss 11.311958 best 0.714
(timestamp = "2026-06-10T01:49:01", epoch = 22, seconds = 75.7127078, train_accuracy = 0.697, train_loss = 11.362789f0, test_accuracy = 0.704, test_loss = 11.311958f0, pred_counts = "122-137-99-124-129-142-99-126-7-15", w_norm = 0.8121101f0, b_norm = 0.06226283f0, w_input_norm = 1.9627254f0, grad_w_norm = 3.8462372f0, grad_b_norm = 0.6004795f0, grad_w_input_norm = 3.8022318f0, effective_w_decay = 0.001f0, effective_w_input_decay = 0.001f0, symmetry_error = 0.0f0, grad_symmetry_error = 0.0f0, best_accuracy = 0.714, best_path = "ext\\IsingLearning\\experiments\\MNIST\\baseline_new_nudge\\experiments\\current\\symmetric_nudge_resume_from_0p714_20260610\\cont_lr0p00008_reset_s500\\best_checkpoint.bin", final_path = "")
epoch 23 training
epoch 23 batch 1/100 samples 128/12800 elapsed 0.8s
epoch 23 batch 25/100 samples 3200/12800 elapsed 18.7s
epoch 23 batch 50/100 samples 6400/12800 elapsed 38.3s
epoch 23 batch 75/100 samples 9600/12800 elapsed 56.7s
epoch 23 batch 100/100 samples 12800/12800 elapsed 75.0s
epoch 23 training done in 75.022s
epoch 23 train-eval: evaluating 1000 samples
epoch 23 train accuracy 0.682 loss 11.95421
epoch 23 evaluating
epoch 23 test: evaluating 1000 samples
epoch 23 test accuracy 0.675 loss 11.992884 best 0.714
(timestamp = "2026-06-10T01:50:19", epoch = 23, seconds = 75.0222194, train_accuracy = 0.682, train_loss = 11.95421f0, test_accuracy = 0.675, test_loss = 11.992884f0, pred_counts = "111-115-100-111-128-205-79-136-9-6", w_norm = 0.81399554f0, b_norm = 0.06295365f0, w_input_norm = 1.972862f0, grad_w_norm = 7.8118463f0, grad_b_norm = 1.0297623f0, grad_w_input_norm = 4.8826904f0, effective_w_decay = 0.001f0, effective_w_input_decay = 0.001f0, symmetry_error = 0.0f0, grad_symmetry_error = 0.0f0, best_accuracy = 0.714, best_path = "ext\\IsingLearning\\experiments\\MNIST\\baseline_new_nudge\\experiments\\current\\symmetric_nudge_resume_from_0p714_20260610\\cont_lr0p00008_reset_s500\\best_checkpoint.bin", final_path = "")
epoch 24 training
epoch 24 batch 1/100 samples 128/12800 elapsed 0.8s
epoch 24 batch 25/100 samples 3200/12800 elapsed 19.0s
epoch 24 batch 50/100 samples 6400/12800 elapsed 38.3s
epoch 24 batch 75/100 samples 9600/12800 elapsed 58.6s
epoch 24 batch 100/100 samples 12800/12800 elapsed 78.4s
epoch 24 training done in 78.373s
epoch 24 train-eval: evaluating 1000 samples
epoch 24 train accuracy 0.697 loss 11.368831
epoch 24 evaluating
epoch 24 test: evaluating 1000 samples
epoch 24 test accuracy 0.694 loss 11.391873 best 0.714
(timestamp = "2026-06-10T01:51:40", epoch = 24, seconds = 78.3725123, train_accuracy = 0.697, train_loss = 11.368831f0, test_accuracy = 0.694, test_loss = 11.391873f0, pred_counts = "145-124-110-119-113-135-101-124-14-15", w_norm = 0.8256991f0, b_norm = 0.064353265f0, w_input_norm = 1.9784793f0, grad_w_norm = 9.038981f0, grad_b_norm = 1.174185f0, grad_w_input_norm = 5.0748873f0, effective_w_decay = 0.001f0, effective_w_input_decay = 0.001f0, symmetry_error = 0.0f0, grad_symmetry_error = 0.0f0, best_accuracy = 0.714, best_path = "ext\\IsingLearning\\experiments\\MNIST\\baseline_new_nudge\\experiments\\current\\symmetric_nudge_resume_from_0p714_20260610\\cont_lr0p00008_reset_s500\\best_checkpoint.bin", final_path = "")
epoch 25 training
epoch 25 batch 1/100 samples 128/12800 elapsed 1.0s
epoch 25 batch 25/100 samples 3200/12800 elapsed 20.2s
epoch 25 batch 50/100 samples 6400/12800 elapsed 40.2s
epoch 25 batch 75/100 samples 9600/12800 elapsed 60.1s
epoch 25 batch 100/100 samples 12800/12800 elapsed 79.8s
epoch 25 training done in 79.768s
epoch 25 train-eval: evaluating 1000 samples
epoch 25 train accuracy 0.689 loss 11.696649
epoch 25 evaluating
epoch 25 test: evaluating 1000 samples
epoch 25 test accuracy 0.705 loss 11.259992 best 0.714
(timestamp = "2026-06-10T01:53:03", epoch = 25, seconds = 79.7677456, train_accuracy = 0.689, train_loss = 11.696649f0, test_accuracy = 0.705, test_loss = 11.259992f0, pred_counts = "119-121-126-125-119-125-102-133-9-21", w_norm = 0.8285772f0, b_norm = 0.06488194f0, w_input_norm = 1.9832257f0, grad_w_norm = 4.9012957f0, grad_b_norm = 0.6868832f0, grad_w_input_norm = 3.9233036f0, effective_w_decay = 0.001f0, effective_w_input_decay = 0.001f0, symmetry_error = 0.0f0, grad_symmetry_error = 0.0f0, best_accuracy = 0.714, best_path = "ext\\IsingLearning\\experiments\\MNIST\\baseline_new_nudge\\experiments\\current\\symmetric_nudge_resume_from_0p714_20260610\\cont_lr0p00008_reset_s500\\best_checkpoint.bin", final_path = "")
epoch 26 training
epoch 26 batch 1/100 samples 128/12800 elapsed 0.8s
epoch 26 batch 25/100 samples 3200/12800 elapsed 19.4s
epoch 26 batch 50/100 samples 6400/12800 elapsed 37.3s
epoch 26 batch 75/100 samples 9600/12800 elapsed 56.3s
epoch 26 batch 100/100 samples 12800/12800 elapsed 74.9s
epoch 26 training done in 74.944s
epoch 26 train-eval: evaluating 1000 samples
epoch 26 train accuracy 0.671 loss 11.631141
epoch 26 evaluating
epoch 26 test: evaluating 1000 samples
epoch 26 test accuracy 0.691 loss 11.528041 best 0.714
(timestamp = "2026-06-10T01:54:22", epoch = 26, seconds = 74.9440503, train_accuracy = 0.671, train_loss = 11.631141f0, test_accuracy = 0.691, test_loss = 11.528041f0, pred_counts = "128-112-121-120-107-198-83-105-13-13", w_norm = 0.83259845f0, b_norm = 0.06460326f0, w_input_norm = 1.9896468f0, grad_w_norm = 4.8110957f0, grad_b_norm = 0.6918085f0, grad_w_input_norm = 4.0456223f0, effective_w_decay = 0.001f0, effective_w_input_decay = 0.001f0, symmetry_error = 0.0f0, grad_symmetry_error = 0.0f0, best_accuracy = 0.714, best_path = "ext\\IsingLearning\\experiments\\MNIST\\baseline_new_nudge\\experiments\\current\\symmetric_nudge_resume_from_0p714_20260610\\cont_lr0p00008_reset_s500\\best_checkpoint.bin", final_path = "ext\\IsingLearning\\experiments\\MNIST\\baseline_new_nudge\\experiments\\current\\symmetric_nudge_resume_from_0p714_20260610\\cont_lr0p00008_reset_s500\\final_checkpoint.bin")
saved MNIST 784-120-40 softplus-margin nudge baseline in ext\IsingLearning\experiments\MNIST\baseline_new_nudge\experiments\current\symmetric_nudge_resume_from_0p714_20260610\cont_lr0p00008_reset_s500
