[bootstrap] activated project
[bootstrap] loaded packages
building MNIST 784-120-40 layer
loading training split
training samples: 54210 (424 batches/epoch)
loading train-eval split
train-eval samples: 54210
loading test split
test samples: 8920
constructing 32-worker surrogate-attractor Adam manager
constructing 32-worker validation manager
starting epochs
epoch 0 train-eval: evaluating 54210 samples
epoch 0 train-eval: done in 9.647s accuracy=0.09043 loss=57.942074
epoch 0 evaluating
epoch 0 test: evaluating 8920 samples
epoch 0 test: done in 0.48s accuracy=0.08643 loss=57.75224
(timestamp = "2026-06-09T13:19:44", epoch = 0, seconds = 0.0, train_accuracy = 0.09042612064194798, train_loss = 57.942074f0, test_accuracy = 0.08643497757847533, test_loss = 57.75224f0, pred_counts = "759-1029-749-838-895-824-871-1226-840-889", w_norm = 0.5f0, b_norm = 0.0f0, w_input_norm = 1.5336232f0, grad_w_norm = 0.0f0, grad_b_norm = 0.0f0, grad_w_input_norm = 0.0f0, symmetry_error = 0.0f0, grad_symmetry_error = 0.0f0, attractor_samples = 0, reward_mean = 0.0f0, reward_std = 0.0f0, best_accuracy = 0.08643497757847533, best_path = "ext/IsingLearning/experiments/MNIST/784-120-40-reinforce-minima-fixes/experiments/current/grid_w_norm_lr001_full6_earlystop/w_norm_0p5\\best_checkpoint.bin", final_path = "")
epoch 1 training
epoch 1 batch 1/424 samples 128/54210 elapsed 12.8s reward_mean -0.79153 reward_std 0.48221 minima 2560
epoch 1 batch 50/424 samples 6400/54210 elapsed 30.9s reward_mean -0.02734 reward_std 0.23109 minima 2560
epoch 1 batch 100/424 samples 12800/54210 elapsed 48.9s reward_mean 0.00013 reward_std 0.252 minima 2560
epoch 1 batch 150/424 samples 19200/54210 elapsed 67.6s reward_mean 0.01542 reward_std 0.24367 minima 2560
epoch 1 batch 200/424 samples 25600/54210 elapsed 86.1s reward_mean 0.02304 reward_std 0.25074 minima 2560
epoch 1 batch 250/424 samples 32000/54210 elapsed 104.4s reward_mean -0.01538 reward_std 0.28716 minima 2560
epoch 1 batch 300/424 samples 38400/54210 elapsed 123.4s reward_mean -0.03499 reward_std 0.25382 minima 2560
epoch 1 batch 350/424 samples 44800/54210 elapsed 142.3s reward_mean -0.00791 reward_std 0.22801 minima 2560
epoch 1 batch 400/424 samples 51200/54210 elapsed 161.1s reward_mean -0.05453 reward_std 0.20401 minima 2560
epoch 1 batch 424/424 samples 54210/54210 elapsed 169.7s reward_mean 0.00373 reward_std 0.23649 minima 1320
epoch 1 training done in 169.711s
epoch 1 train-eval: evaluating 54210 samples
epoch 1 train-eval: done in 2.835s accuracy=0.18371 loss=70.914986
epoch 1 evaluating
epoch 1 test: evaluating 8920 samples
epoch 1 test: done in 0.453s accuracy=0.18957 loss=70.93709
(timestamp = "2026-06-09T13:22:38", epoch = 1, seconds = 169.7110415, train_accuracy = 0.18371149234458586, train_loss = 70.914986f0, test_accuracy = 0.18957399103139014, test_loss = 70.93709f0, pred_counts = "1014-792-1035-1012-1005-2-1011-1000-1014-1035", w_norm = 0.49999997f0, b_norm = 0.88821095f0, w_input_norm = 1.5336232f0, grad_w_norm = 0.61380005f0, grad_b_norm = 0.12594804f0, grad_w_input_norm = 1.079228f0, symmetry_error = 0.0f0, grad_symmetry_error = 0.0f0, attractor_samples = 1320, reward_mean = 0.0037268545f0, reward_std = 0.23648617f0, best_accuracy = 0.18957399103139014, best_path = "ext/IsingLearning/experiments/MNIST/784-120-40-reinforce-minima-fixes/experiments/current/grid_w_norm_lr001_full6_earlystop/w_norm_0p5\\best_checkpoint.bin", final_path = "")
epoch 2 training
epoch 2 batch 1/424 samples 128/54210 elapsed 0.4s reward_mean -0.01177 reward_std 0.25612 minima 2560
epoch 2 batch 50/424 samples 6400/54210 elapsed 20.4s reward_mean -0.04256 reward_std 0.2372 minima 2560
epoch 2 batch 100/424 samples 12800/54210 elapsed 40.0s reward_mean 0.01556 reward_std 0.23538 minima 2560
epoch 2 batch 150/424 samples 19200/54210 elapsed 59.4s reward_mean -0.01557 reward_std 0.21006 minima 2560
epoch 2 batch 200/424 samples 25600/54210 elapsed 78.3s reward_mean -0.0156 reward_std 0.20076 minima 2560
epoch 2 batch 250/424 samples 32000/54210 elapsed 97.3s reward_mean -0.03131 reward_std 0.21768 minima 2560
epoch 2 batch 300/424 samples 38400/54210 elapsed 116.3s reward_mean 0.01552 reward_std 0.21836 minima 2560
epoch 2 batch 350/424 samples 44800/54210 elapsed 135.3s reward_mean 0.00373 reward_std 0.23216 minima 2560
epoch 2 batch 400/424 samples 51200/54210 elapsed 154.2s reward_mean -0.03858 reward_std 0.26438 minima 2560
epoch 2 batch 424/424 samples 54210/54210 elapsed 162.9s reward_mean -0.02662 reward_std 0.18203 minima 1320
epoch 2 training done in 162.948s
epoch 2 train-eval: evaluating 54210 samples
epoch 2 train-eval: done in 2.98s accuracy=0.18137 loss=70.99429
epoch 2 evaluating
epoch 2 test: evaluating 8920 samples
epoch 2 test: done in 0.511s accuracy=0.18531 loss=70.99218
(timestamp = "2026-06-09T13:25:25", epoch = 2, seconds = 162.9475271, train_accuracy = 0.1813687511529238, train_loss = 70.99429f0, test_accuracy = 0.1853139013452915, test_loss = 70.99218f0, pred_counts = "984-763-1027-1027-1020-0-1028-1013-1035-1023", w_norm = 0.5f0, b_norm = 1.5013946f0, w_input_norm = 1.5336232f0, grad_w_norm = 4.9856586f-5, grad_b_norm = 7.100741f-6, grad_w_input_norm = 0.007758695f0, symmetry_error = 0.0f0, grad_symmetry_error = 0.0f0, attractor_samples = 1320, reward_mean = -0.026619844f0, reward_std = 0.18202688f0, best_accuracy = 0.18957399103139014, best_path = "ext/IsingLearning/experiments/MNIST/784-120-40-reinforce-minima-fixes/experiments/current/grid_w_norm_lr001_full6_earlystop/w_norm_0p5\\best_checkpoint.bin", final_path = "")
epoch 3 training
epoch 3 batch 1/424 samples 128/54210 elapsed 0.4s reward_mean 0.02317 reward_std 0.21778 minima 2560
epoch 3 batch 50/424 samples 6400/54210 elapsed 18.9s reward_mean -0.0233 reward_std 0.24349 minima 2560
epoch 3 batch 100/424 samples 12800/54210 elapsed 38.0s reward_mean -0.01569 reward_std 0.23616 minima 2560
epoch 3 batch 150/424 samples 19200/54210 elapsed 56.7s reward_mean -0.05038 reward_std 0.23575 minima 2560
epoch 3 batch 200/424 samples 25600/54210 elapsed 77.4s reward_mean -0.00013 reward_std 0.18093 minima 2560
epoch 3 batch 250/424 samples 32000/54210 elapsed 97.1s reward_mean 0.02317 reward_std 0.23475 minima 2560
epoch 3 batch 300/424 samples 38400/54210 elapsed 117.4s reward_mean -0.02316 reward_std 0.22699 minima 2560
epoch 3 batch 350/424 samples 44800/54210 elapsed 137.4s reward_mean 0.01544 reward_std 0.23562 minima 2560
epoch 3 batch 400/424 samples 51200/54210 elapsed 156.4s reward_mean -0.04655 reward_std 0.24843 minima 2560
epoch 3 batch 424/424 samples 54210/54210 elapsed 165.3s reward_mean 0.00389 reward_std 0.21994 minima 1320
epoch 3 training done in 165.303s
epoch 3 train-eval: evaluating 54210 samples
epoch 3 train-eval: done in 2.895s accuracy=0.18956 loss=70.71593
epoch 3 evaluating
epoch 3 test: evaluating 8920 samples
epoch 3 test: done in 0.476s accuracy=0.1926 loss=70.75015
(timestamp = "2026-06-09T13:28:14", epoch = 3, seconds = 165.3029363, train_accuracy = 0.18955912193322266, train_loss = 70.71593f0, test_accuracy = 0.19260089686098655, test_loss = 70.75015f0, pred_counts = "926-888-993-1044-985-0-1051-978-1014-1041", w_norm = 0.49999997f0, b_norm = 1.8312094f0, w_input_norm = 1.5336231f0, grad_w_norm = 0.72671175f0, grad_b_norm = 0.14908136f0, grad_w_input_norm = 1.3588324f0, symmetry_error = 0.0f0, grad_symmetry_error = 0.0f0, attractor_samples = 1320, reward_mean = 0.0038867586f0, reward_std = 0.21994042f0, best_accuracy = 0.19260089686098655, best_path = "ext/IsingLearning/experiments/MNIST/784-120-40-reinforce-minima-fixes/experiments/current/grid_w_norm_lr001_full6_earlystop/w_norm_0p5\\best_checkpoint.bin", final_path = "")
epoch 4 training
epoch 4 batch 1/424 samples 128/54210 elapsed 0.4s reward_mean 0.0234 reward_std 0.28616 minima 2560
epoch 4 batch 50/424 samples 6400/54210 elapsed 19.5s reward_mean -0.04662 reward_std 0.1863 minima 2560
epoch 4 batch 100/424 samples 12800/54210 elapsed 38.1s reward_mean -0.02726 reward_std 0.23123 minima 2560
epoch 4 batch 150/424 samples 19200/54210 elapsed 56.6s reward_mean -0.05058 reward_std 0.19073 minima 2560
epoch 4 batch 200/424 samples 25600/54210 elapsed 74.9s reward_mean -0.00775 reward_std 0.25944 minima 2560
epoch 4 batch 250/424 samples 32000/54210 elapsed 94.0s reward_mean 0.01542 reward_std 0.21873 minima 2560
epoch 4 batch 300/424 samples 38400/54210 elapsed 113.4s reward_mean -0.01926 reward_std 0.2626 minima 2560
epoch 4 batch 350/424 samples 44800/54210 elapsed 133.2s reward_mean 0.00758 reward_std 0.25195 minima 2560
