[bootstrap] activated project
[bootstrap] loaded packages
building MNIST 784-120-40 layer
loading training split
training samples: 12800 (100 batches/epoch)
loading train-eval split
train-eval samples: 1000
loading test split
test samples: 1000
constructing 32-worker softplus-margin nudge Adam manager
constructing 32-worker validation manager
starting epochs
epoch 0 train-eval: evaluating 1000 samples
epoch 0 train accuracy 0.067 loss 74.630844
epoch 0 evaluating
epoch 0 test: evaluating 1000 samples
epoch 0 test accuracy 0.063 loss 73.963661 best 0.063
(timestamp = "2026-06-09T21:32:37", epoch = 0, seconds = 0.0, train_accuracy = 0.067, train_loss = 74.630844f0, test_accuracy = 0.063, test_loss = 73.96366f0, pred_counts = "34-174-88-72-77-50-85-245-73-102", w_norm = 0.48583895f0, b_norm = 0.0f0, w_input_norm = 1.5314544f0, grad_w_norm = 0.0f0, grad_b_norm = 0.0f0, grad_w_input_norm = 0.0f0, effective_w_decay = 0.001f0, effective_w_input_decay = 0.001f0, symmetry_error = 0.0f0, grad_symmetry_error = 0.0f0, best_accuracy = 0.063, best_path = "ext\\IsingLearning\\experiments\\MNIST\\baseline_new_nudge\\experiments\\current\\symmetric_nudge_target_weight_grid_v2_20260609\\b0p010_lr0p0005_T0p00005_wd0p001_step0p5_pos9p0_neg0p25_priortrue_adaptivefalse\\best_checkpoint.bin", final_path = "")
epoch 1 training
epoch 1 batch 1/100 accuracy 0.1328 loss 70.084579 best_batch 0.1328 declines 0/2 trained_batches 1
epoch 1 batch 1/100 samples 128/12800 elapsed 14.0s
epoch 1 batch 2/100 accuracy 0.1016 loss 67.712433 best_batch 0.1328 declines 0/2 trained_batches 2
epoch 1 batch 3/100 accuracy 0.1172 loss 69.214241 best_batch 0.1328 declines 0/2 trained_batches 3
epoch 1 batch 4/100 accuracy 0.1719 loss 66.769577 best_batch 0.1719 declines 0/2 trained_batches 4
epoch 1 batch 5/100 accuracy 0.125 loss 66.761673 best_batch 0.1719 declines 0/2 trained_batches 5
epoch 1 batch 6/100 accuracy 0.0938 loss 63.186867 best_batch 0.1719 declines 0/2 trained_batches 6
epoch 1 batch 7/100 accuracy 0.0859 loss 60.916744 best_batch 0.1719 declines 0/2 trained_batches 7
epoch 1 batch 8/100 accuracy 0.1172 loss 61.352325 best_batch 0.1719 declines 0/2 trained_batches 8
epoch 1 batch 9/100 accuracy 0.1484 loss 61.409702 best_batch 0.1719 declines 0/2 trained_batches 9
epoch 1 batch 10/100 accuracy 0.0938 loss 58.12299 best_batch 0.1719 declines 0/2 trained_batches 10
epoch 1 batch 11/100 accuracy 0.0938 loss 55.803482 best_batch 0.1719 declines 0/2 trained_batches 11
epoch 1 batch 12/100 accuracy 0.1875 loss 55.162735 best_batch 0.1875 declines 0/2 trained_batches 12
epoch 1 batch 13/100 accuracy 0.1797 loss 56.063766 best_batch 0.1875 declines 0/2 trained_batches 13
epoch 1 batch 14/100 accuracy 0.1875 loss 56.245312 best_batch 0.1875 declines 0/2 trained_batches 14
epoch 1 batch 15/100 accuracy 0.1328 loss 58.650936 best_batch 0.1875 declines 0/2 trained_batches 15
epoch 1 batch 16/100 accuracy 0.1641 loss 59.142113 best_batch 0.1875 declines 0/2 trained_batches 16
epoch 1 batch 17/100 accuracy 0.1797 loss 60.86718 best_batch 0.1875 declines 0/2 trained_batches 17
epoch 1 batch 18/100 accuracy 0.0625 loss 62.803238 best_batch 0.1875 declines 0/2 trained_batches 18
epoch 1 batch 19/100 accuracy 0.125 loss 62.203945 best_batch 0.1875 declines 0/2 trained_batches 19
epoch 1 batch 20/100 accuracy 0.1562 loss 61.662727 best_batch 0.1875 declines 0/2 trained_batches 20
epoch 1 batch 21/100 accuracy 0.1797 loss 60.945347 best_batch 0.1875 declines 0/2 trained_batches 21
epoch 1 batch 22/100 accuracy 0.1719 loss 61.952759 best_batch 0.1875 declines 0/2 trained_batches 22
epoch 1 batch 23/100 accuracy 0.1953 loss 58.423351 best_batch 0.1953 declines 0/2 trained_batches 23
epoch 1 batch 24/100 accuracy 0.2109 loss 57.886372 best_batch 0.2109 declines 0/2 trained_batches 24
epoch 1 batch 25/100 accuracy 0.1797 loss 58.395523 best_batch 0.2109 declines 0/2 trained_batches 25
epoch 1 batch 25/100 samples 3200/12800 elapsed 37.4s
epoch 1 batch 26/100 accuracy 0.1953 loss 57.693455 best_batch 0.2109 declines 0/2 trained_batches 26
epoch 1 batch 27/100 accuracy 0.2266 loss 58.065754 best_batch 0.2266 declines 0/2 trained_batches 27
epoch 1 batch 28/100 accuracy 0.1875 loss 58.23362 best_batch 0.2266 declines 0/2 trained_batches 28
epoch 1 batch 29/100 accuracy 0.2656 loss 56.996071 best_batch 0.2656 declines 0/2 trained_batches 29
epoch 1 batch 30/100 accuracy 0.1719 loss 56.498478 best_batch 0.2656 declines 0/2 trained_batches 30
epoch 1 batch 31/100 accuracy 0.1641 loss 56.810925 best_batch 0.2656 declines 0/2 trained_batches 31
epoch 1 batch 32/100 accuracy 0.1484 loss 57.332653 best_batch 0.2656 declines 0/2 trained_batches 32
epoch 1 batch 33/100 accuracy 0.1562 loss 56.918678 best_batch 0.2656 declines 0/2 trained_batches 33
epoch 1 batch 34/100 accuracy 0.1328 loss 58.186432 best_batch 0.2656 declines 0/2 trained_batches 34
epoch 1 batch 35/100 accuracy 0.1484 loss 56.623173 best_batch 0.2656 declines 0/2 trained_batches 35
epoch 1 batch 36/100 accuracy 0.2266 loss 55.595417 best_batch 0.2656 declines 0/2 trained_batches 36
epoch 1 batch 37/100 accuracy 0.1562 loss 55.936829 best_batch 0.2656 declines 0/2 trained_batches 37
epoch 1 batch 38/100 accuracy 0.1562 loss 55.644829 best_batch 0.2656 declines 0/2 trained_batches 38
epoch 1 batch 39/100 accuracy 0.1094 loss 55.57333 best_batch 0.2656 declines 0/2 trained_batches 39
epoch 1 batch 40/100 accuracy 0.1719 loss 54.545845 best_batch 0.2656 declines 0/2 trained_batches 40
epoch 1 batch 41/100 accuracy 0.1797 loss 53.728107 best_batch 0.2656 declines 0/2 trained_batches 41
epoch 1 batch 42/100 accuracy 0.1406 loss 53.587776 best_batch 0.2656 declines 0/2 trained_batches 42
epoch 1 batch 43/100 accuracy 0.1953 loss 53.150341 best_batch 0.2656 declines 0/2 trained_batches 43
epoch 1 batch 44/100 accuracy 0.1484 loss 54.458359 best_batch 0.2656 declines 0/2 trained_batches 44
epoch 1 batch 45/100 accuracy 0.1406 loss 54.83741 best_batch 0.2656 declines 0/2 trained_batches 45
epoch 1 batch 46/100 accuracy 0.1562 loss 55.7131 best_batch 0.2656 declines 0/2 trained_batches 46
epoch 1 batch 47/100 accuracy 0.1641 loss 55.602783 best_batch 0.2656 declines 0/2 trained_batches 47
epoch 1 batch 48/100 accuracy 0.1719 loss 55.69582 best_batch 0.2656 declines 0/2 trained_batches 48
epoch 1 batch 49/100 accuracy 0.1406 loss 57.84539 best_batch 0.2656 declines 0/2 trained_batches 49
epoch 1 batch 50/100 accuracy 0.1484 loss 58.904213 best_batch 0.2656 declines 0/2 trained_batches 50
epoch 1 batch 50/100 samples 6400/12800 elapsed 61.6s
epoch 1 batch 51/100 accuracy 0.1484 loss 59.982204 best_batch 0.2656 declines 0/2 trained_batches 51
epoch 1 batch 52/100 accuracy 0.1172 loss 60.536865 best_batch 0.2656 declines 0/2 trained_batches 52
epoch 1 batch 53/100 accuracy 0.1797 loss 59.664623 best_batch 0.2656 declines 0/2 trained_batches 53
epoch 1 batch 54/100 accuracy 0.1797 loss 58.804813 best_batch 0.2656 declines 0/2 trained_batches 54
epoch 1 batch 55/100 accuracy 0.1875 loss 60.686775 best_batch 0.2656 declines 0/2 trained_batches 55
epoch 1 batch 56/100 accuracy 0.1797 loss 59.904888 best_batch 0.2656 declines 0/2 trained_batches 56
epoch 1 batch 57/100 accuracy 0.2109 loss 61.376831 best_batch 0.2656 declines 0/2 trained_batches 57
epoch 1 batch 58/100 accuracy 0.1484 loss 61.620121 best_batch 0.2656 declines 0/2 trained_batches 58
epoch 1 batch 59/100 accuracy 0.1562 loss 62.263714 best_batch 0.2656 declines 0/2 trained_batches 59
epoch 1 batch 60/100 accuracy 0.1875 loss 60.509632 best_batch 0.2656 declines 0/2 trained_batches 60
epoch 1 batch 61/100 accuracy 0.1641 loss 60.490395 best_batch 0.2656 declines 0/2 trained_batches 61
epoch 1 batch 62/100 accuracy 0.1719 loss 59.882801 best_batch 0.2656 declines 0/2 trained_batches 62
epoch 1 batch 63/100 accuracy 0.2109 loss 56.072647 best_batch 0.2656 declines 0/2 trained_batches 63
epoch 1 batch 64/100 accuracy 0.1797 loss 55.87199 best_batch 0.2656 declines 0/2 trained_batches 64
epoch 1 batch 65/100 accuracy 0.1562 loss 54.762554 best_batch 0.2656 declines 0/2 trained_batches 65
epoch 1 batch 66/100 accuracy 0.1953 loss 52.676945 best_batch 0.2656 declines 0/2 trained_batches 66
epoch 1 batch 67/100 accuracy 0.1562 loss 52.294895 best_batch 0.2656 declines 0/2 trained_batches 67
epoch 1 batch 68/100 accuracy 0.1641 loss 51.450829 best_batch 0.2656 declines 0/2 trained_batches 68
epoch 1 batch 69/100 accuracy 0.1719 loss 51.077553 best_batch 0.2656 declines 0/2 trained_batches 69
epoch 1 batch 70/100 accuracy 0.1875 loss 51.07951 best_batch 0.2656 declines 0/2 trained_batches 70
epoch 1 batch 71/100 accuracy 0.2031 loss 51.842823 best_batch 0.2656 declines 0/2 trained_batches 71
epoch 1 batch 72/100 accuracy 0.1641 loss 53.205761 best_batch 0.2656 declines 0/2 trained_batches 72
epoch 1 batch 73/100 accuracy 0.1797 loss 52.424515 best_batch 0.2656 declines 0/2 trained_batches 73
epoch 1 batch 74/100 accuracy 0.1562 loss 54.118755 best_batch 0.2656 declines 0/2 trained_batches 74
epoch 1 batch 75/100 accuracy 0.1719 loss 54.005325 best_batch 0.2656 declines 0/2 trained_batches 75
epoch 1 batch 75/100 samples 9600/12800 elapsed 87.9s
epoch 1 batch 76/100 accuracy 0.2031 loss 53.520245 best_batch 0.2656 declines 0/2 trained_batches 76
epoch 1 batch 77/100 accuracy 0.1484 loss 54.567753 best_batch 0.2656 declines 0/2 trained_batches 77
epoch 1 batch 78/100 accuracy 0.1562 loss 54.520741 best_batch 0.2656 declines 0/2 trained_batches 78
epoch 1 batch 79/100 accuracy 0.2266 loss 53.858017 best_batch 0.2656 declines 0/2 trained_batches 79
epoch 1 batch 80/100 accuracy 0.1797 loss 55.396587 best_batch 0.2656 declines 0/2 trained_batches 80
epoch 1 batch 81/100 accuracy 0.1875 loss 56.49094 best_batch 0.2656 declines 0/2 trained_batches 81
epoch 1 batch 82/100 accuracy 0.125 loss 57.023422 best_batch 0.2656 declines 0/2 trained_batches 82
epoch 1 batch 83/100 accuracy 0.1172 loss 58.697857 best_batch 0.2656 declines 0/2 trained_batches 83
epoch 1 batch 84/100 accuracy 0.1484 loss 57.036713 best_batch 0.2656 declines 0/2 trained_batches 84
epoch 1 batch 85/100 accuracy 0.1641 loss 57.700909 best_batch 0.2656 declines 0/2 trained_batches 85
epoch 1 batch 86/100 accuracy 0.1719 loss 57.476295 best_batch 0.2656 declines 0/2 trained_batches 86
epoch 1 batch 87/100 accuracy 0.1406 loss 58.127827 best_batch 0.2656 declines 0/2 trained_batches 87
epoch 1 batch 88/100 accuracy 0.2266 loss 55.656456 best_batch 0.2656 declines 0/2 trained_batches 88
epoch 1 batch 89/100 accuracy 0.1875 loss 57.036846 best_batch 0.2656 declines 0/2 trained_batches 89
epoch 1 batch 90/100 accuracy 0.1953 loss 57.12944 best_batch 0.2656 declines 0/2 trained_batches 90
epoch 1 batch 91/100 accuracy 0.1875 loss 57.723217 best_batch 0.2656 declines 0/2 trained_batches 91
epoch 1 batch 92/100 accuracy 0.2031 loss 57.053379 best_batch 0.2656 declines 0/2 trained_batches 92
epoch 1 batch 93/100 accuracy 0.1875 loss 56.925976 best_batch 0.2656 declines 0/2 trained_batches 93
epoch 1 batch 94/100 accuracy 0.1797 loss 58.02145 best_batch 0.2656 declines 0/2 trained_batches 94
epoch 1 batch 95/100 accuracy 0.1641 loss 57.959095 best_batch 0.2656 declines 0/2 trained_batches 95
epoch 1 batch 96/100 accuracy 0.1797 loss 57.831276 best_batch 0.2656 declines 0/2 trained_batches 96
epoch 1 batch 97/100 accuracy 0.1484 loss 55.605804 best_batch 0.2656 declines 0/2 trained_batches 97
epoch 1 batch 98/100 accuracy 0.1719 loss 54.37344 best_batch 0.2656 declines 0/2 trained_batches 98
epoch 1 batch 99/100 accuracy 0.1875 loss 54.087399 best_batch 0.2656 declines 0/2 trained_batches 99
epoch 1 batch 100/100 accuracy 0.1875 loss 53.175766 best_batch 0.2656 declines 0/2 trained_batches 100
epoch 1 batch 100/100 samples 12800/12800 elapsed 113.1s
epoch 1 training done in 113.056s
epoch 1 train-eval: evaluating 1000 samples
epoch 1 train accuracy 0.179 loss 53.983242
epoch 1 evaluating
epoch 1 test: evaluating 1000 samples
epoch 1 test accuracy 0.185 loss 54.085358 best 0.185
(timestamp = "2026-06-09T21:34:35", epoch = 1, seconds = 113.0560247, train_accuracy = 0.179, train_loss = 53.983242f0, test_accuracy = 0.185, test_loss = 54.085358f0, pred_counts = "679-0-106-0-135-0-0-0-0-80", w_norm = 0.6248806f0, b_norm = 0.044683754f0, w_input_norm = 1.7675815f0, grad_w_norm = 17.2937f0, grad_b_norm = 2.0429006f0, grad_w_input_norm = 4.9841866f0, effective_w_decay = 0.001f0, effective_w_input_decay = 0.001f0, symmetry_error = 0.0f0, grad_symmetry_error = 0.0f0, best_accuracy = 0.185, best_path = "ext\\IsingLearning\\experiments\\MNIST\\baseline_new_nudge\\experiments\\current\\symmetric_nudge_target_weight_grid_v2_20260609\\b0p010_lr0p0005_T0p00005_wd0p001_step0p5_pos9p0_neg0p25_priortrue_adaptivefalse\\best_checkpoint.bin", final_path = "")
epoch 2 training
epoch 2 batch 1/100 accuracy 0.2188 loss 52.799946 best_batch 0.2656 declines 0/2 trained_batches 101
epoch 2 batch 1/100 samples 128/12800 elapsed 1.0s
epoch 2 batch 2/100 accuracy 0.1562 loss 54.041523 best_batch 0.2656 declines 0/2 trained_batches 102
epoch 2 batch 3/100 accuracy 0.1641 loss 53.619179 best_batch 0.2656 declines 0/2 trained_batches 103
epoch 2 batch 4/100 accuracy 0.1875 loss 52.588768 best_batch 0.2656 declines 0/2 trained_batches 104
epoch 2 batch 5/100 accuracy 0.1719 loss 54.069191 best_batch 0.2656 declines 0/2 trained_batches 105
epoch 2 batch 6/100 accuracy 0.1641 loss 53.916546 best_batch 0.2656 declines 0/2 trained_batches 106
epoch 2 batch 7/100 accuracy 0.1797 loss 53.684784 best_batch 0.2656 declines 0/2 trained_batches 107
epoch 2 batch 8/100 accuracy 0.2266 loss 52.966999 best_batch 0.2656 declines 0/2 trained_batches 108
epoch 2 batch 9/100 accuracy 0.1719 loss 54.75415 best_batch 0.2656 declines 0/2 trained_batches 109
epoch 2 batch 10/100 accuracy 0.1953 loss 53.761608 best_batch 0.2656 declines 0/2 trained_batches 110
epoch 2 batch 11/100 accuracy 0.1719 loss 55.078266 best_batch 0.2656 declines 0/2 trained_batches 111
epoch 2 batch 12/100 accuracy 0.2031 loss 53.747822 best_batch 0.2656 declines 0/2 trained_batches 112
epoch 2 batch 13/100 accuracy 0.1953 loss 55.241081 best_batch 0.2656 declines 0/2 trained_batches 113
epoch 2 batch 14/100 accuracy 0.1875 loss 55.038956 best_batch 0.2656 declines 0/2 trained_batches 114
epoch 2 batch 15/100 accuracy 0.2109 loss 56.52655 best_batch 0.2656 declines 0/2 trained_batches 115
epoch 2 batch 16/100 accuracy 0.2109 loss 57.292023 best_batch 0.2656 declines 0/2 trained_batches 116
epoch 2 batch 17/100 accuracy 0.2266 loss 57.360413 best_batch 0.2656 declines 0/2 trained_batches 117
epoch 2 batch 18/100 accuracy 0.2109 loss 58.019714 best_batch 0.2656 declines 0/2 trained_batches 118
epoch 2 batch 19/100 accuracy 0.1641 loss 59.054317 best_batch 0.2656 declines 0/2 trained_batches 119
epoch 2 batch 20/100 accuracy 0.1719 loss 59.087879 best_batch 0.2656 declines 0/2 trained_batches 120
epoch 2 batch 21/100 accuracy 0.1875 loss 59.294624 best_batch 0.2656 declines 0/2 trained_batches 121
epoch 2 batch 22/100 accuracy 0.2031 loss 58.956604 best_batch 0.2656 declines 0/2 trained_batches 122
epoch 2 batch 23/100 accuracy 0.2109 loss 58.340179 best_batch 0.2656 declines 0/2 trained_batches 123
epoch 2 batch 24/100 accuracy 0.1562 loss 56.956539 best_batch 0.2656 declines 0/2 trained_batches 124
epoch 2 batch 25/100 accuracy 0.1406 loss 56.997555 best_batch 0.2656 declines 0/2 trained_batches 125
epoch 2 batch 25/100 samples 3200/12800 elapsed 26.0s
epoch 2 batch 26/100 accuracy 0.1719 loss 56.843208 best_batch 0.2656 declines 0/2 trained_batches 126
epoch 2 batch 27/100 accuracy 0.1484 loss 58.206245 best_batch 0.2656 declines 0/2 trained_batches 127
epoch 2 batch 28/100 accuracy 0.1797 loss 58.397575 best_batch 0.2656 declines 0/2 trained_batches 128
epoch 2 batch 29/100 accuracy 0.1328 loss 59.377968 best_batch 0.2656 declines 0/2 trained_batches 129
epoch 2 batch 30/100 accuracy 0.1875 loss 59.054482 best_batch 0.2656 declines 0/2 trained_batches 130
epoch 2 batch 31/100 accuracy 0.2266 loss 57.845596 best_batch 0.2656 declines 0/2 trained_batches 131
epoch 2 batch 32/100 accuracy 0.2109 loss 58.773643 best_batch 0.2656 declines 0/2 trained_batches 132
epoch 2 batch 33/100 accuracy 0.1562 loss 58.152954 best_batch 0.2656 declines 0/2 trained_batches 133
epoch 2 batch 34/100 accuracy 0.25 loss 58.628578 best_batch 0.2656 declines 0/2 trained_batches 134
epoch 2 batch 35/100 accuracy 0.1719 loss 58.974319 best_batch 0.2656 declines 0/2 trained_batches 135
epoch 2 batch 36/100 accuracy 0.2344 loss 58.672249 best_batch 0.2656 declines 0/2 trained_batches 136
epoch 2 batch 37/100 accuracy 0.1797 loss 58.333759 best_batch 0.2656 declines 0/2 trained_batches 137
epoch 2 batch 38/100 accuracy 0.1953 loss 58.627785 best_batch 0.2656 declines 0/2 trained_batches 138
epoch 2 batch 39/100 accuracy 0.1875 loss 57.013763 best_batch 0.2656 declines 0/2 trained_batches 139
epoch 2 batch 40/100 accuracy 0.1406 loss 58.616085 best_batch 0.2656 declines 0/2 trained_batches 140
epoch 2 batch 41/100 accuracy 0.1797 loss 57.421379 best_batch 0.2656 declines 0/2 trained_batches 141
epoch 2 batch 42/100 accuracy 0.25 loss 55.906174 best_batch 0.2656 declines 0/2 trained_batches 142
epoch 2 batch 43/100 accuracy 0.1875 loss 55.764469 best_batch 0.2656 declines 0/2 trained_batches 143
epoch 2 batch 44/100 accuracy 0.2188 loss 55.202965 best_batch 0.2656 declines 0/2 trained_batches 144
epoch 2 batch 45/100 accuracy 0.1562 loss 56.470509 best_batch 0.2656 declines 0/2 trained_batches 145
epoch 2 batch 46/100 accuracy 0.2031 loss 55.481339 best_batch 0.2656 declines 0/2 trained_batches 146
epoch 2 batch 47/100 accuracy 0.2031 loss 55.028599 best_batch 0.2656 declines 0/2 trained_batches 147
epoch 2 batch 48/100 accuracy 0.1719 loss 56.043076 best_batch 0.2656 declines 0/2 trained_batches 148
epoch 2 batch 49/100 accuracy 0.2266 loss 55.058426 best_batch 0.2656 declines 0/2 trained_batches 149
epoch 2 batch 50/100 accuracy 0.2578 loss 56.048698 best_batch 0.2656 declines 0/2 trained_batches 150
epoch 2 batch 50/100 samples 6400/12800 elapsed 50.5s
epoch 2 batch 51/100 accuracy 0.1953 loss 56.25713 best_batch 0.2656 declines 0/2 trained_batches 151
epoch 2 batch 52/100 accuracy 0.2109 loss 56.41082 best_batch 0.2656 declines 0/2 trained_batches 152
epoch 2 batch 53/100 accuracy 0.1562 loss 58.58432 best_batch 0.2656 declines 0/2 trained_batches 153
epoch 2 batch 54/100 accuracy 0.1484 loss 58.731045 best_batch 0.2656 declines 0/2 trained_batches 154
epoch 2 batch 55/100 accuracy 0.1094 loss 60.491077 best_batch 0.2656 declines 0/2 trained_batches 155
epoch 2 batch 56/100 accuracy 0.1484 loss 59.990524 best_batch 0.2656 declines 0/2 trained_batches 156
epoch 2 batch 57/100 accuracy 0.1641 loss 59.415424 best_batch 0.2656 declines 0/2 trained_batches 157
epoch 2 batch 58/100 accuracy 0.1406 loss 60.890308 best_batch 0.2656 declines 0/2 trained_batches 158
epoch 2 batch 59/100 accuracy 0.1562 loss 60.16 best_batch 0.2656 declines 0/2 trained_batches 159
epoch 2 batch 60/100 accuracy 0.1406 loss 58.173096 best_batch 0.2656 declines 0/2 trained_batches 160
epoch 2 batch 61/100 accuracy 0.2109 loss 58.094841 best_batch 0.2656 declines 0/2 trained_batches 161
epoch 2 batch 62/100 accuracy 0.1172 loss 58.662792 best_batch 0.2656 declines 0/2 trained_batches 162
epoch 2 batch 63/100 accuracy 0.1953 loss 58.49004 best_batch 0.2656 declines 0/2 trained_batches 163
epoch 2 batch 64/100 accuracy 0.2422 loss 57.301708 best_batch 0.2656 declines 0/2 trained_batches 164
epoch 2 batch 65/100 accuracy 0.1797 loss 58.607597 best_batch 0.2656 declines 0/2 trained_batches 165
epoch 2 batch 66/100 accuracy 0.1641 loss 58.952736 best_batch 0.2656 declines 0/2 trained_batches 166
epoch 2 batch 67/100 accuracy 0.1562 loss 58.518719 best_batch 0.2656 declines 0/2 trained_batches 167
epoch 2 batch 68/100 accuracy 0.1719 loss 59.035809 best_batch 0.2656 declines 0/2 trained_batches 168
epoch 2 batch 69/100 accuracy 0.1719 loss 58.854649 best_batch 0.2656 declines 0/2 trained_batches 169
epoch 2 batch 70/100 accuracy 0.1953 loss 59.550205 best_batch 0.2656 declines 0/2 trained_batches 170
epoch 2 batch 71/100 accuracy 0.1719 loss 58.834564 best_batch 0.2656 declines 0/2 trained_batches 171
epoch 2 batch 72/100 accuracy 0.1562 loss 57.660748 best_batch 0.2656 declines 0/2 trained_batches 172
epoch 2 batch 73/100 accuracy 0.1094 loss 58.574966 best_batch 0.2656 declines 0/2 trained_batches 173
epoch 2 batch 74/100 accuracy 0.1641 loss 56.37484 best_batch 0.2656 declines 0/2 trained_batches 174
epoch 2 batch 75/100 accuracy 0.1094 loss 56.80154 best_batch 0.2656 declines 0/2 trained_batches 175
epoch 2 batch 75/100 samples 9600/12800 elapsed 76.8s
epoch 2 batch 76/100 accuracy 0.1562 loss 54.961231 best_batch 0.2656 declines 0/2 trained_batches 176
epoch 2 batch 77/100 accuracy 0.2188 loss 52.408016 best_batch 0.2656 declines 0/2 trained_batches 177
epoch 2 batch 78/100 accuracy 0.1641 loss 55.252991 best_batch 0.2656 declines 0/2 trained_batches 178
epoch 2 batch 79/100 accuracy 0.2266 loss 52.935703 best_batch 0.2656 declines 0/2 trained_batches 179
epoch 2 batch 80/100 accuracy 0.2266 loss 52.728008 best_batch 0.2656 declines 0/2 trained_batches 180
epoch 2 batch 81/100 accuracy 0.1797 loss 52.774734 best_batch 0.2656 declines 0/2 trained_batches 181
epoch 2 batch 82/100 accuracy 0.1797 loss 51.582478 best_batch 0.2656 declines 0/2 trained_batches 182
epoch 2 batch 83/100 accuracy 0.1875 loss 51.256256 best_batch 0.2656 declines 0/2 trained_batches 183
epoch 2 batch 84/100 accuracy 0.125 loss 51.15247 best_batch 0.2656 declines 0/2 trained_batches 184
epoch 2 batch 85/100 accuracy 0.2031 loss 50.598812 best_batch 0.2656 declines 0/2 trained_batches 185
epoch 2 batch 86/100 accuracy 0.2188 loss 49.820824 best_batch 0.2656 declines 0/2 trained_batches 186
epoch 2 batch 87/100 accuracy 0.1562 loss 51.14595 best_batch 0.2656 declines 0/2 trained_batches 187
epoch 2 batch 88/100 accuracy 0.1953 loss 50.450043 best_batch 0.2656 declines 0/2 trained_batches 188
epoch 2 batch 89/100 accuracy 0.1719 loss 51.784294 best_batch 0.2656 declines 0/2 trained_batches 189
epoch 2 batch 90/100 accuracy 0.1641 loss 52.427994 best_batch 0.2656 declines 0/2 trained_batches 190
epoch 2 batch 91/100 accuracy 0.1953 loss 52.418316 best_batch 0.2656 declines 0/2 trained_batches 191
epoch 2 batch 92/100 accuracy 0.1328 loss 54.129627 best_batch 0.2656 declines 0/2 trained_batches 192
epoch 2 batch 93/100 accuracy 0.1484 loss 54.314106 best_batch 0.2656 declines 0/2 trained_batches 193
epoch 2 batch 94/100 accuracy 0.1172 loss 54.958237 best_batch 0.2656 declines 0/2 trained_batches 194
epoch 2 batch 95/100 accuracy 0.2266 loss 53.229599 best_batch 0.2656 declines 0/2 trained_batches 195
epoch 2 batch 96/100 accuracy 0.1953 loss 54.984131 best_batch 0.2656 declines 0/2 trained_batches 196
epoch 2 batch 97/100 accuracy 0.1797 loss 55.460361 best_batch 0.2656 declines 0/2 trained_batches 197
epoch 2 batch 98/100 accuracy 0.1719 loss 55.213673 best_batch 0.2656 declines 0/2 trained_batches 198
epoch 2 batch 99/100 accuracy 0.2031 loss 55.118752 best_batch 0.2656 declines 0/2 trained_batches 199
epoch 2 batch 100/100 accuracy 0.1562 loss 54.403664 best_batch 0.2656 declines 0/2 trained_batches 200
epoch 2 batch 100/100 samples 12800/12800 elapsed 103.3s
epoch 2 training done in 103.291s
epoch 2 train-eval: evaluating 1000 samples
epoch 2 train accuracy 0.182 loss 54.782993
epoch 2 evaluating
epoch 2 test: evaluating 1000 samples
epoch 2 test accuracy 0.202 loss 54.504337 best 0.202
(timestamp = "2026-06-09T21:36:21", epoch = 2, seconds = 103.2911231, train_accuracy = 0.182, train_loss = 54.782993f0, test_accuracy = 0.202, test_loss = 54.504337f0, pred_counts = "617-0-165-0-137-0-0-0-0-81", w_norm = 0.67806894f0, b_norm = 0.052713968f0, w_input_norm = 2.0548325f0, grad_w_norm = 9.689346f0, grad_b_norm = 1.3587703f0, grad_w_input_norm = 10.342831f0, effective_w_decay = 0.001f0, effective_w_input_decay = 0.001f0, symmetry_error = 0.0f0, grad_symmetry_error = 0.0f0, best_accuracy = 0.202, best_path = "ext\\IsingLearning\\experiments\\MNIST\\baseline_new_nudge\\experiments\\current\\symmetric_nudge_target_weight_grid_v2_20260609\\b0p010_lr0p0005_T0p00005_wd0p001_step0p5_pos9p0_neg0p25_priortrue_adaptivefalse\\best_checkpoint.bin", final_path = "")
epoch 3 training
epoch 3 batch 1/100 accuracy 0.2031 loss 53.764359 best_batch 0.2656 declines 0/2 trained_batches 201
epoch 3 batch 1/100 samples 128/12800 elapsed 1.1s
epoch 3 batch 2/100 accuracy 0.1875 loss 54.983059 best_batch 0.2656 declines 0/2 trained_batches 202
epoch 3 batch 3/100 accuracy 0.2656 loss 51.141869 best_batch 0.2656 declines 0/2 trained_batches 203
epoch 3 batch 4/100 accuracy 0.125 loss 53.025528 best_batch 0.2656 declines 0/2 trained_batches 204
epoch 3 batch 5/100 accuracy 0.2109 loss 51.989124 best_batch 0.2656 declines 0/2 trained_batches 205
epoch 3 batch 6/100 accuracy 0.2266 loss 52.420181 best_batch 0.2656 declines 0/2 trained_batches 206
epoch 3 batch 7/100 accuracy 0.2109 loss 51.063454 best_batch 0.2656 declines 0/2 trained_batches 207
epoch 3 batch 8/100 accuracy 0.2031 loss 51.550365 best_batch 0.2656 declines 0/2 trained_batches 208
epoch 3 batch 9/100 accuracy 0.2109 loss 50.981949 best_batch 0.2656 declines 0/2 trained_batches 209
epoch 3 batch 10/100 accuracy 0.1797 loss 51.261688 best_batch 0.2656 declines 0/2 trained_batches 210
epoch 3 batch 11/100 accuracy 0.1406 loss 51.837467 best_batch 0.2656 declines 0/2 trained_batches 211
epoch 3 batch 12/100 accuracy 0.2422 loss 49.364853 best_batch 0.2656 declines 0/2 trained_batches 212
epoch 3 batch 13/100 accuracy 0.2266 loss 48.739067 best_batch 0.2656 declines 0/2 trained_batches 213
epoch 3 batch 14/100 accuracy 0.2344 loss 48.383102 best_batch 0.2656 declines 0/2 trained_batches 214
epoch 3 batch 15/100 accuracy 0.1484 loss 48.426956 best_batch 0.2656 declines 0/2 trained_batches 215
epoch 3 batch 16/100 accuracy 0.25 loss 47.317417 best_batch 0.2656 declines 0/2 trained_batches 216
epoch 3 batch 17/100 accuracy 0.1953 loss 47.89716 best_batch 0.2656 declines 0/2 trained_batches 217
epoch 3 batch 18/100 accuracy 0.1875 loss 50.143517 best_batch 0.2656 declines 0/2 trained_batches 218
epoch 3 batch 19/100 accuracy 0.1484 loss 49.435299 best_batch 0.2656 declines 0/2 trained_batches 219
epoch 3 batch 20/100 accuracy 0.1641 loss 50.632996 best_batch 0.2656 declines 0/2 trained_batches 220
epoch 3 batch 21/100 accuracy 0.1719 loss 49.409428 best_batch 0.2656 declines 0/2 trained_batches 221
epoch 3 batch 22/100 accuracy 0.25 loss 48.529884 best_batch 0.2656 declines 0/2 trained_batches 222
epoch 3 batch 23/100 accuracy 0.1328 loss 51.244251 best_batch 0.2656 declines 0/2 trained_batches 223
epoch 3 batch 24/100 accuracy 0.1562 loss 50.301849 best_batch 0.2656 declines 0/2 trained_batches 224
epoch 3 batch 25/100 accuracy 0.1797 loss 50.067493 best_batch 0.2656 declines 0/2 trained_batches 225
epoch 3 batch 25/100 samples 3200/12800 elapsed 25.6s
epoch 3 batch 26/100 accuracy 0.1953 loss 50.427094 best_batch 0.2656 declines 0/2 trained_batches 226
epoch 3 batch 27/100 accuracy 0.1875 loss 50.103924 best_batch 0.2656 declines 0/2 trained_batches 227
epoch 3 batch 28/100 accuracy 0.2656 loss 49.215359 best_batch 0.2656 declines 0/2 trained_batches 228
epoch 3 batch 29/100 accuracy 0.1719 loss 50.643646 best_batch 0.2656 declines 0/2 trained_batches 229
epoch 3 batch 30/100 accuracy 0.1562 loss 50.714283 best_batch 0.2656 declines 0/2 trained_batches 230
epoch 3 batch 31/100 accuracy 0.125 loss 50.164135 best_batch 0.2656 declines 0/2 trained_batches 231
epoch 3 batch 32/100 accuracy 0.1719 loss 50.335766 best_batch 0.2656 declines 0/2 trained_batches 232
epoch 3 batch 33/100 accuracy 0.1875 loss 49.466652 best_batch 0.2656 declines 0/2 trained_batches 233
epoch 3 batch 34/100 accuracy 0.1953 loss 49.49366 best_batch 0.2656 declines 0/2 trained_batches 234
epoch 3 batch 35/100 accuracy 0.2578 loss 49.137901 best_batch 0.2656 declines 0/2 trained_batches 235
epoch 3 batch 36/100 accuracy 0.1797 loss 48.707088 best_batch 0.2656 declines 0/2 trained_batches 236
epoch 3 batch 37/100 accuracy 0.1797 loss 49.900196 best_batch 0.2656 declines 0/2 trained_batches 237
epoch 3 batch 38/100 accuracy 0.1719 loss 49.357666 best_batch 0.2656 declines 0/2 trained_batches 238
epoch 3 batch 39/100 accuracy 0.1094 loss 50.035667 best_batch 0.2656 declines 0/2 trained_batches 239
epoch 3 batch 40/100 accuracy 0.1719 loss 48.682819 best_batch 0.2656 declines 0/2 trained_batches 240
epoch 3 batch 41/100 accuracy 0.1406 loss 50.203373 best_batch 0.2656 declines 0/2 trained_batches 241
epoch 3 batch 42/100 accuracy 0.1719 loss 50.24601 best_batch 0.2656 declines 0/2 trained_batches 242
epoch 3 batch 43/100 accuracy 0.2188 loss 48.855957 best_batch 0.2656 declines 0/2 trained_batches 243
epoch 3 batch 44/100 accuracy 0.1953 loss 48.365757 best_batch 0.2656 declines 0/2 trained_batches 244
epoch 3 batch 45/100 accuracy 0.2344 loss 48.43642 best_batch 0.2656 declines 0/2 trained_batches 245
epoch 3 batch 46/100 accuracy 0.1484 loss 48.004097 best_batch 0.2656 declines 0/2 trained_batches 246
epoch 3 batch 47/100 accuracy 0.1641 loss 47.644009 best_batch 0.2656 declines 0/2 trained_batches 247
epoch 3 batch 48/100 accuracy 0.2109 loss 46.623192 best_batch 0.2656 declines 0/2 trained_batches 248
epoch 3 batch 49/100 accuracy 0.2344 loss 46.432995 best_batch 0.2656 declines 0/2 trained_batches 249
epoch 3 batch 50/100 accuracy 0.1953 loss 45.808594 best_batch 0.2656 declines 0/2 trained_batches 250
epoch 3 batch 50/100 samples 6400/12800 elapsed 52.4s
epoch 3 batch 51/100 accuracy 0.2188 loss 47.108093 best_batch 0.2656 declines 0/2 trained_batches 251
epoch 3 batch 52/100 accuracy 0.1719 loss 48.554714 best_batch 0.2656 declines 0/2 trained_batches 252
epoch 3 batch 53/100 accuracy 0.2344 loss 48.820423 best_batch 0.2656 declines 0/2 trained_batches 253
epoch 3 batch 54/100 accuracy 0.1328 loss 50.455864 best_batch 0.2656 declines 0/2 trained_batches 254
epoch 3 batch 55/100 accuracy 0.1406 loss 50.085751 best_batch 0.2656 declines 0/2 trained_batches 255
epoch 3 batch 56/100 accuracy 0.0938 loss 50.711658 best_batch 0.2656 declines 0/2 trained_batches 256
epoch 3 batch 57/100 accuracy 0.2109 loss 49.698898 best_batch 0.2656 declines 0/2 trained_batches 257
epoch 3 batch 58/100 accuracy 0.1719 loss 50.397881 best_batch 0.2656 declines 0/2 trained_batches 258
epoch 3 batch 59/100 accuracy 0.1328 loss 51.904816 best_batch 0.2656 declines 0/2 trained_batches 259
epoch 3 batch 60/100 accuracy 0.1641 loss 50.079205 best_batch 0.2656 declines 0/2 trained_batches 260
epoch 3 batch 61/100 accuracy 0.1641 loss 51.085125 best_batch 0.2656 declines 0/2 trained_batches 261
epoch 3 batch 62/100 accuracy 0.2031 loss 50.066551 best_batch 0.2656 declines 0/2 trained_batches 262
epoch 3 batch 63/100 accuracy 0.1875 loss 50.51825 best_batch 0.2656 declines 0/2 trained_batches 263
epoch 3 batch 64/100 accuracy 0.2109 loss 50.756145 best_batch 0.2656 declines 0/2 trained_batches 264
epoch 3 batch 65/100 accuracy 0.2266 loss 50.206684 best_batch 0.2656 declines 0/2 trained_batches 265
epoch 3 batch 66/100 accuracy 0.1875 loss 49.111778 best_batch 0.2656 declines 0/2 trained_batches 266
epoch 3 batch 67/100 accuracy 0.1719 loss 49.658211 best_batch 0.2656 declines 0/2 trained_batches 267
epoch 3 batch 68/100 accuracy 0.1406 loss 49.766212 best_batch 0.2656 declines 0/2 trained_batches 268
epoch 3 batch 69/100 accuracy 0.1328 loss 50.575634 best_batch 0.2656 declines 0/2 trained_batches 269
epoch 3 batch 70/100 accuracy 0.1172 loss 51.536366 best_batch 0.2656 declines 0/2 trained_batches 270
epoch 3 batch 71/100 accuracy 0.1562 loss 49.196217 best_batch 0.2656 declines 0/2 trained_batches 271
epoch 3 batch 72/100 accuracy 0.1641 loss 49.210434 best_batch 0.2656 declines 0/2 trained_batches 272
epoch 3 batch 73/100 accuracy 0.1641 loss 49.403625 best_batch 0.2656 declines 0/2 trained_batches 273
epoch 3 batch 74/100 accuracy 0.1953 loss 48.758389 best_batch 0.2656 declines 0/2 trained_batches 274
epoch 3 batch 75/100 accuracy 0.1172 loss 51.098736 best_batch 0.2656 declines 0/2 trained_batches 275
epoch 3 batch 75/100 samples 9600/12800 elapsed 79.4s
epoch 3 batch 76/100 accuracy 0.1562 loss 50.500252 best_batch 0.2656 declines 0/2 trained_batches 276
epoch 3 batch 77/100 accuracy 0.1797 loss 50.110748 best_batch 0.2656 declines 0/2 trained_batches 277
epoch 3 batch 78/100 accuracy 0.1641 loss 50.093388 best_batch 0.2656 declines 0/2 trained_batches 278
epoch 3 batch 79/100 accuracy 0.1406 loss 50.991196 best_batch 0.2656 declines 0/2 trained_batches 279
epoch 3 batch 80/100 accuracy 0.2266 loss 49.900799 best_batch 0.2656 declines 0/2 trained_batches 280
epoch 3 batch 81/100 accuracy 0.1641 loss 52.338554 best_batch 0.2656 declines 0/2 trained_batches 281
epoch 3 batch 82/100 accuracy 0.1875 loss 50.85569 best_batch 0.2656 declines 0/2 trained_batches 282
epoch 3 batch 83/100 accuracy 0.1641 loss 53.132198 best_batch 0.2656 declines 0/2 trained_batches 283
epoch 3 batch 84/100 accuracy 0.1875 loss 50.657001 best_batch 0.2656 declines 0/2 trained_batches 284
epoch 3 batch 85/100 accuracy 0.1953 loss 50.621174 best_batch 0.2656 declines 0/2 trained_batches 285
epoch 3 batch 86/100 accuracy 0.1562 loss 52.150219 best_batch 0.2656 declines 0/2 trained_batches 286
epoch 3 batch 87/100 accuracy 0.2031 loss 49.854126 best_batch 0.2656 declines 0/2 trained_batches 287
epoch 3 batch 88/100 accuracy 0.2578 loss 47.845169 best_batch 0.2656 declines 0/2 trained_batches 288
epoch 3 batch 89/100 accuracy 0.2031 loss 48.204445 best_batch 0.2656 declines 0/2 trained_batches 289
epoch 3 batch 90/100 accuracy 0.1484 loss 49.46587 best_batch 0.2656 declines 0/2 trained_batches 290
epoch 3 batch 91/100 accuracy 0.1562 loss 49.508511 best_batch 0.2656 declines 0/2 trained_batches 291
epoch 3 batch 92/100 accuracy 0.1328 loss 48.186989 best_batch 0.2656 declines 0/2 trained_batches 292
epoch 3 batch 93/100 accuracy 0.2109 loss 47.076855 best_batch 0.2656 declines 0/2 trained_batches 293
epoch 3 batch 94/100 accuracy 0.1484 loss 49.622593 best_batch 0.2656 declines 0/2 trained_batches 294
epoch 3 batch 95/100 accuracy 0.1641 loss 48.996658 best_batch 0.2656 declines 0/2 trained_batches 295
epoch 3 batch 96/100 accuracy 0.2109 loss 48.187889 best_batch 0.2656 declines 0/2 trained_batches 296
epoch 3 batch 97/100 accuracy 0.2031 loss 48.938881 best_batch 0.2656 declines 0/2 trained_batches 297
epoch 3 batch 98/100 accuracy 0.1875 loss 49.023121 best_batch 0.2656 declines 0/2 trained_batches 298
epoch 3 batch 99/100 accuracy 0.1953 loss 47.728222 best_batch 0.2656 declines 0/2 trained_batches 299
epoch 3 batch 100/100 accuracy 0.1719 loss 49.559364 best_batch 0.2656 declines 1/2 trained_batches 300
epoch 3 batch 100/100 samples 12800/12800 elapsed 103.9s
epoch 3 training done in 103.892s
epoch 3 train-eval: evaluating 1000 samples
epoch 3 train accuracy 0.183 loss 49.288952
epoch 3 evaluating
epoch 3 test: evaluating 1000 samples
epoch 3 test accuracy 0.198 loss 49.156467 best 0.202
(timestamp = "2026-06-09T21:38:08", epoch = 3, seconds = 103.8915956, train_accuracy = 0.183, train_loss = 49.28895f0, test_accuracy = 0.198, test_loss = 49.156467f0, pred_counts = "719-0-94-0-0-0-0-0-0-187", w_norm = 0.75116307f0, b_norm = 0.06135253f0, w_input_norm = 2.3156264f0, grad_w_norm = 7.5982833f0, grad_b_norm = 1.137057f0, grad_w_input_norm = 7.4417925f0, effective_w_decay = 0.001f0, effective_w_input_decay = 0.001f0, symmetry_error = 0.0f0, grad_symmetry_error = 0.0f0, best_accuracy = 0.202, best_path = "ext\\IsingLearning\\experiments\\MNIST\\baseline_new_nudge\\experiments\\current\\symmetric_nudge_target_weight_grid_v2_20260609\\b0p010_lr0p0005_T0p00005_wd0p001_step0p5_pos9p0_neg0p25_priortrue_adaptivefalse\\best_checkpoint.bin", final_path = "")
epoch 4 training
epoch 4 batch 1/100 accuracy 0.1719 loss 49.228355 best_batch 0.2656 declines 0/2 trained_batches 301
epoch 4 batch 1/100 samples 128/12800 elapsed 1.1s
epoch 4 batch 2/100 accuracy 0.1641 loss 48.504601 best_batch 0.2656 declines 1/2 trained_batches 302
epoch 4 batch 3/100 accuracy 0.2344 loss 48.346886 best_batch 0.2656 declines 0/2 trained_batches 303
epoch 4 batch 4/100 accuracy 0.2031 loss 49.439426 best_batch 0.2656 declines 1/2 trained_batches 304
epoch 4 batch 5/100 accuracy 0.1875 loss 49.268017 best_batch 0.2656 declines 2/2 trained_batches 305
epoch 4 early stop: batch accuracy declined for 2 consecutive batches
epoch 4 training done in 5.154s
epoch 4 train-eval: evaluating 1000 samples
epoch 4 train accuracy 0.173 loss 49.429005
epoch 4 evaluating
epoch 4 test: evaluating 1000 samples
epoch 4 test accuracy 0.186 loss 49.302345 best 0.202
epoch 4 early stop: test accuracy declined for 2 consecutive evaluated epochs
(timestamp = "2026-06-09T21:38:17", epoch = 4, seconds = 5.1543497, train_accuracy = 0.173, train_loss = 49.429005f0, test_accuracy = 0.186, test_loss = 49.302345f0, pred_counts = "741-0-118-0-0-0-0-0-0-141", w_norm = 0.75333905f0, b_norm = 0.061390318f0, w_input_norm = 2.3260083f0, grad_w_norm = 8.307397f0, grad_b_norm = 1.016044f0, grad_w_input_norm = 4.0283833f0, effective_w_decay = 0.001f0, effective_w_input_decay = 0.001f0, symmetry_error = 0.0f0, grad_symmetry_error = 0.0f0, best_accuracy = 0.202, best_path = "ext\\IsingLearning\\experiments\\MNIST\\baseline_new_nudge\\experiments\\current\\symmetric_nudge_target_weight_grid_v2_20260609\\b0p010_lr0p0005_T0p00005_wd0p001_step0p5_pos9p0_neg0p25_priortrue_adaptivefalse\\best_checkpoint.bin", final_path = "")
saved MNIST 784-120-40 softplus-margin nudge baseline in ext\IsingLearning\experiments\MNIST\baseline_new_nudge\experiments\current\symmetric_nudge_target_weight_grid_v2_20260609\b0p010_lr0p0005_T0p00005_wd0p001_step0p5_pos9p0_neg0p25_priortrue_adaptivefalse
