[2026-05-27T16:04:04] monitor started pid=323192 poll_s=15
[2026-05-27T16:04:04] running no-output-yet
[2026-05-27T16:04:19] running stdout="["
[2026-05-27T16:04:34] running stdout="["
[2026-05-27T16:04:49] running stdout="loading training split"
[2026-05-27T16:05:04] running stdout="constructing 32-worker Adam manager"
[2026-05-27T16:05:19] running epoch=14 stdout="epoch 16 training"
[2026-05-27T16:11:35] running epoch=16 stdout="epoch 17 training"
[2026-05-27T16:17:50] running epoch=17 stdout="epoch 18 training"
[2026-05-27T16:24:06] running epoch=18 stdout="epoch 19 training"
[2026-05-27T16:30:06] running epoch=19 stdout="epoch 20 training"
[2026-05-27T16:37:07] running epoch=19 stdout="epoch 20 evaluating"
[2026-05-27T16:44:22] new_eval epoch=20 test_accuracy=0.7165919282511211 test_loss=8.456224
[2026-05-27T16:44:37] running last_eval_epoch=20 test_accuracy=0.7165919282511211 stdout="epoch 21 training"
[2026-05-27T16:50:38] running epoch=21 stdout="epoch 22 training"
[2026-05-27T16:56:53] running epoch=22 stdout="epoch 23 training"
[2026-05-27T17:03:08] running epoch=23 stdout="epoch 24 training"
[2026-05-27T17:09:09] running epoch=24 stdout="epoch 25 training"
[2026-05-27T17:16:09] running epoch=24 stdout="epoch 25 evaluating"
[2026-05-27T17:23:24] new_eval epoch=25 test_accuracy=0.39899103139013453 test_loss=18.775
[2026-05-27T17:23:39] running last_eval_epoch=25 test_accuracy=0.39899103139013453 stdout="epoch 26 training"
[2026-05-27T17:29:25] running epoch=26 stdout="epoch 27 training"
[2026-05-27T17:35:25] running epoch=27 stdout="epoch 28 training"
[2026-05-27T17:41:40] running epoch=28 stdout="epoch 29 training"
[2026-05-27T17:47:41] running epoch=29 stdout="epoch 30 training"
[2026-05-27T17:54:41] running epoch=29 stdout="epoch 30 evaluating"
[2026-05-27T18:01:57] new_eval epoch=30 test_accuracy=0.1132286995515695 test_loss=27.376957
[2026-05-27T18:02:12] running last_eval_epoch=30 test_accuracy=0.1132286995515695 stdout="epoch 31 training"
[2026-05-27T18:07:57] running epoch=31 stdout="epoch 32 training"
[2026-05-27T18:13:57] running epoch=32 stdout="epoch 33 training"
[2026-05-27T18:20:13] running epoch=33 stdout="epoch 34 training"
[2026-05-27T18:26:13] running epoch=34 stdout="epoch 35 training"
[2026-05-27T18:32:58] running epoch=34 stdout="epoch 35 evaluating"
[2026-05-27T18:40:14] new_eval epoch=35 test_accuracy=0.1 test_loss=27.902044
[2026-05-27T18:40:29] running last_eval_epoch=35 test_accuracy=0.1 stdout="epoch 36 training"
[2026-05-27T18:46:14] running epoch=36 stdout="epoch 37 training"
[2026-05-27T18:52:29] running epoch=37 stdout="epoch 38 training"
[2026-05-27T18:58:30] running epoch=38 stdout="epoch 39 training"
[2026-05-27T19:04:30] running epoch=39 stdout="epoch 40 training"
[2026-05-27T19:11:30] running epoch=39 stdout="epoch 40 evaluating"
[2026-05-27T19:18:46] new_eval epoch=40 test_accuracy=0.1 test_loss=27.791014
[2026-05-27T19:19:01] running last_eval_epoch=40 test_accuracy=0.1 stdout="epoch 41 training"
[2026-05-27T19:24:46] running epoch=41 stdout="epoch 42 training"
[2026-05-27T19:30:46] running epoch=42 stdout="epoch 43 training"
[2026-05-27T19:37:02] running epoch=43 stdout="epoch 44 training"
[2026-05-27T19:43:02] running epoch=44 stdout="epoch 45 training"
[2026-05-27T19:50:02] running epoch=44 stdout="epoch 45 evaluating"
[2026-05-27T19:57:03] new_eval epoch=45 test_accuracy=0.1 test_loss=27.552551
[2026-05-27T19:57:18] running last_eval_epoch=45 test_accuracy=0.1 stdout="epoch 46 training"
[2026-05-27T20:03:18] running epoch=46 stdout="epoch 47 training"
[2026-05-27T20:09:19] running epoch=47 stdout="epoch 48 training"
[2026-05-27T20:15:19] running epoch=48 stdout="epoch 49 training"
[2026-05-27T20:21:34] running epoch=49 stdout="epoch 50 training"
[2026-05-27T20:28:20] running epoch=49 stdout="epoch 50 evaluating"
[2026-05-27T20:35:35] new_eval epoch=50 test_accuracy=0.1 test_loss=27.41673
[2026-05-27T20:35:50] running last_eval_epoch=50 test_accuracy=0.1 stdout="epoch 51 training"
[2026-05-27T20:41:50] running epoch=51 stdout="epoch 52 training"
[2026-05-27T20:47:51] running epoch=52 stdout="epoch 53 training"
[2026-05-27T20:54:06] running epoch=53 stdout="epoch 54 training"
[2026-05-27T21:00:21] running epoch=54 stdout="epoch 55 training"
[2026-05-27T21:07:22] running epoch=54 stdout="epoch 55 evaluating"
[2026-05-27T21:14:52] new_eval epoch=55 test_accuracy=0.1 test_loss=24.40129
[2026-05-27T21:15:07] running last_eval_epoch=55 test_accuracy=0.1 stdout="epoch 56 training"
[2026-05-27T21:20:52] running epoch=56 stdout="epoch 57 training"
[2026-05-27T21:26:53] running epoch=57 stdout="epoch 58 training"
[2026-05-27T21:33:08] running epoch=58 stdout="epoch 59 training"
[2026-05-27T21:39:09] running epoch=59 stdout="epoch 60 training"
[2026-05-27T21:46:09] running epoch=59 stdout="epoch 60 evaluating"
[2026-05-27T21:53:24] new_eval epoch=60 test_accuracy=0.1 test_loss=24.155455
[2026-05-27T21:53:39] running last_eval_epoch=60 test_accuracy=0.1 stdout="epoch 61 training"
[2026-05-27T21:59:40] running epoch=61 stdout="epoch 62 training"
[2026-05-27T22:05:40] running epoch=62 stdout="epoch 63 training"
[2026-05-27T22:11:55] running epoch=63 stdout="epoch 64 training"
[2026-05-27T22:17:56] running epoch=64 stdout="epoch 65 training"
[2026-05-27T22:24:56] running epoch=64 stdout="epoch 65 evaluating"
[2026-05-27T22:32:11] new_eval epoch=65 test_accuracy=0.1 test_loss=23.864153
[2026-05-27T22:32:26] running last_eval_epoch=65 test_accuracy=0.1 stdout="epoch 66 training"
[2026-05-27T22:38:12] running epoch=66 stdout="epoch 67 training"
