[bootstrap] activated project
[bootstrap] loaded packages
building MNIST 784-120-40 layer
loading training split
loading train-eval split
loading test split
constructing 32-worker Adam manager
constructing validation worker
starting epochs
epoch 16 training
(timestamp = "2026-05-27T16:11:34", epoch = 16, seconds = 375.8399677, train_accuracy = missing, train_loss = missing, test_accuracy = missing, test_loss = missing, pred_counts = missing, best_accuracy = 0.8826233183856502, best_path = "C:/Users/fenje/dev/InteractiveIsing.jl/ext/IsingLearning/experiments/MNIST/784-120-40-baseline/experiments/current/20260527_160402_mnist_784_120_40_adam_session_resume_beta1_lr0006\\best_checkpoint.bin", final_path = "")
epoch 17 training
(timestamp = "2026-05-27T16:17:46", epoch = 17, seconds = 372.0012073, train_accuracy = missing, train_loss = missing, test_accuracy = missing, test_loss = missing, pred_counts = missing, best_accuracy = 0.8826233183856502, best_path = "C:/Users/fenje/dev/InteractiveIsing.jl/ext/IsingLearning/experiments/MNIST/784-120-40-baseline/experiments/current/20260527_160402_mnist_784_120_40_adam_session_resume_beta1_lr0006\\best_checkpoint.bin", final_path = "")
epoch 18 training
(timestamp = "2026-05-27T16:23:57", epoch = 18, seconds = 370.2511226, train_accuracy = missing, train_loss = missing, test_accuracy = missing, test_loss = missing, pred_counts = missing, best_accuracy = 0.8826233183856502, best_path = "C:/Users/fenje/dev/InteractiveIsing.jl/ext/IsingLearning/experiments/MNIST/784-120-40-baseline/experiments/current/20260527_160402_mnist_784_120_40_adam_session_resume_beta1_lr0006\\best_checkpoint.bin", final_path = "")
epoch 19 training
(timestamp = "2026-05-27T16:30:05", epoch = 19, seconds = 368.3389081, train_accuracy = missing, train_loss = missing, test_accuracy = missing, test_loss = missing, pred_counts = missing, best_accuracy = 0.8826233183856502, best_path = "C:/Users/fenje/dev/InteractiveIsing.jl/ext/IsingLearning/experiments/MNIST/784-120-40-baseline/experiments/current/20260527_160402_mnist_784_120_40_adam_session_resume_beta1_lr0006\\best_checkpoint.bin", final_path = "")
epoch 20 training
epoch 20 evaluating
(timestamp = "2026-05-27T16:44:20", epoch = 20, seconds = 368.3138828, train_accuracy = 0.708, train_loss = 8.676492f0, test_accuracy = 0.7165919282511211, test_loss = 8.456224f0, pred_counts = "880-1003-829-856-2398-899-813-829-386-27", best_accuracy = 0.8826233183856502, best_path = "C:/Users/fenje/dev/InteractiveIsing.jl/ext/IsingLearning/experiments/MNIST/784-120-40-baseline/experiments/current/20260527_160402_mnist_784_120_40_adam_session_resume_beta1_lr0006\\best_checkpoint.bin", final_path = "")
epoch 21 training
(timestamp = "2026-05-27T16:50:36", epoch = 21, seconds = 375.743165, train_accuracy = missing, train_loss = missing, test_accuracy = missing, test_loss = missing, pred_counts = missing, best_accuracy = 0.8826233183856502, best_path = "C:/Users/fenje/dev/InteractiveIsing.jl/ext/IsingLearning/experiments/MNIST/784-120-40-baseline/experiments/current/20260527_160402_mnist_784_120_40_adam_session_resume_beta1_lr0006\\best_checkpoint.bin", final_path = "")
epoch 22 training
(timestamp = "2026-05-27T16:56:45", epoch = 22, seconds = 369.8623819, train_accuracy = missing, train_loss = missing, test_accuracy = missing, test_loss = missing, pred_counts = missing, best_accuracy = 0.8826233183856502, best_path = "C:/Users/fenje/dev/InteractiveIsing.jl/ext/IsingLearning/experiments/MNIST/784-120-40-baseline/experiments/current/20260527_160402_mnist_784_120_40_adam_session_resume_beta1_lr0006\\best_checkpoint.bin", final_path = "")
epoch 23 training
(timestamp = "2026-05-27T17:02:55", epoch = 23, seconds = 369.2096939, train_accuracy = missing, train_loss = missing, test_accuracy = missing, test_loss = missing, pred_counts = missing, best_accuracy = 0.8826233183856502, best_path = "C:/Users/fenje/dev/InteractiveIsing.jl/ext/IsingLearning/experiments/MNIST/784-120-40-baseline/experiments/current/20260527_160402_mnist_784_120_40_adam_session_resume_beta1_lr0006\\best_checkpoint.bin", final_path = "")
epoch 24 training
(timestamp = "2026-05-27T17:09:04", epoch = 24, seconds = 368.9079422, train_accuracy = missing, train_loss = missing, test_accuracy = missing, test_loss = missing, pred_counts = missing, best_accuracy = 0.8826233183856502, best_path = "C:/Users/fenje/dev/InteractiveIsing.jl/ext/IsingLearning/experiments/MNIST/784-120-40-baseline/experiments/current/20260527_160402_mnist_784_120_40_adam_session_resume_beta1_lr0006\\best_checkpoint.bin", final_path = "")
epoch 25 training
epoch 25 evaluating
(timestamp = "2026-05-27T17:23:12", epoch = 25, seconds = 366.9797736, train_accuracy = 0.384, train_loss = 19.21592f0, test_accuracy = 0.39899103139013453, test_loss = 18.775f0, pred_counts = "643-588-255-498-6002-342-182-408-2-0", best_accuracy = 0.8826233183856502, best_path = "C:/Users/fenje/dev/InteractiveIsing.jl/ext/IsingLearning/experiments/MNIST/784-120-40-baseline/experiments/current/20260527_160402_mnist_784_120_40_adam_session_resume_beta1_lr0006\\best_checkpoint.bin", final_path = "")
epoch 26 training
(timestamp = "2026-05-27T17:29:18", epoch = 26, seconds = 366.0589303, train_accuracy = missing, train_loss = missing, test_accuracy = missing, test_loss = missing, pred_counts = missing, best_accuracy = 0.8826233183856502, best_path = "C:/Users/fenje/dev/InteractiveIsing.jl/ext/IsingLearning/experiments/MNIST/784-120-40-baseline/experiments/current/20260527_160402_mnist_784_120_40_adam_session_resume_beta1_lr0006\\best_checkpoint.bin", final_path = "")
epoch 27 training
(timestamp = "2026-05-27T17:35:24", epoch = 27, seconds = 366.0945467, train_accuracy = missing, train_loss = missing, test_accuracy = missing, test_loss = missing, pred_counts = missing, best_accuracy = 0.8826233183856502, best_path = "C:/Users/fenje/dev/InteractiveIsing.jl/ext/IsingLearning/experiments/MNIST/784-120-40-baseline/experiments/current/20260527_160402_mnist_784_120_40_adam_session_resume_beta1_lr0006\\best_checkpoint.bin", final_path = "")
epoch 28 training
(timestamp = "2026-05-27T17:41:30", epoch = 28, seconds = 366.0251751, train_accuracy = missing, train_loss = missing, test_accuracy = missing, test_loss = missing, pred_counts = missing, best_accuracy = 0.8826233183856502, best_path = "C:/Users/fenje/dev/InteractiveIsing.jl/ext/IsingLearning/experiments/MNIST/784-120-40-baseline/experiments/current/20260527_160402_mnist_784_120_40_adam_session_resume_beta1_lr0006\\best_checkpoint.bin", final_path = "")
epoch 29 training
(timestamp = "2026-05-27T17:47:36", epoch = 29, seconds = 366.0842576, train_accuracy = missing, train_loss = missing, test_accuracy = missing, test_loss = missing, pred_counts = missing, best_accuracy = 0.8826233183856502, best_path = "C:/Users/fenje/dev/InteractiveIsing.jl/ext/IsingLearning/experiments/MNIST/784-120-40-baseline/experiments/current/20260527_160402_mnist_784_120_40_adam_session_resume_beta1_lr0006\\best_checkpoint.bin", final_path = "")
epoch 30 training
epoch 30 evaluating
(timestamp = "2026-05-27T18:01:43", epoch = 30, seconds = 366.3009644, train_accuracy = 0.111, train_loss = 27.569937f0, test_accuracy = 0.1132286995515695, test_loss = 27.376957f0, pred_counts = "3-108-0-1-8801-6-0-1-0-0", best_accuracy = 0.8826233183856502, best_path = "C:/Users/fenje/dev/InteractiveIsing.jl/ext/IsingLearning/experiments/MNIST/784-120-40-baseline/experiments/current/20260527_160402_mnist_784_120_40_adam_session_resume_beta1_lr0006\\best_checkpoint.bin", final_path = "")
epoch 31 training
(timestamp = "2026-05-27T18:07:48", epoch = 31, seconds = 365.1189259, train_accuracy = missing, train_loss = missing, test_accuracy = missing, test_loss = missing, pred_counts = missing, best_accuracy = 0.8826233183856502, best_path = "C:/Users/fenje/dev/InteractiveIsing.jl/ext/IsingLearning/experiments/MNIST/784-120-40-baseline/experiments/current/20260527_160402_mnist_784_120_40_adam_session_resume_beta1_lr0006\\best_checkpoint.bin", final_path = "")
epoch 32 training
(timestamp = "2026-05-27T18:13:54", epoch = 32, seconds = 365.8684208, train_accuracy = missing, train_loss = missing, test_accuracy = missing, test_loss = missing, pred_counts = missing, best_accuracy = 0.8826233183856502, best_path = "C:/Users/fenje/dev/InteractiveIsing.jl/ext/IsingLearning/experiments/MNIST/784-120-40-baseline/experiments/current/20260527_160402_mnist_784_120_40_adam_session_resume_beta1_lr0006\\best_checkpoint.bin", final_path = "")
epoch 33 training
(timestamp = "2026-05-27T18:19:58", epoch = 33, seconds = 364.4727139, train_accuracy = missing, train_loss = missing, test_accuracy = missing, test_loss = missing, pred_counts = missing, best_accuracy = 0.8826233183856502, best_path = "C:/Users/fenje/dev/InteractiveIsing.jl/ext/IsingLearning/experiments/MNIST/784-120-40-baseline/experiments/current/20260527_160402_mnist_784_120_40_adam_session_resume_beta1_lr0006\\best_checkpoint.bin", final_path = "")
epoch 34 training
(timestamp = "2026-05-27T18:26:03", epoch = 34, seconds = 364.8068999, train_accuracy = missing, train_loss = missing, test_accuracy = missing, test_loss = missing, pred_counts = missing, best_accuracy = 0.8826233183856502, best_path = "C:/Users/fenje/dev/InteractiveIsing.jl/ext/IsingLearning/experiments/MNIST/784-120-40-baseline/experiments/current/20260527_160402_mnist_784_120_40_adam_session_resume_beta1_lr0006\\best_checkpoint.bin", final_path = "")
epoch 35 training
epoch 35 evaluating
(timestamp = "2026-05-27T18:40:09", epoch = 35, seconds = 364.4401885, train_accuracy = 0.1, train_loss = 27.878305f0, test_accuracy = 0.1, test_loss = 27.902044f0, pred_counts = "0-0-0-0-8919-0-0-0-0-1", best_accuracy = 0.8826233183856502, best_path = "C:/Users/fenje/dev/InteractiveIsing.jl/ext/IsingLearning/experiments/MNIST/784-120-40-baseline/experiments/current/20260527_160402_mnist_784_120_40_adam_session_resume_beta1_lr0006\\best_checkpoint.bin", final_path = "")
epoch 36 training
(timestamp = "2026-05-27T18:46:13", epoch = 36, seconds = 364.3377163, train_accuracy = missing, train_loss = missing, test_accuracy = missing, test_loss = missing, pred_counts = missing, best_accuracy = 0.8826233183856502, best_path = "C:/Users/fenje/dev/InteractiveIsing.jl/ext/IsingLearning/experiments/MNIST/784-120-40-baseline/experiments/current/20260527_160402_mnist_784_120_40_adam_session_resume_beta1_lr0006\\best_checkpoint.bin", final_path = "")
epoch 37 training
(timestamp = "2026-05-27T18:52:18", epoch = 37, seconds = 364.8561927, train_accuracy = missing, train_loss = missing, test_accuracy = missing, test_loss = missing, pred_counts = missing, best_accuracy = 0.8826233183856502, best_path = "C:/Users/fenje/dev/InteractiveIsing.jl/ext/IsingLearning/experiments/MNIST/784-120-40-baseline/experiments/current/20260527_160402_mnist_784_120_40_adam_session_resume_beta1_lr0006\\best_checkpoint.bin", final_path = "")
epoch 38 training
(timestamp = "2026-05-27T18:58:22", epoch = 38, seconds = 364.3662652, train_accuracy = missing, train_loss = missing, test_accuracy = missing, test_loss = missing, pred_counts = missing, best_accuracy = 0.8826233183856502, best_path = "C:/Users/fenje/dev/InteractiveIsing.jl/ext/IsingLearning/experiments/MNIST/784-120-40-baseline/experiments/current/20260527_160402_mnist_784_120_40_adam_session_resume_beta1_lr0006\\best_checkpoint.bin", final_path = "")
epoch 39 training
(timestamp = "2026-05-27T19:04:27", epoch = 39, seconds = 365.1037587, train_accuracy = missing, train_loss = missing, test_accuracy = missing, test_loss = missing, pred_counts = missing, best_accuracy = 0.8826233183856502, best_path = "C:/Users/fenje/dev/InteractiveIsing.jl/ext/IsingLearning/experiments/MNIST/784-120-40-baseline/experiments/current/20260527_160402_mnist_784_120_40_adam_session_resume_beta1_lr0006\\best_checkpoint.bin", final_path = "")
epoch 40 training
epoch 40 evaluating
(timestamp = "2026-05-27T19:18:34", epoch = 40, seconds = 365.0014976, train_accuracy = 0.1, train_loss = 27.805473f0, test_accuracy = 0.1, test_loss = 27.791014f0, pred_counts = "0-0-0-0-8920-0-0-0-0-0", best_accuracy = 0.8826233183856502, best_path = "C:/Users/fenje/dev/InteractiveIsing.jl/ext/IsingLearning/experiments/MNIST/784-120-40-baseline/experiments/current/20260527_160402_mnist_784_120_40_adam_session_resume_beta1_lr0006\\best_checkpoint.bin", final_path = "")
epoch 41 training
(timestamp = "2026-05-27T19:24:38", epoch = 41, seconds = 364.3763864, train_accuracy = missing, train_loss = missing, test_accuracy = missing, test_loss = missing, pred_counts = missing, best_accuracy = 0.8826233183856502, best_path = "C:/Users/fenje/dev/InteractiveIsing.jl/ext/IsingLearning/experiments/MNIST/784-120-40-baseline/experiments/current/20260527_160402_mnist_784_120_40_adam_session_resume_beta1_lr0006\\best_checkpoint.bin", final_path = "")
epoch 42 training
(timestamp = "2026-05-27T19:30:44", epoch = 42, seconds = 365.4899746, train_accuracy = missing, train_loss = missing, test_accuracy = missing, test_loss = missing, pred_counts = missing, best_accuracy = 0.8826233183856502, best_path = "C:/Users/fenje/dev/InteractiveIsing.jl/ext/IsingLearning/experiments/MNIST/784-120-40-baseline/experiments/current/20260527_160402_mnist_784_120_40_adam_session_resume_beta1_lr0006\\best_checkpoint.bin", final_path = "")
epoch 43 training
(timestamp = "2026-05-27T19:36:49", epoch = 43, seconds = 365.1287155, train_accuracy = missing, train_loss = missing, test_accuracy = missing, test_loss = missing, pred_counts = missing, best_accuracy = 0.8826233183856502, best_path = "C:/Users/fenje/dev/InteractiveIsing.jl/ext/IsingLearning/experiments/MNIST/784-120-40-baseline/experiments/current/20260527_160402_mnist_784_120_40_adam_session_resume_beta1_lr0006\\best_checkpoint.bin", final_path = "")
epoch 44 training
(timestamp = "2026-05-27T19:42:54", epoch = 44, seconds = 364.9079183, train_accuracy = missing, train_loss = missing, test_accuracy = missing, test_loss = missing, pred_counts = missing, best_accuracy = 0.8826233183856502, best_path = "C:/Users/fenje/dev/InteractiveIsing.jl/ext/IsingLearning/experiments/MNIST/784-120-40-baseline/experiments/current/20260527_160402_mnist_784_120_40_adam_session_resume_beta1_lr0006\\best_checkpoint.bin", final_path = "")
epoch 45 training
epoch 45 evaluating
(timestamp = "2026-05-27T19:57:01", epoch = 45, seconds = 365.1017461, train_accuracy = 0.1, train_loss = 27.605276f0, test_accuracy = 0.1, test_loss = 27.552551f0, pred_counts = "0-0-0-0-8920-0-0-0-0-0", best_accuracy = 0.8826233183856502, best_path = "C:/Users/fenje/dev/InteractiveIsing.jl/ext/IsingLearning/experiments/MNIST/784-120-40-baseline/experiments/current/20260527_160402_mnist_784_120_40_adam_session_resume_beta1_lr0006\\best_checkpoint.bin", final_path = "")
epoch 46 training
(timestamp = "2026-05-27T20:03:06", epoch = 46, seconds = 364.9452984, train_accuracy = missing, train_loss = missing, test_accuracy = missing, test_loss = missing, pred_counts = missing, best_accuracy = 0.8826233183856502, best_path = "C:/Users/fenje/dev/InteractiveIsing.jl/ext/IsingLearning/experiments/MNIST/784-120-40-baseline/experiments/current/20260527_160402_mnist_784_120_40_adam_session_resume_beta1_lr0006\\best_checkpoint.bin", final_path = "")
epoch 47 training
(timestamp = "2026-05-27T20:09:11", epoch = 47, seconds = 365.1478321, train_accuracy = missing, train_loss = missing, test_accuracy = missing, test_loss = missing, pred_counts = missing, best_accuracy = 0.8826233183856502, best_path = "C:/Users/fenje/dev/InteractiveIsing.jl/ext/IsingLearning/experiments/MNIST/784-120-40-baseline/experiments/current/20260527_160402_mnist_784_120_40_adam_session_resume_beta1_lr0006\\best_checkpoint.bin", final_path = "")
epoch 48 training
(timestamp = "2026-05-27T20:15:16", epoch = 48, seconds = 364.8358034, train_accuracy = missing, train_loss = missing, test_accuracy = missing, test_loss = missing, pred_counts = missing, best_accuracy = 0.8826233183856502, best_path = "C:/Users/fenje/dev/InteractiveIsing.jl/ext/IsingLearning/experiments/MNIST/784-120-40-baseline/experiments/current/20260527_160402_mnist_784_120_40_adam_session_resume_beta1_lr0006\\best_checkpoint.bin", final_path = "")
epoch 49 training
(timestamp = "2026-05-27T20:21:21", epoch = 49, seconds = 365.5382894, train_accuracy = missing, train_loss = missing, test_accuracy = missing, test_loss = missing, pred_counts = missing, best_accuracy = 0.8826233183856502, best_path = "C:/Users/fenje/dev/InteractiveIsing.jl/ext/IsingLearning/experiments/MNIST/784-120-40-baseline/experiments/current/20260527_160402_mnist_784_120_40_adam_session_resume_beta1_lr0006\\best_checkpoint.bin", final_path = "")
epoch 50 training
epoch 50 evaluating
(timestamp = "2026-05-27T20:35:31", epoch = 50, seconds = 365.6729367, train_accuracy = 0.1, train_loss = 27.424139f0, test_accuracy = 0.1, test_loss = 27.41673f0, pred_counts = "0-0-0-0-8920-0-0-0-0-0", best_accuracy = 0.8826233183856502, best_path = "C:/Users/fenje/dev/InteractiveIsing.jl/ext/IsingLearning/experiments/MNIST/784-120-40-baseline/experiments/current/20260527_160402_mnist_784_120_40_adam_session_resume_beta1_lr0006\\best_checkpoint.bin", final_path = "")
epoch 51 training
(timestamp = "2026-05-27T20:41:40", epoch = 51, seconds = 369.0386798, train_accuracy = missing, train_loss = missing, test_accuracy = missing, test_loss = missing, pred_counts = missing, best_accuracy = 0.8826233183856502, best_path = "C:/Users/fenje/dev/InteractiveIsing.jl/ext/IsingLearning/experiments/MNIST/784-120-40-baseline/experiments/current/20260527_160402_mnist_784_120_40_adam_session_resume_beta1_lr0006\\best_checkpoint.bin", final_path = "")
epoch 52 training
(timestamp = "2026-05-27T20:47:50", epoch = 52, seconds = 369.3360609, train_accuracy = missing, train_loss = missing, test_accuracy = missing, test_loss = missing, pred_counts = missing, best_accuracy = 0.8826233183856502, best_path = "C:/Users/fenje/dev/InteractiveIsing.jl/ext/IsingLearning/experiments/MNIST/784-120-40-baseline/experiments/current/20260527_160402_mnist_784_120_40_adam_session_resume_beta1_lr0006\\best_checkpoint.bin", final_path = "")
epoch 53 training
(timestamp = "2026-05-27T20:54:01", epoch = 53, seconds = 370.8721896, train_accuracy = missing, train_loss = missing, test_accuracy = missing, test_loss = missing, pred_counts = missing, best_accuracy = 0.8826233183856502, best_path = "C:/Users/fenje/dev/InteractiveIsing.jl/ext/IsingLearning/experiments/MNIST/784-120-40-baseline/experiments/current/20260527_160402_mnist_784_120_40_adam_session_resume_beta1_lr0006\\best_checkpoint.bin", final_path = "")
epoch 54 training
(timestamp = "2026-05-27T21:00:11", epoch = 54, seconds = 370.347331, train_accuracy = missing, train_loss = missing, test_accuracy = missing, test_loss = missing, pred_counts = missing, best_accuracy = 0.8826233183856502, best_path = "C:/Users/fenje/dev/InteractiveIsing.jl/ext/IsingLearning/experiments/MNIST/784-120-40-baseline/experiments/current/20260527_160402_mnist_784_120_40_adam_session_resume_beta1_lr0006\\best_checkpoint.bin", final_path = "")
epoch 55 training
epoch 55 evaluating
(timestamp = "2026-05-27T21:14:39", epoch = 55, seconds = 370.4259527, train_accuracy = 0.1, train_loss = 24.416567f0, test_accuracy = 0.1, test_loss = 24.40129f0, pred_counts = "0-0-0-0-8920-0-0-0-0-0", best_accuracy = 0.8826233183856502, best_path = "C:/Users/fenje/dev/InteractiveIsing.jl/ext/IsingLearning/experiments/MNIST/784-120-40-baseline/experiments/current/20260527_160402_mnist_784_120_40_adam_session_resume_beta1_lr0006\\best_checkpoint.bin", final_path = "")
epoch 56 training
(timestamp = "2026-05-27T21:20:45", epoch = 56, seconds = 366.0869833, train_accuracy = missing, train_loss = missing, test_accuracy = missing, test_loss = missing, pred_counts = missing, best_accuracy = 0.8826233183856502, best_path = "C:/Users/fenje/dev/InteractiveIsing.jl/ext/IsingLearning/experiments/MNIST/784-120-40-baseline/experiments/current/20260527_160402_mnist_784_120_40_adam_session_resume_beta1_lr0006\\best_checkpoint.bin", final_path = "")
epoch 57 training
(timestamp = "2026-05-27T21:26:53", epoch = 57, seconds = 367.4460791, train_accuracy = missing, train_loss = missing, test_accuracy = missing, test_loss = missing, pred_counts = missing, best_accuracy = 0.8826233183856502, best_path = "C:/Users/fenje/dev/InteractiveIsing.jl/ext/IsingLearning/experiments/MNIST/784-120-40-baseline/experiments/current/20260527_160402_mnist_784_120_40_adam_session_resume_beta1_lr0006\\best_checkpoint.bin", final_path = "")
epoch 58 training
(timestamp = "2026-05-27T21:33:00", epoch = 58, seconds = 367.0940789, train_accuracy = missing, train_loss = missing, test_accuracy = missing, test_loss = missing, pred_counts = missing, best_accuracy = 0.8826233183856502, best_path = "C:/Users/fenje/dev/InteractiveIsing.jl/ext/IsingLearning/experiments/MNIST/784-120-40-baseline/experiments/current/20260527_160402_mnist_784_120_40_adam_session_resume_beta1_lr0006\\best_checkpoint.bin", final_path = "")
epoch 59 training
(timestamp = "2026-05-27T21:39:06", epoch = 59, seconds = 366.5282883, train_accuracy = missing, train_loss = missing, test_accuracy = missing, test_loss = missing, pred_counts = missing, best_accuracy = 0.8826233183856502, best_path = "C:/Users/fenje/dev/InteractiveIsing.jl/ext/IsingLearning/experiments/MNIST/784-120-40-baseline/experiments/current/20260527_160402_mnist_784_120_40_adam_session_resume_beta1_lr0006\\best_checkpoint.bin", final_path = "")
epoch 60 training
epoch 60 evaluating
(timestamp = "2026-05-27T21:53:20", epoch = 60, seconds = 366.6409077, train_accuracy = 0.1, train_loss = 24.191269f0, test_accuracy = 0.1, test_loss = 24.155455f0, pred_counts = "0-0-0-0-8920-0-0-0-0-0", best_accuracy = 0.8826233183856502, best_path = "C:/Users/fenje/dev/InteractiveIsing.jl/ext/IsingLearning/experiments/MNIST/784-120-40-baseline/experiments/current/20260527_160402_mnist_784_120_40_adam_session_resume_beta1_lr0006\\best_checkpoint.bin", final_path = "")
epoch 61 training
(timestamp = "2026-05-27T21:59:27", epoch = 61, seconds = 366.365393, train_accuracy = missing, train_loss = missing, test_accuracy = missing, test_loss = missing, pred_counts = missing, best_accuracy = 0.8826233183856502, best_path = "C:/Users/fenje/dev/InteractiveIsing.jl/ext/IsingLearning/experiments/MNIST/784-120-40-baseline/experiments/current/20260527_160402_mnist_784_120_40_adam_session_resume_beta1_lr0006\\best_checkpoint.bin", final_path = "")
epoch 62 training
(timestamp = "2026-05-27T22:05:34", epoch = 62, seconds = 367.1620719, train_accuracy = missing, train_loss = missing, test_accuracy = missing, test_loss = missing, pred_counts = missing, best_accuracy = 0.8826233183856502, best_path = "C:/Users/fenje/dev/InteractiveIsing.jl/ext/IsingLearning/experiments/MNIST/784-120-40-baseline/experiments/current/20260527_160402_mnist_784_120_40_adam_session_resume_beta1_lr0006\\best_checkpoint.bin", final_path = "")
epoch 63 training
(timestamp = "2026-05-27T22:11:41", epoch = 63, seconds = 366.6167607, train_accuracy = missing, train_loss = missing, test_accuracy = missing, test_loss = missing, pred_counts = missing, best_accuracy = 0.8826233183856502, best_path = "C:/Users/fenje/dev/InteractiveIsing.jl/ext/IsingLearning/experiments/MNIST/784-120-40-baseline/experiments/current/20260527_160402_mnist_784_120_40_adam_session_resume_beta1_lr0006\\best_checkpoint.bin", final_path = "")
epoch 64 training
(timestamp = "2026-05-27T22:17:47", epoch = 64, seconds = 366.6512587, train_accuracy = missing, train_loss = missing, test_accuracy = missing, test_loss = missing, pred_counts = missing, best_accuracy = 0.8826233183856502, best_path = "C:/Users/fenje/dev/InteractiveIsing.jl/ext/IsingLearning/experiments/MNIST/784-120-40-baseline/experiments/current/20260527_160402_mnist_784_120_40_adam_session_resume_beta1_lr0006\\best_checkpoint.bin", final_path = "")
epoch 65 training
epoch 65 evaluating
(timestamp = "2026-05-27T22:32:02", epoch = 65, seconds = 367.5859469, train_accuracy = 0.1, train_loss = 23.892511f0, test_accuracy = 0.1, test_loss = 23.864153f0, pred_counts = "0-0-0-0-8920-0-0-0-0-0", best_accuracy = 0.8826233183856502, best_path = "C:/Users/fenje/dev/InteractiveIsing.jl/ext/IsingLearning/experiments/MNIST/784-120-40-baseline/experiments/current/20260527_160402_mnist_784_120_40_adam_session_resume_beta1_lr0006\\best_checkpoint.bin", final_path = "")
epoch 66 training
(timestamp = "2026-05-27T22:38:10", epoch = 66, seconds = 368.061486, train_accuracy = missing, train_loss = missing, test_accuracy = missing, test_loss = missing, pred_counts = missing, best_accuracy = 0.8826233183856502, best_path = "C:/Users/fenje/dev/InteractiveIsing.jl/ext/IsingLearning/experiments/MNIST/784-120-40-baseline/experiments/current/20260527_160402_mnist_784_120_40_adam_session_resume_beta1_lr0006\\best_checkpoint.bin", final_path = "")
epoch 67 training
