[bootstrap] activated project
[bootstrap] loaded packages
building MNIST 784-120-40 layer
loading training split
training samples: 12800 (100 batches/epoch)
loading train-eval split
train-eval samples: 1000
loading test split
test samples: 1000
constructing 32-worker softplus-margin nudge Adam manager
constructing 32-worker validation manager
starting epochs
epoch 0 train-eval: evaluating 1000 samples
epoch 0 train accuracy 0.07 loss 74.834
epoch 0 evaluating
epoch 0 test: evaluating 1000 samples
epoch 0 test accuracy 0.059 loss 74.622803 best 0.059
(timestamp = "2026-06-09T22:08:10", epoch = 0, seconds = 0.0, train_accuracy = 0.07, train_loss = 74.834f0, test_accuracy = 0.059, test_loss = 74.6228f0, pred_counts = "41-180-80-56-87-61-107-212-75-101", w_norm = 0.48583895f0, b_norm = 0.0f0, w_input_norm = 1.5314544f0, grad_w_norm = 0.0f0, grad_b_norm = 0.0f0, grad_w_input_norm = 0.0f0, effective_w_decay = 0.001f0, effective_w_input_decay = 0.001f0, symmetry_error = 0.0f0, grad_symmetry_error = 0.0f0, best_accuracy = 0.059, best_path = "ext\\IsingLearning\\experiments\\MNIST\\baseline_new_nudge\\experiments\\current\\symmetric_nudge_target_weight_grid_v5_20260609\\b0p050_lr0p00025_T0p00005_wd0p001_step0p5_pos9p0_neg0p50_priortrue_adaptivefalse\\best_checkpoint.bin", final_path = "")
epoch 1 training
epoch 1 batch 1/100 accuracy 0.0781 loss 74.674942 best_batch 0.0781 declines 0/2 trained_batches 1
epoch 1 batch 1/100 samples 128/12800 elapsed 14.3s
epoch 1 batch 2/100 accuracy 0.1094 loss 71.755859 best_batch 0.1094 declines 0/2 trained_batches 2
epoch 1 batch 3/100 accuracy 0.1172 loss 71.920647 best_batch 0.1172 declines 0/2 trained_batches 3
epoch 1 batch 4/100 accuracy 0.2031 loss 68.611145 best_batch 0.2031 declines 0/2 trained_batches 4
epoch 1 batch 5/100 accuracy 0.1484 loss 66.894104 best_batch 0.2031 declines 0/2 trained_batches 5
epoch 1 batch 6/100 accuracy 0.1797 loss 65.10585 best_batch 0.2031 declines 0/2 trained_batches 6
epoch 1 batch 7/100 accuracy 0.1562 loss 64.043312 best_batch 0.2031 declines 0/2 trained_batches 7
epoch 1 batch 8/100 accuracy 0.2031 loss 64.951759 best_batch 0.2031 declines 0/2 trained_batches 8
epoch 1 batch 9/100 accuracy 0.2109 loss 63.794781 best_batch 0.2109 declines 0/2 trained_batches 9
epoch 1 batch 10/100 accuracy 0.1719 loss 65.960991 best_batch 0.2109 declines 0/2 trained_batches 10
epoch 1 batch 11/100 accuracy 0.1953 loss 64.57431 best_batch 0.2109 declines 0/2 trained_batches 11
epoch 1 batch 12/100 accuracy 0.2031 loss 62.846203 best_batch 0.2109 declines 0/2 trained_batches 12
epoch 1 batch 13/100 accuracy 0.2031 loss 63.271721 best_batch 0.2109 declines 0/2 trained_batches 13
epoch 1 batch 14/100 accuracy 0.2109 loss 63.796741 best_batch 0.2109 declines 0/2 trained_batches 14
epoch 1 batch 15/100 accuracy 0.1406 loss 65.308632 best_batch 0.2109 declines 0/2 trained_batches 15
epoch 1 batch 16/100 accuracy 0.2031 loss 62.671387 best_batch 0.2109 declines 0/2 trained_batches 16
epoch 1 batch 17/100 accuracy 0.2891 loss 61.63118 best_batch 0.2891 declines 0/2 trained_batches 17
epoch 1 batch 18/100 accuracy 0.1875 loss 62.8004 best_batch 0.2891 declines 0/2 trained_batches 18
epoch 1 batch 19/100 accuracy 0.3203 loss 58.772255 best_batch 0.3203 declines 0/2 trained_batches 19
epoch 1 batch 20/100 accuracy 0.2734 loss 57.685123 best_batch 0.3203 declines 0/2 trained_batches 20
epoch 1 batch 21/100 accuracy 0.3125 loss 55.700752 best_batch 0.3203 declines 0/2 trained_batches 21
epoch 1 batch 22/100 accuracy 0.2969 loss 54.13414 best_batch 0.3203 declines 0/2 trained_batches 22
epoch 1 batch 23/100 accuracy 0.3359 loss 51.473724 best_batch 0.3359 declines 0/2 trained_batches 23
epoch 1 batch 24/100 accuracy 0.3438 loss 50.740788 best_batch 0.3438 declines 0/2 trained_batches 24
epoch 1 batch 25/100 accuracy 0.3359 loss 51.182915 best_batch 0.3438 declines 0/2 trained_batches 25
epoch 1 batch 25/100 samples 3200/12800 elapsed 37.2s
epoch 1 batch 26/100 accuracy 0.3359 loss 50.249401 best_batch 0.3438 declines 0/2 trained_batches 26
epoch 1 batch 27/100 accuracy 0.3438 loss 49.082275 best_batch 0.3438 declines 0/2 trained_batches 27
epoch 1 batch 28/100 accuracy 0.4062 loss 48.74456 best_batch 0.4062 declines 0/2 trained_batches 28
epoch 1 batch 29/100 accuracy 0.3906 loss 48.267437 best_batch 0.4062 declines 0/2 trained_batches 29
epoch 1 batch 30/100 accuracy 0.375 loss 47.38063 best_batch 0.4062 declines 0/2 trained_batches 30
epoch 1 batch 31/100 accuracy 0.3438 loss 49.093796 best_batch 0.4062 declines 0/2 trained_batches 31
epoch 1 batch 32/100 accuracy 0.3984 loss 49.313179 best_batch 0.4062 declines 0/2 trained_batches 32
epoch 1 batch 33/100 accuracy 0.3828 loss 47.32058 best_batch 0.4062 declines 0/2 trained_batches 33
epoch 1 batch 34/100 accuracy 0.375 loss 48.307373 best_batch 0.4062 declines 0/2 trained_batches 34
epoch 1 batch 35/100 accuracy 0.3672 loss 48.249268 best_batch 0.4062 declines 0/2 trained_batches 35
epoch 1 batch 36/100 accuracy 0.3984 loss 46.576992 best_batch 0.4062 declines 0/2 trained_batches 36
epoch 1 batch 37/100 accuracy 0.3672 loss 46.893734 best_batch 0.4062 declines 0/2 trained_batches 37
epoch 1 batch 38/100 accuracy 0.3359 loss 49.036976 best_batch 0.4062 declines 0/2 trained_batches 38
epoch 1 batch 39/100 accuracy 0.4609 loss 44.081276 best_batch 0.4609 declines 0/2 trained_batches 39
epoch 1 batch 40/100 accuracy 0.3906 loss 45.070126 best_batch 0.4609 declines 0/2 trained_batches 40
epoch 1 batch 41/100 accuracy 0.375 loss 47.136452 best_batch 0.4609 declines 0/2 trained_batches 41
epoch 1 batch 42/100 accuracy 0.3828 loss 46.308643 best_batch 0.4609 declines 0/2 trained_batches 42
epoch 1 batch 43/100 accuracy 0.3672 loss 47.01458 best_batch 0.4609 declines 0/2 trained_batches 43
epoch 1 batch 44/100 accuracy 0.3125 loss 46.257011 best_batch 0.4609 declines 0/2 trained_batches 44
epoch 1 batch 45/100 accuracy 0.3594 loss 45.695774 best_batch 0.4609 declines 0/2 trained_batches 45
epoch 1 batch 46/100 accuracy 0.4219 loss 43.996868 best_batch 0.4609 declines 0/2 trained_batches 46
epoch 1 batch 47/100 accuracy 0.4531 loss 43.33268 best_batch 0.4609 declines 0/2 trained_batches 47
epoch 1 batch 48/100 accuracy 0.3828 loss 44.865452 best_batch 0.4609 declines 0/2 trained_batches 48
epoch 1 batch 49/100 accuracy 0.3047 loss 45.663887 best_batch 0.4609 declines 0/2 trained_batches 49
epoch 1 batch 50/100 accuracy 0.4219 loss 43.187935 best_batch 0.4609 declines 0/2 trained_batches 50
epoch 1 batch 50/100 samples 6400/12800 elapsed 60.8s
epoch 1 batch 51/100 accuracy 0.4062 loss 43.331734 best_batch 0.4609 declines 0/2 trained_batches 51
epoch 1 batch 52/100 accuracy 0.4219 loss 41.099098 best_batch 0.4609 declines 0/2 trained_batches 52
epoch 1 batch 53/100 accuracy 0.3828 loss 43.252327 best_batch 0.4609 declines 0/2 trained_batches 53
epoch 1 batch 54/100 accuracy 0.4688 loss 41.155487 best_batch 0.4688 declines 0/2 trained_batches 54
epoch 1 batch 55/100 accuracy 0.3516 loss 43.213696 best_batch 0.4688 declines 0/2 trained_batches 55
epoch 1 batch 56/100 accuracy 0.3906 loss 41.956478 best_batch 0.4688 declines 0/2 trained_batches 56
epoch 1 batch 57/100 accuracy 0.375 loss 42.145405 best_batch 0.4688 declines 0/2 trained_batches 57
epoch 1 batch 58/100 accuracy 0.4062 loss 41.233406 best_batch 0.4688 declines 0/2 trained_batches 58
epoch 1 batch 59/100 accuracy 0.3906 loss 41.522293 best_batch 0.4688 declines 0/2 trained_batches 59
epoch 1 batch 60/100 accuracy 0.4297 loss 41.532253 best_batch 0.4688 declines 0/2 trained_batches 60
epoch 1 batch 61/100 accuracy 0.4688 loss 41.439861 best_batch 0.4688 declines 0/2 trained_batches 61
epoch 1 batch 62/100 accuracy 0.4297 loss 42.81551 best_batch 0.4688 declines 0/2 trained_batches 62
epoch 1 batch 63/100 accuracy 0.4297 loss 42.854492 best_batch 0.4688 declines 0/2 trained_batches 63
epoch 1 batch 64/100 accuracy 0.3672 loss 43.999577 best_batch 0.4688 declines 0/2 trained_batches 64
epoch 1 batch 65/100 accuracy 0.4609 loss 42.706997 best_batch 0.4688 declines 0/2 trained_batches 65
epoch 1 batch 66/100 accuracy 0.4375 loss 42.270657 best_batch 0.4688 declines 0/2 trained_batches 66
epoch 1 batch 67/100 accuracy 0.5 loss 40.928677 best_batch 0.5 declines 0/2 trained_batches 67
epoch 1 batch 68/100 accuracy 0.3516 loss 44.307518 best_batch 0.5 declines 0/2 trained_batches 68
epoch 1 batch 69/100 accuracy 0.4219 loss 40.961971 best_batch 0.5 declines 0/2 trained_batches 69
epoch 1 batch 70/100 accuracy 0.3828 loss 42.130821 best_batch 0.5 declines 0/2 trained_batches 70
epoch 1 batch 71/100 accuracy 0.3984 loss 41.843712 best_batch 0.5 declines 0/2 trained_batches 71
epoch 1 batch 72/100 accuracy 0.4375 loss 40.258072 best_batch 0.5 declines 0/2 trained_batches 72
epoch 1 batch 73/100 accuracy 0.4688 loss 40.552685 best_batch 0.5 declines 0/2 trained_batches 73
epoch 1 batch 74/100 accuracy 0.4531 loss 40.513851 best_batch 0.5 declines 0/2 trained_batches 74
epoch 1 batch 75/100 accuracy 0.3672 loss 40.625065 best_batch 0.5 declines 0/2 trained_batches 75
epoch 1 batch 75/100 samples 9600/12800 elapsed 85.9s
epoch 1 batch 76/100 accuracy 0.3828 loss 41.78159 best_batch 0.5 declines 0/2 trained_batches 76
epoch 1 batch 77/100 accuracy 0.4219 loss 39.445911 best_batch 0.5 declines 0/2 trained_batches 77
epoch 1 batch 78/100 accuracy 0.3828 loss 40.822613 best_batch 0.5 declines 0/2 trained_batches 78
epoch 1 batch 79/100 accuracy 0.3906 loss 41.71035 best_batch 0.5 declines 0/2 trained_batches 79
epoch 1 batch 80/100 accuracy 0.3594 loss 42.250858 best_batch 0.5 declines 0/2 trained_batches 80
epoch 1 batch 81/100 accuracy 0.4219 loss 40.600185 best_batch 0.5 declines 0/2 trained_batches 81
epoch 1 batch 82/100 accuracy 0.4375 loss 40.894127 best_batch 0.5 declines 0/2 trained_batches 82
epoch 1 batch 83/100 accuracy 0.4688 loss 39.560501 best_batch 0.5 declines 0/2 trained_batches 83
epoch 1 batch 84/100 accuracy 0.3984 loss 39.202343 best_batch 0.5 declines 0/2 trained_batches 84
epoch 1 batch 85/100 accuracy 0.4922 loss 39.992165 best_batch 0.5 declines 0/2 trained_batches 85
epoch 1 batch 86/100 accuracy 0.4688 loss 39.61076 best_batch 0.5 declines 0/2 trained_batches 86
epoch 1 batch 87/100 accuracy 0.4375 loss 38.886238 best_batch 0.5 declines 0/2 trained_batches 87
epoch 1 batch 88/100 accuracy 0.4531 loss 39.719898 best_batch 0.5 declines 0/2 trained_batches 88
epoch 1 batch 89/100 accuracy 0.4609 loss 39.613586 best_batch 0.5 declines 0/2 trained_batches 89
epoch 1 batch 90/100 accuracy 0.5547 loss 38.643642 best_batch 0.5547 declines 0/2 trained_batches 90
epoch 1 batch 91/100 accuracy 0.4609 loss 38.678078 best_batch 0.5547 declines 0/2 trained_batches 91
epoch 1 batch 92/100 accuracy 0.4922 loss 39.591625 best_batch 0.5547 declines 0/2 trained_batches 92
epoch 1 batch 93/100 accuracy 0.4531 loss 38.837917 best_batch 0.5547 declines 0/2 trained_batches 93
epoch 1 batch 94/100 accuracy 0.5078 loss 40.071369 best_batch 0.5547 declines 0/2 trained_batches 94
epoch 1 batch 95/100 accuracy 0.3906 loss 40.259678 best_batch 0.5547 declines 0/2 trained_batches 95
epoch 1 batch 96/100 accuracy 0.4375 loss 40.004326 best_batch 0.5547 declines 0/2 trained_batches 96
epoch 1 batch 97/100 accuracy 0.4922 loss 38.180618 best_batch 0.5547 declines 0/2 trained_batches 97
epoch 1 batch 98/100 accuracy 0.4453 loss 39.938377 best_batch 0.5547 declines 0/2 trained_batches 98
epoch 1 batch 99/100 accuracy 0.4375 loss 40.12862 best_batch 0.5547 declines 0/2 trained_batches 99
epoch 1 batch 100/100 accuracy 0.5312 loss 39.938534 best_batch 0.5547 declines 0/2 trained_batches 100
epoch 1 batch 100/100 samples 12800/12800 elapsed 111.3s
epoch 1 training done in 111.304s
epoch 1 train-eval: evaluating 1000 samples
epoch 1 train accuracy 0.423 loss 40.067917
epoch 1 evaluating
epoch 1 test: evaluating 1000 samples
epoch 1 test accuracy 0.431 loss 39.939732 best 0.431
(timestamp = "2026-06-09T22:10:06", epoch = 1, seconds = 111.3035012, train_accuracy = 0.423, train_loss = 40.067917f0, test_accuracy = 0.431, test_loss = 39.93973f0, pred_counts = "76-127-219-0-213-59-99-3-0-204", w_norm = 0.5704562f0, b_norm = 0.022065934f0, w_input_norm = 1.4225812f0, grad_w_norm = 7.5997353f0, grad_b_norm = 0.94825274f0, grad_w_input_norm = 6.8481336f0, effective_w_decay = 0.001f0, effective_w_input_decay = 0.001f0, symmetry_error = 0.0f0, grad_symmetry_error = 0.0f0, best_accuracy = 0.431, best_path = "ext\\IsingLearning\\experiments\\MNIST\\baseline_new_nudge\\experiments\\current\\symmetric_nudge_target_weight_grid_v5_20260609\\b0p050_lr0p00025_T0p00005_wd0p001_step0p5_pos9p0_neg0p50_priortrue_adaptivefalse\\best_checkpoint.bin", final_path = "")
epoch 2 training
epoch 2 batch 1/100 accuracy 0.4141 loss 39.320934 best_batch 0.5547 declines 0/2 trained_batches 101
epoch 2 batch 1/100 samples 128/12800 elapsed 1.1s
epoch 2 batch 2/100 accuracy 0.5078 loss 39.281525 best_batch 0.5547 declines 0/2 trained_batches 102
epoch 2 batch 3/100 accuracy 0.4219 loss 39.884144 best_batch 0.5547 declines 0/2 trained_batches 103
epoch 2 batch 4/100 accuracy 0.4141 loss 39.958942 best_batch 0.5547 declines 0/2 trained_batches 104
epoch 2 batch 5/100 accuracy 0.4609 loss 40.169918 best_batch 0.5547 declines 0/2 trained_batches 105
epoch 2 batch 6/100 accuracy 0.5234 loss 40.709385 best_batch 0.5547 declines 0/2 trained_batches 106
epoch 2 batch 7/100 accuracy 0.4531 loss 39.827919 best_batch 0.5547 declines 0/2 trained_batches 107
epoch 2 batch 8/100 accuracy 0.4688 loss 41.472034 best_batch 0.5547 declines 0/2 trained_batches 108
epoch 2 batch 9/100 accuracy 0.3438 loss 41.665665 best_batch 0.5547 declines 0/2 trained_batches 109
epoch 2 batch 10/100 accuracy 0.5078 loss 40.485996 best_batch 0.5547 declines 0/2 trained_batches 110
epoch 2 batch 11/100 accuracy 0.3906 loss 42.45639 best_batch 0.5547 declines 0/2 trained_batches 111
epoch 2 batch 12/100 accuracy 0.4297 loss 41.087646 best_batch 0.5547 declines 0/2 trained_batches 112
epoch 2 batch 13/100 accuracy 0.5 loss 39.928257 best_batch 0.5547 declines 0/2 trained_batches 113
epoch 2 batch 14/100 accuracy 0.4844 loss 39.346298 best_batch 0.5547 declines 0/2 trained_batches 114
epoch 2 batch 15/100 accuracy 0.4844 loss 39.115574 best_batch 0.5547 declines 0/2 trained_batches 115
epoch 2 batch 16/100 accuracy 0.4766 loss 40.474373 best_batch 0.5547 declines 0/2 trained_batches 116
epoch 2 batch 17/100 accuracy 0.4453 loss 40.619659 best_batch 0.5547 declines 0/2 trained_batches 117
epoch 2 batch 18/100 accuracy 0.5312 loss 39.200054 best_batch 0.5547 declines 0/2 trained_batches 118
epoch 2 batch 19/100 accuracy 0.5 loss 38.7584 best_batch 0.5547 declines 0/2 trained_batches 119
epoch 2 batch 20/100 accuracy 0.4375 loss 38.699032 best_batch 0.5547 declines 0/2 trained_batches 120
epoch 2 batch 21/100 accuracy 0.4141 loss 40.20327 best_batch 0.5547 declines 0/2 trained_batches 121
epoch 2 batch 22/100 accuracy 0.4688 loss 38.255333 best_batch 0.5547 declines 0/2 trained_batches 122
epoch 2 batch 23/100 accuracy 0.4453 loss 38.277946 best_batch 0.5547 declines 0/2 trained_batches 123
epoch 2 batch 24/100 accuracy 0.3984 loss 39.31377 best_batch 0.5547 declines 0/2 trained_batches 124
epoch 2 batch 25/100 accuracy 0.4375 loss 38.99157 best_batch 0.5547 declines 0/2 trained_batches 125
epoch 2 batch 25/100 samples 3200/12800 elapsed 26.3s
epoch 2 batch 26/100 accuracy 0.4297 loss 38.362705 best_batch 0.5547 declines 0/2 trained_batches 126
epoch 2 batch 27/100 accuracy 0.4375 loss 37.853207 best_batch 0.5547 declines 0/2 trained_batches 127
epoch 2 batch 28/100 accuracy 0.4531 loss 38.370461 best_batch 0.5547 declines 0/2 trained_batches 128
epoch 2 batch 29/100 accuracy 0.3984 loss 38.941269 best_batch 0.5547 declines 0/2 trained_batches 129
epoch 2 batch 30/100 accuracy 0.5312 loss 38.081543 best_batch 0.5547 declines 0/2 trained_batches 130
epoch 2 batch 31/100 accuracy 0.4141 loss 39.164455 best_batch 0.5547 declines 0/2 trained_batches 131
epoch 2 batch 32/100 accuracy 0.4453 loss 39.539642 best_batch 0.5547 declines 0/2 trained_batches 132
epoch 2 batch 33/100 accuracy 0.4844 loss 38.346592 best_batch 0.5547 declines 0/2 trained_batches 133
epoch 2 batch 34/100 accuracy 0.5 loss 38.49086 best_batch 0.5547 declines 0/2 trained_batches 134
epoch 2 batch 35/100 accuracy 0.4766 loss 38.265312 best_batch 0.5547 declines 0/2 trained_batches 135
epoch 2 batch 36/100 accuracy 0.5781 loss 37.32148 best_batch 0.5781 declines 0/2 trained_batches 136
epoch 2 batch 37/100 accuracy 0.4688 loss 39.539093 best_batch 0.5781 declines 0/2 trained_batches 137
epoch 2 batch 38/100 accuracy 0.4922 loss 37.383999 best_batch 0.5781 declines 0/2 trained_batches 138
epoch 2 batch 39/100 accuracy 0.4453 loss 38.378773 best_batch 0.5781 declines 0/2 trained_batches 139
epoch 2 batch 40/100 accuracy 0.4297 loss 38.598618 best_batch 0.5781 declines 0/2 trained_batches 140
epoch 2 batch 41/100 accuracy 0.5547 loss 37.038723 best_batch 0.5781 declines 0/2 trained_batches 141
epoch 2 batch 42/100 accuracy 0.4688 loss 38.114708 best_batch 0.5781 declines 0/2 trained_batches 142
epoch 2 batch 43/100 accuracy 0.4766 loss 37.802238 best_batch 0.5781 declines 0/2 trained_batches 143
epoch 2 batch 44/100 accuracy 0.4688 loss 38.668045 best_batch 0.5781 declines 0/2 trained_batches 144
epoch 2 batch 45/100 accuracy 0.4141 loss 37.840778 best_batch 0.5781 declines 0/2 trained_batches 145
epoch 2 batch 46/100 accuracy 0.4844 loss 37.644035 best_batch 0.5781 declines 0/2 trained_batches 146
epoch 2 batch 47/100 accuracy 0.5391 loss 37.210381 best_batch 0.5781 declines 0/2 trained_batches 147
epoch 2 batch 48/100 accuracy 0.5703 loss 36.37413 best_batch 0.5781 declines 0/2 trained_batches 148
epoch 2 batch 49/100 accuracy 0.4844 loss 37.855469 best_batch 0.5781 declines 0/2 trained_batches 149
epoch 2 batch 50/100 accuracy 0.4922 loss 36.475689 best_batch 0.5781 declines 0/2 trained_batches 150
epoch 2 batch 50/100 samples 6400/12800 elapsed 52.1s
epoch 2 batch 51/100 accuracy 0.4922 loss 37.657063 best_batch 0.5781 declines 0/2 trained_batches 151
epoch 2 batch 52/100 accuracy 0.4844 loss 37.336334 best_batch 0.5781 declines 0/2 trained_batches 152
epoch 2 batch 53/100 accuracy 0.5234 loss 36.403442 best_batch 0.5781 declines 0/2 trained_batches 153
epoch 2 batch 54/100 accuracy 0.4688 loss 37.152515 best_batch 0.5781 declines 0/2 trained_batches 154
epoch 2 batch 55/100 accuracy 0.5 loss 36.506283 best_batch 0.5781 declines 0/2 trained_batches 155
epoch 2 batch 56/100 accuracy 0.3984 loss 38.88467 best_batch 0.5781 declines 0/2 trained_batches 156
epoch 2 batch 57/100 accuracy 0.4766 loss 37.793243 best_batch 0.5781 declines 0/2 trained_batches 157
epoch 2 batch 58/100 accuracy 0.4531 loss 37.568954 best_batch 0.5781 declines 0/2 trained_batches 158
epoch 2 batch 59/100 accuracy 0.4531 loss 38.292759 best_batch 0.5781 declines 0/2 trained_batches 159
epoch 2 batch 60/100 accuracy 0.5156 loss 36.875088 best_batch 0.5781 declines 0/2 trained_batches 160
epoch 2 batch 61/100 accuracy 0.4922 loss 39.286083 best_batch 0.5781 declines 0/2 trained_batches 161
epoch 2 batch 62/100 accuracy 0.4844 loss 38.623329 best_batch 0.5781 declines 0/2 trained_batches 162
epoch 2 batch 63/100 accuracy 0.4844 loss 38.694839 best_batch 0.5781 declines 0/2 trained_batches 163
epoch 2 batch 64/100 accuracy 0.4609 loss 38.950573 best_batch 0.5781 declines 0/2 trained_batches 164
epoch 2 batch 65/100 accuracy 0.5312 loss 37.568314 best_batch 0.5781 declines 0/2 trained_batches 165
epoch 2 batch 66/100 accuracy 0.4453 loss 38.39212 best_batch 0.5781 declines 0/2 trained_batches 166
epoch 2 batch 67/100 accuracy 0.5 loss 37.553699 best_batch 0.5781 declines 0/2 trained_batches 167
epoch 2 batch 68/100 accuracy 0.5 loss 37.706936 best_batch 0.5781 declines 0/2 trained_batches 168
epoch 2 batch 69/100 accuracy 0.5312 loss 37.450497 best_batch 0.5781 declines 0/2 trained_batches 169
epoch 2 batch 70/100 accuracy 0.5312 loss 36.896851 best_batch 0.5781 declines 0/2 trained_batches 170
epoch 2 batch 71/100 accuracy 0.5312 loss 36.906681 best_batch 0.5781 declines 0/2 trained_batches 171
epoch 2 batch 72/100 accuracy 0.4609 loss 37.306164 best_batch 0.5781 declines 0/2 trained_batches 172
epoch 2 batch 73/100 accuracy 0.4922 loss 37.249485 best_batch 0.5781 declines 0/2 trained_batches 173
epoch 2 batch 74/100 accuracy 0.5938 loss 36.692715 best_batch 0.5938 declines 0/2 trained_batches 174
epoch 2 batch 75/100 accuracy 0.4766 loss 36.912315 best_batch 0.5938 declines 0/2 trained_batches 175
epoch 2 batch 75/100 samples 9600/12800 elapsed 79.4s
epoch 2 batch 76/100 accuracy 0.4844 loss 36.601387 best_batch 0.5938 declines 0/2 trained_batches 176
epoch 2 batch 77/100 accuracy 0.5156 loss 35.912376 best_batch 0.5938 declines 0/2 trained_batches 177
epoch 2 batch 78/100 accuracy 0.4609 loss 38.051655 best_batch 0.5938 declines 0/2 trained_batches 178
epoch 2 batch 79/100 accuracy 0.4609 loss 37.766232 best_batch 0.5938 declines 0/2 trained_batches 179
epoch 2 batch 80/100 accuracy 0.4609 loss 37.438095 best_batch 0.5938 declines 0/2 trained_batches 180
epoch 2 batch 81/100 accuracy 0.4844 loss 37.052643 best_batch 0.5938 declines 0/2 trained_batches 181
epoch 2 batch 82/100 accuracy 0.4141 loss 38.609871 best_batch 0.5938 declines 0/2 trained_batches 182
epoch 2 batch 83/100 accuracy 0.5156 loss 36.983971 best_batch 0.5938 declines 0/2 trained_batches 183
epoch 2 batch 84/100 accuracy 0.4453 loss 38.329407 best_batch 0.5938 declines 0/2 trained_batches 184
epoch 2 batch 85/100 accuracy 0.4844 loss 36.15345 best_batch 0.5938 declines 0/2 trained_batches 185
epoch 2 batch 86/100 accuracy 0.4844 loss 37.22501 best_batch 0.5938 declines 0/2 trained_batches 186
epoch 2 batch 87/100 accuracy 0.4531 loss 38.378578 best_batch 0.5938 declines 0/2 trained_batches 187
epoch 2 batch 88/100 accuracy 0.5156 loss 37.872169 best_batch 0.5938 declines 0/2 trained_batches 188
epoch 2 batch 89/100 accuracy 0.5312 loss 37.218128 best_batch 0.5938 declines 0/2 trained_batches 189
epoch 2 batch 90/100 accuracy 0.4141 loss 37.704491 best_batch 0.5938 declines 0/2 trained_batches 190
epoch 2 batch 91/100 accuracy 0.5703 loss 35.884987 best_batch 0.5938 declines 0/2 trained_batches 191
epoch 2 batch 92/100 accuracy 0.4375 loss 37.662994 best_batch 0.5938 declines 0/2 trained_batches 192
epoch 2 batch 93/100 accuracy 0.4062 loss 37.72694 best_batch 0.5938 declines 0/2 trained_batches 193
epoch 2 batch 94/100 accuracy 0.4844 loss 38.18322 best_batch 0.5938 declines 0/2 trained_batches 194
epoch 2 batch 95/100 accuracy 0.4766 loss 37.710117 best_batch 0.5938 declines 0/2 trained_batches 195
epoch 2 batch 96/100 accuracy 0.5234 loss 37.573631 best_batch 0.5938 declines 0/2 trained_batches 196
epoch 2 batch 97/100 accuracy 0.4688 loss 37.93885 best_batch 0.5938 declines 0/2 trained_batches 197
epoch 2 batch 98/100 accuracy 0.4219 loss 37.030598 best_batch 0.5938 declines 0/2 trained_batches 198
epoch 2 batch 99/100 accuracy 0.4688 loss 37.219898 best_batch 0.5938 declines 0/2 trained_batches 199
epoch 2 batch 100/100 accuracy 0.4375 loss 37.718952 best_batch 0.5938 declines 0/2 trained_batches 200
epoch 2 batch 100/100 samples 12800/12800 elapsed 106.9s
epoch 2 training done in 106.912s
epoch 2 train-eval: evaluating 1000 samples
epoch 2 train accuracy 0.478 loss 37.837822
epoch 2 evaluating
epoch 2 test: evaluating 1000 samples
epoch 2 test accuracy 0.464 loss 37.518944 best 0.464
(timestamp = "2026-06-09T22:11:56", epoch = 2, seconds = 106.912196, train_accuracy = 0.478, train_loss = 37.837822f0, test_accuracy = 0.464, test_loss = 37.518944f0, pred_counts = "122-124-135-0-312-35-64-8-0-200", w_norm = 0.6033594f0, b_norm = 0.026148314f0, w_input_norm = 1.4846413f0, grad_w_norm = 2.7934945f0, grad_b_norm = 0.4193984f0, grad_w_input_norm = 2.9498854f0, effective_w_decay = 0.001f0, effective_w_input_decay = 0.001f0, symmetry_error = 0.0f0, grad_symmetry_error = 0.0f0, best_accuracy = 0.464, best_path = "ext\\IsingLearning\\experiments\\MNIST\\baseline_new_nudge\\experiments\\current\\symmetric_nudge_target_weight_grid_v5_20260609\\b0p050_lr0p00025_T0p00005_wd0p001_step0p5_pos9p0_neg0p50_priortrue_adaptivefalse\\best_checkpoint.bin", final_path = "")
epoch 3 training
epoch 3 batch 1/100 accuracy 0.375 loss 38.496552 best_batch 0.5938 declines 0/2 trained_batches 201
epoch 3 batch 1/100 samples 128/12800 elapsed 1.1s
epoch 3 batch 2/100 accuracy 0.5078 loss 37.347893 best_batch 0.5938 declines 0/2 trained_batches 202
epoch 3 batch 3/100 accuracy 0.6172 loss 35.932896 best_batch 0.6172 declines 0/2 trained_batches 203
epoch 3 batch 4/100 accuracy 0.4844 loss 37.596165 best_batch 0.6172 declines 0/2 trained_batches 204
epoch 3 batch 5/100 accuracy 0.5469 loss 36.643635 best_batch 0.6172 declines 0/2 trained_batches 205
epoch 3 batch 6/100 accuracy 0.4375 loss 37.996552 best_batch 0.6172 declines 0/2 trained_batches 206
epoch 3 batch 7/100 accuracy 0.4688 loss 37.324009 best_batch 0.6172 declines 0/2 trained_batches 207
epoch 3 batch 8/100 accuracy 0.5234 loss 36.598351 best_batch 0.6172 declines 0/2 trained_batches 208
epoch 3 batch 9/100 accuracy 0.5156 loss 35.836327 best_batch 0.6172 declines 0/2 trained_batches 209
epoch 3 batch 10/100 accuracy 0.4766 loss 36.220348 best_batch 0.6172 declines 0/2 trained_batches 210
epoch 3 batch 11/100 accuracy 0.4453 loss 36.154934 best_batch 0.6172 declines 0/2 trained_batches 211
epoch 3 batch 12/100 accuracy 0.5 loss 36.950294 best_batch 0.6172 declines 0/2 trained_batches 212
epoch 3 batch 13/100 accuracy 0.5312 loss 36.488457 best_batch 0.6172 declines 0/2 trained_batches 213
epoch 3 batch 14/100 accuracy 0.4453 loss 37.93116 best_batch 0.6172 declines 0/2 trained_batches 214
epoch 3 batch 15/100 accuracy 0.4453 loss 38.118404 best_batch 0.6172 declines 0/2 trained_batches 215
epoch 3 batch 16/100 accuracy 0.4844 loss 35.649326 best_batch 0.6172 declines 0/2 trained_batches 216
epoch 3 batch 17/100 accuracy 0.5 loss 37.817532 best_batch 0.6172 declines 0/2 trained_batches 217
epoch 3 batch 18/100 accuracy 0.3984 loss 38.473679 best_batch 0.6172 declines 0/2 trained_batches 218
epoch 3 batch 19/100 accuracy 0.4766 loss 36.740955 best_batch 0.6172 declines 0/2 trained_batches 219
epoch 3 batch 20/100 accuracy 0.4453 loss 37.800556 best_batch 0.6172 declines 0/2 trained_batches 220
epoch 3 batch 21/100 accuracy 0.5 loss 37.032967 best_batch 0.6172 declines 0/2 trained_batches 221
epoch 3 batch 22/100 accuracy 0.5234 loss 37.326572 best_batch 0.6172 declines 0/2 trained_batches 222
epoch 3 batch 23/100 accuracy 0.4609 loss 38.653843 best_batch 0.6172 declines 0/2 trained_batches 223
epoch 3 batch 24/100 accuracy 0.4375 loss 37.37421 best_batch 0.6172 declines 0/2 trained_batches 224
epoch 3 batch 25/100 accuracy 0.4844 loss 38.127804 best_batch 0.6172 declines 0/2 trained_batches 225
epoch 3 batch 25/100 samples 3200/12800 elapsed 27.9s
epoch 3 batch 26/100 accuracy 0.5078 loss 38.347534 best_batch 0.6172 declines 0/2 trained_batches 226
epoch 3 batch 27/100 accuracy 0.5156 loss 37.700306 best_batch 0.6172 declines 0/2 trained_batches 227
epoch 3 batch 28/100 accuracy 0.5156 loss 37.222378 best_batch 0.6172 declines 0/2 trained_batches 228
epoch 3 batch 29/100 accuracy 0.375 loss 37.984314 best_batch 0.6172 declines 0/2 trained_batches 229
epoch 3 batch 30/100 accuracy 0.4531 loss 38.33091 best_batch 0.6172 declines 0/2 trained_batches 230
epoch 3 batch 31/100 accuracy 0.5 loss 38.05756 best_batch 0.6172 declines 0/2 trained_batches 231
epoch 3 batch 32/100 accuracy 0.4297 loss 38.176811 best_batch 0.6172 declines 0/2 trained_batches 232
epoch 3 batch 33/100 accuracy 0.5469 loss 36.728336 best_batch 0.6172 declines 0/2 trained_batches 233
epoch 3 batch 34/100 accuracy 0.5703 loss 36.00486 best_batch 0.6172 declines 0/2 trained_batches 234
epoch 3 batch 35/100 accuracy 0.5391 loss 37.653099 best_batch 0.6172 declines 0/2 trained_batches 235
epoch 3 batch 36/100 accuracy 0.5 loss 37.841785 best_batch 0.6172 declines 0/2 trained_batches 236
epoch 3 batch 37/100 accuracy 0.4609 loss 36.86224 best_batch 0.6172 declines 0/2 trained_batches 237
epoch 3 batch 38/100 accuracy 0.4141 loss 37.44928 best_batch 0.6172 declines 0/2 trained_batches 238
epoch 3 batch 39/100 accuracy 0.4141 loss 38.080318 best_batch 0.6172 declines 0/2 trained_batches 239
epoch 3 batch 40/100 accuracy 0.4297 loss 38.732628 best_batch 0.6172 declines 0/2 trained_batches 240
epoch 3 batch 41/100 accuracy 0.4688 loss 37.38451 best_batch 0.6172 declines 0/2 trained_batches 241
epoch 3 batch 42/100 accuracy 0.3906 loss 38.482098 best_batch 0.6172 declines 0/2 trained_batches 242
epoch 3 batch 43/100 accuracy 0.5391 loss 36.318447 best_batch 0.6172 declines 0/2 trained_batches 243
epoch 3 batch 44/100 accuracy 0.4922 loss 36.476059 best_batch 0.6172 declines 0/2 trained_batches 244
epoch 3 batch 45/100 accuracy 0.4531 loss 36.739998 best_batch 0.6172 declines 0/2 trained_batches 245
epoch 3 batch 46/100 accuracy 0.4297 loss 37.402771 best_batch 0.6172 declines 0/2 trained_batches 246
epoch 3 batch 47/100 accuracy 0.5078 loss 37.064327 best_batch 0.6172 declines 0/2 trained_batches 247
epoch 3 batch 48/100 accuracy 0.4609 loss 36.751938 best_batch 0.6172 declines 0/2 trained_batches 248
epoch 3 batch 49/100 accuracy 0.5 loss 37.189312 best_batch 0.6172 declines 0/2 trained_batches 249
epoch 3 batch 50/100 accuracy 0.5078 loss 36.589382 best_batch 0.6172 declines 0/2 trained_batches 250
epoch 3 batch 50/100 samples 6400/12800 elapsed 55.1s
epoch 3 batch 51/100 accuracy 0.4609 loss 37.575638 best_batch 0.6172 declines 0/2 trained_batches 251
epoch 3 batch 52/100 accuracy 0.4297 loss 38.161003 best_batch 0.6172 declines 0/2 trained_batches 252
epoch 3 batch 53/100 accuracy 0.5312 loss 36.956795 best_batch 0.6172 declines 0/2 trained_batches 253
epoch 3 batch 54/100 accuracy 0.3516 loss 40.515961 best_batch 0.6172 declines 0/2 trained_batches 254
epoch 3 batch 55/100 accuracy 0.4219 loss 38.907516 best_batch 0.6172 declines 0/2 trained_batches 255
epoch 3 batch 56/100 accuracy 0.3828 loss 39.202389 best_batch 0.6172 declines 0/2 trained_batches 256
epoch 3 batch 57/100 accuracy 0.5 loss 37.866112 best_batch 0.6172 declines 0/2 trained_batches 257
epoch 3 batch 58/100 accuracy 0.5156 loss 36.818325 best_batch 0.6172 declines 0/2 trained_batches 258
epoch 3 batch 59/100 accuracy 0.4453 loss 38.542542 best_batch 0.6172 declines 0/2 trained_batches 259
epoch 3 batch 60/100 accuracy 0.4609 loss 37.115913 best_batch 0.6172 declines 0/2 trained_batches 260
epoch 3 batch 61/100 accuracy 0.5156 loss 36.494606 best_batch 0.6172 declines 0/2 trained_batches 261
epoch 3 batch 62/100 accuracy 0.4844 loss 37.610405 best_batch 0.6172 declines 0/2 trained_batches 262
epoch 3 batch 63/100 accuracy 0.5703 loss 36.131199 best_batch 0.6172 declines 0/2 trained_batches 263
epoch 3 batch 64/100 accuracy 0.4844 loss 36.686153 best_batch 0.6172 declines 0/2 trained_batches 264
epoch 3 batch 65/100 accuracy 0.5625 loss 36.426205 best_batch 0.6172 declines 0/2 trained_batches 265
epoch 3 batch 66/100 accuracy 0.5547 loss 35.908142 best_batch 0.6172 declines 0/2 trained_batches 266
epoch 3 batch 67/100 accuracy 0.5625 loss 36.672985 best_batch 0.6172 declines 0/2 trained_batches 267
epoch 3 batch 68/100 accuracy 0.4688 loss 36.429535 best_batch 0.6172 declines 0/2 trained_batches 268
epoch 3 batch 69/100 accuracy 0.4844 loss 36.402798 best_batch 0.6172 declines 0/2 trained_batches 269
epoch 3 batch 70/100 accuracy 0.5391 loss 36.493015 best_batch 0.6172 declines 0/2 trained_batches 270
epoch 3 batch 71/100 accuracy 0.4766 loss 36.33437 best_batch 0.6172 declines 0/2 trained_batches 271
epoch 3 batch 72/100 accuracy 0.6328 loss 34.250732 best_batch 0.6328 declines 0/2 trained_batches 272
epoch 3 batch 73/100 accuracy 0.5625 loss 36.349648 best_batch 0.6328 declines 0/2 trained_batches 273
epoch 3 batch 74/100 accuracy 0.5156 loss 37.045006 best_batch 0.6328 declines 0/2 trained_batches 274
epoch 3 batch 75/100 accuracy 0.4297 loss 37.221264 best_batch 0.6328 declines 0/2 trained_batches 275
epoch 3 batch 75/100 samples 9600/12800 elapsed 82.7s
epoch 3 batch 76/100 accuracy 0.4531 loss 36.657902 best_batch 0.6328 declines 0/2 trained_batches 276
epoch 3 batch 77/100 accuracy 0.5078 loss 35.346958 best_batch 0.6328 declines 0/2 trained_batches 277
epoch 3 batch 78/100 accuracy 0.4844 loss 36.862965 best_batch 0.6328 declines 0/2 trained_batches 278
epoch 3 batch 79/100 accuracy 0.4297 loss 37.514023 best_batch 0.6328 declines 0/2 trained_batches 279
epoch 3 batch 80/100 accuracy 0.4922 loss 36.597321 best_batch 0.6328 declines 0/2 trained_batches 280
epoch 3 batch 81/100 accuracy 0.4531 loss 37.660587 best_batch 0.6328 declines 0/2 trained_batches 281
epoch 3 batch 82/100 accuracy 0.4531 loss 37.334465 best_batch 0.6328 declines 0/2 trained_batches 282
epoch 3 batch 83/100 accuracy 0.5547 loss 35.920002 best_batch 0.6328 declines 0/2 trained_batches 283
epoch 3 batch 84/100 accuracy 0.4922 loss 36.86924 best_batch 0.6328 declines 0/2 trained_batches 284
epoch 3 batch 85/100 accuracy 0.4922 loss 36.121517 best_batch 0.6328 declines 0/2 trained_batches 285
epoch 3 batch 86/100 accuracy 0.5 loss 37.340439 best_batch 0.6328 declines 0/2 trained_batches 286
epoch 3 batch 87/100 accuracy 0.5078 loss 36.027309 best_batch 0.6328 declines 0/2 trained_batches 287
epoch 3 batch 88/100 accuracy 0.5312 loss 37.207653 best_batch 0.6328 declines 0/2 trained_batches 288
epoch 3 batch 89/100 accuracy 0.5312 loss 36.351372 best_batch 0.6328 declines 0/2 trained_batches 289
epoch 3 batch 90/100 accuracy 0.5312 loss 37.059212 best_batch 0.6328 declines 0/2 trained_batches 290
epoch 3 batch 91/100 accuracy 0.4922 loss 37.11639 best_batch 0.6328 declines 0/2 trained_batches 291
epoch 3 batch 92/100 accuracy 0.5547 loss 36.059948 best_batch 0.6328 declines 0/2 trained_batches 292
epoch 3 batch 93/100 accuracy 0.4531 loss 38.007652 best_batch 0.6328 declines 0/2 trained_batches 293
epoch 3 batch 94/100 accuracy 0.5078 loss 36.651489 best_batch 0.6328 declines 0/2 trained_batches 294
epoch 3 batch 95/100 accuracy 0.4531 loss 37.384178 best_batch 0.6328 declines 0/2 trained_batches 295
epoch 3 batch 96/100 accuracy 0.5391 loss 35.919502 best_batch 0.6328 declines 0/2 trained_batches 296
epoch 3 batch 97/100 accuracy 0.4844 loss 37.714973 best_batch 0.6328 declines 0/2 trained_batches 297
epoch 3 batch 98/100 accuracy 0.5469 loss 36.784843 best_batch 0.6328 declines 0/2 trained_batches 298
epoch 3 batch 99/100 accuracy 0.4453 loss 37.283997 best_batch 0.6328 declines 0/2 trained_batches 299
epoch 3 batch 100/100 accuracy 0.5625 loss 35.559189 best_batch 0.6328 declines 0/2 trained_batches 300
epoch 3 batch 100/100 samples 12800/12800 elapsed 108.2s
epoch 3 training done in 108.213s
epoch 3 train-eval: evaluating 1000 samples
epoch 3 train accuracy 0.519 loss 37.147186
epoch 3 evaluating
epoch 3 test: evaluating 1000 samples
epoch 3 test accuracy 0.5 loss 37.353634 best 0.5
(timestamp = "2026-06-09T22:13:47", epoch = 3, seconds = 108.2125425, train_accuracy = 0.519, train_loss = 37.147186f0, test_accuracy = 0.5, test_loss = 37.353634f0, pred_counts = "103-104-158-0-251-71-91-1-0-221", w_norm = 0.62543476f0, b_norm = 0.028080603f0, w_input_norm = 1.5332294f0, grad_w_norm = 6.0776234f0, grad_b_norm = 0.87125456f0, grad_w_input_norm = 6.716199f0, effective_w_decay = 0.001f0, effective_w_input_decay = 0.001f0, symmetry_error = 0.0f0, grad_symmetry_error = 0.0f0, best_accuracy = 0.5, best_path = "ext\\IsingLearning\\experiments\\MNIST\\baseline_new_nudge\\experiments\\current\\symmetric_nudge_target_weight_grid_v5_20260609\\b0p050_lr0p00025_T0p00005_wd0p001_step0p5_pos9p0_neg0p50_priortrue_adaptivefalse\\best_checkpoint.bin", final_path = "")
epoch 4 training
epoch 4 batch 1/100 accuracy 0.4688 loss 38.018673 best_batch 0.6328 declines 1/2 trained_batches 301
epoch 4 batch 1/100 samples 128/12800 elapsed 0.9s
epoch 4 batch 2/100 accuracy 0.5391 loss 36.031731 best_batch 0.6328 declines 0/2 trained_batches 302
epoch 4 batch 3/100 accuracy 0.5312 loss 37.117447 best_batch 0.6328 declines 1/2 trained_batches 303
epoch 4 batch 4/100 accuracy 0.5469 loss 37.021313 best_batch 0.6328 declines 0/2 trained_batches 304
epoch 4 batch 5/100 accuracy 0.5938 loss 36.04311 best_batch 0.6328 declines 0/2 trained_batches 305
epoch 4 batch 6/100 accuracy 0.4453 loss 37.905785 best_batch 0.6328 declines 1/2 trained_batches 306
epoch 4 batch 7/100 accuracy 0.4453 loss 37.978771 best_batch 0.6328 declines 0/2 trained_batches 307
epoch 4 batch 8/100 accuracy 0.5 loss 36.817249 best_batch 0.6328 declines 0/2 trained_batches 308
epoch 4 batch 9/100 accuracy 0.5156 loss 36.832695 best_batch 0.6328 declines 0/2 trained_batches 309
epoch 4 batch 10/100 accuracy 0.4844 loss 37.071632 best_batch 0.6328 declines 1/2 trained_batches 310
epoch 4 batch 11/100 accuracy 0.4375 loss 37.443089 best_batch 0.6328 declines 2/2 trained_batches 311
epoch 4 early stop: batch accuracy declined for 2 consecutive batches
epoch 4 training done in 10.332s
epoch 4 train-eval: evaluating 1000 samples
epoch 4 train accuracy 0.486 loss 37.463352
epoch 4 evaluating
epoch 4 test: evaluating 1000 samples
epoch 4 test accuracy 0.488 loss 37.365223 best 0.5
(timestamp = "2026-06-09T22:14:01", epoch = 4, seconds = 10.3320647, train_accuracy = 0.486, train_loss = 37.463352f0, test_accuracy = 0.488, test_loss = 37.365223f0, pred_counts = "104-111-106-0-245-63-111-4-0-256", w_norm = 0.6279798f0, b_norm = 0.0284092f0, w_input_norm = 1.5378151f0, grad_w_norm = 4.213924f0, grad_b_norm = 0.6015338f0, grad_w_input_norm = 4.5620937f0, effective_w_decay = 0.001f0, effective_w_input_decay = 0.001f0, symmetry_error = 0.0f0, grad_symmetry_error = 0.0f0, best_accuracy = 0.5, best_path = "ext\\IsingLearning\\experiments\\MNIST\\baseline_new_nudge\\experiments\\current\\symmetric_nudge_target_weight_grid_v5_20260609\\b0p050_lr0p00025_T0p00005_wd0p001_step0p5_pos9p0_neg0p50_priortrue_adaptivefalse\\best_checkpoint.bin", final_path = "")
saved MNIST 784-120-40 softplus-margin nudge baseline in ext\IsingLearning\experiments\MNIST\baseline_new_nudge\experiments\current\symmetric_nudge_target_weight_grid_v5_20260609\b0p050_lr0p00025_T0p00005_wd0p001_step0p5_pos9p0_neg0p50_priortrue_adaptivefalse
