[2026-06-05T01:08:07] START r10 last_epoch=-1 target=200 resume=
[2026-06-05T01:08:07] PID r10 377108
[2026-06-05T01:09:46] END r10 exit=1
[2026-06-05T01:10:57] START r10 last_epoch=3 target=200 resume=C:\Users\fenje\dev\InteractiveIsing.jl\ext\IsingLearning\experiments\MNIST\single-hidden-local-28x28-to-11x11-readout\experiments\current\20260605_radius_r10_to_r1_s25_b15_lr25_e200\r10\latest_checkpoint.bin
[2026-06-05T01:10:57] PID r10 359544
[2026-06-05T01:42:34] END r10 exit=0
[2026-06-05T01:42:34] START r9 last_epoch=-1 target=200 resume=
[2026-06-05T01:42:34] PID r9 389996
[2026-06-05T02:11:32] END r9 exit=0
[2026-06-05T02:11:32] START r8 last_epoch=-1 target=200 resume=
[2026-06-05T02:11:32] PID r8 395028
[2026-06-05T02:37:34] END r8 exit=0
[2026-06-05T02:37:34] START r7 last_epoch=-1 target=200 resume=
[2026-06-05T02:37:34] PID r7 420200
[2026-06-05T03:00:09] END r7 exit=0
[2026-06-05T03:00:09] START r6 last_epoch=-1 target=200 resume=
[2026-06-05T03:00:09] PID r6 431936
[2026-06-05T03:20:28] END r6 exit=0
[2026-06-05T03:20:28] START r5 last_epoch=-1 target=200 resume=
[2026-06-05T03:20:28] PID r5 439644
[2026-06-05T03:38:22] END r5 exit=0
[2026-06-05T03:38:22] START r4 last_epoch=-1 target=200 resume=
[2026-06-05T03:38:22] PID r4 448796
[2026-06-05T03:53:30] END r4 exit=0
[2026-06-05T03:53:30] START r3 last_epoch=-1 target=200 resume=
[2026-06-05T03:53:30] PID r3 455764
[2026-06-05T04:06:39] END r3 exit=0
[2026-06-05T04:06:39] START r2 last_epoch=-1 target=200 resume=
[2026-06-05T04:06:39] PID r2 463744
[2026-06-05T04:18:23] END r2 exit=0
[2026-06-05T04:18:23] START r1 last_epoch=-1 target=200 resume=
[2026-06-05T04:18:23] PID r1 468392
[2026-06-05T04:29:09] END r1 exit=0
[2026-06-05T04:29:09] RADIUS GRID COMPLETE
