[bootstrap] activated project
[bootstrap] loaded packages
building MNIST 784-120-40 layer
loading training split
training samples: 12800 (100 batches/epoch)
loading train-eval split
train-eval samples: 1000
loading test split
test samples: 1000
constructing 32-worker softplus-margin nudge Adam manager
constructing 32-worker validation manager
starting epochs
restoring checkpoint state from ext/IsingLearning/experiments/MNIST/baseline_new_nudge/experiments/current/symmetric_nudge_resume_from_0p689_20260610/cont_lr0p00012_reset_s500/best_checkpoint.bin
epoch 18 training
epoch 18 batch 1/100 samples 128/12800 elapsed 16.1s
epoch 18 batch 25/100 samples 3200/12800 elapsed 41.6s
epoch 18 batch 50/100 samples 6400/12800 elapsed 67.9s
epoch 18 batch 75/100 samples 9600/12800 elapsed 94.9s
epoch 18 batch 100/100 samples 12800/12800 elapsed 123.0s
epoch 18 training done in 123.011s
epoch 18 train-eval: evaluating 1000 samples
epoch 18 train accuracy 0.674 loss 12.132726
epoch 18 evaluating
epoch 18 test: evaluating 1000 samples
epoch 18 test accuracy 0.691 loss 12.014799 best 0.714
(timestamp = "2026-06-10T09:17:21", epoch = 18, seconds = 123.0108733, train_accuracy = 0.674, train_loss = 12.132726f0, test_accuracy = 0.691, test_loss = 12.014799f0, pred_counts = "108-118-127-172-116-95-119-120-13-12", w_norm = 0.7982693f0, b_norm = 0.061764967f0, w_input_norm = 1.9508787f0, grad_w_norm = 3.7452214f0, grad_b_norm = 0.5396259f0, grad_w_input_norm = 3.522352f0, effective_w_decay = 0.001f0, effective_w_input_decay = 0.001f0, symmetry_error = 0.0f0, grad_symmetry_error = 0.0f0, best_accuracy = 0.714, best_path = "ext\\IsingLearning\\experiments\\MNIST\\baseline_new_nudge\\experiments\\current\\symmetric_nudge_beta_relax_from_0p714_20260610\\b0p020_lr0p00012_s750_fixed\\best_checkpoint.bin", final_path = "")
epoch 19 training
epoch 19 batch 1/100 samples 128/12800 elapsed 1.1s
epoch 19 batch 25/100 samples 3200/12800 elapsed 29.7s
epoch 19 batch 50/100 samples 6400/12800 elapsed 57.3s
epoch 19 batch 75/100 samples 9600/12800 elapsed 84.4s
epoch 19 batch 100/100 samples 12800/12800 elapsed 113.6s
epoch 19 training done in 113.622s
epoch 19 train-eval: evaluating 1000 samples
epoch 19 train accuracy 0.635 loss 12.612309
epoch 19 evaluating
epoch 19 test: evaluating 1000 samples
epoch 19 test accuracy 0.654 loss 12.495921 best 0.714
(timestamp = "2026-06-10T09:19:20", epoch = 19, seconds = 113.6223358, train_accuracy = 0.635, train_loss = 12.6123085f0, test_accuracy = 0.654, test_loss = 12.495921f0, pred_counts = "107-107-133-191-149-116-67-114-11-5", w_norm = 0.80099165f0, b_norm = 0.06343215f0, w_input_norm = 1.9689587f0, grad_w_norm = 4.755981f0, grad_b_norm = 0.585396f0, grad_w_input_norm = 4.3761725f0, effective_w_decay = 0.001f0, effective_w_input_decay = 0.001f0, symmetry_error = 0.0f0, grad_symmetry_error = 0.0f0, best_accuracy = 0.714, best_path = "ext\\IsingLearning\\experiments\\MNIST\\baseline_new_nudge\\experiments\\current\\symmetric_nudge_beta_relax_from_0p714_20260610\\b0p020_lr0p00012_s750_fixed\\best_checkpoint.bin", final_path = "")
epoch 20 training
epoch 20 batch 1/100 samples 128/12800 elapsed 1.2s
epoch 20 batch 25/100 samples 3200/12800 elapsed 28.6s
epoch 20 batch 50/100 samples 6400/12800 elapsed 57.4s
epoch 20 batch 75/100 samples 9600/12800 elapsed 86.6s
epoch 20 batch 100/100 samples 12800/12800 elapsed 119.1s
epoch 20 training done in 119.057s
epoch 20 train-eval: evaluating 1000 samples
epoch 20 train accuracy 0.669 loss 11.796841
epoch 20 evaluating
epoch 20 test: evaluating 1000 samples
epoch 20 test accuracy 0.689 loss 11.549154 best 0.714
(timestamp = "2026-06-10T09:21:24", epoch = 20, seconds = 119.0572124, train_accuracy = 0.669, train_loss = 11.796841f0, test_accuracy = 0.689, test_loss = 11.549154f0, pred_counts = "128-114-140-160-115-73-101-138-25-6", w_norm = 0.81280756f0, b_norm = 0.06569553f0, w_input_norm = 1.9882314f0, grad_w_norm = 3.5678487f0, grad_b_norm = 0.50627077f0, grad_w_input_norm = 3.0761127f0, effective_w_decay = 0.001f0, effective_w_input_decay = 0.001f0, symmetry_error = 0.0f0, grad_symmetry_error = 0.0f0, best_accuracy = 0.714, best_path = "ext\\IsingLearning\\experiments\\MNIST\\baseline_new_nudge\\experiments\\current\\symmetric_nudge_beta_relax_from_0p714_20260610\\b0p020_lr0p00012_s750_fixed\\best_checkpoint.bin", final_path = "")
epoch 21 training
epoch 21 batch 1/100 samples 128/12800 elapsed 1.2s
epoch 21 batch 25/100 samples 3200/12800 elapsed 29.4s
epoch 21 batch 50/100 samples 6400/12800 elapsed 57.7s
epoch 21 batch 75/100 samples 9600/12800 elapsed 86.0s
epoch 21 batch 100/100 samples 12800/12800 elapsed 115.1s
epoch 21 training done in 115.056s
epoch 21 train-eval: evaluating 1000 samples
epoch 21 train accuracy 0.668 loss 12.301609
epoch 21 evaluating
epoch 21 test: evaluating 1000 samples
epoch 21 test accuracy 0.67 loss 12.27182 best 0.714
(timestamp = "2026-06-10T09:23:23", epoch = 21, seconds = 115.0557286, train_accuracy = 0.668, train_loss = 12.301609f0, test_accuracy = 0.67, test_loss = 12.27182f0, pred_counts = "141-114-147-114-141-119-83-129-7-5", w_norm = 0.81393015f0, b_norm = 0.06565735f0, w_input_norm = 2.003507f0, grad_w_norm = 6.9408307f0, grad_b_norm = 1.0382025f0, grad_w_input_norm = 6.999699f0, effective_w_decay = 0.001f0, effective_w_input_decay = 0.001f0, symmetry_error = 0.0f0, grad_symmetry_error = 0.0f0, best_accuracy = 0.714, best_path = "ext\\IsingLearning\\experiments\\MNIST\\baseline_new_nudge\\experiments\\current\\symmetric_nudge_beta_relax_from_0p714_20260610\\b0p020_lr0p00012_s750_fixed\\best_checkpoint.bin", final_path = "")
epoch 22 training
epoch 22 batch 1/100 samples 128/12800 elapsed 1.1s
epoch 22 batch 25/100 samples 3200/12800 elapsed 28.0s
epoch 22 batch 50/100 samples 6400/12800 elapsed 55.6s
epoch 22 batch 75/100 samples 9600/12800 elapsed 83.3s
epoch 22 batch 100/100 samples 12800/12800 elapsed 114.0s
epoch 22 training done in 113.977s
epoch 22 train-eval: evaluating 1000 samples
epoch 22 train accuracy 0.639 loss 12.735343
epoch 22 evaluating
epoch 22 test: evaluating 1000 samples
epoch 22 test accuracy 0.651 loss 12.796486 best 0.714
epoch 22 early stop: test accuracy declined for 2 consecutive evaluated epochs
(timestamp = "2026-06-10T09:25:23", epoch = 22, seconds = 113.9770569, train_accuracy = 0.639, train_loss = 12.735343f0, test_accuracy = 0.651, test_loss = 12.796486f0, pred_counts = "122-98-152-151-196-91-83-91-8-8", w_norm = 0.81493783f0, b_norm = 0.0658365f0, w_input_norm = 2.0196214f0, grad_w_norm = 5.2717323f0, grad_b_norm = 0.57859635f0, grad_w_input_norm = 2.51782f0, effective_w_decay = 0.001f0, effective_w_input_decay = 0.001f0, symmetry_error = 0.0f0, grad_symmetry_error = 0.0f0, best_accuracy = 0.714, best_path = "ext\\IsingLearning\\experiments\\MNIST\\baseline_new_nudge\\experiments\\current\\symmetric_nudge_beta_relax_from_0p714_20260610\\b0p020_lr0p00012_s750_fixed\\best_checkpoint.bin", final_path = "")
saved MNIST 784-120-40 softplus-margin nudge baseline in ext\IsingLearning\experiments\MNIST\baseline_new_nudge\experiments\current\symmetric_nudge_beta_relax_from_0p714_20260610\b0p020_lr0p00012_s750_fixed
