Running 4 local CNN-like XOR config(s)
[1/4] h8_r2_open
h8_r2_open epoch=0 mse=0.983094 acc=0.5 min_margin=-0.0122 best_margin=-0.0122
h8_r2_open epoch=10 mse=0.943121 acc=1.0 min_margin=0.0135 best_margin=0.0135
h8_r2_open epoch=20 mse=1.023285 acc=0.0 min_margin=-0.0231 best_margin=0.0135
h8_r2_open epoch=30 mse=1.010538 acc=0.5 min_margin=-0.0519 best_margin=0.0135
h8_r2_open epoch=40 mse=1.000931 acc=0.5 min_margin=-0.0161 best_margin=0.0135
h8_r2_open epoch=50 mse=0.963117 acc=0.75 min_margin=-0.0309 best_margin=0.0135
h8_r2_open epoch=60 mse=0.991853 acc=0.5 min_margin=-0.0407 best_margin=0.0135
h8_r2_open epoch=70 mse=1.012288 acc=0.25 min_margin=-0.0601 best_margin=0.0135
h8_r2_open epoch=80 mse=1.013348 acc=0.5 min_margin=-0.0361 best_margin=0.0135
[2/4] h8_r5_open
h8_r5_open epoch=0 mse=1.001588 acc=0.5 min_margin=-0.0238 best_margin=-0.0238
h8_r5_open epoch=10 mse=1.034691 acc=0.25 min_margin=-0.0474 best_margin=-0.0238
h8_r5_open epoch=20 mse=1.030749 acc=0.25 min_margin=-0.037 best_margin=-0.0238
h8_r5_open epoch=30 mse=1.054068 acc=0.25 min_margin=-0.0651 best_margin=-0.0238
h8_r5_open epoch=40 mse=0.927077 acc=1.0 min_margin=0.0202 best_margin=0.0202
h8_r5_open epoch=50 mse=1.010705 acc=0.5 min_margin=-0.0659 best_margin=0.0202
h8_r5_open epoch=60 mse=1.030067 acc=0.5 min_margin=-0.0774 best_margin=0.0202
h8_r5_open epoch=70 mse=0.99214 acc=0.75 min_margin=-0.0677 best_margin=0.0202
h8_r5_open epoch=80 mse=1.005341 acc=0.25 min_margin=-0.0152 best_margin=0.0202
[3/4] h16_r2_open
h16_r2_open epoch=0 mse=0.967821 acc=0.5 min_margin=-0.01 best_margin=-0.01
h16_r2_open epoch=10 mse=0.93868 acc=0.75 min_margin=-0.0003 best_margin=-0.0003
h16_r2_open epoch=20 mse=1.112168 acc=0.25 min_margin=-0.0969 best_margin=-0.0003
h16_r2_open epoch=30 mse=0.972238 acc=0.75 min_margin=-0.0246 best_margin=-0.0003
h16_r2_open epoch=40 mse=0.97547 acc=0.75 min_margin=-0.0211 best_margin=-0.0003
h16_r2_open epoch=50 mse=1.012026 acc=0.5 min_margin=-0.0352 best_margin=-0.0003
h16_r2_open epoch=60 mse=1.03528 acc=0.5 min_margin=-0.0532 best_margin=-0.0003
h16_r2_open epoch=70 mse=1.044557 acc=0.25 min_margin=-0.0569 best_margin=-0.0003
h16_r2_open epoch=80 mse=1.037346 acc=0.5 min_margin=-0.041 best_margin=-0.0003
[4/4] h16_r5_open
h16_r5_open epoch=0 mse=0.998783 acc=0.75 min_margin=-0.0415 best_margin=-0.0415
h16_r5_open epoch=10 mse=0.983033 acc=0.75 min_margin=-0.0366 best_margin=-0.0366
h16_r5_open epoch=20 mse=0.929648 acc=0.75 min_margin=-0.0132 best_margin=-0.0132
h16_r5_open epoch=30 mse=1.040425 acc=0.25 min_margin=-0.0416 best_margin=-0.0132
h16_r5_open epoch=40 mse=1.04609 acc=0.25 min_margin=-0.0387 best_margin=-0.0132
h16_r5_open epoch=50 mse=0.933143 acc=1.0 min_margin=0.0091 best_margin=0.0091
h16_r5_open epoch=60 mse=1.000061 acc=0.5 min_margin=-0.0319 best_margin=0.0091
h16_r5_open epoch=70 mse=1.017386 acc=0.25 min_margin=-0.0238 best_margin=0.0091
h16_r5_open epoch=80 mse=0.994816 acc=0.75 min_margin=-0.0602 best_margin=0.0091
saved metrics ext/IsingLearning/experiments/XOR/runs/local_checkerboard_pattern_beta1_h8h16_r2r5_rep128_e80\metrics.csv
saved summary ext/IsingLearning/experiments/XOR/runs/local_checkerboard_pattern_beta1_h8h16_r2r5_rep128_e80\summary.csv
saved note ext/IsingLearning/experiments/XOR/runs/local_checkerboard_pattern_beta1_h8h16_r2r5_rep128_e80\README.md
