  Activating project at `~/Documents/GitHub/InteractiveIsing.jl/ext/IsingLearning`
┌ Warning: Overlapping GeneralState field names encountered during merge; later defaults will override earlier ones.
│   overlapping_fields =
│    2-element Vector{Symbol}:
│     :equilibrium_state
│     :x
└ @ IsingLearning.InteractiveIsing.Processes ~/Documents/GitHub/InteractiveIsing.jl/deps/Processes/src/Widgets/GeneralState.jl:54
┌ Warning: Overlapping GeneralState field names encountered during merge; later defaults will override earlier ones.
│   overlapping_fields =
│    3-element Vector{Symbol}:
│     :equilibrium_state
│     :y
│     :x
└ @ IsingLearning.InteractiveIsing.Processes ~/Documents/GitHub/InteractiveIsing.jl/deps/Processes/src/Widgets/GeneralState.jl:54
Running 2-input statistical XOR EP: (epochs = 1000, log_every = 250, minit = 4, eval_repeats = 32, hidden = 16, beta = 1.0, lr = 0.0015, weight_decay = 0.0001, temp = 0.2, stepsize = 0.05, block_size = 8, free_relaxation = 1000, nudged_relaxation = 1000, state = :continuous, dynamics = :langevin, init_mode = :random, training_rule = :ep, target_free_sign = :target_minus_free)
epoch=0 mse=1.01515 acc=0.5
    case=(false, false) input=[-1.0, -1.0] target=[1.0, -1.0] mean=[-0.0548, 0.0269] std=0.73796
    case=(false, true) input=[-1.0, 1.0] target=[-1.0, 1.0] mean=[-0.087, -0.13] std=0.7166
    case=(true, false) input=[1.0, -1.0] target=[-1.0, 1.0] mean=[0.1672, 0.2644] std=0.67654
    case=(true, true) input=[1.0, 1.0] target=[1.0, -1.0] mean=[-0.0853, -0.1269] std=0.68575
epoch=1 mse=1.09992 acc=0.25 grad=0.655766 response=0.662121 delta=0.018248
epoch=250 mse=0.961588 acc=0.75 grad=0.720563 response=0.712597 delta=1.535977
epoch=500 mse=0.874186 acc=0.5 grad=0.523495 response=0.680772 delta=1.892703
epoch=750 mse=0.964099 acc=0.75 grad=0.612141 response=0.687516 delta=1.976073
epoch=1000 mse=1.030651 acc=0.5 grad=0.635599 response=0.700059 delta=2.050826
restored best mse=1.034707 acc=0.5
    case=(false, false) input=[-1.0, -1.0] target=[1.0, -1.0] mean=[0.0689, -0.066] std=0.57488
    case=(false, true) input=[-1.0, 1.0] target=[-1.0, 1.0] mean=[0.0526, 0.1589] std=0.60263
    case=(true, false) input=[1.0, -1.0] target=[-1.0, 1.0] mean=[-0.0282, -0.1277] std=0.55682
    case=(true, true) input=[1.0, 1.0] target=[1.0, -1.0] mean=[-0.1587, 0.079] std=0.62413
Saved CSV: ext/IsingLearning/runs/xor_langevin_2input_search_focused_1000/T020_s005/xor_statistical_ep_2input.csv
Saved plot: ext/IsingLearning/runs/xor_langevin_2input_search_focused_1000/T020_s005/xor_statistical_ep_2input.png
Saved graph: ext/IsingLearning/runs/xor_langevin_2input_search_focused_1000/T020_s005/xor_statistical_ep_2input_trained_graph.jld2
