[bootstrap] activated project
[bootstrap] loaded packages
building MNIST 784-120-40 layer
loading training split
training samples: 12800 (100 batches/epoch)
loading train-eval split
train-eval samples: 1000
loading test split
test samples: 1000
constructing 32-worker softplus-margin nudge Adam manager
constructing 32-worker validation manager
starting epochs
epoch 0 train-eval: evaluating 1000 samples
epoch 0 train accuracy 0.062 loss 74.289459
epoch 0 evaluating
epoch 0 test: evaluating 1000 samples
epoch 0 test accuracy 0.057 loss 73.682365 best 0.057
(timestamp = "2026-06-09T17:55:59", epoch = 0, seconds = 0.0, train_accuracy = 0.062, train_loss = 74.28946f0, test_accuracy = 0.057, test_loss = 73.682365f0, pred_counts = "44-167-73-63-102-49-76-236-88-102", w_norm = 0.48583895f0, b_norm = 0.0f0, w_input_norm = 1.5314544f0, grad_w_norm = 0.0f0, grad_b_norm = 0.0f0, grad_w_input_norm = 0.0f0, effective_w_decay = 0.003f0, effective_w_input_decay = 0.003f0, symmetry_error = 0.0f0, grad_symmetry_error = 0.0f0, best_accuracy = 0.057, best_path = "ext\\IsingLearning\\experiments\\MNIST\\baseline_new_nudge\\experiments\\current\\focus_grid_weight_decay_20260609\\b0p2_T0p00005_wd0p003_adaptivefalse\\best_checkpoint.bin", final_path = "")
epoch 1 training
epoch 1 batch 1/100 samples 128/12800 elapsed 8.3s
epoch 1 batch 25/100 samples 3200/12800 elapsed 16.8s
epoch 1 batch 50/100 samples 6400/12800 elapsed 25.4s
epoch 1 batch 75/100 samples 9600/12800 elapsed 34.0s
epoch 1 batch 100/100 samples 12800/12800 elapsed 43.2s
epoch 1 training done in 43.232s
epoch 1 train-eval: evaluating 1000 samples
epoch 1 train accuracy 0.423 loss 29.47102
epoch 1 evaluating
epoch 1 test: evaluating 1000 samples
epoch 1 test accuracy 0.428 loss 30.103291 best 0.428
(timestamp = "2026-06-09T17:56:47", epoch = 1, seconds = 43.2323301, train_accuracy = 0.423, train_loss = 29.47102f0, test_accuracy = 0.428, test_loss = 30.10329f0, pred_counts = "64-55-65-248-159-168-84-0-0-157", w_norm = 2.0181143f0, b_norm = 0.10568619f0, w_input_norm = 3.1831105f0, grad_w_norm = 4.0845613f0, grad_b_norm = 0.7428765f0, grad_w_input_norm = 5.5161324f0, effective_w_decay = 0.003f0, effective_w_input_decay = 0.003f0, symmetry_error = 0.0f0, grad_symmetry_error = 0.0f0, best_accuracy = 0.428, best_path = "ext\\IsingLearning\\experiments\\MNIST\\baseline_new_nudge\\experiments\\current\\focus_grid_weight_decay_20260609\\b0p2_T0p00005_wd0p003_adaptivefalse\\best_checkpoint.bin", final_path = "")
epoch 2 training
epoch 2 batch 1/100 samples 128/12800 elapsed 0.4s
epoch 2 batch 25/100 samples 3200/12800 elapsed 9.8s
epoch 2 batch 50/100 samples 6400/12800 elapsed 19.0s
epoch 2 batch 75/100 samples 9600/12800 elapsed 28.1s
epoch 2 batch 100/100 samples 12800/12800 elapsed 37.7s
epoch 2 training done in 37.693s
epoch 2 train-eval: evaluating 1000 samples
epoch 2 train accuracy 0.408 loss 34.189899
epoch 2 evaluating
epoch 2 test: evaluating 1000 samples
epoch 2 test accuracy 0.383 loss 33.279324 best 0.428
(timestamp = "2026-06-09T17:57:28", epoch = 2, seconds = 37.6932134, train_accuracy = 0.408, train_loss = 34.1899f0, test_accuracy = 0.383, test_loss = 33.279324f0, pred_counts = "62-54-63-283-153-154-69-0-0-162", w_norm = 2.397513f0, b_norm = 0.12616423f0, w_input_norm = 3.709516f0, grad_w_norm = 3.0474775f0, grad_b_norm = 0.49049824f0, grad_w_input_norm = 3.2797523f0, effective_w_decay = 0.003f0, effective_w_input_decay = 0.003f0, symmetry_error = 0.0f0, grad_symmetry_error = 0.0f0, best_accuracy = 0.428, best_path = "ext\\IsingLearning\\experiments\\MNIST\\baseline_new_nudge\\experiments\\current\\focus_grid_weight_decay_20260609\\b0p2_T0p00005_wd0p003_adaptivefalse\\best_checkpoint.bin", final_path = "")
epoch 3 training
epoch 3 batch 1/100 samples 128/12800 elapsed 0.5s
epoch 3 batch 25/100 samples 3200/12800 elapsed 9.7s
epoch 3 batch 50/100 samples 6400/12800 elapsed 19.5s
epoch 3 batch 75/100 samples 9600/12800 elapsed 29.2s
epoch 3 batch 100/100 samples 12800/12800 elapsed 39.0s
epoch 3 training done in 39.02s
epoch 3 train-eval: evaluating 1000 samples
epoch 3 train accuracy 0.41 loss 32.307346
epoch 3 evaluating
epoch 3 test: evaluating 1000 samples
epoch 3 test accuracy 0.393 loss 32.93092 best 0.428
(timestamp = "2026-06-09T17:58:11", epoch = 3, seconds = 39.0196835, train_accuracy = 0.41, train_loss = 32.307346f0, test_accuracy = 0.393, test_loss = 32.93092f0, pred_counts = "64-53-71-263-173-168-63-0-0-145", w_norm = 2.7002704f0, b_norm = 0.13499446f0, w_input_norm = 3.995251f0, grad_w_norm = 2.1334648f0, grad_b_norm = 0.36151442f0, grad_w_input_norm = 2.8319592f0, effective_w_decay = 0.003f0, effective_w_input_decay = 0.003f0, symmetry_error = 0.0f0, grad_symmetry_error = 0.0f0, best_accuracy = 0.428, best_path = "ext\\IsingLearning\\experiments\\MNIST\\baseline_new_nudge\\experiments\\current\\focus_grid_weight_decay_20260609\\b0p2_T0p00005_wd0p003_adaptivefalse\\best_checkpoint.bin", final_path = "")
epoch 4 training
epoch 4 batch 1/100 samples 128/12800 elapsed 0.5s
epoch 4 batch 25/100 samples 3200/12800 elapsed 10.1s
epoch 4 batch 50/100 samples 6400/12800 elapsed 19.5s
epoch 4 batch 75/100 samples 9600/12800 elapsed 28.9s
epoch 4 batch 100/100 samples 12800/12800 elapsed 38.5s
epoch 4 training done in 38.546s
epoch 4 train-eval: evaluating 1000 samples
epoch 4 train accuracy 0.411 loss 31.225241
epoch 4 evaluating
epoch 4 test: evaluating 1000 samples
epoch 4 test accuracy 0.388 loss 31.966206 best 0.428
(timestamp = "2026-06-09T17:58:52", epoch = 4, seconds = 38.5460377, train_accuracy = 0.411, train_loss = 31.22524f0, test_accuracy = 0.388, test_loss = 31.966206f0, pred_counts = "78-49-47-180-233-121-67-0-0-225", w_norm = 2.9766955f0, b_norm = 0.15739128f0, w_input_norm = 4.2210574f0, grad_w_norm = 0.2957368f0, grad_b_norm = 0.06237249f0, grad_w_input_norm = 0.6114985f0, effective_w_decay = 0.003f0, effective_w_input_decay = 0.003f0, symmetry_error = 0.0f0, grad_symmetry_error = 0.0f0, best_accuracy = 0.428, best_path = "ext\\IsingLearning\\experiments\\MNIST\\baseline_new_nudge\\experiments\\current\\focus_grid_weight_decay_20260609\\b0p2_T0p00005_wd0p003_adaptivefalse\\best_checkpoint.bin", final_path = "")
epoch 5 training
epoch 5 batch 1/100 samples 128/12800 elapsed 0.4s
epoch 5 batch 25/100 samples 3200/12800 elapsed 9.6s
epoch 5 batch 50/100 samples 6400/12800 elapsed 19.1s
epoch 5 batch 75/100 samples 9600/12800 elapsed 29.0s
epoch 5 batch 100/100 samples 12800/12800 elapsed 38.8s
epoch 5 training done in 38.77s
epoch 5 train-eval: evaluating 1000 samples
epoch 5 train accuracy 0.404 loss 30.953896
epoch 5 evaluating
epoch 5 test: evaluating 1000 samples
epoch 5 test accuracy 0.426 loss 30.399065 best 0.428
(timestamp = "2026-06-09T17:59:34", epoch = 5, seconds = 38.7702338, train_accuracy = 0.404, train_loss = 30.953896f0, test_accuracy = 0.426, test_loss = 30.399065f0, pred_counts = "90-43-69-145-247-102-69-0-0-235", w_norm = 3.1350214f0, b_norm = 0.17541605f0, w_input_norm = 4.2505345f0, grad_w_norm = 0.27399865f0, grad_b_norm = 0.055491105f0, grad_w_input_norm = 0.50558966f0, effective_w_decay = 0.003f0, effective_w_input_decay = 0.003f0, symmetry_error = 0.0f0, grad_symmetry_error = 0.0f0, best_accuracy = 0.428, best_path = "ext\\IsingLearning\\experiments\\MNIST\\baseline_new_nudge\\experiments\\current\\focus_grid_weight_decay_20260609\\b0p2_T0p00005_wd0p003_adaptivefalse\\best_checkpoint.bin", final_path = "")
epoch 6 training
epoch 6 batch 1/100 samples 128/12800 elapsed 0.4s
epoch 6 batch 25/100 samples 3200/12800 elapsed 9.8s
epoch 6 batch 50/100 samples 6400/12800 elapsed 19.7s
epoch 6 batch 75/100 samples 9600/12800 elapsed 30.0s
epoch 6 batch 100/100 samples 12800/12800 elapsed 39.8s
epoch 6 training done in 39.775s
epoch 6 train-eval: evaluating 1000 samples
epoch 6 train accuracy 0.273 loss 40.699322
epoch 6 evaluating
epoch 6 test: evaluating 1000 samples
epoch 6 test accuracy 0.273 loss 40.105598 best 0.428
(timestamp = "2026-06-09T18:00:17", epoch = 6, seconds = 39.7754106, train_accuracy = 0.273, train_loss = 40.69932f0, test_accuracy = 0.273, test_loss = 40.1056f0, pred_counts = "34-34-36-188-299-108-17-0-0-284", w_norm = 3.3134267f0, b_norm = 0.19366696f0, w_input_norm = 4.3031464f0, grad_w_norm = 0.22738144f0, grad_b_norm = 0.04491677f0, grad_w_input_norm = 0.39266923f0, effective_w_decay = 0.003f0, effective_w_input_decay = 0.003f0, symmetry_error = 0.0f0, grad_symmetry_error = 0.0f0, best_accuracy = 0.428, best_path = "ext\\IsingLearning\\experiments\\MNIST\\baseline_new_nudge\\experiments\\current\\focus_grid_weight_decay_20260609\\b0p2_T0p00005_wd0p003_adaptivefalse\\best_checkpoint.bin", final_path = "")
epoch 7 training
epoch 7 batch 1/100 samples 128/12800 elapsed 0.4s
epoch 7 batch 25/100 samples 3200/12800 elapsed 9.9s
epoch 7 batch 50/100 samples 6400/12800 elapsed 19.2s
epoch 7 batch 75/100 samples 9600/12800 elapsed 28.2s
epoch 7 batch 100/100 samples 12800/12800 elapsed 37.3s
epoch 7 training done in 37.268s
epoch 7 train-eval: evaluating 1000 samples
epoch 7 train accuracy 0.174 loss 46.636215
epoch 7 evaluating
epoch 7 test: evaluating 1000 samples
epoch 7 test accuracy 0.185 loss 46.851311 best 0.428
epoch 7 early stop: test accuracy declined for 2 consecutive evaluated epochs
(timestamp = "2026-06-09T18:00:57", epoch = 7, seconds = 37.267535, train_accuracy = 0.174, train_loss = 46.636215f0, test_accuracy = 0.185, test_loss = 46.85131f0, pred_counts = "7-8-16-77-427-59-3-0-0-403", w_norm = 3.427836f0, b_norm = 0.21941206f0, w_input_norm = 4.2331023f0, grad_w_norm = 0.2005811f0, grad_b_norm = 0.033899155f0, grad_w_input_norm = 0.2607359f0, effective_w_decay = 0.003f0, effective_w_input_decay = 0.003f0, symmetry_error = 0.0f0, grad_symmetry_error = 0.0f0, best_accuracy = 0.428, best_path = "ext\\IsingLearning\\experiments\\MNIST\\baseline_new_nudge\\experiments\\current\\focus_grid_weight_decay_20260609\\b0p2_T0p00005_wd0p003_adaptivefalse\\best_checkpoint.bin", final_path = "")
saved MNIST 784-120-40 softplus-margin nudge baseline in ext\IsingLearning\experiments\MNIST\baseline_new_nudge\experiments\current\focus_grid_weight_decay_20260609\b0p2_T0p00005_wd0p003_adaptivefalse
