  Activating project at `C:\Users\fenje\dev\InteractiveIsing.jl\ext\IsingLearning`
┌ Warning: this run uses a subsampled balanced training split, so it is not the full balanced MNIST baseline
│   train_per_class = 1280
└ @ Main C:\Users\fenje\dev\InteractiveIsing.jl\ext\IsingLearning\experiments\MNIST\baseline_new_nudge\mnist_784_120_40_softplus_margin_symmetric_nudge_adam.jl:1739
┌ Warning: this run uses a subsampled balanced test split, so reported accuracy will be noisy
│   test_per_class = 100
└ @ Main C:\Users\fenje\dev\InteractiveIsing.jl\ext\IsingLearning\experiments\MNIST\baseline_new_nudge\mnist_784_120_40_softplus_margin_symmetric_nudge_adam.jl:1740

epoch 18   2%|█                                         |  ETA: 0:13:32[K
     batch: 2/100[K
   samples: 256/12800[K
[A
[A


[K[A
[K[A
epoch 18   4%|██                                        |  ETA: 0:07:18[K
     batch: 4/100[K
   samples: 512/12800[K
[A
[A


[K[A
[K[A
epoch 18   6%|███                                       |  ETA: 0:05:09[K
     batch: 6/100[K
   samples: 768/12800[K
[A
[A


[K[A
[K[A
epoch 18   8%|████                                      |  ETA: 0:04:03[K
     batch: 8/100[K
   samples: 1024/12800[K
[A
[A


[K[A
[K[A
epoch 18  10%|█████                                     |  ETA: 0:03:22[K
     batch: 10/100[K
   samples: 1280/12800[K
[A
[A


[K[A
[K[A
epoch 18  12%|██████                                    |  ETA: 0:02:55[K
     batch: 12/100[K
   samples: 1536/12800[K
[A
[A


[K[A
[K[A
epoch 18  14%|██████                                    |  ETA: 0:02:36[K
     batch: 14/100[K
   samples: 1792/12800[K
[A
[A


[K[A
[K[A
epoch 18  16%|███████                                   |  ETA: 0:02:21[K
     batch: 16/100[K
   samples: 2048/12800[K
[A
[A


[K[A
[K[A
epoch 18  18%|████████                                  |  ETA: 0:02:09[K
     batch: 18/100[K
   samples: 2304/12800[K
[A
[A


[K[A
[K[A
epoch 18  20%|█████████                                 |  ETA: 0:01:58[K
     batch: 20/100[K
   samples: 2560/12800[K
[A
[A


[K[A
[K[A
epoch 18  22%|██████████                                |  ETA: 0:01:50[K
     batch: 22/100[K
   samples: 2816/12800[K
[A
[A


[K[A
[K[A
epoch 18  24%|███████████                               |  ETA: 0:01:43[K
     batch: 24/100[K
   samples: 3072/12800[K
[A
[A


[K[A
[K[A
epoch 18  26%|███████████                               |  ETA: 0:01:36[K
     batch: 26/100[K
   samples: 3328/12800[K
[A
[A


[K[A
[K[A
epoch 18  28%|████████████                              |  ETA: 0:01:31[K
     batch: 28/100[K
   samples: 3584/12800[K
[A
[A


[K[A
[K[A
epoch 18  30%|█████████████                             |  ETA: 0:01:26[K
     batch: 30/100[K
   samples: 3840/12800[K
[A
[A


[K[A
[K[A
epoch 18  32%|██████████████                            |  ETA: 0:01:21[K
     batch: 32/100[K
   samples: 4096/12800[K
[A
[A


[K[A
[K[A
epoch 18  34%|███████████████                           |  ETA: 0:01:17[K
     batch: 34/100[K
   samples: 4352/12800[K
[A
[A


[K[A
[K[A
epoch 18  36%|████████████████                          |  ETA: 0:01:13[K
     batch: 36/100[K
   samples: 4608/12800[K
[A
[A


[K[A
[K[A
epoch 18  38%|████████████████                          |  ETA: 0:01:09[K
     batch: 38/100[K
   samples: 4864/12800[K
[A
[A


[K[A
[K[A
epoch 18  40%|█████████████████                         |  ETA: 0:01:06[K
     batch: 40/100[K
   samples: 5120/12800[K
[A
[A


[K[A
[K[A
epoch 18  42%|██████████████████                        |  ETA: 0:01:02[K
     batch: 42/100[K
   samples: 5376/12800[K
[A
[A


[K[A
[K[A
epoch 18  44%|███████████████████                       |  ETA: 0:00:59[K
     batch: 44/100[K
   samples: 5632/12800[K
[A
[A


[K[A
[K[A
epoch 18  46%|████████████████████                      |  ETA: 0:00:56[K
     batch: 46/100[K
   samples: 5888/12800[K
[A
[A


[K[A
[K[A
epoch 18  48%|█████████████████████                     |  ETA: 0:00:54[K
     batch: 48/100[K
   samples: 6144/12800[K
[A
[A


[K[A
[K[A
epoch 18  50%|██████████████████████                    |  ETA: 0:00:51[K
     batch: 50/100[K
   samples: 6400/12800[K
[A
[A


[K[A
[K[A
epoch 18  52%|██████████████████████                    |  ETA: 0:00:48[K
     batch: 52/100[K
   samples: 6656/12800[K
[A
[A


[K[A
[K[A
epoch 18  54%|███████████████████████                   |  ETA: 0:00:46[K
     batch: 54/100[K
   samples: 6912/12800[K
[A
[A


[K[A
[K[A
epoch 18  56%|████████████████████████                  |  ETA: 0:00:43[K
     batch: 56/100[K
   samples: 7168/12800[K
[A
[A


[K[A
[K[A
epoch 18  58%|█████████████████████████                 |  ETA: 0:00:41[K
     batch: 58/100[K
   samples: 7424/12800[K
[A
[A


[K[A
[K[A
epoch 18  60%|██████████████████████████                |  ETA: 0:00:39[K
     batch: 60/100[K
   samples: 7680/12800[K
[A
[A


[K[A
[K[A
epoch 18  62%|███████████████████████████               |  ETA: 0:00:36[K
     batch: 62/100[K
   samples: 7936/12800[K
[A
[A


[K[A
[K[A
epoch 18  64%|███████████████████████████               |  ETA: 0:00:34[K
     batch: 64/100[K
   samples: 8192/12800[K
[A
[A


[K[A
[K[A
epoch 18  66%|████████████████████████████              |  ETA: 0:00:32[K
     batch: 66/100[K
   samples: 8448/12800[K
[A
[A


[K[A
[K[A
epoch 18  68%|█████████████████████████████             |  ETA: 0:00:30[K
     batch: 68/100[K
   samples: 8704/12800[K
[A
[A


[K[A
[K[A
epoch 18  70%|██████████████████████████████            |  ETA: 0:00:28[K
     batch: 70/100[K
   samples: 8960/12800[K
[A
[A


[K[A
[K[A
epoch 18  72%|███████████████████████████████           |  ETA: 0:00:26[K
     batch: 72/100[K
   samples: 9216/12800[K
[A
[A


[K[A
[K[A
epoch 18  74%|████████████████████████████████          |  ETA: 0:00:24[K
     batch: 74/100[K
   samples: 9472/12800[K
[A
[A


[K[A
[K[A
epoch 18  76%|████████████████████████████████          |  ETA: 0:00:22[K
     batch: 76/100[K
   samples: 9728/12800[K
[A
[A


[K[A
[K[A
epoch 18  78%|█████████████████████████████████         |  ETA: 0:00:20[K
     batch: 78/100[K
   samples: 9984/12800[K
[A
[A


[K[A
[K[A
epoch 18  80%|██████████████████████████████████        |  ETA: 0:00:18[K
     batch: 80/100[K
   samples: 10240/12800[K
[A
[A


[K[A
[K[A
epoch 18  82%|███████████████████████████████████       |  ETA: 0:00:16[K
     batch: 82/100[K
   samples: 10496/12800[K
[A
[A


[K[A
[K[A
epoch 18  84%|████████████████████████████████████      |  ETA: 0:00:14[K
     batch: 84/100[K
   samples: 10752/12800[K
[A
[A


[K[A
[K[A
epoch 18  86%|█████████████████████████████████████     |  ETA: 0:00:12[K
     batch: 86/100[K
   samples: 11008/12800[K
[A
[A


[K[A
[K[A
epoch 18  88%|█████████████████████████████████████     |  ETA: 0:00:11[K
     batch: 88/100[K
   samples: 11264/12800[K
[A
[A


[K[A
[K[A
epoch 18  90%|██████████████████████████████████████    |  ETA: 0:00:09[K
     batch: 90/100[K
   samples: 11520/12800[K
[A
[A


[K[A
[K[A
epoch 18  92%|███████████████████████████████████████   |  ETA: 0:00:07[K
     batch: 92/100[K
   samples: 11776/12800[K
[A
[A


[K[A
[K[A
epoch 18  94%|████████████████████████████████████████  |  ETA: 0:00:05[K
     batch: 94/100[K
   samples: 12032/12800[K
[A
[A


[K[A
[K[A
epoch 18  96%|█████████████████████████████████████████ |  ETA: 0:00:03[K
     batch: 96/100[K
   samples: 12288/12800[K
[A
[A


[K[A
[K[A
epoch 18  98%|██████████████████████████████████████████|  ETA: 0:00:02[K
     batch: 98/100[K
   samples: 12544/12800[K
[A
[A


[K[A
[K[A
epoch 18 100%|██████████████████████████████████████████| Time: 0:01:26[K
     batch: 100/100[K
   samples: 12800/12800[K

epoch 19   2%|█                                         |  ETA: 0:01:09[K
     batch: 2/100[K
   samples: 256/12800[K
[A
[A


[K[A
[K[A
epoch 19   4%|██                                        |  ETA: 0:01:10[K
     batch: 4/100[K
   samples: 512/12800[K
[A
[A


[K[A
[K[A
epoch 19   6%|███                                       |  ETA: 0:01:11[K
     batch: 6/100[K
   samples: 768/12800[K
[A
[A


[K[A
[K[A
epoch 19   8%|████                                      |  ETA: 0:01:09[K
     batch: 8/100[K
   samples: 1024/12800[K
[A
[A


[K[A
[K[A
epoch 19  10%|█████                                     |  ETA: 0:01:07[K
     batch: 10/100[K
   samples: 1280/12800[K
[A
[A


[K[A
[K[A
epoch 19  12%|██████                                    |  ETA: 0:01:05[K
     batch: 12/100[K
   samples: 1536/12800[K
[A
[A


[K[A
[K[A
epoch 19  14%|██████                                    |  ETA: 0:01:04[K
     batch: 14/100[K
   samples: 1792/12800[K
[A
[A


[K[A
[K[A
epoch 19  16%|███████                                   |  ETA: 0:01:04[K
     batch: 16/100[K
   samples: 2048/12800[K
[A
[A


[K[A
[K[A
epoch 19  18%|████████                                  |  ETA: 0:01:03[K
     batch: 18/100[K
   samples: 2304/12800[K
[A
[A


[K[A
[K[A
epoch 19  20%|█████████                                 |  ETA: 0:01:03[K
     batch: 20/100[K
   samples: 2560/12800[K
[A
[A


[K[A
[K[A
epoch 19  22%|██████████                                |  ETA: 0:01:01[K
     batch: 22/100[K
   samples: 2816/12800[K
[A
[A


[K[A
[K[A
epoch 19  24%|███████████                               |  ETA: 0:00:59[K
     batch: 24/100[K
   samples: 3072/12800[K
[A
[A


[K[A
[K[A
epoch 19  26%|███████████                               |  ETA: 0:00:58[K
     batch: 26/100[K
   samples: 3328/12800[K
[A
[A


[K[A
[K[A
epoch 19  28%|████████████                              |  ETA: 0:00:56[K
     batch: 28/100[K
   samples: 3584/12800[K
[A
[A


[K[A
[K[A
epoch 19  30%|█████████████                             |  ETA: 0:00:55[K
     batch: 30/100[K
   samples: 3840/12800[K
[A
[A


[K[A
[K[A
epoch 19  32%|██████████████                            |  ETA: 0:00:54[K
     batch: 32/100[K
   samples: 4096/12800[K
[A
[A


[K[A
[K[A
epoch 19  34%|███████████████                           |  ETA: 0:00:52[K
     batch: 34/100[K
   samples: 4352/12800[K
[A
[A


[K[A
[K[A
epoch 19  36%|████████████████                          |  ETA: 0:00:50[K
     batch: 36/100[K
   samples: 4608/12800[K
[A
[A


[K[A
[K[A
epoch 19  38%|████████████████                          |  ETA: 0:00:49[K
     batch: 38/100[K
   samples: 4864/12800[K
[A
[A


[K[A
[K[A
epoch 19  40%|█████████████████                         |  ETA: 0:00:47[K
     batch: 40/100[K
   samples: 5120/12800[K
[A
[A


[K[A
[K[A
epoch 19  42%|██████████████████                        |  ETA: 0:00:45[K
     batch: 42/100[K
   samples: 5376/12800[K
[A
[A


[K[A
[K[A
epoch 19  44%|███████████████████                       |  ETA: 0:00:44[K
     batch: 44/100[K
   samples: 5632/12800[K
[A
[A


[K[A
[K[A
epoch 19  46%|████████████████████                      |  ETA: 0:00:42[K
     batch: 46/100[K
   samples: 5888/12800[K
[A
[A


[K[A
[K[A
epoch 19  48%|█████████████████████                     |  ETA: 0:00:40[K
     batch: 48/100[K
   samples: 6144/12800[K
[A
[A


[K[A
[K[A
epoch 19  50%|██████████████████████                    |  ETA: 0:00:39[K
     batch: 50/100[K
   samples: 6400/12800[K
[A
[A


[K[A
[K[A
epoch 19  52%|██████████████████████                    |  ETA: 0:00:37[K
     batch: 52/100[K
   samples: 6656/12800[K
[A
[A


[K[A
[K[A
epoch 19  54%|███████████████████████                   |  ETA: 0:00:35[K
     batch: 54/100[K
   samples: 6912/12800[K
[A
[A


[K[A
[K[A
epoch 19  56%|████████████████████████                  |  ETA: 0:00:34[K
     batch: 56/100[K
   samples: 7168/12800[K
[A
[A


[K[A
[K[A
epoch 19  58%|█████████████████████████                 |  ETA: 0:00:32[K
     batch: 58/100[K
   samples: 7424/12800[K
[A
[A


[K[A
[K[A
epoch 19  60%|██████████████████████████                |  ETA: 0:00:31[K
     batch: 60/100[K
   samples: 7680/12800[K
[A
[A


[K[A
[K[A
epoch 19  62%|███████████████████████████               |  ETA: 0:00:29[K
     batch: 62/100[K
   samples: 7936/12800[K
[A
[A


[K[A
[K[A
epoch 19  64%|███████████████████████████               |  ETA: 0:00:28[K
     batch: 64/100[K
   samples: 8192/12800[K
[A
[A


[K[A
[K[A
epoch 19  66%|████████████████████████████              |  ETA: 0:00:26[K
     batch: 66/100[K
   samples: 8448/12800[K
[A
[A


[K[A
[K[A
epoch 19  68%|█████████████████████████████             |  ETA: 0:00:25[K
     batch: 68/100[K
   samples: 8704/12800[K
[A
[A


[K[A
[K[A
epoch 19  70%|██████████████████████████████            |  ETA: 0:00:23[K
     batch: 70/100[K
   samples: 8960/12800[K
[A
[A


[K[A
[K[A
epoch 19  72%|███████████████████████████████           |  ETA: 0:00:22[K
     batch: 72/100[K
   samples: 9216/12800[K
[A
[A


[K[A
[K[A
epoch 19  74%|████████████████████████████████          |  ETA: 0:00:20[K
     batch: 74/100[K
   samples: 9472/12800[K
[A
[A


[K[A
[K[A
epoch 19  76%|████████████████████████████████          |  ETA: 0:00:19[K
     batch: 76/100[K
   samples: 9728/12800[K
[A
[A


[K[A
[K[A
epoch 19  78%|█████████████████████████████████         |  ETA: 0:00:17[K
     batch: 78/100[K
   samples: 9984/12800[K
[A
[A


[K[A
[K[A
epoch 19  80%|██████████████████████████████████        |  ETA: 0:00:16[K
     batch: 80/100[K
   samples: 10240/12800[K
[A
[A


[K[A
[K[A
epoch 19  82%|███████████████████████████████████       |  ETA: 0:00:14[K
     batch: 82/100[K
   samples: 10496/12800[K
[A
[A


[K[A
[K[A
epoch 19  84%|████████████████████████████████████      |  ETA: 0:00:13[K
     batch: 84/100[K
   samples: 10752/12800[K
[A
[A


[K[A
[K[A
epoch 19  86%|█████████████████████████████████████     |  ETA: 0:00:11[K
     batch: 86/100[K
   samples: 11008/12800[K
[A
[A


[K[A
[K[A
epoch 19  88%|█████████████████████████████████████     |  ETA: 0:00:09[K
     batch: 88/100[K
   samples: 11264/12800[K
[A
[A


[K[A
[K[A
epoch 19  90%|██████████████████████████████████████    |  ETA: 0:00:08[K
     batch: 90/100[K
   samples: 11520/12800[K
[A
[A


[K[A
[K[A
epoch 19  92%|███████████████████████████████████████   |  ETA: 0:00:06[K
     batch: 92/100[K
   samples: 11776/12800[K
[A
[A


[K[A
[K[A
epoch 19  94%|████████████████████████████████████████  |  ETA: 0:00:05[K
     batch: 94/100[K
   samples: 12032/12800[K
[A
[A


[K[A
[K[A
epoch 19  96%|█████████████████████████████████████████ |  ETA: 0:00:03[K
     batch: 96/100[K
   samples: 12288/12800[K
[A
[A


[K[A
[K[A
epoch 19  98%|██████████████████████████████████████████|  ETA: 0:00:02[K
     batch: 98/100[K
   samples: 12544/12800[K
[A
[A


[K[A
[K[A
epoch 19 100%|██████████████████████████████████████████| Time: 0:01:18[K
     batch: 100/100[K
   samples: 12800/12800[K

epoch 20   2%|█                                         |  ETA: 0:01:22[K
     batch: 2/100[K
   samples: 256/12800[K
[A
[A


[K[A
[K[A
epoch 20   4%|██                                        |  ETA: 0:01:16[K
     batch: 4/100[K
   samples: 512/12800[K
[A
[A


[K[A
[K[A
epoch 20   6%|███                                       |  ETA: 0:01:15[K
     batch: 6/100[K
   samples: 768/12800[K
[A
[A


[K[A
[K[A
epoch 20   8%|████                                      |  ETA: 0:01:16[K
     batch: 8/100[K
   samples: 1024/12800[K
[A
[A


[K[A
[K[A
epoch 20  10%|█████                                     |  ETA: 0:01:13[K
     batch: 10/100[K
   samples: 1280/12800[K
[A
[A


[K[A
[K[A
epoch 20  12%|██████                                    |  ETA: 0:01:10[K
     batch: 12/100[K
   samples: 1536/12800[K
[A
[A


[K[A
[K[A
epoch 20  14%|██████                                    |  ETA: 0:01:08[K
     batch: 14/100[K
   samples: 1792/12800[K
[A
[A


[K[A
[K[A
epoch 20  16%|███████                                   |  ETA: 0:01:06[K
     batch: 16/100[K
   samples: 2048/12800[K
[A
[A


[K[A
[K[A
epoch 20  18%|████████                                  |  ETA: 0:01:04[K
     batch: 18/100[K
   samples: 2304/12800[K
[A
[A


[K[A
[K[A
epoch 20  20%|█████████                                 |  ETA: 0:01:03[K
     batch: 20/100[K
   samples: 2560/12800[K
[A
[A


[K[A
[K[A
epoch 20  22%|██████████                                |  ETA: 0:01:01[K
     batch: 22/100[K
   samples: 2816/12800[K
[A
[A


[K[A
[K[A
epoch 20  24%|███████████                               |  ETA: 0:00:59[K
     batch: 24/100[K
   samples: 3072/12800[K
[A
[A


[K[A
[K[A
epoch 20  26%|███████████                               |  ETA: 0:00:58[K
     batch: 26/100[K
   samples: 3328/12800[K
[A
[A


[K[A
[K[A
epoch 20  28%|████████████                              |  ETA: 0:00:56[K
     batch: 28/100[K
   samples: 3584/12800[K
[A
[A


[K[A
[K[A
epoch 20  30%|█████████████                             |  ETA: 0:00:54[K
     batch: 30/100[K
   samples: 3840/12800[K
[A
[A


[K[A
[K[A
epoch 20  32%|██████████████                            |  ETA: 0:00:53[K
     batch: 32/100[K
   samples: 4096/12800[K
[A
[A


[K[A
[K[A
epoch 20  34%|███████████████                           |  ETA: 0:00:51[K
     batch: 34/100[K
   samples: 4352/12800[K
[A
[A


[K[A
[K[A
epoch 20  36%|████████████████                          |  ETA: 0:00:50[K
     batch: 36/100[K
   samples: 4608/12800[K
[A
[A


[K[A
[K[A
epoch 20  38%|████████████████                          |  ETA: 0:00:48[K
     batch: 38/100[K
   samples: 4864/12800[K
[A
[A


[K[A
[K[A
epoch 20  40%|█████████████████                         |  ETA: 0:00:46[K
     batch: 40/100[K
   samples: 5120/12800[K
[A
[A


[K[A
[K[A
epoch 20  42%|██████████████████                        |  ETA: 0:00:45[K
     batch: 42/100[K
   samples: 5376/12800[K
[A
[A


[K[A
[K[A
epoch 20  44%|███████████████████                       |  ETA: 0:00:43[K
     batch: 44/100[K
   samples: 5632/12800[K
[A
[A


[K[A
[K[A
epoch 20  46%|████████████████████                      |  ETA: 0:00:42[K
     batch: 46/100[K
   samples: 5888/12800[K
[A
[A


[K[A
[K[A
epoch 20  48%|█████████████████████                     |  ETA: 0:00:40[K
     batch: 48/100[K
   samples: 6144/12800[K
[A
[A


[K[A
[K[A
epoch 20  50%|██████████████████████                    |  ETA: 0:00:39[K
     batch: 50/100[K
   samples: 6400/12800[K
[A
[A


[K[A
[K[A
epoch 20  52%|██████████████████████                    |  ETA: 0:00:37[K
     batch: 52/100[K
   samples: 6656/12800[K
[A
[A


[K[A
[K[A
epoch 20  54%|███████████████████████                   |  ETA: 0:00:36[K
     batch: 54/100[K
   samples: 6912/12800[K
[A
[A


[K[A
[K[A
epoch 20  56%|████████████████████████                  |  ETA: 0:00:34[K
     batch: 56/100[K
   samples: 7168/12800[K
[A
[A


[K[A
[K[A
epoch 20  58%|█████████████████████████                 |  ETA: 0:00:33[K
     batch: 58/100[K
   samples: 7424/12800[K
[A
[A


[K[A
[K[A
epoch 20  60%|██████████████████████████                |  ETA: 0:00:31[K
     batch: 60/100[K
   samples: 7680/12800[K
[A
[A


[K[A
[K[A
epoch 20  62%|███████████████████████████               |  ETA: 0:00:30[K
     batch: 62/100[K
   samples: 7936/12800[K
[A
[A


[K[A
[K[A
epoch 20  64%|███████████████████████████               |  ETA: 0:00:28[K
     batch: 64/100[K
   samples: 8192/12800[K
[A
[A


[K[A
[K[A
epoch 20  66%|████████████████████████████              |  ETA: 0:00:27[K
     batch: 66/100[K
   samples: 8448/12800[K
[A
[A


[K[A
[K[A
epoch 20  68%|█████████████████████████████             |  ETA: 0:00:25[K
     batch: 68/100[K
   samples: 8704/12800[K
[A
[A


[K[A
[K[A
epoch 20  70%|██████████████████████████████            |  ETA: 0:00:24[K
     batch: 70/100[K
   samples: 8960/12800[K
[A
[A


[K[A
[K[A
epoch 20  72%|███████████████████████████████           |  ETA: 0:00:22[K
     batch: 72/100[K
   samples: 9216/12800[K
[A
[A


[K[A
[K[A
epoch 20  74%|████████████████████████████████          |  ETA: 0:00:20[K
     batch: 74/100[K
   samples: 9472/12800[K
[A
[A


[K[A
[K[A
epoch 20  76%|████████████████████████████████          |  ETA: 0:00:19[K
     batch: 76/100[K
   samples: 9728/12800[K
[A
[A


[K[A
[K[A
epoch 20  78%|█████████████████████████████████         |  ETA: 0:00:17[K
     batch: 78/100[K
   samples: 9984/12800[K
[A
[A


[K[A
[K[A
epoch 20  80%|██████████████████████████████████        |  ETA: 0:00:16[K
     batch: 80/100[K
   samples: 10240/12800[K
[A
[A


[K[A
[K[A
epoch 20  82%|███████████████████████████████████       |  ETA: 0:00:14[K
     batch: 82/100[K
   samples: 10496/12800[K
[A
[A


[K[A
[K[A
epoch 20  84%|████████████████████████████████████      |  ETA: 0:00:13[K
     batch: 84/100[K
   samples: 10752/12800[K
[A
[A


[K[A
[K[A
epoch 20  86%|█████████████████████████████████████     |  ETA: 0:00:11[K
     batch: 86/100[K
   samples: 11008/12800[K
[A
[A


[K[A
[K[A
epoch 20  88%|█████████████████████████████████████     |  ETA: 0:00:09[K
     batch: 88/100[K
   samples: 11264/12800[K
[A
[A


[K[A
[K[A
epoch 20  90%|██████████████████████████████████████    |  ETA: 0:00:08[K
     batch: 90/100[K
   samples: 11520/12800[K
[A
[A


[K[A
[K[A
epoch 20  92%|███████████████████████████████████████   |  ETA: 0:00:06[K
     batch: 92/100[K
   samples: 11776/12800[K
[A
[A


[K[A
[K[A
epoch 20  94%|████████████████████████████████████████  |  ETA: 0:00:05[K
     batch: 94/100[K
   samples: 12032/12800[K
[A
[A


[K[A
[K[A
epoch 20  96%|█████████████████████████████████████████ |  ETA: 0:00:03[K
     batch: 96/100[K
   samples: 12288/12800[K
[A
[A


[K[A
[K[A
epoch 20  98%|██████████████████████████████████████████|  ETA: 0:00:02[K
     batch: 98/100[K
   samples: 12544/12800[K
[A
[A


[K[A
[K[A
epoch 20 100%|██████████████████████████████████████████| Time: 0:01:18[K
     batch: 100/100[K
   samples: 12800/12800[K

epoch 21   2%|█                                         |  ETA: 0:01:23[K
     batch: 2/100[K
   samples: 256/12800[K
[A
[A


[K[A
[K[A
epoch 21   4%|██                                        |  ETA: 0:01:16[K
     batch: 4/100[K
   samples: 512/12800[K
[A
[A


[K[A
[K[A
epoch 21   6%|███                                       |  ETA: 0:01:13[K
     batch: 6/100[K
   samples: 768/12800[K
[A
[A


[K[A
[K[A
epoch 21   8%|████                                      |  ETA: 0:01:13[K
     batch: 8/100[K
   samples: 1024/12800[K
[A
[A


[K[A
[K[A
epoch 21  10%|█████                                     |  ETA: 0:01:12[K
     batch: 10/100[K
   samples: 1280/12800[K
[A
[A


[K[A
[K[A
epoch 21  12%|██████                                    |  ETA: 0:01:11[K
     batch: 12/100[K
   samples: 1536/12800[K
[A
[A


[K[A
[K[A
epoch 21  14%|██████                                    |  ETA: 0:01:10[K
     batch: 14/100[K
   samples: 1792/12800[K
[A
[A


[K[A
[K[A
epoch 21  16%|███████                                   |  ETA: 0:01:08[K
     batch: 16/100[K
   samples: 2048/12800[K
[A
[A


[K[A
[K[A
epoch 21  18%|████████                                  |  ETA: 0:01:06[K
     batch: 18/100[K
   samples: 2304/12800[K
[A
[A


[K[A
[K[A
epoch 21  20%|█████████                                 |  ETA: 0:01:04[K
     batch: 20/100[K
   samples: 2560/12800[K
[A
[A


[K[A
[K[A
epoch 21  22%|██████████                                |  ETA: 0:01:03[K
     batch: 22/100[K
   samples: 2816/12800[K
[A
[A


[K[A
[K[A
epoch 21  24%|███████████                               |  ETA: 0:01:00[K
     batch: 24/100[K
   samples: 3072/12800[K
[A
[A


[K[A
[K[A
epoch 21  26%|███████████                               |  ETA: 0:00:59[K
     batch: 26/100[K
   samples: 3328/12800[K
[A
[A


[K[A
[K[A
epoch 21  28%|████████████                              |  ETA: 0:00:57[K
     batch: 28/100[K
   samples: 3584/12800[K
[A
[A


[K[A
[K[A
epoch 21  30%|█████████████                             |  ETA: 0:00:55[K
     batch: 30/100[K
   samples: 3840/12800[K
[A
[A


[K[A
[K[A
epoch 21  32%|██████████████                            |  ETA: 0:00:55[K
     batch: 32/100[K
   samples: 4096/12800[K
[A
[A


[K[A
[K[A
epoch 21  34%|███████████████                           |  ETA: 0:00:53[K
     batch: 34/100[K
   samples: 4352/12800[K
[A
[A


[K[A
[K[A
epoch 21  36%|████████████████                          |  ETA: 0:00:52[K
     batch: 36/100[K
   samples: 4608/12800[K
[A
[A


[K[A
[K[A
epoch 21  38%|████████████████                          |  ETA: 0:00:50[K
     batch: 38/100[K
   samples: 4864/12800[K
[A
[A


[K[A
[K[A
epoch 21  40%|█████████████████                         |  ETA: 0:00:48[K
     batch: 40/100[K
   samples: 5120/12800[K
[A
[A


[K[A
[K[A
epoch 21  42%|██████████████████                        |  ETA: 0:00:47[K
     batch: 42/100[K
   samples: 5376/12800[K
[A
[A


[K[A
[K[A
epoch 21  44%|███████████████████                       |  ETA: 0:00:45[K
     batch: 44/100[K
   samples: 5632/12800[K
[A
[A


[K[A
[K[A
epoch 21  46%|████████████████████                      |  ETA: 0:00:43[K
     batch: 46/100[K
   samples: 5888/12800[K
[A
[A


[K[A
[K[A
epoch 21  48%|█████████████████████                     |  ETA: 0:00:42[K
     batch: 48/100[K
   samples: 6144/12800[K
[A
[A


[K[A
[K[A
epoch 21  50%|██████████████████████                    |  ETA: 0:00:40[K
     batch: 50/100[K
   samples: 6400/12800[K
[A
[A


[K[A
[K[A
epoch 21  52%|██████████████████████                    |  ETA: 0:00:39[K
     batch: 52/100[K
   samples: 6656/12800[K
[A
[A


[K[A
[K[A
epoch 21  54%|███████████████████████                   |  ETA: 0:00:37[K
     batch: 54/100[K
   samples: 6912/12800[K
[A
[A


[K[A
[K[A
epoch 21  56%|████████████████████████                  |  ETA: 0:00:35[K
     batch: 56/100[K
   samples: 7168/12800[K
[A
[A


[K[A
[K[A
epoch 21  58%|█████████████████████████                 |  ETA: 0:00:34[K
     batch: 58/100[K
   samples: 7424/12800[K
[A
[A


[K[A
[K[A
epoch 21  60%|██████████████████████████                |  ETA: 0:00:32[K
     batch: 60/100[K
   samples: 7680/12800[K
[A
[A


[K[A
[K[A
epoch 21  62%|███████████████████████████               |  ETA: 0:00:30[K
     batch: 62/100[K
   samples: 7936/12800[K
[A
[A


[K[A
[K[A
epoch 21  64%|███████████████████████████               |  ETA: 0:00:28[K
     batch: 64/100[K
   samples: 8192/12800[K
[A
[A


[K[A
[K[A
epoch 21  66%|████████████████████████████              |  ETA: 0:00:27[K
     batch: 66/100[K
   samples: 8448/12800[K
[A
[A


[K[A
[K[A
epoch 21  68%|█████████████████████████████             |  ETA: 0:00:25[K
     batch: 68/100[K
   samples: 8704/12800[K
[A
[A


[K[A
[K[A
epoch 21  70%|██████████████████████████████            |  ETA: 0:00:24[K
     batch: 70/100[K
   samples: 8960/12800[K
[A
[A


[K[A
[K[A
epoch 21  72%|███████████████████████████████           |  ETA: 0:00:22[K
     batch: 72/100[K
   samples: 9216/12800[K
[A
[A


[K[A
[K[A
epoch 21  74%|████████████████████████████████          |  ETA: 0:00:20[K
     batch: 74/100[K
   samples: 9472/12800[K
[A
[A


[K[A
[K[A
epoch 21  76%|████████████████████████████████          |  ETA: 0:00:19[K
     batch: 76/100[K
   samples: 9728/12800[K
[A
[A


[K[A
[K[A
epoch 21  78%|█████████████████████████████████         |  ETA: 0:00:17[K
     batch: 78/100[K
   samples: 9984/12800[K
[A
[A


[K[A
[K[A
epoch 21  80%|██████████████████████████████████        |  ETA: 0:00:16[K
     batch: 80/100[K
   samples: 10240/12800[K
[A
[A


[K[A
[K[A
epoch 21  82%|███████████████████████████████████       |  ETA: 0:00:14[K
     batch: 82/100[K
   samples: 10496/12800[K
[A
[A


[K[A
[K[A
epoch 21  84%|████████████████████████████████████      |  ETA: 0:00:12[K
     batch: 84/100[K
   samples: 10752/12800[K
[A
[A


[K[A
[K[A
epoch 21  86%|█████████████████████████████████████     |  ETA: 0:00:11[K
     batch: 86/100[K
   samples: 11008/12800[K
[A
[A


[K[A
[K[A
epoch 21  88%|█████████████████████████████████████     |  ETA: 0:00:09[K
     batch: 88/100[K
   samples: 11264/12800[K
[A
[A


[K[A
[K[A
epoch 21  90%|██████████████████████████████████████    |  ETA: 0:00:08[K
     batch: 90/100[K
   samples: 11520/12800[K
[A
[A


[K[A
[K[A
epoch 21  92%|███████████████████████████████████████   |  ETA: 0:00:06[K
     batch: 92/100[K
   samples: 11776/12800[K
[A
[A


[K[A
[K[A
epoch 21  94%|████████████████████████████████████████  |  ETA: 0:00:05[K
     batch: 94/100[K
   samples: 12032/12800[K
[A
[A


[K[A
[K[A
epoch 21  96%|█████████████████████████████████████████ |  ETA: 0:00:03[K
     batch: 96/100[K
   samples: 12288/12800[K
[A
[A


[K[A
[K[A
epoch 21  98%|██████████████████████████████████████████|  ETA: 0:00:02[K
     batch: 98/100[K
   samples: 12544/12800[K
[A
[A


[K[A
[K[A
epoch 21 100%|██████████████████████████████████████████| Time: 0:01:17[K
     batch: 100/100[K
   samples: 12800/12800[K

epoch 22   2%|█                                         |  ETA: 0:01:18[K
     batch: 2/100[K
   samples: 256/12800[K
[A
[A


[K[A
[K[A
epoch 22   4%|██                                        |  ETA: 0:01:14[K
     batch: 4/100[K
   samples: 512/12800[K
[A
[A


[K[A
[K[A
epoch 22   6%|███                                       |  ETA: 0:01:11[K
     batch: 6/100[K
   samples: 768/12800[K
[A
[A


[K[A
[K[A
epoch 22   8%|████                                      |  ETA: 0:01:10[K
     batch: 8/100[K
   samples: 1024/12800[K
[A
[A


[K[A
[K[A
epoch 22  10%|█████                                     |  ETA: 0:01:08[K
     batch: 10/100[K
   samples: 1280/12800[K
[A
[A


[K[A
[K[A
epoch 22  12%|██████                                    |  ETA: 0:01:06[K
     batch: 12/100[K
   samples: 1536/12800[K
[A
[A


[K[A
[K[A
epoch 22  14%|██████                                    |  ETA: 0:01:05[K
     batch: 14/100[K
   samples: 1792/12800[K
[A
[A


[K[A
[K[A
epoch 22  16%|███████                                   |  ETA: 0:01:05[K
     batch: 16/100[K
   samples: 2048/12800[K
[A
[A


[K[A
[K[A
epoch 22  18%|████████                                  |  ETA: 0:01:04[K
     batch: 18/100[K
   samples: 2304/12800[K
[A
[A


[K[A
[K[A
epoch 22  20%|█████████                                 |  ETA: 0:01:02[K
     batch: 20/100[K
   samples: 2560/12800[K
[A
[A


[K[A
[K[A
epoch 22  22%|██████████                                |  ETA: 0:01:01[K
     batch: 22/100[K
   samples: 2816/12800[K
[A
[A


[K[A
[K[A
epoch 22  24%|███████████                               |  ETA: 0:01:00[K
     batch: 24/100[K
   samples: 3072/12800[K
[A
[A


[K[A
[K[A
epoch 22  26%|███████████                               |  ETA: 0:00:59[K
     batch: 26/100[K
   samples: 3328/12800[K
[A
[A


[K[A
[K[A
epoch 22  28%|████████████                              |  ETA: 0:00:58[K
     batch: 28/100[K
   samples: 3584/12800[K
[A
[A


[K[A
[K[A
epoch 22  30%|█████████████                             |  ETA: 0:00:56[K
     batch: 30/100[K
   samples: 3840/12800[K
[A
[A


[K[A
[K[A
epoch 22  32%|██████████████                            |  ETA: 0:00:55[K
     batch: 32/100[K
   samples: 4096/12800[K
[A
[A


[K[A
[K[A
epoch 22  33%|██████████████                            |  ETA: 0:00:55[K
     batch: 33/100[K
   samples: 4224/12800[K
[A
[A


[K[A
[K[A
epoch 22  35%|███████████████                           |  ETA: 0:00:54[K
     batch: 35/100[K
   samples: 4480/12800[K
[A
[A


[K[A
[K[A
epoch 22  37%|████████████████                          |  ETA: 0:00:52[K
     batch: 37/100[K
   samples: 4736/12800[K
[A
[A


[K[A
[K[A
epoch 22  39%|█████████████████                         |  ETA: 0:00:50[K
     batch: 39/100[K
   samples: 4992/12800[K
[A
[A


[K[A
[K[A
epoch 22  41%|██████████████████                        |  ETA: 0:00:48[K
     batch: 41/100[K
   samples: 5248/12800[K
[A
[A


[K[A
[K[A
epoch 22  43%|███████████████████                       |  ETA: 0:00:47[K
     batch: 43/100[K
   samples: 5504/12800[K
[A
[A


[K[A
[K[A
epoch 22  45%|███████████████████                       |  ETA: 0:00:45[K
     batch: 45/100[K
   samples: 5760/12800[K
[A
[A


[K[A
[K[A
epoch 22  47%|████████████████████                      |  ETA: 0:00:43[K
     batch: 47/100[K
   samples: 6016/12800[K
[A
[A


[K[A
[K[A
epoch 22  49%|█████████████████████                     |  ETA: 0:00:41[K
     batch: 49/100[K
   samples: 6272/12800[K
[A
[A


[K[A
[K[A
epoch 22  51%|██████████████████████                    |  ETA: 0:00:39[K
     batch: 51/100[K
   samples: 6528/12800[K
[A
[A


[K[A
[K[A
epoch 22  53%|███████████████████████                   |  ETA: 0:00:38[K
     batch: 53/100[K
   samples: 6784/12800[K
[A
[A


[K[A
[K[A
epoch 22  55%|████████████████████████                  |  ETA: 0:00:36[K
     batch: 55/100[K
   samples: 7040/12800[K
[A
[A


[K[A
[K[A
epoch 22  57%|████████████████████████                  |  ETA: 0:00:34[K
     batch: 57/100[K
   samples: 7296/12800[K
[A
[A


[K[A
[K[A
epoch 22  59%|█████████████████████████                 |  ETA: 0:00:33[K
     batch: 59/100[K
   samples: 7552/12800[K
[A
[A


[K[A
[K[A
epoch 22  61%|██████████████████████████                |  ETA: 0:00:31[K
     batch: 61/100[K
   samples: 7808/12800[K
[A
[A


[K[A
[K[A
epoch 22  63%|███████████████████████████               |  ETA: 0:00:30[K
     batch: 63/100[K
   samples: 8064/12800[K
[A
[A


[K[A
[K[A
epoch 22  65%|████████████████████████████              |  ETA: 0:00:28[K
     batch: 65/100[K
   samples: 8320/12800[K
[A
[A


[K[A
[K[A
epoch 22  67%|█████████████████████████████             |  ETA: 0:00:26[K
     batch: 67/100[K
   samples: 8576/12800[K
[A
[A


[K[A
[K[A
epoch 22  69%|█████████████████████████████             |  ETA: 0:00:25[K
     batch: 69/100[K
   samples: 8832/12800[K
[A
[A


[K[A
[K[A
epoch 22  71%|██████████████████████████████            |  ETA: 0:00:23[K
     batch: 71/100[K
   samples: 9088/12800[K
[A
[A


[K[A
[K[A
epoch 22  73%|███████████████████████████████           |  ETA: 0:00:22[K
     batch: 73/100[K
   samples: 9344/12800[K
[A
[A


[K[A
[K[A
epoch 22  75%|████████████████████████████████          |  ETA: 0:00:20[K
     batch: 75/100[K
   samples: 9600/12800[K
[A
[A


[K[A
[K[A
epoch 22  77%|█████████████████████████████████         |  ETA: 0:00:19[K
     batch: 77/100[K
   samples: 9856/12800[K
[A
[A


[K[A
[K[A
epoch 22  79%|██████████████████████████████████        |  ETA: 0:00:17[K
     batch: 79/100[K
   samples: 10112/12800[K
[A
[A


[K[A
[K[A
epoch 22  81%|███████████████████████████████████       |  ETA: 0:00:15[K
     batch: 81/100[K
   samples: 10368/12800[K
[A
[A


[K[A
[K[A
epoch 22  83%|███████████████████████████████████       |  ETA: 0:00:14[K
     batch: 83/100[K
   samples: 10624/12800[K
[A
[A


[K[A
[K[A
epoch 22  85%|████████████████████████████████████      |  ETA: 0:00:12[K
     batch: 85/100[K
   samples: 10880/12800[K
[A
[A


[K[A
[K[A
epoch 22  87%|█████████████████████████████████████     |  ETA: 0:00:11[K
     batch: 87/100[K
   samples: 11136/12800[K
[A
[A


[K[A
[K[A
epoch 22  89%|██████████████████████████████████████    |  ETA: 0:00:09[K
     batch: 89/100[K
   samples: 11392/12800[K
[A
[A


[K[A
[K[A
epoch 22  91%|███████████████████████████████████████   |  ETA: 0:00:07[K
     batch: 91/100[K
   samples: 11648/12800[K
[A
[A


[K[A
[K[A
epoch 22  93%|████████████████████████████████████████  |  ETA: 0:00:06[K
     batch: 93/100[K
   samples: 11904/12800[K
[A
[A


[K[A
[K[A
epoch 22  95%|████████████████████████████████████████  |  ETA: 0:00:04[K
     batch: 95/100[K
   samples: 12160/12800[K
[A
[A


[K[A
[K[A
epoch 22  97%|█████████████████████████████████████████ |  ETA: 0:00:02[K
     batch: 97/100[K
   samples: 12416/12800[K
[A
[A


[K[A
[K[A
epoch 22  99%|██████████████████████████████████████████|  ETA: 0:00:01[K
     batch: 99/100[K
   samples: 12672/12800[K
[A
[A


[K[A
[K[A
epoch 22 100%|██████████████████████████████████████████| Time: 0:01:21[K
     batch: 100/100[K
   samples: 12800/12800[K

epoch 23   2%|█                                         |  ETA: 0:01:22[K
     batch: 2/100[K
   samples: 256/12800[K
[A
[A


[K[A
[K[A
epoch 23   4%|██                                        |  ETA: 0:01:19[K
     batch: 4/100[K
   samples: 512/12800[K
[A
[A


[K[A
[K[A
epoch 23   6%|███                                       |  ETA: 0:01:19[K
     batch: 6/100[K
   samples: 768/12800[K
[A
[A


[K[A
[K[A
epoch 23   7%|███                                       |  ETA: 0:01:20[K
     batch: 7/100[K
   samples: 896/12800[K
[A
[A


[K[A
[K[A
epoch 23   9%|████                                      |  ETA: 0:01:17[K
     batch: 9/100[K
   samples: 1152/12800[K
[A
[A


[K[A
[K[A
epoch 23  11%|█████                                     |  ETA: 0:01:15[K
     batch: 11/100[K
   samples: 1408/12800[K
[A
[A


[K[A
[K[A
epoch 23  13%|██████                                    |  ETA: 0:01:14[K
     batch: 13/100[K
   samples: 1664/12800[K
[A
[A


[K[A
[K[A
epoch 23  15%|███████                                   |  ETA: 0:01:11[K
     batch: 15/100[K
   samples: 1920/12800[K
[A
[A


[K[A
[K[A
epoch 23  17%|████████                                  |  ETA: 0:01:09[K
     batch: 17/100[K
   samples: 2176/12800[K
[A
[A


[K[A
[K[A
epoch 23  19%|████████                                  |  ETA: 0:01:07[K
     batch: 19/100[K
   samples: 2432/12800[K
[A
[A


[K[A
[K[A
epoch 23  21%|█████████                                 |  ETA: 0:01:05[K
     batch: 21/100[K
   samples: 2688/12800[K
[A
[A


[K[A
[K[A
epoch 23  23%|██████████                                |  ETA: 0:01:03[K
     batch: 23/100[K
   samples: 2944/12800[K
[A
[A


[K[A
[K[A
epoch 23  25%|███████████                               |  ETA: 0:01:01[K
     batch: 25/100[K
   samples: 3200/12800[K
[A
[A


[K[A
[K[A
epoch 23  27%|████████████                              |  ETA: 0:01:00[K
     batch: 27/100[K
   samples: 3456/12800[K
[A
[A


[K[A
[K[A
epoch 23  29%|█████████████                             |  ETA: 0:00:58[K
     batch: 29/100[K
   samples: 3712/12800[K
[A
[A


[K[A
[K[A
epoch 23  31%|██████████████                            |  ETA: 0:00:56[K
     batch: 31/100[K
   samples: 3968/12800[K
[A
[A


[K[A
[K[A
epoch 23  33%|██████████████                            |  ETA: 0:00:54[K
     batch: 33/100[K
   samples: 4224/12800[K
[A
[A


[K[A
[K[A
epoch 23  35%|███████████████                           |  ETA: 0:00:52[K
     batch: 35/100[K
   samples: 4480/12800[K
[A
[A


[K[A
[K[A
epoch 23  37%|████████████████                          |  ETA: 0:00:51[K
     batch: 37/100[K
   samples: 4736/12800[K
[A
[A


[K[A
[K[A
epoch 23  39%|█████████████████                         |  ETA: 0:00:49[K
     batch: 39/100[K
   samples: 4992/12800[K
[A
[A


[K[A
[K[A
epoch 23  41%|██████████████████                        |  ETA: 0:00:48[K
     batch: 41/100[K
   samples: 5248/12800[K
[A
[A


[K[A
[K[A
epoch 23  43%|███████████████████                       |  ETA: 0:00:46[K
     batch: 43/100[K
   samples: 5504/12800[K
[A
[A


[K[A
[K[A
epoch 23  45%|███████████████████                       |  ETA: 0:00:44[K
     batch: 45/100[K
   samples: 5760/12800[K
[A
[A


[K[A
[K[A
epoch 23  47%|████████████████████                      |  ETA: 0:00:43[K
     batch: 47/100[K
   samples: 6016/12800[K
[A
[A


[K[A
[K[A
epoch 23  49%|█████████████████████                     |  ETA: 0:00:41[K
     batch: 49/100[K
   samples: 6272/12800[K
[A
[A


[K[A
[K[A
epoch 23  51%|██████████████████████                    |  ETA: 0:00:40[K
     batch: 51/100[K
   samples: 6528/12800[K
[A
[A


[K[A
[K[A
epoch 23  53%|███████████████████████                   |  ETA: 0:00:38[K
     batch: 53/100[K
   samples: 6784/12800[K
[A
[A


[K[A
[K[A
epoch 23  55%|████████████████████████                  |  ETA: 0:00:37[K
     batch: 55/100[K
   samples: 7040/12800[K
[A
[A


[K[A
[K[A
epoch 23  57%|████████████████████████                  |  ETA: 0:00:35[K
     batch: 57/100[K
   samples: 7296/12800[K
[A
[A


[K[A
[K[A
epoch 23  59%|█████████████████████████                 |  ETA: 0:00:33[K
     batch: 59/100[K
   samples: 7552/12800[K
[A
[A


[K[A
[K[A
epoch 23  61%|██████████████████████████                |  ETA: 0:00:32[K
     batch: 61/100[K
   samples: 7808/12800[K
[A
[A


[K[A
[K[A
epoch 23  63%|███████████████████████████               |  ETA: 0:00:30[K
     batch: 63/100[K
   samples: 8064/12800[K
[A
[A


[K[A
[K[A
epoch 23  65%|████████████████████████████              |  ETA: 0:00:28[K
     batch: 65/100[K
   samples: 8320/12800[K
[A
[A


[K[A
[K[A
epoch 23  67%|█████████████████████████████             |  ETA: 0:00:27[K
     batch: 67/100[K
   samples: 8576/12800[K
[A
[A


[K[A
[K[A
epoch 23  68%|█████████████████████████████             |  ETA: 0:00:26[K
     batch: 68/100[K
   samples: 8704/12800[K
[A
[A


[K[A
[K[A
epoch 23  70%|██████████████████████████████            |  ETA: 0:00:25[K
     batch: 70/100[K
   samples: 8960/12800[K
[A
[A


[K[A
[K[A
epoch 23  72%|███████████████████████████████           |  ETA: 0:00:23[K
     batch: 72/100[K
   samples: 9216/12800[K
[A
[A


[K[A
[K[A
epoch 23  74%|████████████████████████████████          |  ETA: 0:00:21[K
     batch: 74/100[K
   samples: 9472/12800[K
[A
[A


[K[A
[K[A
epoch 23  76%|████████████████████████████████          |  ETA: 0:00:20[K
     batch: 76/100[K
   samples: 9728/12800[K
[A
[A


[K[A
[K[A
epoch 23  78%|█████████████████████████████████         |  ETA: 0:00:18[K
     batch: 78/100[K
   samples: 9984/12800[K
[A
[A


[K[A
[K[A
epoch 23  80%|██████████████████████████████████        |  ETA: 0:00:16[K
     batch: 80/100[K
   samples: 10240/12800[K
[A
[A


[K[A
[K[A
epoch 23  82%|███████████████████████████████████       |  ETA: 0:00:15[K
     batch: 82/100[K
   samples: 10496/12800[K
[A
[A


[K[A
[K[A
epoch 23  84%|████████████████████████████████████      |  ETA: 0:00:13[K
     batch: 84/100[K
   samples: 10752/12800[K
[A
[A


[K[A
[K[A
epoch 23  86%|█████████████████████████████████████     |  ETA: 0:00:11[K
     batch: 86/100[K
   samples: 11008/12800[K
[A
[A


[K[A
[K[A
epoch 23  88%|█████████████████████████████████████     |  ETA: 0:00:10[K
     batch: 88/100[K
   samples: 11264/12800[K
[A
[A


[K[A
[K[A
epoch 23  90%|██████████████████████████████████████    |  ETA: 0:00:08[K
     batch: 90/100[K
   samples: 11520/12800[K
[A
[A


[K[A
[K[A
epoch 23  92%|███████████████████████████████████████   |  ETA: 0:00:07[K
     batch: 92/100[K
   samples: 11776/12800[K
[A
[A


[K[A
[K[A
epoch 23  94%|████████████████████████████████████████  |  ETA: 0:00:05[K
     batch: 94/100[K
   samples: 12032/12800[K
[A
[A


[K[A
[K[A
epoch 23  96%|█████████████████████████████████████████ |  ETA: 0:00:03[K
     batch: 96/100[K
   samples: 12288/12800[K
[A
[A


[K[A
[K[A
epoch 23  98%|██████████████████████████████████████████|  ETA: 0:00:02[K
     batch: 98/100[K
   samples: 12544/12800[K
[A
[A


[K[A
[K[A
epoch 23 100%|██████████████████████████████████████████| Time: 0:01:21[K
     batch: 100/100[K
   samples: 12800/12800[K

epoch 24   2%|█                                         |  ETA: 0:01:23[K
     batch: 2/100[K
   samples: 256/12800[K
[A
[A


[K[A
[K[A
epoch 24   4%|██                                        |  ETA: 0:01:24[K
     batch: 4/100[K
   samples: 512/12800[K
[A
[A


[K[A
[K[A
epoch 24   5%|███                                       |  ETA: 0:01:26[K
     batch: 5/100[K
   samples: 640/12800[K
[A
[A


[K[A
[K[A
epoch 24   7%|███                                       |  ETA: 0:01:23[K
     batch: 7/100[K
   samples: 896/12800[K
[A
[A


[K[A
[K[A
epoch 24   9%|████                                      |  ETA: 0:01:21[K
     batch: 9/100[K
   samples: 1152/12800[K
[A
[A


[K[A
[K[A
epoch 24  11%|█████                                     |  ETA: 0:01:17[K
     batch: 11/100[K
   samples: 1408/12800[K
[A
[A


[K[A
[K[A
epoch 24  13%|██████                                    |  ETA: 0:01:14[K
     batch: 13/100[K
   samples: 1664/12800[K
[A
[A


[K[A
[K[A
epoch 24  15%|███████                                   |  ETA: 0:01:12[K
     batch: 15/100[K
   samples: 1920/12800[K
[A
[A


[K[A
[K[A
epoch 24  17%|████████                                  |  ETA: 0:01:11[K
     batch: 17/100[K
   samples: 2176/12800[K
[A
[A


[K[A
[K[A
epoch 24  19%|████████                                  |  ETA: 0:01:08[K
     batch: 19/100[K
   samples: 2432/12800[K
[A
[A


[K[A
[K[A
epoch 24  21%|█████████                                 |  ETA: 0:01:06[K
     batch: 21/100[K
   samples: 2688/12800[K
[A
[A


[K[A
[K[A
epoch 24  23%|██████████                                |  ETA: 0:01:04[K
     batch: 23/100[K
   samples: 2944/12800[K
[A
[A


[K[A
[K[A
epoch 24  25%|███████████                               |  ETA: 0:01:02[K
     batch: 25/100[K
   samples: 3200/12800[K
[A
[A


[K[A
[K[A
epoch 24  27%|████████████                              |  ETA: 0:01:00[K
     batch: 27/100[K
   samples: 3456/12800[K
[A
[A


[K[A
[K[A
epoch 24  29%|█████████████                             |  ETA: 0:00:59[K
     batch: 29/100[K
   samples: 3712/12800[K
[A
[A


[K[A
[K[A
epoch 24  31%|██████████████                            |  ETA: 0:00:57[K
     batch: 31/100[K
   samples: 3968/12800[K
[A
[A


[K[A
[K[A
epoch 24  33%|██████████████                            |  ETA: 0:00:55[K
     batch: 33/100[K
   samples: 4224/12800[K
[A
[A


[K[A
[K[A
epoch 24  35%|███████████████                           |  ETA: 0:00:53[K
     batch: 35/100[K
   samples: 4480/12800[K
[A
[A


[K[A
[K[A
epoch 24  37%|████████████████                          |  ETA: 0:00:51[K
     batch: 37/100[K
   samples: 4736/12800[K
[A
[A


[K[A
[K[A
epoch 24  39%|█████████████████                         |  ETA: 0:00:50[K
     batch: 39/100[K
   samples: 4992/12800[K
[A
[A


[K[A
[K[A
epoch 24  41%|██████████████████                        |  ETA: 0:00:48[K
     batch: 41/100[K
   samples: 5248/12800[K
[A
[A


[K[A
[K[A
epoch 24  43%|███████████████████                       |  ETA: 0:00:46[K
     batch: 43/100[K
   samples: 5504/12800[K
[A
[A


[K[A
[K[A
epoch 24  45%|███████████████████                       |  ETA: 0:00:45[K
     batch: 45/100[K
   samples: 5760/12800[K
[A
[A


[K[A
[K[A
epoch 24  47%|████████████████████                      |  ETA: 0:00:43[K
     batch: 47/100[K
   samples: 6016/12800[K
[A
[A


[K[A
[K[A
epoch 24  49%|█████████████████████                     |  ETA: 0:00:41[K
     batch: 49/100[K
   samples: 6272/12800[K
[A
[A


[K[A
[K[A
epoch 24  51%|██████████████████████                    |  ETA: 0:00:39[K
     batch: 51/100[K
   samples: 6528/12800[K
[A
[A


[K[A
[K[A
epoch 24  53%|███████████████████████                   |  ETA: 0:00:37[K
     batch: 53/100[K
   samples: 6784/12800[K
[A
[A


[K[A
[K[A
epoch 24  55%|████████████████████████                  |  ETA: 0:00:36[K
     batch: 55/100[K
   samples: 7040/12800[K
[A
[A


[K[A
[K[A
epoch 24  57%|████████████████████████                  |  ETA: 0:00:34[K
     batch: 57/100[K
   samples: 7296/12800[K
[A
[A


[K[A
[K[A
epoch 24  59%|█████████████████████████                 |  ETA: 0:00:32[K
     batch: 59/100[K
   samples: 7552/12800[K
[A
[A


[K[A
[K[A
epoch 24  61%|██████████████████████████                |  ETA: 0:00:31[K
     batch: 61/100[K
   samples: 7808/12800[K
[A
[A


[K[A
[K[A
epoch 24  63%|███████████████████████████               |  ETA: 0:00:29[K
     batch: 63/100[K
   samples: 8064/12800[K
[A
[A


[K[A
[K[A
epoch 24  65%|████████████████████████████              |  ETA: 0:00:27[K
     batch: 65/100[K
   samples: 8320/12800[K
[A
[A


[K[A
[K[A
epoch 24  67%|█████████████████████████████             |  ETA: 0:00:26[K
     batch: 67/100[K
   samples: 8576/12800[K
[A
[A


[K[A
[K[A
epoch 24  69%|█████████████████████████████             |  ETA: 0:00:24[K
     batch: 69/100[K
   samples: 8832/12800[K
[A
[A


[K[A
[K[A
epoch 24  71%|██████████████████████████████            |  ETA: 0:00:22[K
     batch: 71/100[K
   samples: 9088/12800[K
[A
[A


[K[A
[K[A
epoch 24  73%|███████████████████████████████           |  ETA: 0:00:21[K
     batch: 73/100[K
   samples: 9344/12800[K
[A
[A


[K[A
[K[A
epoch 24  75%|████████████████████████████████          |  ETA: 0:00:19[K
     batch: 75/100[K
   samples: 9600/12800[K
[A
[A


[K[A
[K[A
epoch 24  77%|█████████████████████████████████         |  ETA: 0:00:18[K
     batch: 77/100[K
   samples: 9856/12800[K
[A
[A


[K[A
[K[A
epoch 24  79%|██████████████████████████████████        |  ETA: 0:00:16[K
     batch: 79/100[K
   samples: 10112/12800[K
[A
[A


[K[A
[K[A
epoch 24  81%|███████████████████████████████████       |  ETA: 0:00:15[K
     batch: 81/100[K
   samples: 10368/12800[K
[A
[A


[K[A
[K[A
epoch 24  83%|███████████████████████████████████       |  ETA: 0:00:13[K
     batch: 83/100[K
   samples: 10624/12800[K
[A
[A


[K[A
[K[A
epoch 24  85%|████████████████████████████████████      |  ETA: 0:00:12[K
     batch: 85/100[K
   samples: 10880/12800[K
[A
[A


[K[A
[K[A
epoch 24  87%|█████████████████████████████████████     |  ETA: 0:00:10[K
     batch: 87/100[K
   samples: 11136/12800[K
[A
[A


[K[A
[K[A
epoch 24  89%|██████████████████████████████████████    |  ETA: 0:00:08[K
     batch: 89/100[K
   samples: 11392/12800[K
[A
[A


[K[A
[K[A
epoch 24  91%|███████████████████████████████████████   |  ETA: 0:00:07[K
     batch: 91/100[K
   samples: 11648/12800[K
[A
[A


[K[A
[K[A
epoch 24  93%|████████████████████████████████████████  |  ETA: 0:00:05[K
     batch: 93/100[K
   samples: 11904/12800[K
[A
[A


[K[A
[K[A
epoch 24  95%|████████████████████████████████████████  |  ETA: 0:00:04[K
     batch: 95/100[K
   samples: 12160/12800[K
[A
[A


[K[A
[K[A
epoch 24  97%|█████████████████████████████████████████ |  ETA: 0:00:02[K
     batch: 97/100[K
   samples: 12416/12800[K
[A
[A


[K[A
[K[A
epoch 24  99%|██████████████████████████████████████████|  ETA: 0:00:01[K
     batch: 99/100[K
   samples: 12672/12800[K
[A
[A


[K[A
[K[A
epoch 24 100%|██████████████████████████████████████████| Time: 0:01:16[K
     batch: 100/100[K
   samples: 12800/12800[K
[bootstrap] activated project
[bootstrap] loaded packages
building MNIST 784-120-40 layer
loading training split
training samples: 12800 (100 batches/epoch)
loading train-eval split
train-eval samples: 1000
loading test split
test samples: 1000
constructing 32-worker softplus-margin nudge Adam manager
constructing 32-worker validation manager
starting epochs
restoring checkpoint state from ext/IsingLearning/experiments/MNIST/baseline_new_nudge/experiments/current/symmetric_nudge_resume_from_0p689_20260610/cont_lr0p00012_reset_s500/best_checkpoint.bin
epoch 18 training
epoch 18 batch 1/100 samples 128/12800 elapsed 15.9s
epoch 18 batch 25/100 samples 3200/12800 elapsed 33.2s
epoch 18 batch 50/100 samples 6400/12800 elapsed 51.0s
epoch 18 batch 75/100 samples 9600/12800 elapsed 68.7s
epoch 18 batch 100/100 samples 12800/12800 elapsed 86.6s
epoch 18 training done in 86.544s
epoch 18 train-eval: evaluating 1000 samples
epoch 18 train accuracy 0.637 loss 12.682569
epoch 18 evaluating
epoch 18 test: evaluating 1000 samples
epoch 18 test accuracy 0.663 loss 12.485619 best 0.714
(timestamp = "2026-06-10T09:28:51", epoch = 18, seconds = 86.5436067, train_accuracy = 0.637, train_loss = 12.682569f0, test_accuracy = 0.663, test_loss = 12.485619f0, pred_counts = "119-108-145-153-131-127-82-116-10-9", w_norm = 0.80045635f0, b_norm = 0.06208677f0, w_input_norm = 1.9598048f0, grad_w_norm = 7.5221677f0, grad_b_norm = 1.0744846f0, grad_w_input_norm = 6.8360415f0, effective_w_decay = 0.001f0, effective_w_input_decay = 0.001f0, symmetry_error = 0.0f0, grad_symmetry_error = 0.0f0, best_accuracy = 0.714, best_path = "ext\\IsingLearning\\experiments\\MNIST\\baseline_new_nudge\\experiments\\current\\symmetric_nudge_beta_relax_from_0p714_20260610\\b0p025_lr0p00015_s500_reverseT\\best_checkpoint.bin", final_path = "")
epoch 19 training
epoch 19 batch 1/100 samples 128/12800 elapsed 0.7s
epoch 19 batch 25/100 samples 3200/12800 elapsed 19.4s
epoch 19 batch 50/100 samples 6400/12800 elapsed 38.6s
epoch 19 batch 75/100 samples 9600/12800 elapsed 58.4s
epoch 19 batch 100/100 samples 12800/12800 elapsed 78.7s
epoch 19 training done in 78.682s
epoch 19 train-eval: evaluating 1000 samples
epoch 19 train accuracy 0.677 loss 11.491454
epoch 19 evaluating
epoch 19 test: evaluating 1000 samples
epoch 19 test accuracy 0.704 loss 11.020823 best 0.714
(timestamp = "2026-06-10T09:30:14", epoch = 19, seconds = 78.6818545, train_accuracy = 0.677, train_loss = 11.491454f0, test_accuracy = 0.704, test_loss = 11.0208235f0, pred_counts = "119-119-128-151-120-88-121-120-20-14", w_norm = 0.82360566f0, b_norm = 0.06770085f0, w_input_norm = 2.0133185f0, grad_w_norm = 1.5540152f0, grad_b_norm = 0.32696927f0, grad_w_input_norm = 2.996669f0, effective_w_decay = 0.001f0, effective_w_input_decay = 0.001f0, symmetry_error = 0.0f0, grad_symmetry_error = 0.0f0, best_accuracy = 0.714, best_path = "ext\\IsingLearning\\experiments\\MNIST\\baseline_new_nudge\\experiments\\current\\symmetric_nudge_beta_relax_from_0p714_20260610\\b0p025_lr0p00015_s500_reverseT\\best_checkpoint.bin", final_path = "")
epoch 20 training
epoch 20 batch 1/100 samples 128/12800 elapsed 0.9s
epoch 20 batch 25/100 samples 3200/12800 elapsed 19.5s
epoch 20 batch 50/100 samples 6400/12800 elapsed 38.9s
epoch 20 batch 75/100 samples 9600/12800 elapsed 59.0s
epoch 20 batch 100/100 samples 12800/12800 elapsed 79.0s
epoch 20 training done in 78.97s
epoch 20 train-eval: evaluating 1000 samples
epoch 20 train accuracy 0.664 loss 12.233179
epoch 20 evaluating
epoch 20 test: evaluating 1000 samples
epoch 20 test accuracy 0.652 loss 12.257428 best 0.714
(timestamp = "2026-06-10T09:31:36", epoch = 20, seconds = 78.9699779, train_accuracy = 0.664, train_loss = 12.233179f0, test_accuracy = 0.652, test_loss = 12.257428f0, pred_counts = "148-114-127-176-120-93-96-111-9-6", w_norm = 0.82755834f0, b_norm = 0.06825623f0, w_input_norm = 2.0322871f0, grad_w_norm = 3.8858263f0, grad_b_norm = 0.5003312f0, grad_w_input_norm = 2.875775f0, effective_w_decay = 0.001f0, effective_w_input_decay = 0.001f0, symmetry_error = 0.0f0, grad_symmetry_error = 0.0f0, best_accuracy = 0.714, best_path = "ext\\IsingLearning\\experiments\\MNIST\\baseline_new_nudge\\experiments\\current\\symmetric_nudge_beta_relax_from_0p714_20260610\\b0p025_lr0p00015_s500_reverseT\\best_checkpoint.bin", final_path = "")
epoch 21 training
epoch 21 batch 1/100 samples 128/12800 elapsed 0.9s
epoch 21 batch 25/100 samples 3200/12800 elapsed 19.8s
epoch 21 batch 50/100 samples 6400/12800 elapsed 40.1s
epoch 21 batch 75/100 samples 9600/12800 elapsed 58.7s
epoch 21 batch 100/100 samples 12800/12800 elapsed 78.0s
epoch 21 training done in 77.992s
epoch 21 train-eval: evaluating 1000 samples
epoch 21 train accuracy 0.705 loss 11.449222
epoch 21 evaluating
epoch 21 test: evaluating 1000 samples
epoch 21 test accuracy 0.724 loss 11.124498 best 0.724
(timestamp = "2026-06-10T09:32:57", epoch = 21, seconds = 77.9921524, train_accuracy = 0.705, train_loss = 11.449222f0, test_accuracy = 0.724, test_loss = 11.124498f0, pred_counts = "121-117-121-94-155-123-119-124-12-14", w_norm = 0.8521486f0, b_norm = 0.069335595f0, w_input_norm = 2.0557702f0, grad_w_norm = 3.9791257f0, grad_b_norm = 0.60139334f0, grad_w_input_norm = 4.603311f0, effective_w_decay = 0.001f0, effective_w_input_decay = 0.001f0, symmetry_error = 0.0f0, grad_symmetry_error = 0.0f0, best_accuracy = 0.724, best_path = "ext\\IsingLearning\\experiments\\MNIST\\baseline_new_nudge\\experiments\\current\\symmetric_nudge_beta_relax_from_0p714_20260610\\b0p025_lr0p00015_s500_reverseT\\best_checkpoint.bin", final_path = "")
epoch 22 training
epoch 22 batch 1/100 samples 128/12800 elapsed 0.8s
epoch 22 batch 25/100 samples 3200/12800 elapsed 19.8s
epoch 22 batch 50/100 samples 6400/12800 elapsed 40.2s
epoch 22 batch 75/100 samples 9600/12800 elapsed 60.5s
epoch 22 batch 100/100 samples 12800/12800 elapsed 81.2s
epoch 22 training done in 81.216s
epoch 22 train-eval: evaluating 1000 samples
epoch 22 train accuracy 0.654 loss 12.459333
epoch 22 evaluating
epoch 22 test: evaluating 1000 samples
epoch 22 test accuracy 0.648 loss 12.561224 best 0.724
(timestamp = "2026-06-10T09:34:21", epoch = 22, seconds = 81.2159428, train_accuracy = 0.654, train_loss = 12.459333f0, test_accuracy = 0.648, test_loss = 12.561224f0, pred_counts = "149-132-93-119-180-67-89-159-5-7", w_norm = 0.8708831f0, b_norm = 0.073476106f0, w_input_norm = 2.0947728f0, grad_w_norm = 5.1829667f0, grad_b_norm = 0.735621f0, grad_w_input_norm = 4.2123795f0, effective_w_decay = 0.001f0, effective_w_input_decay = 0.001f0, symmetry_error = 0.0f0, grad_symmetry_error = 0.0f0, best_accuracy = 0.724, best_path = "ext\\IsingLearning\\experiments\\MNIST\\baseline_new_nudge\\experiments\\current\\symmetric_nudge_beta_relax_from_0p714_20260610\\b0p025_lr0p00015_s500_reverseT\\best_checkpoint.bin", final_path = "")
epoch 23 training
epoch 23 batch 1/100 samples 128/12800 elapsed 0.9s
epoch 23 batch 25/100 samples 3200/12800 elapsed 20.4s
epoch 23 batch 50/100 samples 6400/12800 elapsed 40.6s
epoch 23 batch 75/100 samples 9600/12800 elapsed 61.3s
epoch 23 batch 100/100 samples 12800/12800 elapsed 81.6s
epoch 23 training done in 81.599s
epoch 23 train-eval: evaluating 1000 samples
epoch 23 train accuracy 0.683 loss 11.574496
epoch 23 evaluating
epoch 23 test: evaluating 1000 samples
epoch 23 test accuracy 0.656 loss 11.757357 best 0.724
(timestamp = "2026-06-10T09:35:46", epoch = 23, seconds = 81.5987572, train_accuracy = 0.683, train_loss = 11.574496f0, test_accuracy = 0.656, test_loss = 11.757357f0, pred_counts = "108-118-138-153-128-79-95-156-16-9", w_norm = 0.88890606f0, b_norm = 0.07532147f0, w_input_norm = 2.1201856f0, grad_w_norm = 5.168997f0, grad_b_norm = 0.69332546f0, grad_w_input_norm = 5.048126f0, effective_w_decay = 0.001f0, effective_w_input_decay = 0.001f0, symmetry_error = 0.0f0, grad_symmetry_error = 0.0f0, best_accuracy = 0.724, best_path = "ext\\IsingLearning\\experiments\\MNIST\\baseline_new_nudge\\experiments\\current\\symmetric_nudge_beta_relax_from_0p714_20260610\\b0p025_lr0p00015_s500_reverseT\\best_checkpoint.bin", final_path = "")
epoch 24 training
epoch 24 batch 1/100 samples 128/12800 elapsed 0.9s
epoch 24 batch 25/100 samples 3200/12800 elapsed 20.8s
epoch 24 batch 50/100 samples 6400/12800 elapsed 40.0s
epoch 24 batch 75/100 samples 9600/12800 elapsed 57.8s
epoch 24 batch 100/100 samples 12800/12800 elapsed 76.5s
epoch 24 training done in 76.477s
epoch 24 train-eval: evaluating 1000 samples
epoch 24 train accuracy 0.62 loss 13.339953
epoch 24 evaluating
epoch 24 test: evaluating 1000 samples
epoch 24 test accuracy 0.629 loss 13.174868 best 0.724
(timestamp = "2026-06-10T09:37:06", epoch = 24, seconds = 76.4774955, train_accuracy = 0.62, train_loss = 13.339953f0, test_accuracy = 0.629, test_loss = 13.174868f0, pred_counts = "169-109-122-187-96-64-90-135-12-16", w_norm = 0.90629053f0, b_norm = 0.07624391f0, w_input_norm = 2.1448145f0, grad_w_norm = 6.8605866f0, grad_b_norm = 0.83494663f0, grad_w_input_norm = 7.5166554f0, effective_w_decay = 0.001f0, effective_w_input_decay = 0.001f0, symmetry_error = 0.0f0, grad_symmetry_error = 0.0f0, best_accuracy = 0.724, best_path = "ext\\IsingLearning\\experiments\\MNIST\\baseline_new_nudge\\experiments\\current\\symmetric_nudge_beta_relax_from_0p714_20260610\\b0p025_lr0p00015_s500_reverseT\\best_checkpoint.bin", final_path = "ext\\IsingLearning\\experiments\\MNIST\\baseline_new_nudge\\experiments\\current\\symmetric_nudge_beta_relax_from_0p714_20260610\\b0p025_lr0p00015_s500_reverseT\\final_checkpoint.bin")
saved MNIST 784-120-40 softplus-margin nudge baseline in ext\IsingLearning\experiments\MNIST\baseline_new_nudge\experiments\current\symmetric_nudge_beta_relax_from_0p714_20260610\b0p025_lr0p00015_s500_reverseT
