[bootstrap] activated project
[bootstrap] loaded packages
building MNIST 784-120-40 layer
loading training split
training samples: 12800 (100 batches/epoch)
loading train-eval split
train-eval samples: 1000
loading test split
test samples: 1000
constructing 32-worker softplus-margin nudge Adam manager
constructing 32-worker validation manager
starting epochs
restoring checkpoint state from ext/IsingLearning/experiments/MNIST/baseline_new_nudge/experiments/current/symmetric_nudge_resume_from_0p689_20260610/cont_lr0p00012_reset_s500/best_checkpoint.bin
epoch 18 training
epoch 18 batch 1/100 samples 128/12800 elapsed 15.9s
epoch 18 batch 25/100 samples 3200/12800 elapsed 33.2s
epoch 18 batch 50/100 samples 6400/12800 elapsed 51.0s
epoch 18 batch 75/100 samples 9600/12800 elapsed 68.7s
epoch 18 batch 100/100 samples 12800/12800 elapsed 86.6s
epoch 18 training done in 86.544s
epoch 18 train-eval: evaluating 1000 samples
epoch 18 train accuracy 0.637 loss 12.682569
epoch 18 evaluating
epoch 18 test: evaluating 1000 samples
epoch 18 test accuracy 0.663 loss 12.485619 best 0.714
(timestamp = "2026-06-10T09:28:51", epoch = 18, seconds = 86.5436067, train_accuracy = 0.637, train_loss = 12.682569f0, test_accuracy = 0.663, test_loss = 12.485619f0, pred_counts = "119-108-145-153-131-127-82-116-10-9", w_norm = 0.80045635f0, b_norm = 0.06208677f0, w_input_norm = 1.9598048f0, grad_w_norm = 7.5221677f0, grad_b_norm = 1.0744846f0, grad_w_input_norm = 6.8360415f0, effective_w_decay = 0.001f0, effective_w_input_decay = 0.001f0, symmetry_error = 0.0f0, grad_symmetry_error = 0.0f0, best_accuracy = 0.714, best_path = "ext\\IsingLearning\\experiments\\MNIST\\baseline_new_nudge\\experiments\\current\\symmetric_nudge_beta_relax_from_0p714_20260610\\b0p025_lr0p00015_s500_reverseT\\best_checkpoint.bin", final_path = "")
epoch 19 training
epoch 19 batch 1/100 samples 128/12800 elapsed 0.7s
epoch 19 batch 25/100 samples 3200/12800 elapsed 19.4s
epoch 19 batch 50/100 samples 6400/12800 elapsed 38.6s
epoch 19 batch 75/100 samples 9600/12800 elapsed 58.4s
epoch 19 batch 100/100 samples 12800/12800 elapsed 78.7s
epoch 19 training done in 78.682s
epoch 19 train-eval: evaluating 1000 samples
epoch 19 train accuracy 0.677 loss 11.491454
epoch 19 evaluating
epoch 19 test: evaluating 1000 samples
epoch 19 test accuracy 0.704 loss 11.020823 best 0.714
(timestamp = "2026-06-10T09:30:14", epoch = 19, seconds = 78.6818545, train_accuracy = 0.677, train_loss = 11.491454f0, test_accuracy = 0.704, test_loss = 11.0208235f0, pred_counts = "119-119-128-151-120-88-121-120-20-14", w_norm = 0.82360566f0, b_norm = 0.06770085f0, w_input_norm = 2.0133185f0, grad_w_norm = 1.5540152f0, grad_b_norm = 0.32696927f0, grad_w_input_norm = 2.996669f0, effective_w_decay = 0.001f0, effective_w_input_decay = 0.001f0, symmetry_error = 0.0f0, grad_symmetry_error = 0.0f0, best_accuracy = 0.714, best_path = "ext\\IsingLearning\\experiments\\MNIST\\baseline_new_nudge\\experiments\\current\\symmetric_nudge_beta_relax_from_0p714_20260610\\b0p025_lr0p00015_s500_reverseT\\best_checkpoint.bin", final_path = "")
epoch 20 training
epoch 20 batch 1/100 samples 128/12800 elapsed 0.9s
epoch 20 batch 25/100 samples 3200/12800 elapsed 19.5s
epoch 20 batch 50/100 samples 6400/12800 elapsed 38.9s
epoch 20 batch 75/100 samples 9600/12800 elapsed 59.0s
epoch 20 batch 100/100 samples 12800/12800 elapsed 79.0s
epoch 20 training done in 78.97s
epoch 20 train-eval: evaluating 1000 samples
epoch 20 train accuracy 0.664 loss 12.233179
epoch 20 evaluating
epoch 20 test: evaluating 1000 samples
epoch 20 test accuracy 0.652 loss 12.257428 best 0.714
(timestamp = "2026-06-10T09:31:36", epoch = 20, seconds = 78.9699779, train_accuracy = 0.664, train_loss = 12.233179f0, test_accuracy = 0.652, test_loss = 12.257428f0, pred_counts = "148-114-127-176-120-93-96-111-9-6", w_norm = 0.82755834f0, b_norm = 0.06825623f0, w_input_norm = 2.0322871f0, grad_w_norm = 3.8858263f0, grad_b_norm = 0.5003312f0, grad_w_input_norm = 2.875775f0, effective_w_decay = 0.001f0, effective_w_input_decay = 0.001f0, symmetry_error = 0.0f0, grad_symmetry_error = 0.0f0, best_accuracy = 0.714, best_path = "ext\\IsingLearning\\experiments\\MNIST\\baseline_new_nudge\\experiments\\current\\symmetric_nudge_beta_relax_from_0p714_20260610\\b0p025_lr0p00015_s500_reverseT\\best_checkpoint.bin", final_path = "")
epoch 21 training
epoch 21 batch 1/100 samples 128/12800 elapsed 0.9s
epoch 21 batch 25/100 samples 3200/12800 elapsed 19.8s
epoch 21 batch 50/100 samples 6400/12800 elapsed 40.1s
epoch 21 batch 75/100 samples 9600/12800 elapsed 58.7s
epoch 21 batch 100/100 samples 12800/12800 elapsed 78.0s
epoch 21 training done in 77.992s
epoch 21 train-eval: evaluating 1000 samples
epoch 21 train accuracy 0.705 loss 11.449222
epoch 21 evaluating
epoch 21 test: evaluating 1000 samples
epoch 21 test accuracy 0.724 loss 11.124498 best 0.724
(timestamp = "2026-06-10T09:32:57", epoch = 21, seconds = 77.9921524, train_accuracy = 0.705, train_loss = 11.449222f0, test_accuracy = 0.724, test_loss = 11.124498f0, pred_counts = "121-117-121-94-155-123-119-124-12-14", w_norm = 0.8521486f0, b_norm = 0.069335595f0, w_input_norm = 2.0557702f0, grad_w_norm = 3.9791257f0, grad_b_norm = 0.60139334f0, grad_w_input_norm = 4.603311f0, effective_w_decay = 0.001f0, effective_w_input_decay = 0.001f0, symmetry_error = 0.0f0, grad_symmetry_error = 0.0f0, best_accuracy = 0.724, best_path = "ext\\IsingLearning\\experiments\\MNIST\\baseline_new_nudge\\experiments\\current\\symmetric_nudge_beta_relax_from_0p714_20260610\\b0p025_lr0p00015_s500_reverseT\\best_checkpoint.bin", final_path = "")
epoch 22 training
epoch 22 batch 1/100 samples 128/12800 elapsed 0.8s
epoch 22 batch 25/100 samples 3200/12800 elapsed 19.8s
epoch 22 batch 50/100 samples 6400/12800 elapsed 40.2s
epoch 22 batch 75/100 samples 9600/12800 elapsed 60.5s
epoch 22 batch 100/100 samples 12800/12800 elapsed 81.2s
epoch 22 training done in 81.216s
epoch 22 train-eval: evaluating 1000 samples
epoch 22 train accuracy 0.654 loss 12.459333
epoch 22 evaluating
epoch 22 test: evaluating 1000 samples
epoch 22 test accuracy 0.648 loss 12.561224 best 0.724
(timestamp = "2026-06-10T09:34:21", epoch = 22, seconds = 81.2159428, train_accuracy = 0.654, train_loss = 12.459333f0, test_accuracy = 0.648, test_loss = 12.561224f0, pred_counts = "149-132-93-119-180-67-89-159-5-7", w_norm = 0.8708831f0, b_norm = 0.073476106f0, w_input_norm = 2.0947728f0, grad_w_norm = 5.1829667f0, grad_b_norm = 0.735621f0, grad_w_input_norm = 4.2123795f0, effective_w_decay = 0.001f0, effective_w_input_decay = 0.001f0, symmetry_error = 0.0f0, grad_symmetry_error = 0.0f0, best_accuracy = 0.724, best_path = "ext\\IsingLearning\\experiments\\MNIST\\baseline_new_nudge\\experiments\\current\\symmetric_nudge_beta_relax_from_0p714_20260610\\b0p025_lr0p00015_s500_reverseT\\best_checkpoint.bin", final_path = "")
epoch 23 training
epoch 23 batch 1/100 samples 128/12800 elapsed 0.9s
epoch 23 batch 25/100 samples 3200/12800 elapsed 20.4s
epoch 23 batch 50/100 samples 6400/12800 elapsed 40.6s
epoch 23 batch 75/100 samples 9600/12800 elapsed 61.3s
epoch 23 batch 100/100 samples 12800/12800 elapsed 81.6s
epoch 23 training done in 81.599s
epoch 23 train-eval: evaluating 1000 samples
epoch 23 train accuracy 0.683 loss 11.574496
epoch 23 evaluating
epoch 23 test: evaluating 1000 samples
epoch 23 test accuracy 0.656 loss 11.757357 best 0.724
(timestamp = "2026-06-10T09:35:46", epoch = 23, seconds = 81.5987572, train_accuracy = 0.683, train_loss = 11.574496f0, test_accuracy = 0.656, test_loss = 11.757357f0, pred_counts = "108-118-138-153-128-79-95-156-16-9", w_norm = 0.88890606f0, b_norm = 0.07532147f0, w_input_norm = 2.1201856f0, grad_w_norm = 5.168997f0, grad_b_norm = 0.69332546f0, grad_w_input_norm = 5.048126f0, effective_w_decay = 0.001f0, effective_w_input_decay = 0.001f0, symmetry_error = 0.0f0, grad_symmetry_error = 0.0f0, best_accuracy = 0.724, best_path = "ext\\IsingLearning\\experiments\\MNIST\\baseline_new_nudge\\experiments\\current\\symmetric_nudge_beta_relax_from_0p714_20260610\\b0p025_lr0p00015_s500_reverseT\\best_checkpoint.bin", final_path = "")
epoch 24 training
epoch 24 batch 1/100 samples 128/12800 elapsed 0.9s
epoch 24 batch 25/100 samples 3200/12800 elapsed 20.8s
epoch 24 batch 50/100 samples 6400/12800 elapsed 40.0s
epoch 24 batch 75/100 samples 9600/12800 elapsed 57.8s
epoch 24 batch 100/100 samples 12800/12800 elapsed 76.5s
epoch 24 training done in 76.477s
epoch 24 train-eval: evaluating 1000 samples
epoch 24 train accuracy 0.62 loss 13.339953
epoch 24 evaluating
epoch 24 test: evaluating 1000 samples
epoch 24 test accuracy 0.629 loss 13.174868 best 0.724
(timestamp = "2026-06-10T09:37:06", epoch = 24, seconds = 76.4774955, train_accuracy = 0.62, train_loss = 13.339953f0, test_accuracy = 0.629, test_loss = 13.174868f0, pred_counts = "169-109-122-187-96-64-90-135-12-16", w_norm = 0.90629053f0, b_norm = 0.07624391f0, w_input_norm = 2.1448145f0, grad_w_norm = 6.8605866f0, grad_b_norm = 0.83494663f0, grad_w_input_norm = 7.5166554f0, effective_w_decay = 0.001f0, effective_w_input_decay = 0.001f0, symmetry_error = 0.0f0, grad_symmetry_error = 0.0f0, best_accuracy = 0.724, best_path = "ext\\IsingLearning\\experiments\\MNIST\\baseline_new_nudge\\experiments\\current\\symmetric_nudge_beta_relax_from_0p714_20260610\\b0p025_lr0p00015_s500_reverseT\\best_checkpoint.bin", final_path = "ext\\IsingLearning\\experiments\\MNIST\\baseline_new_nudge\\experiments\\current\\symmetric_nudge_beta_relax_from_0p714_20260610\\b0p025_lr0p00015_s500_reverseT\\final_checkpoint.bin")
saved MNIST 784-120-40 softplus-margin nudge baseline in ext\IsingLearning\experiments\MNIST\baseline_new_nudge\experiments\current\symmetric_nudge_beta_relax_from_0p714_20260610\b0p025_lr0p00015_s500_reverseT
