  Activating project at `~/Documents/GitHub/InteractiveIsing.jl/ext/IsingLearning`
┌ Warning: Overlapping GeneralState field names encountered during merge; later defaults will override earlier ones.
│   overlapping_fields =
│    2-element Vector{Symbol}:
│     :equilibrium_state
│     :x
└ @ IsingLearning.InteractiveIsing.Processes ~/Documents/GitHub/InteractiveIsing.jl/deps/Processes/src/Widgets/GeneralState.jl:54
┌ Warning: Overlapping GeneralState field names encountered during merge; later defaults will override earlier ones.
│   overlapping_fields =
│    3-element Vector{Symbol}:
│     :equilibrium_state
│     :y
│     :x
└ @ IsingLearning.InteractiveIsing.Processes ~/Documents/GitHub/InteractiveIsing.jl/deps/Processes/src/Widgets/GeneralState.jl:54
Running 2-input statistical XOR EP: (epochs = 1500, log_every = 150, minit = 4, eval_repeats = 32, hidden = 16, beta = 1.0, lr = 0.003, weight_decay = 0.0, temp = 0.001, stepsize = 0.1, block_size = 8, free_relaxation = 1000, nudged_relaxation = 1000, state = :continuous, dynamics = :langevin, init_mode = :zero, training_rule = :target_free, target_free_sign = :target_minus_free)
epoch=0 mse=1.683936 acc=0.5
    case=(false, false) input=[-1.0, -1.0] target=[1.0, -1.0] mean=[-0.4562, 0.9431] std=0.50461
    case=(false, true) input=[-1.0, 1.0] target=[-1.0, 1.0] mean=[-0.9523, -0.9636] std=0.02626
    case=(true, false) input=[1.0, -1.0] target=[-1.0, 1.0] mean=[0.9257, 0.97] std=0.03432
    case=(true, true) input=[1.0, 1.0] target=[1.0, -1.0] mean=[0.9449, -0.9277] std=0.03897
epoch=1 mse=1.719051 acc=0.5 grad=2.690862 response=0.511412 delta=0.036249
epoch=150 mse=1.252733 acc=0.5 grad=0.833567 response=0.637967 delta=1.668895
epoch=300 mse=1.043832 acc=0.5 grad=0.635764 response=0.50816 delta=2.197608
epoch=450 mse=1.089957 acc=0.25 grad=0.291415 response=0.609372 delta=2.431365
epoch=600 mse=1.099182 acc=0.5 grad=1.035601 response=0.520611 delta=2.643622
epoch=750 mse=0.893309 acc=0.75 grad=0.434952 response=0.577901 delta=2.834695
epoch=900 mse=1.153731 acc=0.5 grad=0.489757 response=0.557794 delta=2.829535
epoch=1050 mse=1.216161 acc=0.5 grad=0.309339 response=0.619345 delta=2.831965
epoch=1200 mse=1.104448 acc=0.5 grad=0.367436 response=0.575661 delta=2.832616
epoch=1350 mse=0.79847 acc=0.75 grad=0.440045 response=0.570643 delta=2.832953
epoch=1500 mse=0.702626 acc=1.0 grad=0.62216 response=0.633681 delta=2.838233
restored best mse=0.947243 acc=0.75
    case=(false, false) input=[-1.0, -1.0] target=[1.0, -1.0] mean=[0.226, -0.2353] std=0.9267
    case=(false, true) input=[-1.0, 1.0] target=[-1.0, 1.0] mean=[0.2418, -0.2282] std=0.9224
    case=(true, false) input=[1.0, -1.0] target=[-1.0, 1.0] mean=[-0.1779, 0.1792] std=0.93287
    case=(true, true) input=[1.0, 1.0] target=[1.0, -1.0] mean=[0.0049, 0.0019] std=0.95366
Saved CSV: ext/IsingLearning/runs/xor_2input_langevin_targetfree_sweep_20260510_030316/lr003/xor_statistical_ep_2input.csv
Saved plot: ext/IsingLearning/runs/xor_2input_langevin_targetfree_sweep_20260510_030316/lr003/xor_statistical_ep_2input.png
Saved graph: ext/IsingLearning/runs/xor_2input_langevin_targetfree_sweep_20260510_030316/lr003/xor_statistical_ep_2input_trained_graph.jld2
