[bootstrap] activated project
[bootstrap] loaded packages
building MNIST 784-120-40 layer
loading training split
training samples: 54210 (424 batches/epoch)
loading train-eval split
train-eval samples: 54210
loading test split
test samples: 8920
constructing 32-worker surrogate-attractor Adam manager
constructing 32-worker validation manager
starting epochs
epoch 0 train-eval: evaluating 54210 samples
epoch 0 train-eval: done in 10.046s accuracy=0.08978 loss=57.90664
epoch 0 evaluating
epoch 0 test: evaluating 8920 samples
epoch 0 test: done in 0.495s accuracy=0.09215 loss=57.82049
(timestamp = "2026-06-09T13:13:52", epoch = 0, seconds = 0.0, train_accuracy = 0.08978048330566316, train_loss = 57.90664f0, test_accuracy = 0.092152466367713, test_loss = 57.82049f0, pred_counts = "727-1011-786-781-955-818-872-1231-820-919", w_norm = 0.5f0, b_norm = 0.0f0, w_input_norm = 1.5336232f0, grad_w_norm = 0.0f0, grad_b_norm = 0.0f0, grad_w_input_norm = 0.0f0, symmetry_error = 0.0f0, grad_symmetry_error = 0.0f0, attractor_samples = 0, reward_mean = 0.0f0, reward_std = 0.0f0, best_accuracy = 0.092152466367713, best_path = "ext/IsingLearning/experiments/MNIST/784-120-40-reinforce-minima-fixes/experiments/current/grid_w_norm_lr001_full6/w_norm_0p5\\best_checkpoint.bin", final_path = "")
epoch 1 training
epoch 1 batch 1/424 samples 128/54210 elapsed 10.2s reward_mean -0.79263 reward_std 0.5222 minima 2560
epoch 1 batch 50/424 samples 6400/54210 elapsed 28.4s reward_mean -0.06617 reward_std 0.16399 minima 2560
epoch 1 batch 100/424 samples 12800/54210 elapsed 46.5s reward_mean -0.03925 reward_std 0.12693 minima 2560
epoch 1 batch 150/424 samples 19200/54210 elapsed 65.1s reward_mean -0.05853 reward_std 0.15492 minima 2560
