[bootstrap] activated project
[bootstrap] loaded packages
building MNIST 784-120-40 layer
loading training split
training samples: 12800 (100 batches/epoch)
loading train-eval split
train-eval samples: 1000
loading test split
test samples: 1000
constructing 32-worker softplus-margin nudge Adam manager
constructing 32-worker validation manager
starting epochs
epoch 0 train-eval: evaluating 1000 samples
epoch 0 train accuracy 0.069 loss 73.992889
epoch 0 evaluating
epoch 0 test: evaluating 1000 samples
epoch 0 test accuracy 0.079 loss 73.116028 best 0.079
(timestamp = "2026-06-09T22:39:09", epoch = 0, seconds = 0.0, train_accuracy = 0.069, train_loss = 73.99289f0, test_accuracy = 0.079, test_loss = 73.11603f0, pred_counts = "44-198-80-66-90-49-83-215-74-101", w_norm = 0.48583895f0, b_norm = 0.0f0, w_input_norm = 1.5314544f0, grad_w_norm = 0.0f0, grad_b_norm = 0.0f0, grad_w_input_norm = 0.0f0, effective_w_decay = 0.001f0, effective_w_input_decay = 0.001f0, symmetry_error = 0.0f0, grad_symmetry_error = 0.0f0, best_accuracy = 0.079, best_path = "ext\\IsingLearning\\experiments\\MNIST\\baseline_new_nudge\\experiments\\current\\symmetric_nudge_target_weight_grid_v7_20260609\\b0p020_lr0p00020_T0p00005_wd0p001_step0p5_pos9p0_neg0p50_priortrue_adaptivefalse\\best_checkpoint.bin", final_path = "")
epoch 1 training
epoch 1 batch 1/100 samples 128/12800 elapsed 13.7s
epoch 1 batch 25/100 samples 3200/12800 elapsed 31.5s
epoch 1 batch 50/100 samples 6400/12800 elapsed 49.8s
epoch 1 batch 75/100 samples 9600/12800 elapsed 68.2s
epoch 1 batch 100/100 samples 12800/12800 elapsed 88.7s
epoch 1 training done in 88.694s
epoch 1 train-eval: evaluating 1000 samples
epoch 1 train accuracy 0.426 loss 22.277159
epoch 1 evaluating
epoch 1 test: evaluating 1000 samples
epoch 1 test accuracy 0.416 loss 22.068333 best 0.416
(timestamp = "2026-06-09T22:40:42", epoch = 1, seconds = 88.6935611, train_accuracy = 0.426, train_loss = 22.277159f0, test_accuracy = 0.416, test_loss = 22.068333f0, pred_counts = "115-287-10-197-204-0-148-32-0-7", w_norm = 0.5318244f0, b_norm = 0.017777892f0, w_input_norm = 1.404889f0, grad_w_norm = 14.170847f0, grad_b_norm = 1.7429647f0, grad_w_input_norm = 9.09782f0, effective_w_decay = 0.001f0, effective_w_input_decay = 0.001f0, symmetry_error = 0.0f0, grad_symmetry_error = 0.0f0, best_accuracy = 0.416, best_path = "ext\\IsingLearning\\experiments\\MNIST\\baseline_new_nudge\\experiments\\current\\symmetric_nudge_target_weight_grid_v7_20260609\\b0p020_lr0p00020_T0p00005_wd0p001_step0p5_pos9p0_neg0p50_priortrue_adaptivefalse\\best_checkpoint.bin", final_path = "")
epoch 2 training
epoch 2 batch 1/100 samples 128/12800 elapsed 0.7s
epoch 2 batch 25/100 samples 3200/12800 elapsed 19.3s
epoch 2 batch 50/100 samples 6400/12800 elapsed 38.8s
epoch 2 batch 75/100 samples 9600/12800 elapsed 58.0s
epoch 2 batch 100/100 samples 12800/12800 elapsed 77.9s
epoch 2 training done in 77.91s
epoch 2 train-eval: evaluating 1000 samples
epoch 2 train accuracy 0.424 loss 22.984127
epoch 2 evaluating
epoch 2 test: evaluating 1000 samples
epoch 2 test accuracy 0.428 loss 23.062326 best 0.428
(timestamp = "2026-06-09T22:42:03", epoch = 2, seconds = 77.9104174, train_accuracy = 0.424, train_loss = 22.984127f0, test_accuracy = 0.428, test_loss = 23.062326f0, pred_counts = "147-254-24-264-176-0-89-21-0-25", w_norm = 0.54514635f0, b_norm = 0.020613723f0, w_input_norm = 1.444375f0, grad_w_norm = 13.657538f0, grad_b_norm = 1.7846111f0, grad_w_input_norm = 8.977043f0, effective_w_decay = 0.001f0, effective_w_input_decay = 0.001f0, symmetry_error = 0.0f0, grad_symmetry_error = 0.0f0, best_accuracy = 0.428, best_path = "ext\\IsingLearning\\experiments\\MNIST\\baseline_new_nudge\\experiments\\current\\symmetric_nudge_target_weight_grid_v7_20260609\\b0p020_lr0p00020_T0p00005_wd0p001_step0p5_pos9p0_neg0p50_priortrue_adaptivefalse\\best_checkpoint.bin", final_path = "")
epoch 3 training
epoch 3 batch 1/100 samples 128/12800 elapsed 0.8s
epoch 3 batch 25/100 samples 3200/12800 elapsed 21.1s
epoch 3 batch 50/100 samples 6400/12800 elapsed 41.6s
epoch 3 batch 75/100 samples 9600/12800 elapsed 61.8s
epoch 3 batch 100/100 samples 12800/12800 elapsed 82.5s
epoch 3 training done in 82.547s
epoch 3 train-eval: evaluating 1000 samples
epoch 3 train accuracy 0.435 loss 21.647387
epoch 3 evaluating
epoch 3 test: evaluating 1000 samples
epoch 3 test accuracy 0.451 loss 21.735664 best 0.451
(timestamp = "2026-06-09T22:43:29", epoch = 3, seconds = 82.5473232, train_accuracy = 0.435, train_loss = 21.647387f0, test_accuracy = 0.451, test_loss = 21.735664f0, pred_counts = "137-288-29-175-214-0-111-24-0-22", w_norm = 0.5596049f0, b_norm = 0.022574516f0, w_input_norm = 1.4831178f0, grad_w_norm = 9.73534f0, grad_b_norm = 1.2479426f0, grad_w_input_norm = 7.8553066f0, effective_w_decay = 0.001f0, effective_w_input_decay = 0.001f0, symmetry_error = 0.0f0, grad_symmetry_error = 0.0f0, best_accuracy = 0.451, best_path = "ext\\IsingLearning\\experiments\\MNIST\\baseline_new_nudge\\experiments\\current\\symmetric_nudge_target_weight_grid_v7_20260609\\b0p020_lr0p00020_T0p00005_wd0p001_step0p5_pos9p0_neg0p50_priortrue_adaptivefalse\\best_checkpoint.bin", final_path = "")
epoch 4 training
epoch 4 batch 1/100 samples 128/12800 elapsed 0.8s
epoch 4 batch 25/100 samples 3200/12800 elapsed 19.8s
epoch 4 batch 50/100 samples 6400/12800 elapsed 39.1s
epoch 4 batch 75/100 samples 9600/12800 elapsed 57.7s
epoch 4 batch 100/100 samples 12800/12800 elapsed 78.4s
epoch 4 training done in 78.372s
epoch 4 train-eval: evaluating 1000 samples
epoch 4 train accuracy 0.437 loss 22.629507
epoch 4 evaluating
epoch 4 test: evaluating 1000 samples
epoch 4 test accuracy 0.448 loss 22.437166 best 0.451
(timestamp = "2026-06-09T22:44:50", epoch = 4, seconds = 78.3718141, train_accuracy = 0.437, train_loss = 22.629507f0, test_accuracy = 0.448, test_loss = 22.437166f0, pred_counts = "118-229-70-184-214-0-146-19-0-20", w_norm = 0.57442623f0, b_norm = 0.024542399f0, w_input_norm = 1.522193f0, grad_w_norm = 9.163426f0, grad_b_norm = 1.2336829f0, grad_w_input_norm = 6.0645304f0, effective_w_decay = 0.001f0, effective_w_input_decay = 0.001f0, symmetry_error = 0.0f0, grad_symmetry_error = 0.0f0, best_accuracy = 0.451, best_path = "ext\\IsingLearning\\experiments\\MNIST\\baseline_new_nudge\\experiments\\current\\symmetric_nudge_target_weight_grid_v7_20260609\\b0p020_lr0p00020_T0p00005_wd0p001_step0p5_pos9p0_neg0p50_priortrue_adaptivefalse\\best_checkpoint.bin", final_path = "")
epoch 5 training
epoch 5 batch 1/100 samples 128/12800 elapsed 0.7s
