  Activating project at `~/Documents/GitHub/InteractiveIsing.jl/ext/IsingLearning`
┌ Warning: Overlapping GeneralState field names encountered during merge; later defaults will override earlier ones.
│   overlapping_fields =
│    2-element Vector{Symbol}:
│     :equilibrium_state
│     :x
└ @ IsingLearning.InteractiveIsing.Processes ~/Documents/GitHub/InteractiveIsing.jl/deps/Processes/src/Widgets/GeneralState.jl:54
┌ Warning: Overlapping GeneralState field names encountered during merge; later defaults will override earlier ones.
│   overlapping_fields =
│    3-element Vector{Symbol}:
│     :equilibrium_state
│     :y
│     :x
└ @ IsingLearning.InteractiveIsing.Processes ~/Documents/GitHub/InteractiveIsing.jl/deps/Processes/src/Widgets/GeneralState.jl:54
Running 2-input statistical XOR EP: (epochs = 1200, log_every = 100, minit = 16, eval_repeats = 64, hidden = 16, beta = 0.5, lr = 0.0005, weight_decay = 0.0, temp = 0.001, stepsize = 0.1, block_size = 8, free_relaxation = 80, nudged_relaxation = 80, state = :continuous, dynamics = :langevin, init_mode = :random, training_rule = :ep, target_free_sign = :target_minus_free)
epoch=0 mse=1.014601 acc=0.25
    case=(false, false) input=[-1.0, -1.0] target=[1.0, -1.0] mean=[0.0555, -0.0262] std=0.5508
    case=(false, true) input=[-1.0, 1.0] target=[-1.0, 1.0] mean=[0.0224, -0.0025] std=0.59288
    case=(true, false) input=[1.0, -1.0] target=[-1.0, 1.0] mean=[-0.0569, -0.1135] std=0.60954
    case=(true, true) input=[1.0, 1.0] target=[1.0, -1.0] mean=[-0.0391, 0.0083] std=0.62175
epoch=1 mse=1.01076 acc=0.25 grad=0.244708 response=0.138916 delta=0.006042
epoch=100 mse=1.014638 acc=0.25 grad=0.238002 response=0.138857 delta=0.177775
epoch=200 mse=1.01179 acc=0.25 grad=0.231569 response=0.136643 delta=0.322901
epoch=300 mse=1.014593 acc=0.25 grad=0.207432 response=0.134051 delta=0.446607
epoch=400 mse=1.015279 acc=0.25 grad=0.260652 response=0.132564 delta=0.550088
epoch=500 mse=1.014742 acc=0.25 grad=0.213513 response=0.132987 delta=0.62659
epoch=600 mse=1.013879 acc=0.25 grad=0.219857 response=0.130482 delta=0.703332
epoch=700 mse=1.013466 acc=0.25 grad=0.24475 response=0.129853 delta=0.774608
epoch=800 mse=1.016163 acc=0.25 grad=0.196913 response=0.127612 delta=0.819591
epoch=900 mse=1.010487 acc=0.25 grad=0.215874 response=0.125506 delta=0.864606
epoch=1000 mse=1.011791 acc=0.25 grad=0.249304 response=0.128237 delta=0.887059
epoch=1100 mse=1.010613 acc=0.25 grad=0.213142 response=0.128252 delta=0.914254
epoch=1200 mse=1.012378 acc=0.25 grad=0.269123 response=0.130116 delta=0.945405
restored best mse=1.014387 acc=0.25
    case=(false, false) input=[-1.0, -1.0] target=[1.0, -1.0] mean=[0.0858, -0.0122] std=0.55418
    case=(false, true) input=[-1.0, 1.0] target=[-1.0, 1.0] mean=[0.0304, 0.0185] std=0.57689
    case=(true, false) input=[1.0, -1.0] target=[-1.0, 1.0] mean=[-0.0309, -0.1099] std=0.6151
    case=(true, true) input=[1.0, 1.0] target=[1.0, -1.0] mean=[-0.0228, 0.0304] std=0.60206
Saved CSV: ext/IsingLearning/runs/xor_2input_langevin_random_sweep_20260510_021947/T001_s010_lr0005_b05_w010/xor_statistical_ep_2input.csv
Saved plot: ext/IsingLearning/runs/xor_2input_langevin_random_sweep_20260510_021947/T001_s010_lr0005_b05_w010/xor_statistical_ep_2input.png
Saved graph: ext/IsingLearning/runs/xor_2input_langevin_random_sweep_20260510_021947/T001_s010_lr0005_b05_w010/xor_statistical_ep_2input_trained_graph.jld2
