  Activating project at `C:\Users\fenje\dev\InteractiveIsing.jl\ext\IsingLearning`
[bootstrap] activated project
[bootstrap] loaded packages
┌ Warning: this run uses a subsampled balanced training split, so it is not the full balanced MNIST baseline
│   train_per_class = 64
└ @ Main C:\Users\fenje\dev\InteractiveIsing.jl\ext\IsingLearning\experiments\MNIST\baseline_new_nudge\mnist_784_120_40_softplus_margin_nudge_adam.jl:1478
┌ Warning: this run uses a subsampled balanced test split, so reported accuracy will be noisy
│   test_per_class = 1
└ @ Main C:\Users\fenje\dev\InteractiveIsing.jl\ext\IsingLearning\experiments\MNIST\baseline_new_nudge\mnist_784_120_40_softplus_margin_nudge_adam.jl:1479
building MNIST 784-120-40 layer
loading training split
training samples: 640 (5 batches/epoch)
loading train-eval split
train-eval samples: 0
loading test split
test samples: 10
constructing 32-worker softplus-margin nudge Adam manager
constructing 32-worker validation manager
starting epochs
epoch 0 evaluating
epoch 0 test: evaluating 10 samples
(timestamp = "2026-06-09T15:47:45", epoch = 0, seconds = 0.0, train_accuracy = missing, train_loss = missing, test_accuracy = 0.2, test_loss = 72.726204f0, pred_counts = "0-2-0-1-1-1-0-3-2-0", w_norm = 0.48583895f0, b_norm = 0.0f0, w_input_norm = 1.5314544f0, grad_w_norm = 0.0f0, grad_b_norm = 0.0f0, grad_w_input_norm = 0.0f0, symmetry_error = 0.0f0, grad_symmetry_error = 0.0f0, best_accuracy = 0.2, best_path = "ext/IsingLearning/experiments/MNIST/baseline_new_nudge/experiments/current/diagnostic_full_5batches_20260609\\best_checkpoint.bin", final_path = "")
epoch 1 training
epoch 1 batch 1/5 samples 128/640 elapsed 6.9s

epoch 1  40%|██████████████████                         |  ETA: 0:00:11[K
     batch: 2/5[K
   samples: 256/640[K
[A
epoch 1 batch 2/5 samples 256/640 elapsed 7.4s
epoch 1 batch 3/5 samples 384/640 elapsed 7.8s
epoch 1 batch 4/5 samples 512/640 elapsed 8.1s
[A


[K[A
[K[A
epoch 1 100%|███████████████████████████████████████████| Time: 0:00:08[K
     batch: 5/5[K
   samples: 640/640[K
epoch 1 batch 5/5 samples 640/640 elapsed 8.4s
epoch 1 training done in 8.434s
epoch 1 evaluating
epoch 1 test: evaluating 10 samples
(timestamp = "2026-06-09T15:47:55", epoch = 1, seconds = 8.4336371, train_accuracy = missing, train_loss = missing, test_accuracy = 0.1, test_loss = 15.65114f0, pred_counts = "0-0-2-1-3-0-0-1-1-2", w_norm = 0.95967126f0, b_norm = 0.10062999f0, w_input_norm = 2.6934495f0, grad_w_norm = 0.6240259f0, grad_b_norm = 0.07848981f0, grad_w_input_norm = 0.60329264f0, symmetry_error = 0.0f0, grad_symmetry_error = 0.0f0, best_accuracy = 0.2, best_path = "ext/IsingLearning/experiments/MNIST/baseline_new_nudge/experiments/current/diagnostic_full_5batches_20260609\\best_checkpoint.bin", final_path = "ext/IsingLearning/experiments/MNIST/baseline_new_nudge/experiments/current/diagnostic_full_5batches_20260609\\final_checkpoint.bin")
saved MNIST 784-120-40 softplus-margin nudge baseline in ext/IsingLearning/experiments/MNIST/baseline_new_nudge/experiments/current/diagnostic_full_5batches_20260609
