  Activating project at `~/Documents/GitHub/InteractiveIsing.jl/ext/IsingLearning`
┌ Warning: Overlapping GeneralState field names encountered during merge; later defaults will override earlier ones.
│   overlapping_fields =
│    2-element Vector{Symbol}:
│     :equilibrium_state
│     :x
└ @ IsingLearning.InteractiveIsing.Processes ~/Documents/GitHub/InteractiveIsing.jl/deps/Processes/src/Widgets/GeneralState.jl:54
┌ Warning: Overlapping GeneralState field names encountered during merge; later defaults will override earlier ones.
│   overlapping_fields =
│    3-element Vector{Symbol}:
│     :equilibrium_state
│     :y
│     :x
└ @ IsingLearning.InteractiveIsing.Processes ~/Documents/GitHub/InteractiveIsing.jl/deps/Processes/src/Widgets/GeneralState.jl:54
Running 2-input statistical XOR EP: (epochs = 1000, log_every = 250, minit = 4, eval_repeats = 32, hidden = 16, beta = 1.0, lr = 0.0015, weight_decay = 0.0001, temp = 0.05, stepsize = 0.1, block_size = 8, free_relaxation = 1000, nudged_relaxation = 1000, state = :continuous, dynamics = :langevin, init_mode = :random, training_rule = :ep, target_free_sign = :target_minus_free)
epoch=0 mse=0.883336 acc=0.75
    case=(false, false) input=[-1.0, -1.0] target=[1.0, -1.0] mean=[0.0712, -0.1134] std=0.88236
    case=(false, true) input=[-1.0, 1.0] target=[-1.0, 1.0] mean=[0.0509, -0.1158] std=0.86516
    case=(true, false) input=[1.0, -1.0] target=[-1.0, 1.0] mean=[0.1458, 0.1842] std=0.82937
    case=(true, true) input=[1.0, 1.0] target=[1.0, -1.0] mean=[0.147, -0.3979] std=0.84813
epoch=1 mse=0.844098 acc=0.75 grad=0.949026 response=0.557615 delta=0.018248
epoch=250 mse=0.933426 acc=0.5 grad=0.746324 response=0.649195 delta=1.917069
epoch=500 mse=0.889223 acc=0.5 grad=0.800772 response=0.670214 delta=2.249251
epoch=750 mse=0.944842 acc=0.5 grad=0.779108 response=0.696965 delta=2.460792
epoch=1000 mse=0.985875 acc=0.5 grad=0.717127 response=0.724857 delta=2.642986
restored best mse=1.03945 acc=0.5
    case=(false, false) input=[-1.0, -1.0] target=[1.0, -1.0] mean=[0.0913, 0.01] std=0.85235
    case=(false, true) input=[-1.0, 1.0] target=[-1.0, 1.0] mean=[0.0793, -0.2853] std=0.83842
    case=(true, false) input=[1.0, -1.0] target=[-1.0, 1.0] mean=[0.2316, 0.0089] std=0.86986
    case=(true, true) input=[1.0, 1.0] target=[1.0, -1.0] mean=[0.2432, -0.2377] std=0.86518
Saved CSV: ext/IsingLearning/runs/xor_langevin_2input_search_focused_1000/T005_s010/xor_statistical_ep_2input.csv
Saved plot: ext/IsingLearning/runs/xor_langevin_2input_search_focused_1000/T005_s010/xor_statistical_ep_2input.png
Saved graph: ext/IsingLearning/runs/xor_langevin_2input_search_focused_1000/T005_s010/xor_statistical_ep_2input_trained_graph.jld2
