Running 20 local CNN-like XOR config(s)
[1/20] h8_r1_open
h8_r1_open epoch=0 mse=0.927982 acc=0.5 min_margin=-0.0547 best_margin=-0.0547
h8_r1_open epoch=10 mse=1.066376 acc=0.5 min_margin=-0.0993 best_margin=-0.0547
h8_r1_open epoch=20 mse=0.92274 acc=1.0 min_margin=0.0045 best_margin=0.0045
h8_r1_open epoch=30 mse=1.037694 acc=0.25 min_margin=-0.0503 best_margin=0.0045
h8_r1_open epoch=40 mse=1.019078 acc=0.5 min_margin=-0.0848 best_margin=0.0045
h8_r1_open epoch=50 mse=1.00104 acc=0.5 min_margin=-0.0751 best_margin=0.0045
h8_r1_open epoch=60 mse=1.049621 acc=0.25 min_margin=-0.0565 best_margin=0.0045
[2/20] h8_r2_open
h8_r2_open epoch=0 mse=0.967279 acc=0.75 min_margin=-0.0202 best_margin=-0.0202
h8_r2_open epoch=10 mse=0.935372 acc=0.75 min_margin=-0.0412 best_margin=-0.0202
h8_r2_open epoch=20 mse=1.039615 acc=0.5 min_margin=-0.1038 best_margin=-0.0202
h8_r2_open epoch=30 mse=0.947081 acc=0.75 min_margin=-0.0006 best_margin=-0.0006
h8_r2_open epoch=40 mse=1.016884 acc=0.5 min_margin=-0.0529 best_margin=-0.0006
h8_r2_open epoch=50 mse=0.975997 acc=0.5 min_margin=-0.0202 best_margin=-0.0006
h8_r2_open epoch=60 mse=0.880403 acc=1.0 min_margin=0.0456 best_margin=0.0456
[3/20] h8_r3_open
h8_r3_open epoch=0 mse=1.110092 acc=0.0 min_margin=-0.0592 best_margin=-0.0592
h8_r3_open epoch=10 mse=0.994308 acc=0.5 min_margin=-0.047 best_margin=-0.047
h8_r3_open epoch=20 mse=0.956233 acc=0.5 min_margin=-0.0219 best_margin=-0.0219
h8_r3_open epoch=30 mse=1.027524 acc=0.5 min_margin=-0.0874 best_margin=-0.0219
h8_r3_open epoch=40 mse=0.97529 acc=0.75 min_margin=-0.008 best_margin=-0.008
h8_r3_open epoch=50 mse=1.036809 acc=0.5 min_margin=-0.0613 best_margin=-0.008
h8_r3_open epoch=60 mse=1.005604 acc=0.5 min_margin=-0.0826 best_margin=-0.008
[4/20] h8_r4_open
h8_r4_open epoch=0 mse=1.021839 acc=0.25 min_margin=-0.0918 best_margin=-0.0918
h8_r4_open epoch=10 mse=1.002524 acc=0.25 min_margin=-0.0346 best_margin=-0.0346
h8_r4_open epoch=20 mse=0.975226 acc=0.25 min_margin=-0.0293 best_margin=-0.0293
h8_r4_open epoch=30 mse=0.941974 acc=0.75 min_margin=-0.0376 best_margin=-0.0293
h8_r4_open epoch=40 mse=0.997876 acc=0.25 min_margin=-0.0302 best_margin=-0.0293
h8_r4_open epoch=50 mse=0.972452 acc=0.75 min_margin=-0.1137 best_margin=-0.0293
h8_r4_open epoch=60 mse=1.026384 acc=0.25 min_margin=-0.0621 best_margin=-0.0293
[5/20] h8_r5_open
h8_r5_open epoch=0 mse=1.068956 acc=0.25 min_margin=-0.0847 best_margin=-0.0847
h8_r5_open epoch=10 mse=1.047578 acc=0.5 min_margin=-0.0822 best_margin=-0.0822
h8_r5_open epoch=20 mse=1.027564 acc=0.25 min_margin=-0.0436 best_margin=-0.0436
h8_r5_open epoch=30 mse=0.976881 acc=0.75 min_margin=-0.0787 best_margin=-0.0436
h8_r5_open epoch=40 mse=0.954113 acc=0.75 min_margin=-0.043 best_margin=-0.043
h8_r5_open epoch=50 mse=1.003617 acc=0.5 min_margin=-0.0633 best_margin=-0.043
h8_r5_open epoch=60 mse=1.11996 acc=0.0 min_margin=-0.12 best_margin=-0.043
[6/20] h8_r6_open
h8_r6_open epoch=0 mse=0.977262 acc=0.75 min_margin=-0.033 best_margin=-0.033
h8_r6_open epoch=10 mse=0.990509 acc=0.5 min_margin=-0.0463 best_margin=-0.033
h8_r6_open epoch=20 mse=0.897376 acc=1.0 min_margin=0.0104 best_margin=0.0104
h8_r6_open epoch=30 mse=0.940738 acc=0.75 min_margin=-0.0134 best_margin=0.0104
h8_r6_open epoch=40 mse=1.014516 acc=0.5 min_margin=-0.1177 best_margin=0.0104
h8_r6_open epoch=50 mse=0.955744 acc=1.0 min_margin=0.0027 best_margin=0.0104
h8_r6_open epoch=60 mse=0.995362 acc=0.5 min_margin=-0.0738 best_margin=0.0104
[7/20] h8_r7_open
h8_r7_open epoch=0 mse=0.998904 acc=0.5 min_margin=-0.0488 best_margin=-0.0488
h8_r7_open epoch=10 mse=0.931571 acc=1.0 min_margin=0.0155 best_margin=0.0155
h8_r7_open epoch=20 mse=0.903595 acc=1.0 min_margin=0.0368 best_margin=0.0368
h8_r7_open epoch=30 mse=1.020215 acc=0.5 min_margin=-0.0657 best_margin=0.0368
h8_r7_open epoch=40 mse=1.105512 acc=0.25 min_margin=-0.1363 best_margin=0.0368
h8_r7_open epoch=50 mse=0.981431 acc=0.5 min_margin=-0.0454 best_margin=0.0368
h8_r7_open epoch=60 mse=0.992284 acc=0.5 min_margin=-0.1132 best_margin=0.0368
[8/20] h8_r8_open
h8_r8_open epoch=0 mse=0.945138 acc=0.5 min_margin=-0.0121 best_margin=-0.0121
h8_r8_open epoch=10 mse=1.061721 acc=0.0 min_margin=-0.0612 best_margin=-0.0121
h8_r8_open epoch=20 mse=1.09723 acc=0.0 min_margin=-0.0897 best_margin=-0.0121
h8_r8_open epoch=30 mse=1.068362 acc=0.25 min_margin=-0.0655 best_margin=-0.0121
h8_r8_open epoch=40 mse=0.965604 acc=0.75 min_margin=-0.0007 best_margin=-0.0007
h8_r8_open epoch=50 mse=1.002343 acc=0.5 min_margin=-0.0345 best_margin=-0.0007
h8_r8_open epoch=60 mse=1.013676 acc=0.5 min_margin=-0.0411 best_margin=-0.0007
[9/20] h8_r9_open
h8_r9_open epoch=0 mse=1.024037 acc=0.25 min_margin=-0.0369 best_margin=-0.0369
h8_r9_open epoch=10 mse=1.059873 acc=0.0 min_margin=-0.0709 best_margin=-0.0369
h8_r9_open epoch=20 mse=1.084189 acc=0.0 min_margin=-0.0833 best_margin=-0.0369
h8_r9_open epoch=30 mse=1.062349 acc=0.0 min_margin=-0.0453 best_margin=-0.0369
h8_r9_open epoch=40 mse=1.001462 acc=0.25 min_margin=-0.0315 best_margin=-0.0315
h8_r9_open epoch=50 mse=0.991089 acc=0.5 min_margin=-0.1019 best_margin=-0.0315
h8_r9_open epoch=60 mse=1.002926 acc=0.5 min_margin=-0.0408 best_margin=-0.0315
[10/20] h8_r10_open
h8_r10_open epoch=0 mse=0.997373 acc=0.5 min_margin=-0.0618 best_margin=-0.0618
h8_r10_open epoch=10 mse=0.966665 acc=0.75 min_margin=-0.0623 best_margin=-0.0618
h8_r10_open epoch=20 mse=0.990264 acc=0.5 min_margin=-0.0329 best_margin=-0.0329
h8_r10_open epoch=30 mse=1.082051 acc=0.25 min_margin=-0.0808 best_margin=-0.0329
h8_r10_open epoch=40 mse=0.943497 acc=1.0 min_margin=0.01 best_margin=0.01
h8_r10_open epoch=50 mse=1.029689 acc=0.5 min_margin=-0.0963 best_margin=0.01
h8_r10_open epoch=60 mse=1.065517 acc=0.5 min_margin=-0.0941 best_margin=0.01
[11/20] h16_r1_open
h16_r1_open epoch=0 mse=1.020884 acc=0.5 min_margin=-0.03 best_margin=-0.03
h16_r1_open epoch=10 mse=1.045327 acc=0.5 min_margin=-0.056 best_margin=-0.03
h16_r1_open epoch=20 mse=1.021693 acc=0.5 min_margin=-0.0937 best_margin=-0.03
h16_r1_open epoch=30 mse=0.995554 acc=0.5 min_margin=-0.092 best_margin=-0.03
h16_r1_open epoch=40 mse=0.952834 acc=0.5 min_margin=-0.0373 best_margin=-0.03
h16_r1_open epoch=50 mse=1.016175 acc=0.5 min_margin=-0.0546 best_margin=-0.03
h16_r1_open epoch=60 mse=1.032424 acc=0.0 min_margin=-0.0285 best_margin=-0.0285
[12/20] h16_r2_open
h16_r2_open epoch=0 mse=1.011202 acc=0.25 min_margin=-0.0457 best_margin=-0.0457
h16_r2_open epoch=10 mse=0.951481 acc=1.0 min_margin=0.0123 best_margin=0.0123
h16_r2_open epoch=20 mse=1.057707 acc=0.25 min_margin=-0.0846 best_margin=0.0123
h16_r2_open epoch=30 mse=0.973747 acc=0.75 min_margin=-0.0756 best_margin=0.0123
h16_r2_open epoch=40 mse=0.963652 acc=0.5 min_margin=-0.0185 best_margin=0.0123
h16_r2_open epoch=50 mse=0.968261 acc=0.75 min_margin=-0.0275 best_margin=0.0123
h16_r2_open epoch=60 mse=1.063446 acc=0.25 min_margin=-0.0701 best_margin=0.0123
[13/20] h16_r3_open
h16_r3_open epoch=0 mse=1.074 acc=0.25 min_margin=-0.0699 best_margin=-0.0699
h16_r3_open epoch=10 mse=1.052201 acc=0.0 min_margin=-0.0529 best_margin=-0.0529
h16_r3_open epoch=20 mse=1.008836 acc=0.5 min_margin=-0.0719 best_margin=-0.0529
h16_r3_open epoch=30 mse=1.003829 acc=0.75 min_margin=-0.0797 best_margin=-0.0529
h16_r3_open epoch=40 mse=1.064817 acc=0.25 min_margin=-0.0927 best_margin=-0.0529
h16_r3_open epoch=50 mse=1.00429 acc=0.5 min_margin=-0.0526 best_margin=-0.0526
h16_r3_open epoch=60 mse=1.037514 acc=0.5 min_margin=-0.1072 best_margin=-0.0526
[14/20] h16_r4_open
h16_r4_open epoch=0 mse=0.959188 acc=0.75 min_margin=-0.0469 best_margin=-0.0469
h16_r4_open epoch=10 mse=0.991432 acc=0.75 min_margin=-0.0465 best_margin=-0.0465
h16_r4_open epoch=20 mse=1.062262 acc=0.25 min_margin=-0.0795 best_margin=-0.0465
h16_r4_open epoch=30 mse=0.990122 acc=0.5 min_margin=-0.0113 best_margin=-0.0113
h16_r4_open epoch=40 mse=0.90688 acc=1.0 min_margin=0.0108 best_margin=0.0108
h16_r4_open epoch=50 mse=0.935709 acc=0.75 min_margin=-0.0949 best_margin=0.0108
h16_r4_open epoch=60 mse=0.957154 acc=0.75 min_margin=-0.102 best_margin=0.0108
[15/20] h16_r5_open
h16_r5_open epoch=0 mse=0.959828 acc=0.75 min_margin=-0.0103 best_margin=-0.0103
h16_r5_open epoch=10 mse=1.012635 acc=0.5 min_margin=-0.045 best_margin=-0.0103
h16_r5_open epoch=20 mse=1.020457 acc=0.5 min_margin=-0.0536 best_margin=-0.0103
h16_r5_open epoch=30 mse=0.964027 acc=0.75 min_margin=-0.0688 best_margin=-0.0103
h16_r5_open epoch=40 mse=0.989843 acc=0.5 min_margin=-0.0665 best_margin=-0.0103
h16_r5_open epoch=50 mse=1.003506 acc=0.5 min_margin=-0.0464 best_margin=-0.0103
h16_r5_open epoch=60 mse=0.857864 acc=1.0 min_margin=0.0456 best_margin=0.0456
[16/20] h16_r6_open
h16_r6_open epoch=0 mse=0.984596 acc=0.25 min_margin=-0.015 best_margin=-0.015
h16_r6_open epoch=10 mse=1.012585 acc=0.25 min_margin=-0.0647 best_margin=-0.015
h16_r6_open epoch=20 mse=0.889739 acc=0.75 min_margin=-0.0055 best_margin=-0.0055
h16_r6_open epoch=30 mse=1.120313 acc=0.0 min_margin=-0.0995 best_margin=-0.0055
h16_r6_open epoch=40 mse=0.95213 acc=0.5 min_margin=-0.0055 best_margin=-0.0055
h16_r6_open epoch=50 mse=0.924048 acc=0.75 min_margin=-0.051 best_margin=-0.0055
h16_r6_open epoch=60 mse=1.037768 acc=0.5 min_margin=-0.1126 best_margin=-0.0055
[17/20] h16_r7_open
h16_r7_open epoch=0 mse=0.972981 acc=0.75 min_margin=-0.0075 best_margin=-0.0075
h16_r7_open epoch=10 mse=1.154735 acc=0.0 min_margin=-0.0913 best_margin=-0.0075
h16_r7_open epoch=20 mse=1.074645 acc=0.0 min_margin=-0.0606 best_margin=-0.0075
h16_r7_open epoch=30 mse=0.906808 acc=0.75 min_margin=-0.0033 best_margin=-0.0033
h16_r7_open epoch=40 mse=0.986114 acc=0.25 min_margin=-0.042 best_margin=-0.0033
h16_r7_open epoch=50 mse=1.019345 acc=0.25 min_margin=-0.078 best_margin=-0.0033
h16_r7_open epoch=60 mse=0.957542 acc=0.75 min_margin=-0.0644 best_margin=-0.0033
[18/20] h16_r8_open
h16_r8_open epoch=0 mse=0.987435 acc=0.75 min_margin=-0.0345 best_margin=-0.0345
h16_r8_open epoch=10 mse=0.94189 acc=0.5 min_margin=-0.0187 best_margin=-0.0187
h16_r8_open epoch=20 mse=1.015379 acc=0.25 min_margin=-0.0259 best_margin=-0.0187
h16_r8_open epoch=30 mse=0.99007 acc=0.25 min_margin=-0.003 best_margin=-0.003
h16_r8_open epoch=40 mse=1.10879 acc=0.25 min_margin=-0.091 best_margin=-0.003
h16_r8_open epoch=50 mse=0.984199 acc=0.5 min_margin=-0.0155 best_margin=-0.003
h16_r8_open epoch=60 mse=1.028185 acc=0.0 min_margin=-0.0302 best_margin=-0.003
[19/20] h16_r9_open
h16_r9_open epoch=0 mse=0.971723 acc=0.5 min_margin=-0.0409 best_margin=-0.0409
h16_r9_open epoch=10 mse=0.986449 acc=0.75 min_margin=-0.0818 best_margin=-0.0409
h16_r9_open epoch=20 mse=1.037955 acc=0.25 min_margin=-0.0709 best_margin=-0.0409
h16_r9_open epoch=30 mse=1.038262 acc=0.25 min_margin=-0.0633 best_margin=-0.0409
h16_r9_open epoch=40 mse=1.032479 acc=0.75 min_margin=-0.1273 best_margin=-0.0409
h16_r9_open epoch=50 mse=0.96429 acc=0.75 min_margin=-0.0068 best_margin=-0.0068
h16_r9_open epoch=60 mse=0.940451 acc=1.0 min_margin=0.0007 best_margin=0.0007
[20/20] h16_r10_open
h16_r10_open epoch=0 mse=1.006599 acc=0.5 min_margin=-0.0624 best_margin=-0.0624
h16_r10_open epoch=10 mse=0.999825 acc=0.5 min_margin=-0.077 best_margin=-0.0624
h16_r10_open epoch=20 mse=0.961411 acc=0.75 min_margin=-0.042 best_margin=-0.042
h16_r10_open epoch=30 mse=0.954107 acc=0.75 min_margin=-0.0177 best_margin=-0.0177
h16_r10_open epoch=40 mse=1.000744 acc=0.5 min_margin=-0.0574 best_margin=-0.0177
h16_r10_open epoch=50 mse=1.002633 acc=0.5 min_margin=-0.0195 best_margin=-0.0177
h16_r10_open epoch=60 mse=0.986199 acc=0.75 min_margin=-0.03 best_margin=-0.0177
saved metrics ext/IsingLearning/experiments/XOR/runs/local_checkerboard_pattern_grid_h8h16_r1to10_rep128_e60\metrics.csv
saved summary ext/IsingLearning/experiments/XOR/runs/local_checkerboard_pattern_grid_h8h16_r1to10_rep128_e60\summary.csv
saved note ext/IsingLearning/experiments/XOR/runs/local_checkerboard_pattern_grid_h8h16_r1to10_rep128_e60\README.md
