[2026-06-04T12:24:32] bootstrap script started elapsed_s=0.169
[2026-06-04T12:24:32] bootstrap Pkg loaded elapsed_s=0.388
[2026-06-04T12:24:32] bootstrap project activated elapsed_s=0.055
[2026-06-04T12:24:42] bootstrap dependencies loaded elapsed_s=9.447
[2026-06-04T12:24:53] run started name=r8 radius=8 epochs=160 workers=32 threads=32 outdir=C:\Users\fenje\dev\InteractiveIsing.jl\ext\IsingLearning\experiments\MNIST\single-hidden-local-28x28-to-11x11-readout\experiments\current\20260604_r8_rescue_series\a14_s35_b10_lr25_e160\r8
[2026-06-04T12:24:53] run output initialized elapsed_s=0.001
[2026-06-04T12:24:54] training data loaded elapsed_s=1.52 samples=1000 per_class=100
[2026-06-04T12:24:54] test data loaded elapsed_s=0.229 samples=200 per_class=20
[2026-06-04T12:24:58] model graph shell initialized elapsed_s=3.143 states=1729
[2026-06-04T12:24:58] model connectivity masks built elapsed_s=0.032 input_hidden=163216 hidden_hidden=21904 hidden_output=4840
[2026-06-04T12:25:01] model J entries initialized elapsed_s=3.285 stored_entries=379920
[2026-06-04T12:25:01] model sparse edge layout built elapsed_s=0.273 trainable_entries=379920
[2026-06-04T12:25:01] model initialized elapsed_s=6.746 stored_entries=379920
[2026-06-04T12:25:01] source model ready elapsed_s=6.754
[2026-06-04T12:25:03] manager construction started workers=32
[2026-06-04T12:25:18] worker algorithm resolved elapsed_s=14.481
[2026-06-04T12:25:19] manager constructing worker worker=1 workers=32
[2026-06-04T12:25:19] worker model initialized elapsed_s=0.198 worker=1
[2026-06-04T12:25:21] worker process initialized elapsed_s=2.103 worker=1
[2026-06-04T12:25:21] worker initialized elapsed_s=2.305 worker=1
[2026-06-04T12:25:21] manager constructed worker worker=1 workers=32
[2026-06-04T12:25:21] manager constructing worker worker=5 workers=32
[2026-06-04T12:25:21] worker model initialized elapsed_s=0.055 worker=5
[2026-06-04T12:25:21] worker process initialized elapsed_s=0.0 worker=5
[2026-06-04T12:25:21] worker initialized elapsed_s=0.056 worker=5
[2026-06-04T12:25:21] manager constructed worker worker=5 workers=32
[2026-06-04T12:25:22] manager constructing worker worker=10 workers=32
[2026-06-04T12:25:22] worker model initialized elapsed_s=0.054 worker=10
[2026-06-04T12:25:22] worker process initialized elapsed_s=0.002 worker=10
[2026-06-04T12:25:22] worker initialized elapsed_s=0.056 worker=10
[2026-06-04T12:25:22] manager constructed worker worker=10 workers=32
[2026-06-04T12:25:22] manager constructing worker worker=15 workers=32
[2026-06-04T12:25:22] worker model initialized elapsed_s=0.068 worker=15
[2026-06-04T12:25:22] worker process initialized elapsed_s=0.016 worker=15
[2026-06-04T12:25:22] worker initialized elapsed_s=0.085 worker=15
[2026-06-04T12:25:22] manager constructed worker worker=15 workers=32
[2026-06-04T12:25:22] manager constructing worker worker=20 workers=32
[2026-06-04T12:25:22] worker model initialized elapsed_s=0.052 worker=20
[2026-06-04T12:25:22] worker process initialized elapsed_s=0.0 worker=20
[2026-06-04T12:25:22] worker initialized elapsed_s=0.052 worker=20
[2026-06-04T12:25:22] manager constructed worker worker=20 workers=32
[2026-06-04T12:25:22] manager constructing worker worker=25 workers=32
[2026-06-04T12:25:22] worker model initialized elapsed_s=0.05 worker=25
[2026-06-04T12:25:22] worker process initialized elapsed_s=0.0 worker=25
[2026-06-04T12:25:22] worker initialized elapsed_s=0.05 worker=25
[2026-06-04T12:25:22] manager constructed worker worker=25 workers=32
[2026-06-04T12:25:23] manager constructing worker worker=30 workers=32
[2026-06-04T12:25:23] worker model initialized elapsed_s=0.05 worker=30
[2026-06-04T12:25:23] worker process initialized elapsed_s=0.0 worker=30
[2026-06-04T12:25:23] worker initialized elapsed_s=0.051 worker=30
[2026-06-04T12:25:23] manager constructed worker worker=30 workers=32
[2026-06-04T12:25:23] manager constructing worker worker=32 workers=32
[2026-06-04T12:25:23] worker model initialized elapsed_s=0.05 worker=32
[2026-06-04T12:25:23] worker process initialized elapsed_s=0.0 worker=32
[2026-06-04T12:25:23] worker initialized elapsed_s=0.051 worker=32
[2026-06-04T12:25:23] manager constructed worker worker=32 workers=32
[2026-06-04T12:25:23] manager constructed elapsed_s=19.616 workers=32
[2026-06-04T12:25:23] manager ready elapsed_s=21.674 workers=32
[2026-06-04T12:25:23] validation manager construction started workers=32
[2026-06-04T12:25:28] validation worker algorithm resolved elapsed_s=4.827
[2026-06-04T12:25:32] validation manager constructed elapsed_s=9.279 workers=32
[2026-06-04T12:25:32] validation manager ready elapsed_s=9.48 workers=32
[2026-06-04T12:25:32] epoch started epoch=0
[2026-06-04T12:25:32] epoch evaluation started epoch=0 samples=200
[2026-06-04T12:25:33] evaluation buffers cleared elapsed_s=0.089 samples=200
[2026-06-04T12:25:33] evaluation jobs built elapsed_s=0.0 jobs=50
[2026-06-04T12:25:33] evaluation manager run started jobs=50 workers=32
[2026-06-04T12:25:39] evaluation manager run finished elapsed_s=5.886 jobs=50
[2026-06-04T12:25:39] epoch evaluation finished elapsed_s=6.495 epoch=0 test_accuracy=0.115 test_loss=41.13
[2026-06-04T12:25:40] best checkpoint saved elapsed_s=0.844 epoch=0 best_accuracy=0.115 path=C:\Users\fenje\dev\InteractiveIsing.jl\ext\IsingLearning\experiments\MNIST\single-hidden-local-28x28-to-11x11-readout\experiments\current\20260604_r8_rescue_series\a14_s35_b10_lr25_e160\r8\best_params.bin
[2026-06-04T12:25:40] latest checkpoint saved elapsed_s=0.005 epoch=0 path=C:\Users\fenje\dev\InteractiveIsing.jl\ext\IsingLearning\experiments\MNIST\single-hidden-local-28x28-to-11x11-readout\experiments\current\20260604_r8_rescue_series\a14_s35_b10_lr25_e160\r8\latest_checkpoint.bin update_idx=0
(timestamp = "2026-06-04T12:25:40", epoch = 0, seconds = 0.0, train_accuracy = missing, train_loss = missing, skipped = missing, test_accuracy = 0.115, test_loss = 41.13f0, pred_counts = "32-39-33-11-18-14-19-16-15-3", best_accuracy = 0.115, best_path = "C:\\Users\\fenje\\dev\\InteractiveIsing.jl\\ext\\IsingLearning\\experiments\\MNIST\\single-hidden-local-28x28-to-11x11-readout\\experiments\\current\\20260604_r8_rescue_series\\a14_s35_b10_lr25_e160\\r8\\best_params.bin", latest_path = "C:\\Users\\fenje\\dev\\InteractiveIsing.jl\\ext\\IsingLearning\\experiments\\MNIST\\single-hidden-local-28x28-to-11x11-readout\\experiments\\current\\20260604_r8_rescue_series\\a14_s35_b10_lr25_e160\\r8\\latest_checkpoint.bin", final_path = "")
[2026-06-04T12:25:41] epoch finished elapsed_s=8.267 epoch=0
[2026-06-04T12:25:41] epoch started epoch=1
[2026-06-04T12:25:41] epoch training started epoch=1 batches=8 samples=1000
[2026-06-04T12:25:41] batch build started epoch=1 batch=1 batches=8 first=1 last=128
[2026-06-04T12:25:41] batch jobs built elapsed_s=0.0 epoch=1 batch=1 jobs=32
[2026-06-04T12:25:41] batch run started epoch=1 batch=1 jobs=32
[2026-06-04T12:25:42] minibatch buffers cleared elapsed_s=0.081 jobs=32
[2026-06-04T12:25:42] minibatch manager run started jobs=32 workers=32
[2026-06-04T12:25:50] minibatch manager run finished elapsed_s=8.045 jobs=32
[2026-06-04T12:25:50] minibatch optimizer update finished elapsed_s=0.589 nsamples=128 skipped=0
[2026-06-04T12:25:50] batch run finished elapsed_s=9.527 epoch=1 batch=1 nsamples=128 accuracy=0.1562 loss=40.6562 skipped=0
[2026-06-04T12:25:53] batch build started epoch=1 batch=5 batches=8 first=513 last=640
[2026-06-04T12:25:53] batch jobs built elapsed_s=0.0 epoch=1 batch=5 jobs=32
[2026-06-04T12:25:53] batch run started epoch=1 batch=5 jobs=32
[2026-06-04T12:25:53] minibatch buffers cleared elapsed_s=0.007 jobs=32
[2026-06-04T12:25:53] minibatch manager run started jobs=32 workers=32
[2026-06-04T12:25:54] minibatch manager run finished elapsed_s=0.982 jobs=32
[2026-06-04T12:25:54] minibatch optimizer update finished elapsed_s=0.004 nsamples=128 skipped=0
[2026-06-04T12:25:54] batch run finished elapsed_s=0.993 epoch=1 batch=5 nsamples=128 accuracy=0.1094 loss=39.2812 skipped=0
[2026-06-04T12:25:56] batch build started epoch=1 batch=8 batches=8 first=897 last=1000
[2026-06-04T12:25:56] batch jobs built elapsed_s=0.0 epoch=1 batch=8 jobs=26
[2026-06-04T12:25:56] batch run started epoch=1 batch=8 jobs=26
[2026-06-04T12:25:56] minibatch buffers cleared elapsed_s=0.006 jobs=26
[2026-06-04T12:25:56] minibatch manager run started jobs=26 workers=32
[2026-06-04T12:25:57] minibatch manager run finished elapsed_s=0.79 jobs=26
[2026-06-04T12:25:57] minibatch optimizer update finished elapsed_s=0.003 nsamples=104 skipped=0
[2026-06-04T12:25:57] batch run finished elapsed_s=0.8 epoch=1 batch=8 nsamples=104 accuracy=0.0577 loss=37.9038 skipped=0
[2026-06-04T12:25:57] epoch training finished epoch=1 elapsed_s=16.38 train_accuracy=0.098 train_loss=39.648 skipped=0
[2026-06-04T12:25:57] epoch evaluation started epoch=1 samples=200
[2026-06-04T12:25:57] evaluation buffers cleared elapsed_s=0.0 samples=200
[2026-06-04T12:25:57] evaluation jobs built elapsed_s=0.0 jobs=50
[2026-06-04T12:25:57] evaluation manager run started jobs=50 workers=32
[2026-06-04T12:25:58] evaluation manager run finished elapsed_s=0.805 jobs=50
[2026-06-04T12:25:58] epoch evaluation finished elapsed_s=0.806 epoch=1 test_accuracy=0.09 test_loss=34.18
[2026-06-04T12:25:58] latest checkpoint saved elapsed_s=0.004 epoch=1 path=C:\Users\fenje\dev\InteractiveIsing.jl\ext\IsingLearning\experiments\MNIST\single-hidden-local-28x28-to-11x11-readout\experiments\current\20260604_r8_rescue_series\a14_s35_b10_lr25_e160\r8\latest_checkpoint.bin update_idx=8
(timestamp = "2026-06-04T12:25:58", epoch = 1, seconds = 16.3795979, train_accuracy = 0.098, train_loss = 39.648f0, skipped = 0, test_accuracy = 0.09, test_loss = 34.18f0, pred_counts = "53-31-23-9-10-12-20-22-17-3", best_accuracy = 0.115, best_path = "C:\\Users\\fenje\\dev\\InteractiveIsing.jl\\ext\\IsingLearning\\experiments\\MNIST\\single-hidden-local-28x28-to-11x11-readout\\experiments\\current\\20260604_r8_rescue_series\\a14_s35_b10_lr25_e160\\r8\\best_params.bin", latest_path = "C:\\Users\\fenje\\dev\\InteractiveIsing.jl\\ext\\IsingLearning\\experiments\\MNIST\\single-hidden-local-28x28-to-11x11-readout\\experiments\\current\\20260604_r8_rescue_series\\a14_s35_b10_lr25_e160\\r8\\latest_checkpoint.bin", final_path = "")
[2026-06-04T12:25:58] epoch finished elapsed_s=17.442 epoch=1
[2026-06-04T12:25:58] epoch started epoch=2
[2026-06-04T12:25:58] epoch training started epoch=2 batches=8 samples=1000
[2026-06-04T12:25:58] batch build started epoch=2 batch=1 batches=8 first=1 last=128
[2026-06-04T12:25:58] batch jobs built elapsed_s=0.0 epoch=2 batch=1 jobs=32
[2026-06-04T12:25:58] batch run started epoch=2 batch=1 jobs=32
[2026-06-04T12:25:58] minibatch buffers cleared elapsed_s=0.004 jobs=32
[2026-06-04T12:25:58] minibatch manager run started jobs=32 workers=32
[2026-06-04T12:25:59] minibatch manager run finished elapsed_s=0.985 jobs=32
[2026-06-04T12:25:59] minibatch optimizer update finished elapsed_s=0.004 nsamples=128 skipped=0
[2026-06-04T12:25:59] batch run finished elapsed_s=0.994 epoch=2 batch=1 nsamples=128 accuracy=0.0859 loss=37.0312 skipped=0
[2026-06-04T12:26:02] batch build started epoch=2 batch=5 batches=8 first=513 last=640
[2026-06-04T12:26:02] batch jobs built elapsed_s=0.0 epoch=2 batch=5 jobs=32
[2026-06-04T12:26:02] batch run started epoch=2 batch=5 jobs=32
[2026-06-04T12:26:02] minibatch buffers cleared elapsed_s=0.004 jobs=32
[2026-06-04T12:26:02] minibatch manager run started jobs=32 workers=32
[2026-06-04T12:26:03] minibatch manager run finished elapsed_s=1.142 jobs=32
[2026-06-04T12:26:03] minibatch optimizer update finished elapsed_s=0.003 nsamples=128 skipped=0
[2026-06-04T12:26:03] batch run finished elapsed_s=1.15 epoch=2 batch=5 nsamples=128 accuracy=0.0859 loss=35.125 skipped=0
[2026-06-04T12:26:05] batch build started epoch=2 batch=8 batches=8 first=897 last=1000
[2026-06-04T12:26:05] batch jobs built elapsed_s=0.0 epoch=2 batch=8 jobs=26
[2026-06-04T12:26:05] batch run started epoch=2 batch=8 jobs=26
[2026-06-04T12:26:05] minibatch buffers cleared elapsed_s=0.007 jobs=26
[2026-06-04T12:26:05] minibatch manager run started jobs=26 workers=32
[2026-06-04T12:26:06] minibatch manager run finished elapsed_s=0.847 jobs=26
[2026-06-04T12:26:06] minibatch optimizer update finished elapsed_s=0.004 nsamples=104 skipped=0
[2026-06-04T12:26:06] batch run finished elapsed_s=0.858 epoch=2 batch=8 nsamples=104 accuracy=0.0481 loss=32.3846 skipped=0
[2026-06-04T12:26:06] epoch training finished epoch=2 elapsed_s=7.98 train_accuracy=0.087 train_loss=35.154 skipped=0
[2026-06-04T12:26:06] epoch evaluation started epoch=2 samples=200
[2026-06-04T12:26:06] evaluation buffers cleared elapsed_s=0.0 samples=200
[2026-06-04T12:26:06] evaluation jobs built elapsed_s=0.0 jobs=50
[2026-06-04T12:26:06] evaluation manager run started jobs=50 workers=32
[2026-06-04T12:26:07] evaluation manager run finished elapsed_s=0.846 jobs=50
[2026-06-04T12:26:07] epoch evaluation finished elapsed_s=0.849 epoch=2 test_accuracy=0.085 test_loss=25.56
[2026-06-04T12:26:07] latest checkpoint saved elapsed_s=0.006 epoch=2 path=C:\Users\fenje\dev\InteractiveIsing.jl\ext\IsingLearning\experiments\MNIST\single-hidden-local-28x28-to-11x11-readout\experiments\current\20260604_r8_rescue_series\a14_s35_b10_lr25_e160\r8\latest_checkpoint.bin update_idx=16
(timestamp = "2026-06-04T12:26:07", epoch = 2, seconds = 7.9797885, train_accuracy = 0.087, train_loss = 35.154f0, skipped = 0, test_accuracy = 0.085, test_loss = 25.56f0, pred_counts = "73-16-6-11-16-27-15-13-22-1", best_accuracy = 0.115, best_path = "C:\\Users\\fenje\\dev\\InteractiveIsing.jl\\ext\\IsingLearning\\experiments\\MNIST\\single-hidden-local-28x28-to-11x11-readout\\experiments\\current\\20260604_r8_rescue_series\\a14_s35_b10_lr25_e160\\r8\\best_params.bin", latest_path = "C:\\Users\\fenje\\dev\\InteractiveIsing.jl\\ext\\IsingLearning\\experiments\\MNIST\\single-hidden-local-28x28-to-11x11-readout\\experiments\\current\\20260604_r8_rescue_series\\a14_s35_b10_lr25_e160\\r8\\latest_checkpoint.bin", final_path = "")
[2026-06-04T12:26:07] epoch finished elapsed_s=8.835 epoch=2
[2026-06-04T12:26:07] epoch started epoch=3
[2026-06-04T12:26:07] epoch training started epoch=3 batches=8 samples=1000
[2026-06-04T12:26:07] batch build started epoch=3 batch=1 batches=8 first=1 last=128
[2026-06-04T12:26:07] batch jobs built elapsed_s=0.0 epoch=3 batch=1 jobs=32
[2026-06-04T12:26:07] batch run started epoch=3 batch=1 jobs=32
[2026-06-04T12:26:07] minibatch buffers cleared elapsed_s=0.006 jobs=32
[2026-06-04T12:26:07] minibatch manager run started jobs=32 workers=32
[2026-06-04T12:26:08] minibatch manager run finished elapsed_s=1.226 jobs=32
[2026-06-04T12:26:08] minibatch optimizer update finished elapsed_s=0.003 nsamples=128 skipped=0
[2026-06-04T12:26:08] batch run finished elapsed_s=1.236 epoch=3 batch=1 nsamples=128 accuracy=0.1094 loss=31.7969 skipped=0
[2026-06-04T12:26:12] batch build started epoch=3 batch=5 batches=8 first=513 last=640
[2026-06-04T12:26:12] batch jobs built elapsed_s=0.0 epoch=3 batch=5 jobs=32
[2026-06-04T12:26:12] batch run started epoch=3 batch=5 jobs=32
[2026-06-04T12:26:12] minibatch buffers cleared elapsed_s=0.009 jobs=32
[2026-06-04T12:26:12] minibatch manager run started jobs=32 workers=32
[2026-06-04T12:26:13] minibatch manager run finished elapsed_s=1.088 jobs=32
[2026-06-04T12:26:13] minibatch optimizer update finished elapsed_s=0.003 nsamples=128 skipped=0
[2026-06-04T12:26:13] batch run finished elapsed_s=1.101 epoch=3 batch=5 nsamples=128 accuracy=0.0625 loss=28.7344 skipped=0
[2026-06-04T12:26:15] batch build started epoch=3 batch=8 batches=8 first=897 last=1000
[2026-06-04T12:26:15] batch jobs built elapsed_s=0.0 epoch=3 batch=8 jobs=26
[2026-06-04T12:26:15] batch run started epoch=3 batch=8 jobs=26
[2026-06-04T12:26:15] minibatch buffers cleared elapsed_s=0.005 jobs=26
[2026-06-04T12:26:15] minibatch manager run started jobs=26 workers=32
[2026-06-04T12:26:16] minibatch manager run finished elapsed_s=0.829 jobs=26
[2026-06-04T12:26:16] minibatch optimizer update finished elapsed_s=0.003 nsamples=104 skipped=0
[2026-06-04T12:26:16] batch run finished elapsed_s=0.838 epoch=3 batch=8 nsamples=104 accuracy=0.0865 loss=27.6538 skipped=0
[2026-06-04T12:26:16] epoch training finished epoch=3 elapsed_s=8.843 train_accuracy=0.103 train_loss=29.312 skipped=0
[2026-06-04T12:26:16] epoch evaluation started epoch=3 samples=200
[2026-06-04T12:26:16] evaluation buffers cleared elapsed_s=0.0 samples=200
[2026-06-04T12:26:16] evaluation jobs built elapsed_s=0.0 jobs=50
[2026-06-04T12:26:16] evaluation manager run started jobs=50 workers=32
[2026-06-04T12:26:17] evaluation manager run finished elapsed_s=1.043 jobs=50
[2026-06-04T12:26:17] epoch evaluation finished elapsed_s=1.043 epoch=3 test_accuracy=0.1 test_loss=16.67
[2026-06-04T12:26:17] latest checkpoint saved elapsed_s=0.01 epoch=3 path=C:\Users\fenje\dev\InteractiveIsing.jl\ext\IsingLearning\experiments\MNIST\single-hidden-local-28x28-to-11x11-readout\experiments\current\20260604_r8_rescue_series\a14_s35_b10_lr25_e160\r8\latest_checkpoint.bin update_idx=24
(timestamp = "2026-06-04T12:26:17", epoch = 3, seconds = 8.8425768, train_accuracy = 0.103, train_loss = 29.312f0, skipped = 0, test_accuracy = 0.1, test_loss = 16.67f0, pred_counts = "129-8-3-10-13-17-8-6-6-0", best_accuracy = 0.115, best_path = "C:\\Users\\fenje\\dev\\InteractiveIsing.jl\\ext\\IsingLearning\\experiments\\MNIST\\single-hidden-local-28x28-to-11x11-readout\\experiments\\current\\20260604_r8_rescue_series\\a14_s35_b10_lr25_e160\\r8\\best_params.bin", latest_path = "C:\\Users\\fenje\\dev\\InteractiveIsing.jl\\ext\\IsingLearning\\experiments\\MNIST\\single-hidden-local-28x28-to-11x11-readout\\experiments\\current\\20260604_r8_rescue_series\\a14_s35_b10_lr25_e160\\r8\\latest_checkpoint.bin", final_path = "")
[2026-06-04T12:26:17] epoch finished elapsed_s=9.899 epoch=3
[2026-06-04T12:26:17] epoch started epoch=4
[2026-06-04T12:26:17] epoch training started epoch=4 batches=8 samples=1000
[2026-06-04T12:26:17] batch build started epoch=4 batch=1 batches=8 first=1 last=128
[2026-06-04T12:26:17] batch jobs built elapsed_s=0.0 epoch=4 batch=1 jobs=32
[2026-06-04T12:26:17] batch run started epoch=4 batch=1 jobs=32
[2026-06-04T12:26:17] minibatch buffers cleared elapsed_s=0.006 jobs=32
[2026-06-04T12:26:17] minibatch manager run started jobs=32 workers=32
[2026-06-04T12:26:18] minibatch manager run finished elapsed_s=1.09 jobs=32
[2026-06-04T12:26:18] minibatch optimizer update finished elapsed_s=0.003 nsamples=128 skipped=0
[2026-06-04T12:26:18] batch run finished elapsed_s=1.102 epoch=4 batch=1 nsamples=128 accuracy=0.1016 loss=25.3125 skipped=0
[2026-06-04T12:26:21] batch build started epoch=4 batch=5 batches=8 first=513 last=640
[2026-06-04T12:26:21] batch jobs built elapsed_s=0.0 epoch=4 batch=5 jobs=32
[2026-06-04T12:26:21] batch run started epoch=4 batch=5 jobs=32
[2026-06-04T12:26:21] minibatch buffers cleared elapsed_s=0.004 jobs=32
[2026-06-04T12:26:21] minibatch manager run started jobs=32 workers=32
[2026-06-04T12:26:22] minibatch manager run finished elapsed_s=1.037 jobs=32
[2026-06-04T12:26:22] minibatch optimizer update finished elapsed_s=0.003 nsamples=128 skipped=0
[2026-06-04T12:26:22] batch run finished elapsed_s=1.045 epoch=4 batch=5 nsamples=128 accuracy=0.0781 loss=21.375 skipped=0
[2026-06-04T12:26:24] batch build started epoch=4 batch=8 batches=8 first=897 last=1000
[2026-06-04T12:26:24] batch jobs built elapsed_s=0.0 epoch=4 batch=8 jobs=26
[2026-06-04T12:26:24] batch run started epoch=4 batch=8 jobs=26
[2026-06-04T12:26:24] minibatch buffers cleared elapsed_s=0.005 jobs=26
[2026-06-04T12:26:24] minibatch manager run started jobs=26 workers=32
[2026-06-04T12:26:25] minibatch manager run finished elapsed_s=0.814 jobs=26
[2026-06-04T12:26:25] minibatch optimizer update finished elapsed_s=0.003 nsamples=104 skipped=0
[2026-06-04T12:26:25] batch run finished elapsed_s=0.822 epoch=4 batch=8 nsamples=104 accuracy=0.1538 loss=20.7692 skipped=0
[2026-06-04T12:26:25] epoch training finished epoch=4 elapsed_s=8.342 train_accuracy=0.113 train_loss=21.994 skipped=0
[2026-06-04T12:26:25] epoch evaluation started epoch=4 samples=200
[2026-06-04T12:26:25] evaluation buffers cleared elapsed_s=0.0 samples=200
[2026-06-04T12:26:25] evaluation jobs built elapsed_s=0.0 jobs=50
[2026-06-04T12:26:25] evaluation manager run started jobs=50 workers=32
[2026-06-04T12:26:26] evaluation manager run finished elapsed_s=0.99 jobs=50
[2026-06-04T12:26:26] epoch evaluation finished elapsed_s=0.992 epoch=4 test_accuracy=0.115 test_loss=12.98
[2026-06-04T12:26:26] latest checkpoint saved elapsed_s=0.004 epoch=4 path=C:\Users\fenje\dev\InteractiveIsing.jl\ext\IsingLearning\experiments\MNIST\single-hidden-local-28x28-to-11x11-readout\experiments\current\20260604_r8_rescue_series\a14_s35_b10_lr25_e160\r8\latest_checkpoint.bin update_idx=32
(timestamp = "2026-06-04T12:26:26", epoch = 4, seconds = 8.3423695, train_accuracy = 0.113, train_loss = 21.994f0, skipped = 0, test_accuracy = 0.115, test_loss = 12.98f0, pred_counts = "134-9-1-30-4-9-12-0-1-0", best_accuracy = 0.115, best_path = "C:\\Users\\fenje\\dev\\InteractiveIsing.jl\\ext\\IsingLearning\\experiments\\MNIST\\single-hidden-local-28x28-to-11x11-readout\\experiments\\current\\20260604_r8_rescue_series\\a14_s35_b10_lr25_e160\\r8\\best_params.bin", latest_path = "C:\\Users\\fenje\\dev\\InteractiveIsing.jl\\ext\\IsingLearning\\experiments\\MNIST\\single-hidden-local-28x28-to-11x11-readout\\experiments\\current\\20260604_r8_rescue_series\\a14_s35_b10_lr25_e160\\r8\\latest_checkpoint.bin", final_path = "")
[2026-06-04T12:26:26] epoch finished elapsed_s=9.338 epoch=4
[2026-06-04T12:26:26] epoch started epoch=5
[2026-06-04T12:26:26] epoch training started epoch=5 batches=8 samples=1000
[2026-06-04T12:26:26] batch build started epoch=5 batch=1 batches=8 first=1 last=128
[2026-06-04T12:26:26] batch jobs built elapsed_s=0.0 epoch=5 batch=1 jobs=32
[2026-06-04T12:26:26] batch run started epoch=5 batch=1 jobs=32
[2026-06-04T12:26:26] minibatch buffers cleared elapsed_s=0.004 jobs=32
[2026-06-04T12:26:26] minibatch manager run started jobs=32 workers=32
[2026-06-04T12:26:27] minibatch manager run finished elapsed_s=0.978 jobs=32
[2026-06-04T12:26:27] minibatch optimizer update finished elapsed_s=0.003 nsamples=128 skipped=0
[2026-06-04T12:26:27] batch run finished elapsed_s=0.986 epoch=5 batch=1 nsamples=128 accuracy=0.0781 loss=19.6562 skipped=0
[2026-06-04T12:26:30] batch build started epoch=5 batch=5 batches=8 first=513 last=640
[2026-06-04T12:26:30] batch jobs built elapsed_s=0.0 epoch=5 batch=5 jobs=32
[2026-06-04T12:26:30] batch run started epoch=5 batch=5 jobs=32
[2026-06-04T12:26:30] minibatch buffers cleared elapsed_s=0.005 jobs=32
[2026-06-04T12:26:30] minibatch manager run started jobs=32 workers=32
[2026-06-04T12:26:31] minibatch manager run finished elapsed_s=1.017 jobs=32
[2026-06-04T12:26:31] minibatch optimizer update finished elapsed_s=0.009 nsamples=128 skipped=0
[2026-06-04T12:26:31] batch run finished elapsed_s=1.032 epoch=5 batch=5 nsamples=128 accuracy=0.1016 loss=18.1875 skipped=0
[2026-06-04T12:26:34] batch build started epoch=5 batch=8 batches=8 first=897 last=1000
[2026-06-04T12:26:34] batch jobs built elapsed_s=0.0 epoch=5 batch=8 jobs=26
[2026-06-04T12:26:34] batch run started epoch=5 batch=8 jobs=26
[2026-06-04T12:26:34] minibatch buffers cleared elapsed_s=0.006 jobs=26
[2026-06-04T12:26:34] minibatch manager run started jobs=26 workers=32
[2026-06-04T12:26:35] minibatch manager run finished elapsed_s=0.962 jobs=26
[2026-06-04T12:26:35] minibatch optimizer update finished elapsed_s=0.008 nsamples=104 skipped=0
[2026-06-04T12:26:35] batch run finished elapsed_s=0.977 epoch=5 batch=8 nsamples=104 accuracy=0.1058 loss=16.7692 skipped=0
[2026-06-04T12:26:35] epoch training finished epoch=5 elapsed_s=8.431 train_accuracy=0.099 train_loss=17.84 skipped=0
[2026-06-04T12:26:35] epoch evaluation started epoch=5 samples=200
[2026-06-04T12:26:35] evaluation buffers cleared elapsed_s=0.0 samples=200
[2026-06-04T12:26:35] evaluation jobs built elapsed_s=0.0 jobs=50
[2026-06-04T12:26:35] evaluation manager run started jobs=50 workers=32
[2026-06-04T12:26:36] evaluation manager run finished elapsed_s=1.01 jobs=50
[2026-06-04T12:26:36] epoch evaluation finished elapsed_s=1.011 epoch=5 test_accuracy=0.115 test_loss=10.93
[2026-06-04T12:26:36] latest checkpoint saved elapsed_s=0.004 epoch=5 path=C:\Users\fenje\dev\InteractiveIsing.jl\ext\IsingLearning\experiments\MNIST\single-hidden-local-28x28-to-11x11-readout\experiments\current\20260604_r8_rescue_series\a14_s35_b10_lr25_e160\r8\latest_checkpoint.bin update_idx=40
(timestamp = "2026-06-04T12:26:36", epoch = 5, seconds = 8.431049, train_accuracy = 0.099, train_loss = 17.84f0, skipped = 0, test_accuracy = 0.115, test_loss = 10.93f0, pred_counts = "70-11-0-68-20-6-24-0-1-0", best_accuracy = 0.115, best_path = "C:\\Users\\fenje\\dev\\InteractiveIsing.jl\\ext\\IsingLearning\\experiments\\MNIST\\single-hidden-local-28x28-to-11x11-readout\\experiments\\current\\20260604_r8_rescue_series\\a14_s35_b10_lr25_e160\\r8\\best_params.bin", latest_path = "C:\\Users\\fenje\\dev\\InteractiveIsing.jl\\ext\\IsingLearning\\experiments\\MNIST\\single-hidden-local-28x28-to-11x11-readout\\experiments\\current\\20260604_r8_rescue_series\\a14_s35_b10_lr25_e160\\r8\\latest_checkpoint.bin", final_path = "")
[2026-06-04T12:26:36] epoch finished elapsed_s=9.448 epoch=5
[2026-06-04T12:26:36] epoch started epoch=6
[2026-06-04T12:26:36] epoch training started epoch=6 batches=8 samples=1000
[2026-06-04T12:26:36] batch build started epoch=6 batch=1 batches=8 first=1 last=128
[2026-06-04T12:26:36] batch jobs built elapsed_s=0.0 epoch=6 batch=1 jobs=32
[2026-06-04T12:26:36] batch run started epoch=6 batch=1 jobs=32
[2026-06-04T12:26:36] minibatch buffers cleared elapsed_s=0.005 jobs=32
[2026-06-04T12:26:36] minibatch manager run started jobs=32 workers=32
[2026-06-04T12:26:37] minibatch manager run finished elapsed_s=1.085 jobs=32
[2026-06-04T12:26:37] minibatch optimizer update finished elapsed_s=0.003 nsamples=128 skipped=0
[2026-06-04T12:26:37] batch run finished elapsed_s=1.094 epoch=6 batch=1 nsamples=128 accuracy=0.1094 loss=15.8594 skipped=0
[2026-06-04T12:26:40] batch build started epoch=6 batch=5 batches=8 first=513 last=640
[2026-06-04T12:26:40] batch jobs built elapsed_s=0.0 epoch=6 batch=5 jobs=32
[2026-06-04T12:26:40] batch run started epoch=6 batch=5 jobs=32
[2026-06-04T12:26:40] minibatch buffers cleared elapsed_s=0.007 jobs=32
[2026-06-04T12:26:40] minibatch manager run started jobs=32 workers=32
[2026-06-04T12:26:42] minibatch manager run finished elapsed_s=1.409 jobs=32
[2026-06-04T12:26:42] minibatch optimizer update finished elapsed_s=0.003 nsamples=128 skipped=0
[2026-06-04T12:26:42] batch run finished elapsed_s=1.42 epoch=6 batch=5 nsamples=128 accuracy=0.0703 loss=13.0938 skipped=0
[2026-06-04T12:26:44] batch build started epoch=6 batch=8 batches=8 first=897 last=1000
[2026-06-04T12:26:44] batch jobs built elapsed_s=0.0 epoch=6 batch=8 jobs=26
[2026-06-04T12:26:44] batch run started epoch=6 batch=8 jobs=26
[2026-06-04T12:26:44] minibatch buffers cleared elapsed_s=0.008 jobs=26
[2026-06-04T12:26:44] minibatch manager run started jobs=26 workers=32
[2026-06-04T12:26:45] minibatch manager run finished elapsed_s=1.128 jobs=26
[2026-06-04T12:26:45] minibatch optimizer update finished elapsed_s=0.003 nsamples=104 skipped=0
[2026-06-04T12:26:45] batch run finished elapsed_s=1.142 epoch=6 batch=8 nsamples=104 accuracy=0.0673 loss=13.3077 skipped=0
[2026-06-04T12:26:45] epoch training finished epoch=6 elapsed_s=9.732 train_accuracy=0.09 train_loss=13.826 skipped=0
[2026-06-04T12:26:45] epoch evaluation started epoch=6 samples=200
[2026-06-04T12:26:45] evaluation buffers cleared elapsed_s=0.0 samples=200
[2026-06-04T12:26:45] evaluation jobs built elapsed_s=0.0 jobs=50
[2026-06-04T12:26:45] evaluation manager run started jobs=50 workers=32
[2026-06-04T12:26:46] evaluation manager run finished elapsed_s=1.027 jobs=50
[2026-06-04T12:26:46] epoch evaluation finished elapsed_s=1.029 epoch=6 test_accuracy=0.165 test_loss=9.65
[2026-06-04T12:26:46] best checkpoint saved elapsed_s=0.007 epoch=6 best_accuracy=0.165 path=C:\Users\fenje\dev\InteractiveIsing.jl\ext\IsingLearning\experiments\MNIST\single-hidden-local-28x28-to-11x11-readout\experiments\current\20260604_r8_rescue_series\a14_s35_b10_lr25_e160\r8\best_params.bin
[2026-06-04T12:26:46] latest checkpoint saved elapsed_s=0.017 epoch=6 path=C:\Users\fenje\dev\InteractiveIsing.jl\ext\IsingLearning\experiments\MNIST\single-hidden-local-28x28-to-11x11-readout\experiments\current\20260604_r8_rescue_series\a14_s35_b10_lr25_e160\r8\latest_checkpoint.bin update_idx=48
(timestamp = "2026-06-04T12:26:46", epoch = 6, seconds = 9.7317984, train_accuracy = 0.09, train_loss = 13.826f0, skipped = 0, test_accuracy = 0.165, test_loss = 9.65f0, pred_counts = "79-30-0-18-40-18-14-1-0-0", best_accuracy = 0.165, best_path = "C:\\Users\\fenje\\dev\\InteractiveIsing.jl\\ext\\IsingLearning\\experiments\\MNIST\\single-hidden-local-28x28-to-11x11-readout\\experiments\\current\\20260604_r8_rescue_series\\a14_s35_b10_lr25_e160\\r8\\best_params.bin", latest_path = "C:\\Users\\fenje\\dev\\InteractiveIsing.jl\\ext\\IsingLearning\\experiments\\MNIST\\single-hidden-local-28x28-to-11x11-readout\\experiments\\current\\20260604_r8_rescue_series\\a14_s35_b10_lr25_e160\\r8\\latest_checkpoint.bin", final_path = "")
[2026-06-04T12:26:46] epoch finished elapsed_s=10.788 epoch=6
[2026-06-04T12:26:46] epoch started epoch=7
[2026-06-04T12:26:46] epoch training started epoch=7 batches=8 samples=1000
[2026-06-04T12:26:46] batch build started epoch=7 batch=1 batches=8 first=1 last=128
[2026-06-04T12:26:46] batch jobs built elapsed_s=0.0 epoch=7 batch=1 jobs=32
[2026-06-04T12:26:46] batch run started epoch=7 batch=1 jobs=32
[2026-06-04T12:26:46] minibatch buffers cleared elapsed_s=0.007 jobs=32
[2026-06-04T12:26:46] minibatch manager run started jobs=32 workers=32
[2026-06-04T12:26:48] minibatch manager run finished elapsed_s=1.237 jobs=32
[2026-06-04T12:26:48] minibatch optimizer update finished elapsed_s=0.003 nsamples=128 skipped=0
[2026-06-04T12:26:48] batch run finished elapsed_s=1.248 epoch=7 batch=1 nsamples=128 accuracy=0.0781 loss=12.9062 skipped=0
[2026-06-04T12:26:52] batch build started epoch=7 batch=5 batches=8 first=513 last=640
[2026-06-04T12:26:52] batch jobs built elapsed_s=0.0 epoch=7 batch=5 jobs=32
[2026-06-04T12:26:52] batch run started epoch=7 batch=5 jobs=32
[2026-06-04T12:26:52] minibatch buffers cleared elapsed_s=0.005 jobs=32
[2026-06-04T12:26:52] minibatch manager run started jobs=32 workers=32
[2026-06-04T12:26:53] minibatch manager run finished elapsed_s=1.316 jobs=32
[2026-06-04T12:26:53] minibatch optimizer update finished elapsed_s=0.004 nsamples=128 skipped=0
[2026-06-04T12:26:53] batch run finished elapsed_s=1.326 epoch=7 batch=5 nsamples=128 accuracy=0.1016 loss=12.3906 skipped=0
[2026-06-04T12:26:56] batch build started epoch=7 batch=8 batches=8 first=897 last=1000
[2026-06-04T12:26:56] batch jobs built elapsed_s=0.0 epoch=7 batch=8 jobs=26
[2026-06-04T12:26:56] batch run started epoch=7 batch=8 jobs=26
[2026-06-04T12:26:56] minibatch buffers cleared elapsed_s=0.006 jobs=26
[2026-06-04T12:26:56] minibatch manager run started jobs=26 workers=32
[2026-06-04T12:26:57] minibatch manager run finished elapsed_s=1.135 jobs=26
[2026-06-04T12:26:57] minibatch optimizer update finished elapsed_s=0.004 nsamples=104 skipped=0
[2026-06-04T12:26:57] batch run finished elapsed_s=1.147 epoch=7 batch=8 nsamples=104 accuracy=0.1058 loss=12.7308 skipped=0
[2026-06-04T12:26:57] epoch training finished epoch=7 elapsed_s=10.414 train_accuracy=0.103 train_loss=12.71 skipped=0
[2026-06-04T12:26:57] epoch evaluation started epoch=7 samples=200
[2026-06-04T12:26:57] evaluation buffers cleared elapsed_s=0.0 samples=200
[2026-06-04T12:26:57] evaluation jobs built elapsed_s=0.0 jobs=50
[2026-06-04T12:26:57] evaluation manager run started jobs=50 workers=32
[2026-06-04T12:26:58] evaluation manager run finished elapsed_s=0.996 jobs=50
[2026-06-04T12:26:58] epoch evaluation finished elapsed_s=0.998 epoch=7 test_accuracy=0.13 test_loss=10.49
[2026-06-04T12:26:58] latest checkpoint saved elapsed_s=0.005 epoch=7 path=C:\Users\fenje\dev\InteractiveIsing.jl\ext\IsingLearning\experiments\MNIST\single-hidden-local-28x28-to-11x11-readout\experiments\current\20260604_r8_rescue_series\a14_s35_b10_lr25_e160\r8\latest_checkpoint.bin update_idx=56
(timestamp = "2026-06-04T12:26:58", epoch = 7, seconds = 10.4137622, train_accuracy = 0.103, train_loss = 12.71f0, skipped = 0, test_accuracy = 0.13, test_loss = 10.49f0, pred_counts = "41-45-0-0-76-23-1-3-11-0", best_accuracy = 0.165, best_path = "C:\\Users\\fenje\\dev\\InteractiveIsing.jl\\ext\\IsingLearning\\experiments\\MNIST\\single-hidden-local-28x28-to-11x11-readout\\experiments\\current\\20260604_r8_rescue_series\\a14_s35_b10_lr25_e160\\r8\\best_params.bin", latest_path = "C:\\Users\\fenje\\dev\\InteractiveIsing.jl\\ext\\IsingLearning\\experiments\\MNIST\\single-hidden-local-28x28-to-11x11-readout\\experiments\\current\\20260604_r8_rescue_series\\a14_s35_b10_lr25_e160\\r8\\latest_checkpoint.bin", final_path = "")
[2026-06-04T12:26:58] epoch finished elapsed_s=11.418 epoch=7
[2026-06-04T12:26:58] epoch started epoch=8
[2026-06-04T12:26:58] epoch training started epoch=8 batches=8 samples=1000
[2026-06-04T12:26:58] batch build started epoch=8 batch=1 batches=8 first=1 last=128
[2026-06-04T12:26:58] batch jobs built elapsed_s=0.0 epoch=8 batch=1 jobs=32
[2026-06-04T12:26:58] batch run started epoch=8 batch=1 jobs=32
[2026-06-04T12:26:58] minibatch buffers cleared elapsed_s=0.005 jobs=32
[2026-06-04T12:26:58] minibatch manager run started jobs=32 workers=32
[2026-06-04T12:26:59] minibatch manager run finished elapsed_s=1.352 jobs=32
[2026-06-04T12:26:59] minibatch optimizer update finished elapsed_s=0.1 nsamples=128 skipped=0
[2026-06-04T12:26:59] batch run finished elapsed_s=1.459 epoch=8 batch=1 nsamples=128 accuracy=0.125 loss=12.375 skipped=0
[2026-06-04T12:27:03] batch build started epoch=8 batch=5 batches=8 first=513 last=640
[2026-06-04T12:27:03] batch jobs built elapsed_s=0.0 epoch=8 batch=5 jobs=32
[2026-06-04T12:27:03] batch run started epoch=8 batch=5 jobs=32
[2026-06-04T12:27:03] minibatch buffers cleared elapsed_s=0.007 jobs=32
[2026-06-04T12:27:03] minibatch manager run started jobs=32 workers=32
[2026-06-04T12:27:05] minibatch manager run finished elapsed_s=1.423 jobs=32
[2026-06-04T12:27:05] minibatch optimizer update finished elapsed_s=0.003 nsamples=128 skipped=0
[2026-06-04T12:27:05] batch run finished elapsed_s=1.435 epoch=8 batch=5 nsamples=128 accuracy=0.0859 loss=11.5938 skipped=0
[2026-06-04T12:27:07] batch build started epoch=8 batch=8 batches=8 first=897 last=1000
[2026-06-04T12:27:07] batch jobs built elapsed_s=0.0 epoch=8 batch=8 jobs=26
[2026-06-04T12:27:07] batch run started epoch=8 batch=8 jobs=26
[2026-06-04T12:27:07] minibatch buffers cleared elapsed_s=0.004 jobs=26
[2026-06-04T12:27:07] minibatch manager run started jobs=26 workers=32
[2026-06-04T12:27:08] minibatch manager run finished elapsed_s=1.019 jobs=26
[2026-06-04T12:27:08] minibatch optimizer update finished elapsed_s=0.004 nsamples=104 skipped=0
[2026-06-04T12:27:08] batch run finished elapsed_s=1.029 epoch=8 batch=8 nsamples=104 accuracy=0.0288 loss=12.1731 skipped=0
[2026-06-04T12:27:08] epoch training finished epoch=8 elapsed_s=10.618 train_accuracy=0.095 train_loss=11.832 skipped=0
[2026-06-04T12:27:08] epoch evaluation started epoch=8 samples=200
[2026-06-04T12:27:08] evaluation buffers cleared elapsed_s=0.0 samples=200
[2026-06-04T12:27:08] evaluation jobs built elapsed_s=0.0 jobs=50
[2026-06-04T12:27:08] evaluation manager run started jobs=50 workers=32
[2026-06-04T12:27:09] evaluation manager run finished elapsed_s=1.01 jobs=50
[2026-06-04T12:27:09] epoch evaluation finished elapsed_s=1.011 epoch=8 test_accuracy=0.12 test_loss=10.48
[2026-06-04T12:27:09] latest checkpoint saved elapsed_s=0.005 epoch=8 path=C:\Users\fenje\dev\InteractiveIsing.jl\ext\IsingLearning\experiments\MNIST\single-hidden-local-28x28-to-11x11-readout\experiments\current\20260604_r8_rescue_series\a14_s35_b10_lr25_e160\r8\latest_checkpoint.bin update_idx=64
(timestamp = "2026-06-04T12:27:09", epoch = 8, seconds = 10.6175409, train_accuracy = 0.095, train_loss = 11.832f0, skipped = 0, test_accuracy = 0.12, test_loss = 10.48f0, pred_counts = "29-58-2-1-66-19-1-5-19-0", best_accuracy = 0.165, best_path = "C:\\Users\\fenje\\dev\\InteractiveIsing.jl\\ext\\IsingLearning\\experiments\\MNIST\\single-hidden-local-28x28-to-11x11-readout\\experiments\\current\\20260604_r8_rescue_series\\a14_s35_b10_lr25_e160\\r8\\best_params.bin", latest_path = "C:\\Users\\fenje\\dev\\InteractiveIsing.jl\\ext\\IsingLearning\\experiments\\MNIST\\single-hidden-local-28x28-to-11x11-readout\\experiments\\current\\20260604_r8_rescue_series\\a14_s35_b10_lr25_e160\\r8\\latest_checkpoint.bin", final_path = "")
[2026-06-04T12:27:09] epoch finished elapsed_s=11.636 epoch=8
[2026-06-04T12:27:09] epoch started epoch=9
[2026-06-04T12:27:09] epoch training started epoch=9 batches=8 samples=1000
[2026-06-04T12:27:09] batch build started epoch=9 batch=1 batches=8 first=1 last=128
[2026-06-04T12:27:09] batch jobs built elapsed_s=0.0 epoch=9 batch=1 jobs=32
[2026-06-04T12:27:09] batch run started epoch=9 batch=1 jobs=32
[2026-06-04T12:27:09] minibatch buffers cleared elapsed_s=0.006 jobs=32
[2026-06-04T12:27:09] minibatch manager run started jobs=32 workers=32
[2026-06-04T12:27:11] minibatch manager run finished elapsed_s=1.194 jobs=32
[2026-06-04T12:27:11] minibatch optimizer update finished elapsed_s=0.003 nsamples=128 skipped=0
[2026-06-04T12:27:11] batch run finished elapsed_s=1.204 epoch=9 batch=1 nsamples=128 accuracy=0.1172 loss=12.0156 skipped=0
[2026-06-04T12:27:14] batch build started epoch=9 batch=5 batches=8 first=513 last=640
[2026-06-04T12:27:14] batch jobs built elapsed_s=0.0 epoch=9 batch=5 jobs=32
[2026-06-04T12:27:14] batch run started epoch=9 batch=5 jobs=32
[2026-06-04T12:27:14] minibatch buffers cleared elapsed_s=0.005 jobs=32
[2026-06-04T12:27:14] minibatch manager run started jobs=32 workers=32
[2026-06-04T12:27:15] minibatch manager run finished elapsed_s=1.194 jobs=32
[2026-06-04T12:27:15] minibatch optimizer update finished elapsed_s=0.004 nsamples=128 skipped=0
[2026-06-04T12:27:15] batch run finished elapsed_s=1.203 epoch=9 batch=5 nsamples=128 accuracy=0.0625 loss=12.0 skipped=0
[2026-06-04T12:27:18] batch build started epoch=9 batch=8 batches=8 first=897 last=1000
[2026-06-04T12:27:18] batch jobs built elapsed_s=0.0 epoch=9 batch=8 jobs=26
[2026-06-04T12:27:18] batch run started epoch=9 batch=8 jobs=26
[2026-06-04T12:27:18] minibatch buffers cleared elapsed_s=0.006 jobs=26
[2026-06-04T12:27:18] minibatch manager run started jobs=26 workers=32
[2026-06-04T12:27:19] minibatch manager run finished elapsed_s=0.954 jobs=26
[2026-06-04T12:27:19] minibatch optimizer update finished elapsed_s=0.003 nsamples=104 skipped=0
[2026-06-04T12:27:19] batch run finished elapsed_s=0.963 epoch=9 batch=8 nsamples=104 accuracy=0.1538 loss=11.9231 skipped=0
[2026-06-04T12:27:19] epoch training finished epoch=9 elapsed_s=9.338 train_accuracy=0.091 train_loss=12.048 skipped=0
[2026-06-04T12:27:19] epoch evaluation started epoch=9 samples=200
[2026-06-04T12:27:19] evaluation buffers cleared elapsed_s=0.0 samples=200
[2026-06-04T12:27:19] evaluation jobs built elapsed_s=0.0 jobs=50
[2026-06-04T12:27:19] evaluation manager run started jobs=50 workers=32
[2026-06-04T12:27:20] evaluation manager run finished elapsed_s=0.974 jobs=50
[2026-06-04T12:27:20] epoch evaluation finished elapsed_s=0.974 epoch=9 test_accuracy=0.14 test_loss=11.39
[2026-06-04T12:27:20] latest checkpoint saved elapsed_s=0.01 epoch=9 path=C:\Users\fenje\dev\InteractiveIsing.jl\ext\IsingLearning\experiments\MNIST\single-hidden-local-28x28-to-11x11-readout\experiments\current\20260604_r8_rescue_series\a14_s35_b10_lr25_e160\r8\latest_checkpoint.bin update_idx=72
(timestamp = "2026-06-04T12:27:20", epoch = 9, seconds = 9.3384375, train_accuracy = 0.091, train_loss = 12.048f0, skipped = 0, test_accuracy = 0.14, test_loss = 11.39f0, pred_counts = "17-65-1-0-28-9-2-15-62-1", best_accuracy = 0.165, best_path = "C:\\Users\\fenje\\dev\\InteractiveIsing.jl\\ext\\IsingLearning\\experiments\\MNIST\\single-hidden-local-28x28-to-11x11-readout\\experiments\\current\\20260604_r8_rescue_series\\a14_s35_b10_lr25_e160\\r8\\best_params.bin", latest_path = "C:\\Users\\fenje\\dev\\InteractiveIsing.jl\\ext\\IsingLearning\\experiments\\MNIST\\single-hidden-local-28x28-to-11x11-readout\\experiments\\current\\20260604_r8_rescue_series\\a14_s35_b10_lr25_e160\\r8\\latest_checkpoint.bin", final_path = "")
[2026-06-04T12:27:20] epoch finished elapsed_s=10.324 epoch=9
[2026-06-04T12:27:20] epoch started epoch=10
[2026-06-04T12:27:20] epoch training started epoch=10 batches=8 samples=1000
[2026-06-04T12:27:20] batch build started epoch=10 batch=1 batches=8 first=1 last=128
[2026-06-04T12:27:20] batch jobs built elapsed_s=0.0 epoch=10 batch=1 jobs=32
[2026-06-04T12:27:20] batch run started epoch=10 batch=1 jobs=32
[2026-06-04T12:27:20] minibatch buffers cleared elapsed_s=0.005 jobs=32
[2026-06-04T12:27:20] minibatch manager run started jobs=32 workers=32
[2026-06-04T12:27:21] minibatch manager run finished elapsed_s=1.084 jobs=32
[2026-06-04T12:27:21] minibatch optimizer update finished elapsed_s=0.003 nsamples=128 skipped=0
[2026-06-04T12:27:21] batch run finished elapsed_s=1.092 epoch=10 batch=1 nsamples=128 accuracy=0.0859 loss=11.7656 skipped=0
[2026-06-04T12:27:24] batch build started epoch=10 batch=5 batches=8 first=513 last=640
[2026-06-04T12:27:24] batch jobs built elapsed_s=0.0 epoch=10 batch=5 jobs=32
[2026-06-04T12:27:24] batch run started epoch=10 batch=5 jobs=32
[2026-06-04T12:27:24] minibatch buffers cleared elapsed_s=0.005 jobs=32
[2026-06-04T12:27:24] minibatch manager run started jobs=32 workers=32
[2026-06-04T12:27:25] minibatch manager run finished elapsed_s=1.077 jobs=32
[2026-06-04T12:27:25] minibatch optimizer update finished elapsed_s=0.003 nsamples=128 skipped=0
[2026-06-04T12:27:25] batch run finished elapsed_s=1.087 epoch=10 batch=5 nsamples=128 accuracy=0.1406 loss=11.7188 skipped=0
[2026-06-04T12:27:28] batch build started epoch=10 batch=8 batches=8 first=897 last=1000
[2026-06-04T12:27:28] batch jobs built elapsed_s=0.0 epoch=10 batch=8 jobs=26
[2026-06-04T12:27:28] batch run started epoch=10 batch=8 jobs=26
[2026-06-04T12:27:28] minibatch buffers cleared elapsed_s=0.009 jobs=26
[2026-06-04T12:27:28] minibatch manager run started jobs=26 workers=32
[2026-06-04T12:27:29] minibatch manager run finished elapsed_s=1.033 jobs=26
[2026-06-04T12:27:29] minibatch optimizer update finished elapsed_s=0.003 nsamples=104 skipped=0
[2026-06-04T12:27:29] batch run finished elapsed_s=1.046 epoch=10 batch=8 nsamples=104 accuracy=0.1058 loss=12.7692 skipped=0
[2026-06-04T12:27:29] epoch training finished epoch=10 elapsed_s=9.049 train_accuracy=0.092 train_loss=12.03 skipped=0
[2026-06-04T12:27:29] epoch evaluation started epoch=10 samples=200
[2026-06-04T12:27:29] evaluation buffers cleared elapsed_s=0.0 samples=200
[2026-06-04T12:27:29] evaluation jobs built elapsed_s=0.0 jobs=50
[2026-06-04T12:27:29] evaluation manager run started jobs=50 workers=32
[2026-06-04T12:27:30] evaluation manager run finished elapsed_s=0.993 jobs=50
[2026-06-04T12:27:30] epoch evaluation finished elapsed_s=0.994 epoch=10 test_accuracy=0.15 test_loss=12.29
[2026-06-04T12:27:30] latest checkpoint saved elapsed_s=0.003 epoch=10 path=C:\Users\fenje\dev\InteractiveIsing.jl\ext\IsingLearning\experiments\MNIST\single-hidden-local-28x28-to-11x11-readout\experiments\current\20260604_r8_rescue_series\a14_s35_b10_lr25_e160\r8\latest_checkpoint.bin update_idx=80
(timestamp = "2026-06-04T12:27:30", epoch = 10, seconds = 9.0493232, train_accuracy = 0.092, train_loss = 12.03f0, skipped = 0, test_accuracy = 0.15, test_loss = 12.29f0, pred_counts = "22-48-0-1-7-10-4-9-94-5", best_accuracy = 0.165, best_path = "C:\\Users\\fenje\\dev\\InteractiveIsing.jl\\ext\\IsingLearning\\experiments\\MNIST\\single-hidden-local-28x28-to-11x11-readout\\experiments\\current\\20260604_r8_rescue_series\\a14_s35_b10_lr25_e160\\r8\\best_params.bin", latest_path = "C:\\Users\\fenje\\dev\\InteractiveIsing.jl\\ext\\IsingLearning\\experiments\\MNIST\\single-hidden-local-28x28-to-11x11-readout\\experiments\\current\\20260604_r8_rescue_series\\a14_s35_b10_lr25_e160\\r8\\latest_checkpoint.bin", final_path = "")
[2026-06-04T12:27:30] epoch finished elapsed_s=10.048 epoch=10
[2026-06-04T12:27:30] epoch started epoch=11
[2026-06-04T12:27:30] epoch training started epoch=11 batches=8 samples=1000
[2026-06-04T12:27:30] batch build started epoch=11 batch=1 batches=8 first=1 last=128
[2026-06-04T12:27:30] batch jobs built elapsed_s=0.0 epoch=11 batch=1 jobs=32
[2026-06-04T12:27:30] batch run started epoch=11 batch=1 jobs=32
[2026-06-04T12:27:30] minibatch buffers cleared elapsed_s=0.004 jobs=32
[2026-06-04T12:27:30] minibatch manager run started jobs=32 workers=32
[2026-06-04T12:27:31] minibatch manager run finished elapsed_s=1.126 jobs=32
[2026-06-04T12:27:31] minibatch optimizer update finished elapsed_s=0.008 nsamples=128 skipped=0
[2026-06-04T12:27:31] batch run finished elapsed_s=1.139 epoch=11 batch=1 nsamples=128 accuracy=0.1406 loss=12.7031 skipped=0
[2026-06-04T12:27:35] batch build started epoch=11 batch=5 batches=8 first=513 last=640
[2026-06-04T12:27:35] batch jobs built elapsed_s=0.0 epoch=11 batch=5 jobs=32
[2026-06-04T12:27:35] batch run started epoch=11 batch=5 jobs=32
[2026-06-04T12:27:35] minibatch buffers cleared elapsed_s=0.005 jobs=32
[2026-06-04T12:27:35] minibatch manager run started jobs=32 workers=32
[2026-06-04T12:27:36] minibatch manager run finished elapsed_s=1.122 jobs=32
[2026-06-04T12:27:36] minibatch optimizer update finished elapsed_s=0.003 nsamples=128 skipped=0
[2026-06-04T12:27:36] batch run finished elapsed_s=1.13 epoch=11 batch=5 nsamples=128 accuracy=0.1172 loss=12.9375 skipped=0
[2026-06-04T12:27:38] batch build started epoch=11 batch=8 batches=8 first=897 last=1000
[2026-06-04T12:27:38] batch jobs built elapsed_s=0.0 epoch=11 batch=8 jobs=26
[2026-06-04T12:27:38] batch run started epoch=11 batch=8 jobs=26
[2026-06-04T12:27:38] minibatch buffers cleared elapsed_s=0.006 jobs=26
[2026-06-04T12:27:38] minibatch manager run started jobs=26 workers=32
[2026-06-04T12:27:39] minibatch manager run finished elapsed_s=0.986 jobs=26
[2026-06-04T12:27:39] minibatch optimizer update finished elapsed_s=0.003 nsamples=104 skipped=0
[2026-06-04T12:27:39] batch run finished elapsed_s=0.996 epoch=11 batch=8 nsamples=104 accuracy=0.1058 loss=13.7308 skipped=0
[2026-06-04T12:27:39] epoch training finished epoch=11 elapsed_s=9.239 train_accuracy=0.111 train_loss=12.96 skipped=0
[2026-06-04T12:27:39] epoch evaluation started epoch=11 samples=200
[2026-06-04T12:27:39] evaluation buffers cleared elapsed_s=0.0 samples=200
[2026-06-04T12:27:39] evaluation jobs built elapsed_s=0.0 jobs=50
[2026-06-04T12:27:39] evaluation manager run started jobs=50 workers=32
[2026-06-04T12:27:40] evaluation manager run finished elapsed_s=1.051 jobs=50
[2026-06-04T12:27:40] epoch evaluation finished elapsed_s=1.052 epoch=11 test_accuracy=0.225 test_loss=11.97
[2026-06-04T12:27:40] best checkpoint saved elapsed_s=0.004 epoch=11 best_accuracy=0.225 path=C:\Users\fenje\dev\InteractiveIsing.jl\ext\IsingLearning\experiments\MNIST\single-hidden-local-28x28-to-11x11-readout\experiments\current\20260604_r8_rescue_series\a14_s35_b10_lr25_e160\r8\best_params.bin
[2026-06-04T12:27:40] latest checkpoint saved elapsed_s=0.003 epoch=11 path=C:\Users\fenje\dev\InteractiveIsing.jl\ext\IsingLearning\experiments\MNIST\single-hidden-local-28x28-to-11x11-readout\experiments\current\20260604_r8_rescue_series\a14_s35_b10_lr25_e160\r8\latest_checkpoint.bin update_idx=88
(timestamp = "2026-06-04T12:27:40", epoch = 11, seconds = 9.2391087, train_accuracy = 0.111, train_loss = 12.96f0, skipped = 0, test_accuracy = 0.225, test_loss = 11.97f0, pred_counts = "36-73-3-6-6-10-2-6-39-19", best_accuracy = 0.225, best_path = "C:\\Users\\fenje\\dev\\InteractiveIsing.jl\\ext\\IsingLearning\\experiments\\MNIST\\single-hidden-local-28x28-to-11x11-readout\\experiments\\current\\20260604_r8_rescue_series\\a14_s35_b10_lr25_e160\\r8\\best_params.bin", latest_path = "C:\\Users\\fenje\\dev\\InteractiveIsing.jl\\ext\\IsingLearning\\experiments\\MNIST\\single-hidden-local-28x28-to-11x11-readout\\experiments\\current\\20260604_r8_rescue_series\\a14_s35_b10_lr25_e160\\r8\\latest_checkpoint.bin", final_path = "")
[2026-06-04T12:27:40] epoch finished elapsed_s=10.301 epoch=11
[2026-06-04T12:27:40] epoch started epoch=12
[2026-06-04T12:27:40] epoch training started epoch=12 batches=8 samples=1000
[2026-06-04T12:27:40] batch build started epoch=12 batch=1 batches=8 first=1 last=128
[2026-06-04T12:27:40] batch jobs built elapsed_s=0.0 epoch=12 batch=1 jobs=32
[2026-06-04T12:27:40] batch run started epoch=12 batch=1 jobs=32
[2026-06-04T12:27:40] minibatch buffers cleared elapsed_s=0.004 jobs=32
[2026-06-04T12:27:40] minibatch manager run started jobs=32 workers=32
[2026-06-04T12:27:41] minibatch manager run finished elapsed_s=1.052 jobs=32
[2026-06-04T12:27:41] minibatch optimizer update finished elapsed_s=0.003 nsamples=128 skipped=0
[2026-06-04T12:27:41] batch run finished elapsed_s=1.06 epoch=12 batch=1 nsamples=128 accuracy=0.0859 loss=14.0 skipped=0
[2026-06-04T12:27:45] batch build started epoch=12 batch=5 batches=8 first=513 last=640
[2026-06-04T12:27:45] batch jobs built elapsed_s=0.0 epoch=12 batch=5 jobs=32
[2026-06-04T12:27:45] batch run started epoch=12 batch=5 jobs=32
[2026-06-04T12:27:45] minibatch buffers cleared elapsed_s=0.006 jobs=32
[2026-06-04T12:27:45] minibatch manager run started jobs=32 workers=32
[2026-06-04T12:27:46] minibatch manager run finished elapsed_s=1.109 jobs=32
[2026-06-04T12:27:46] minibatch optimizer update finished elapsed_s=0.003 nsamples=128 skipped=0
[2026-06-04T12:27:46] batch run finished elapsed_s=1.123 epoch=12 batch=5 nsamples=128 accuracy=0.1172 loss=14.8125 skipped=0
[2026-06-04T12:27:48] batch build started epoch=12 batch=8 batches=8 first=897 last=1000
[2026-06-04T12:27:48] batch jobs built elapsed_s=0.0 epoch=12 batch=8 jobs=26
[2026-06-04T12:27:48] batch run started epoch=12 batch=8 jobs=26
[2026-06-04T12:27:48] minibatch buffers cleared elapsed_s=0.004 jobs=26
[2026-06-04T12:27:48] minibatch manager run started jobs=26 workers=32
[2026-06-04T12:27:49] minibatch manager run finished elapsed_s=1.0 jobs=26
[2026-06-04T12:27:49] minibatch optimizer update finished elapsed_s=0.004 nsamples=104 skipped=0
[2026-06-04T12:27:49] batch run finished elapsed_s=1.01 epoch=12 batch=8 nsamples=104 accuracy=0.1058 loss=15.3077 skipped=0
[2026-06-04T12:27:49] epoch training finished epoch=12 elapsed_s=9.031 train_accuracy=0.108 train_loss=14.616 skipped=0
[2026-06-04T12:27:49] epoch evaluation started epoch=12 samples=200
[2026-06-04T12:27:49] evaluation buffers cleared elapsed_s=0.0 samples=200
[2026-06-04T12:27:49] evaluation jobs built elapsed_s=0.0 jobs=50
[2026-06-04T12:27:49] evaluation manager run started jobs=50 workers=32
[2026-06-04T12:27:50] evaluation manager run finished elapsed_s=1.038 jobs=50
[2026-06-04T12:27:50] epoch evaluation finished elapsed_s=1.038 epoch=12 test_accuracy=0.22 test_loss=11.93
[2026-06-04T12:27:50] latest checkpoint saved elapsed_s=0.004 epoch=12 path=C:\Users\fenje\dev\InteractiveIsing.jl\ext\IsingLearning\experiments\MNIST\single-hidden-local-28x28-to-11x11-readout\experiments\current\20260604_r8_rescue_series\a14_s35_b10_lr25_e160\r8\latest_checkpoint.bin update_idx=96
(timestamp = "2026-06-04T12:27:50", epoch = 12, seconds = 9.0310383, train_accuracy = 0.108, train_loss = 14.616f0, skipped = 0, test_accuracy = 0.22, test_loss = 11.93f0, pred_counts = "54-63-26-8-5-22-0-1-4-17", best_accuracy = 0.225, best_path = "C:\\Users\\fenje\\dev\\InteractiveIsing.jl\\ext\\IsingLearning\\experiments\\MNIST\\single-hidden-local-28x28-to-11x11-readout\\experiments\\current\\20260604_r8_rescue_series\\a14_s35_b10_lr25_e160\\r8\\best_params.bin", latest_path = "C:\\Users\\fenje\\dev\\InteractiveIsing.jl\\ext\\IsingLearning\\experiments\\MNIST\\single-hidden-local-28x28-to-11x11-readout\\experiments\\current\\20260604_r8_rescue_series\\a14_s35_b10_lr25_e160\\r8\\latest_checkpoint.bin", final_path = "")
[2026-06-04T12:27:50] epoch finished elapsed_s=10.076 epoch=12
[2026-06-04T12:27:50] epoch started epoch=13
[2026-06-04T12:27:50] epoch training started epoch=13 batches=8 samples=1000
[2026-06-04T12:27:50] batch build started epoch=13 batch=1 batches=8 first=1 last=128
[2026-06-04T12:27:50] batch jobs built elapsed_s=0.0 epoch=13 batch=1 jobs=32
[2026-06-04T12:27:50] batch run started epoch=13 batch=1 jobs=32
[2026-06-04T12:27:50] minibatch buffers cleared elapsed_s=0.005 jobs=32
[2026-06-04T12:27:50] minibatch manager run started jobs=32 workers=32
[2026-06-04T12:27:51] minibatch manager run finished elapsed_s=1.078 jobs=32
[2026-06-04T12:27:51] minibatch optimizer update finished elapsed_s=0.008 nsamples=128 skipped=0
[2026-06-04T12:27:51] batch run finished elapsed_s=1.092 epoch=13 batch=1 nsamples=128 accuracy=0.1406 loss=14.8438 skipped=0
[2026-06-04T12:27:55] batch build started epoch=13 batch=5 batches=8 first=513 last=640
[2026-06-04T12:27:55] batch jobs built elapsed_s=0.0 epoch=13 batch=5 jobs=32
[2026-06-04T12:27:55] batch run started epoch=13 batch=5 jobs=32
[2026-06-04T12:27:55] minibatch buffers cleared elapsed_s=0.005 jobs=32
[2026-06-04T12:27:55] minibatch manager run started jobs=32 workers=32
[2026-06-04T12:27:56] minibatch manager run finished elapsed_s=1.196 jobs=32
[2026-06-04T12:27:56] minibatch optimizer update finished elapsed_s=0.004 nsamples=128 skipped=0
[2026-06-04T12:27:56] batch run finished elapsed_s=1.206 epoch=13 batch=5 nsamples=128 accuracy=0.1406 loss=15.25 skipped=0
[2026-06-04T12:27:59] batch build started epoch=13 batch=8 batches=8 first=897 last=1000
[2026-06-04T12:27:59] batch jobs built elapsed_s=0.0 epoch=13 batch=8 jobs=26
[2026-06-04T12:27:59] batch run started epoch=13 batch=8 jobs=26
[2026-06-04T12:27:59] minibatch buffers cleared elapsed_s=0.006 jobs=26
[2026-06-04T12:27:59] minibatch manager run started jobs=26 workers=32
[2026-06-04T12:27:59] minibatch manager run finished elapsed_s=0.967 jobs=26
[2026-06-04T12:27:59] minibatch optimizer update finished elapsed_s=0.008 nsamples=104 skipped=0
[2026-06-04T12:27:59] batch run finished elapsed_s=0.983 epoch=13 batch=8 nsamples=104 accuracy=0.0769 loss=15.3846 skipped=0
[2026-06-04T12:27:59] epoch training finished epoch=13 elapsed_s=9.332 train_accuracy=0.104 train_loss=15.394 skipped=0
[2026-06-04T12:27:59] epoch evaluation started epoch=13 samples=200
[2026-06-04T12:27:59] evaluation buffers cleared elapsed_s=0.0 samples=200
[2026-06-04T12:27:59] evaluation jobs built elapsed_s=0.0 jobs=50
[2026-06-04T12:27:59] evaluation manager run started jobs=50 workers=32
[2026-06-04T12:28:01] evaluation manager run finished elapsed_s=1.087 jobs=50
[2026-06-04T12:28:01] epoch evaluation finished elapsed_s=1.087 epoch=13 test_accuracy=0.2 test_loss=13.28
[2026-06-04T12:28:01] latest checkpoint saved elapsed_s=0.006 epoch=13 path=C:\Users\fenje\dev\InteractiveIsing.jl\ext\IsingLearning\experiments\MNIST\single-hidden-local-28x28-to-11x11-readout\experiments\current\20260604_r8_rescue_series\a14_s35_b10_lr25_e160\r8\latest_checkpoint.bin update_idx=104
(timestamp = "2026-06-04T12:28:01", epoch = 13, seconds = 9.3320228, train_accuracy = 0.104, train_loss = 15.394f0, skipped = 0, test_accuracy = 0.2, test_loss = 13.28f0, pred_counts = "34-39-83-13-3-16-2-1-0-9", best_accuracy = 0.225, best_path = "C:\\Users\\fenje\\dev\\InteractiveIsing.jl\\ext\\IsingLearning\\experiments\\MNIST\\single-hidden-local-28x28-to-11x11-readout\\experiments\\current\\20260604_r8_rescue_series\\a14_s35_b10_lr25_e160\\r8\\best_params.bin", latest_path = "C:\\Users\\fenje\\dev\\InteractiveIsing.jl\\ext\\IsingLearning\\experiments\\MNIST\\single-hidden-local-28x28-to-11x11-readout\\experiments\\current\\20260604_r8_rescue_series\\a14_s35_b10_lr25_e160\\r8\\latest_checkpoint.bin", final_path = "")
[2026-06-04T12:28:01] epoch finished elapsed_s=10.428 epoch=13
[2026-06-04T12:28:01] epoch started epoch=14
[2026-06-04T12:28:01] epoch training started epoch=14 batches=8 samples=1000
[2026-06-04T12:28:01] batch build started epoch=14 batch=1 batches=8 first=1 last=128
[2026-06-04T12:28:01] batch jobs built elapsed_s=0.0 epoch=14 batch=1 jobs=32
[2026-06-04T12:28:01] batch run started epoch=14 batch=1 jobs=32
[2026-06-04T12:28:01] minibatch buffers cleared elapsed_s=0.006 jobs=32
[2026-06-04T12:28:01] minibatch manager run started jobs=32 workers=32
[2026-06-04T12:28:02] minibatch manager run finished elapsed_s=1.219 jobs=32
[2026-06-04T12:28:02] minibatch optimizer update finished elapsed_s=0.003 nsamples=128 skipped=0
[2026-06-04T12:28:02] batch run finished elapsed_s=1.229 epoch=14 batch=1 nsamples=128 accuracy=0.0703 loss=16.0312 skipped=0
[2026-06-04T12:28:06] batch build started epoch=14 batch=5 batches=8 first=513 last=640
[2026-06-04T12:28:06] batch jobs built elapsed_s=0.0 epoch=14 batch=5 jobs=32
[2026-06-04T12:28:06] batch run started epoch=14 batch=5 jobs=32
[2026-06-04T12:28:06] minibatch buffers cleared elapsed_s=0.009 jobs=32
[2026-06-04T12:28:06] minibatch manager run started jobs=32 workers=32
[2026-06-04T12:28:07] minibatch manager run finished elapsed_s=1.161 jobs=32
[2026-06-04T12:28:07] minibatch optimizer update finished elapsed_s=0.008 nsamples=128 skipped=0
[2026-06-04T12:28:07] batch run finished elapsed_s=1.179 epoch=14 batch=5 nsamples=128 accuracy=0.0859 loss=15.9062 skipped=0
[2026-06-04T12:28:09] batch build started epoch=14 batch=8 batches=8 first=897 last=1000
[2026-06-04T12:28:09] batch jobs built elapsed_s=0.0 epoch=14 batch=8 jobs=26
[2026-06-04T12:28:09] batch run started epoch=14 batch=8 jobs=26
[2026-06-04T12:28:09] minibatch buffers cleared elapsed_s=0.006 jobs=26
[2026-06-04T12:28:09] minibatch manager run started jobs=26 workers=32
[2026-06-04T12:28:10] minibatch manager run finished elapsed_s=1.058 jobs=26
[2026-06-04T12:28:10] minibatch optimizer update finished elapsed_s=0.005 nsamples=104 skipped=0
[2026-06-04T12:28:10] batch run finished elapsed_s=1.07 epoch=14 batch=8 nsamples=104 accuracy=0.0673 loss=16.7308 skipped=0
[2026-06-04T12:28:10] epoch training finished epoch=14 elapsed_s=9.776 train_accuracy=0.087 train_loss=16.1 skipped=0
[2026-06-04T12:28:10] epoch evaluation started epoch=14 samples=200
[2026-06-04T12:28:10] evaluation buffers cleared elapsed_s=0.0 samples=200
[2026-06-04T12:28:10] evaluation jobs built elapsed_s=0.0 jobs=50
[2026-06-04T12:28:10] evaluation manager run started jobs=50 workers=32
[2026-06-04T12:28:11] evaluation manager run finished elapsed_s=1.108 jobs=50
[2026-06-04T12:28:11] epoch evaluation finished elapsed_s=1.109 epoch=14 test_accuracy=0.135 test_loss=13.23
[2026-06-04T12:28:11] manager closing
[2026-06-04T12:28:12] manager closed
