[2026-06-04T11:38:34] bootstrap script started elapsed_s=0.173
[2026-06-04T11:38:34] bootstrap Pkg loaded elapsed_s=0.424
[2026-06-04T11:38:34] bootstrap project activated elapsed_s=0.065
[2026-06-04T11:38:42] bootstrap dependencies loaded elapsed_s=8.198
[2026-06-04T11:38:51] run started name=r8 radius=8 epochs=200 workers=32 threads=32 outdir=C:\Users\fenje\dev\InteractiveIsing.jl\ext\IsingLearning\experiments\MNIST\single-hidden-local-28x28-to-11x11-readout\experiments\current\20260604_r8_rescue_series\attempt_10_metropolis_s25_beta1p0_lr000025_b128_chunk4_seed2468_e200\r8
[2026-06-04T11:38:51] run output initialized elapsed_s=0.001
[2026-06-04T11:38:52] training data loaded elapsed_s=1.267 samples=1000 per_class=100
[2026-06-04T11:38:53] test data loaded elapsed_s=0.131 samples=200 per_class=20
[2026-06-04T11:38:55] model graph shell initialized elapsed_s=2.642 states=1729
[2026-06-04T11:38:55] model connectivity masks built elapsed_s=0.025 input_hidden=163216 hidden_hidden=21904 hidden_output=4840
[2026-06-04T11:38:58] model J entries initialized elapsed_s=2.805 stored_entries=379920
[2026-06-04T11:38:58] model sparse edge layout built elapsed_s=0.245 trainable_entries=379920
[2026-06-04T11:38:58] model initialized elapsed_s=5.727 stored_entries=379920
[2026-06-04T11:38:58] source model ready elapsed_s=5.733
[2026-06-04T11:39:00] manager construction started workers=32
[2026-06-04T11:39:12] worker algorithm resolved elapsed_s=12.115
[2026-06-04T11:39:13] manager constructing worker worker=1 workers=32
[2026-06-04T11:39:13] worker model initialized elapsed_s=0.156 worker=1
[2026-06-04T11:39:15] worker process initialized elapsed_s=1.595 worker=1
[2026-06-04T11:39:15] worker initialized elapsed_s=1.753 worker=1
[2026-06-04T11:39:15] manager constructed worker worker=1 workers=32
[2026-06-04T11:39:15] manager constructing worker worker=5 workers=32
[2026-06-04T11:39:15] worker model initialized elapsed_s=0.053 worker=5
[2026-06-04T11:39:15] worker process initialized elapsed_s=0.0 worker=5
[2026-06-04T11:39:15] worker initialized elapsed_s=0.054 worker=5
[2026-06-04T11:39:15] manager constructed worker worker=5 workers=32
[2026-06-04T11:39:15] manager constructing worker worker=10 workers=32
[2026-06-04T11:39:15] worker model initialized elapsed_s=0.051 worker=10
[2026-06-04T11:39:15] worker process initialized elapsed_s=0.0 worker=10
[2026-06-04T11:39:15] worker initialized elapsed_s=0.052 worker=10
[2026-06-04T11:39:15] manager constructed worker worker=10 workers=32
[2026-06-04T11:39:15] manager constructing worker worker=15 workers=32
[2026-06-04T11:39:15] worker model initialized elapsed_s=0.054 worker=15
[2026-06-04T11:39:15] worker process initialized elapsed_s=0.0 worker=15
[2026-06-04T11:39:15] worker initialized elapsed_s=0.055 worker=15
[2026-06-04T11:39:15] manager constructed worker worker=15 workers=32
[2026-06-04T11:39:16] manager constructing worker worker=20 workers=32
[2026-06-04T11:39:16] worker model initialized elapsed_s=0.054 worker=20
[2026-06-04T11:39:16] worker process initialized elapsed_s=0.001 worker=20
[2026-06-04T11:39:16] worker initialized elapsed_s=0.055 worker=20
[2026-06-04T11:39:16] manager constructed worker worker=20 workers=32
[2026-06-04T11:39:16] manager constructing worker worker=25 workers=32
[2026-06-04T11:39:16] worker model initialized elapsed_s=0.054 worker=25
[2026-06-04T11:39:16] worker process initialized elapsed_s=0.001 worker=25
[2026-06-04T11:39:16] worker initialized elapsed_s=0.055 worker=25
[2026-06-04T11:39:16] manager constructed worker worker=25 workers=32
[2026-06-04T11:39:16] manager constructing worker worker=30 workers=32
[2026-06-04T11:39:16] worker model initialized elapsed_s=0.051 worker=30
[2026-06-04T11:39:16] worker process initialized elapsed_s=0.0 worker=30
[2026-06-04T11:39:16] worker initialized elapsed_s=0.051 worker=30
[2026-06-04T11:39:16] manager constructed worker worker=30 workers=32
[2026-06-04T11:39:16] manager constructing worker worker=32 workers=32
[2026-06-04T11:39:16] worker model initialized elapsed_s=0.051 worker=32
[2026-06-04T11:39:16] worker process initialized elapsed_s=0.001 worker=32
[2026-06-04T11:39:16] worker initialized elapsed_s=0.052 worker=32
[2026-06-04T11:39:16] manager constructed worker worker=32 workers=32
[2026-06-04T11:39:16] manager constructed elapsed_s=16.431 workers=32
[2026-06-04T11:39:16] manager ready elapsed_s=18.102 workers=32
[2026-06-04T11:39:17] validation manager construction started workers=32
[2026-06-04T11:39:20] validation worker algorithm resolved elapsed_s=3.907
[2026-06-04T11:39:24] validation manager constructed elapsed_s=7.059 workers=32
[2026-06-04T11:39:24] validation manager ready elapsed_s=7.264 workers=32
[2026-06-04T11:39:24] epoch started epoch=0
[2026-06-04T11:39:24] epoch evaluation started epoch=0 samples=200
[2026-06-04T11:39:24] evaluation buffers cleared elapsed_s=0.065 samples=200
[2026-06-04T11:39:24] evaluation jobs built elapsed_s=0.0 jobs=50
[2026-06-04T11:39:24] evaluation manager run started jobs=50 workers=32
[2026-06-04T11:39:30] evaluation manager run finished elapsed_s=5.934 jobs=50
[2026-06-04T11:39:30] epoch evaluation finished elapsed_s=6.398 epoch=0 test_accuracy=0.115 test_loss=41.28
[2026-06-04T11:39:31] best checkpoint saved elapsed_s=0.701 epoch=0 best_accuracy=0.115 path=C:\Users\fenje\dev\InteractiveIsing.jl\ext\IsingLearning\experiments\MNIST\single-hidden-local-28x28-to-11x11-readout\experiments\current\20260604_r8_rescue_series\attempt_10_metropolis_s25_beta1p0_lr000025_b128_chunk4_seed2468_e200\r8\best_params.bin
[2026-06-04T11:39:31] latest checkpoint saved elapsed_s=0.005 epoch=0 path=C:\Users\fenje\dev\InteractiveIsing.jl\ext\IsingLearning\experiments\MNIST\single-hidden-local-28x28-to-11x11-readout\experiments\current\20260604_r8_rescue_series\attempt_10_metropolis_s25_beta1p0_lr000025_b128_chunk4_seed2468_e200\r8\latest_checkpoint.bin update_idx=0
(timestamp = "2026-06-04T11:39:31", epoch = 0, seconds = 0.0, train_accuracy = missing, train_loss = missing, skipped = missing, test_accuracy = 0.115, test_loss = 41.28f0, pred_counts = "31-27-41-6-17-14-16-23-19-6", best_accuracy = 0.115, best_path = "C:\\Users\\fenje\\dev\\InteractiveIsing.jl\\ext\\IsingLearning\\experiments\\MNIST\\single-hidden-local-28x28-to-11x11-readout\\experiments\\current\\20260604_r8_rescue_series\\attempt_10_metropolis_s25_beta1p0_lr000025_b128_chunk4_seed2468_e200\\r8\\best_params.bin", latest_path = "C:\\Users\\fenje\\dev\\InteractiveIsing.jl\\ext\\IsingLearning\\experiments\\MNIST\\single-hidden-local-28x28-to-11x11-readout\\experiments\\current\\20260604_r8_rescue_series\\attempt_10_metropolis_s25_beta1p0_lr000025_b128_chunk4_seed2468_e200\\r8\\latest_checkpoint.bin", final_path = "")
[2026-06-04T11:39:32] epoch finished elapsed_s=7.968 epoch=0
[2026-06-04T11:39:32] epoch started epoch=1
[2026-06-04T11:39:32] epoch training started epoch=1 batches=8 samples=1000
[2026-06-04T11:39:32] batch build started epoch=1 batch=1 batches=8 first=1 last=128
[2026-06-04T11:39:32] batch jobs built elapsed_s=0.0 epoch=1 batch=1 jobs=32
[2026-06-04T11:39:32] batch run started epoch=1 batch=1 jobs=32
[2026-06-04T11:39:32] minibatch buffers cleared elapsed_s=0.087 jobs=32
[2026-06-04T11:39:32] minibatch manager run started jobs=32 workers=32
[2026-06-04T11:39:39] minibatch manager run finished elapsed_s=6.842 jobs=32
[2026-06-04T11:39:40] minibatch optimizer update finished elapsed_s=0.49 nsamples=128 skipped=0
[2026-06-04T11:39:40] batch run finished elapsed_s=8.188 epoch=1 batch=1 nsamples=128 accuracy=0.0938 loss=40.7812 skipped=0
[2026-06-04T11:39:42] batch build started epoch=1 batch=5 batches=8 first=513 last=640
[2026-06-04T11:39:42] batch jobs built elapsed_s=0.0 epoch=1 batch=5 jobs=32
[2026-06-04T11:39:42] batch run started epoch=1 batch=5 jobs=32
[2026-06-04T11:39:42] minibatch buffers cleared elapsed_s=0.005 jobs=32
[2026-06-04T11:39:42] minibatch manager run started jobs=32 workers=32
[2026-06-04T11:39:43] minibatch manager run finished elapsed_s=0.766 jobs=32
[2026-06-04T11:39:43] minibatch optimizer update finished elapsed_s=0.003 nsamples=128 skipped=0
[2026-06-04T11:39:43] batch run finished elapsed_s=0.775 epoch=1 batch=5 nsamples=128 accuracy=0.0781 loss=39.4375 skipped=0
[2026-06-04T11:39:44] batch build started epoch=1 batch=8 batches=8 first=897 last=1000
[2026-06-04T11:39:44] batch jobs built elapsed_s=0.0 epoch=1 batch=8 jobs=26
[2026-06-04T11:39:44] batch run started epoch=1 batch=8 jobs=26
[2026-06-04T11:39:44] minibatch buffers cleared elapsed_s=0.004 jobs=26
[2026-06-04T11:39:44] minibatch manager run started jobs=26 workers=32
[2026-06-04T11:39:45] minibatch manager run finished elapsed_s=0.669 jobs=26
[2026-06-04T11:39:45] minibatch optimizer update finished elapsed_s=0.003 nsamples=104 skipped=0
[2026-06-04T11:39:45] batch run finished elapsed_s=0.677 epoch=1 batch=8 nsamples=104 accuracy=0.0865 loss=38.5385 skipped=0
[2026-06-04T11:39:45] epoch training finished epoch=1 elapsed_s=13.539 train_accuracy=0.091 train_loss=39.962 skipped=0
[2026-06-04T11:39:45] epoch evaluation started epoch=1 samples=200
[2026-06-04T11:39:45] evaluation buffers cleared elapsed_s=0.001 samples=200
[2026-06-04T11:39:45] evaluation jobs built elapsed_s=0.0 jobs=50
[2026-06-04T11:39:45] evaluation manager run started jobs=50 workers=32
[2026-06-04T11:39:46] evaluation manager run finished elapsed_s=0.566 jobs=50
[2026-06-04T11:39:46] epoch evaluation finished elapsed_s=0.567 epoch=1 test_accuracy=0.07 test_loss=35.65
[2026-06-04T11:39:46] latest checkpoint saved elapsed_s=0.005 epoch=1 path=C:\Users\fenje\dev\InteractiveIsing.jl\ext\IsingLearning\experiments\MNIST\single-hidden-local-28x28-to-11x11-readout\experiments\current\20260604_r8_rescue_series\attempt_10_metropolis_s25_beta1p0_lr000025_b128_chunk4_seed2468_e200\r8\latest_checkpoint.bin update_idx=8
(timestamp = "2026-06-04T11:39:46", epoch = 1, seconds = 13.5388173, train_accuracy = 0.091, train_loss = 39.962f0, skipped = 0, test_accuracy = 0.07, test_loss = 35.65f0, pred_counts = "69-31-26-14-15-12-8-12-9-4", best_accuracy = 0.115, best_path = "C:\\Users\\fenje\\dev\\InteractiveIsing.jl\\ext\\IsingLearning\\experiments\\MNIST\\single-hidden-local-28x28-to-11x11-readout\\experiments\\current\\20260604_r8_rescue_series\\attempt_10_metropolis_s25_beta1p0_lr000025_b128_chunk4_seed2468_e200\\r8\\best_params.bin", latest_path = "C:\\Users\\fenje\\dev\\InteractiveIsing.jl\\ext\\IsingLearning\\experiments\\MNIST\\single-hidden-local-28x28-to-11x11-readout\\experiments\\current\\20260604_r8_rescue_series\\attempt_10_metropolis_s25_beta1p0_lr000025_b128_chunk4_seed2468_e200\\r8\\latest_checkpoint.bin", final_path = "")
[2026-06-04T11:39:46] epoch finished elapsed_s=14.303 epoch=1
[2026-06-04T11:39:46] epoch started epoch=2
[2026-06-04T11:39:46] epoch training started epoch=2 batches=8 samples=1000
[2026-06-04T11:39:46] batch build started epoch=2 batch=1 batches=8 first=1 last=128
[2026-06-04T11:39:46] batch jobs built elapsed_s=0.0 epoch=2 batch=1 jobs=32
[2026-06-04T11:39:46] batch run started epoch=2 batch=1 jobs=32
[2026-06-04T11:39:46] minibatch buffers cleared elapsed_s=0.004 jobs=32
[2026-06-04T11:39:46] minibatch manager run started jobs=32 workers=32
[2026-06-04T11:39:47] minibatch manager run finished elapsed_s=0.755 jobs=32
[2026-06-04T11:39:47] minibatch optimizer update finished elapsed_s=0.003 nsamples=128 skipped=0
[2026-06-04T11:39:47] batch run finished elapsed_s=0.762 epoch=2 batch=1 nsamples=128 accuracy=0.0938 loss=38.0781 skipped=0
[2026-06-04T11:39:49] batch build started epoch=2 batch=5 batches=8 first=513 last=640
[2026-06-04T11:39:49] batch jobs built elapsed_s=0.0 epoch=2 batch=5 jobs=32
[2026-06-04T11:39:49] batch run started epoch=2 batch=5 jobs=32
[2026-06-04T11:39:49] minibatch buffers cleared elapsed_s=0.004 jobs=32
[2026-06-04T11:39:49] minibatch manager run started jobs=32 workers=32
[2026-06-04T11:39:50] minibatch manager run finished elapsed_s=0.76 jobs=32
[2026-06-04T11:39:50] minibatch optimizer update finished elapsed_s=0.003 nsamples=128 skipped=0
[2026-06-04T11:39:50] batch run finished elapsed_s=0.769 epoch=2 batch=5 nsamples=128 accuracy=0.0781 loss=36.7188 skipped=0
[2026-06-04T11:39:52] batch build started epoch=2 batch=8 batches=8 first=897 last=1000
[2026-06-04T11:39:52] batch jobs built elapsed_s=0.0 epoch=2 batch=8 jobs=26
[2026-06-04T11:39:52] batch run started epoch=2 batch=8 jobs=26
[2026-06-04T11:39:52] minibatch buffers cleared elapsed_s=0.005 jobs=26
[2026-06-04T11:39:52] minibatch manager run started jobs=26 workers=32
[2026-06-04T11:39:52] minibatch manager run finished elapsed_s=0.643 jobs=26
[2026-06-04T11:39:52] minibatch optimizer update finished elapsed_s=0.003 nsamples=104 skipped=0
[2026-06-04T11:39:52] batch run finished elapsed_s=0.652 epoch=2 batch=8 nsamples=104 accuracy=0.0865 loss=35.3269 skipped=0
[2026-06-04T11:39:52] epoch training finished epoch=2 elapsed_s=6.277 train_accuracy=0.091 train_loss=37.006 skipped=0
[2026-06-04T11:39:52] epoch evaluation started epoch=2 samples=200
[2026-06-04T11:39:52] evaluation buffers cleared elapsed_s=0.0 samples=200
[2026-06-04T11:39:52] evaluation jobs built elapsed_s=0.0 jobs=50
[2026-06-04T11:39:52] evaluation manager run started jobs=50 workers=32
[2026-06-04T11:39:53] evaluation manager run finished elapsed_s=0.761 jobs=50
[2026-06-04T11:39:53] epoch evaluation finished elapsed_s=0.761 epoch=2 test_accuracy=0.095 test_loss=25.91
[2026-06-04T11:39:53] latest checkpoint saved elapsed_s=0.004 epoch=2 path=C:\Users\fenje\dev\InteractiveIsing.jl\ext\IsingLearning\experiments\MNIST\single-hidden-local-28x28-to-11x11-readout\experiments\current\20260604_r8_rescue_series\attempt_10_metropolis_s25_beta1p0_lr000025_b128_chunk4_seed2468_e200\r8\latest_checkpoint.bin update_idx=16
(timestamp = "2026-06-04T11:39:53", epoch = 2, seconds = 6.2771056, train_accuracy = 0.091, train_loss = 37.006f0, skipped = 0, test_accuracy = 0.095, test_loss = 25.91f0, pred_counts = "66-24-13-11-19-16-22-8-16-5", best_accuracy = 0.115, best_path = "C:\\Users\\fenje\\dev\\InteractiveIsing.jl\\ext\\IsingLearning\\experiments\\MNIST\\single-hidden-local-28x28-to-11x11-readout\\experiments\\current\\20260604_r8_rescue_series\\attempt_10_metropolis_s25_beta1p0_lr000025_b128_chunk4_seed2468_e200\\r8\\best_params.bin", latest_path = "C:\\Users\\fenje\\dev\\InteractiveIsing.jl\\ext\\IsingLearning\\experiments\\MNIST\\single-hidden-local-28x28-to-11x11-readout\\experiments\\current\\20260604_r8_rescue_series\\attempt_10_metropolis_s25_beta1p0_lr000025_b128_chunk4_seed2468_e200\\r8\\latest_checkpoint.bin", final_path = "")
[2026-06-04T11:39:53] epoch finished elapsed_s=7.044 epoch=2
[2026-06-04T11:39:53] epoch started epoch=3
[2026-06-04T11:39:53] epoch training started epoch=3 batches=8 samples=1000
[2026-06-04T11:39:53] batch build started epoch=3 batch=1 batches=8 first=1 last=128
[2026-06-04T11:39:53] batch jobs built elapsed_s=0.0 epoch=3 batch=1 jobs=32
[2026-06-04T11:39:53] batch run started epoch=3 batch=1 jobs=32
[2026-06-04T11:39:53] minibatch buffers cleared elapsed_s=0.005 jobs=32
[2026-06-04T11:39:53] minibatch manager run started jobs=32 workers=32
[2026-06-04T11:39:54] minibatch manager run finished elapsed_s=0.762 jobs=32
[2026-06-04T11:39:54] minibatch optimizer update finished elapsed_s=0.003 nsamples=128 skipped=0
[2026-06-04T11:39:54] batch run finished elapsed_s=0.771 epoch=3 batch=1 nsamples=128 accuracy=0.1016 loss=34.5 skipped=0
[2026-06-04T11:39:56] batch build started epoch=3 batch=5 batches=8 first=513 last=640
[2026-06-04T11:39:56] batch jobs built elapsed_s=0.0 epoch=3 batch=5 jobs=32
[2026-06-04T11:39:56] batch run started epoch=3 batch=5 jobs=32
[2026-06-04T11:39:56] minibatch buffers cleared elapsed_s=0.004 jobs=32
[2026-06-04T11:39:56] minibatch manager run started jobs=32 workers=32
[2026-06-04T11:39:57] minibatch manager run finished elapsed_s=0.767 jobs=32
[2026-06-04T11:39:57] minibatch optimizer update finished elapsed_s=0.003 nsamples=128 skipped=0
[2026-06-04T11:39:57] batch run finished elapsed_s=0.775 epoch=3 batch=5 nsamples=128 accuracy=0.0781 loss=32.625 skipped=0
[2026-06-04T11:39:58] batch build started epoch=3 batch=8 batches=8 first=897 last=1000
[2026-06-04T11:39:58] batch jobs built elapsed_s=0.0 epoch=3 batch=8 jobs=26
[2026-06-04T11:39:58] batch run started epoch=3 batch=8 jobs=26
[2026-06-04T11:39:58] minibatch buffers cleared elapsed_s=0.004 jobs=26
[2026-06-04T11:39:58] minibatch manager run started jobs=26 workers=32
[2026-06-04T11:39:59] minibatch manager run finished elapsed_s=0.592 jobs=26
[2026-06-04T11:39:59] minibatch optimizer update finished elapsed_s=0.003 nsamples=104 skipped=0
[2026-06-04T11:39:59] batch run finished elapsed_s=0.601 epoch=3 batch=8 nsamples=104 accuracy=0.1442 loss=30.7692 skipped=0
[2026-06-04T11:39:59] epoch training finished epoch=3 elapsed_s=6.111 train_accuracy=0.097 train_loss=32.516 skipped=0
[2026-06-04T11:39:59] epoch evaluation started epoch=3 samples=200
[2026-06-04T11:39:59] evaluation buffers cleared elapsed_s=0.001 samples=200
[2026-06-04T11:39:59] evaluation jobs built elapsed_s=0.0 jobs=50
[2026-06-04T11:39:59] evaluation manager run started jobs=50 workers=32
[2026-06-04T11:40:00] evaluation manager run finished elapsed_s=0.702 jobs=50
[2026-06-04T11:40:00] epoch evaluation finished elapsed_s=0.704 epoch=3 test_accuracy=0.11 test_loss=17.71
[2026-06-04T11:40:00] manager closing
[2026-06-04T11:40:00] manager closed
