[2026-06-04T11:36:18] bootstrap script started elapsed_s=0.186
[2026-06-04T11:36:21] bootstrap Pkg loaded elapsed_s=3.028
[2026-06-04T11:36:21] bootstrap project activated elapsed_s=0.059
[2026-06-04T11:37:16] bootstrap dependencies loaded elapsed_s=54.874
[2026-06-04T11:37:25] run started name=r8 radius=8 epochs=200 workers=32 threads=32 outdir=C:\Users\fenje\dev\InteractiveIsing.jl\ext\IsingLearning\experiments\MNIST\single-hidden-local-28x28-to-11x11-readout\experiments\current\20260604_r8_rescue_series\attempt_09_metropolis_s25_beta1p5_lr000025_b128_chunk4_seed2468_e200\r8
[2026-06-04T11:37:25] run output initialized elapsed_s=0.001
[2026-06-04T11:37:26] training data loaded elapsed_s=1.34 samples=1000 per_class=100
[2026-06-04T11:37:26] test data loaded elapsed_s=0.148 samples=200 per_class=20
[2026-06-04T11:37:29] model graph shell initialized elapsed_s=2.593 states=1729
[2026-06-04T11:37:29] model connectivity masks built elapsed_s=0.024 input_hidden=163216 hidden_hidden=21904 hidden_output=4840
[2026-06-04T11:37:32] model J entries initialized elapsed_s=2.808 stored_entries=379920
[2026-06-04T11:37:32] model sparse edge layout built elapsed_s=0.291 trainable_entries=379920
[2026-06-04T11:37:32] model initialized elapsed_s=5.727 stored_entries=379920
[2026-06-04T11:37:32] source model ready elapsed_s=5.735
[2026-06-04T11:37:34] manager construction started workers=32
[2026-06-04T11:37:46] worker algorithm resolved elapsed_s=12.45
[2026-06-04T11:37:47] manager constructing worker worker=1 workers=32
[2026-06-04T11:37:47] worker model initialized elapsed_s=0.141 worker=1
[2026-06-04T11:37:49] worker process initialized elapsed_s=1.692 worker=1
[2026-06-04T11:37:49] worker initialized elapsed_s=1.837 worker=1
[2026-06-04T11:37:49] manager constructed worker worker=1 workers=32
[2026-06-04T11:37:49] manager constructing worker worker=5 workers=32
[2026-06-04T11:37:49] worker model initialized elapsed_s=0.065 worker=5
[2026-06-04T11:37:49] worker process initialized elapsed_s=0.001 worker=5
[2026-06-04T11:37:49] worker initialized elapsed_s=0.066 worker=5
[2026-06-04T11:37:49] manager constructed worker worker=5 workers=32
[2026-06-04T11:37:49] manager constructing worker worker=10 workers=32
[2026-06-04T11:37:49] worker model initialized elapsed_s=0.056 worker=10
[2026-06-04T11:37:49] worker process initialized elapsed_s=0.0 worker=10
[2026-06-04T11:37:49] worker initialized elapsed_s=0.057 worker=10
[2026-06-04T11:37:49] manager constructed worker worker=10 workers=32
[2026-06-04T11:37:50] manager constructing worker worker=15 workers=32
[2026-06-04T11:37:50] worker model initialized elapsed_s=0.058 worker=15
[2026-06-04T11:37:50] worker process initialized elapsed_s=0.0 worker=15
[2026-06-04T11:37:50] worker initialized elapsed_s=0.059 worker=15
[2026-06-04T11:37:50] manager constructed worker worker=15 workers=32
[2026-06-04T11:37:50] manager constructing worker worker=20 workers=32
[2026-06-04T11:37:50] worker model initialized elapsed_s=0.054 worker=20
[2026-06-04T11:37:50] worker process initialized elapsed_s=0.0 worker=20
[2026-06-04T11:37:50] worker initialized elapsed_s=0.055 worker=20
[2026-06-04T11:37:50] manager constructed worker worker=20 workers=32
[2026-06-04T11:37:50] manager constructing worker worker=25 workers=32
[2026-06-04T11:37:50] worker model initialized elapsed_s=0.056 worker=25
[2026-06-04T11:37:50] worker process initialized elapsed_s=0.001 worker=25
[2026-06-04T11:37:50] worker initialized elapsed_s=0.057 worker=25
[2026-06-04T11:37:50] manager constructed worker worker=25 workers=32
[2026-06-04T11:37:51] manager constructing worker worker=30 workers=32
[2026-06-04T11:37:51] worker model initialized elapsed_s=0.053 worker=30
[2026-06-04T11:37:51] worker process initialized elapsed_s=0.0 worker=30
[2026-06-04T11:37:51] worker initialized elapsed_s=0.054 worker=30
[2026-06-04T11:37:51] manager constructed worker worker=30 workers=32
[2026-06-04T11:37:51] manager constructing worker worker=32 workers=32
[2026-06-04T11:37:51] worker model initialized elapsed_s=0.053 worker=32
[2026-06-04T11:37:51] worker process initialized elapsed_s=0.0 worker=32
[2026-06-04T11:37:51] worker initialized elapsed_s=0.055 worker=32
[2026-06-04T11:37:51] manager constructed worker worker=32 workers=32
[2026-06-04T11:37:51] manager constructed elapsed_s=16.942 workers=32
[2026-06-04T11:37:51] manager ready elapsed_s=18.631 workers=32
[2026-06-04T11:37:51] validation manager construction started workers=32
[2026-06-04T11:37:55] validation worker algorithm resolved elapsed_s=4.041
[2026-06-04T11:37:59] validation manager constructed elapsed_s=7.675 workers=32
[2026-06-04T11:37:59] validation manager ready elapsed_s=7.882 workers=32
[2026-06-04T11:37:59] epoch started epoch=0
[2026-06-04T11:37:59] epoch evaluation started epoch=0 samples=200
[2026-06-04T11:37:59] evaluation buffers cleared elapsed_s=0.075 samples=200
[2026-06-04T11:37:59] evaluation jobs built elapsed_s=0.0 jobs=50
[2026-06-04T11:37:59] evaluation manager run started jobs=50 workers=32
[2026-06-04T11:38:06] evaluation manager run finished elapsed_s=6.49 jobs=50
[2026-06-04T11:38:06] epoch evaluation finished elapsed_s=7.174 epoch=0 test_accuracy=0.1 test_loss=41.02
[2026-06-04T11:38:07] best checkpoint saved elapsed_s=0.714 epoch=0 best_accuracy=0.1 path=C:\Users\fenje\dev\InteractiveIsing.jl\ext\IsingLearning\experiments\MNIST\single-hidden-local-28x28-to-11x11-readout\experiments\current\20260604_r8_rescue_series\attempt_09_metropolis_s25_beta1p5_lr000025_b128_chunk4_seed2468_e200\r8\best_params.bin
[2026-06-04T11:38:07] latest checkpoint saved elapsed_s=0.005 epoch=0 path=C:\Users\fenje\dev\InteractiveIsing.jl\ext\IsingLearning\experiments\MNIST\single-hidden-local-28x28-to-11x11-readout\experiments\current\20260604_r8_rescue_series\attempt_09_metropolis_s25_beta1p5_lr000025_b128_chunk4_seed2468_e200\r8\latest_checkpoint.bin update_idx=0
(timestamp = "2026-06-04T11:38:07", epoch = 0, seconds = 0.0, train_accuracy = missing, train_loss = missing, skipped = missing, test_accuracy = 0.1, test_loss = 41.02f0, pred_counts = "32-43-43-10-15-14-16-13-9-5", best_accuracy = 0.1, best_path = "C:\\Users\\fenje\\dev\\InteractiveIsing.jl\\ext\\IsingLearning\\experiments\\MNIST\\single-hidden-local-28x28-to-11x11-readout\\experiments\\current\\20260604_r8_rescue_series\\attempt_09_metropolis_s25_beta1p5_lr000025_b128_chunk4_seed2468_e200\\r8\\best_params.bin", latest_path = "C:\\Users\\fenje\\dev\\InteractiveIsing.jl\\ext\\IsingLearning\\experiments\\MNIST\\single-hidden-local-28x28-to-11x11-readout\\experiments\\current\\20260604_r8_rescue_series\\attempt_09_metropolis_s25_beta1p5_lr000025_b128_chunk4_seed2468_e200\\r8\\latest_checkpoint.bin", final_path = "")
[2026-06-04T11:38:07] epoch finished elapsed_s=8.806 epoch=0
[2026-06-04T11:38:07] epoch started epoch=1
[2026-06-04T11:38:07] epoch training started epoch=1 batches=8 samples=1000
[2026-06-04T11:38:07] batch build started epoch=1 batch=1 batches=8 first=1 last=128
[2026-06-04T11:38:07] batch jobs built elapsed_s=0.0 epoch=1 batch=1 jobs=32
[2026-06-04T11:38:07] batch run started epoch=1 batch=1 jobs=32
[2026-06-04T11:38:08] minibatch buffers cleared elapsed_s=0.083 jobs=32
[2026-06-04T11:38:08] minibatch manager run started jobs=32 workers=32
[2026-06-04T11:38:16] minibatch manager run finished elapsed_s=7.247 jobs=32
[2026-06-04T11:38:16] minibatch optimizer update finished elapsed_s=0.481 nsamples=128 skipped=0
[2026-06-04T11:38:16] batch run finished elapsed_s=8.644 epoch=1 batch=1 nsamples=128 accuracy=0.0938 loss=40.3906 skipped=0
[2026-06-04T11:38:18] batch build started epoch=1 batch=5 batches=8 first=513 last=640
[2026-06-04T11:38:18] batch jobs built elapsed_s=0.0 epoch=1 batch=5 jobs=32
[2026-06-04T11:38:18] batch run started epoch=1 batch=5 jobs=32
[2026-06-04T11:38:18] minibatch buffers cleared elapsed_s=0.005 jobs=32
[2026-06-04T11:38:18] minibatch manager run started jobs=32 workers=32
[2026-06-04T11:38:19] minibatch manager run finished elapsed_s=0.787 jobs=32
[2026-06-04T11:38:19] minibatch optimizer update finished elapsed_s=0.003 nsamples=128 skipped=0
[2026-06-04T11:38:19] batch run finished elapsed_s=0.795 epoch=1 batch=5 nsamples=128 accuracy=0.1016 loss=39.8594 skipped=0
[2026-06-04T11:38:21] batch build started epoch=1 batch=8 batches=8 first=897 last=1000
[2026-06-04T11:38:21] batch jobs built elapsed_s=0.0 epoch=1 batch=8 jobs=26
[2026-06-04T11:38:21] batch run started epoch=1 batch=8 jobs=26
[2026-06-04T11:38:21] minibatch buffers cleared elapsed_s=0.005 jobs=26
[2026-06-04T11:38:21] minibatch manager run started jobs=26 workers=32
[2026-06-04T11:38:22] minibatch manager run finished elapsed_s=0.682 jobs=26
[2026-06-04T11:38:22] minibatch optimizer update finished elapsed_s=0.003 nsamples=104 skipped=0
[2026-06-04T11:38:22] batch run finished elapsed_s=0.691 epoch=1 batch=8 nsamples=104 accuracy=0.0769 loss=38.8654 skipped=0
[2026-06-04T11:38:22] epoch training finished epoch=1 elapsed_s=14.081 train_accuracy=0.095 train_loss=40.224 skipped=0
[2026-06-04T11:38:22] epoch evaluation started epoch=1 samples=200
[2026-06-04T11:38:22] evaluation buffers cleared elapsed_s=0.0 samples=200
[2026-06-04T11:38:22] evaluation jobs built elapsed_s=0.0 jobs=50
[2026-06-04T11:38:22] evaluation manager run started jobs=50 workers=32
[2026-06-04T11:38:22] evaluation manager run finished elapsed_s=0.617 jobs=50
[2026-06-04T11:38:22] epoch evaluation finished elapsed_s=0.618 epoch=1 test_accuracy=0.1 test_loss=34.88
[2026-06-04T11:38:22] latest checkpoint saved elapsed_s=0.004 epoch=1 path=C:\Users\fenje\dev\InteractiveIsing.jl\ext\IsingLearning\experiments\MNIST\single-hidden-local-28x28-to-11x11-readout\experiments\current\20260604_r8_rescue_series\attempt_09_metropolis_s25_beta1p5_lr000025_b128_chunk4_seed2468_e200\r8\latest_checkpoint.bin update_idx=8
(timestamp = "2026-06-04T11:38:22", epoch = 1, seconds = 14.081455, train_accuracy = 0.095, train_loss = 40.224f0, skipped = 0, test_accuracy = 0.1, test_loss = 34.88f0, pred_counts = "66-25-18-8-11-14-14-16-24-4", best_accuracy = 0.1, best_path = "C:\\Users\\fenje\\dev\\InteractiveIsing.jl\\ext\\IsingLearning\\experiments\\MNIST\\single-hidden-local-28x28-to-11x11-readout\\experiments\\current\\20260604_r8_rescue_series\\attempt_09_metropolis_s25_beta1p5_lr000025_b128_chunk4_seed2468_e200\\r8\\best_params.bin", latest_path = "C:\\Users\\fenje\\dev\\InteractiveIsing.jl\\ext\\IsingLearning\\experiments\\MNIST\\single-hidden-local-28x28-to-11x11-readout\\experiments\\current\\20260604_r8_rescue_series\\attempt_09_metropolis_s25_beta1p5_lr000025_b128_chunk4_seed2468_e200\\r8\\latest_checkpoint.bin", final_path = "")
[2026-06-04T11:38:22] epoch finished elapsed_s=14.9 epoch=1
[2026-06-04T11:38:22] epoch started epoch=2
[2026-06-04T11:38:22] epoch training started epoch=2 batches=8 samples=1000
[2026-06-04T11:38:22] batch build started epoch=2 batch=1 batches=8 first=1 last=128
[2026-06-04T11:38:22] batch jobs built elapsed_s=0.0 epoch=2 batch=1 jobs=32
[2026-06-04T11:38:22] batch run started epoch=2 batch=1 jobs=32
[2026-06-04T11:38:22] minibatch buffers cleared elapsed_s=0.005 jobs=32
[2026-06-04T11:38:22] minibatch manager run started jobs=32 workers=32
[2026-06-04T11:38:23] minibatch manager run finished elapsed_s=0.771 jobs=32
[2026-06-04T11:38:23] minibatch optimizer update finished elapsed_s=0.02 nsamples=128 skipped=0
[2026-06-04T11:38:23] batch run finished elapsed_s=0.796 epoch=2 batch=1 nsamples=128 accuracy=0.1172 loss=38.4688 skipped=0
[2026-06-04T11:38:26] batch build started epoch=2 batch=5 batches=8 first=513 last=640
[2026-06-04T11:38:26] batch jobs built elapsed_s=0.0 epoch=2 batch=5 jobs=32
[2026-06-04T11:38:26] batch run started epoch=2 batch=5 jobs=32
[2026-06-04T11:38:26] minibatch buffers cleared elapsed_s=0.004 jobs=32
[2026-06-04T11:38:26] minibatch manager run started jobs=32 workers=32
[2026-06-04T11:38:26] minibatch manager run finished elapsed_s=0.8 jobs=32
[2026-06-04T11:38:26] minibatch optimizer update finished elapsed_s=0.018 nsamples=128 skipped=0
[2026-06-04T11:38:26] batch run finished elapsed_s=0.823 epoch=2 batch=5 nsamples=128 accuracy=0.1172 loss=37.125 skipped=0
[2026-06-04T11:38:28] batch build started epoch=2 batch=8 batches=8 first=897 last=1000
[2026-06-04T11:38:28] batch jobs built elapsed_s=0.0 epoch=2 batch=8 jobs=26
[2026-06-04T11:38:28] batch run started epoch=2 batch=8 jobs=26
[2026-06-04T11:38:28] minibatch buffers cleared elapsed_s=0.004 jobs=26
[2026-06-04T11:38:28] minibatch manager run started jobs=26 workers=32
[2026-06-04T11:38:29] minibatch manager run finished elapsed_s=0.653 jobs=26
[2026-06-04T11:38:29] minibatch optimizer update finished elapsed_s=0.003 nsamples=104 skipped=0
[2026-06-04T11:38:29] batch run finished elapsed_s=0.662 epoch=2 batch=8 nsamples=104 accuracy=0.0865 loss=35.4615 skipped=0
[2026-06-04T11:38:29] epoch training finished epoch=2 elapsed_s=6.331 train_accuracy=0.092 train_loss=37.558 skipped=0
[2026-06-04T11:38:29] epoch evaluation started epoch=2 samples=200
[2026-06-04T11:38:29] evaluation buffers cleared elapsed_s=0.0 samples=200
[2026-06-04T11:38:29] evaluation jobs built elapsed_s=0.0 jobs=50
[2026-06-04T11:38:29] evaluation manager run started jobs=50 workers=32
[2026-06-04T11:38:29] evaluation manager run finished elapsed_s=0.7 jobs=50
[2026-06-04T11:38:29] epoch evaluation finished elapsed_s=0.7 epoch=2 test_accuracy=0.115 test_loss=26.57
[2026-06-04T11:38:29] manager closing
[2026-06-04T11:38:29] manager closed
