[bootstrap] activated project
[bootstrap] loaded packages
building MNIST 784-120-40 layer
loading training split
training samples: 12800 (100 batches/epoch)
loading train-eval split
train-eval samples: 1000
loading test split
test samples: 1000
constructing 32-worker softplus-margin nudge Adam manager
constructing 32-worker validation manager
starting epochs
epoch 0 train-eval: evaluating 1000 samples
epoch 0 train accuracy 0.071 loss 74.603256
epoch 0 evaluating
epoch 0 test: evaluating 1000 samples
epoch 0 test accuracy 0.07 loss 73.984207 best 0.07
(timestamp = "2026-06-09T17:18:08", epoch = 0, seconds = 0.0, train_accuracy = 0.071, train_loss = 74.60326f0, test_accuracy = 0.07, test_loss = 73.98421f0, pred_counts = "44-170-70-67-76-65-90-243-91-84", w_norm = 0.48583895f0, b_norm = 0.0f0, w_input_norm = 1.5314544f0, grad_w_norm = 0.0f0, grad_b_norm = 0.0f0, grad_w_input_norm = 0.0f0, symmetry_error = 0.0f0, grad_symmetry_error = 0.0f0, best_accuracy = 0.07, best_path = "ext\\IsingLearning\\experiments\\MNIST\\baseline_new_nudge\\experiments\\current\\scout_grid_lowbeta_lowtemp_wd1e4_20260609\\b0p2_T0p00005_wd1e4_lr0p0015_e12_pc1280\\best_checkpoint.bin", final_path = "")
epoch 1 training
epoch 1 batch 1/100 samples 128/12800 elapsed 8.1s
epoch 1 batch 25/100 samples 3200/12800 elapsed 16.7s
epoch 1 batch 50/100 samples 6400/12800 elapsed 25.4s
epoch 1 batch 75/100 samples 9600/12800 elapsed 34.1s
epoch 1 batch 100/100 samples 12800/12800 elapsed 42.8s
epoch 1 training done in 42.782s
epoch 1 train-eval: evaluating 1000 samples
epoch 1 train accuracy 0.463 loss 26.176655
epoch 1 evaluating
epoch 1 test: evaluating 1000 samples
epoch 1 test accuracy 0.456 loss 26.44063 best 0.456
(timestamp = "2026-06-09T17:18:55", epoch = 1, seconds = 42.7823946, train_accuracy = 0.463, train_loss = 26.176655f0, test_accuracy = 0.456, test_loss = 26.44063f0, pred_counts = "79-62-91-142-132-149-80-115-0-150", w_norm = 1.9662304f0, b_norm = 0.111477226f0, w_input_norm = 3.7124534f0, grad_w_norm = 4.42531f0, grad_b_norm = 0.7376623f0, grad_w_input_norm = 5.0813603f0, symmetry_error = 0.0f0, grad_symmetry_error = 0.0f0, best_accuracy = 0.456, best_path = "ext\\IsingLearning\\experiments\\MNIST\\baseline_new_nudge\\experiments\\current\\scout_grid_lowbeta_lowtemp_wd1e4_20260609\\b0p2_T0p00005_wd1e4_lr0p0015_e12_pc1280\\best_checkpoint.bin", final_path = "")
epoch 2 training
epoch 2 batch 1/100 samples 128/12800 elapsed 0.4s
epoch 2 batch 25/100 samples 3200/12800 elapsed 9.4s
epoch 2 batch 50/100 samples 6400/12800 elapsed 19.0s
epoch 2 batch 75/100 samples 9600/12800 elapsed 29.3s
epoch 2 batch 100/100 samples 12800/12800 elapsed 39.2s
epoch 2 training done in 39.168s
epoch 2 train-eval: evaluating 1000 samples
epoch 2 train accuracy 0.493 loss 26.139786
epoch 2 evaluating
epoch 2 test: evaluating 1000 samples
epoch 2 test accuracy 0.483 loss 26.300739 best 0.483
(timestamp = "2026-06-09T17:19:38", epoch = 2, seconds = 39.1675528, train_accuracy = 0.493, train_loss = 26.139786f0, test_accuracy = 0.483, test_loss = 26.30074f0, pred_counts = "99-67-98-119-138-119-74-150-0-136", w_norm = 2.3113534f0, b_norm = 0.12977254f0, w_input_norm = 4.5047126f0, grad_w_norm = 0.27820975f0, grad_b_norm = 0.051054347f0, grad_w_input_norm = 0.4437065f0, symmetry_error = 0.0f0, grad_symmetry_error = 0.0f0, best_accuracy = 0.483, best_path = "ext\\IsingLearning\\experiments\\MNIST\\baseline_new_nudge\\experiments\\current\\scout_grid_lowbeta_lowtemp_wd1e4_20260609\\b0p2_T0p00005_wd1e4_lr0p0015_e12_pc1280\\best_checkpoint.bin", final_path = "")
epoch 3 training
epoch 3 batch 1/100 samples 128/12800 elapsed 0.4s
epoch 3 batch 25/100 samples 3200/12800 elapsed 11.0s
epoch 3 batch 50/100 samples 6400/12800 elapsed 22.1s
epoch 3 batch 75/100 samples 9600/12800 elapsed 32.7s
epoch 3 batch 100/100 samples 12800/12800 elapsed 43.2s
epoch 3 training done in 43.188s
epoch 3 train-eval: evaluating 1000 samples
epoch 3 train accuracy 0.439 loss 28.332996
epoch 3 evaluating
epoch 3 test: evaluating 1000 samples
epoch 3 test accuracy 0.43 loss 29.581364 best 0.483
(timestamp = "2026-06-09T17:20:25", epoch = 3, seconds = 43.1880592, train_accuracy = 0.439, train_loss = 28.332996f0, test_accuracy = 0.43, test_loss = 29.581364f0, pred_counts = "75-48-61-168-129-184-78-125-0-132", w_norm = 2.5953033f0, b_norm = 0.14606987f0, w_input_norm = 4.9825044f0, grad_w_norm = 2.8846834f0, grad_b_norm = 0.5177707f0, grad_w_input_norm = 3.9821281f0, symmetry_error = 0.0f0, grad_symmetry_error = 0.0f0, best_accuracy = 0.483, best_path = "ext\\IsingLearning\\experiments\\MNIST\\baseline_new_nudge\\experiments\\current\\scout_grid_lowbeta_lowtemp_wd1e4_20260609\\b0p2_T0p00005_wd1e4_lr0p0015_e12_pc1280\\best_checkpoint.bin", final_path = "")
epoch 4 training
epoch 4 batch 1/100 samples 128/12800 elapsed 0.5s
epoch 4 batch 25/100 samples 3200/12800 elapsed 10.6s
epoch 4 batch 50/100 samples 6400/12800 elapsed 20.6s
epoch 4 batch 75/100 samples 9600/12800 elapsed 30.7s
epoch 4 batch 100/100 samples 12800/12800 elapsed 40.3s
epoch 4 training done in 40.26s
epoch 4 train-eval: evaluating 1000 samples
epoch 4 train accuracy 0.435 loss 30.472334
epoch 4 evaluating
epoch 4 test: evaluating 1000 samples
epoch 4 test accuracy 0.41 loss 30.53182 best 0.483
epoch 4 early stop: test accuracy declined for 2 consecutive evaluated epochs
(timestamp = "2026-06-09T17:21:08", epoch = 4, seconds = 40.2595969, train_accuracy = 0.435, train_loss = 30.472334f0, test_accuracy = 0.41, test_loss = 30.53182f0, pred_counts = "71-52-69-114-181-120-92-153-1-147", w_norm = 2.9031303f0, b_norm = 0.16390653f0, w_input_norm = 5.3827004f0, grad_w_norm = 3.0322993f0, grad_b_norm = 0.47816488f0, grad_w_input_norm = 2.733855f0, symmetry_error = 0.0f0, grad_symmetry_error = 0.0f0, best_accuracy = 0.483, best_path = "ext\\IsingLearning\\experiments\\MNIST\\baseline_new_nudge\\experiments\\current\\scout_grid_lowbeta_lowtemp_wd1e4_20260609\\b0p2_T0p00005_wd1e4_lr0p0015_e12_pc1280\\best_checkpoint.bin", final_path = "")
saved MNIST 784-120-40 softplus-margin nudge baseline in ext\IsingLearning\experiments\MNIST\baseline_new_nudge\experiments\current\scout_grid_lowbeta_lowtemp_wd1e4_20260609\b0p2_T0p00005_wd1e4_lr0p0015_e12_pc1280
