  Activating project at `C:\Users\fenje\dev\InteractiveIsing.jl\ext\IsingLearning`
[bootstrap] activated project
[bootstrap] loaded packages
┌ Warning: this run uses a subsampled balanced training split, so it is not the full balanced MNIST baseline
│   train_per_class = 64
└ @ Main C:\Users\fenje\dev\InteractiveIsing.jl\ext\IsingLearning\experiments\MNIST\baseline_new_nudge\mnist_784_120_40_softplus_margin_nudge_adam.jl:1478
┌ Warning: this run uses a subsampled balanced test split, so reported accuracy will be noisy
│   test_per_class = 10
└ @ Main C:\Users\fenje\dev\InteractiveIsing.jl\ext\IsingLearning\experiments\MNIST\baseline_new_nudge\mnist_784_120_40_softplus_margin_nudge_adam.jl:1479
building MNIST 784-120-40 layer
loading training split
training samples: 640 (5 batches/epoch)
loading train-eval split
train-eval samples: 0
loading test split
test samples: 100
constructing 32-worker softplus-margin nudge Adam manager
constructing 32-worker validation manager
starting epochs
epoch 0 evaluating
epoch 0 test: evaluating 100 samples
(timestamp = "2026-06-09T15:51:31", epoch = 0, seconds = 0.0, train_accuracy = missing, train_loss = missing, test_accuracy = 0.1, test_loss = 71.500404f0, pred_counts = "4-15-8-9-12-7-4-23-10-8", w_norm = 0.48583895f0, b_norm = 0.0f0, w_input_norm = 1.5314544f0, grad_w_norm = 0.0f0, grad_b_norm = 0.0f0, grad_w_input_norm = 0.0f0, symmetry_error = 0.0f0, grad_symmetry_error = 0.0f0, best_accuracy = 0.1, best_path = "ext/IsingLearning/experiments/MNIST/baseline_new_nudge/experiments/current/diagnostic_beta1_lr0015_5fullbatches_20260609\\best_checkpoint.bin", final_path = "")
epoch 1 training
epoch 1 batch 1/5 samples 128/640 elapsed 7.0s

epoch 1  40%|██████████████████                         |  ETA: 0:00:11[K
     batch: 2/5[K
   samples: 256/640[K
[A
epoch 1 batch 2/5 samples 256/640 elapsed 7.5s
epoch 1 batch 3/5 samples 384/640 elapsed 7.9s
epoch 1 batch 4/5 samples 512/640 elapsed 8.2s
[A


[K[A
[K[A
epoch 1 100%|███████████████████████████████████████████| Time: 0:00:08[K
     batch: 5/5[K
   samples: 640/640[K
epoch 1 batch 5/5 samples 640/640 elapsed 8.5s
epoch 1 training done in 8.541s
epoch 1 evaluating
epoch 1 test: evaluating 100 samples
(timestamp = "2026-06-09T15:51:41", epoch = 1, seconds = 8.5410226, train_accuracy = missing, train_loss = missing, test_accuracy = 0.24, test_loss = 15.164376f0, pred_counts = "13-12-10-14-10-7-14-9-7-4", w_norm = 0.63197726f0, b_norm = 0.048508227f0, w_input_norm = 1.8953089f0, grad_w_norm = 3.3432355f0, grad_b_norm = 0.40420642f0, grad_w_input_norm = 3.2738364f0, symmetry_error = 0.0f0, grad_symmetry_error = 0.0f0, best_accuracy = 0.24, best_path = "ext/IsingLearning/experiments/MNIST/baseline_new_nudge/experiments/current/diagnostic_beta1_lr0015_5fullbatches_20260609\\best_checkpoint.bin", final_path = "ext/IsingLearning/experiments/MNIST/baseline_new_nudge/experiments/current/diagnostic_beta1_lr0015_5fullbatches_20260609\\final_checkpoint.bin")
saved MNIST 784-120-40 softplus-margin nudge baseline in ext/IsingLearning/experiments/MNIST/baseline_new_nudge/experiments/current/diagnostic_beta1_lr0015_5fullbatches_20260609
