  Activating project at `~/Documents/GitHub/InteractiveIsing.jl/ext/IsingLearning`
┌ Warning: Overlapping GeneralState field names encountered during merge; later defaults will override earlier ones.
│   overlapping_fields =
│    2-element Vector{Symbol}:
│     :equilibrium_state
│     :x
└ @ IsingLearning.InteractiveIsing.Processes ~/Documents/GitHub/InteractiveIsing.jl/deps/Processes/src/Widgets/GeneralState.jl:54
┌ Warning: Overlapping GeneralState field names encountered during merge; later defaults will override earlier ones.
│   overlapping_fields =
│    3-element Vector{Symbol}:
│     :equilibrium_state
│     :y
│     :x
└ @ IsingLearning.InteractiveIsing.Processes ~/Documents/GitHub/InteractiveIsing.jl/deps/Processes/src/Widgets/GeneralState.jl:54
Running 2-input statistical XOR EP: (epochs = 1500, log_every = 150, minit = 4, eval_repeats = 32, hidden = 16, beta = 1.0, lr = 0.03, weight_decay = 0.0, temp = 0.001, stepsize = 0.1, block_size = 8, free_relaxation = 1000, nudged_relaxation = 1000, state = :continuous, dynamics = :langevin, init_mode = :zero, training_rule = :ep, target_free_sign = :target_minus_free)
epoch=0 mse=1.65703 acc=0.5
    case=(false, false) input=[-1.0, -1.0] target=[1.0, -1.0] mean=[-0.409, 0.9229] std=0.47154
    case=(false, true) input=[-1.0, 1.0] target=[-1.0, 1.0] mean=[-0.9557, -0.9586] std=0.02799
    case=(true, false) input=[1.0, -1.0] target=[-1.0, 1.0] mean=[0.9293, 0.9534] std=0.04482
    case=(true, true) input=[1.0, 1.0] target=[1.0, -1.0] mean=[0.9146, -0.9401] std=0.10064
epoch=1 mse=1.570991 acc=0.5 grad=1.454215 response=0.520958 delta=0.362264
epoch=150 mse=1.606299 acc=0.5 grad=1.238692 response=0.574096 delta=2.889851
epoch=300 mse=1.103334 acc=0.75 grad=1.044826 response=0.583094 delta=2.983707
epoch=450 mse=0.930036 acc=0.75 grad=1.07954 response=0.459911 delta=4.020469
epoch=600 mse=0.835058 acc=0.75 grad=1.112292 response=0.484509 delta=5.069044
epoch=750 mse=1.496467 acc=0.5 grad=1.001517 response=0.502101 delta=6.371656
epoch=900 mse=1.548794 acc=0.5 grad=1.034411 response=0.506665 delta=6.659735
epoch=1050 mse=1.440159 acc=0.5 grad=1.13933 response=0.502287 delta=6.730289
epoch=1200 mse=1.473713 acc=0.5 grad=1.159785 response=0.498007 delta=6.777896
epoch=1350 mse=1.399498 acc=0.5 grad=0.891936 response=0.506803 delta=6.799406
epoch=1500 mse=1.517262 acc=0.5 grad=0.942227 response=0.508264 delta=6.967765
restored best mse=0.895608 acc=0.75
    case=(false, false) input=[-1.0, -1.0] target=[1.0, -1.0] mean=[-0.7267, 0.8489] std=0.13848
    case=(false, true) input=[-1.0, 1.0] target=[-1.0, 1.0] mean=[-0.6545, 0.8338] std=0.14713
    case=(true, false) input=[1.0, -1.0] target=[-1.0, 1.0] mean=[-0.6463, 0.8221] std=0.16309
    case=(true, true) input=[1.0, 1.0] target=[1.0, -1.0] mean=[0.6424, -0.4229] std=0.66282
Saved CSV: ext/IsingLearning/runs/xor_2input_langevin_highlr_currentpath_20260510_025346/lr003/xor_statistical_ep_2input.csv
Saved plot: ext/IsingLearning/runs/xor_2input_langevin_highlr_currentpath_20260510_025346/lr003/xor_statistical_ep_2input.png
Saved graph: ext/IsingLearning/runs/xor_2input_langevin_highlr_currentpath_20260510_025346/lr003/xor_statistical_ep_2input_trained_graph.jld2
