[bootstrap] activated project
[bootstrap] loaded packages
building MNIST 784-120-40 layer
loading training split
training samples: 12800 (100 batches/epoch)
loading train-eval split
train-eval samples: 1000
loading test split
test samples: 1000
constructing 32-worker softplus-margin nudge Adam manager
constructing 32-worker validation manager
starting epochs
epoch 0 train-eval: evaluating 1000 samples
epoch 0 train accuracy 0.074 loss 74.336548
epoch 0 evaluating
epoch 0 test: evaluating 1000 samples
epoch 0 test accuracy 0.074 loss 74.010315 best 0.074
(timestamp = "2026-06-09T18:06:37", epoch = 0, seconds = 0.0, train_accuracy = 0.074, train_loss = 74.33655f0, test_accuracy = 0.074, test_loss = 74.010315f0, pred_counts = "41-161-84-71-87-47-93-235-90-91", w_norm = 0.48583895f0, b_norm = 0.0f0, w_input_norm = 1.5314544f0, grad_w_norm = 0.0f0, grad_b_norm = 0.0f0, grad_w_input_norm = 0.0f0, effective_w_decay = 0.0001f0, effective_w_input_decay = 0.0001f0, symmetry_error = 0.0f0, grad_symmetry_error = 0.0f0, best_accuracy = 0.074, best_path = "ext\\IsingLearning\\experiments\\MNIST\\baseline_new_nudge\\experiments\\current\\focus_grid_weight_decay_20260609\\b0p2_T0p00005_wd0p0001_adaptivetrue\\best_checkpoint.bin", final_path = "")
epoch 1 training
epoch 1 batch 1/100 samples 128/12800 elapsed 7.3s
epoch 1 batch 25/100 samples 3200/12800 elapsed 16.4s
epoch 1 batch 50/100 samples 6400/12800 elapsed 25.5s
epoch 1 batch 75/100 samples 9600/12800 elapsed 35.4s
epoch 1 batch 100/100 samples 12800/12800 elapsed 45.5s
epoch 1 training done in 45.5s
epoch 1 train-eval: evaluating 1000 samples
epoch 1 train accuracy 0.443 loss 29.366636
epoch 1 evaluating
epoch 1 test: evaluating 1000 samples
epoch 1 test accuracy 0.476 loss 28.550774 best 0.476
(timestamp = "2026-06-09T18:07:28", epoch = 1, seconds = 45.4998773, train_accuracy = 0.443, train_loss = 29.366636f0, test_accuracy = 0.476, test_loss = 28.550774f0, pred_counts = "103-60-77-80-146-137-77-151-0-169", w_norm = 2.0537286f0, b_norm = 0.1083901f0, w_input_norm = 3.8041975f0, grad_w_norm = 3.8720803f0, grad_b_norm = 0.7135144f0, grad_w_input_norm = 4.798237f0, effective_w_decay = 0.00020572025f0, effective_w_input_decay = 0.0001f0, symmetry_error = 0.0f0, grad_symmetry_error = 0.0f0, best_accuracy = 0.476, best_path = "ext\\IsingLearning\\experiments\\MNIST\\baseline_new_nudge\\experiments\\current\\focus_grid_weight_decay_20260609\\b0p2_T0p00005_wd0p0001_adaptivetrue\\best_checkpoint.bin", final_path = "")
epoch 2 training
epoch 2 batch 1/100 samples 128/12800 elapsed 0.4s
epoch 2 batch 25/100 samples 3200/12800 elapsed 10.2s
epoch 2 batch 50/100 samples 6400/12800 elapsed 20.8s
epoch 2 batch 75/100 samples 9600/12800 elapsed 31.1s
epoch 2 batch 100/100 samples 12800/12800 elapsed 41.2s
epoch 2 training done in 41.157s
epoch 2 train-eval: evaluating 1000 samples
epoch 2 train accuracy 0.488 loss 26.802399
epoch 2 evaluating
epoch 2 test: evaluating 1000 samples
epoch 2 test accuracy 0.508 loss 26.561821 best 0.508
(timestamp = "2026-06-09T18:08:12", epoch = 2, seconds = 41.1570655, train_accuracy = 0.488, train_loss = 26.802399f0, test_accuracy = 0.508, test_loss = 26.561821f0, pred_counts = "107-78-71-72-129-109-72-119-120-123", w_norm = 2.4931147f0, b_norm = 0.13351896f0, w_input_norm = 4.679713f0, grad_w_norm = 1.7063226f0, grad_b_norm = 0.22497854f0, grad_w_input_norm = 2.1942356f0, effective_w_decay = 0.00038879784f0, effective_w_input_decay = 0.0001f0, symmetry_error = 0.0f0, grad_symmetry_error = 0.0f0, best_accuracy = 0.508, best_path = "ext\\IsingLearning\\experiments\\MNIST\\baseline_new_nudge\\experiments\\current\\focus_grid_weight_decay_20260609\\b0p2_T0p00005_wd0p0001_adaptivetrue\\best_checkpoint.bin", final_path = "")
epoch 3 training
epoch 3 batch 1/100 samples 128/12800 elapsed 0.4s
epoch 3 batch 25/100 samples 3200/12800 elapsed 10.2s
epoch 3 batch 50/100 samples 6400/12800 elapsed 20.4s
epoch 3 batch 75/100 samples 9600/12800 elapsed 30.6s
epoch 3 batch 100/100 samples 12800/12800 elapsed 41.4s
epoch 3 training done in 41.385s
epoch 3 train-eval: evaluating 1000 samples
epoch 3 train accuracy 0.392 loss 33.496159
epoch 3 evaluating
epoch 3 test: evaluating 1000 samples
epoch 3 test accuracy 0.4 loss 33.58588 best 0.508
(timestamp = "2026-06-09T18:08:57", epoch = 3, seconds = 41.3848151, train_accuracy = 0.392, train_loss = 33.49616f0, test_accuracy = 0.4, test_loss = 33.58588f0, pred_counts = "69-46-62-92-132-134-46-128-145-146", w_norm = 2.785648f0, b_norm = 0.14285263f0, w_input_norm = 5.201118f0, grad_w_norm = 2.8483093f0, grad_b_norm = 0.55716044f0, grad_w_input_norm = 4.076114f0, effective_w_decay = 0.0005106867f0, effective_w_input_decay = 0.0001301677f0, symmetry_error = 0.0f0, grad_symmetry_error = 0.0f0, best_accuracy = 0.508, best_path = "ext\\IsingLearning\\experiments\\MNIST\\baseline_new_nudge\\experiments\\current\\focus_grid_weight_decay_20260609\\b0p2_T0p00005_wd0p0001_adaptivetrue\\best_checkpoint.bin", final_path = "")
epoch 4 training
epoch 4 batch 1/100 samples 128/12800 elapsed 0.5s
epoch 4 batch 25/100 samples 3200/12800 elapsed 11.7s
epoch 4 batch 50/100 samples 6400/12800 elapsed 22.3s
epoch 4 batch 75/100 samples 9600/12800 elapsed 32.8s
epoch 4 batch 100/100 samples 12800/12800 elapsed 42.9s
epoch 4 training done in 42.9s
epoch 4 train-eval: evaluating 1000 samples
epoch 4 train accuracy 0.383 loss 32.111256
epoch 4 evaluating
epoch 4 test: evaluating 1000 samples
epoch 4 test accuracy 0.39 loss 31.861876 best 0.508
epoch 4 early stop: test accuracy declined for 2 consecutive evaluated epochs
(timestamp = "2026-06-09T18:09:44", epoch = 4, seconds = 42.8998411, train_accuracy = 0.383, train_loss = 32.111256f0, test_accuracy = 0.39, test_loss = 31.861876f0, pred_counts = "85-24-53-128-104-167-68-113-165-93", w_norm = 3.0077138f0, b_norm = 0.15174569f0, w_input_norm = 5.478112f0, grad_w_norm = 1.540111f0, grad_b_norm = 0.24371512f0, grad_w_input_norm = 2.1410449f0, effective_w_decay = 0.00060321414f0, effective_w_input_decay = 0.00017171682f0, symmetry_error = 0.0f0, grad_symmetry_error = 0.0f0, best_accuracy = 0.508, best_path = "ext\\IsingLearning\\experiments\\MNIST\\baseline_new_nudge\\experiments\\current\\focus_grid_weight_decay_20260609\\b0p2_T0p00005_wd0p0001_adaptivetrue\\best_checkpoint.bin", final_path = "")
saved MNIST 784-120-40 softplus-margin nudge baseline in ext\IsingLearning\experiments\MNIST\baseline_new_nudge\experiments\current\focus_grid_weight_decay_20260609\b0p2_T0p00005_wd0p0001_adaptivetrue
