[bootstrap] activated project
[bootstrap] loaded packages
building MNIST 784-120-40 layer
loading training split
training samples: 12800 (100 batches/epoch)
loading train-eval split
train-eval samples: 1000
loading test split
test samples: 1000
constructing 32-worker softplus-margin nudge Adam manager
constructing 32-worker validation manager
starting epochs
epoch 0 train-eval: evaluating 1000 samples
epoch 0 train accuracy 0.077 loss 74.642769
epoch 0 evaluating
epoch 0 test: evaluating 1000 samples
epoch 0 test accuracy 0.066 loss 74.237778 best 0.066
(timestamp = "2026-06-09T17:29:08", epoch = 0, seconds = 0.0, train_accuracy = 0.077, train_loss = 74.64277f0, test_accuracy = 0.066, test_loss = 74.23778f0, pred_counts = "35-173-59-83-89-64-89-222-87-99", w_norm = 0.48583895f0, b_norm = 0.0f0, w_input_norm = 1.5314544f0, grad_w_norm = 0.0f0, grad_b_norm = 0.0f0, grad_w_input_norm = 0.0f0, effective_w_decay = 0.0003f0, effective_w_input_decay = 0.0003f0, symmetry_error = 0.0f0, grad_symmetry_error = 0.0f0, best_accuracy = 0.066, best_path = "ext\\IsingLearning\\experiments\\MNIST\\baseline_new_nudge\\experiments\\current\\focus_grid_weight_decay_20260609\\b0p1_T0p00005_wd0p0003_adaptivefalse\\best_checkpoint.bin", final_path = "")
epoch 1 training
epoch 1 batch 1/100 samples 128/12800 elapsed 7.2s
epoch 1 batch 25/100 samples 3200/12800 elapsed 15.8s
epoch 1 batch 50/100 samples 6400/12800 elapsed 24.5s
epoch 1 batch 75/100 samples 9600/12800 elapsed 34.1s
epoch 1 batch 100/100 samples 12800/12800 elapsed 44.2s
epoch 1 training done in 44.232s
epoch 1 train-eval: evaluating 1000 samples
epoch 1 train accuracy 0.452 loss 17.754862
epoch 1 evaluating
epoch 1 test: evaluating 1000 samples
epoch 1 test accuracy 0.47 loss 17.482367 best 0.47
(timestamp = "2026-06-09T17:29:57", epoch = 1, seconds = 44.2315565, train_accuracy = 0.452, train_loss = 17.754862f0, test_accuracy = 0.47, test_loss = 17.482367f0, pred_counts = "181-122-145-141-340-15-16-12-10-18", w_norm = 1.3128043f0, b_norm = 0.114307575f0, w_input_norm = 3.5510547f0, grad_w_norm = 5.892894f0, grad_b_norm = 0.97495186f0, grad_w_input_norm = 5.882784f0, effective_w_decay = 0.0003f0, effective_w_input_decay = 0.0003f0, symmetry_error = 0.0f0, grad_symmetry_error = 0.0f0, best_accuracy = 0.47, best_path = "ext\\IsingLearning\\experiments\\MNIST\\baseline_new_nudge\\experiments\\current\\focus_grid_weight_decay_20260609\\b0p1_T0p00005_wd0p0003_adaptivefalse\\best_checkpoint.bin", final_path = "")
epoch 2 training
epoch 2 batch 1/100 samples 128/12800 elapsed 0.4s
epoch 2 batch 25/100 samples 3200/12800 elapsed 10.6s
epoch 2 batch 50/100 samples 6400/12800 elapsed 21.2s
epoch 2 batch 75/100 samples 9600/12800 elapsed 31.6s
epoch 2 batch 100/100 samples 12800/12800 elapsed 41.7s
epoch 2 training done in 41.701s
epoch 2 train-eval: evaluating 1000 samples
epoch 2 train accuracy 0.397 loss 22.494905
epoch 2 evaluating
epoch 2 test: evaluating 1000 samples
epoch 2 test accuracy 0.407 loss 22.339367 best 0.47
(timestamp = "2026-06-09T17:30:42", epoch = 2, seconds = 41.7007891, train_accuracy = 0.397, train_loss = 22.494905f0, test_accuracy = 0.407, test_loss = 22.339367f0, pred_counts = "132-139-75-96-546-2-1-4-0-5", w_norm = 1.5312886f0, b_norm = 0.12276909f0, w_input_norm = 4.17032f0, grad_w_norm = 3.129191f0, grad_b_norm = 0.51046544f0, grad_w_input_norm = 3.3152902f0, effective_w_decay = 0.0003f0, effective_w_input_decay = 0.0003f0, symmetry_error = 0.0f0, grad_symmetry_error = 0.0f0, best_accuracy = 0.47, best_path = "ext\\IsingLearning\\experiments\\MNIST\\baseline_new_nudge\\experiments\\current\\focus_grid_weight_decay_20260609\\b0p1_T0p00005_wd0p0003_adaptivefalse\\best_checkpoint.bin", final_path = "")
epoch 3 training
epoch 3 batch 1/100 samples 128/12800 elapsed 0.4s
epoch 3 batch 25/100 samples 3200/12800 elapsed 10.3s
epoch 3 batch 50/100 samples 6400/12800 elapsed 20.8s
epoch 3 batch 75/100 samples 9600/12800 elapsed 31.2s
epoch 3 batch 100/100 samples 12800/12800 elapsed 42.3s
epoch 3 training done in 42.316s
epoch 3 train-eval: evaluating 1000 samples
epoch 3 train accuracy 0.453 loss 17.164938
epoch 3 evaluating
epoch 3 test: evaluating 1000 samples
epoch 3 test accuracy 0.478 loss 16.705326 best 0.478
(timestamp = "2026-06-09T17:31:28", epoch = 3, seconds = 42.3159666, train_accuracy = 0.453, train_loss = 17.164938f0, test_accuracy = 0.478, test_loss = 16.705326f0, pred_counts = "194-122-185-136-294-14-11-18-14-12", w_norm = 1.7513174f0, b_norm = 0.14219111f0, w_input_norm = 4.6751924f0, grad_w_norm = 2.8702528f0, grad_b_norm = 0.50601184f0, grad_w_input_norm = 4.3340206f0, effective_w_decay = 0.0003f0, effective_w_input_decay = 0.0003f0, symmetry_error = 0.0f0, grad_symmetry_error = 0.0f0, best_accuracy = 0.478, best_path = "ext\\IsingLearning\\experiments\\MNIST\\baseline_new_nudge\\experiments\\current\\focus_grid_weight_decay_20260609\\b0p1_T0p00005_wd0p0003_adaptivefalse\\best_checkpoint.bin", final_path = "")
epoch 4 training
epoch 4 batch 1/100 samples 128/12800 elapsed 0.5s
epoch 4 batch 25/100 samples 3200/12800 elapsed 10.5s
epoch 4 batch 50/100 samples 6400/12800 elapsed 20.5s
epoch 4 batch 75/100 samples 9600/12800 elapsed 30.3s
epoch 4 batch 100/100 samples 12800/12800 elapsed 39.6s
epoch 4 training done in 39.612s
epoch 4 train-eval: evaluating 1000 samples
epoch 4 train accuracy 0.381 loss 23.755093
epoch 4 evaluating
epoch 4 test: evaluating 1000 samples
epoch 4 test accuracy 0.376 loss 23.906496 best 0.478
(timestamp = "2026-06-09T17:32:11", epoch = 4, seconds = 39.6118984, train_accuracy = 0.381, train_loss = 23.755093f0, test_accuracy = 0.376, test_loss = 23.906496f0, pred_counts = "93-76-81-118-620-0-4-1-3-4", w_norm = 1.9856395f0, b_norm = 0.15611112f0, w_input_norm = 5.030794f0, grad_w_norm = 1.9698579f0, grad_b_norm = 0.3201916f0, grad_w_input_norm = 2.2636209f0, effective_w_decay = 0.0003f0, effective_w_input_decay = 0.0003f0, symmetry_error = 0.0f0, grad_symmetry_error = 0.0f0, best_accuracy = 0.478, best_path = "ext\\IsingLearning\\experiments\\MNIST\\baseline_new_nudge\\experiments\\current\\focus_grid_weight_decay_20260609\\b0p1_T0p00005_wd0p0003_adaptivefalse\\best_checkpoint.bin", final_path = "")
epoch 5 training
epoch 5 batch 1/100 samples 128/12800 elapsed 0.4s
epoch 5 batch 25/100 samples 3200/12800 elapsed 9.9s
epoch 5 batch 50/100 samples 6400/12800 elapsed 19.9s
epoch 5 batch 75/100 samples 9600/12800 elapsed 29.9s
epoch 5 batch 100/100 samples 12800/12800 elapsed 39.9s
epoch 5 training done in 39.886s
epoch 5 train-eval: evaluating 1000 samples
epoch 5 train accuracy 0.409 loss 22.547464
epoch 5 evaluating
epoch 5 test: evaluating 1000 samples
epoch 5 test accuracy 0.413 loss 22.653503 best 0.478
(timestamp = "2026-06-09T17:32:54", epoch = 5, seconds = 39.8862437, train_accuracy = 0.409, train_loss = 22.547464f0, test_accuracy = 0.413, test_loss = 22.653503f0, pred_counts = "105-96-110-101-577-4-2-1-3-1", w_norm = 2.1691296f0, b_norm = 0.16381046f0, w_input_norm = 5.351628f0, grad_w_norm = 2.2263281f0, grad_b_norm = 0.40281358f0, grad_w_input_norm = 3.2122128f0, effective_w_decay = 0.0003f0, effective_w_input_decay = 0.0003f0, symmetry_error = 0.0f0, grad_symmetry_error = 0.0f0, best_accuracy = 0.478, best_path = "ext\\IsingLearning\\experiments\\MNIST\\baseline_new_nudge\\experiments\\current\\focus_grid_weight_decay_20260609\\b0p1_T0p00005_wd0p0003_adaptivefalse\\best_checkpoint.bin", final_path = "")
epoch 6 training
epoch 6 batch 1/100 samples 128/12800 elapsed 0.4s
epoch 6 batch 25/100 samples 3200/12800 elapsed 10.3s
epoch 6 batch 50/100 samples 6400/12800 elapsed 20.9s
epoch 6 batch 75/100 samples 9600/12800 elapsed 31.3s
epoch 6 batch 100/100 samples 12800/12800 elapsed 41.8s
epoch 6 training done in 41.767s
epoch 6 train-eval: evaluating 1000 samples
epoch 6 train accuracy 0.389 loss 22.679689
epoch 6 evaluating
epoch 6 test: evaluating 1000 samples
epoch 6 test accuracy 0.409 loss 22.371597 best 0.478
(timestamp = "2026-06-09T17:33:40", epoch = 6, seconds = 41.7667852, train_accuracy = 0.389, train_loss = 22.67969f0, test_accuracy = 0.409, test_loss = 22.371597f0, pred_counts = "107-84-169-91-544-0-1-1-2-1", w_norm = 2.3220713f0, b_norm = 0.17067109f0, w_input_norm = 5.6656213f0, grad_w_norm = 0.4228336f0, grad_b_norm = 0.07968668f0, grad_w_input_norm = 0.6335718f0, effective_w_decay = 0.0003f0, effective_w_input_decay = 0.0003f0, symmetry_error = 0.0f0, grad_symmetry_error = 0.0f0, best_accuracy = 0.478, best_path = "ext\\IsingLearning\\experiments\\MNIST\\baseline_new_nudge\\experiments\\current\\focus_grid_weight_decay_20260609\\b0p1_T0p00005_wd0p0003_adaptivefalse\\best_checkpoint.bin", final_path = "")
epoch 7 training
epoch 7 batch 1/100 samples 128/12800 elapsed 0.4s
epoch 7 batch 25/100 samples 3200/12800 elapsed 10.0s
epoch 7 batch 50/100 samples 6400/12800 elapsed 20.6s
epoch 7 batch 75/100 samples 9600/12800 elapsed 30.9s
epoch 7 batch 100/100 samples 12800/12800 elapsed 41.3s
epoch 7 training done in 41.309s
epoch 7 train-eval: evaluating 1000 samples
epoch 7 train accuracy 0.411 loss 21.987223
epoch 7 evaluating
epoch 7 test: evaluating 1000 samples
epoch 7 test accuracy 0.401 loss 22.079105 best 0.478
epoch 7 early stop: test accuracy declined for 2 consecutive evaluated epochs
(timestamp = "2026-06-09T17:34:25", epoch = 7, seconds = 41.3089343, train_accuracy = 0.411, train_loss = 21.987223f0, test_accuracy = 0.401, test_loss = 22.079105f0, pred_counts = "85-173-176-69-495-0-0-1-0-1", w_norm = 2.4882255f0, b_norm = 0.18053138f0, w_input_norm = 5.910068f0, grad_w_norm = 0.4975694f0, grad_b_norm = 0.09766835f0, grad_w_input_norm = 0.86712664f0, effective_w_decay = 0.0003f0, effective_w_input_decay = 0.0003f0, symmetry_error = 0.0f0, grad_symmetry_error = 0.0f0, best_accuracy = 0.478, best_path = "ext\\IsingLearning\\experiments\\MNIST\\baseline_new_nudge\\experiments\\current\\focus_grid_weight_decay_20260609\\b0p1_T0p00005_wd0p0003_adaptivefalse\\best_checkpoint.bin", final_path = "")
saved MNIST 784-120-40 softplus-margin nudge baseline in ext\IsingLearning\experiments\MNIST\baseline_new_nudge\experiments\current\focus_grid_weight_decay_20260609\b0p1_T0p00005_wd0p0003_adaptivefalse
