[bootstrap] activated project
[bootstrap] loaded packages
building MNIST 784-120-40 layer
loading training split
training samples: 12800 (100 batches/epoch)
loading train-eval split
train-eval samples: 1000
loading test split
test samples: 1000
constructing 32-worker softplus-margin nudge Adam manager
constructing 32-worker validation manager
starting epochs
restoring checkpoint state from ext/IsingLearning/experiments/MNIST/baseline_new_nudge/experiments/current/symmetric_nudge_resume_from_0p689_20260610/cont_lr0p00012_reset_s500/best_checkpoint.bin
epoch 18 training
epoch 18 batch 1/100 samples 128/12800 elapsed 16.8s
epoch 18 batch 25/100 samples 3200/12800 elapsed 34.6s
epoch 18 batch 50/100 samples 6400/12800 elapsed 52.7s
epoch 18 batch 75/100 samples 9600/12800 elapsed 70.9s
epoch 18 batch 100/100 samples 12800/12800 elapsed 91.0s
epoch 18 training done in 90.976s
epoch 18 train-eval: evaluating 1000 samples
epoch 18 train accuracy 0.669 loss 11.63004
epoch 18 evaluating
epoch 18 test: evaluating 1000 samples
epoch 18 test accuracy 0.675 loss 11.621566 best 0.714
(timestamp = "2026-06-10T01:58:57", epoch = 18, seconds = 90.9761491, train_accuracy = 0.669, train_loss = 11.63004f0, test_accuracy = 0.675, test_loss = 11.621566f0, pred_counts = "148-125-119-126-96-72-148-118-24-24", w_norm = 0.8064291f0, b_norm = 0.059615124f0, w_input_norm = 1.9418783f0, grad_w_norm = 5.817352f0, grad_b_norm = 0.7372856f0, grad_w_input_norm = 4.9808416f0, effective_w_decay = 0.001f0, effective_w_input_decay = 0.001f0, symmetry_error = 0.0f0, grad_symmetry_error = 0.0f0, best_accuracy = 0.714, best_path = "ext\\IsingLearning\\experiments\\MNIST\\baseline_new_nudge\\experiments\\current\\symmetric_nudge_resume_from_0p714_targeted_20260610\\cont_lr0p00012_reset_s500\\best_checkpoint.bin", final_path = "")
epoch 19 training
epoch 19 batch 1/100 samples 128/12800 elapsed 0.7s
epoch 19 batch 25/100 samples 3200/12800 elapsed 19.9s
epoch 19 batch 50/100 samples 6400/12800 elapsed 40.3s
epoch 19 batch 75/100 samples 9600/12800 elapsed 60.7s
epoch 19 batch 100/100 samples 12800/12800 elapsed 81.4s
epoch 19 training done in 81.425s
epoch 19 train-eval: evaluating 1000 samples
epoch 19 train accuracy 0.683 loss 11.994906
epoch 19 evaluating
epoch 19 test: evaluating 1000 samples
epoch 19 test accuracy 0.705 loss 11.769015 best 0.714
(timestamp = "2026-06-10T02:00:24", epoch = 19, seconds = 81.4254056, train_accuracy = 0.683, train_loss = 11.994906f0, test_accuracy = 0.705, test_loss = 11.769015f0, pred_counts = "128-120-116-126-180-83-112-106-15-14", w_norm = 0.81987715f0, b_norm = 0.061662104f0, w_input_norm = 1.9635777f0, grad_w_norm = 3.300318f0, grad_b_norm = 0.4474097f0, grad_w_input_norm = 2.5480316f0, effective_w_decay = 0.001f0, effective_w_input_decay = 0.001f0, symmetry_error = 0.0f0, grad_symmetry_error = 0.0f0, best_accuracy = 0.714, best_path = "ext\\IsingLearning\\experiments\\MNIST\\baseline_new_nudge\\experiments\\current\\symmetric_nudge_resume_from_0p714_targeted_20260610\\cont_lr0p00012_reset_s500\\best_checkpoint.bin", final_path = "")
epoch 20 training
epoch 20 batch 1/100 samples 128/12800 elapsed 0.8s
epoch 20 batch 25/100 samples 3200/12800 elapsed 20.5s
epoch 20 batch 50/100 samples 6400/12800 elapsed 41.5s
epoch 20 batch 75/100 samples 9600/12800 elapsed 62.5s
epoch 20 batch 100/100 samples 12800/12800 elapsed 83.5s
epoch 20 training done in 83.473s
epoch 20 train-eval: evaluating 1000 samples
epoch 20 train accuracy 0.671 loss 12.044272
epoch 20 evaluating
epoch 20 test: evaluating 1000 samples
epoch 20 test accuracy 0.685 loss 11.815374 best 0.714
(timestamp = "2026-06-10T02:01:50", epoch = 20, seconds = 83.4733622, train_accuracy = 0.671, train_loss = 12.044272f0, test_accuracy = 0.685, test_loss = 11.815374f0, pred_counts = "138-121-105-166-136-102-79-133-10-10", w_norm = 0.8311581f0, b_norm = 0.06228422f0, w_input_norm = 1.9795989f0, grad_w_norm = 5.2671247f0, grad_b_norm = 0.7620516f0, grad_w_input_norm = 5.8525867f0, effective_w_decay = 0.001f0, effective_w_input_decay = 0.001f0, symmetry_error = 0.0f0, grad_symmetry_error = 0.0f0, best_accuracy = 0.714, best_path = "ext\\IsingLearning\\experiments\\MNIST\\baseline_new_nudge\\experiments\\current\\symmetric_nudge_resume_from_0p714_targeted_20260610\\cont_lr0p00012_reset_s500\\best_checkpoint.bin", final_path = "")
epoch 21 training
epoch 21 batch 1/100 samples 128/12800 elapsed 0.7s
epoch 21 batch 25/100 samples 3200/12800 elapsed 18.3s
epoch 21 batch 50/100 samples 6400/12800 elapsed 37.9s
epoch 21 batch 75/100 samples 9600/12800 elapsed 57.3s
epoch 21 batch 100/100 samples 12800/12800 elapsed 76.9s
epoch 21 training done in 76.918s
epoch 21 train-eval: evaluating 1000 samples
epoch 21 train accuracy 0.66 loss 12.448861
epoch 21 evaluating
epoch 21 test: evaluating 1000 samples
epoch 21 test accuracy 0.658 loss 12.437095 best 0.714
epoch 21 early stop: test accuracy declined for 2 consecutive evaluated epochs
(timestamp = "2026-06-10T02:03:11", epoch = 21, seconds = 76.9182704, train_accuracy = 0.66, train_loss = 12.448861f0, test_accuracy = 0.658, test_loss = 12.437095f0, pred_counts = "162-105-126-139-153-50-101-139-13-12", w_norm = 0.8411562f0, b_norm = 0.06303983f0, w_input_norm = 1.9998639f0, grad_w_norm = 5.6623893f0, grad_b_norm = 0.8652508f0, grad_w_input_norm = 5.902337f0, effective_w_decay = 0.001f0, effective_w_input_decay = 0.001f0, symmetry_error = 0.0f0, grad_symmetry_error = 0.0f0, best_accuracy = 0.714, best_path = "ext\\IsingLearning\\experiments\\MNIST\\baseline_new_nudge\\experiments\\current\\symmetric_nudge_resume_from_0p714_targeted_20260610\\cont_lr0p00012_reset_s500\\best_checkpoint.bin", final_path = "")
saved MNIST 784-120-40 softplus-margin nudge baseline in ext\IsingLearning\experiments\MNIST\baseline_new_nudge\experiments\current\symmetric_nudge_resume_from_0p714_targeted_20260610\cont_lr0p00012_reset_s500
