  Activating project at `C:\Users\fenje\dev\InteractiveIsing.jl\ext\IsingLearning`
┌ Warning: this run uses a subsampled balanced training split, so it is not the full balanced MNIST baseline
│   train_per_class = 1280
└ @ Main C:\Users\fenje\dev\InteractiveIsing.jl\ext\IsingLearning\experiments\MNIST\baseline_new_nudge\mnist_784_120_40_softplus_margin_symmetric_nudge_adam.jl:1739
┌ Warning: this run uses a subsampled balanced test split, so reported accuracy will be noisy
│   test_per_class = 100
└ @ Main C:\Users\fenje\dev\InteractiveIsing.jl\ext\IsingLearning\experiments\MNIST\baseline_new_nudge\mnist_784_120_40_softplus_margin_symmetric_nudge_adam.jl:1740

epoch 13   2%|█                                         |  ETA: 0:14:41[K
     batch: 2/100[K
   samples: 256/12800[K
[A
[A


[K[A
[K[A
epoch 13   4%|██                                        |  ETA: 0:08:09[K
     batch: 4/100[K
   samples: 512/12800[K
[A
[A


[K[A
[K[A
epoch 13   5%|███                                       |  ETA: 0:06:46[K
     batch: 5/100[K
   samples: 640/12800[K
[A
[A


[K[A
[K[A
epoch 13   6%|███                                       |  ETA: 0:05:51[K
     batch: 6/100[K
   samples: 768/12800[K
[A
[A


[K[A
[K[A
epoch 13   7%|███                                       |  ETA: 0:05:13[K
     batch: 7/100[K
   samples: 896/12800[K
[A
[A


[K[A
[K[A
epoch 13   8%|████                                      |  ETA: 0:04:44[K
     batch: 8/100[K
   samples: 1024/12800[K
[A
[A


[K[A
[K[A
epoch 13   9%|████                                      |  ETA: 0:04:21[K
     batch: 9/100[K
   samples: 1152/12800[K
[A
[A


[K[A
[K[A
epoch 13  10%|█████                                     |  ETA: 0:04:02[K
     batch: 10/100[K
   samples: 1280/12800[K
[A
[A


[K[A
[K[A
epoch 13  11%|█████                                     |  ETA: 0:03:46[K
     batch: 11/100[K
   samples: 1408/12800[K
[A
[A


[K[A
[K[A
epoch 13  12%|██████                                    |  ETA: 0:03:33[K
     batch: 12/100[K
   samples: 1536/12800[K
[A
[A


[K[A
[K[A
epoch 13  13%|██████                                    |  ETA: 0:03:22[K
     batch: 13/100[K
   samples: 1664/12800[K
[A
[A


[K[A
[K[A
epoch 13  14%|██████                                    |  ETA: 0:03:12[K
     batch: 14/100[K
   samples: 1792/12800[K
[A
[A


[K[A
[K[A
epoch 13  15%|███████                                   |  ETA: 0:03:03[K
     batch: 15/100[K
   samples: 1920/12800[K
[A
[A


[K[A
[K[A
epoch 13  16%|███████                                   |  ETA: 0:02:55[K
     batch: 16/100[K
   samples: 2048/12800[K
[A
[A


[K[A
[K[A
epoch 13  17%|████████                                  |  ETA: 0:02:48[K
     batch: 17/100[K
   samples: 2176/12800[K
[A
[A


[K[A
[K[A
epoch 13  18%|████████                                  |  ETA: 0:02:43[K
     batch: 18/100[K
   samples: 2304/12800[K
[A
[A


[K[A
[K[A
epoch 13  19%|████████                                  |  ETA: 0:02:37[K
     batch: 19/100[K
   samples: 2432/12800[K
[A
[A


[K[A
[K[A
epoch 13  20%|█████████                                 |  ETA: 0:02:32[K
     batch: 20/100[K
   samples: 2560/12800[K
[A
[A


[K[A
[K[A
epoch 13  21%|█████████                                 |  ETA: 0:02:27[K
     batch: 21/100[K
   samples: 2688/12800[K
[A
[A


[K[A
[K[A
epoch 13  22%|██████████                                |  ETA: 0:02:22[K
     batch: 22/100[K
   samples: 2816/12800[K
[A
[A


[K[A
[K[A
epoch 13  23%|██████████                                |  ETA: 0:02:17[K
     batch: 23/100[K
   samples: 2944/12800[K
[A
[A


[K[A
[K[A
epoch 13  24%|███████████                               |  ETA: 0:02:13[K
     batch: 24/100[K
   samples: 3072/12800[K
[A
[A


[K[A
[K[A
epoch 13  25%|███████████                               |  ETA: 0:02:09[K
     batch: 25/100[K
   samples: 3200/12800[K
[A
[A


[K[A
[K[A
epoch 13  26%|███████████                               |  ETA: 0:02:06[K
     batch: 26/100[K
   samples: 3328/12800[K
[A
[A


[K[A
[K[A
epoch 13  27%|████████████                              |  ETA: 0:02:02[K
     batch: 27/100[K
   samples: 3456/12800[K
[A
[A


[K[A
[K[A
epoch 13  28%|████████████                              |  ETA: 0:01:59[K
     batch: 28/100[K
   samples: 3584/12800[K
[A
[A


[K[A
[K[A
epoch 13  29%|█████████████                             |  ETA: 0:01:56[K
     batch: 29/100[K
   samples: 3712/12800[K
[A
[A


[K[A
[K[A
epoch 13  30%|█████████████                             |  ETA: 0:01:53[K
     batch: 30/100[K
   samples: 3840/12800[K
[A
[A


[K[A
[K[A
epoch 13  31%|██████████████                            |  ETA: 0:01:50[K
     batch: 31/100[K
   samples: 3968/12800[K
[A
[A


[K[A
[K[A
epoch 13  33%|██████████████                            |  ETA: 0:01:44[K
     batch: 33/100[K
   samples: 4224/12800[K
[A
[A


[K[A
[K[A
epoch 13  34%|███████████████                           |  ETA: 0:01:42[K
     batch: 34/100[K
   samples: 4352/12800[K
[A
[A


[K[A
[K[A
epoch 13  35%|███████████████                           |  ETA: 0:01:39[K
     batch: 35/100[K
   samples: 4480/12800[K
[A
[A


[K[A
[K[A
epoch 13  36%|████████████████                          |  ETA: 0:01:37[K
     batch: 36/100[K
   samples: 4608/12800[K
[A
[A


[K[A
[K[A
epoch 13  37%|████████████████                          |  ETA: 0:01:35[K
     batch: 37/100[K
   samples: 4736/12800[K
[A
[A


[K[A
[K[A
epoch 13  38%|████████████████                          |  ETA: 0:01:33[K
     batch: 38/100[K
   samples: 4864/12800[K
[A
[A


[K[A
[K[A
epoch 13  39%|█████████████████                         |  ETA: 0:01:30[K
     batch: 39/100[K
   samples: 4992/12800[K
[A
[A


[K[A
[K[A
epoch 13  40%|█████████████████                         |  ETA: 0:01:28[K
     batch: 40/100[K
   samples: 5120/12800[K
[A
[A


[K[A
[K[A
epoch 13  41%|██████████████████                        |  ETA: 0:01:26[K
     batch: 41/100[K
   samples: 5248/12800[K
[A
[A


[K[A
[K[A
epoch 13  42%|██████████████████                        |  ETA: 0:01:24[K
     batch: 42/100[K
   samples: 5376/12800[K
[A
[A


[K[A
[K[A
epoch 13  43%|███████████████████                       |  ETA: 0:01:22[K
     batch: 43/100[K
   samples: 5504/12800[K
[A
[A


[K[A
[K[A
epoch 13  44%|███████████████████                       |  ETA: 0:01:20[K
     batch: 44/100[K
   samples: 5632/12800[K
[A
[A


[K[A
[K[A
epoch 13  45%|███████████████████                       |  ETA: 0:01:19[K
     batch: 45/100[K
   samples: 5760/12800[K
[A
[A


[K[A
[K[A
epoch 13  46%|████████████████████                      |  ETA: 0:01:17[K
     batch: 46/100[K
   samples: 5888/12800[K
[A
[A


[K[A
[K[A
epoch 13  47%|████████████████████                      |  ETA: 0:01:15[K
     batch: 47/100[K
   samples: 6016/12800[K
[A
[A


[K[A
[K[A
epoch 13  48%|█████████████████████                     |  ETA: 0:01:13[K
     batch: 48/100[K
   samples: 6144/12800[K
[A
[A


[K[A
[K[A
epoch 13  49%|█████████████████████                     |  ETA: 0:01:11[K
     batch: 49/100[K
   samples: 6272/12800[K
[A
[A


[K[A
[K[A
epoch 13  50%|██████████████████████                    |  ETA: 0:01:10[K
     batch: 50/100[K
   samples: 6400/12800[K
[A
[A


[K[A
[K[A
epoch 13  51%|██████████████████████                    |  ETA: 0:01:08[K
     batch: 51/100[K
   samples: 6528/12800[K
[A
[A


[K[A
[K[A
epoch 13  52%|██████████████████████                    |  ETA: 0:01:06[K
     batch: 52/100[K
   samples: 6656/12800[K
[A
[A


[K[A
[K[A
epoch 13  53%|███████████████████████                   |  ETA: 0:01:04[K
     batch: 53/100[K
   samples: 6784/12800[K
[A
[A


[K[A
[K[A
epoch 13  55%|████████████████████████                  |  ETA: 0:01:01[K
     batch: 55/100[K
   samples: 7040/12800[K
[A
[A


[K[A
[K[A
epoch 13  56%|████████████████████████                  |  ETA: 0:00:59[K
     batch: 56/100[K
   samples: 7168/12800[K
[A
[A


[K[A
[K[A
epoch 13  57%|████████████████████████                  |  ETA: 0:00:58[K
     batch: 57/100[K
   samples: 7296/12800[K
[A
[A


[K[A
[K[A
epoch 13  58%|█████████████████████████                 |  ETA: 0:00:56[K
     batch: 58/100[K
   samples: 7424/12800[K
[A
[A


[K[A
[K[A
epoch 13  59%|█████████████████████████                 |  ETA: 0:00:55[K
     batch: 59/100[K
   samples: 7552/12800[K
[A
[A


[K[A
[K[A
epoch 13  60%|██████████████████████████                |  ETA: 0:00:53[K
     batch: 60/100[K
   samples: 7680/12800[K
[A
[A


[K[A
[K[A
epoch 13  61%|██████████████████████████                |  ETA: 0:00:52[K
     batch: 61/100[K
   samples: 7808/12800[K
[A
[A


[K[A
[K[A
epoch 13  62%|███████████████████████████               |  ETA: 0:00:50[K
     batch: 62/100[K
   samples: 7936/12800[K
[A
[A


[K[A
[K[A
epoch 13  63%|███████████████████████████               |  ETA: 0:00:49[K
     batch: 63/100[K
   samples: 8064/12800[K
[A
[A


[K[A
[K[A
epoch 13  64%|███████████████████████████               |  ETA: 0:00:47[K
     batch: 64/100[K
   samples: 8192/12800[K
[A
[A


[K[A
[K[A
epoch 13  65%|████████████████████████████              |  ETA: 0:00:46[K
     batch: 65/100[K
   samples: 8320/12800[K
[A
[A


[K[A
[K[A
epoch 13  66%|████████████████████████████              |  ETA: 0:00:44[K
     batch: 66/100[K
   samples: 8448/12800[K
[A
[A


[K[A
[K[A
epoch 13  67%|█████████████████████████████             |  ETA: 0:00:43[K
     batch: 67/100[K
   samples: 8576/12800[K
[A
[A


[K[A
[K[A
epoch 13  69%|█████████████████████████████             |  ETA: 0:00:40[K
     batch: 69/100[K
   samples: 8832/12800[K
[A
[A


[K[A
[K[A
epoch 13  70%|██████████████████████████████            |  ETA: 0:00:39[K
     batch: 70/100[K
   samples: 8960/12800[K
[A
[A


[K[A
[K[A
epoch 13  71%|██████████████████████████████            |  ETA: 0:00:37[K
     batch: 71/100[K
   samples: 9088/12800[K
[A
[A


[K[A
[K[A
epoch 13  72%|███████████████████████████████           |  ETA: 0:00:36[K
     batch: 72/100[K
   samples: 9216/12800[K
[A
[A


[K[A
[K[A
epoch 13  73%|███████████████████████████████           |  ETA: 0:00:35[K
     batch: 73/100[K
   samples: 9344/12800[K
[A
[A


[K[A
[K[A
epoch 13  74%|████████████████████████████████          |  ETA: 0:00:33[K
     batch: 74/100[K
   samples: 9472/12800[K
[A
[A


[K[A
[K[A
epoch 13  76%|████████████████████████████████          |  ETA: 0:00:31[K
     batch: 76/100[K
   samples: 9728/12800[K
[A
[A


[K[A
[K[A
epoch 13  77%|█████████████████████████████████         |  ETA: 0:00:29[K
     batch: 77/100[K
   samples: 9856/12800[K
[A
[A


[K[A
[K[A
epoch 13  78%|█████████████████████████████████         |  ETA: 0:00:28[K
     batch: 78/100[K
   samples: 9984/12800[K
[A
[A


[K[A
[K[A
epoch 13  79%|██████████████████████████████████        |  ETA: 0:00:27[K
     batch: 79/100[K
   samples: 10112/12800[K
[A
[A


[K[A
[K[A
epoch 13  80%|██████████████████████████████████        |  ETA: 0:00:25[K
     batch: 80/100[K
   samples: 10240/12800[K
[A
[A


[K[A
[K[A
epoch 13  81%|███████████████████████████████████       |  ETA: 0:00:24[K
     batch: 81/100[K
   samples: 10368/12800[K
[A
[A


[K[A
[K[A
epoch 13  82%|███████████████████████████████████       |  ETA: 0:00:23[K
     batch: 82/100[K
   samples: 10496/12800[K
[A
[A


[K[A
[K[A
epoch 13  83%|███████████████████████████████████       |  ETA: 0:00:21[K
     batch: 83/100[K
   samples: 10624/12800[K
[A
[A


[K[A
[K[A
epoch 13  84%|████████████████████████████████████      |  ETA: 0:00:20[K
     batch: 84/100[K
   samples: 10752/12800[K
[A
[A


[K[A
[K[A
epoch 13  85%|████████████████████████████████████      |  ETA: 0:00:19[K
     batch: 85/100[K
   samples: 10880/12800[K
[A
[A


[K[A
[K[A
epoch 13  86%|█████████████████████████████████████     |  ETA: 0:00:18[K
     batch: 86/100[K
   samples: 11008/12800[K
[A
[A


[K[A
[K[A
epoch 13  87%|█████████████████████████████████████     |  ETA: 0:00:16[K
     batch: 87/100[K
   samples: 11136/12800[K
[A
[A


[K[A
[K[A
epoch 13  88%|█████████████████████████████████████     |  ETA: 0:00:15[K
     batch: 88/100[K
   samples: 11264/12800[K
[A
[A


[K[A
[K[A
epoch 13  89%|██████████████████████████████████████    |  ETA: 0:00:14[K
     batch: 89/100[K
   samples: 11392/12800[K
[A
[A


[K[A
[K[A
epoch 13  90%|██████████████████████████████████████    |  ETA: 0:00:12[K
     batch: 90/100[K
   samples: 11520/12800[K
[A
[A


[K[A
[K[A
epoch 13  91%|███████████████████████████████████████   |  ETA: 0:00:11[K
     batch: 91/100[K
   samples: 11648/12800[K
[A
[A


[K[A
[K[A
epoch 13  92%|███████████████████████████████████████   |  ETA: 0:00:10[K
     batch: 92/100[K
   samples: 11776/12800[K
[A
[A


[K[A
[K[A
epoch 13  93%|████████████████████████████████████████  |  ETA: 0:00:09[K
     batch: 93/100[K
   samples: 11904/12800[K
[A
[A


[K[A
[K[A
epoch 13  94%|████████████████████████████████████████  |  ETA: 0:00:07[K
     batch: 94/100[K
   samples: 12032/12800[K
[A
[A


[K[A
[K[A
epoch 13  95%|████████████████████████████████████████  |  ETA: 0:00:06[K
     batch: 95/100[K
   samples: 12160/12800[K
[A
[A


[K[A
[K[A
epoch 13  96%|█████████████████████████████████████████ |  ETA: 0:00:05[K
     batch: 96/100[K
   samples: 12288/12800[K
[A
[A


[K[A
[K[A
epoch 13  98%|██████████████████████████████████████████|  ETA: 0:00:02[K
     batch: 98/100[K
   samples: 12544/12800[K
[A
[A


[K[A
[K[A
epoch 13  99%|██████████████████████████████████████████|  ETA: 0:00:01[K
     batch: 99/100[K
   samples: 12672/12800[K
[A
[A


[K[A
[K[A
epoch 13 100%|██████████████████████████████████████████| Time: 0:02:02[K
     batch: 100/100[K
   samples: 12800/12800[K

epoch 14   2%|█                                         |  ETA: 0:01:46[K
     batch: 2/100[K
   samples: 256/12800[K
[A
[A


[K[A
[K[A
epoch 14   3%|██                                        |  ETA: 0:01:45[K
     batch: 3/100[K
   samples: 384/12800[K
[A
[A


[K[A
[K[A
epoch 14   4%|██                                        |  ETA: 0:01:45[K
     batch: 4/100[K
   samples: 512/12800[K
[A
[A


[K[A
[K[A
epoch 14   5%|███                                       |  ETA: 0:01:44[K
     batch: 5/100[K
   samples: 640/12800[K
[A
[A


[K[A
[K[A
epoch 14   6%|███                                       |  ETA: 0:01:42[K
     batch: 6/100[K
   samples: 768/12800[K
[A
[A


[K[A
[K[A
epoch 14   8%|████                                      |  ETA: 0:01:39[K
     batch: 8/100[K
   samples: 1024/12800[K
[A
[A


[K[A
[K[A
epoch 14   9%|████                                      |  ETA: 0:01:38[K
     batch: 9/100[K
   samples: 1152/12800[K
[A
[A


[K[A
[K[A
epoch 14  10%|█████                                     |  ETA: 0:01:40[K
     batch: 10/100[K
   samples: 1280/12800[K
[A
[A


[K[A
[K[A
epoch 14  11%|█████                                     |  ETA: 0:01:38[K
     batch: 11/100[K
   samples: 1408/12800[K
[A
[A


[K[A
[K[A
epoch 14  12%|██████                                    |  ETA: 0:01:38[K
     batch: 12/100[K
   samples: 1536/12800[K
[A
[A


[K[A
[K[A
epoch 14  13%|██████                                    |  ETA: 0:01:39[K
     batch: 13/100[K
   samples: 1664/12800[K
[A
[A


[K[A
[K[A
epoch 14  14%|██████                                    |  ETA: 0:01:38[K
     batch: 14/100[K
   samples: 1792/12800[K
[A
[A


[K[A
[K[A
epoch 14  15%|███████                                   |  ETA: 0:01:37[K
     batch: 15/100[K
   samples: 1920/12800[K
[A
[A


[K[A
[K[A
epoch 14  16%|███████                                   |  ETA: 0:01:36[K
     batch: 16/100[K
   samples: 2048/12800[K
[A
[A


[K[A
[K[A
epoch 14  17%|████████                                  |  ETA: 0:01:35[K
     batch: 17/100[K
   samples: 2176/12800[K
[A
[A


[K[A
[K[A
epoch 14  18%|████████                                  |  ETA: 0:01:34[K
     batch: 18/100[K
   samples: 2304/12800[K
[A
[A


[K[A
[K[A
epoch 14  19%|████████                                  |  ETA: 0:01:32[K
     batch: 19/100[K
   samples: 2432/12800[K
[A
[A


[K[A
[K[A
epoch 14  20%|█████████                                 |  ETA: 0:01:31[K
     batch: 20/100[K
   samples: 2560/12800[K
[A
[A


[K[A
[K[A
epoch 14  21%|█████████                                 |  ETA: 0:01:31[K
     batch: 21/100[K
   samples: 2688/12800[K
[A
[A


[K[A
[K[A
epoch 14  22%|██████████                                |  ETA: 0:01:30[K
     batch: 22/100[K
   samples: 2816/12800[K
[A
[A


[K[A
[K[A
epoch 14  23%|██████████                                |  ETA: 0:01:29[K
     batch: 23/100[K
   samples: 2944/12800[K
[A
[A


[K[A
[K[A
epoch 14  24%|███████████                               |  ETA: 0:01:29[K
     batch: 24/100[K
   samples: 3072/12800[K
[A
[A


[K[A
[K[A
epoch 14  25%|███████████                               |  ETA: 0:01:28[K
     batch: 25/100[K
   samples: 3200/12800[K
[A
[A


[K[A
[K[A
epoch 14  26%|███████████                               |  ETA: 0:01:27[K
     batch: 26/100[K
   samples: 3328/12800[K
[A
[A


[K[A
[K[A
epoch 14  27%|████████████                              |  ETA: 0:01:25[K
     batch: 27/100[K
   samples: 3456/12800[K
[A
[A


[K[A
[K[A
epoch 14  28%|████████████                              |  ETA: 0:01:24[K
     batch: 28/100[K
   samples: 3584/12800[K
[A
[A


[K[A
[K[A
epoch 14  29%|█████████████                             |  ETA: 0:01:23[K
     batch: 29/100[K
   samples: 3712/12800[K
[A
[A


[K[A
[K[A
epoch 14  30%|█████████████                             |  ETA: 0:01:22[K
     batch: 30/100[K
   samples: 3840/12800[K
[A
[A


[K[A
[K[A
epoch 14  31%|██████████████                            |  ETA: 0:01:21[K
     batch: 31/100[K
   samples: 3968/12800[K
[A
[A


[K[A
[K[A
epoch 14  32%|██████████████                            |  ETA: 0:01:20[K
     batch: 32/100[K
   samples: 4096/12800[K
[A
[A


[K[A
[K[A
epoch 14  33%|██████████████                            |  ETA: 0:01:19[K
     batch: 33/100[K
   samples: 4224/12800[K
[A
[A


[K[A
[K[A
epoch 14  34%|███████████████                           |  ETA: 0:01:18[K
     batch: 34/100[K
   samples: 4352/12800[K
[A
[A


[K[A
[K[A
epoch 14  35%|███████████████                           |  ETA: 0:01:16[K
     batch: 35/100[K
   samples: 4480/12800[K
[A
[A


[K[A
[K[A
epoch 14  36%|████████████████                          |  ETA: 0:01:15[K
     batch: 36/100[K
   samples: 4608/12800[K
[A
[A


[K[A
[K[A
epoch 14  37%|████████████████                          |  ETA: 0:01:14[K
     batch: 37/100[K
   samples: 4736/12800[K
[A
[A


[K[A
[K[A
epoch 14  38%|████████████████                          |  ETA: 0:01:12[K
     batch: 38/100[K
   samples: 4864/12800[K
[A
[A


[K[A
[K[A
epoch 14  39%|█████████████████                         |  ETA: 0:01:11[K
     batch: 39/100[K
   samples: 4992/12800[K
[A
[A


[K[A
[K[A
epoch 14  40%|█████████████████                         |  ETA: 0:01:10[K
     batch: 40/100[K
   samples: 5120/12800[K
[A
[A


[K[A
[K[A
epoch 14  41%|██████████████████                        |  ETA: 0:01:08[K
     batch: 41/100[K
   samples: 5248/12800[K
[A
[A


[K[A
[K[A
epoch 14  42%|██████████████████                        |  ETA: 0:01:07[K
     batch: 42/100[K
   samples: 5376/12800[K
[A
[A


[K[A
[K[A
epoch 14  43%|███████████████████                       |  ETA: 0:01:06[K
     batch: 43/100[K
   samples: 5504/12800[K
[A
[A


[K[A
[K[A
epoch 14  44%|███████████████████                       |  ETA: 0:01:05[K
     batch: 44/100[K
   samples: 5632/12800[K
[A
[A


[K[A
[K[A
epoch 14  45%|███████████████████                       |  ETA: 0:01:03[K
     batch: 45/100[K
   samples: 5760/12800[K
[A
[A


[K[A
[K[A
epoch 14  46%|████████████████████                      |  ETA: 0:01:02[K
     batch: 46/100[K
   samples: 5888/12800[K
[A
[A


[K[A
[K[A
epoch 14  47%|████████████████████                      |  ETA: 0:01:01[K
     batch: 47/100[K
   samples: 6016/12800[K
[A
[A


[K[A
[K[A
epoch 14  48%|█████████████████████                     |  ETA: 0:01:00[K
     batch: 48/100[K
   samples: 6144/12800[K
[A
[A


[K[A
[K[A
epoch 14  49%|█████████████████████                     |  ETA: 0:00:59[K
     batch: 49/100[K
   samples: 6272/12800[K
[A
[A


[K[A
[K[A
epoch 14  50%|██████████████████████                    |  ETA: 0:00:58[K
     batch: 50/100[K
   samples: 6400/12800[K
[A
[A


[K[A
[K[A
epoch 14  51%|██████████████████████                    |  ETA: 0:00:56[K
     batch: 51/100[K
   samples: 6528/12800[K
[A
[A


[K[A
[K[A
epoch 14  52%|██████████████████████                    |  ETA: 0:00:55[K
     batch: 52/100[K
   samples: 6656/12800[K
[A
[A


[K[A
[K[A
epoch 14  53%|███████████████████████                   |  ETA: 0:00:54[K
     batch: 53/100[K
   samples: 6784/12800[K
[A
[A


[K[A
[K[A
epoch 14  54%|███████████████████████                   |  ETA: 0:00:53[K
     batch: 54/100[K
   samples: 6912/12800[K
[A
[A


[K[A
[K[A
epoch 14  55%|████████████████████████                  |  ETA: 0:00:52[K
     batch: 55/100[K
   samples: 7040/12800[K
[A
[A


[K[A
[K[A
epoch 14  56%|████████████████████████                  |  ETA: 0:00:51[K
     batch: 56/100[K
   samples: 7168/12800[K
[A
[A


[K[A
[K[A
epoch 14  57%|████████████████████████                  |  ETA: 0:00:50[K
     batch: 57/100[K
   samples: 7296/12800[K
[A
[A


[K[A
[K[A
epoch 14  58%|█████████████████████████                 |  ETA: 0:00:49[K
     batch: 58/100[K
   samples: 7424/12800[K
[A
[A


[K[A
[K[A
epoch 14  59%|█████████████████████████                 |  ETA: 0:00:48[K
     batch: 59/100[K
   samples: 7552/12800[K
[A
[A


[K[A
[K[A
epoch 14  60%|██████████████████████████                |  ETA: 0:00:47[K
     batch: 60/100[K
   samples: 7680/12800[K
[A
[A


[K[A
[K[A
epoch 14  61%|██████████████████████████                |  ETA: 0:00:45[K
     batch: 61/100[K
   samples: 7808/12800[K
[A
[A


[K[A
[K[A
epoch 14  62%|███████████████████████████               |  ETA: 0:00:44[K
     batch: 62/100[K
   samples: 7936/12800[K
[A
[A


[K[A
[K[A
epoch 14  63%|███████████████████████████               |  ETA: 0:00:43[K
     batch: 63/100[K
   samples: 8064/12800[K
[A
[A


[K[A
[K[A
epoch 14  64%|███████████████████████████               |  ETA: 0:00:42[K
     batch: 64/100[K
   samples: 8192/12800[K
[A
[A


[K[A
[K[A
epoch 14  65%|████████████████████████████              |  ETA: 0:00:41[K
     batch: 65/100[K
   samples: 8320/12800[K
[A
[A


[K[A
[K[A
epoch 14  66%|████████████████████████████              |  ETA: 0:00:40[K
     batch: 66/100[K
   samples: 8448/12800[K
[A
[A


[K[A
[K[A
epoch 14  67%|█████████████████████████████             |  ETA: 0:00:39[K
     batch: 67/100[K
   samples: 8576/12800[K
[A
[A


[K[A
[K[A
epoch 14  68%|█████████████████████████████             |  ETA: 0:00:38[K
     batch: 68/100[K
   samples: 8704/12800[K
[A
[A


[K[A
[K[A
epoch 14  69%|█████████████████████████████             |  ETA: 0:00:36[K
     batch: 69/100[K
   samples: 8832/12800[K
[A
[A


[K[A
[K[A
epoch 14  70%|██████████████████████████████            |  ETA: 0:00:35[K
     batch: 70/100[K
   samples: 8960/12800[K
[A
[A


[K[A
[K[A
epoch 14  71%|██████████████████████████████            |  ETA: 0:00:34[K
     batch: 71/100[K
   samples: 9088/12800[K
[A
[A


[K[A
[K[A
epoch 14  72%|███████████████████████████████           |  ETA: 0:00:33[K
     batch: 72/100[K
   samples: 9216/12800[K
[A
[A


[K[A
[K[A
epoch 14  73%|███████████████████████████████           |  ETA: 0:00:32[K
     batch: 73/100[K
   samples: 9344/12800[K
[A
[A


[K[A
[K[A
epoch 14  74%|████████████████████████████████          |  ETA: 0:00:31[K
     batch: 74/100[K
   samples: 9472/12800[K
[A
[A


[K[A
[K[A
epoch 14  75%|████████████████████████████████          |  ETA: 0:00:29[K
     batch: 75/100[K
   samples: 9600/12800[K
[A
[A


[K[A
[K[A
epoch 14  76%|████████████████████████████████          |  ETA: 0:00:28[K
     batch: 76/100[K
   samples: 9728/12800[K
[A
[A


[K[A
[K[A
epoch 14  77%|█████████████████████████████████         |  ETA: 0:00:27[K
     batch: 77/100[K
   samples: 9856/12800[K
[A
[A


[K[A
[K[A
epoch 14  78%|█████████████████████████████████         |  ETA: 0:00:26[K
     batch: 78/100[K
   samples: 9984/12800[K
[A
[A


[K[A
[K[A
epoch 14  79%|██████████████████████████████████        |  ETA: 0:00:25[K
     batch: 79/100[K
   samples: 10112/12800[K
[A
[A


[K[A
[K[A
epoch 14  80%|██████████████████████████████████        |  ETA: 0:00:24[K
     batch: 80/100[K
   samples: 10240/12800[K
[A
[A


[K[A
[K[A
epoch 14  81%|███████████████████████████████████       |  ETA: 0:00:22[K
     batch: 81/100[K
   samples: 10368/12800[K
[A
[A


[K[A
[K[A
epoch 14  82%|███████████████████████████████████       |  ETA: 0:00:21[K
     batch: 82/100[K
   samples: 10496/12800[K
[A
[A


[K[A
[K[A
epoch 14  83%|███████████████████████████████████       |  ETA: 0:00:20[K
     batch: 83/100[K
   samples: 10624/12800[K
[A
[A


[K[A
[K[A
epoch 14  84%|████████████████████████████████████      |  ETA: 0:00:19[K
     batch: 84/100[K
   samples: 10752/12800[K
[A
[A


[K[A
[K[A
epoch 14  85%|████████████████████████████████████      |  ETA: 0:00:18[K
     batch: 85/100[K
   samples: 10880/12800[K
[A
[A


[K[A
[K[A
epoch 14  86%|█████████████████████████████████████     |  ETA: 0:00:17[K
     batch: 86/100[K
   samples: 11008/12800[K
[A
[A


[K[A
[K[A
epoch 14  87%|█████████████████████████████████████     |  ETA: 0:00:15[K
     batch: 87/100[K
   samples: 11136/12800[K
[A
[A


[K[A
[K[A
epoch 14  88%|█████████████████████████████████████     |  ETA: 0:00:14[K
     batch: 88/100[K
   samples: 11264/12800[K
[A
[A


[K[A
[K[A
epoch 14  89%|██████████████████████████████████████    |  ETA: 0:00:13[K
     batch: 89/100[K
   samples: 11392/12800[K
[A
[A


[K[A
[K[A
epoch 14  90%|██████████████████████████████████████    |  ETA: 0:00:12[K
     batch: 90/100[K
   samples: 11520/12800[K
[A
[A


[K[A
[K[A
epoch 14  91%|███████████████████████████████████████   |  ETA: 0:00:11[K
     batch: 91/100[K
   samples: 11648/12800[K
[A
[A


[K[A
[K[A
epoch 14  92%|███████████████████████████████████████   |  ETA: 0:00:09[K
     batch: 92/100[K
   samples: 11776/12800[K
[A
[A


[K[A
[K[A
epoch 14  93%|████████████████████████████████████████  |  ETA: 0:00:08[K
     batch: 93/100[K
   samples: 11904/12800[K
[A
[A


[K[A
[K[A
epoch 14  94%|████████████████████████████████████████  |  ETA: 0:00:07[K
     batch: 94/100[K
   samples: 12032/12800[K
[A
[A


[K[A
[K[A
epoch 14  95%|████████████████████████████████████████  |  ETA: 0:00:06[K
     batch: 95/100[K
   samples: 12160/12800[K
[A
[A


[K[A
[K[A
epoch 14  96%|█████████████████████████████████████████ |  ETA: 0:00:05[K
     batch: 96/100[K
   samples: 12288/12800[K
[A
[A


[K[A
[K[A
epoch 14  97%|█████████████████████████████████████████ |  ETA: 0:00:04[K
     batch: 97/100[K
   samples: 12416/12800[K
[A
[A


[K[A
[K[A
epoch 14  98%|██████████████████████████████████████████|  ETA: 0:00:02[K
     batch: 98/100[K
   samples: 12544/12800[K
[A
[A


[K[A
[K[A
epoch 14  99%|██████████████████████████████████████████|  ETA: 0:00:01[K
     batch: 99/100[K
   samples: 12672/12800[K
[A
[A


[K[A
[K[A
epoch 14 100%|██████████████████████████████████████████| Time: 0:01:57[K
     batch: 100/100[K
   samples: 12800/12800[K

epoch 15   2%|█                                         |  ETA: 0:02:18[K
     batch: 2/100[K
   samples: 256/12800[K
[A
[A


[K[A
[K[A
epoch 15   3%|██                                        |  ETA: 0:02:10[K
     batch: 3/100[K
   samples: 384/12800[K
[A
[A


[K[A
[K[A
epoch 15   4%|██                                        |  ETA: 0:02:03[K
     batch: 4/100[K
   samples: 512/12800[K
[A
[A


[K[A
[K[A
epoch 15   5%|███                                       |  ETA: 0:01:59[K
     batch: 5/100[K
   samples: 640/12800[K
[A
[A


[K[A
[K[A
epoch 15   6%|███                                       |  ETA: 0:01:57[K
     batch: 6/100[K
   samples: 768/12800[K
[A
[A


[K[A
[K[A
epoch 15   7%|███                                       |  ETA: 0:01:56[K
     batch: 7/100[K
   samples: 896/12800[K
[A
[A


[K[A
[K[A
epoch 15   8%|████                                      |  ETA: 0:01:55[K
     batch: 8/100[K
   samples: 1024/12800[K
[A
[A


[K[A
[K[A
epoch 15   9%|████                                      |  ETA: 0:01:54[K
     batch: 9/100[K
   samples: 1152/12800[K
[A
[A


[K[A
[K[A
epoch 15  10%|█████                                     |  ETA: 0:01:52[K
     batch: 10/100[K
   samples: 1280/12800[K
[A
[A


[K[A
[K[A
epoch 15  11%|█████                                     |  ETA: 0:01:50[K
     batch: 11/100[K
   samples: 1408/12800[K
[A
[A


[K[A
[K[A
epoch 15  12%|██████                                    |  ETA: 0:01:49[K
     batch: 12/100[K
   samples: 1536/12800[K
[A
[A


[K[A
[K[A
epoch 15  13%|██████                                    |  ETA: 0:01:48[K
     batch: 13/100[K
   samples: 1664/12800[K
[A
[A


[K[A
[K[A
epoch 15  14%|██████                                    |  ETA: 0:01:46[K
     batch: 14/100[K
   samples: 1792/12800[K
[A
[A


[K[A
[K[A
epoch 15  15%|███████                                   |  ETA: 0:01:44[K
     batch: 15/100[K
   samples: 1920/12800[K
[A
[A


[K[A
[K[A
epoch 15  16%|███████                                   |  ETA: 0:01:43[K
     batch: 16/100[K
   samples: 2048/12800[K
[A
[A


[K[A
[K[A
epoch 15  17%|████████                                  |  ETA: 0:01:41[K
     batch: 17/100[K
   samples: 2176/12800[K
[A
[A


[K[A
[K[A
epoch 15  18%|████████                                  |  ETA: 0:01:39[K
     batch: 18/100[K
   samples: 2304/12800[K
[A
[A


[K[A
[K[A
epoch 15  19%|████████                                  |  ETA: 0:01:38[K
     batch: 19/100[K
   samples: 2432/12800[K
[A
[A


[K[A
[K[A
epoch 15  20%|█████████                                 |  ETA: 0:01:37[K
     batch: 20/100[K
   samples: 2560/12800[K
[A
[A


[K[A
[K[A
epoch 15  21%|█████████                                 |  ETA: 0:01:35[K
     batch: 21/100[K
   samples: 2688/12800[K
[A
[A


[K[A
[K[A
epoch 15  22%|██████████                                |  ETA: 0:01:33[K
     batch: 22/100[K
   samples: 2816/12800[K
[A
[A


[K[A
[K[A
epoch 15  23%|██████████                                |  ETA: 0:01:32[K
     batch: 23/100[K
   samples: 2944/12800[K
[A
[A


[K[A
[K[A
epoch 15  24%|███████████                               |  ETA: 0:01:31[K
     batch: 24/100[K
   samples: 3072/12800[K
[A
[A


[K[A
[K[A
epoch 15  25%|███████████                               |  ETA: 0:01:30[K
     batch: 25/100[K
   samples: 3200/12800[K
[A
[A


[K[A
[K[A
epoch 15  26%|███████████                               |  ETA: 0:01:28[K
     batch: 26/100[K
   samples: 3328/12800[K
[A
[A


[K[A
[K[A
epoch 15  27%|████████████                              |  ETA: 0:01:27[K
     batch: 27/100[K
   samples: 3456/12800[K
[A
[A


[K[A
[K[A
epoch 15  28%|████████████                              |  ETA: 0:01:26[K
     batch: 28/100[K
   samples: 3584/12800[K
[A
[A


[K[A
[K[A
epoch 15  29%|█████████████                             |  ETA: 0:01:25[K
     batch: 29/100[K
   samples: 3712/12800[K
[A
[A


[K[A
[K[A
epoch 15  30%|█████████████                             |  ETA: 0:01:24[K
     batch: 30/100[K
   samples: 3840/12800[K
[A
[A


[K[A
[K[A
epoch 15  31%|██████████████                            |  ETA: 0:01:22[K
     batch: 31/100[K
   samples: 3968/12800[K
[A
[A


[K[A
[K[A
epoch 15  32%|██████████████                            |  ETA: 0:01:21[K
     batch: 32/100[K
   samples: 4096/12800[K
[A
[A


[K[A
[K[A
epoch 15  33%|██████████████                            |  ETA: 0:01:20[K
     batch: 33/100[K
   samples: 4224/12800[K
[A
[A


[K[A
[K[A
epoch 15  34%|███████████████                           |  ETA: 0:01:19[K
     batch: 34/100[K
   samples: 4352/12800[K
[A
[A


[K[A
[K[A
epoch 15  35%|███████████████                           |  ETA: 0:01:17[K
     batch: 35/100[K
   samples: 4480/12800[K
[A
[A


[K[A
[K[A
epoch 15  36%|████████████████                          |  ETA: 0:01:16[K
     batch: 36/100[K
   samples: 4608/12800[K
[A
[A


[K[A
[K[A
epoch 15  37%|████████████████                          |  ETA: 0:01:15[K
     batch: 37/100[K
   samples: 4736/12800[K
[A
[A


[K[A
[K[A
epoch 15  38%|████████████████                          |  ETA: 0:01:14[K
     batch: 38/100[K
   samples: 4864/12800[K
[A
[A


[K[A
[K[A
epoch 15  39%|█████████████████                         |  ETA: 0:01:12[K
     batch: 39/100[K
   samples: 4992/12800[K
[A
[A


[K[A
[K[A
epoch 15  40%|█████████████████                         |  ETA: 0:01:11[K
     batch: 40/100[K
   samples: 5120/12800[K
[A
[A


[K[A
[K[A
epoch 15  41%|██████████████████                        |  ETA: 0:01:10[K
     batch: 41/100[K
   samples: 5248/12800[K
[A
[A


[K[A
[K[A
epoch 15  42%|██████████████████                        |  ETA: 0:01:09[K
     batch: 42/100[K
   samples: 5376/12800[K
[A
[A


[K[A
[K[A
epoch 15  43%|███████████████████                       |  ETA: 0:01:07[K
     batch: 43/100[K
   samples: 5504/12800[K
[A
[A


[K[A
[K[A
epoch 15  44%|███████████████████                       |  ETA: 0:01:06[K
     batch: 44/100[K
   samples: 5632/12800[K
[A
[A


[K[A
[K[A
epoch 15  45%|███████████████████                       |  ETA: 0:01:05[K
     batch: 45/100[K
   samples: 5760/12800[K
[A
[A


[K[A
[K[A
epoch 15  46%|████████████████████                      |  ETA: 0:01:04[K
     batch: 46/100[K
   samples: 5888/12800[K
[A
[A


[K[A
[K[A
epoch 15  47%|████████████████████                      |  ETA: 0:01:03[K
     batch: 47/100[K
   samples: 6016/12800[K
[A
[A


[K[A
[K[A
epoch 15  48%|█████████████████████                     |  ETA: 0:01:01[K
     batch: 48/100[K
   samples: 6144/12800[K
[A
[A


[K[A
[K[A
epoch 15  49%|█████████████████████                     |  ETA: 0:01:00[K
     batch: 49/100[K
   samples: 6272/12800[K
[A
[A


[K[A
[K[A
epoch 15  50%|██████████████████████                    |  ETA: 0:00:59[K
     batch: 50/100[K
   samples: 6400/12800[K
[A
[A


[K[A
[K[A
epoch 15  51%|██████████████████████                    |  ETA: 0:00:58[K
     batch: 51/100[K
   samples: 6528/12800[K
[A
[A


[K[A
[K[A
epoch 15  52%|██████████████████████                    |  ETA: 0:00:57[K
     batch: 52/100[K
   samples: 6656/12800[K
[A
[A


[K[A
[K[A
epoch 15  53%|███████████████████████                   |  ETA: 0:00:55[K
     batch: 53/100[K
   samples: 6784/12800[K
[A
[A


[K[A
[K[A
epoch 15  54%|███████████████████████                   |  ETA: 0:00:54[K
     batch: 54/100[K
   samples: 6912/12800[K
[A
[A


[K[A
[K[A
epoch 15  55%|████████████████████████                  |  ETA: 0:00:53[K
     batch: 55/100[K
   samples: 7040/12800[K
[A
[A


[K[A
[K[A
epoch 15  56%|████████████████████████                  |  ETA: 0:00:52[K
     batch: 56/100[K
   samples: 7168/12800[K
[A
[A


[K[A
[K[A
epoch 15  57%|████████████████████████                  |  ETA: 0:00:51[K
     batch: 57/100[K
   samples: 7296/12800[K
[A
[A


[K[A
[K[A
epoch 15  58%|█████████████████████████                 |  ETA: 0:00:50[K
     batch: 58/100[K
   samples: 7424/12800[K
[A
[A


[K[A
[K[A
epoch 15  59%|█████████████████████████                 |  ETA: 0:00:49[K
     batch: 59/100[K
   samples: 7552/12800[K
[A
[A


[K[A
[K[A
epoch 15  60%|██████████████████████████                |  ETA: 0:00:48[K
     batch: 60/100[K
   samples: 7680/12800[K
[A
[A


[K[A
[K[A
epoch 15  61%|██████████████████████████                |  ETA: 0:00:47[K
     batch: 61/100[K
   samples: 7808/12800[K
[A
[A


[K[A
[K[A
epoch 15  62%|███████████████████████████               |  ETA: 0:00:46[K
     batch: 62/100[K
   samples: 7936/12800[K
[A
[A


[K[A
[K[A
epoch 15  63%|███████████████████████████               |  ETA: 0:00:44[K
     batch: 63/100[K
   samples: 8064/12800[K
[A
[A


[K[A
[K[A
epoch 15  64%|███████████████████████████               |  ETA: 0:00:43[K
     batch: 64/100[K
   samples: 8192/12800[K
[A
[A


[K[A
[K[A
epoch 15  65%|████████████████████████████              |  ETA: 0:00:42[K
     batch: 65/100[K
   samples: 8320/12800[K
[A
[A


[K[A
[K[A
epoch 15  66%|████████████████████████████              |  ETA: 0:00:41[K
     batch: 66/100[K
   samples: 8448/12800[K
[A
[A


[K[A
[K[A
epoch 15  67%|█████████████████████████████             |  ETA: 0:00:40[K
     batch: 67/100[K
   samples: 8576/12800[K
[A
[A


[K[A
[K[A
epoch 15  68%|█████████████████████████████             |  ETA: 0:00:38[K
     batch: 68/100[K
   samples: 8704/12800[K
[A
[A


[K[A
[K[A
epoch 15  69%|█████████████████████████████             |  ETA: 0:00:37[K
     batch: 69/100[K
   samples: 8832/12800[K
[A
[A


[K[A
[K[A
epoch 15  70%|██████████████████████████████            |  ETA: 0:00:36[K
     batch: 70/100[K
   samples: 8960/12800[K
[A
[A


[K[A
[K[A
epoch 15  71%|██████████████████████████████            |  ETA: 0:00:35[K
     batch: 71/100[K
   samples: 9088/12800[K
[A
[A


[K[A
[K[A
epoch 15  72%|███████████████████████████████           |  ETA: 0:00:34[K
     batch: 72/100[K
   samples: 9216/12800[K
[A
[A


[K[A
[K[A
epoch 15  73%|███████████████████████████████           |  ETA: 0:00:32[K
     batch: 73/100[K
   samples: 9344/12800[K
[A
[A


[K[A
[K[A
epoch 15  74%|████████████████████████████████          |  ETA: 0:00:31[K
     batch: 74/100[K
   samples: 9472/12800[K
[A
[A


[K[A
[K[A
epoch 15  75%|████████████████████████████████          |  ETA: 0:00:30[K
     batch: 75/100[K
   samples: 9600/12800[K
[A
[A


[K[A
[K[A
epoch 15  76%|████████████████████████████████          |  ETA: 0:00:29[K
     batch: 76/100[K
   samples: 9728/12800[K
[A
[A


[K[A
[K[A
epoch 15  77%|█████████████████████████████████         |  ETA: 0:00:28[K
     batch: 77/100[K
   samples: 9856/12800[K
[A
[A


[K[A
[K[A
epoch 15  78%|█████████████████████████████████         |  ETA: 0:00:26[K
     batch: 78/100[K
   samples: 9984/12800[K
[A
[A


[K[A
[K[A
epoch 15  79%|██████████████████████████████████        |  ETA: 0:00:25[K
     batch: 79/100[K
   samples: 10112/12800[K
[A
[A


[K[A
[K[A
epoch 15  80%|██████████████████████████████████        |  ETA: 0:00:24[K
     batch: 80/100[K
   samples: 10240/12800[K
[A
[A


[K[A
[K[A
epoch 15  81%|███████████████████████████████████       |  ETA: 0:00:23[K
     batch: 81/100[K
   samples: 10368/12800[K
[A
[A


[K[A
[K[A
epoch 15  82%|███████████████████████████████████       |  ETA: 0:00:21[K
     batch: 82/100[K
   samples: 10496/12800[K
[A
[A


[K[A
[K[A
epoch 15  83%|███████████████████████████████████       |  ETA: 0:00:20[K
     batch: 83/100[K
   samples: 10624/12800[K
[A
[A


[K[A
[K[A
epoch 15  84%|████████████████████████████████████      |  ETA: 0:00:19[K
     batch: 84/100[K
   samples: 10752/12800[K
[A
[A


[K[A
[K[A
epoch 15  85%|████████████████████████████████████      |  ETA: 0:00:18[K
     batch: 85/100[K
   samples: 10880/12800[K
[A
[A


[K[A
[K[A
epoch 15  86%|█████████████████████████████████████     |  ETA: 0:00:17[K
     batch: 86/100[K
   samples: 11008/12800[K
[A
[A


[K[A
[K[A
epoch 15  87%|█████████████████████████████████████     |  ETA: 0:00:15[K
     batch: 87/100[K
   samples: 11136/12800[K
[A
[A


[K[A
[K[A
epoch 15  88%|█████████████████████████████████████     |  ETA: 0:00:14[K
     batch: 88/100[K
   samples: 11264/12800[K
[A
[A


[K[A
[K[A
epoch 15  89%|██████████████████████████████████████    |  ETA: 0:00:13[K
     batch: 89/100[K
   samples: 11392/12800[K
[A
[A


[K[A
[K[A
epoch 15  90%|██████████████████████████████████████    |  ETA: 0:00:12[K
     batch: 90/100[K
   samples: 11520/12800[K
[A
[A


[K[A
[K[A
epoch 15  91%|███████████████████████████████████████   |  ETA: 0:00:11[K
     batch: 91/100[K
   samples: 11648/12800[K
[A
[A


[K[A
[K[A
epoch 15  92%|███████████████████████████████████████   |  ETA: 0:00:10[K
     batch: 92/100[K
   samples: 11776/12800[K
[A
[A


[K[A
[K[A
epoch 15  93%|████████████████████████████████████████  |  ETA: 0:00:08[K
     batch: 93/100[K
   samples: 11904/12800[K
[A
[A


[K[A
[K[A
epoch 15  94%|████████████████████████████████████████  |  ETA: 0:00:07[K
     batch: 94/100[K
   samples: 12032/12800[K
[A
[A


[K[A
[K[A
epoch 15  95%|████████████████████████████████████████  |  ETA: 0:00:06[K
     batch: 95/100[K
   samples: 12160/12800[K
[A
[A


[K[A
[K[A
epoch 15  96%|█████████████████████████████████████████ |  ETA: 0:00:05[K
     batch: 96/100[K
   samples: 12288/12800[K
[A
[A


[K[A
[K[A
epoch 15  97%|█████████████████████████████████████████ |  ETA: 0:00:04[K
     batch: 97/100[K
   samples: 12416/12800[K
[A
[A


[K[A
[K[A
epoch 15  98%|██████████████████████████████████████████|  ETA: 0:00:02[K
     batch: 98/100[K
   samples: 12544/12800[K
[A
[A


[K[A
[K[A
epoch 15  99%|██████████████████████████████████████████|  ETA: 0:00:01[K
     batch: 99/100[K
   samples: 12672/12800[K
[A
[A


[K[A
[K[A
epoch 15 100%|██████████████████████████████████████████| Time: 0:01:58[K
     batch: 100/100[K
   samples: 12800/12800[K

epoch 16   2%|█                                         |  ETA: 0:01:47[K
     batch: 2/100[K
   samples: 256/12800[K
[A
[A


[K[A
[K[A
epoch 16   3%|██                                        |  ETA: 0:01:45[K
     batch: 3/100[K
   samples: 384/12800[K
[A
[A


[K[A
[K[A
epoch 16   4%|██                                        |  ETA: 0:01:44[K
     batch: 4/100[K
   samples: 512/12800[K
[A
[A


[K[A
[K[A
epoch 16   5%|███                                       |  ETA: 0:01:42[K
     batch: 5/100[K
   samples: 640/12800[K
[A
[A


[K[A
[K[A
epoch 16   6%|███                                       |  ETA: 0:01:41[K
     batch: 6/100[K
   samples: 768/12800[K
[A
[A


[K[A
[K[A
epoch 16   7%|███                                       |  ETA: 0:01:40[K
     batch: 7/100[K
   samples: 896/12800[K
[A
[A


[K[A
[K[A
epoch 16   8%|████                                      |  ETA: 0:01:39[K
     batch: 8/100[K
   samples: 1024/12800[K
[A
[A


[K[A
[K[A
epoch 16   9%|████                                      |  ETA: 0:01:39[K
     batch: 9/100[K
   samples: 1152/12800[K
[A
[A


[K[A
[K[A
epoch 16  10%|█████                                     |  ETA: 0:01:38[K
     batch: 10/100[K
   samples: 1280/12800[K
[A
[A


[K[A
[K[A
epoch 16  11%|█████                                     |  ETA: 0:01:36[K
     batch: 11/100[K
   samples: 1408/12800[K
[A
[A


[K[A
[K[A
epoch 16  12%|██████                                    |  ETA: 0:01:35[K
     batch: 12/100[K
   samples: 1536/12800[K
[A
[A


[K[A
[K[A
epoch 16  13%|██████                                    |  ETA: 0:01:34[K
     batch: 13/100[K
   samples: 1664/12800[K
[A
[A


[K[A
[K[A
epoch 16  14%|██████                                    |  ETA: 0:01:33[K
     batch: 14/100[K
   samples: 1792/12800[K
[A
[A


[K[A
[K[A
epoch 16  15%|███████                                   |  ETA: 0:01:32[K
     batch: 15/100[K
   samples: 1920/12800[K
[A
[A


[K[A
[K[A
epoch 16  16%|███████                                   |  ETA: 0:01:31[K
     batch: 16/100[K
   samples: 2048/12800[K
[A
[A


[K[A
[K[A
epoch 16  17%|████████                                  |  ETA: 0:01:30[K
     batch: 17/100[K
   samples: 2176/12800[K
[A
[A


[K[A
[K[A
epoch 16  18%|████████                                  |  ETA: 0:01:29[K
     batch: 18/100[K
   samples: 2304/12800[K
[A
[A


[K[A
[K[A
epoch 16  19%|████████                                  |  ETA: 0:01:28[K
     batch: 19/100[K
   samples: 2432/12800[K
[A
[A


[K[A
[K[A
epoch 16  20%|█████████                                 |  ETA: 0:01:27[K
     batch: 20/100[K
   samples: 2560/12800[K
[A
[A


[K[A
[K[A
epoch 16  21%|█████████                                 |  ETA: 0:01:25[K
     batch: 21/100[K
   samples: 2688/12800[K
[A
[A


[K[A
[K[A
epoch 16  22%|██████████                                |  ETA: 0:01:24[K
     batch: 22/100[K
   samples: 2816/12800[K
[A
[A


[K[A
[K[A
epoch 16  23%|██████████                                |  ETA: 0:01:23[K
     batch: 23/100[K
   samples: 2944/12800[K
[A
[A


[K[A
[K[A
epoch 16  24%|███████████                               |  ETA: 0:01:22[K
     batch: 24/100[K
   samples: 3072/12800[K
[A
[A


[K[A
[K[A
epoch 16  25%|███████████                               |  ETA: 0:01:21[K
     batch: 25/100[K
   samples: 3200/12800[K
[A
[A


[K[A
[K[A
epoch 16  26%|███████████                               |  ETA: 0:01:20[K
     batch: 26/100[K
   samples: 3328/12800[K
[A
[A


[K[A
[K[A
epoch 16  27%|████████████                              |  ETA: 0:01:19[K
     batch: 27/100[K
   samples: 3456/12800[K
[A
[A


[K[A
[K[A
epoch 16  28%|████████████                              |  ETA: 0:01:18[K
     batch: 28/100[K
   samples: 3584/12800[K
[A
[A


[K[A
[K[A
epoch 16  29%|█████████████                             |  ETA: 0:01:17[K
     batch: 29/100[K
   samples: 3712/12800[K
[A
[A


[K[A
[K[A
epoch 16  30%|█████████████                             |  ETA: 0:01:16[K
     batch: 30/100[K
   samples: 3840/12800[K
[A
[A


[K[A
[K[A
epoch 16  31%|██████████████                            |  ETA: 0:01:15[K
     batch: 31/100[K
   samples: 3968/12800[K
[A
[A


[K[A
[K[A
epoch 16  32%|██████████████                            |  ETA: 0:01:14[K
     batch: 32/100[K
   samples: 4096/12800[K
[A
[A


[K[A
[K[A
epoch 16  33%|██████████████                            |  ETA: 0:01:12[K
     batch: 33/100[K
   samples: 4224/12800[K
[A
[A


[K[A
[K[A
epoch 16  34%|███████████████                           |  ETA: 0:01:11[K
     batch: 34/100[K
   samples: 4352/12800[K
[A
[A


[K[A
[K[A
epoch 16  35%|███████████████                           |  ETA: 0:01:10[K
     batch: 35/100[K
   samples: 4480/12800[K
[A
[A


[K[A
[K[A
epoch 16  36%|████████████████                          |  ETA: 0:01:09[K
     batch: 36/100[K
   samples: 4608/12800[K
[A
[A


[K[A
[K[A
epoch 16  37%|████████████████                          |  ETA: 0:01:08[K
     batch: 37/100[K
   samples: 4736/12800[K
[A
[A


[K[A
[K[A
epoch 16  38%|████████████████                          |  ETA: 0:01:07[K
     batch: 38/100[K
   samples: 4864/12800[K
[A
[A


[K[A
[K[A
epoch 16  39%|█████████████████                         |  ETA: 0:01:06[K
     batch: 39/100[K
   samples: 4992/12800[K
[A
[A


[K[A
[K[A
epoch 16  40%|█████████████████                         |  ETA: 0:01:05[K
     batch: 40/100[K
   samples: 5120/12800[K
[A
[A


[K[A
[K[A
epoch 16  41%|██████████████████                        |  ETA: 0:01:04[K
     batch: 41/100[K
   samples: 5248/12800[K
[A
[A


[K[A
[K[A
epoch 16  42%|██████████████████                        |  ETA: 0:01:03[K
     batch: 42/100[K
   samples: 5376/12800[K
[A
[A


[K[A
[K[A
epoch 16  43%|███████████████████                       |  ETA: 0:01:02[K
     batch: 43/100[K
   samples: 5504/12800[K
[A
[A


[K[A
[K[A
epoch 16  44%|███████████████████                       |  ETA: 0:01:01[K
     batch: 44/100[K
   samples: 5632/12800[K
[A
[A


[K[A
[K[A
epoch 16  45%|███████████████████                       |  ETA: 0:01:00[K
     batch: 45/100[K
   samples: 5760/12800[K
[A
[A


[K[A
[K[A
epoch 16  46%|████████████████████                      |  ETA: 0:00:59[K
     batch: 46/100[K
   samples: 5888/12800[K
[A
[A


[K[A
[K[A
epoch 16  47%|████████████████████                      |  ETA: 0:00:58[K
     batch: 47/100[K
   samples: 6016/12800[K
[A
[A


[K[A
[K[A
epoch 16  48%|█████████████████████                     |  ETA: 0:00:57[K
     batch: 48/100[K
   samples: 6144/12800[K
[A
[A


[K[A
[K[A
epoch 16  49%|█████████████████████                     |  ETA: 0:00:56[K
     batch: 49/100[K
   samples: 6272/12800[K
[A
[A


[K[A
[K[A
epoch 16  50%|██████████████████████                    |  ETA: 0:00:54[K
     batch: 50/100[K
   samples: 6400/12800[K
[A
[A


[K[A
[K[A
epoch 16  51%|██████████████████████                    |  ETA: 0:00:53[K
     batch: 51/100[K
   samples: 6528/12800[K
[A
[A


[K[A
[K[A
epoch 16  52%|██████████████████████                    |  ETA: 0:00:53[K
     batch: 52/100[K
   samples: 6656/12800[K
[A
[A


[K[A
[K[A
epoch 16  53%|███████████████████████                   |  ETA: 0:00:51[K
     batch: 53/100[K
   samples: 6784/12800[K
[A
[A


[K[A
[K[A
epoch 16  54%|███████████████████████                   |  ETA: 0:00:50[K
     batch: 54/100[K
   samples: 6912/12800[K
[A
[A


[K[A
[K[A
epoch 16  55%|████████████████████████                  |  ETA: 0:00:49[K
     batch: 55/100[K
   samples: 7040/12800[K
[A
[A


[K[A
[K[A
epoch 16  56%|████████████████████████                  |  ETA: 0:00:48[K
     batch: 56/100[K
   samples: 7168/12800[K
[A
[A


[K[A
[K[A
epoch 16  57%|████████████████████████                  |  ETA: 0:00:47[K
     batch: 57/100[K
   samples: 7296/12800[K
[A
[A


[K[A
[K[A
epoch 16  58%|█████████████████████████                 |  ETA: 0:00:46[K
     batch: 58/100[K
   samples: 7424/12800[K
[A
[A


[K[A
[K[A
epoch 16  59%|█████████████████████████                 |  ETA: 0:00:45[K
     batch: 59/100[K
   samples: 7552/12800[K
[A
[A


[K[A
[K[A
epoch 16  60%|██████████████████████████                |  ETA: 0:00:44[K
     batch: 60/100[K
   samples: 7680/12800[K
[A
[A


[K[A
[K[A
epoch 16  61%|██████████████████████████                |  ETA: 0:00:43[K
     batch: 61/100[K
   samples: 7808/12800[K
[A
[A


[K[A
[K[A
epoch 16  62%|███████████████████████████               |  ETA: 0:00:42[K
     batch: 62/100[K
   samples: 7936/12800[K
[A
[A


[K[A
[K[A
epoch 16  63%|███████████████████████████               |  ETA: 0:00:41[K
     batch: 63/100[K
   samples: 8064/12800[K
[A
[A


[K[A
[K[A
epoch 16  64%|███████████████████████████               |  ETA: 0:00:40[K
     batch: 64/100[K
   samples: 8192/12800[K
[A
[A


[K[A
[K[A
epoch 16  65%|████████████████████████████              |  ETA: 0:00:39[K
     batch: 65/100[K
   samples: 8320/12800[K
[A
[A


[K[A
[K[A
epoch 16  66%|████████████████████████████              |  ETA: 0:00:38[K
     batch: 66/100[K
   samples: 8448/12800[K
[A
[A


[K[A
[K[A
epoch 16  67%|█████████████████████████████             |  ETA: 0:00:37[K
     batch: 67/100[K
   samples: 8576/12800[K
[A
[A


[K[A
[K[A
epoch 16  68%|█████████████████████████████             |  ETA: 0:00:36[K
     batch: 68/100[K
   samples: 8704/12800[K
[A
[A


[K[A
[K[A
epoch 16  69%|█████████████████████████████             |  ETA: 0:00:35[K
     batch: 69/100[K
   samples: 8832/12800[K
[A
[A


[K[A
[K[A
epoch 16  70%|██████████████████████████████            |  ETA: 0:00:34[K
     batch: 70/100[K
   samples: 8960/12800[K
[A
[A


[K[A
[K[A
epoch 16  71%|██████████████████████████████            |  ETA: 0:00:33[K
     batch: 71/100[K
   samples: 9088/12800[K
[A
[A


[K[A
[K[A
epoch 16  72%|███████████████████████████████           |  ETA: 0:00:32[K
     batch: 72/100[K
   samples: 9216/12800[K
[A
[A


[K[A
[K[A
epoch 16  73%|███████████████████████████████           |  ETA: 0:00:30[K
     batch: 73/100[K
   samples: 9344/12800[K
[A
[A


[K[A
[K[A
epoch 16  74%|████████████████████████████████          |  ETA: 0:00:29[K
     batch: 74/100[K
   samples: 9472/12800[K
[A
[A


[K[A
[K[A
epoch 16  75%|████████████████████████████████          |  ETA: 0:00:28[K
     batch: 75/100[K
   samples: 9600/12800[K
[A
[A


[K[A
[K[A
epoch 16  76%|████████████████████████████████          |  ETA: 0:00:27[K
     batch: 76/100[K
   samples: 9728/12800[K
[A
[A


[K[A
[K[A
epoch 16  77%|█████████████████████████████████         |  ETA: 0:00:26[K
     batch: 77/100[K
   samples: 9856/12800[K
[A
[A


[K[A
[K[A
epoch 16  78%|█████████████████████████████████         |  ETA: 0:00:25[K
     batch: 78/100[K
   samples: 9984/12800[K
[A
[A


[K[A
[K[A
epoch 16  79%|██████████████████████████████████        |  ETA: 0:00:24[K
     batch: 79/100[K
   samples: 10112/12800[K
[A
[A


[K[A
[K[A
epoch 16  80%|██████████████████████████████████        |  ETA: 0:00:23[K
     batch: 80/100[K
   samples: 10240/12800[K
[A
[A


[K[A
[K[A
epoch 16  81%|███████████████████████████████████       |  ETA: 0:00:22[K
     batch: 81/100[K
   samples: 10368/12800[K
[A
[A


[K[A
[K[A
epoch 16  82%|███████████████████████████████████       |  ETA: 0:00:21[K
     batch: 82/100[K
   samples: 10496/12800[K
[A
[A


[K[A
[K[A
epoch 16  83%|███████████████████████████████████       |  ETA: 0:00:20[K
     batch: 83/100[K
   samples: 10624/12800[K
[A
[A


[K[A
[K[A
epoch 16  84%|████████████████████████████████████      |  ETA: 0:00:18[K
     batch: 84/100[K
   samples: 10752/12800[K
[A
[A


[K[A
[K[A
epoch 16  85%|████████████████████████████████████      |  ETA: 0:00:17[K
     batch: 85/100[K
   samples: 10880/12800[K
[A
[A


[K[A
[K[A
epoch 16  86%|█████████████████████████████████████     |  ETA: 0:00:16[K
     batch: 86/100[K
   samples: 11008/12800[K
[A
[A


[K[A
[K[A
epoch 16  87%|█████████████████████████████████████     |  ETA: 0:00:15[K
     batch: 87/100[K
   samples: 11136/12800[K
[A
[A


[K[A
[K[A
epoch 16  88%|█████████████████████████████████████     |  ETA: 0:00:14[K
     batch: 88/100[K
   samples: 11264/12800[K
[A
[A


[K[A
[K[A
epoch 16  89%|██████████████████████████████████████    |  ETA: 0:00:13[K
     batch: 89/100[K
   samples: 11392/12800[K
[A
[A


[K[A
[K[A
epoch 16  90%|██████████████████████████████████████    |  ETA: 0:00:12[K
     batch: 90/100[K
   samples: 11520/12800[K
[A
[A


[K[A
[K[A
epoch 16  91%|███████████████████████████████████████   |  ETA: 0:00:10[K
     batch: 91/100[K
   samples: 11648/12800[K
[A
[A


[K[A
[K[A
epoch 16  92%|███████████████████████████████████████   |  ETA: 0:00:09[K
     batch: 92/100[K
   samples: 11776/12800[K
[A
[A


[K[A
[K[A
epoch 16  93%|████████████████████████████████████████  |  ETA: 0:00:08[K
     batch: 93/100[K
   samples: 11904/12800[K
[A
[A


[K[A
[K[A
epoch 16  94%|████████████████████████████████████████  |  ETA: 0:00:07[K
     batch: 94/100[K
   samples: 12032/12800[K
[A
[A


[K[A
[K[A
epoch 16  95%|████████████████████████████████████████  |  ETA: 0:00:06[K
     batch: 95/100[K
   samples: 12160/12800[K
[A
[A


[K[A
[K[A
epoch 16  96%|█████████████████████████████████████████ |  ETA: 0:00:05[K
     batch: 96/100[K
   samples: 12288/12800[K
[A
[A


[K[A
[K[A
epoch 16  97%|█████████████████████████████████████████ |  ETA: 0:00:04[K
     batch: 97/100[K
   samples: 12416/12800[K
[A
[A


[K[A
[K[A
epoch 16  98%|██████████████████████████████████████████|  ETA: 0:00:02[K
     batch: 98/100[K
   samples: 12544/12800[K
[A
[A


[K[A
[K[A
epoch 16  99%|██████████████████████████████████████████|  ETA: 0:00:01[K
     batch: 99/100[K
   samples: 12672/12800[K
[A
[A


[K[A
[K[A
epoch 16 100%|██████████████████████████████████████████| Time: 0:01:56[K
     batch: 100/100[K
   samples: 12800/12800[K

epoch 17   2%|█                                         |  ETA: 0:02:02[K
     batch: 2/100[K
   samples: 256/12800[K
[A
[A


[K[A
[K[A
epoch 17   3%|██                                        |  ETA: 0:01:55[K
     batch: 3/100[K
   samples: 384/12800[K
[A
[A


[K[A
[K[A
epoch 17   4%|██                                        |  ETA: 0:01:54[K
     batch: 4/100[K
   samples: 512/12800[K
[A
[A


[K[A
[K[A
epoch 17   5%|███                                       |  ETA: 0:01:52[K
     batch: 5/100[K
   samples: 640/12800[K
[A
[A


[K[A
[K[A
epoch 17   6%|███                                       |  ETA: 0:01:50[K
     batch: 6/100[K
   samples: 768/12800[K
[A
[A


[K[A
[K[A
epoch 17   7%|███                                       |  ETA: 0:01:48[K
     batch: 7/100[K
   samples: 896/12800[K
[A
[A


[K[A
[K[A
epoch 17   8%|████                                      |  ETA: 0:01:46[K
     batch: 8/100[K
   samples: 1024/12800[K
[A
[A


[K[A
[K[A
epoch 17   9%|████                                      |  ETA: 0:01:46[K
     batch: 9/100[K
   samples: 1152/12800[K
[A
[A


[K[A
[K[A
epoch 17  10%|█████                                     |  ETA: 0:01:44[K
     batch: 10/100[K
   samples: 1280/12800[K
[A
[A


[K[A
[K[A
epoch 17  11%|█████                                     |  ETA: 0:01:43[K
     batch: 11/100[K
   samples: 1408/12800[K
[A
[A


[K[A
[K[A
epoch 17  12%|██████                                    |  ETA: 0:01:41[K
     batch: 12/100[K
   samples: 1536/12800[K
[A
[A


[K[A
[K[A
epoch 17  13%|██████                                    |  ETA: 0:01:39[K
     batch: 13/100[K
   samples: 1664/12800[K
[A
[A


[K[A
[K[A
epoch 17  14%|██████                                    |  ETA: 0:01:38[K
     batch: 14/100[K
   samples: 1792/12800[K
[A
[A


[K[A
[K[A
epoch 17  15%|███████                                   |  ETA: 0:01:37[K
     batch: 15/100[K
   samples: 1920/12800[K
[A
[A


[K[A
[K[A
epoch 17  16%|███████                                   |  ETA: 0:01:36[K
     batch: 16/100[K
   samples: 2048/12800[K
[A
[A


[K[A
[K[A
epoch 17  17%|████████                                  |  ETA: 0:01:34[K
     batch: 17/100[K
   samples: 2176/12800[K
[A
[A


[K[A
[K[A
epoch 17  18%|████████                                  |  ETA: 0:01:33[K
     batch: 18/100[K
   samples: 2304/12800[K
[A
[A


[K[A
[K[A
epoch 17  19%|████████                                  |  ETA: 0:01:31[K
     batch: 19/100[K
   samples: 2432/12800[K
[A
[A


[K[A
[K[A
epoch 17  20%|█████████                                 |  ETA: 0:01:30[K
     batch: 20/100[K
   samples: 2560/12800[K
[A
[A


[K[A
[K[A
epoch 17  21%|█████████                                 |  ETA: 0:01:29[K
     batch: 21/100[K
   samples: 2688/12800[K
[A
[A


[K[A
[K[A
epoch 17  22%|██████████                                |  ETA: 0:01:27[K
     batch: 22/100[K
   samples: 2816/12800[K
[A
[A


[K[A
[K[A
epoch 17  23%|██████████                                |  ETA: 0:01:26[K
     batch: 23/100[K
   samples: 2944/12800[K
[A
[A


[K[A
[K[A
epoch 17  24%|███████████                               |  ETA: 0:01:25[K
     batch: 24/100[K
   samples: 3072/12800[K
[A
[A


[K[A
[K[A
epoch 17  25%|███████████                               |  ETA: 0:01:24[K
     batch: 25/100[K
   samples: 3200/12800[K
[A
[A


[K[A
[K[A
epoch 17  26%|███████████                               |  ETA: 0:01:23[K
     batch: 26/100[K
   samples: 3328/12800[K
[A
[A


[K[A
[K[A
epoch 17  27%|████████████                              |  ETA: 0:01:21[K
     batch: 27/100[K
   samples: 3456/12800[K
[A
[A


[K[A
[K[A
epoch 17  28%|████████████                              |  ETA: 0:01:20[K
     batch: 28/100[K
   samples: 3584/12800[K
[A
[A


[K[A
[K[A
epoch 17  29%|█████████████                             |  ETA: 0:01:19[K
     batch: 29/100[K
   samples: 3712/12800[K
[A
[A


[K[A
[K[A
epoch 17  30%|█████████████                             |  ETA: 0:01:18[K
     batch: 30/100[K
   samples: 3840/12800[K
[A
[A


[K[A
[K[A
epoch 17  31%|██████████████                            |  ETA: 0:01:16[K
     batch: 31/100[K
   samples: 3968/12800[K
[A
[A


[K[A
[K[A
epoch 17  32%|██████████████                            |  ETA: 0:01:15[K
     batch: 32/100[K
   samples: 4096/12800[K
[A
[A


[K[A
[K[A
epoch 17  33%|██████████████                            |  ETA: 0:01:14[K
     batch: 33/100[K
   samples: 4224/12800[K
[A
[A


[K[A
[K[A
epoch 17  34%|███████████████                           |  ETA: 0:01:13[K
     batch: 34/100[K
   samples: 4352/12800[K
[A
[A


[K[A
[K[A
epoch 17  35%|███████████████                           |  ETA: 0:01:11[K
     batch: 35/100[K
   samples: 4480/12800[K
[A
[A


[K[A
[K[A
epoch 17  36%|████████████████                          |  ETA: 0:01:10[K
     batch: 36/100[K
   samples: 4608/12800[K
[A
[A


[K[A
[K[A
epoch 17  37%|████████████████                          |  ETA: 0:01:09[K
     batch: 37/100[K
   samples: 4736/12800[K
[A
[A


[K[A
[K[A
epoch 17  38%|████████████████                          |  ETA: 0:01:08[K
     batch: 38/100[K
   samples: 4864/12800[K
[A
[A


[K[A
[K[A
epoch 17  39%|█████████████████                         |  ETA: 0:01:07[K
     batch: 39/100[K
   samples: 4992/12800[K
[A
[A


[K[A
[K[A
epoch 17  40%|█████████████████                         |  ETA: 0:01:06[K
     batch: 40/100[K
   samples: 5120/12800[K
[A
[A


[K[A
[K[A
epoch 17  41%|██████████████████                        |  ETA: 0:01:05[K
     batch: 41/100[K
   samples: 5248/12800[K
[A
[A


[K[A
[K[A
epoch 17  42%|██████████████████                        |  ETA: 0:01:04[K
     batch: 42/100[K
   samples: 5376/12800[K
[A
[A


[K[A
[K[A
epoch 17  43%|███████████████████                       |  ETA: 0:01:02[K
     batch: 43/100[K
   samples: 5504/12800[K
[A
[A


[K[A
[K[A
epoch 17  44%|███████████████████                       |  ETA: 0:01:01[K
     batch: 44/100[K
   samples: 5632/12800[K
[A
[A


[K[A
[K[A
epoch 17  45%|███████████████████                       |  ETA: 0:01:00[K
     batch: 45/100[K
   samples: 5760/12800[K
[A
[A


[K[A
[K[A
epoch 17  47%|████████████████████                      |  ETA: 0:00:58[K
     batch: 47/100[K
   samples: 6016/12800[K
[A
[A


[K[A
[K[A
epoch 17  48%|█████████████████████                     |  ETA: 0:00:57[K
     batch: 48/100[K
   samples: 6144/12800[K
[A
[A


[K[A
[K[A
epoch 17  49%|█████████████████████                     |  ETA: 0:00:56[K
     batch: 49/100[K
   samples: 6272/12800[K
[A
[A


[K[A
[K[A
epoch 17  50%|██████████████████████                    |  ETA: 0:00:55[K
     batch: 50/100[K
   samples: 6400/12800[K
[A
[A


[K[A
[K[A
epoch 17  51%|██████████████████████                    |  ETA: 0:00:54[K
     batch: 51/100[K
   samples: 6528/12800[K
[A
[A


[K[A
[K[A
epoch 17  52%|██████████████████████                    |  ETA: 0:00:53[K
     batch: 52/100[K
   samples: 6656/12800[K
[A
[A


[K[A
[K[A
epoch 17  53%|███████████████████████                   |  ETA: 0:00:52[K
     batch: 53/100[K
   samples: 6784/12800[K
[A
[A


[K[A
[K[A
epoch 17  54%|███████████████████████                   |  ETA: 0:00:51[K
     batch: 54/100[K
   samples: 6912/12800[K
[A
[A


[K[A
[K[A
epoch 17  55%|████████████████████████                  |  ETA: 0:00:49[K
     batch: 55/100[K
   samples: 7040/12800[K
[A
[A


[K[A
[K[A
epoch 17  56%|████████████████████████                  |  ETA: 0:00:48[K
     batch: 56/100[K
   samples: 7168/12800[K
[A
[A


[K[A
[K[A
epoch 17  57%|████████████████████████                  |  ETA: 0:00:47[K
     batch: 57/100[K
   samples: 7296/12800[K
[A
[A


[K[A
[K[A
epoch 17  58%|█████████████████████████                 |  ETA: 0:00:46[K
     batch: 58/100[K
   samples: 7424/12800[K
[A
[A


[K[A
[K[A
epoch 17  59%|█████████████████████████                 |  ETA: 0:00:45[K
     batch: 59/100[K
   samples: 7552/12800[K
[A
[A


[K[A
[K[A
epoch 17  60%|██████████████████████████                |  ETA: 0:00:44[K
     batch: 60/100[K
   samples: 7680/12800[K
[A
[A


[K[A
[K[A
epoch 17  61%|██████████████████████████                |  ETA: 0:00:43[K
     batch: 61/100[K
   samples: 7808/12800[K
[A
[A


[K[A
[K[A
epoch 17  62%|███████████████████████████               |  ETA: 0:00:42[K
     batch: 62/100[K
   samples: 7936/12800[K
[A
[A


[K[A
[K[A
epoch 17  63%|███████████████████████████               |  ETA: 0:00:41[K
     batch: 63/100[K
   samples: 8064/12800[K
[A
[A


[K[A
[K[A
epoch 17  64%|███████████████████████████               |  ETA: 0:00:40[K
     batch: 64/100[K
   samples: 8192/12800[K
[A
[A


[K[A
[K[A
epoch 17  65%|████████████████████████████              |  ETA: 0:00:39[K
     batch: 65/100[K
   samples: 8320/12800[K
[A
[A


[K[A
[K[A
epoch 17  66%|████████████████████████████              |  ETA: 0:00:38[K
     batch: 66/100[K
   samples: 8448/12800[K
[A
[A


[K[A
[K[A
epoch 17  67%|█████████████████████████████             |  ETA: 0:00:37[K
     batch: 67/100[K
   samples: 8576/12800[K
[A
[A


[K[A
[K[A
epoch 17  68%|█████████████████████████████             |  ETA: 0:00:36[K
     batch: 68/100[K
   samples: 8704/12800[K
[A
[A


[K[A
[K[A
epoch 17  69%|█████████████████████████████             |  ETA: 0:00:35[K
     batch: 69/100[K
   samples: 8832/12800[K
[A
[A


[K[A
[K[A
epoch 17  70%|██████████████████████████████            |  ETA: 0:00:33[K
     batch: 70/100[K
   samples: 8960/12800[K
[A
[A


[K[A
[K[A
epoch 17  71%|██████████████████████████████            |  ETA: 0:00:32[K
     batch: 71/100[K
   samples: 9088/12800[K
[A
[A


[K[A
[K[A
epoch 17  72%|███████████████████████████████           |  ETA: 0:00:31[K
     batch: 72/100[K
   samples: 9216/12800[K
[A
[A


[K[A
[K[A
epoch 17  73%|███████████████████████████████           |  ETA: 0:00:30[K
     batch: 73/100[K
   samples: 9344/12800[K
[A
[A


[K[A
[K[A
epoch 17  74%|████████████████████████████████          |  ETA: 0:00:29[K
     batch: 74/100[K
   samples: 9472/12800[K
[A
[A


[K[A
[K[A
epoch 17  75%|████████████████████████████████          |  ETA: 0:00:28[K
     batch: 75/100[K
   samples: 9600/12800[K
[A
[A


[K[A
[K[A
epoch 17  76%|████████████████████████████████          |  ETA: 0:00:27[K
     batch: 76/100[K
   samples: 9728/12800[K
[A
[A


[K[A
[K[A
epoch 17  77%|█████████████████████████████████         |  ETA: 0:00:26[K
     batch: 77/100[K
   samples: 9856/12800[K
[A
[A


[K[A
[K[A
epoch 17  78%|█████████████████████████████████         |  ETA: 0:00:25[K
     batch: 78/100[K
   samples: 9984/12800[K
[A
[A


[K[A
[K[A
epoch 17  79%|██████████████████████████████████        |  ETA: 0:00:24[K
     batch: 79/100[K
   samples: 10112/12800[K
[A
[A


[K[A
[K[A
epoch 17  80%|██████████████████████████████████        |  ETA: 0:00:23[K
     batch: 80/100[K
   samples: 10240/12800[K
[A
[A


[K[A
[K[A
epoch 17  81%|███████████████████████████████████       |  ETA: 0:00:21[K
     batch: 81/100[K
   samples: 10368/12800[K
[A
[A


[K[A
[K[A
epoch 17  82%|███████████████████████████████████       |  ETA: 0:00:20[K
     batch: 82/100[K
   samples: 10496/12800[K
[A
[A


[K[A
[K[A
epoch 17  83%|███████████████████████████████████       |  ETA: 0:00:19[K
     batch: 83/100[K
   samples: 10624/12800[K
[A
[A


[K[A
[K[A
epoch 17  84%|████████████████████████████████████      |  ETA: 0:00:18[K
     batch: 84/100[K
   samples: 10752/12800[K
[A
[A


[K[A
[K[A
epoch 17  85%|████████████████████████████████████      |  ETA: 0:00:17[K
     batch: 85/100[K
   samples: 10880/12800[K
[A
[A


[K[A
[K[A
epoch 17  86%|█████████████████████████████████████     |  ETA: 0:00:16[K
     batch: 86/100[K
   samples: 11008/12800[K
[A
[A


[K[A
[K[A
epoch 17  87%|█████████████████████████████████████     |  ETA: 0:00:15[K
     batch: 87/100[K
   samples: 11136/12800[K
[A
[A


[K[A
[K[A
epoch 17  88%|█████████████████████████████████████     |  ETA: 0:00:14[K
     batch: 88/100[K
   samples: 11264/12800[K
[A
[A


[K[A
[K[A
epoch 17  89%|██████████████████████████████████████    |  ETA: 0:00:12[K
     batch: 89/100[K
   samples: 11392/12800[K
[A
[A


[K[A
[K[A
epoch 17  90%|██████████████████████████████████████    |  ETA: 0:00:11[K
     batch: 90/100[K
   samples: 11520/12800[K
[A
[A


[K[A
[K[A
epoch 17  91%|███████████████████████████████████████   |  ETA: 0:00:10[K
     batch: 91/100[K
   samples: 11648/12800[K
[A
[A


[K[A
[K[A
epoch 17  92%|███████████████████████████████████████   |  ETA: 0:00:09[K
     batch: 92/100[K
   samples: 11776/12800[K
[A
[A


[K[A
[K[A
epoch 17  93%|████████████████████████████████████████  |  ETA: 0:00:08[K
     batch: 93/100[K
   samples: 11904/12800[K
[A
[A


[K[A
[K[A
epoch 17  94%|████████████████████████████████████████  |  ETA: 0:00:07[K
     batch: 94/100[K
   samples: 12032/12800[K
[A
[A


[K[A
[K[A
epoch 17  95%|████████████████████████████████████████  |  ETA: 0:00:06[K
     batch: 95/100[K
   samples: 12160/12800[K
[A
[A


[K[A
[K[A
epoch 17  96%|█████████████████████████████████████████ |  ETA: 0:00:05[K
     batch: 96/100[K
   samples: 12288/12800[K
[A
[A


[K[A
[K[A
epoch 17  97%|█████████████████████████████████████████ |  ETA: 0:00:03[K
     batch: 97/100[K
   samples: 12416/12800[K
[A
[A


[K[A
[K[A
epoch 17  98%|██████████████████████████████████████████|  ETA: 0:00:02[K
     batch: 98/100[K
   samples: 12544/12800[K
[A
[A


[K[A
[K[A
epoch 17  99%|██████████████████████████████████████████|  ETA: 0:00:01[K
     batch: 99/100[K
   samples: 12672/12800[K
[A
[A


[K[A
[K[A
epoch 17 100%|██████████████████████████████████████████| Time: 0:01:53[K
     batch: 100/100[K
   samples: 12800/12800[K

epoch 18   2%|█                                         |  ETA: 0:01:50[K
     batch: 2/100[K
   samples: 256/12800[K
[A
[A


[K[A
[K[A
epoch 18   3%|██                                        |  ETA: 0:01:52[K
     batch: 3/100[K
   samples: 384/12800[K
[A
[A


[K[A
[K[A
epoch 18   4%|██                                        |  ETA: 0:01:49[K
     batch: 4/100[K
   samples: 512/12800[K
[A
[A


[K[A
[K[A
epoch 18   5%|███                                       |  ETA: 0:01:48[K
     batch: 5/100[K
   samples: 640/12800[K
[A
[A


[K[A
[K[A
epoch 18   6%|███                                       |  ETA: 0:01:47[K
     batch: 6/100[K
   samples: 768/12800[K
[A
[A


[K[A
[K[A
epoch 18   7%|███                                       |  ETA: 0:01:46[K
     batch: 7/100[K
   samples: 896/12800[K
[A
[A


[K[A
[K[A
epoch 18   8%|████                                      |  ETA: 0:01:47[K
     batch: 8/100[K
   samples: 1024/12800[K
[A
[A


[K[A
[K[A
epoch 18   9%|████                                      |  ETA: 0:01:47[K
     batch: 9/100[K
   samples: 1152/12800[K
[A
[A


[K[A
[K[A
epoch 18  10%|█████                                     |  ETA: 0:01:45[K
     batch: 10/100[K
   samples: 1280/12800[K
[A
[A


[K[A
[K[A
epoch 18  11%|█████                                     |  ETA: 0:01:44[K
     batch: 11/100[K
   samples: 1408/12800[K
[A
[A


[K[A
[K[A
epoch 18  12%|██████                                    |  ETA: 0:01:43[K
     batch: 12/100[K
   samples: 1536/12800[K
[A
[A


[K[A
[K[A
epoch 18  13%|██████                                    |  ETA: 0:01:41[K
     batch: 13/100[K
   samples: 1664/12800[K
[A
[A


[K[A
[K[A
epoch 18  14%|██████                                    |  ETA: 0:01:39[K
     batch: 14/100[K
   samples: 1792/12800[K
[A
[A


[K[A
[K[A
epoch 18  15%|███████                                   |  ETA: 0:01:38[K
     batch: 15/100[K
   samples: 1920/12800[K
[A
[A


[K[A
[K[A
epoch 18  16%|███████                                   |  ETA: 0:01:36[K
     batch: 16/100[K
   samples: 2048/12800[K
[A
[A


[K[A
[K[A
epoch 18  17%|████████                                  |  ETA: 0:01:35[K
     batch: 17/100[K
   samples: 2176/12800[K
[A
[A


[K[A
[K[A
epoch 18  18%|████████                                  |  ETA: 0:01:35[K
     batch: 18/100[K
   samples: 2304/12800[K
[A
[A


[K[A
[K[A
epoch 18  19%|████████                                  |  ETA: 0:01:33[K
     batch: 19/100[K
   samples: 2432/12800[K
[A
[A


[K[A
[K[A
epoch 18  20%|█████████                                 |  ETA: 0:01:32[K
     batch: 20/100[K
   samples: 2560/12800[K
[A
[A


[K[A
[K[A
epoch 18  21%|█████████                                 |  ETA: 0:01:31[K
     batch: 21/100[K
   samples: 2688/12800[K
[A
[A


[K[A
[K[A
epoch 18  22%|██████████                                |  ETA: 0:01:30[K
     batch: 22/100[K
   samples: 2816/12800[K
[A
[A


[K[A
[K[A
epoch 18  23%|██████████                                |  ETA: 0:01:29[K
     batch: 23/100[K
   samples: 2944/12800[K
[A
[A


[K[A
[K[A
epoch 18  24%|███████████                               |  ETA: 0:01:28[K
     batch: 24/100[K
   samples: 3072/12800[K
[A
[A


[K[A
[K[A
epoch 18  25%|███████████                               |  ETA: 0:01:27[K
     batch: 25/100[K
   samples: 3200/12800[K
[A
[A


[K[A
[K[A
epoch 18  26%|███████████                               |  ETA: 0:01:26[K
     batch: 26/100[K
   samples: 3328/12800[K
[A
[A


[K[A
[K[A
epoch 18  27%|████████████                              |  ETA: 0:01:25[K
     batch: 27/100[K
   samples: 3456/12800[K
[A
[A


[K[A
[K[A
epoch 18  28%|████████████                              |  ETA: 0:01:23[K
     batch: 28/100[K
   samples: 3584/12800[K
[A
[A


[K[A
[K[A
epoch 18  29%|█████████████                             |  ETA: 0:01:22[K
     batch: 29/100[K
   samples: 3712/12800[K
[A
[A


[K[A
[K[A
epoch 18  30%|█████████████                             |  ETA: 0:01:21[K
     batch: 30/100[K
   samples: 3840/12800[K
[A
[A


[K[A
[K[A
epoch 18  31%|██████████████                            |  ETA: 0:01:20[K
     batch: 31/100[K
   samples: 3968/12800[K
[A
[A


[K[A
[K[A
epoch 18  32%|██████████████                            |  ETA: 0:01:19[K
     batch: 32/100[K
   samples: 4096/12800[K
[A
[A


[K[A
[K[A
epoch 18  33%|██████████████                            |  ETA: 0:01:18[K
     batch: 33/100[K
   samples: 4224/12800[K
[A
[A


[K[A
[K[A
epoch 18  34%|███████████████                           |  ETA: 0:01:17[K
     batch: 34/100[K
   samples: 4352/12800[K
[A
[A


[K[A
[K[A
epoch 18  35%|███████████████                           |  ETA: 0:01:16[K
     batch: 35/100[K
   samples: 4480/12800[K
[A
[A


[K[A
[K[A
epoch 18  36%|████████████████                          |  ETA: 0:01:15[K
     batch: 36/100[K
   samples: 4608/12800[K
[A
[A


[K[A
[K[A
epoch 18  37%|████████████████                          |  ETA: 0:01:14[K
     batch: 37/100[K
   samples: 4736/12800[K
[A
[A


[K[A
[K[A
epoch 18  38%|████████████████                          |  ETA: 0:01:12[K
     batch: 38/100[K
   samples: 4864/12800[K
[A
[A


[K[A
[K[A
epoch 18  39%|█████████████████                         |  ETA: 0:01:11[K
     batch: 39/100[K
   samples: 4992/12800[K
[A
[A


[K[A
[K[A
epoch 18  40%|█████████████████                         |  ETA: 0:01:10[K
     batch: 40/100[K
   samples: 5120/12800[K
[A
[A


[K[A
[K[A
epoch 18  41%|██████████████████                        |  ETA: 0:01:09[K
     batch: 41/100[K
   samples: 5248/12800[K
[A
[A


[K[A
[K[A
epoch 18  42%|██████████████████                        |  ETA: 0:01:08[K
     batch: 42/100[K
   samples: 5376/12800[K
[A
[A


[K[A
[K[A
epoch 18  43%|███████████████████                       |  ETA: 0:01:06[K
     batch: 43/100[K
   samples: 5504/12800[K
[A
[A


[K[A
[K[A
epoch 18  44%|███████████████████                       |  ETA: 0:01:05[K
     batch: 44/100[K
   samples: 5632/12800[K
[A
[A


[K[A
[K[A
epoch 18  45%|███████████████████                       |  ETA: 0:01:04[K
     batch: 45/100[K
   samples: 5760/12800[K
[A
[A


[K[A
[K[A
epoch 18  46%|████████████████████                      |  ETA: 0:01:03[K
     batch: 46/100[K
   samples: 5888/12800[K
[A
[A


[K[A
[K[A
epoch 18  47%|████████████████████                      |  ETA: 0:01:02[K
     batch: 47/100[K
   samples: 6016/12800[K
[A
[A


[K[A
[K[A
epoch 18  48%|█████████████████████                     |  ETA: 0:01:01[K
     batch: 48/100[K
   samples: 6144/12800[K
[A
[A


[K[A
[K[A
epoch 18  49%|█████████████████████                     |  ETA: 0:00:59[K
     batch: 49/100[K
   samples: 6272/12800[K
[A
[A


[K[A
[K[A
epoch 18  50%|██████████████████████                    |  ETA: 0:00:58[K
     batch: 50/100[K
   samples: 6400/12800[K
[A
[A


[K[A
[K[A
epoch 18  51%|██████████████████████                    |  ETA: 0:00:57[K
     batch: 51/100[K
   samples: 6528/12800[K
[A
[A


[K[A
[K[A
epoch 18  52%|██████████████████████                    |  ETA: 0:00:56[K
     batch: 52/100[K
   samples: 6656/12800[K
[A
[A


[K[A
[K[A
epoch 18  53%|███████████████████████                   |  ETA: 0:00:55[K
     batch: 53/100[K
   samples: 6784/12800[K
[A
[A


[K[A
[K[A
epoch 18  54%|███████████████████████                   |  ETA: 0:00:54[K
     batch: 54/100[K
   samples: 6912/12800[K
[A
[A


[K[A
[K[A
epoch 18  55%|████████████████████████                  |  ETA: 0:00:53[K
     batch: 55/100[K
   samples: 7040/12800[K
[A
[A


[K[A
[K[A
epoch 18  56%|████████████████████████                  |  ETA: 0:00:51[K
     batch: 56/100[K
   samples: 7168/12800[K
[A
[A


[K[A
[K[A
epoch 18  57%|████████████████████████                  |  ETA: 0:00:50[K
     batch: 57/100[K
   samples: 7296/12800[K
[A
[A


[K[A
[K[A
epoch 18  58%|█████████████████████████                 |  ETA: 0:00:49[K
     batch: 58/100[K
   samples: 7424/12800[K
[A
[A


[K[A
[K[A
epoch 18  59%|█████████████████████████                 |  ETA: 0:00:48[K
     batch: 59/100[K
   samples: 7552/12800[K
[A
[A


[K[A
[K[A
epoch 18  60%|██████████████████████████                |  ETA: 0:00:47[K
     batch: 60/100[K
   samples: 7680/12800[K
[A
[A


[K[A
[K[A
epoch 18  61%|██████████████████████████                |  ETA: 0:00:46[K
     batch: 61/100[K
   samples: 7808/12800[K
[A
[A


[K[A
[K[A
epoch 18  62%|███████████████████████████               |  ETA: 0:00:45[K
     batch: 62/100[K
   samples: 7936/12800[K
[A
[A


[K[A
[K[A
epoch 18  63%|███████████████████████████               |  ETA: 0:00:43[K
     batch: 63/100[K
   samples: 8064/12800[K
[A
[A


[K[A
[K[A
epoch 18  64%|███████████████████████████               |  ETA: 0:00:42[K
     batch: 64/100[K
   samples: 8192/12800[K
[A
[A


[K[A
[K[A
epoch 18  65%|████████████████████████████              |  ETA: 0:00:41[K
     batch: 65/100[K
   samples: 8320/12800[K
[A
[A


[K[A
[K[A
epoch 18  66%|████████████████████████████              |  ETA: 0:00:40[K
     batch: 66/100[K
   samples: 8448/12800[K
[A
[A


[K[A
[K[A
epoch 18  67%|█████████████████████████████             |  ETA: 0:00:39[K
     batch: 67/100[K
   samples: 8576/12800[K
[A
[A


[K[A
[K[A
epoch 18  68%|█████████████████████████████             |  ETA: 0:00:38[K
     batch: 68/100[K
   samples: 8704/12800[K
[A
[A


[K[A
[K[A
epoch 18  69%|█████████████████████████████             |  ETA: 0:00:37[K
     batch: 69/100[K
   samples: 8832/12800[K
[A
[A


[K[A
[K[A
epoch 18  70%|██████████████████████████████            |  ETA: 0:00:35[K
     batch: 70/100[K
   samples: 8960/12800[K
[A
[A


[K[A
[K[A
epoch 18  71%|██████████████████████████████            |  ETA: 0:00:34[K
     batch: 71/100[K
   samples: 9088/12800[K
[A
[A


[K[A
[K[A
epoch 18  72%|███████████████████████████████           |  ETA: 0:00:33[K
     batch: 72/100[K
   samples: 9216/12800[K
[A
[A


[K[A
[K[A
epoch 18  73%|███████████████████████████████           |  ETA: 0:00:32[K
     batch: 73/100[K
   samples: 9344/12800[K
[A
[A


[K[A
[K[A
epoch 18  74%|████████████████████████████████          |  ETA: 0:00:31[K
     batch: 74/100[K
   samples: 9472/12800[K
[A
[A


[K[A
[K[A
epoch 18  75%|████████████████████████████████          |  ETA: 0:00:29[K
     batch: 75/100[K
   samples: 9600/12800[K
[A
[A


[K[A
[K[A
epoch 18  76%|████████████████████████████████          |  ETA: 0:00:28[K
     batch: 76/100[K
   samples: 9728/12800[K
[A
[A


[K[A
[K[A
epoch 18  77%|█████████████████████████████████         |  ETA: 0:00:27[K
     batch: 77/100[K
   samples: 9856/12800[K
[A
[A


[K[A
[K[A
epoch 18  78%|█████████████████████████████████         |  ETA: 0:00:26[K
     batch: 78/100[K
   samples: 9984/12800[K
[A
[A


[K[A
[K[A
epoch 18  79%|██████████████████████████████████        |  ETA: 0:00:25[K
     batch: 79/100[K
   samples: 10112/12800[K
[A
[A


[K[A
[K[A
epoch 18  80%|██████████████████████████████████        |  ETA: 0:00:24[K
     batch: 80/100[K
   samples: 10240/12800[K
[A
[A


[K[A
[K[A
epoch 18  81%|███████████████████████████████████       |  ETA: 0:00:22[K
     batch: 81/100[K
   samples: 10368/12800[K
[A
[A


[K[A
[K[A
epoch 18  82%|███████████████████████████████████       |  ETA: 0:00:21[K
     batch: 82/100[K
   samples: 10496/12800[K
[A
[A


[K[A
[K[A
epoch 18  83%|███████████████████████████████████       |  ETA: 0:00:20[K
     batch: 83/100[K
   samples: 10624/12800[K
[A
[A


[K[A
[K[A
epoch 18  84%|████████████████████████████████████      |  ETA: 0:00:19[K
     batch: 84/100[K
   samples: 10752/12800[K
[A
[A


[K[A
[K[A
epoch 18  85%|████████████████████████████████████      |  ETA: 0:00:18[K
     batch: 85/100[K
   samples: 10880/12800[K
[A
[A


[K[A
[K[A
epoch 18  86%|█████████████████████████████████████     |  ETA: 0:00:16[K
     batch: 86/100[K
   samples: 11008/12800[K
[A
[A


[K[A
[K[A
epoch 18  87%|█████████████████████████████████████     |  ETA: 0:00:15[K
     batch: 87/100[K
   samples: 11136/12800[K
[A
[A


[K[A
[K[A
epoch 18  88%|█████████████████████████████████████     |  ETA: 0:00:14[K
     batch: 88/100[K
   samples: 11264/12800[K
[A
[A


[K[A
[K[A
epoch 18  89%|██████████████████████████████████████    |  ETA: 0:00:13[K
     batch: 89/100[K
   samples: 11392/12800[K
[A
[A


[K[A
[K[A
epoch 18  90%|██████████████████████████████████████    |  ETA: 0:00:12[K
     batch: 90/100[K
   samples: 11520/12800[K
[A
[A


[K[A
[K[A
epoch 18  91%|███████████████████████████████████████   |  ETA: 0:00:11[K
     batch: 91/100[K
   samples: 11648/12800[K
[A
[A


[K[A
[K[A
epoch 18  92%|███████████████████████████████████████   |  ETA: 0:00:09[K
     batch: 92/100[K
   samples: 11776/12800[K
[A
[A


[K[A
[K[A
epoch 18  93%|████████████████████████████████████████  |  ETA: 0:00:08[K
     batch: 93/100[K
   samples: 11904/12800[K
[A
[A


[K[A
[K[A
epoch 18  94%|████████████████████████████████████████  |  ETA: 0:00:07[K
     batch: 94/100[K
   samples: 12032/12800[K
[A
[A


[K[A
[K[A
epoch 18  95%|████████████████████████████████████████  |  ETA: 0:00:06[K
     batch: 95/100[K
   samples: 12160/12800[K
[A
[A


[K[A
[K[A
epoch 18  96%|█████████████████████████████████████████ |  ETA: 0:00:05[K
     batch: 96/100[K
   samples: 12288/12800[K
[A
[A


[K[A
[K[A
epoch 18  97%|█████████████████████████████████████████ |  ETA: 0:00:04[K
     batch: 97/100[K
   samples: 12416/12800[K
[A
[A


[K[A
[K[A
epoch 18  98%|██████████████████████████████████████████|  ETA: 0:00:02[K
     batch: 98/100[K
   samples: 12544/12800[K
[A
[A


[K[A
[K[A
epoch 18  99%|██████████████████████████████████████████|  ETA: 0:00:01[K
     batch: 99/100[K
   samples: 12672/12800[K
[A
[A


[K[A
[K[A
epoch 18 100%|██████████████████████████████████████████| Time: 0:01:57[K
     batch: 100/100[K
   samples: 12800/12800[K
[bootstrap] activated project
[bootstrap] loaded packages
building MNIST 784-120-40 layer
loading training split
training samples: 12800 (100 batches/epoch)
loading train-eval split
train-eval samples: 1000
loading test split
test samples: 1000
constructing 32-worker softplus-margin nudge Adam manager
constructing 32-worker validation manager
starting epochs
restoring checkpoint state from ext/IsingLearning/experiments/MNIST/baseline_new_nudge/experiments/current/symmetric_nudge_resume_from_v4_best_20260609/resume_lr0p00015_reset/best_checkpoint.bin
epoch 13 training
epoch 13 batch 1/100 samples 128/12800 elapsed 16.8s
epoch 13 batch 25/100 samples 3200/12800 elapsed 43.0s
epoch 13 batch 50/100 samples 6400/12800 elapsed 69.5s
epoch 13 batch 75/100 samples 9600/12800 elapsed 95.8s
epoch 13 batch 100/100 samples 12800/12800 elapsed 122.3s
epoch 13 training done in 122.246s
epoch 13 train-eval: evaluating 1000 samples
epoch 13 train accuracy 0.667 loss 12.19945
epoch 13 evaluating
epoch 13 test: evaluating 1000 samples
epoch 13 test accuracy 0.67 loss 12.170594 best 0.689
(timestamp = "2026-06-10T01:16:12", epoch = 13, seconds = 122.2463934, train_accuracy = 0.667, train_loss = 12.1994505f0, test_accuracy = 0.67, test_loss = 12.170594f0, pred_counts = "105-123-132-161-147-86-105-121-7-13", w_norm = 0.7496898f0, b_norm = 0.060103305f0, w_input_norm = 1.9097168f0, grad_w_norm = 9.320987f0, grad_b_norm = 1.100901f0, grad_w_input_norm = 8.980885f0, effective_w_decay = 0.001f0, effective_w_input_decay = 0.001f0, symmetry_error = 0.0f0, grad_symmetry_error = 0.0f0, best_accuracy = 0.689, best_path = "ext\\IsingLearning\\experiments\\MNIST\\baseline_new_nudge\\experiments\\current\\symmetric_nudge_resume_from_0p689_20260610\\cont_lr0p00015_keepadam_s750\\best_checkpoint.bin", final_path = "")
epoch 14 training
epoch 14 batch 1/100 samples 128/12800 elapsed 1.1s
epoch 14 batch 25/100 samples 3200/12800 elapsed 29.4s
epoch 14 batch 50/100 samples 6400/12800 elapsed 57.6s
epoch 14 batch 75/100 samples 9600/12800 elapsed 88.4s
epoch 14 batch 100/100 samples 12800/12800 elapsed 117.9s
epoch 14 training done in 117.883s
epoch 14 train-eval: evaluating 1000 samples
epoch 14 train accuracy 0.657 loss 12.989617
epoch 14 evaluating
epoch 14 test: evaluating 1000 samples
epoch 14 test accuracy 0.652 loss 13.014113 best 0.689
(timestamp = "2026-06-10T01:18:16", epoch = 14, seconds = 117.8828939, train_accuracy = 0.657, train_loss = 12.989617f0, test_accuracy = 0.652, test_loss = 13.014113f0, pred_counts = "130-101-138-172-110-86-88-166-2-7", w_norm = 0.76179725f0, b_norm = 0.0601922f0, w_input_norm = 1.9340371f0, grad_w_norm = 5.29271f0, grad_b_norm = 0.67917824f0, grad_w_input_norm = 2.1825817f0, effective_w_decay = 0.001f0, effective_w_input_decay = 0.001f0, symmetry_error = 0.0f0, grad_symmetry_error = 0.0f0, best_accuracy = 0.689, best_path = "ext\\IsingLearning\\experiments\\MNIST\\baseline_new_nudge\\experiments\\current\\symmetric_nudge_resume_from_0p689_20260610\\cont_lr0p00015_keepadam_s750\\best_checkpoint.bin", final_path = "")
epoch 15 training
epoch 15 batch 1/100 samples 128/12800 elapsed 1.5s
epoch 15 batch 25/100 samples 3200/12800 elapsed 29.9s
epoch 15 batch 50/100 samples 6400/12800 elapsed 59.0s
epoch 15 batch 75/100 samples 9600/12800 elapsed 89.9s
epoch 15 batch 100/100 samples 12800/12800 elapsed 118.2s
epoch 15 training done in 118.177s
epoch 15 train-eval: evaluating 1000 samples
epoch 15 train accuracy 0.645 loss 12.38879
epoch 15 evaluating
epoch 15 test: evaluating 1000 samples
epoch 15 test accuracy 0.67 loss 12.031573 best 0.689
(timestamp = "2026-06-10T01:20:18", epoch = 15, seconds = 118.1768137, train_accuracy = 0.645, train_loss = 12.38879f0, test_accuracy = 0.67, test_loss = 12.031573f0, pred_counts = "101-117-126-176-165-98-97-103-6-11", w_norm = 0.77271116f0, b_norm = 0.062163923f0, w_input_norm = 1.9654706f0, grad_w_norm = 7.906063f0, grad_b_norm = 1.1241088f0, grad_w_input_norm = 6.939264f0, effective_w_decay = 0.001f0, effective_w_input_decay = 0.001f0, symmetry_error = 0.0f0, grad_symmetry_error = 0.0f0, best_accuracy = 0.689, best_path = "ext\\IsingLearning\\experiments\\MNIST\\baseline_new_nudge\\experiments\\current\\symmetric_nudge_resume_from_0p689_20260610\\cont_lr0p00015_keepadam_s750\\best_checkpoint.bin", final_path = "")
epoch 16 training
epoch 16 batch 1/100 samples 128/12800 elapsed 1.1s
epoch 16 batch 25/100 samples 3200/12800 elapsed 27.1s
epoch 16 batch 50/100 samples 6400/12800 elapsed 54.5s
epoch 16 batch 75/100 samples 9600/12800 elapsed 85.0s
epoch 16 batch 100/100 samples 12800/12800 elapsed 116.7s
epoch 16 training done in 116.656s
epoch 16 train-eval: evaluating 1000 samples
epoch 16 train accuracy 0.673 loss 12.454476
epoch 16 evaluating
epoch 16 test: evaluating 1000 samples
epoch 16 test accuracy 0.68 loss 12.355998 best 0.689
(timestamp = "2026-06-10T01:22:20", epoch = 16, seconds = 116.6559216, train_accuracy = 0.673, train_loss = 12.454476f0, test_accuracy = 0.68, test_loss = 12.355998f0, pred_counts = "112-105-158-103-140-101-128-141-3-9", w_norm = 0.7970753f0, b_norm = 0.066324204f0, w_input_norm = 1.9994081f0, grad_w_norm = 7.571449f0, grad_b_norm = 0.98063993f0, grad_w_input_norm = 5.037367f0, effective_w_decay = 0.001f0, effective_w_input_decay = 0.001f0, symmetry_error = 0.0f0, grad_symmetry_error = 0.0f0, best_accuracy = 0.689, best_path = "ext\\IsingLearning\\experiments\\MNIST\\baseline_new_nudge\\experiments\\current\\symmetric_nudge_resume_from_0p689_20260610\\cont_lr0p00015_keepadam_s750\\best_checkpoint.bin", final_path = "")
epoch 17 training
epoch 17 batch 1/100 samples 128/12800 elapsed 1.3s
epoch 17 batch 25/100 samples 3200/12800 elapsed 27.9s
epoch 17 batch 50/100 samples 6400/12800 elapsed 54.9s
epoch 17 batch 75/100 samples 9600/12800 elapsed 84.0s
epoch 17 batch 100/100 samples 12800/12800 elapsed 113.4s
epoch 17 training done in 113.394s
epoch 17 train-eval: evaluating 1000 samples
epoch 17 train accuracy 0.633 loss 13.06122
epoch 17 evaluating
epoch 17 test: evaluating 1000 samples
epoch 17 test accuracy 0.642 loss 13.124812 best 0.689
(timestamp = "2026-06-10T01:24:18", epoch = 17, seconds = 113.394006, train_accuracy = 0.633, train_loss = 13.06122f0, test_accuracy = 0.642, test_loss = 13.124812f0, pred_counts = "156-119-150-106-224-62-79-90-9-5", w_norm = 0.8102108f0, b_norm = 0.06721865f0, w_input_norm = 2.0184853f0, grad_w_norm = 8.543354f0, grad_b_norm = 1.1548291f0, grad_w_input_norm = 5.8059406f0, effective_w_decay = 0.001f0, effective_w_input_decay = 0.001f0, symmetry_error = 0.0f0, grad_symmetry_error = 0.0f0, best_accuracy = 0.689, best_path = "ext\\IsingLearning\\experiments\\MNIST\\baseline_new_nudge\\experiments\\current\\symmetric_nudge_resume_from_0p689_20260610\\cont_lr0p00015_keepadam_s750\\best_checkpoint.bin", final_path = "")
epoch 18 training
epoch 18 batch 1/100 samples 128/12800 elapsed 1.1s
epoch 18 batch 25/100 samples 3200/12800 elapsed 29.1s
epoch 18 batch 50/100 samples 6400/12800 elapsed 58.3s
epoch 18 batch 75/100 samples 9600/12800 elapsed 88.5s
epoch 18 batch 100/100 samples 12800/12800 elapsed 117.5s
epoch 18 training done in 117.484s
epoch 18 train-eval: evaluating 1000 samples
epoch 18 train accuracy 0.614 loss 13.077569
epoch 18 evaluating
epoch 18 test: evaluating 1000 samples
epoch 18 test accuracy 0.63 loss 12.799269 best 0.689
epoch 18 early stop: test accuracy declined for 2 consecutive evaluated epochs
(timestamp = "2026-06-10T01:26:20", epoch = 18, seconds = 117.484353, train_accuracy = 0.614, train_loss = 13.077569f0, test_accuracy = 0.63, test_loss = 12.799269f0, pred_counts = "126-115-153-118-266-53-59-93-9-8", w_norm = 0.8076332f0, b_norm = 0.06525024f0, w_input_norm = 2.0331194f0, grad_w_norm = 6.685742f0, grad_b_norm = 0.78561234f0, grad_w_input_norm = 4.673176f0, effective_w_decay = 0.001f0, effective_w_input_decay = 0.001f0, symmetry_error = 0.0f0, grad_symmetry_error = 0.0f0, best_accuracy = 0.689, best_path = "ext\\IsingLearning\\experiments\\MNIST\\baseline_new_nudge\\experiments\\current\\symmetric_nudge_resume_from_0p689_20260610\\cont_lr0p00015_keepadam_s750\\best_checkpoint.bin", final_path = "")
saved MNIST 784-120-40 softplus-margin nudge baseline in ext\IsingLearning\experiments\MNIST\baseline_new_nudge\experiments\current\symmetric_nudge_resume_from_0p689_20260610\cont_lr0p00015_keepadam_s750
