[bootstrap] activated project
[bootstrap] loaded packages
building MNIST 784-120-40 layer
loading training split
training samples: 12800 (100 batches/epoch)
loading train-eval split
train-eval samples: 1000
loading test split
test samples: 1000
constructing 32-worker softplus-margin nudge Adam manager
constructing 32-worker validation manager
starting epochs
restoring checkpoint state from ext/IsingLearning/experiments/MNIST/baseline_new_nudge/experiments/current/symmetric_nudge_resume_from_v4_best_20260609/resume_lr0p00015_reset/best_checkpoint.bin
epoch 13 training
epoch 13 batch 1/100 samples 128/12800 elapsed 16.7s
epoch 13 batch 25/100 samples 3200/12800 elapsed 34.7s
epoch 13 batch 50/100 samples 6400/12800 elapsed 53.0s
epoch 13 batch 75/100 samples 9600/12800 elapsed 71.7s
epoch 13 batch 100/100 samples 12800/12800 elapsed 90.2s
epoch 13 training done in 90.155s
epoch 13 train-eval: evaluating 1000 samples
epoch 13 train accuracy 0.611 loss 13.365368
epoch 13 evaluating
epoch 13 test: evaluating 1000 samples
epoch 13 test accuracy 0.631 loss 13.100943 best 0.689
(timestamp = "2026-06-10T01:02:30", epoch = 13, seconds = 90.1548302, train_accuracy = 0.611, train_loss = 13.365368f0, test_accuracy = 0.631, test_loss = 13.100943f0, pred_counts = "136-96-136-213-183-63-72-90-7-4", w_norm = 0.74512887f0, b_norm = 0.056664042f0, w_input_norm = 1.867118f0, grad_w_norm = 5.1500955f0, grad_b_norm = 0.5952879f0, grad_w_input_norm = 3.3686137f0, effective_w_decay = 0.001f0, effective_w_input_decay = 0.001f0, symmetry_error = 0.0f0, grad_symmetry_error = 0.0f0, best_accuracy = 0.689, best_path = "ext\\IsingLearning\\experiments\\MNIST\\baseline_new_nudge\\experiments\\current\\symmetric_nudge_resume_from_0p689_20260610\\cont_lr0p00012_reset_s500\\best_checkpoint.bin", final_path = "")
epoch 14 training
epoch 14 batch 1/100 samples 128/12800 elapsed 0.7s
epoch 14 batch 25/100 samples 3200/12800 elapsed 19.4s
epoch 14 batch 50/100 samples 6400/12800 elapsed 39.5s
epoch 14 batch 75/100 samples 9600/12800 elapsed 59.3s
epoch 14 batch 100/100 samples 12800/12800 elapsed 79.9s
epoch 14 training done in 79.872s
epoch 14 train-eval: evaluating 1000 samples
epoch 14 train accuracy 0.658 loss 12.710386
epoch 14 evaluating
epoch 14 test: evaluating 1000 samples
epoch 14 test accuracy 0.668 loss 12.662383 best 0.689
(timestamp = "2026-06-10T01:03:54", epoch = 14, seconds = 79.8724674, train_accuracy = 0.658, train_loss = 12.710386f0, test_accuracy = 0.668, test_loss = 12.662383f0, pred_counts = "113-119-136-149-192-62-92-125-8-4", w_norm = 0.7542461f0, b_norm = 0.05784787f0, w_input_norm = 1.8863577f0, grad_w_norm = 5.9757805f0, grad_b_norm = 0.9354053f0, grad_w_input_norm = 8.120873f0, effective_w_decay = 0.001f0, effective_w_input_decay = 0.001f0, symmetry_error = 0.0f0, grad_symmetry_error = 0.0f0, best_accuracy = 0.689, best_path = "ext\\IsingLearning\\experiments\\MNIST\\baseline_new_nudge\\experiments\\current\\symmetric_nudge_resume_from_0p689_20260610\\cont_lr0p00012_reset_s500\\best_checkpoint.bin", final_path = "")
epoch 15 training
epoch 15 batch 1/100 samples 128/12800 elapsed 0.9s
epoch 15 batch 25/100 samples 3200/12800 elapsed 19.7s
epoch 15 batch 50/100 samples 6400/12800 elapsed 39.4s
epoch 15 batch 75/100 samples 9600/12800 elapsed 58.8s
epoch 15 batch 100/100 samples 12800/12800 elapsed 78.5s
epoch 15 training done in 78.526s
epoch 15 train-eval: evaluating 1000 samples
epoch 15 train accuracy 0.667 loss 11.664136
epoch 15 evaluating
epoch 15 test: evaluating 1000 samples
epoch 15 test accuracy 0.694 loss 11.504372 best 0.694
(timestamp = "2026-06-10T01:05:16", epoch = 15, seconds = 78.5258944, train_accuracy = 0.667, train_loss = 11.664136f0, test_accuracy = 0.694, test_loss = 11.504372f0, pred_counts = "116-125-109-148-134-107-103-136-12-10", w_norm = 0.76563954f0, b_norm = 0.05942893f0, w_input_norm = 1.9088845f0, grad_w_norm = 6.7092595f0, grad_b_norm = 0.9339006f0, grad_w_input_norm = 5.9819036f0, effective_w_decay = 0.001f0, effective_w_input_decay = 0.001f0, symmetry_error = 0.0f0, grad_symmetry_error = 0.0f0, best_accuracy = 0.694, best_path = "ext\\IsingLearning\\experiments\\MNIST\\baseline_new_nudge\\experiments\\current\\symmetric_nudge_resume_from_0p689_20260610\\cont_lr0p00012_reset_s500\\best_checkpoint.bin", final_path = "")
epoch 16 training
epoch 16 batch 1/100 samples 128/12800 elapsed 0.9s
epoch 16 batch 25/100 samples 3200/12800 elapsed 19.6s
epoch 16 batch 50/100 samples 6400/12800 elapsed 38.7s
epoch 16 batch 75/100 samples 9600/12800 elapsed 58.9s
epoch 16 batch 100/100 samples 12800/12800 elapsed 77.4s
epoch 16 training done in 77.379s
epoch 16 train-eval: evaluating 1000 samples
epoch 16 train accuracy 0.67 loss 12.408688
epoch 16 evaluating
epoch 16 test: evaluating 1000 samples
epoch 16 test accuracy 0.679 loss 12.088132 best 0.694
(timestamp = "2026-06-10T01:06:36", epoch = 16, seconds = 77.3792122, train_accuracy = 0.67, train_loss = 12.408688f0, test_accuracy = 0.679, test_loss = 12.088132f0, pred_counts = "146-106-123-124-142-121-90-132-9-7", w_norm = 0.77462703f0, b_norm = 0.059085764f0, w_input_norm = 1.9264545f0, grad_w_norm = 5.243153f0, grad_b_norm = 0.74929965f0, grad_w_input_norm = 4.6798487f0, effective_w_decay = 0.001f0, effective_w_input_decay = 0.001f0, symmetry_error = 0.0f0, grad_symmetry_error = 0.0f0, best_accuracy = 0.694, best_path = "ext\\IsingLearning\\experiments\\MNIST\\baseline_new_nudge\\experiments\\current\\symmetric_nudge_resume_from_0p689_20260610\\cont_lr0p00012_reset_s500\\best_checkpoint.bin", final_path = "")
epoch 17 training
epoch 17 batch 1/100 samples 128/12800 elapsed 0.8s
epoch 17 batch 25/100 samples 3200/12800 elapsed 19.2s
epoch 17 batch 50/100 samples 6400/12800 elapsed 38.1s
epoch 17 batch 75/100 samples 9600/12800 elapsed 58.5s
epoch 17 batch 100/100 samples 12800/12800 elapsed 78.9s
epoch 17 training done in 78.93s
epoch 17 train-eval: evaluating 1000 samples
epoch 17 train accuracy 0.668 loss 11.765308
epoch 17 evaluating
epoch 17 test: evaluating 1000 samples
epoch 17 test accuracy 0.714 loss 11.59143 best 0.714
(timestamp = "2026-06-10T01:07:58", epoch = 17, seconds = 78.9301779, train_accuracy = 0.668, train_loss = 11.765308f0, test_accuracy = 0.714, test_loss = 11.59143f0, pred_counts = "126-114-125-110-145-128-97-120-18-17", w_norm = 0.784618f0, b_norm = 0.05946231f0, w_input_norm = 1.9422026f0, grad_w_norm = 3.3888526f0, grad_b_norm = 0.4799959f0, grad_w_input_norm = 3.3326468f0, effective_w_decay = 0.001f0, effective_w_input_decay = 0.001f0, symmetry_error = 0.0f0, grad_symmetry_error = 0.0f0, best_accuracy = 0.714, best_path = "ext\\IsingLearning\\experiments\\MNIST\\baseline_new_nudge\\experiments\\current\\symmetric_nudge_resume_from_0p689_20260610\\cont_lr0p00012_reset_s500\\best_checkpoint.bin", final_path = "")
epoch 18 training
epoch 18 batch 1/100 samples 128/12800 elapsed 0.8s
epoch 18 batch 25/100 samples 3200/12800 elapsed 20.4s
epoch 18 batch 50/100 samples 6400/12800 elapsed 40.9s
epoch 18 batch 75/100 samples 9600/12800 elapsed 61.4s
epoch 18 batch 100/100 samples 12800/12800 elapsed 82.5s
epoch 18 training done in 82.543s
epoch 18 train-eval: evaluating 1000 samples
epoch 18 train accuracy 0.668 loss 11.958142
epoch 18 evaluating
epoch 18 test: evaluating 1000 samples
epoch 18 test accuracy 0.682 loss 11.63998 best 0.714
(timestamp = "2026-06-10T01:09:24", epoch = 18, seconds = 82.5430312, train_accuracy = 0.668, train_loss = 11.958142f0, test_accuracy = 0.682, test_loss = 11.63998f0, pred_counts = "126-124-143-130-105-89-117-134-13-19", w_norm = 0.7892564f0, b_norm = 0.059381444f0, w_input_norm = 1.9579942f0, grad_w_norm = 9.475263f0, grad_b_norm = 1.3177897f0, grad_w_input_norm = 8.322514f0, effective_w_decay = 0.001f0, effective_w_input_decay = 0.001f0, symmetry_error = 0.0f0, grad_symmetry_error = 0.0f0, best_accuracy = 0.714, best_path = "ext\\IsingLearning\\experiments\\MNIST\\baseline_new_nudge\\experiments\\current\\symmetric_nudge_resume_from_0p689_20260610\\cont_lr0p00012_reset_s500\\best_checkpoint.bin", final_path = "")
epoch 19 training
epoch 19 batch 1/100 samples 128/12800 elapsed 0.8s
epoch 19 batch 25/100 samples 3200/12800 elapsed 18.4s
epoch 19 batch 50/100 samples 6400/12800 elapsed 37.4s
epoch 19 batch 75/100 samples 9600/12800 elapsed 56.9s
epoch 19 batch 100/100 samples 12800/12800 elapsed 75.9s
epoch 19 training done in 75.918s
epoch 19 train-eval: evaluating 1000 samples
epoch 19 train accuracy 0.683 loss 11.778396
epoch 19 evaluating
epoch 19 test: evaluating 1000 samples
epoch 19 test accuracy 0.695 loss 11.680315 best 0.714
(timestamp = "2026-06-10T01:10:43", epoch = 19, seconds = 75.9178847, train_accuracy = 0.683, train_loss = 11.778396f0, test_accuracy = 0.695, test_loss = 11.680315f0, pred_counts = "127-123-114-158-136-82-127-108-10-15", w_norm = 0.79908574f0, b_norm = 0.06089444f0, w_input_norm = 1.9776057f0, grad_w_norm = 6.5677395f0, grad_b_norm = 1.0622858f0, grad_w_input_norm = 8.350355f0, effective_w_decay = 0.001f0, effective_w_input_decay = 0.001f0, symmetry_error = 0.0f0, grad_symmetry_error = 0.0f0, best_accuracy = 0.714, best_path = "ext\\IsingLearning\\experiments\\MNIST\\baseline_new_nudge\\experiments\\current\\symmetric_nudge_resume_from_0p689_20260610\\cont_lr0p00012_reset_s500\\best_checkpoint.bin", final_path = "")
epoch 20 training
epoch 20 batch 1/100 samples 128/12800 elapsed 0.7s
epoch 20 batch 25/100 samples 3200/12800 elapsed 18.6s
epoch 20 batch 50/100 samples 6400/12800 elapsed 37.1s
epoch 20 batch 75/100 samples 9600/12800 elapsed 58.1s
epoch 20 batch 100/100 samples 12800/12800 elapsed 79.6s
epoch 20 training done in 79.571s
epoch 20 train-eval: evaluating 1000 samples
epoch 20 train accuracy 0.656 loss 11.745445
epoch 20 evaluating
epoch 20 test: evaluating 1000 samples
epoch 20 test accuracy 0.658 loss 11.773059 best 0.714
(timestamp = "2026-06-10T01:12:05", epoch = 20, seconds = 79.5705442, train_accuracy = 0.656, train_loss = 11.745445f0, test_accuracy = 0.658, test_loss = 11.773059f0, pred_counts = "126-153-124-149-68-123-117-116-13-11", w_norm = 0.80851406f0, b_norm = 0.06291454f0, w_input_norm = 2.0014374f0, grad_w_norm = 3.5344403f0, grad_b_norm = 0.5258666f0, grad_w_input_norm = 3.7315395f0, effective_w_decay = 0.001f0, effective_w_input_decay = 0.001f0, symmetry_error = 0.0f0, grad_symmetry_error = 0.0f0, best_accuracy = 0.714, best_path = "ext\\IsingLearning\\experiments\\MNIST\\baseline_new_nudge\\experiments\\current\\symmetric_nudge_resume_from_0p689_20260610\\cont_lr0p00012_reset_s500\\best_checkpoint.bin", final_path = "ext\\IsingLearning\\experiments\\MNIST\\baseline_new_nudge\\experiments\\current\\symmetric_nudge_resume_from_0p689_20260610\\cont_lr0p00012_reset_s500\\final_checkpoint.bin")
saved MNIST 784-120-40 softplus-margin nudge baseline in ext\IsingLearning\experiments\MNIST\baseline_new_nudge\experiments\current\symmetric_nudge_resume_from_0p689_20260610\cont_lr0p00012_reset_s500
