  Activating project at `C:\Users\fenje\dev\InteractiveIsing.jl\ext\IsingLearning`
┌ Warning: this run uses a subsampled balanced training split, so it is not the full balanced MNIST baseline
│   train_per_class = 1280
└ @ Main C:\Users\fenje\dev\InteractiveIsing.jl\ext\IsingLearning\experiments\MNIST\baseline_new_nudge\mnist_784_120_40_softplus_margin_symmetric_nudge_adam.jl:1739
┌ Warning: this run uses a subsampled balanced test split, so reported accuracy will be noisy
│   test_per_class = 100
└ @ Main C:\Users\fenje\dev\InteractiveIsing.jl\ext\IsingLearning\experiments\MNIST\baseline_new_nudge\mnist_784_120_40_softplus_margin_symmetric_nudge_adam.jl:1740

epoch 18   2%|█                                         |  ETA: 0:14:09[K
     batch: 2/100[K
   samples: 256/12800[K
[A
[A


[K[A
[K[A
epoch 18   5%|███                                       |  ETA: 0:06:02[K
     batch: 5/100[K
   samples: 640/12800[K
[A
[A


[K[A
[K[A
epoch 18   7%|███                                       |  ETA: 0:04:27[K
     batch: 7/100[K
   samples: 896/12800[K
[A
[A


[K[A
[K[A
epoch 18   9%|████                                      |  ETA: 0:03:34[K
     batch: 9/100[K
   samples: 1152/12800[K
[A
[A


[K[A
[K[A
epoch 18  11%|█████                                     |  ETA: 0:03:00[K
     batch: 11/100[K
   samples: 1408/12800[K
[A
[A


[K[A
[K[A
epoch 18  13%|██████                                    |  ETA: 0:02:35[K
     batch: 13/100[K
   samples: 1664/12800[K
[A
[A


[K[A
[K[A
epoch 18  16%|███████                                   |  ETA: 0:02:10[K
     batch: 16/100[K
   samples: 2048/12800[K
[A
[A


[K[A
[K[A
epoch 18  19%|████████                                  |  ETA: 0:01:52[K
     batch: 19/100[K
   samples: 2432/12800[K
[A
[A


[K[A
[K[A
epoch 18  22%|██████████                                |  ETA: 0:01:38[K
     batch: 22/100[K
   samples: 2816/12800[K
[A
[A


[K[A
[K[A
epoch 18  24%|███████████                               |  ETA: 0:01:31[K
     batch: 24/100[K
   samples: 3072/12800[K
[A
[A


[K[A
[K[A
epoch 18  26%|███████████                               |  ETA: 0:01:25[K
     batch: 26/100[K
   samples: 3328/12800[K
[A
[A


[K[A
[K[A
epoch 18  28%|████████████                              |  ETA: 0:01:19[K
     batch: 28/100[K
   samples: 3584/12800[K
[A
[A


[K[A
[K[A
epoch 18  30%|█████████████                             |  ETA: 0:01:14[K
     batch: 30/100[K
   samples: 3840/12800[K
[A
[A


[K[A
[K[A
epoch 18  33%|██████████████                            |  ETA: 0:01:08[K
     batch: 33/100[K
   samples: 4224/12800[K
[A
[A


[K[A
[K[A
epoch 18  36%|████████████████                          |  ETA: 0:01:02[K
     batch: 36/100[K
   samples: 4608/12800[K
[A
[A


[K[A
[K[A
epoch 18  38%|████████████████                          |  ETA: 0:00:59[K
     batch: 38/100[K
   samples: 4864/12800[K
[A
[A


[K[A
[K[A
epoch 18  40%|█████████████████                         |  ETA: 0:00:55[K
     batch: 40/100[K
   samples: 5120/12800[K
[A
[A


[K[A
[K[A
epoch 18  42%|██████████████████                        |  ETA: 0:00:52[K
     batch: 42/100[K
   samples: 5376/12800[K
[A
[A


[K[A
[K[A
epoch 18  45%|███████████████████                       |  ETA: 0:00:48[K
     batch: 45/100[K
   samples: 5760/12800[K
[A
[A


[K[A
[K[A
epoch 18  48%|█████████████████████                     |  ETA: 0:00:44[K
     batch: 48/100[K
   samples: 6144/12800[K
[A
[A


[K[A
[K[A
epoch 18  50%|██████████████████████                    |  ETA: 0:00:42[K
     batch: 50/100[K
   samples: 6400/12800[K
[A
[A


[K[A
[K[A
epoch 18  52%|██████████████████████                    |  ETA: 0:00:40[K
     batch: 52/100[K
   samples: 6656/12800[K
[A
[A


[K[A
[K[A
epoch 18  54%|███████████████████████                   |  ETA: 0:00:38[K
     batch: 54/100[K
   samples: 6912/12800[K
[A
[A


[K[A
[K[A
epoch 18  57%|████████████████████████                  |  ETA: 0:00:34[K
     batch: 57/100[K
   samples: 7296/12800[K
[A
[A


[K[A
[K[A
epoch 18  59%|█████████████████████████                 |  ETA: 0:00:32[K
     batch: 59/100[K
   samples: 7552/12800[K
[A
[A


[K[A
[K[A
epoch 18  61%|██████████████████████████                |  ETA: 0:00:31[K
     batch: 61/100[K
   samples: 7808/12800[K
[A
[A


[K[A
[K[A
epoch 18  63%|███████████████████████████               |  ETA: 0:00:29[K
     batch: 63/100[K
   samples: 8064/12800[K
[A
[A


[K[A
[K[A
epoch 18  65%|████████████████████████████              |  ETA: 0:00:27[K
     batch: 65/100[K
   samples: 8320/12800[K
[A
[A


[K[A
[K[A
epoch 18  67%|█████████████████████████████             |  ETA: 0:00:25[K
     batch: 67/100[K
   samples: 8576/12800[K
[A
[A


[K[A
[K[A
epoch 18  69%|█████████████████████████████             |  ETA: 0:00:24[K
     batch: 69/100[K
   samples: 8832/12800[K
[A
[A


[K[A
[K[A
epoch 18  71%|██████████████████████████████            |  ETA: 0:00:22[K
     batch: 71/100[K
   samples: 9088/12800[K
[A
[A


[K[A
[K[A
epoch 18  73%|███████████████████████████████           |  ETA: 0:00:20[K
     batch: 73/100[K
   samples: 9344/12800[K
[A
[A


[K[A
[K[A
epoch 18  75%|████████████████████████████████          |  ETA: 0:00:19[K
     batch: 75/100[K
   samples: 9600/12800[K
[A
[A


[K[A
[K[A
epoch 18  77%|█████████████████████████████████         |  ETA: 0:00:17[K
     batch: 77/100[K
   samples: 9856/12800[K
[A
[A


[K[A
[K[A
epoch 18  79%|██████████████████████████████████        |  ETA: 0:00:15[K
     batch: 79/100[K
   samples: 10112/12800[K
[A
[A


[K[A
[K[A
epoch 18  81%|███████████████████████████████████       |  ETA: 0:00:14[K
     batch: 81/100[K
   samples: 10368/12800[K
[A
[A


[K[A
[K[A
epoch 18  83%|███████████████████████████████████       |  ETA: 0:00:12[K
     batch: 83/100[K
   samples: 10624/12800[K
[A
[A


[K[A
[K[A
epoch 18  85%|████████████████████████████████████      |  ETA: 0:00:11[K
     batch: 85/100[K
   samples: 10880/12800[K
[A
[A


[K[A
[K[A
epoch 18  87%|█████████████████████████████████████     |  ETA: 0:00:09[K
     batch: 87/100[K
   samples: 11136/12800[K
[A
[A


[K[A
[K[A
epoch 18  89%|██████████████████████████████████████    |  ETA: 0:00:08[K
     batch: 89/100[K
   samples: 11392/12800[K
[A
[A


[K[A
[K[A
epoch 18  91%|███████████████████████████████████████   |  ETA: 0:00:06[K
     batch: 91/100[K
   samples: 11648/12800[K
[A
[A


[K[A
[K[A
epoch 18  93%|████████████████████████████████████████  |  ETA: 0:00:05[K
     batch: 93/100[K
   samples: 11904/12800[K
[A
[A


[K[A
[K[A
epoch 18  95%|████████████████████████████████████████  |  ETA: 0:00:03[K
     batch: 95/100[K
   samples: 12160/12800[K
[A
[A


[K[A
[K[A
epoch 18  98%|██████████████████████████████████████████|  ETA: 0:00:01[K
     batch: 98/100[K
   samples: 12544/12800[K
[A
[A


[K[A
[K[A
epoch 18 100%|██████████████████████████████████████████| Time: 0:01:08[K
     batch: 100/100[K
   samples: 12800/12800[K

epoch 19   2%|█                                         |  ETA: 0:00:53[K
     batch: 2/100[K
   samples: 256/12800[K
[A
[A


[K[A
[K[A
epoch 19   4%|██                                        |  ETA: 0:00:52[K
     batch: 4/100[K
   samples: 512/12800[K
[A
[A


[K[A
[K[A
epoch 19   6%|███                                       |  ETA: 0:00:51[K
     batch: 6/100[K
   samples: 768/12800[K
[A
[A


[K[A
[K[A
epoch 19   8%|████                                      |  ETA: 0:00:51[K
     batch: 8/100[K
   samples: 1024/12800[K
[A
[A


[K[A
[K[A
epoch 19  10%|█████                                     |  ETA: 0:00:50[K
     batch: 10/100[K
   samples: 1280/12800[K
[A
[A


[K[A
[K[A
epoch 19  12%|██████                                    |  ETA: 0:00:50[K
     batch: 12/100[K
   samples: 1536/12800[K
[A
[A


[K[A
[K[A
epoch 19  14%|██████                                    |  ETA: 0:00:48[K
     batch: 14/100[K
   samples: 1792/12800[K
[A
[A


[K[A
[K[A
epoch 19  16%|███████                                   |  ETA: 0:00:47[K
     batch: 16/100[K
   samples: 2048/12800[K
[A
[A


[K[A
[K[A
epoch 19  18%|████████                                  |  ETA: 0:00:46[K
     batch: 18/100[K
   samples: 2304/12800[K
[A
[A


[K[A
[K[A
epoch 19  20%|█████████                                 |  ETA: 0:00:45[K
     batch: 20/100[K
   samples: 2560/12800[K
[A
[A


[K[A
[K[A
epoch 19  22%|██████████                                |  ETA: 0:00:44[K
     batch: 22/100[K
   samples: 2816/12800[K
[A
[A


[K[A
[K[A
epoch 19  24%|███████████                               |  ETA: 0:00:43[K
     batch: 24/100[K
   samples: 3072/12800[K
[A
[A


[K[A
[K[A
epoch 19  26%|███████████                               |  ETA: 0:00:42[K
     batch: 26/100[K
   samples: 3328/12800[K
[A
[A


[K[A
[K[A
epoch 19  28%|████████████                              |  ETA: 0:00:40[K
     batch: 28/100[K
   samples: 3584/12800[K
[A
[A


[K[A
[K[A
epoch 19  30%|█████████████                             |  ETA: 0:00:39[K
     batch: 30/100[K
   samples: 3840/12800[K
[A
[A


[K[A
[K[A
epoch 19  32%|██████████████                            |  ETA: 0:00:38[K
     batch: 32/100[K
   samples: 4096/12800[K
[A
[A


[K[A
[K[A
epoch 19  34%|███████████████                           |  ETA: 0:00:36[K
     batch: 34/100[K
   samples: 4352/12800[K
[A
[A


[K[A
[K[A
epoch 19  36%|████████████████                          |  ETA: 0:00:35[K
     batch: 36/100[K
   samples: 4608/12800[K
[A
[A


[K[A
[K[A
epoch 19  38%|████████████████                          |  ETA: 0:00:34[K
     batch: 38/100[K
   samples: 4864/12800[K
[A
[A


[K[A
[K[A
epoch 19  40%|█████████████████                         |  ETA: 0:00:33[K
     batch: 40/100[K
   samples: 5120/12800[K
[A
[A


[K[A
[K[A
epoch 19  43%|███████████████████                       |  ETA: 0:00:31[K
     batch: 43/100[K
   samples: 5504/12800[K
[A
[A


[K[A
[K[A
epoch 19  46%|████████████████████                      |  ETA: 0:00:29[K
     batch: 46/100[K
   samples: 5888/12800[K
[A
[A


[K[A
[K[A
epoch 19  48%|█████████████████████                     |  ETA: 0:00:28[K
     batch: 48/100[K
   samples: 6144/12800[K
[A
[A


[K[A
[K[A
epoch 19  50%|██████████████████████                    |  ETA: 0:00:27[K
     batch: 50/100[K
   samples: 6400/12800[K
[A
[A


[K[A
[K[A
epoch 19  52%|██████████████████████                    |  ETA: 0:00:26[K
     batch: 52/100[K
   samples: 6656/12800[K
[A
[A


[K[A
[K[A
epoch 19  55%|████████████████████████                  |  ETA: 0:00:24[K
     batch: 55/100[K
   samples: 7040/12800[K
[A
[A


[K[A
[K[A
epoch 19  57%|████████████████████████                  |  ETA: 0:00:23[K
     batch: 57/100[K
   samples: 7296/12800[K
[A
[A


[K[A
[K[A
epoch 19  59%|█████████████████████████                 |  ETA: 0:00:22[K
     batch: 59/100[K
   samples: 7552/12800[K
[A
[A


[K[A
[K[A
epoch 19  61%|██████████████████████████                |  ETA: 0:00:21[K
     batch: 61/100[K
   samples: 7808/12800[K
[A
[A


[K[A
[K[A
epoch 19  63%|███████████████████████████               |  ETA: 0:00:20[K
     batch: 63/100[K
   samples: 8064/12800[K
[A
[A


[K[A
[K[A
epoch 19  65%|████████████████████████████              |  ETA: 0:00:19[K
     batch: 65/100[K
   samples: 8320/12800[K
[A
[A


[K[A
[K[A
epoch 19  67%|█████████████████████████████             |  ETA: 0:00:18[K
     batch: 67/100[K
   samples: 8576/12800[K
[A
[A


[K[A
[K[A
epoch 19  69%|█████████████████████████████             |  ETA: 0:00:17[K
     batch: 69/100[K
   samples: 8832/12800[K
[A
[A


[K[A
[K[A
epoch 19  71%|██████████████████████████████            |  ETA: 0:00:16[K
     batch: 71/100[K
   samples: 9088/12800[K
[A
[A


[K[A
[K[A
epoch 19  73%|███████████████████████████████           |  ETA: 0:00:15[K
     batch: 73/100[K
   samples: 9344/12800[K
[A
[A


[K[A
[K[A
epoch 19  75%|████████████████████████████████          |  ETA: 0:00:13[K
     batch: 75/100[K
   samples: 9600/12800[K
[A
[A


[K[A
[K[A
epoch 19  77%|█████████████████████████████████         |  ETA: 0:00:12[K
     batch: 77/100[K
   samples: 9856/12800[K
[A
[A


[K[A
[K[A
epoch 19  79%|██████████████████████████████████        |  ETA: 0:00:11[K
     batch: 79/100[K
   samples: 10112/12800[K
[A
[A


[K[A
[K[A
epoch 19  81%|███████████████████████████████████       |  ETA: 0:00:10[K
     batch: 81/100[K
   samples: 10368/12800[K
[A
[A


[K[A
[K[A
epoch 19  83%|███████████████████████████████████       |  ETA: 0:00:09[K
     batch: 83/100[K
   samples: 10624/12800[K
[A
[A


[K[A
[K[A
epoch 19  85%|████████████████████████████████████      |  ETA: 0:00:08[K
     batch: 85/100[K
   samples: 10880/12800[K
[A
[A


[K[A
[K[A
epoch 19  87%|█████████████████████████████████████     |  ETA: 0:00:07[K
     batch: 87/100[K
   samples: 11136/12800[K
[A
[A


[K[A
[K[A
epoch 19  89%|██████████████████████████████████████    |  ETA: 0:00:06[K
     batch: 89/100[K
   samples: 11392/12800[K
[A
[A


[K[A
[K[A
epoch 19  91%|███████████████████████████████████████   |  ETA: 0:00:05[K
     batch: 91/100[K
   samples: 11648/12800[K
[A
[A


[K[A
[K[A
epoch 19  93%|████████████████████████████████████████  |  ETA: 0:00:04[K
     batch: 93/100[K
   samples: 11904/12800[K
[A
[A


[K[A
[K[A
epoch 19  95%|████████████████████████████████████████  |  ETA: 0:00:03[K
     batch: 95/100[K
   samples: 12160/12800[K
[A
[A


[K[A
[K[A
epoch 19  97%|█████████████████████████████████████████ |  ETA: 0:00:02[K
     batch: 97/100[K
   samples: 12416/12800[K
[A
[A


[K[A
[K[A
epoch 19  99%|██████████████████████████████████████████|  ETA: 0:00:01[K
     batch: 99/100[K
   samples: 12672/12800[K
[A
[A


[K[A
[K[A
epoch 19 100%|██████████████████████████████████████████| Time: 0:00:54[K
     batch: 100/100[K
   samples: 12800/12800[K

epoch 20   2%|█                                         |  ETA: 0:00:59[K
     batch: 2/100[K
   samples: 256/12800[K
[A
[A


[K[A
[K[A
epoch 20   4%|██                                        |  ETA: 0:00:56[K
     batch: 4/100[K
   samples: 512/12800[K
[A
[A


[K[A
[K[A
epoch 20   6%|███                                       |  ETA: 0:00:54[K
     batch: 6/100[K
   samples: 768/12800[K
[A
[A


[K[A
[K[A
epoch 20   8%|████                                      |  ETA: 0:00:51[K
     batch: 8/100[K
   samples: 1024/12800[K
[A
[A


[K[A
[K[A
epoch 20  10%|█████                                     |  ETA: 0:00:51[K
     batch: 10/100[K
   samples: 1280/12800[K
[A
[A


[K[A
[K[A
epoch 20  12%|██████                                    |  ETA: 0:00:49[K
     batch: 12/100[K
   samples: 1536/12800[K
[A
[A


[K[A
[K[A
epoch 20  14%|██████                                    |  ETA: 0:00:48[K
     batch: 14/100[K
   samples: 1792/12800[K
[A
[A


[K[A
[K[A
epoch 20  17%|████████                                  |  ETA: 0:00:45[K
     batch: 17/100[K
   samples: 2176/12800[K
[A
[A


[K[A
[K[A
epoch 20  19%|████████                                  |  ETA: 0:00:45[K
     batch: 19/100[K
   samples: 2432/12800[K
[A
[A


[K[A
[K[A
epoch 20  21%|█████████                                 |  ETA: 0:00:44[K
     batch: 21/100[K
   samples: 2688/12800[K
[A
[A


[K[A
[K[A
epoch 20  23%|██████████                                |  ETA: 0:00:43[K
     batch: 23/100[K
   samples: 2944/12800[K
[A
[A


[K[A
[K[A
epoch 20  25%|███████████                               |  ETA: 0:00:42[K
     batch: 25/100[K
   samples: 3200/12800[K
[A
[A


[K[A
[K[A
epoch 20  27%|████████████                              |  ETA: 0:00:40[K
     batch: 27/100[K
   samples: 3456/12800[K
[A
[A


[K[A
[K[A
epoch 20  29%|█████████████                             |  ETA: 0:00:39[K
     batch: 29/100[K
   samples: 3712/12800[K
[A
[A


[K[A
[K[A
epoch 20  31%|██████████████                            |  ETA: 0:00:38[K
     batch: 31/100[K
   samples: 3968/12800[K
[A
[A


[K[A
[K[A
epoch 20  33%|██████████████                            |  ETA: 0:00:37[K
     batch: 33/100[K
   samples: 4224/12800[K
[A
[A


[K[A
[K[A
epoch 20  35%|███████████████                           |  ETA: 0:00:36[K
     batch: 35/100[K
   samples: 4480/12800[K
[A
[A


[K[A
[K[A
epoch 20  37%|████████████████                          |  ETA: 0:00:35[K
     batch: 37/100[K
   samples: 4736/12800[K
[A
[A


[K[A
[K[A
epoch 20  39%|█████████████████                         |  ETA: 0:00:34[K
     batch: 39/100[K
   samples: 4992/12800[K
[A
[A


[K[A
[K[A
epoch 20  41%|██████████████████                        |  ETA: 0:00:33[K
     batch: 41/100[K
   samples: 5248/12800[K
[A
[A


[K[A
[K[A
epoch 20  43%|███████████████████                       |  ETA: 0:00:32[K
     batch: 43/100[K
   samples: 5504/12800[K
[A
[A


[K[A
[K[A
epoch 20  45%|███████████████████                       |  ETA: 0:00:30[K
     batch: 45/100[K
   samples: 5760/12800[K
[A
[A


[K[A
[K[A
epoch 20  47%|████████████████████                      |  ETA: 0:00:29[K
     batch: 47/100[K
   samples: 6016/12800[K
[A
[A


[K[A
[K[A
epoch 20  49%|█████████████████████                     |  ETA: 0:00:28[K
     batch: 49/100[K
   samples: 6272/12800[K
[A
[A


[K[A
[K[A
epoch 20  51%|██████████████████████                    |  ETA: 0:00:27[K
     batch: 51/100[K
   samples: 6528/12800[K
[A
[A


[K[A
[K[A
epoch 20  53%|███████████████████████                   |  ETA: 0:00:26[K
     batch: 53/100[K
   samples: 6784/12800[K
[A
[A


[K[A
[K[A
epoch 20  55%|████████████████████████                  |  ETA: 0:00:25[K
     batch: 55/100[K
   samples: 7040/12800[K
[A
[A


[K[A
[K[A
epoch 20  57%|████████████████████████                  |  ETA: 0:00:24[K
     batch: 57/100[K
   samples: 7296/12800[K
[A
[A


[K[A
[K[A
epoch 20  59%|█████████████████████████                 |  ETA: 0:00:23[K
     batch: 59/100[K
   samples: 7552/12800[K
[A
[A


[K[A
[K[A
epoch 20  61%|██████████████████████████                |  ETA: 0:00:22[K
     batch: 61/100[K
   samples: 7808/12800[K
[A
[A


[K[A
[K[A
epoch 20  63%|███████████████████████████               |  ETA: 0:00:21[K
     batch: 63/100[K
   samples: 8064/12800[K
[A
[A


[K[A
[K[A
epoch 20  65%|████████████████████████████              |  ETA: 0:00:19[K
     batch: 65/100[K
   samples: 8320/12800[K
[A
[A


[K[A
[K[A
epoch 20  67%|█████████████████████████████             |  ETA: 0:00:18[K
     batch: 67/100[K
   samples: 8576/12800[K
[A
[A


[K[A
[K[A
epoch 20  69%|█████████████████████████████             |  ETA: 0:00:17[K
     batch: 69/100[K
   samples: 8832/12800[K
[A
[A


[K[A
[K[A
epoch 20  72%|███████████████████████████████           |  ETA: 0:00:16[K
     batch: 72/100[K
   samples: 9216/12800[K
[A
[A


[K[A
[K[A
epoch 20  74%|████████████████████████████████          |  ETA: 0:00:14[K
     batch: 74/100[K
   samples: 9472/12800[K
[A
[A


[K[A
[K[A
epoch 20  76%|████████████████████████████████          |  ETA: 0:00:13[K
     batch: 76/100[K
   samples: 9728/12800[K
[A
[A


[K[A
[K[A
epoch 20  78%|█████████████████████████████████         |  ETA: 0:00:12[K
     batch: 78/100[K
   samples: 9984/12800[K
[A
[A


[K[A
[K[A
epoch 20  80%|██████████████████████████████████        |  ETA: 0:00:11[K
     batch: 80/100[K
   samples: 10240/12800[K
[A
[A


[K[A
[K[A
epoch 20  82%|███████████████████████████████████       |  ETA: 0:00:10[K
     batch: 82/100[K
   samples: 10496/12800[K
[A
[A


[K[A
[K[A
epoch 20  84%|████████████████████████████████████      |  ETA: 0:00:09[K
     batch: 84/100[K
   samples: 10752/12800[K
[A
[A


[K[A
[K[A
epoch 20  86%|█████████████████████████████████████     |  ETA: 0:00:08[K
     batch: 86/100[K
   samples: 11008/12800[K
[A
[A


[K[A
[K[A
epoch 20  88%|█████████████████████████████████████     |  ETA: 0:00:07[K
     batch: 88/100[K
   samples: 11264/12800[K
[A
[A


[K[A
[K[A
epoch 20  90%|██████████████████████████████████████    |  ETA: 0:00:06[K
     batch: 90/100[K
   samples: 11520/12800[K
[A
[A


[K[A
[K[A
epoch 20  92%|███████████████████████████████████████   |  ETA: 0:00:04[K
     batch: 92/100[K
   samples: 11776/12800[K
[A
[A


[K[A
[K[A
epoch 20  94%|████████████████████████████████████████  |  ETA: 0:00:03[K
     batch: 94/100[K
   samples: 12032/12800[K
[A
[A


[K[A
[K[A
epoch 20  96%|█████████████████████████████████████████ |  ETA: 0:00:02[K
     batch: 96/100[K
   samples: 12288/12800[K
[A
[A


[K[A
[K[A
epoch 20  98%|██████████████████████████████████████████|  ETA: 0:00:01[K
     batch: 98/100[K
   samples: 12544/12800[K
[A
[A


[K[A
[K[A
epoch 20 100%|██████████████████████████████████████████| Time: 0:00:55[K
     batch: 100/100[K
   samples: 12800/12800[K

epoch 21   2%|█                                         |  ETA: 0:00:52[K
     batch: 2/100[K
   samples: 256/12800[K
[A
[A


[K[A
[K[A
epoch 21   4%|██                                        |  ETA: 0:00:49[K
     batch: 4/100[K
   samples: 512/12800[K
[A
[A


[K[A
[K[A
epoch 21   6%|███                                       |  ETA: 0:00:49[K
     batch: 6/100[K
   samples: 768/12800[K
[A
[A


[K[A
[K[A
epoch 21   8%|████                                      |  ETA: 0:00:50[K
     batch: 8/100[K
   samples: 1024/12800[K
[A
[A


[K[A
[K[A
epoch 21  10%|█████                                     |  ETA: 0:00:49[K
     batch: 10/100[K
   samples: 1280/12800[K
[A
[A


[K[A
[K[A
epoch 21  12%|██████                                    |  ETA: 0:00:47[K
     batch: 12/100[K
   samples: 1536/12800[K
[A
[A


[K[A
[K[A
epoch 21  14%|██████                                    |  ETA: 0:00:46[K
     batch: 14/100[K
   samples: 1792/12800[K
[A
[A


[K[A
[K[A
epoch 21  16%|███████                                   |  ETA: 0:00:45[K
     batch: 16/100[K
   samples: 2048/12800[K
[A
[A


[K[A
[K[A
epoch 21  18%|████████                                  |  ETA: 0:00:44[K
     batch: 18/100[K
   samples: 2304/12800[K
[A
[A


[K[A
[K[A
epoch 21  20%|█████████                                 |  ETA: 0:00:43[K
     batch: 20/100[K
   samples: 2560/12800[K
[A
[A


[K[A
[K[A
epoch 21  22%|██████████                                |  ETA: 0:00:43[K
     batch: 22/100[K
   samples: 2816/12800[K
[A
[A


[K[A
[K[A
epoch 21  24%|███████████                               |  ETA: 0:00:42[K
     batch: 24/100[K
   samples: 3072/12800[K
[A
[A


[K[A
[K[A
epoch 21  26%|███████████                               |  ETA: 0:00:41[K
     batch: 26/100[K
   samples: 3328/12800[K
[A
[A


[K[A
[K[A
epoch 21  28%|████████████                              |  ETA: 0:00:40[K
     batch: 28/100[K
   samples: 3584/12800[K
[A
[A


[K[A
[K[A
epoch 21  30%|█████████████                             |  ETA: 0:00:39[K
     batch: 30/100[K
   samples: 3840/12800[K
[A
[A


[K[A
[K[A
epoch 21  32%|██████████████                            |  ETA: 0:00:38[K
     batch: 32/100[K
   samples: 4096/12800[K
[A
[A


[K[A
[K[A
epoch 21  34%|███████████████                           |  ETA: 0:00:37[K
     batch: 34/100[K
   samples: 4352/12800[K
[A
[A


[K[A
[K[A
epoch 21  36%|████████████████                          |  ETA: 0:00:36[K
     batch: 36/100[K
   samples: 4608/12800[K
[A
[A


[K[A
[K[A
epoch 21  38%|████████████████                          |  ETA: 0:00:35[K
     batch: 38/100[K
   samples: 4864/12800[K
[A
[A


[K[A
[K[A
epoch 21  40%|█████████████████                         |  ETA: 0:00:34[K
     batch: 40/100[K
   samples: 5120/12800[K
[A
[A


[K[A
[K[A
epoch 21  42%|██████████████████                        |  ETA: 0:00:33[K
     batch: 42/100[K
   samples: 5376/12800[K
[A
[A


[K[A
[K[A
epoch 21  44%|███████████████████                       |  ETA: 0:00:32[K
     batch: 44/100[K
   samples: 5632/12800[K
[A
[A


[K[A
[K[A
epoch 21  46%|████████████████████                      |  ETA: 0:00:31[K
     batch: 46/100[K
   samples: 5888/12800[K
[A
[A


[K[A
[K[A
epoch 21  48%|█████████████████████                     |  ETA: 0:00:30[K
     batch: 48/100[K
   samples: 6144/12800[K
[A
[A


[K[A
[K[A
epoch 21  50%|██████████████████████                    |  ETA: 0:00:29[K
     batch: 50/100[K
   samples: 6400/12800[K
[A
[A


[K[A
[K[A
epoch 21  52%|██████████████████████                    |  ETA: 0:00:28[K
     batch: 52/100[K
   samples: 6656/12800[K
[A
[A


[K[A
[K[A
epoch 21  54%|███████████████████████                   |  ETA: 0:00:27[K
     batch: 54/100[K
   samples: 6912/12800[K
[A
[A


[K[A
[K[A
epoch 21  56%|████████████████████████                  |  ETA: 0:00:25[K
     batch: 56/100[K
   samples: 7168/12800[K
[A
[A


[K[A
[K[A
epoch 21  59%|█████████████████████████                 |  ETA: 0:00:23[K
     batch: 59/100[K
   samples: 7552/12800[K
[A
[A


[K[A
[K[A
epoch 21  61%|██████████████████████████                |  ETA: 0:00:22[K
     batch: 61/100[K
   samples: 7808/12800[K
[A
[A


[K[A
[K[A
epoch 21  63%|███████████████████████████               |  ETA: 0:00:21[K
     batch: 63/100[K
   samples: 8064/12800[K
[A
[A


[K[A
[K[A
epoch 21  65%|████████████████████████████              |  ETA: 0:00:20[K
     batch: 65/100[K
   samples: 8320/12800[K
[A
[A


[K[A
[K[A
epoch 21  67%|█████████████████████████████             |  ETA: 0:00:19[K
     batch: 67/100[K
   samples: 8576/12800[K
[A
[A


[K[A
[K[A
epoch 21  69%|█████████████████████████████             |  ETA: 0:00:18[K
     batch: 69/100[K
   samples: 8832/12800[K
[A
[A


[K[A
[K[A
epoch 21  71%|██████████████████████████████            |  ETA: 0:00:16[K
     batch: 71/100[K
   samples: 9088/12800[K
[A
[A


[K[A
[K[A
epoch 21  73%|███████████████████████████████           |  ETA: 0:00:15[K
     batch: 73/100[K
   samples: 9344/12800[K
[A
[A


[K[A
[K[A
epoch 21  75%|████████████████████████████████          |  ETA: 0:00:14[K
     batch: 75/100[K
   samples: 9600/12800[K
[A
[A


[K[A
[K[A
epoch 21  77%|█████████████████████████████████         |  ETA: 0:00:13[K
     batch: 77/100[K
   samples: 9856/12800[K
[A
[A


[K[A
[K[A
epoch 21  79%|██████████████████████████████████        |  ETA: 0:00:12[K
     batch: 79/100[K
   samples: 10112/12800[K
[A
[A


[K[A
[K[A
epoch 21  81%|███████████████████████████████████       |  ETA: 0:00:11[K
     batch: 81/100[K
   samples: 10368/12800[K
[A
[A


[K[A
[K[A
epoch 21  83%|███████████████████████████████████       |  ETA: 0:00:10[K
     batch: 83/100[K
   samples: 10624/12800[K
[A
[A


[K[A
[K[A
epoch 21  85%|████████████████████████████████████      |  ETA: 0:00:08[K
     batch: 85/100[K
   samples: 10880/12800[K
[A
[A


[K[A
[K[A
epoch 21  87%|█████████████████████████████████████     |  ETA: 0:00:07[K
     batch: 87/100[K
   samples: 11136/12800[K
[A
[A


[K[A
[K[A
epoch 21  89%|██████████████████████████████████████    |  ETA: 0:00:06[K
     batch: 89/100[K
   samples: 11392/12800[K
[A
[A


[K[A
[K[A
epoch 21  91%|███████████████████████████████████████   |  ETA: 0:00:05[K
     batch: 91/100[K
   samples: 11648/12800[K
[A
[A


[K[A
[K[A
epoch 21  93%|████████████████████████████████████████  |  ETA: 0:00:04[K
     batch: 93/100[K
   samples: 11904/12800[K
[A
[A


[K[A
[K[A
epoch 21  95%|████████████████████████████████████████  |  ETA: 0:00:03[K
     batch: 95/100[K
   samples: 12160/12800[K
[A
[A


[K[A
[K[A
epoch 21  97%|█████████████████████████████████████████ |  ETA: 0:00:02[K
     batch: 97/100[K
   samples: 12416/12800[K
[A
[A


[K[A
[K[A
epoch 21  99%|██████████████████████████████████████████|  ETA: 0:00:01[K
     batch: 99/100[K
   samples: 12672/12800[K
[A
[A


[K[A
[K[A
epoch 21 100%|██████████████████████████████████████████| Time: 0:00:56[K
     batch: 100/100[K
   samples: 12800/12800[K
[bootstrap] activated project
[bootstrap] loaded packages
building MNIST 784-120-40 layer
loading training split
training samples: 12800 (100 batches/epoch)
loading train-eval split
train-eval samples: 1000
loading test split
test samples: 1000
constructing 32-worker softplus-margin nudge Adam manager
constructing 32-worker validation manager
starting epochs
restoring checkpoint state from ext/IsingLearning/experiments/MNIST/baseline_new_nudge/experiments/current/symmetric_nudge_resume_from_0p689_20260610/cont_lr0p00012_reset_s500/best_checkpoint.bin
epoch 18 training
epoch 18 batch 1/100 samples 128/12800 elapsed 16.8s
epoch 18 batch 25/100 samples 3200/12800 elapsed 29.3s
epoch 18 batch 50/100 samples 6400/12800 elapsed 42.0s
epoch 18 batch 75/100 samples 9600/12800 elapsed 55.5s
epoch 18 batch 100/100 samples 12800/12800 elapsed 68.6s
epoch 18 training done in 68.576s
epoch 18 train-eval: evaluating 1000 samples
epoch 18 train accuracy 0.665 loss 12.080141
epoch 18 evaluating
epoch 18 test: evaluating 1000 samples
epoch 18 test accuracy 0.675 loss 11.946495 best 0.714
(timestamp = "2026-06-10T09:10:18", epoch = 18, seconds = 68.5756468, train_accuracy = 0.665, train_loss = 12.080141f0, test_accuracy = 0.675, test_loss = 11.946495f0, pred_counts = "159-135-110-139-133-83-108-110-12-11", w_norm = 0.81067234f0, b_norm = 0.06177472f0, w_input_norm = 1.9609184f0, grad_w_norm = 5.759438f0, grad_b_norm = 0.88816583f0, grad_w_input_norm = 5.4032855f0, effective_w_decay = 0.001f0, effective_w_input_decay = 0.001f0, symmetry_error = 0.0f0, grad_symmetry_error = 0.0f0, best_accuracy = 0.714, best_path = "ext\\IsingLearning\\experiments\\MNIST\\baseline_new_nudge\\experiments\\current\\symmetric_nudge_beta_relax_from_0p714_20260610\\b0p020_lr0p00012_s350_fixed\\best_checkpoint.bin", final_path = "")
epoch 19 training
epoch 19 batch 1/100 samples 128/12800 elapsed 0.5s
epoch 19 batch 25/100 samples 3200/12800 elapsed 14.1s
epoch 19 batch 50/100 samples 6400/12800 elapsed 27.0s
epoch 19 batch 75/100 samples 9600/12800 elapsed 40.5s
epoch 19 batch 100/100 samples 12800/12800 elapsed 54.5s
epoch 19 training done in 54.519s
epoch 19 train-eval: evaluating 1000 samples
epoch 19 train accuracy 0.678 loss 11.87292
epoch 19 evaluating
epoch 19 test: evaluating 1000 samples
epoch 19 test accuracy 0.708 loss 11.547596 best 0.714
(timestamp = "2026-06-10T09:11:16", epoch = 19, seconds = 54.5187555, train_accuracy = 0.678, train_loss = 11.87292f0, test_accuracy = 0.708, test_loss = 11.547596f0, pred_counts = "135-114-111-138-150-65-106-159-11-11", w_norm = 0.8196659f0, b_norm = 0.06445929f0, w_input_norm = 1.983332f0, grad_w_norm = 4.92015f0, grad_b_norm = 0.76178026f0, grad_w_input_norm = 7.1505427f0, effective_w_decay = 0.001f0, effective_w_input_decay = 0.001f0, symmetry_error = 0.0f0, grad_symmetry_error = 0.0f0, best_accuracy = 0.714, best_path = "ext\\IsingLearning\\experiments\\MNIST\\baseline_new_nudge\\experiments\\current\\symmetric_nudge_beta_relax_from_0p714_20260610\\b0p020_lr0p00012_s350_fixed\\best_checkpoint.bin", final_path = "")
epoch 20 training
epoch 20 batch 1/100 samples 128/12800 elapsed 0.6s
epoch 20 batch 25/100 samples 3200/12800 elapsed 13.9s
epoch 20 batch 50/100 samples 6400/12800 elapsed 27.6s
epoch 20 batch 75/100 samples 9600/12800 elapsed 41.7s
epoch 20 batch 100/100 samples 12800/12800 elapsed 55.8s
epoch 20 training done in 55.8s
epoch 20 train-eval: evaluating 1000 samples
epoch 20 train accuracy 0.679 loss 11.846494
epoch 20 evaluating
epoch 20 test: evaluating 1000 samples
epoch 20 test accuracy 0.694 loss 11.520069 best 0.714
(timestamp = "2026-06-10T09:12:14", epoch = 20, seconds = 55.8003832, train_accuracy = 0.679, train_loss = 11.846494f0, test_accuracy = 0.694, test_loss = 11.520069f0, pred_counts = "115-120-113-174-115-109-110-124-11-9", w_norm = 0.8245296f0, b_norm = 0.06265273f0, w_input_norm = 1.9902303f0, grad_w_norm = 4.596376f0, grad_b_norm = 0.58479136f0, grad_w_input_norm = 2.9976854f0, effective_w_decay = 0.001f0, effective_w_input_decay = 0.001f0, symmetry_error = 0.0f0, grad_symmetry_error = 0.0f0, best_accuracy = 0.714, best_path = "ext\\IsingLearning\\experiments\\MNIST\\baseline_new_nudge\\experiments\\current\\symmetric_nudge_beta_relax_from_0p714_20260610\\b0p020_lr0p00012_s350_fixed\\best_checkpoint.bin", final_path = "")
epoch 21 training
epoch 21 batch 1/100 samples 128/12800 elapsed 0.5s
epoch 21 batch 25/100 samples 3200/12800 elapsed 13.8s
epoch 21 batch 50/100 samples 6400/12800 elapsed 29.0s
epoch 21 batch 75/100 samples 9600/12800 elapsed 42.3s
epoch 21 batch 100/100 samples 12800/12800 elapsed 56.6s
epoch 21 training done in 56.543s
epoch 21 train-eval: evaluating 1000 samples
epoch 21 train accuracy 0.654 loss 12.206818
epoch 21 evaluating
epoch 21 test: evaluating 1000 samples
epoch 21 test accuracy 0.686 loss 11.903536 best 0.714
epoch 21 early stop: test accuracy declined for 2 consecutive evaluated epochs
(timestamp = "2026-06-10T09:13:13", epoch = 21, seconds = 56.5432147, train_accuracy = 0.654, train_loss = 12.206818f0, test_accuracy = 0.686, test_loss = 11.903536f0, pred_counts = "135-115-99-178-145-125-84-97-13-9", w_norm = 0.82504845f0, b_norm = 0.062673084f0, w_input_norm = 2.0058117f0, grad_w_norm = 3.9557219f0, grad_b_norm = 0.6499333f0, grad_w_input_norm = 3.7001464f0, effective_w_decay = 0.001f0, effective_w_input_decay = 0.001f0, symmetry_error = 0.0f0, grad_symmetry_error = 0.0f0, best_accuracy = 0.714, best_path = "ext\\IsingLearning\\experiments\\MNIST\\baseline_new_nudge\\experiments\\current\\symmetric_nudge_beta_relax_from_0p714_20260610\\b0p020_lr0p00012_s350_fixed\\best_checkpoint.bin", final_path = "")
saved MNIST 784-120-40 softplus-margin nudge baseline in ext\IsingLearning\experiments\MNIST\baseline_new_nudge\experiments\current\symmetric_nudge_beta_relax_from_0p714_20260610\b0p020_lr0p00012_s350_fixed
