[bootstrap] activated project
[bootstrap] loaded packages
building MNIST 784-120-40 layer
loading training split
training samples: 12800 (100 batches/epoch)
loading train-eval split
train-eval samples: 1000
loading test split
test samples: 1000
constructing 32-worker softplus-margin nudge Adam manager
constructing 32-worker validation manager
starting epochs
restoring checkpoint state from ext/IsingLearning/experiments/MNIST/baseline_new_nudge/experiments/current/symmetric_nudge_resume_from_0p689_20260610/cont_lr0p00012_reset_s500/best_checkpoint.bin
epoch 18 training
epoch 18 batch 1/100 samples 128/12800 elapsed 16.8s
epoch 18 batch 25/100 samples 3200/12800 elapsed 29.3s
epoch 18 batch 50/100 samples 6400/12800 elapsed 42.0s
epoch 18 batch 75/100 samples 9600/12800 elapsed 55.5s
epoch 18 batch 100/100 samples 12800/12800 elapsed 68.6s
epoch 18 training done in 68.576s
epoch 18 train-eval: evaluating 1000 samples
epoch 18 train accuracy 0.665 loss 12.080141
epoch 18 evaluating
epoch 18 test: evaluating 1000 samples
epoch 18 test accuracy 0.675 loss 11.946495 best 0.714
(timestamp = "2026-06-10T09:10:18", epoch = 18, seconds = 68.5756468, train_accuracy = 0.665, train_loss = 12.080141f0, test_accuracy = 0.675, test_loss = 11.946495f0, pred_counts = "159-135-110-139-133-83-108-110-12-11", w_norm = 0.81067234f0, b_norm = 0.06177472f0, w_input_norm = 1.9609184f0, grad_w_norm = 5.759438f0, grad_b_norm = 0.88816583f0, grad_w_input_norm = 5.4032855f0, effective_w_decay = 0.001f0, effective_w_input_decay = 0.001f0, symmetry_error = 0.0f0, grad_symmetry_error = 0.0f0, best_accuracy = 0.714, best_path = "ext\\IsingLearning\\experiments\\MNIST\\baseline_new_nudge\\experiments\\current\\symmetric_nudge_beta_relax_from_0p714_20260610\\b0p020_lr0p00012_s350_fixed\\best_checkpoint.bin", final_path = "")
epoch 19 training
epoch 19 batch 1/100 samples 128/12800 elapsed 0.5s
epoch 19 batch 25/100 samples 3200/12800 elapsed 14.1s
epoch 19 batch 50/100 samples 6400/12800 elapsed 27.0s
epoch 19 batch 75/100 samples 9600/12800 elapsed 40.5s
epoch 19 batch 100/100 samples 12800/12800 elapsed 54.5s
epoch 19 training done in 54.519s
epoch 19 train-eval: evaluating 1000 samples
epoch 19 train accuracy 0.678 loss 11.87292
epoch 19 evaluating
epoch 19 test: evaluating 1000 samples
epoch 19 test accuracy 0.708 loss 11.547596 best 0.714
(timestamp = "2026-06-10T09:11:16", epoch = 19, seconds = 54.5187555, train_accuracy = 0.678, train_loss = 11.87292f0, test_accuracy = 0.708, test_loss = 11.547596f0, pred_counts = "135-114-111-138-150-65-106-159-11-11", w_norm = 0.8196659f0, b_norm = 0.06445929f0, w_input_norm = 1.983332f0, grad_w_norm = 4.92015f0, grad_b_norm = 0.76178026f0, grad_w_input_norm = 7.1505427f0, effective_w_decay = 0.001f0, effective_w_input_decay = 0.001f0, symmetry_error = 0.0f0, grad_symmetry_error = 0.0f0, best_accuracy = 0.714, best_path = "ext\\IsingLearning\\experiments\\MNIST\\baseline_new_nudge\\experiments\\current\\symmetric_nudge_beta_relax_from_0p714_20260610\\b0p020_lr0p00012_s350_fixed\\best_checkpoint.bin", final_path = "")
epoch 20 training
epoch 20 batch 1/100 samples 128/12800 elapsed 0.6s
epoch 20 batch 25/100 samples 3200/12800 elapsed 13.9s
epoch 20 batch 50/100 samples 6400/12800 elapsed 27.6s
epoch 20 batch 75/100 samples 9600/12800 elapsed 41.7s
epoch 20 batch 100/100 samples 12800/12800 elapsed 55.8s
epoch 20 training done in 55.8s
epoch 20 train-eval: evaluating 1000 samples
epoch 20 train accuracy 0.679 loss 11.846494
epoch 20 evaluating
epoch 20 test: evaluating 1000 samples
epoch 20 test accuracy 0.694 loss 11.520069 best 0.714
(timestamp = "2026-06-10T09:12:14", epoch = 20, seconds = 55.8003832, train_accuracy = 0.679, train_loss = 11.846494f0, test_accuracy = 0.694, test_loss = 11.520069f0, pred_counts = "115-120-113-174-115-109-110-124-11-9", w_norm = 0.8245296f0, b_norm = 0.06265273f0, w_input_norm = 1.9902303f0, grad_w_norm = 4.596376f0, grad_b_norm = 0.58479136f0, grad_w_input_norm = 2.9976854f0, effective_w_decay = 0.001f0, effective_w_input_decay = 0.001f0, symmetry_error = 0.0f0, grad_symmetry_error = 0.0f0, best_accuracy = 0.714, best_path = "ext\\IsingLearning\\experiments\\MNIST\\baseline_new_nudge\\experiments\\current\\symmetric_nudge_beta_relax_from_0p714_20260610\\b0p020_lr0p00012_s350_fixed\\best_checkpoint.bin", final_path = "")
epoch 21 training
epoch 21 batch 1/100 samples 128/12800 elapsed 0.5s
epoch 21 batch 25/100 samples 3200/12800 elapsed 13.8s
epoch 21 batch 50/100 samples 6400/12800 elapsed 29.0s
epoch 21 batch 75/100 samples 9600/12800 elapsed 42.3s
epoch 21 batch 100/100 samples 12800/12800 elapsed 56.6s
epoch 21 training done in 56.543s
epoch 21 train-eval: evaluating 1000 samples
epoch 21 train accuracy 0.654 loss 12.206818
epoch 21 evaluating
epoch 21 test: evaluating 1000 samples
epoch 21 test accuracy 0.686 loss 11.903536 best 0.714
epoch 21 early stop: test accuracy declined for 2 consecutive evaluated epochs
(timestamp = "2026-06-10T09:13:13", epoch = 21, seconds = 56.5432147, train_accuracy = 0.654, train_loss = 12.206818f0, test_accuracy = 0.686, test_loss = 11.903536f0, pred_counts = "135-115-99-178-145-125-84-97-13-9", w_norm = 0.82504845f0, b_norm = 0.062673084f0, w_input_norm = 2.0058117f0, grad_w_norm = 3.9557219f0, grad_b_norm = 0.6499333f0, grad_w_input_norm = 3.7001464f0, effective_w_decay = 0.001f0, effective_w_input_decay = 0.001f0, symmetry_error = 0.0f0, grad_symmetry_error = 0.0f0, best_accuracy = 0.714, best_path = "ext\\IsingLearning\\experiments\\MNIST\\baseline_new_nudge\\experiments\\current\\symmetric_nudge_beta_relax_from_0p714_20260610\\b0p020_lr0p00012_s350_fixed\\best_checkpoint.bin", final_path = "")
saved MNIST 784-120-40 softplus-margin nudge baseline in ext\IsingLearning\experiments\MNIST\baseline_new_nudge\experiments\current\symmetric_nudge_beta_relax_from_0p714_20260610\b0p020_lr0p00012_s350_fixed
