[2026-05-27T13:46:55] monitor started pid=260352 poll_s=15
[2026-05-27T13:46:55] running stdout="["
[2026-05-27T13:47:10] running stdout="loading training split"
[2026-05-27T13:47:25] running stdout="constructing 32-worker Adam manager"
[2026-05-27T13:47:40] running stdout="starting epochs"
[2026-05-27T13:47:55] running stdout="starting epochs"
[2026-05-27T13:48:10] running stdout="starting epochs"
[2026-05-27T13:48:26] running stdout="starting epochs"
[2026-05-27T13:48:41] running stdout="epoch 0 evaluating"
[2026-05-27T13:48:56] running stdout="epoch 0 evaluating"
[2026-05-27T13:49:11] running stdout="epoch 0 evaluating"
[2026-05-27T13:49:26] running stdout="epoch 0 evaluating"
[2026-05-27T13:49:41] running stdout="epoch 0 evaluating"
[2026-05-27T13:49:56] running stdout="epoch 0 evaluating"
[2026-05-27T13:50:11] running stdout="epoch 0 evaluating"
[2026-05-27T13:50:26] running stdout="epoch 0 evaluating"
[2026-05-27T13:50:41] running stdout="epoch 0 evaluating"
[2026-05-27T13:50:56] running stdout="epoch 0 evaluating"
[2026-05-27T13:51:11] running stdout="epoch 0 evaluating"
[2026-05-27T13:51:26] running stdout="epoch 0 evaluating"
[2026-05-27T13:51:41] running stdout="epoch 0 evaluating"
[2026-05-27T13:51:56] running stdout="epoch 0 evaluating"
[2026-05-27T13:52:11] running stdout="epoch 0 evaluating"
[2026-05-27T13:52:26] running stdout="epoch 0 evaluating"
[2026-05-27T13:52:41] running stdout="epoch 0 evaluating"
