  Activating project at `~/Documents/GitHub/InteractiveIsing.jl/ext/IsingLearning`
┌ Warning: Overlapping GeneralState field names encountered during merge; later defaults will override earlier ones.
│   overlapping_fields =
│    2-element Vector{Symbol}:
│     :equilibrium_state
│     :x
└ @ IsingLearning.InteractiveIsing.Processes ~/Documents/GitHub/InteractiveIsing.jl/deps/Processes/src/Widgets/GeneralState.jl:54
┌ Warning: Overlapping GeneralState field names encountered during merge; later defaults will override earlier ones.
│   overlapping_fields =
│    3-element Vector{Symbol}:
│     :equilibrium_state
│     :y
│     :x
└ @ IsingLearning.InteractiveIsing.Processes ~/Documents/GitHub/InteractiveIsing.jl/deps/Processes/src/Widgets/GeneralState.jl:54
Running 2-input statistical XOR EP: (epochs = 1500, log_every = 150, minit = 4, eval_repeats = 32, hidden = 16, beta = 1.0, lr = 0.01, weight_decay = 0.0, temp = 0.001, stepsize = 0.1, block_size = 8, free_relaxation = 1000, nudged_relaxation = 1000, state = :continuous, dynamics = :langevin, init_mode = :zero, training_rule = :target_free, target_free_sign = :target_minus_free)
epoch=0 mse=1.661935 acc=0.5
    case=(false, false) input=[-1.0, -1.0] target=[1.0, -1.0] mean=[-0.3842, 0.9477] std=0.52466
    case=(false, true) input=[-1.0, 1.0] target=[-1.0, 1.0] mean=[-0.9564, -0.9568] std=0.02665
    case=(true, false) input=[1.0, -1.0] target=[-1.0, 1.0] mean=[0.935, 0.9626] std=0.03211
    case=(true, true) input=[1.0, 1.0] target=[1.0, -1.0] mean=[0.9399, -0.9259] std=0.04243
epoch=1 mse=1.449416 acc=0.5 grad=2.721978 response=0.525356 delta=0.12083
epoch=150 mse=1.027425 acc=0.5 grad=0.385713 response=0.609808 delta=2.323417
epoch=300 mse=1.161776 acc=0.5 grad=0.616922 response=0.596196 delta=2.811476
epoch=450 mse=1.165507 acc=0.5 grad=0.367729 response=0.597258 delta=2.810713
epoch=600 mse=0.82195 acc=0.75 grad=0.2653 response=0.53945 delta=2.800736
epoch=750 mse=1.107918 acc=0.5 grad=0.580398 response=0.577274 delta=2.816333
epoch=900 mse=1.225228 acc=0.25 grad=0.58966 response=0.528706 delta=2.822053
epoch=1050 mse=1.189324 acc=0.25 grad=0.30454 response=0.615329 delta=2.818388
epoch=1200 mse=1.340557 acc=0.25 grad=0.702569 response=0.555085 delta=2.791281
epoch=1350 mse=1.151446 acc=0.25 grad=0.469907 response=0.544362 delta=2.797846
epoch=1500 mse=1.150842 acc=0.5 grad=1.031197 response=0.555478 delta=2.779676
restored best mse=1.056846 acc=0.5
    case=(false, false) input=[-1.0, -1.0] target=[1.0, -1.0] mean=[-0.2379, 0.2312] std=0.93419
    case=(false, true) input=[-1.0, 1.0] target=[-1.0, 1.0] mean=[-0.0539, 0.0558] std=0.95815
    case=(true, false) input=[1.0, -1.0] target=[-1.0, 1.0] mean=[0.238, -0.2334] std=0.9397
    case=(true, true) input=[1.0, 1.0] target=[1.0, -1.0] mean=[0.4634, -0.473] std=0.83019
Saved CSV: ext/IsingLearning/runs/xor_2input_langevin_targetfree_sweep_20260510_030316/lr010/xor_statistical_ep_2input.csv
Saved plot: ext/IsingLearning/runs/xor_2input_langevin_targetfree_sweep_20260510_030316/lr010/xor_statistical_ep_2input.png
Saved graph: ext/IsingLearning/runs/xor_2input_langevin_targetfree_sweep_20260510_030316/lr010/xor_statistical_ep_2input_trained_graph.jld2
