  Activating project at `~/Documents/GitHub/InteractiveIsing.jl/ext/IsingLearning`
┌ Warning: Overlapping GeneralState field names encountered during merge; later defaults will override earlier ones.
│   overlapping_fields =
│    2-element Vector{Symbol}:
│     :equilibrium_state
│     :x
└ @ IsingLearning.InteractiveIsing.Processes ~/Documents/GitHub/InteractiveIsing.jl/deps/Processes/src/Widgets/GeneralState.jl:54
┌ Warning: Overlapping GeneralState field names encountered during merge; later defaults will override earlier ones.
│   overlapping_fields =
│    3-element Vector{Symbol}:
│     :equilibrium_state
│     :y
│     :x
└ @ IsingLearning.InteractiveIsing.Processes ~/Documents/GitHub/InteractiveIsing.jl/deps/Processes/src/Widgets/GeneralState.jl:54
Running 2-input statistical XOR EP: (epochs = 1500, log_every = 150, minit = 4, eval_repeats = 32, hidden = 16, beta = 1.0, lr = 0.08, weight_decay = 0.0, temp = 0.001, stepsize = 0.1, block_size = 8, free_relaxation = 1000, nudged_relaxation = 1000, state = :continuous, dynamics = :langevin, init_mode = :zero, training_rule = :ep, target_free_sign = :target_minus_free)
epoch=0 mse=1.779935 acc=0.75
    case=(false, false) input=[-1.0, -1.0] target=[1.0, -1.0] mean=[-0.7337, 0.9291] std=0.33136
    case=(false, true) input=[-1.0, 1.0] target=[-1.0, 1.0] mean=[-0.9542, -0.9459] std=0.02993
    case=(true, false) input=[1.0, -1.0] target=[-1.0, 1.0] mean=[0.9267, 0.9632] std=0.03082
    case=(true, true) input=[1.0, 1.0] target=[1.0, -1.0] mean=[0.9293, -0.9279] std=0.04094
epoch=1 mse=1.978306 acc=0.5 grad=1.47534 response=0.507929 delta=0.966643
epoch=150 mse=1.335274 acc=0.5 grad=1.349971 response=0.493123 delta=6.435442
epoch=300 mse=1.73366 acc=0.25 grad=1.600939 response=0.425433 delta=7.483342
epoch=450 mse=1.743222 acc=0.5 grad=1.380438 response=0.424628 delta=8.465019
epoch=600 mse=1.756764 acc=0.25 grad=1.185988 response=0.421239 delta=9.173407
epoch=750 mse=1.599226 acc=0.5 grad=1.604005 response=0.431423 delta=9.649859
epoch=900 mse=1.68744 acc=0.5 grad=1.522719 response=0.437973 delta=9.98447
epoch=1050 mse=1.681564 acc=0.5 grad=1.236585 response=0.440466 delta=10.465626
epoch=1200 mse=1.753337 acc=0.0 grad=1.439239 response=0.431411 delta=10.56221
epoch=1350 mse=1.729775 acc=0.75 grad=1.526635 response=0.425984 delta=10.790711
epoch=1500 mse=1.670475 acc=0.75 grad=1.226184 response=0.430413 delta=12.040991
restored best mse=1.353089 acc=0.5
    case=(false, false) input=[-1.0, -1.0] target=[1.0, -1.0] mean=[-0.8419, -0.08] std=0.56875
    case=(false, true) input=[-1.0, 1.0] target=[-1.0, 1.0] mean=[-0.8542, -0.0266] std=0.61082
    case=(true, false) input=[1.0, -1.0] target=[-1.0, 1.0] mean=[-0.8693, 0.3398] std=0.47647
    case=(true, true) input=[1.0, 1.0] target=[1.0, -1.0] mean=[-0.8847, 0.2269] std=0.56071
Saved CSV: ext/IsingLearning/runs/xor_2input_langevin_highlr_currentpath_20260510_025346/lr008/xor_statistical_ep_2input.csv
Saved plot: ext/IsingLearning/runs/xor_2input_langevin_highlr_currentpath_20260510_025346/lr008/xor_statistical_ep_2input.png
Saved graph: ext/IsingLearning/runs/xor_2input_langevin_highlr_currentpath_20260510_025346/lr008/xor_statistical_ep_2input_trained_graph.jld2
