  Activating project at `~/Documents/GitHub/InteractiveIsing.jl/ext/IsingLearning`
┌ Warning: Overlapping GeneralState field names encountered during merge; later defaults will override earlier ones.
│   overlapping_fields =
│    2-element Vector{Symbol}:
│     :equilibrium_state
│     :x
└ @ IsingLearning.InteractiveIsing.StatefulAlgorithms ~/Documents/GitHub/InteractiveIsing.jl/deps/StatefulAlgorithms/src/Widgets/GeneralState.jl:54
┌ Warning: Overlapping GeneralState field names encountered during merge; later defaults will override earlier ones.
│   overlapping_fields =
│    3-element Vector{Symbol}:
│     :equilibrium_state
│     :y
│     :x
└ @ IsingLearning.InteractiveIsing.StatefulAlgorithms ~/Documents/GitHub/InteractiveIsing.jl/deps/StatefulAlgorithms/src/Widgets/GeneralState.jl:54
Running 2-input statistical XOR EP: (epochs = 1500, log_every = 150, minit = 4, eval_repeats = 32, hidden = 16, beta = 1.0, lr = 0.005, weight_decay = 0.0, temp = 0.001, stepsize = 0.1, block_size = 8, free_relaxation = 1000, nudged_relaxation = 1000, state = :continuous, dynamics = :langevin, init_mode = :zero, training_rule = :target_free, target_free_sign = :target_minus_free)
epoch=0 mse=1.662515 acc=0.5
    case=(false, false) input=[-1.0, -1.0] target=[1.0, -1.0] mean=[-0.3909, 0.9409] std=0.51442
    case=(false, true) input=[-1.0, 1.0] target=[-1.0, 1.0] mean=[-0.9477, -0.9595] std=0.02541
    case=(true, false) input=[1.0, -1.0] target=[-1.0, 1.0] mean=[0.9311, 0.9628] std=0.03625
    case=(true, true) input=[1.0, 1.0] target=[1.0, -1.0] mean=[0.8568, -0.9295] std=0.1901
epoch=1 mse=1.783198 acc=0.5 grad=2.69495 response=0.521373 delta=0.060415
epoch=150 mse=1.183402 acc=0.25 grad=0.626614 response=0.585572 delta=1.859635
epoch=300 mse=1.116956 acc=0.5 grad=0.316049 response=0.619991 delta=2.49254
epoch=450 mse=1.254908 acc=0.25 grad=0.305549 response=0.574454 delta=2.852509
epoch=600 mse=1.114322 acc=0.25 grad=0.358239 response=0.596991 delta=2.848284
epoch=750 mse=0.942665 acc=0.5 grad=0.383182 response=0.511803 delta=2.855022
epoch=900 mse=0.941049 acc=0.75 grad=0.257485 response=0.535062 delta=2.854323
epoch=1050 mse=1.125881 acc=0.25 grad=0.584107 response=0.553791 delta=2.854731
epoch=1200 mse=0.839654 acc=0.5 grad=0.360226 response=0.57856 delta=2.847192
epoch=1350 mse=1.453619 acc=0.5 grad=0.445861 response=0.597681 delta=2.848426
epoch=1500 mse=0.947875 acc=0.75 grad=0.746164 response=0.597403 delta=2.846014
restored best mse=0.862963 acc=0.75
    case=(false, false) input=[-1.0, -1.0] target=[1.0, -1.0] mean=[0.4692, -0.4695] std=0.82308
    case=(false, true) input=[-1.0, 1.0] target=[-1.0, 1.0] mean=[0.2589, -0.2624] std=0.90374
    case=(true, false) input=[1.0, -1.0] target=[-1.0, 1.0] mean=[-0.0012, 0.0078] std=0.95538
    case=(true, true) input=[1.0, 1.0] target=[1.0, -1.0] mean=[0.2331, -0.2306] std=0.92852
Saved CSV: ext/IsingLearning/runs/xor_2input_langevin_targetfree_sweep_20260510_030316/lr005/xor_statistical_ep_2input.csv
Saved plot: ext/IsingLearning/runs/xor_2input_langevin_targetfree_sweep_20260510_030316/lr005/xor_statistical_ep_2input.png
Saved graph: ext/IsingLearning/runs/xor_2input_langevin_targetfree_sweep_20260510_030316/lr005/xor_statistical_ep_2input_trained_graph.jld2
