[2026-05-28T12:09:01] starting metropolis from scratch dynamics=metropolis stepsize= outdir=C:\Users\fenje\dev\InteractiveIsing.jl\ext\IsingLearning\experiments\MNIST\single-hidden-local-28x28-to-11x11-readout\experiments\current\20260528_120724_mnist_single_hidden_local_r8_metropolis_from_scratch_s50_e10_32w
[2026-05-28T12:09:01] bootstrap script started elapsed_s=0.147
[2026-05-28T12:09:02] bootstrap Pkg loaded elapsed_s=0.338
[2026-05-28T12:09:02] bootstrap project activated elapsed_s=0.053
[2026-05-28T12:09:09] bootstrap dependencies loaded elapsed_s=7.027
[2026-05-28T12:09:14] run started name=metropolis radius=8 epochs=10 workers=32 threads=32 outdir=C:\Users\fenje\dev\InteractiveIsing.jl\ext\IsingLearning\experiments\MNIST\single-hidden-local-28x28-to-11x11-readout\experiments\current\20260528_120724_mnist_single_hidden_local_r8_metropolis_from_scratch_s50_e10_32w
[2026-05-28T12:09:14] run output initialized elapsed_s=0.001
[2026-05-28T12:09:15] training data loaded elapsed_s=1.182 samples=1000 per_class=100
[2026-05-28T12:09:15] test data loaded elapsed_s=0.151 samples=200 per_class=20
[2026-05-28T12:09:17] model graph shell initialized elapsed_s=1.921 states=1729
[2026-05-28T12:09:17] model connectivity masks built elapsed_s=0.023 input_hidden=163216 hidden_hidden=21904 hidden_output=4840
[2026-05-28T12:09:20] model J entries initialized elapsed_s=2.479 stored_entries=379920
[2026-05-28T12:09:20] model J pointer lookup built elapsed_s=0.134 pointers=379920
[2026-05-28T12:09:20] model edge groups built elapsed_s=0.059
[2026-05-28T12:09:20] model initialized elapsed_s=4.626 stored_entries=379920
[2026-05-28T12:09:20] source model ready elapsed_s=4.635
[2026-05-28T12:09:21] manager construction started workers=32
[2026-05-28T12:09:32] worker algorithm resolved elapsed_s=10.936
[2026-05-28T12:09:32] manager constructing worker worker=1 workers=32
[2026-05-28T12:09:33] worker model initialized elapsed_s=0.534 worker=1
[2026-05-28T12:09:34] worker process initialized elapsed_s=1.576 worker=1
[2026-05-28T12:09:34] worker initialized elapsed_s=2.112 worker=1
[2026-05-28T12:09:34] manager constructed worker worker=1 workers=32
[2026-05-28T12:09:36] manager constructing worker worker=10 workers=32
[2026-05-28T12:09:36] worker model initialized elapsed_s=0.047 worker=10
[2026-05-28T12:09:36] worker process initialized elapsed_s=0.0 worker=10
[2026-05-28T12:09:36] worker initialized elapsed_s=0.048 worker=10
[2026-05-28T12:09:36] manager constructed worker worker=10 workers=32
[2026-05-28T12:09:36] manager constructing worker worker=20 workers=32
[2026-05-28T12:09:37] worker model initialized elapsed_s=0.047 worker=20
[2026-05-28T12:09:37] worker process initialized elapsed_s=0.001 worker=20
[2026-05-28T12:09:37] worker initialized elapsed_s=0.048 worker=20
[2026-05-28T12:09:37] manager constructed worker worker=20 workers=32
[2026-05-28T12:09:37] manager constructing worker worker=30 workers=32
[2026-05-28T12:09:37] worker model initialized elapsed_s=0.048 worker=30
[2026-05-28T12:09:37] worker process initialized elapsed_s=0.0 worker=30
[2026-05-28T12:09:37] worker initialized elapsed_s=0.049 worker=30
[2026-05-28T12:09:37] manager constructed worker worker=30 workers=32
[2026-05-28T12:09:37] manager constructing worker worker=32 workers=32
[2026-05-28T12:09:37] worker model initialized elapsed_s=0.051 worker=32
[2026-05-28T12:09:37] worker process initialized elapsed_s=0.0 worker=32
[2026-05-28T12:09:37] worker initialized elapsed_s=0.051 worker=32
[2026-05-28T12:09:37] manager constructed worker worker=32 workers=32
[2026-05-28T12:09:37] manager constructed elapsed_s=16.406 workers=32
[2026-05-28T12:09:37] manager ready elapsed_s=17.064 workers=32
[2026-05-28T12:09:37] epoch started epoch=0
[2026-05-28T12:09:37] epoch evaluation started epoch=0 samples=200
[2026-05-28T12:10:41] epoch evaluation finished elapsed_s=64.052 epoch=0 test_accuracy=0.115 test_loss=41.1
[2026-05-28T12:10:41] best checkpoint saved elapsed_s=0.214 epoch=0 best_accuracy=0.115 path=C:\Users\fenje\dev\InteractiveIsing.jl\ext\IsingLearning\experiments\MNIST\single-hidden-local-28x28-to-11x11-readout\experiments\current\20260528_120724_mnist_single_hidden_local_r8_metropolis_from_scratch_s50_e10_32w\best_params.bin
(timestamp = "2026-05-28T12:10:41", epoch = 0, seconds = 0.0, train_accuracy = missing, train_loss = missing, skipped = missing, test_accuracy = 0.115, test_loss = 41.1f0, pred_counts = "35-30-50-4-15-11-22-13-15-5", best_accuracy = 0.115, best_path = "C:\\Users\\fenje\\dev\\InteractiveIsing.jl\\ext\\IsingLearning\\experiments\\MNIST\\single-hidden-local-28x28-to-11x11-readout\\experiments\\current\\20260528_120724_mnist_single_hidden_local_r8_metropolis_from_scratch_s50_e10_32w\\best_params.bin", final_path = "")
[2026-05-28T12:10:42] epoch finished elapsed_s=64.968 epoch=0
[2026-05-28T12:10:42] epoch started epoch=1
[2026-05-28T12:10:42] epoch training started epoch=1 batches=32 samples=1000
[2026-05-28T12:10:42] batch build started epoch=1 batch=1 batches=32 first=1 last=32
[2026-05-28T12:10:42] batch jobs built elapsed_s=0.0 epoch=1 batch=1 jobs=32
[2026-05-28T12:10:42] batch run started epoch=1 batch=1 jobs=32
[2026-05-28T12:10:43] minibatch buffers cleared elapsed_s=0.078 jobs=32
[2026-05-28T12:10:43] minibatch manager run started jobs=32 workers=32
[2026-05-28T12:10:55] minibatch manager run finished elapsed_s=11.764 jobs=32
[2026-05-28T12:10:55] minibatch optimizer update finished elapsed_s=0.397 nsamples=32 skipped=0
[2026-05-28T12:10:55] batch run finished elapsed_s=12.89 epoch=1 batch=1 nsamples=32 accuracy=0.1562 loss=40.5625 skipped=0
[2026-05-28T12:12:03] batch build started epoch=1 batch=10 batches=32 first=289 last=320
[2026-05-28T12:12:03] batch jobs built elapsed_s=0.0 epoch=1 batch=10 jobs=32
[2026-05-28T12:12:03] batch run started epoch=1 batch=10 jobs=32
[2026-05-28T12:12:03] minibatch buffers cleared elapsed_s=0.005 jobs=32
[2026-05-28T12:12:03] minibatch manager run started jobs=32 workers=32
[2026-05-28T12:12:12] minibatch manager run finished elapsed_s=8.259 jobs=32
[2026-05-28T12:12:12] minibatch optimizer update finished elapsed_s=0.003 nsamples=32 skipped=0
[2026-05-28T12:12:12] batch run finished elapsed_s=8.268 epoch=1 batch=10 nsamples=32 accuracy=0.125 loss=20.875 skipped=0
[2026-05-28T12:13:22] batch build started epoch=1 batch=20 batches=32 first=609 last=640
[2026-05-28T12:13:22] batch jobs built elapsed_s=0.0 epoch=1 batch=20 jobs=32
[2026-05-28T12:13:22] batch run started epoch=1 batch=20 jobs=32
[2026-05-28T12:13:22] minibatch buffers cleared elapsed_s=0.005 jobs=32
[2026-05-28T12:13:22] minibatch manager run started jobs=32 workers=32
[2026-05-28T12:13:29] minibatch manager run finished elapsed_s=7.584 jobs=32
[2026-05-28T12:13:29] minibatch optimizer update finished elapsed_s=0.003 nsamples=32 skipped=0
[2026-05-28T12:13:29] batch run finished elapsed_s=7.593 epoch=1 batch=20 nsamples=32 accuracy=0.0625 loss=18.5625 skipped=0
[2026-05-28T12:14:41] batch build started epoch=1 batch=30 batches=32 first=929 last=960
[2026-05-28T12:14:41] batch jobs built elapsed_s=0.0 epoch=1 batch=30 jobs=32
[2026-05-28T12:14:41] batch run started epoch=1 batch=30 jobs=32
[2026-05-28T12:14:41] minibatch buffers cleared elapsed_s=0.006 jobs=32
[2026-05-28T12:14:41] minibatch manager run started jobs=32 workers=32
[2026-05-28T12:14:49] minibatch manager run finished elapsed_s=7.513 jobs=32
[2026-05-28T12:14:49] minibatch optimizer update finished elapsed_s=0.002 nsamples=32 skipped=0
[2026-05-28T12:14:49] batch run finished elapsed_s=7.523 epoch=1 batch=30 nsamples=32 accuracy=0.1875 loss=12.5 skipped=0
[2026-05-28T12:14:57] batch build started epoch=1 batch=32 batches=32 first=993 last=1000
[2026-05-28T12:14:57] batch jobs built elapsed_s=0.0 epoch=1 batch=32 jobs=8
[2026-05-28T12:14:57] batch run started epoch=1 batch=32 jobs=8
[2026-05-28T12:14:57] minibatch buffers cleared elapsed_s=0.006 jobs=8
[2026-05-28T12:14:57] minibatch manager run started jobs=8 workers=32
[2026-05-28T12:14:59] minibatch manager run finished elapsed_s=2.236 jobs=8
[2026-05-28T12:14:59] minibatch optimizer update finished elapsed_s=0.003 nsamples=8 skipped=0
[2026-05-28T12:14:59] batch run finished elapsed_s=2.245 epoch=1 batch=32 nsamples=8 accuracy=0.125 loss=12.5 skipped=0
[2026-05-28T12:14:59] epoch training finished epoch=1 elapsed_s=256.889 train_accuracy=0.094 train_loss=15.962 skipped=0
[2026-05-28T12:14:59] epoch evaluation started epoch=1 samples=200
[2026-05-28T12:16:07] epoch evaluation finished elapsed_s=68.093 epoch=1 test_accuracy=0.1 test_loss=20.8
(timestamp = "2026-05-28T12:16:07", epoch = 1, seconds = 256.8894288, train_accuracy = 0.094, train_loss = 15.962f0, skipped = 0, test_accuracy = 0.1, test_loss = 20.8f0, pred_counts = "0-0-0-0-0-0-200-0-0-0", best_accuracy = 0.115, best_path = "C:\\Users\\fenje\\dev\\InteractiveIsing.jl\\ext\\IsingLearning\\experiments\\MNIST\\single-hidden-local-28x28-to-11x11-readout\\experiments\\current\\20260528_120724_mnist_single_hidden_local_r8_metropolis_from_scratch_s50_e10_32w\\best_params.bin", final_path = "")
[2026-05-28T12:16:07] epoch finished elapsed_s=325.17 epoch=1
[2026-05-28T12:16:07] epoch started epoch=2
[2026-05-28T12:16:07] epoch training started epoch=2 batches=32 samples=1000
[2026-05-28T12:16:07] batch build started epoch=2 batch=1 batches=32 first=1 last=32
[2026-05-28T12:16:07] batch jobs built elapsed_s=0.0 epoch=2 batch=1 jobs=32
[2026-05-28T12:16:07] batch run started epoch=2 batch=1 jobs=32
[2026-05-28T12:16:07] minibatch buffers cleared elapsed_s=0.006 jobs=32
[2026-05-28T12:16:07] minibatch manager run started jobs=32 workers=32
[2026-05-28T12:16:17] minibatch manager run finished elapsed_s=9.396 jobs=32
[2026-05-28T12:16:17] minibatch optimizer update finished elapsed_s=0.003 nsamples=32 skipped=0
[2026-05-28T12:16:17] batch run finished elapsed_s=9.406 epoch=2 batch=1 nsamples=32 accuracy=0.0 loss=15.3125 skipped=0
[2026-05-28T12:17:27] batch build started epoch=2 batch=10 batches=32 first=289 last=320
[2026-05-28T12:17:27] batch jobs built elapsed_s=0.0 epoch=2 batch=10 jobs=32
[2026-05-28T12:17:27] batch run started epoch=2 batch=10 jobs=32
[2026-05-28T12:17:27] minibatch buffers cleared elapsed_s=0.006 jobs=32
[2026-05-28T12:17:27] minibatch manager run started jobs=32 workers=32
[2026-05-28T12:17:37] minibatch manager run finished elapsed_s=9.979 jobs=32
[2026-05-28T12:17:37] minibatch optimizer update finished elapsed_s=0.003 nsamples=32 skipped=0
[2026-05-28T12:17:37] batch run finished elapsed_s=9.989 epoch=2 batch=10 nsamples=32 accuracy=0.125 loss=16.3125 skipped=0
[2026-05-28T12:18:53] batch build started epoch=2 batch=20 batches=32 first=609 last=640
[2026-05-28T12:18:53] batch jobs built elapsed_s=0.0 epoch=2 batch=20 jobs=32
[2026-05-28T12:18:53] batch run started epoch=2 batch=20 jobs=32
[2026-05-28T12:18:53] minibatch buffers cleared elapsed_s=0.005 jobs=32
[2026-05-28T12:18:53] minibatch manager run started jobs=32 workers=32
[2026-05-28T12:19:01] minibatch manager run finished elapsed_s=7.858 jobs=32
[2026-05-28T12:19:01] minibatch optimizer update finished elapsed_s=0.002 nsamples=32 skipped=0
[2026-05-28T12:19:01] batch run finished elapsed_s=7.866 epoch=2 batch=20 nsamples=32 accuracy=0.0938 loss=18.9375 skipped=0
[2026-05-28T12:20:18] batch build started epoch=2 batch=30 batches=32 first=929 last=960
[2026-05-28T12:20:18] batch jobs built elapsed_s=0.0 epoch=2 batch=30 jobs=32
[2026-05-28T12:20:18] batch run started epoch=2 batch=30 jobs=32
[2026-05-28T12:20:18] minibatch buffers cleared elapsed_s=0.006 jobs=32
[2026-05-28T12:20:18] minibatch manager run started jobs=32 workers=32
[2026-05-28T12:20:25] minibatch manager run finished elapsed_s=7.784 jobs=32
[2026-05-28T12:20:25] minibatch optimizer update finished elapsed_s=0.002 nsamples=32 skipped=0
[2026-05-28T12:20:25] batch run finished elapsed_s=7.793 epoch=2 batch=30 nsamples=32 accuracy=0.0938 loss=13.0625 skipped=0
[2026-05-28T12:20:34] batch build started epoch=2 batch=32 batches=32 first=993 last=1000
[2026-05-28T12:20:34] batch jobs built elapsed_s=0.0 epoch=2 batch=32 jobs=8
[2026-05-28T12:20:34] batch run started epoch=2 batch=32 jobs=8
[2026-05-28T12:20:34] minibatch buffers cleared elapsed_s=0.008 jobs=8
[2026-05-28T12:20:34] minibatch manager run started jobs=8 workers=32
[2026-05-28T12:20:36] minibatch manager run finished elapsed_s=2.258 jobs=8
[2026-05-28T12:20:36] minibatch optimizer update finished elapsed_s=0.002 nsamples=8 skipped=0
[2026-05-28T12:20:36] batch run finished elapsed_s=2.268 epoch=2 batch=32 nsamples=8 accuracy=0.125 loss=14.0 skipped=0
[2026-05-28T12:20:36] epoch training finished epoch=2 elapsed_s=268.912 train_accuracy=0.109 train_loss=17.266 skipped=0
[2026-05-28T12:20:36] epoch evaluation started epoch=2 samples=200
[2026-05-28T12:21:45] epoch evaluation finished elapsed_s=69.077 epoch=2 test_accuracy=0.1 test_loss=19.2
(timestamp = "2026-05-28T12:21:45", epoch = 2, seconds = 268.9122095, train_accuracy = 0.109, train_loss = 17.266f0, skipped = 0, test_accuracy = 0.1, test_loss = 19.2f0, pred_counts = "200-0-0-0-0-0-0-0-0-0", best_accuracy = 0.115, best_path = "C:\\Users\\fenje\\dev\\InteractiveIsing.jl\\ext\\IsingLearning\\experiments\\MNIST\\single-hidden-local-28x28-to-11x11-readout\\experiments\\current\\20260528_120724_mnist_single_hidden_local_r8_metropolis_from_scratch_s50_e10_32w\\best_params.bin", final_path = "")
[2026-05-28T12:21:45] epoch finished elapsed_s=337.994 epoch=2
[2026-05-28T12:21:45] epoch started epoch=3
[2026-05-28T12:21:45] epoch training started epoch=3 batches=32 samples=1000
[2026-05-28T12:21:45] batch build started epoch=3 batch=1 batches=32 first=1 last=32
[2026-05-28T12:21:45] batch jobs built elapsed_s=0.0 epoch=3 batch=1 jobs=32
[2026-05-28T12:21:45] batch run started epoch=3 batch=1 jobs=32
[2026-05-28T12:21:45] minibatch buffers cleared elapsed_s=0.005 jobs=32
[2026-05-28T12:21:45] minibatch manager run started jobs=32 workers=32
[2026-05-28T12:21:53] minibatch manager run finished elapsed_s=7.415 jobs=32
[2026-05-28T12:21:53] minibatch optimizer update finished elapsed_s=0.003 nsamples=32 skipped=0
[2026-05-28T12:21:53] batch run finished elapsed_s=7.424 epoch=3 batch=1 nsamples=32 accuracy=0.125 loss=13.5 skipped=0
[2026-05-28T12:22:51] batch build started epoch=3 batch=10 batches=32 first=289 last=320
[2026-05-28T12:22:51] batch jobs built elapsed_s=0.0 epoch=3 batch=10 jobs=32
[2026-05-28T12:22:51] batch run started epoch=3 batch=10 jobs=32
[2026-05-28T12:22:51] minibatch buffers cleared elapsed_s=0.006 jobs=32
[2026-05-28T12:22:51] minibatch manager run started jobs=32 workers=32
[2026-05-28T12:22:58] minibatch manager run finished elapsed_s=7.472 jobs=32
[2026-05-28T12:22:58] minibatch optimizer update finished elapsed_s=0.003 nsamples=32 skipped=0
[2026-05-28T12:22:58] batch run finished elapsed_s=7.481 epoch=3 batch=10 nsamples=32 accuracy=0.0938 loss=16.75 skipped=0
[2026-05-28T12:24:05] batch build started epoch=3 batch=20 batches=32 first=609 last=640
[2026-05-28T12:24:05] batch jobs built elapsed_s=0.0 epoch=3 batch=20 jobs=32
[2026-05-28T12:24:05] batch run started epoch=3 batch=20 jobs=32
[2026-05-28T12:24:05] minibatch buffers cleared elapsed_s=0.005 jobs=32
[2026-05-28T12:24:05] minibatch manager run started jobs=32 workers=32
[2026-05-28T12:24:13] minibatch manager run finished elapsed_s=7.539 jobs=32
[2026-05-28T12:24:13] minibatch optimizer update finished elapsed_s=0.002 nsamples=32 skipped=0
[2026-05-28T12:24:13] batch run finished elapsed_s=7.549 epoch=3 batch=20 nsamples=32 accuracy=0.0625 loss=11.875 skipped=0
[2026-05-28T12:25:20] batch build started epoch=3 batch=30 batches=32 first=929 last=960
[2026-05-28T12:25:20] batch jobs built elapsed_s=0.0 epoch=3 batch=30 jobs=32
[2026-05-28T12:25:20] batch run started epoch=3 batch=30 jobs=32
[2026-05-28T12:25:20] minibatch buffers cleared elapsed_s=0.006 jobs=32
[2026-05-28T12:25:20] minibatch manager run started jobs=32 workers=32
[2026-05-28T12:25:28] minibatch manager run finished elapsed_s=7.695 jobs=32
[2026-05-28T12:25:28] minibatch optimizer update finished elapsed_s=0.002 nsamples=32 skipped=0
[2026-05-28T12:25:28] batch run finished elapsed_s=7.704 epoch=3 batch=30 nsamples=32 accuracy=0.0938 loss=10.4375 skipped=0
[2026-05-28T12:25:36] batch build started epoch=3 batch=32 batches=32 first=993 last=1000
[2026-05-28T12:25:36] batch jobs built elapsed_s=0.0 epoch=3 batch=32 jobs=8
[2026-05-28T12:25:36] batch run started epoch=3 batch=32 jobs=8
[2026-05-28T12:25:36] minibatch buffers cleared elapsed_s=0.006 jobs=8
[2026-05-28T12:25:36] minibatch manager run started jobs=8 workers=32
[2026-05-28T12:25:38] minibatch manager run finished elapsed_s=2.029 jobs=8
[2026-05-28T12:25:38] minibatch optimizer update finished elapsed_s=0.003 nsamples=8 skipped=0
[2026-05-28T12:25:38] batch run finished elapsed_s=2.038 epoch=3 batch=32 nsamples=8 accuracy=0.125 loss=10.0 skipped=0
[2026-05-28T12:25:38] epoch training finished epoch=3 elapsed_s=232.362 train_accuracy=0.103 train_loss=13.816 skipped=0
[2026-05-28T12:25:38] epoch evaluation started epoch=3 samples=200
[2026-05-28T12:26:46] epoch evaluation finished elapsed_s=68.688 epoch=3 test_accuracy=0.1 test_loss=9.6
(timestamp = "2026-05-28T12:26:46", epoch = 3, seconds = 232.3620018, train_accuracy = 0.103, train_loss = 13.816f0, skipped = 0, test_accuracy = 0.1, test_loss = 9.6f0, pred_counts = "0-0-0-0-0-0-0-0-200-0", best_accuracy = 0.115, best_path = "C:\\Users\\fenje\\dev\\InteractiveIsing.jl\\ext\\IsingLearning\\experiments\\MNIST\\single-hidden-local-28x28-to-11x11-readout\\experiments\\current\\20260528_120724_mnist_single_hidden_local_r8_metropolis_from_scratch_s50_e10_32w\\best_params.bin", final_path = "")
[2026-05-28T12:26:46] epoch finished elapsed_s=301.054 epoch=3
[2026-05-28T12:26:46] epoch started epoch=4
[2026-05-28T12:26:46] epoch training started epoch=4 batches=32 samples=1000
[2026-05-28T12:26:46] batch build started epoch=4 batch=1 batches=32 first=1 last=32
[2026-05-28T12:26:46] batch jobs built elapsed_s=0.0 epoch=4 batch=1 jobs=32
[2026-05-28T12:26:46] batch run started epoch=4 batch=1 jobs=32
[2026-05-28T12:26:46] minibatch buffers cleared elapsed_s=0.005 jobs=32
[2026-05-28T12:26:46] minibatch manager run started jobs=32 workers=32
[2026-05-28T12:26:55] minibatch manager run finished elapsed_s=8.442 jobs=32
[2026-05-28T12:26:55] minibatch optimizer update finished elapsed_s=0.003 nsamples=32 skipped=0
[2026-05-28T12:26:55] batch run finished elapsed_s=8.45 epoch=4 batch=1 nsamples=32 accuracy=0.0938 loss=10.3125 skipped=0
[2026-05-28T12:27:59] batch build started epoch=4 batch=10 batches=32 first=289 last=320
[2026-05-28T12:27:59] batch jobs built elapsed_s=0.0 epoch=4 batch=10 jobs=32
[2026-05-28T12:27:59] batch run started epoch=4 batch=10 jobs=32
[2026-05-28T12:27:59] minibatch buffers cleared elapsed_s=0.006 jobs=32
[2026-05-28T12:27:59] minibatch manager run started jobs=32 workers=32
[2026-05-28T12:28:07] minibatch manager run finished elapsed_s=7.88 jobs=32
[2026-05-28T12:28:07] minibatch optimizer update finished elapsed_s=0.004 nsamples=32 skipped=0
[2026-05-28T12:28:07] batch run finished elapsed_s=7.89 epoch=4 batch=10 nsamples=32 accuracy=0.1875 loss=9.75 skipped=0
[2026-05-28T12:29:19] batch build started epoch=4 batch=20 batches=32 first=609 last=640
[2026-05-28T12:29:19] batch jobs built elapsed_s=0.0 epoch=4 batch=20 jobs=32
[2026-05-28T12:29:19] batch run started epoch=4 batch=20 jobs=32
[2026-05-28T12:29:19] minibatch buffers cleared elapsed_s=0.006 jobs=32
[2026-05-28T12:29:19] minibatch manager run started jobs=32 workers=32
[2026-05-28T12:29:27] minibatch manager run finished elapsed_s=8.722 jobs=32
[2026-05-28T12:29:27] minibatch optimizer update finished elapsed_s=0.003 nsamples=32 skipped=0
[2026-05-28T12:29:27] batch run finished elapsed_s=8.731 epoch=4 batch=20 nsamples=32 accuracy=0.1562 loss=8.875 skipped=0
[2026-05-28T12:30:36] batch build started epoch=4 batch=30 batches=32 first=929 last=960
[2026-05-28T12:30:36] batch jobs built elapsed_s=0.0 epoch=4 batch=30 jobs=32
[2026-05-28T12:30:36] batch run started epoch=4 batch=30 jobs=32
[2026-05-28T12:30:36] minibatch buffers cleared elapsed_s=0.006 jobs=32
[2026-05-28T12:30:36] minibatch manager run started jobs=32 workers=32
[2026-05-28T12:30:44] minibatch manager run finished elapsed_s=7.472 jobs=32
[2026-05-28T12:30:44] minibatch optimizer update finished elapsed_s=0.002 nsamples=32 skipped=0
[2026-05-28T12:30:44] batch run finished elapsed_s=7.481 epoch=4 batch=30 nsamples=32 accuracy=0.125 loss=9.1875 skipped=0
[2026-05-28T12:30:51] batch build started epoch=4 batch=32 batches=32 first=993 last=1000
[2026-05-28T12:30:51] batch jobs built elapsed_s=0.0 epoch=4 batch=32 jobs=8
[2026-05-28T12:30:51] batch run started epoch=4 batch=32 jobs=8
[2026-05-28T12:30:51] minibatch buffers cleared elapsed_s=0.005 jobs=8
[2026-05-28T12:30:51] minibatch manager run started jobs=8 workers=32
[2026-05-28T12:30:53] minibatch manager run finished elapsed_s=1.939 jobs=8
[2026-05-28T12:30:53] minibatch optimizer update finished elapsed_s=0.003 nsamples=8 skipped=0
[2026-05-28T12:30:53] batch run finished elapsed_s=1.947 epoch=4 batch=32 nsamples=8 accuracy=0.125 loss=9.5 skipped=0
[2026-05-28T12:30:53] epoch training finished epoch=4 elapsed_s=246.975 train_accuracy=0.104 train_loss=9.576 skipped=0
[2026-05-28T12:30:53] epoch evaluation started epoch=4 samples=200
[2026-05-28T12:32:00] epoch evaluation finished elapsed_s=66.24 epoch=4 test_accuracy=0.1 test_loss=8.0
(timestamp = "2026-05-28T12:32:00", epoch = 4, seconds = 246.9752881, train_accuracy = 0.104, train_loss = 9.576f0, skipped = 0, test_accuracy = 0.1, test_loss = 8.0f0, pred_counts = "200-0-0-0-0-0-0-0-0-0", best_accuracy = 0.115, best_path = "C:\\Users\\fenje\\dev\\InteractiveIsing.jl\\ext\\IsingLearning\\experiments\\MNIST\\single-hidden-local-28x28-to-11x11-readout\\experiments\\current\\20260528_120724_mnist_single_hidden_local_r8_metropolis_from_scratch_s50_e10_32w\\best_params.bin", final_path = "")
[2026-05-28T12:32:00] epoch finished elapsed_s=313.221 epoch=4
[2026-05-28T12:32:00] epoch started epoch=5
[2026-05-28T12:32:00] epoch training started epoch=5 batches=32 samples=1000
[2026-05-28T12:32:00] batch build started epoch=5 batch=1 batches=32 first=1 last=32
[2026-05-28T12:32:00] batch jobs built elapsed_s=0.0 epoch=5 batch=1 jobs=32
[2026-05-28T12:32:00] batch run started epoch=5 batch=1 jobs=32
[2026-05-28T12:32:00] minibatch buffers cleared elapsed_s=0.006 jobs=32
[2026-05-28T12:32:00] minibatch manager run started jobs=32 workers=32
[2026-05-28T12:32:08] minibatch manager run finished elapsed_s=7.933 jobs=32
[2026-05-28T12:32:08] minibatch optimizer update finished elapsed_s=0.003 nsamples=32 skipped=0
[2026-05-28T12:32:08] batch run finished elapsed_s=7.942 epoch=5 batch=1 nsamples=32 accuracy=0.125 loss=9.125 skipped=0
[2026-05-28T12:33:10] batch build started epoch=5 batch=10 batches=32 first=289 last=320
[2026-05-28T12:33:10] batch jobs built elapsed_s=0.0 epoch=5 batch=10 jobs=32
[2026-05-28T12:33:10] batch run started epoch=5 batch=10 jobs=32
[2026-05-28T12:33:10] minibatch buffers cleared elapsed_s=0.005 jobs=32
[2026-05-28T12:33:10] minibatch manager run started jobs=32 workers=32
[2026-05-28T12:33:18] minibatch manager run finished elapsed_s=8.111 jobs=32
[2026-05-28T12:33:18] minibatch optimizer update finished elapsed_s=0.003 nsamples=32 skipped=0
[2026-05-28T12:33:18] batch run finished elapsed_s=8.12 epoch=5 batch=10 nsamples=32 accuracy=0.0 loss=8.875 skipped=0
[2026-05-28T12:34:35] batch build started epoch=5 batch=20 batches=32 first=609 last=640
[2026-05-28T12:34:35] batch jobs built elapsed_s=0.0 epoch=5 batch=20 jobs=32
[2026-05-28T12:34:35] batch run started epoch=5 batch=20 jobs=32
[2026-05-28T12:34:35] minibatch buffers cleared elapsed_s=0.005 jobs=32
[2026-05-28T12:34:35] minibatch manager run started jobs=32 workers=32
[2026-05-28T12:34:43] minibatch manager run finished elapsed_s=8.336 jobs=32
[2026-05-28T12:34:43] minibatch optimizer update finished elapsed_s=0.004 nsamples=32 skipped=0
[2026-05-28T12:34:43] batch run finished elapsed_s=8.346 epoch=5 batch=20 nsamples=32 accuracy=0.0938 loss=8.125 skipped=0
[2026-05-28T12:35:56] batch build started epoch=5 batch=30 batches=32 first=929 last=960
[2026-05-28T12:35:56] batch jobs built elapsed_s=0.0 epoch=5 batch=30 jobs=32
[2026-05-28T12:35:56] batch run started epoch=5 batch=30 jobs=32
[2026-05-28T12:35:56] minibatch buffers cleared elapsed_s=0.007 jobs=32
[2026-05-28T12:35:56] minibatch manager run started jobs=32 workers=32
[2026-05-28T12:36:03] minibatch manager run finished elapsed_s=7.6 jobs=32
[2026-05-28T12:36:03] minibatch optimizer update finished elapsed_s=0.003 nsamples=32 skipped=0
[2026-05-28T12:36:03] batch run finished elapsed_s=7.61 epoch=5 batch=30 nsamples=32 accuracy=0.1562 loss=8.125 skipped=0
[2026-05-28T12:36:11] batch build started epoch=5 batch=32 batches=32 first=993 last=1000
[2026-05-28T12:36:11] batch jobs built elapsed_s=0.0 epoch=5 batch=32 jobs=8
[2026-05-28T12:36:11] batch run started epoch=5 batch=32 jobs=8
[2026-05-28T12:36:11] minibatch buffers cleared elapsed_s=0.007 jobs=8
[2026-05-28T12:36:11] minibatch manager run started jobs=8 workers=32
[2026-05-28T12:36:13] minibatch manager run finished elapsed_s=1.96 jobs=8
[2026-05-28T12:36:13] minibatch optimizer update finished elapsed_s=0.002 nsamples=8 skipped=0
[2026-05-28T12:36:13] batch run finished elapsed_s=1.97 epoch=5 batch=32 nsamples=8 accuracy=0.25 loss=8.0 skipped=0
[2026-05-28T12:36:13] epoch training finished epoch=5 elapsed_s=253.62 train_accuracy=0.101 train_loss=8.346 skipped=0
[2026-05-28T12:36:13] epoch evaluation started epoch=5 samples=200
[2026-05-28T12:37:21] epoch evaluation finished elapsed_s=67.455 epoch=5 test_accuracy=0.1 test_loss=8.32
(timestamp = "2026-05-28T12:37:21", epoch = 5, seconds = 253.6195701, train_accuracy = 0.101, train_loss = 8.346f0, skipped = 0, test_accuracy = 0.1, test_loss = 8.32f0, pred_counts = "200-0-0-0-0-0-0-0-0-0", best_accuracy = 0.115, best_path = "C:\\Users\\fenje\\dev\\InteractiveIsing.jl\\ext\\IsingLearning\\experiments\\MNIST\\single-hidden-local-28x28-to-11x11-readout\\experiments\\current\\20260528_120724_mnist_single_hidden_local_r8_metropolis_from_scratch_s50_e10_32w\\best_params.bin", final_path = "")
[2026-05-28T12:37:21] epoch finished elapsed_s=321.078 epoch=5
[2026-05-28T12:37:21] epoch started epoch=6
[2026-05-28T12:37:21] epoch training started epoch=6 batches=32 samples=1000
[2026-05-28T12:37:21] batch build started epoch=6 batch=1 batches=32 first=1 last=32
[2026-05-28T12:37:21] batch jobs built elapsed_s=0.0 epoch=6 batch=1 jobs=32
[2026-05-28T12:37:21] batch run started epoch=6 batch=1 jobs=32
[2026-05-28T12:37:21] minibatch buffers cleared elapsed_s=0.005 jobs=32
[2026-05-28T12:37:21] minibatch manager run started jobs=32 workers=32
[2026-05-28T12:37:29] minibatch manager run finished elapsed_s=8.784 jobs=32
[2026-05-28T12:37:29] minibatch optimizer update finished elapsed_s=0.004 nsamples=32 skipped=0
[2026-05-28T12:37:29] batch run finished elapsed_s=8.793 epoch=6 batch=1 nsamples=32 accuracy=0.125 loss=8.125 skipped=0
[2026-05-28T12:38:39] batch build started epoch=6 batch=10 batches=32 first=289 last=320
[2026-05-28T12:38:39] batch jobs built elapsed_s=0.0 epoch=6 batch=10 jobs=32
[2026-05-28T12:38:39] batch run started epoch=6 batch=10 jobs=32
[2026-05-28T12:38:39] minibatch buffers cleared elapsed_s=0.006 jobs=32
[2026-05-28T12:38:39] minibatch manager run started jobs=32 workers=32
[2026-05-28T12:38:47] minibatch manager run finished elapsed_s=8.327 jobs=32
[2026-05-28T12:38:47] minibatch optimizer update finished elapsed_s=0.011 nsamples=32 skipped=0
[2026-05-28T12:38:47] batch run finished elapsed_s=8.345 epoch=6 batch=10 nsamples=32 accuracy=0.125 loss=8.0 skipped=0
[2026-05-28T12:40:02] batch build started epoch=6 batch=20 batches=32 first=609 last=640
[2026-05-28T12:40:02] batch jobs built elapsed_s=0.0 epoch=6 batch=20 jobs=32
[2026-05-28T12:40:02] batch run started epoch=6 batch=20 jobs=32
[2026-05-28T12:40:02] minibatch buffers cleared elapsed_s=0.005 jobs=32
[2026-05-28T12:40:02] minibatch manager run started jobs=32 workers=32
[2026-05-28T12:40:10] minibatch manager run finished elapsed_s=8.444 jobs=32
[2026-05-28T12:40:10] minibatch optimizer update finished elapsed_s=0.003 nsamples=32 skipped=0
[2026-05-28T12:40:10] batch run finished elapsed_s=8.453 epoch=6 batch=20 nsamples=32 accuracy=0.0 loss=8.0 skipped=0
[2026-05-28T12:41:25] batch build started epoch=6 batch=30 batches=32 first=929 last=960
[2026-05-28T12:41:25] batch jobs built elapsed_s=0.0 epoch=6 batch=30 jobs=32
[2026-05-28T12:41:25] batch run started epoch=6 batch=30 jobs=32
[2026-05-28T12:41:25] minibatch buffers cleared elapsed_s=0.006 jobs=32
[2026-05-28T12:41:25] minibatch manager run started jobs=32 workers=32
[2026-05-28T12:41:34] minibatch manager run finished elapsed_s=9.031 jobs=32
[2026-05-28T12:41:34] minibatch optimizer update finished elapsed_s=0.004 nsamples=32 skipped=0
[2026-05-28T12:41:34] batch run finished elapsed_s=9.042 epoch=6 batch=30 nsamples=32 accuracy=0.125 loss=8.0 skipped=0
[2026-05-28T12:41:42] batch build started epoch=6 batch=32 batches=32 first=993 last=1000
[2026-05-28T12:41:42] batch jobs built elapsed_s=0.0 epoch=6 batch=32 jobs=8
[2026-05-28T12:41:42] batch run started epoch=6 batch=32 jobs=8
[2026-05-28T12:41:42] minibatch buffers cleared elapsed_s=0.005 jobs=8
[2026-05-28T12:41:42] minibatch manager run started jobs=8 workers=32
[2026-05-28T12:41:44] minibatch manager run finished elapsed_s=1.976 jobs=8
[2026-05-28T12:41:44] minibatch optimizer update finished elapsed_s=0.004 nsamples=8 skipped=0
[2026-05-28T12:41:44] batch run finished elapsed_s=1.985 epoch=6 batch=32 nsamples=8 accuracy=0.0 loss=8.0 skipped=0
[2026-05-28T12:41:44] epoch training finished epoch=6 elapsed_s=262.975 train_accuracy=0.1 train_loss=8.008 skipped=0
[2026-05-28T12:41:44] epoch evaluation started epoch=6 samples=200
[2026-05-28T12:42:52] epoch evaluation finished elapsed_s=67.892 epoch=6 test_accuracy=0.1 test_loss=8.0
(timestamp = "2026-05-28T12:42:52", epoch = 6, seconds = 262.9746882, train_accuracy = 0.1, train_loss = 8.008f0, skipped = 0, test_accuracy = 0.1, test_loss = 8.0f0, pred_counts = "200-0-0-0-0-0-0-0-0-0", best_accuracy = 0.115, best_path = "C:\\Users\\fenje\\dev\\InteractiveIsing.jl\\ext\\IsingLearning\\experiments\\MNIST\\single-hidden-local-28x28-to-11x11-readout\\experiments\\current\\20260528_120724_mnist_single_hidden_local_r8_metropolis_from_scratch_s50_e10_32w\\best_params.bin", final_path = "")
[2026-05-28T12:42:52] epoch finished elapsed_s=330.871 epoch=6
[2026-05-28T12:42:52] epoch started epoch=7
[2026-05-28T12:42:52] epoch training started epoch=7 batches=32 samples=1000
[2026-05-28T12:42:52] batch build started epoch=7 batch=1 batches=32 first=1 last=32
[2026-05-28T12:42:52] batch jobs built elapsed_s=0.0 epoch=7 batch=1 jobs=32
[2026-05-28T12:42:52] batch run started epoch=7 batch=1 jobs=32
[2026-05-28T12:42:52] minibatch buffers cleared elapsed_s=0.006 jobs=32
[2026-05-28T12:42:52] minibatch manager run started jobs=32 workers=32
[2026-05-28T12:43:01] minibatch manager run finished elapsed_s=9.072 jobs=32
[2026-05-28T12:43:01] minibatch optimizer update finished elapsed_s=0.002 nsamples=32 skipped=0
[2026-05-28T12:43:01] batch run finished elapsed_s=9.081 epoch=7 batch=1 nsamples=32 accuracy=0.125 loss=8.0 skipped=0
[2026-05-28T12:44:03] batch build started epoch=7 batch=10 batches=32 first=289 last=320
[2026-05-28T12:44:03] batch jobs built elapsed_s=0.0 epoch=7 batch=10 jobs=32
[2026-05-28T12:44:03] batch run started epoch=7 batch=10 jobs=32
[2026-05-28T12:44:03] minibatch buffers cleared elapsed_s=0.006 jobs=32
[2026-05-28T12:44:03] minibatch manager run started jobs=32 workers=32
[2026-05-28T12:44:10] minibatch manager run finished elapsed_s=7.622 jobs=32
[2026-05-28T12:44:10] minibatch optimizer update finished elapsed_s=0.003 nsamples=32 skipped=0
[2026-05-28T12:44:10] batch run finished elapsed_s=7.631 epoch=7 batch=10 nsamples=32 accuracy=0.0625 loss=8.0 skipped=0
[2026-05-28T12:45:18] batch build started epoch=7 batch=20 batches=32 first=609 last=640
[2026-05-28T12:45:18] batch jobs built elapsed_s=0.0 epoch=7 batch=20 jobs=32
[2026-05-28T12:45:18] batch run started epoch=7 batch=20 jobs=32
[2026-05-28T12:45:18] minibatch buffers cleared elapsed_s=0.006 jobs=32
[2026-05-28T12:45:18] minibatch manager run started jobs=32 workers=32
[2026-05-28T12:45:26] minibatch manager run finished elapsed_s=7.636 jobs=32
[2026-05-28T12:45:26] minibatch optimizer update finished elapsed_s=0.003 nsamples=32 skipped=0
[2026-05-28T12:45:26] batch run finished elapsed_s=7.645 epoch=7 batch=20 nsamples=32 accuracy=0.125 loss=8.0 skipped=0
[2026-05-28T12:46:38] batch build started epoch=7 batch=30 batches=32 first=929 last=960
[2026-05-28T12:46:38] batch jobs built elapsed_s=0.0 epoch=7 batch=30 jobs=32
[