  Activating project at `~/Documents/GitHub/InteractiveIsing.jl/ext/IsingLearning`
┌ Warning: Overlapping GeneralState field names encountered during merge; later defaults will override earlier ones.
│   overlapping_fields =
│    2-element Vector{Symbol}:
│     :equilibrium_state
│     :x
└ @ IsingLearning.InteractiveIsing.Processes ~/Documents/GitHub/InteractiveIsing.jl/deps/Processes/src/Widgets/GeneralState.jl:54
┌ Warning: Overlapping GeneralState field names encountered during merge; later defaults will override earlier ones.
│   overlapping_fields =
│    3-element Vector{Symbol}:
│     :equilibrium_state
│     :y
│     :x
└ @ IsingLearning.InteractiveIsing.Processes ~/Documents/GitHub/InteractiveIsing.jl/deps/Processes/src/Widgets/GeneralState.jl:54
Running 2-input statistical XOR EP: (epochs = 1000, log_every = 250, minit = 4, eval_repeats = 32, hidden = 16, beta = 1.0, lr = 0.0015, weight_decay = 0.0001, temp = 0.1, stepsize = 0.1, block_size = 8, free_relaxation = 1000, nudged_relaxation = 1000, state = :continuous, dynamics = :langevin, init_mode = :random, training_rule = :ep, target_free_sign = :target_minus_free)
epoch=0 mse=1.145871 acc=0.25
    case=(false, false) input=[-1.0, -1.0] target=[1.0, -1.0] mean=[0.0105, 0.2637] std=0.80953
    case=(false, true) input=[-1.0, 1.0] target=[-1.0, 1.0] mean=[-0.1439, -0.2573] std=0.78045
    case=(true, false) input=[1.0, -1.0] target=[-1.0, 1.0] mean=[0.4961, -0.0179] std=0.67533
    case=(true, true) input=[1.0, 1.0] target=[1.0, -1.0] mean=[0.1651, -0.4471] std=0.77901
epoch=1 mse=1.087006 acc=0.25 grad=0.712322 response=0.620818 delta=0.018248
epoch=250 mse=0.960461 acc=0.75 grad=0.725142 response=0.66523 delta=1.692994
epoch=500 mse=0.914222 acc=0.5 grad=0.694343 response=0.682363 delta=1.923099
epoch=750 mse=0.896684 acc=0.75 grad=0.665983 response=0.680069 delta=2.006405
epoch=1000 mse=0.918663 acc=0.75 grad=0.690829 response=0.694623 delta=2.039927
restored best mse=1.056729 acc=0.25
    case=(false, false) input=[-1.0, -1.0] target=[1.0, -1.0] mean=[0.0447, 0.028] std=0.62439
    case=(false, true) input=[-1.0, 1.0] target=[-1.0, 1.0] mean=[0.0201, -0.0569] std=0.59478
    case=(true, false) input=[1.0, -1.0] target=[-1.0, 1.0] mean=[0.1301, 0.0738] std=0.58402
    case=(true, true) input=[1.0, 1.0] target=[1.0, -1.0] mean=[-0.0073, 0.0849] std=0.60794
Saved CSV: ext/IsingLearning/runs/xor_langevin_2input_search_focused_1000/T010_s010/xor_statistical_ep_2input.csv
Saved plot: ext/IsingLearning/runs/xor_langevin_2input_search_focused_1000/T010_s010/xor_statistical_ep_2input.png
Saved graph: ext/IsingLearning/runs/xor_langevin_2input_search_focused_1000/T010_s010/xor_statistical_ep_2input_trained_graph.jld2
