[bootstrap] activated project
[bootstrap] loaded packages
building MNIST 784-120-40 layer
loading training split
training samples: 12800 (100 batches/epoch)
loading train-eval split
train-eval samples: 1000
loading test split
test samples: 1000
constructing 32-worker softplus-margin nudge Adam manager
constructing 32-worker validation manager
starting epochs
epoch 0 train-eval: evaluating 1000 samples
epoch 0 train accuracy 0.06 loss 74.963547
epoch 0 evaluating
epoch 0 test: evaluating 1000 samples
epoch 0 test accuracy 0.058 loss 74.534859 best 0.058
(timestamp = "2026-06-09T21:42:31", epoch = 0, seconds = 0.0, train_accuracy = 0.06, train_loss = 74.96355f0, test_accuracy = 0.058, test_loss = 74.53486f0, pred_counts = "46-176-70-80-83-55-85-239-67-99", w_norm = 0.48583895f0, b_norm = 0.0f0, w_input_norm = 1.5314544f0, grad_w_norm = 0.0f0, grad_b_norm = 0.0f0, grad_w_input_norm = 0.0f0, effective_w_decay = 0.001f0, effective_w_input_decay = 0.001f0, symmetry_error = 0.0f0, grad_symmetry_error = 0.0f0, best_accuracy = 0.058, best_path = "ext\\IsingLearning\\experiments\\MNIST\\baseline_new_nudge\\experiments\\current\\symmetric_nudge_target_weight_grid_v3_20260609\\b0p010_lr0p0005_T0p00005_wd0p001_step0p5_pos9p0_neg0p25_priortrue_adaptivefalse\\best_checkpoint.bin", final_path = "")
epoch 1 training
epoch 1 batch 1/100 accuracy 0.0703 loss 73.496643 best_batch 0.0703 declines 0/2 trained_batches 1
epoch 1 batch 1/100 samples 128/12800 elapsed 14.1s
epoch 1 batch 2/100 accuracy 0.125 loss 66.918571 best_batch 0.125 declines 0/2 trained_batches 2
epoch 1 batch 3/100 accuracy 0.1094 loss 60.856709 best_batch 0.125 declines 0/2 trained_batches 3
epoch 1 batch 4/100 accuracy 0.0938 loss 57.485432 best_batch 0.125 declines 0/2 trained_batches 4
epoch 1 batch 5/100 accuracy 0.1484 loss 54.885071 best_batch 0.1484 declines 0/2 trained_batches 5
epoch 1 batch 6/100 accuracy 0.0625 loss 54.633987 best_batch 0.1484 declines 0/2 trained_batches 6
epoch 1 batch 7/100 accuracy 0.125 loss 52.834908 best_batch 0.1484 declines 0/2 trained_batches 7
epoch 1 batch 8/100 accuracy 0.1094 loss 51.666946 best_batch 0.1484 declines 0/2 trained_batches 8
epoch 1 batch 9/100 accuracy 0.1641 loss 49.510197 best_batch 0.1641 declines 0/2 trained_batches 9
epoch 1 batch 10/100 accuracy 0.0547 loss 51.571846 best_batch 0.1641 declines 0/2 trained_batches 10
epoch 1 batch 11/100 accuracy 0.1094 loss 50.014938 best_batch 0.1641 declines 0/2 trained_batches 11
epoch 1 batch 12/100 accuracy 0.1484 loss 50.425671 best_batch 0.1641 declines 0/2 trained_batches 12
epoch 1 batch 13/100 accuracy 0.1094 loss 51.425148 best_batch 0.1641 declines 0/2 trained_batches 13
epoch 1 batch 14/100 accuracy 0.1406 loss 50.340675 best_batch 0.1641 declines 0/2 trained_batches 14
epoch 1 batch 15/100 accuracy 0.1562 loss 50.502552 best_batch 0.1641 declines 0/2 trained_batches 15
epoch 1 batch 16/100 accuracy 0.0859 loss 50.333755 best_batch 0.1641 declines 0/2 trained_batches 16
epoch 1 batch 17/100 accuracy 0.0938 loss 50.900085 best_batch 0.1641 declines 0/2 trained_batches 17
epoch 1 batch 18/100 accuracy 0.1328 loss 52.017616 best_batch 0.1641 declines 0/2 trained_batches 18
epoch 1 batch 19/100 accuracy 0.1562 loss 50.937008 best_batch 0.1641 declines 0/2 trained_batches 19
epoch 1 batch 20/100 accuracy 0.1094 loss 51.159866 best_batch 0.1641 declines 0/2 trained_batches 20
epoch 1 batch 21/100 accuracy 0.1016 loss 51.465286 best_batch 0.1641 declines 0/2 trained_batches 21
epoch 1 batch 22/100 accuracy 0.1406 loss 50.854733 best_batch 0.1641 declines 0/2 trained_batches 22
epoch 1 batch 23/100 accuracy 0.1641 loss 49.741055 best_batch 0.1641 declines 0/2 trained_batches 23
epoch 1 batch 24/100 accuracy 0.1172 loss 49.675201 best_batch 0.1641 declines 0/2 trained_batches 24
epoch 1 batch 25/100 accuracy 0.1406 loss 50.85268 best_batch 0.1641 declines 0/2 trained_batches 25
epoch 1 batch 25/100 samples 3200/12800 elapsed 36.8s
epoch 1 batch 26/100 accuracy 0.125 loss 49.343536 best_batch 0.1641 declines 0/2 trained_batches 26
epoch 1 batch 27/100 accuracy 0.1016 loss 48.079315 best_batch 0.1641 declines 0/2 trained_batches 27
epoch 1 batch 28/100 accuracy 0.125 loss 47.144482 best_batch 0.1641 declines 0/2 trained_batches 28
epoch 1 batch 29/100 accuracy 0.1016 loss 46.048111 best_batch 0.1641 declines 0/2 trained_batches 29
epoch 1 batch 30/100 accuracy 0.1094 loss 43.615162 best_batch 0.1641 declines 0/2 trained_batches 30
epoch 1 batch 31/100 accuracy 0.0781 loss 45.288723 best_batch 0.1641 declines 0/2 trained_batches 31
epoch 1 batch 32/100 accuracy 0.125 loss 44.824406 best_batch 0.1641 declines 0/2 trained_batches 32
epoch 1 batch 33/100 accuracy 0.1094 loss 45.166317 best_batch 0.1641 declines 0/2 trained_batches 33
epoch 1 batch 34/100 accuracy 0.1328 loss 46.06097 best_batch 0.1641 declines 0/2 trained_batches 34
epoch 1 batch 35/100 accuracy 0.0781 loss 47.395592 best_batch 0.1641 declines 0/2 trained_batches 35
epoch 1 batch 36/100 accuracy 0.125 loss 47.914719 best_batch 0.1641 declines 0/2 trained_batches 36
epoch 1 batch 37/100 accuracy 0.1328 loss 47.300964 best_batch 0.1641 declines 0/2 trained_batches 37
epoch 1 batch 38/100 accuracy 0.0859 loss 48.080608 best_batch 0.1641 declines 0/2 trained_batches 38
epoch 1 batch 39/100 accuracy 0.1875 loss 45.984962 best_batch 0.1875 declines 0/2 trained_batches 39
epoch 1 batch 40/100 accuracy 0.0781 loss 46.967197 best_batch 0.1875 declines 0/2 trained_batches 40
epoch 1 batch 41/100 accuracy 0.0469 loss 47.915295 best_batch 0.1875 declines 0/2 trained_batches 41
epoch 1 batch 42/100 accuracy 0.0781 loss 46.831459 best_batch 0.1875 declines 0/2 trained_batches 42
epoch 1 batch 43/100 accuracy 0.125 loss 46.444199 best_batch 0.1875 declines 0/2 trained_batches 43
epoch 1 batch 44/100 accuracy 0.1016 loss 46.800396 best_batch 0.1875 declines 0/2 trained_batches 44
epoch 1 batch 45/100 accuracy 0.1172 loss 46.680897 best_batch 0.1875 declines 0/2 trained_batches 45
epoch 1 batch 46/100 accuracy 0.125 loss 45.645977 best_batch 0.1875 declines 0/2 trained_batches 46
epoch 1 batch 47/100 accuracy 0.1328 loss 46.197289 best_batch 0.1875 declines 0/2 trained_batches 47
epoch 1 batch 48/100 accuracy 0.0703 loss 48.152802 best_batch 0.1875 declines 0/2 trained_batches 48
epoch 1 batch 49/100 accuracy 0.0938 loss 47.838646 best_batch 0.1875 declines 0/2 trained_batches 49
epoch 1 batch 50/100 accuracy 0.1016 loss 46.984272 best_batch 0.1875 declines 0/2 trained_batches 50
epoch 1 batch 50/100 samples 6400/12800 elapsed 60.2s
epoch 1 batch 51/100 accuracy 0.0781 loss 46.835419 best_batch 0.1875 declines 0/2 trained_batches 51
epoch 1 batch 52/100 accuracy 0.1562 loss 46.286968 best_batch 0.1875 declines 0/2 trained_batches 52
epoch 1 batch 53/100 accuracy 0.0547 loss 47.26104 best_batch 0.1875 declines 0/2 trained_batches 53
epoch 1 batch 54/100 accuracy 0.0938 loss 49.043251 best_batch 0.1875 declines 0/2 trained_batches 54
epoch 1 batch 55/100 accuracy 0.0391 loss 48.873859 best_batch 0.1875 declines 0/2 trained_batches 55
epoch 1 batch 56/100 accuracy 0.1016 loss 47.413563 best_batch 0.1875 declines 0/2 trained_batches 56
epoch 1 batch 57/100 accuracy 0.0703 loss 47.500782 best_batch 0.1875 declines 0/2 trained_batches 57
epoch 1 batch 58/100 accuracy 0.1016 loss 46.262482 best_batch 0.1875 declines 0/2 trained_batches 58
epoch 1 batch 59/100 accuracy 0.1328 loss 44.43327 best_batch 0.1875 declines 0/2 trained_batches 59
epoch 1 batch 60/100 accuracy 0.1016 loss 45.074108 best_batch 0.1875 declines 0/2 trained_batches 60
epoch 1 batch 61/100 accuracy 0.1172 loss 44.611561 best_batch 0.1875 declines 0/2 trained_batches 61
epoch 1 batch 62/100 accuracy 0.1172 loss 44.812218 best_batch 0.1875 declines 0/2 trained_batches 62
epoch 1 batch 63/100 accuracy 0.0781 loss 45.667976 best_batch 0.1875 declines 0/2 trained_batches 63
epoch 1 batch 64/100 accuracy 0.1328 loss 44.929886 best_batch 0.1875 declines 0/2 trained_batches 64
epoch 1 batch 65/100 accuracy 0.0859 loss 45.714825 best_batch 0.1875 declines 0/2 trained_batches 65
epoch 1 batch 66/100 accuracy 0.0781 loss 46.339405 best_batch 0.1875 declines 0/2 trained_batches 66
epoch 1 batch 67/100 accuracy 0.125 loss 46.057629 best_batch 0.1875 declines 0/2 trained_batches 67
epoch 1 batch 68/100 accuracy 0.1641 loss 46.16507 best_batch 0.1875 declines 0/2 trained_batches 68
epoch 1 batch 69/100 accuracy 0.0391 loss 46.97839 best_batch 0.1875 declines 0/2 trained_batches 69
epoch 1 batch 70/100 accuracy 0.1094 loss 45.99445 best_batch 0.1875 declines 0/2 trained_batches 70
epoch 1 batch 71/100 accuracy 0.1328 loss 46.683987 best_batch 0.1875 declines 0/2 trained_batches 71
epoch 1 batch 72/100 accuracy 0.0938 loss 46.82476 best_batch 0.1875 declines 0/2 trained_batches 72
epoch 1 batch 73/100 accuracy 0.1094 loss 45.751728 best_batch 0.1875 declines 0/2 trained_batches 73
epoch 1 batch 74/100 accuracy 0.1016 loss 45.822483 best_batch 0.1875 declines 0/2 trained_batches 74
epoch 1 batch 75/100 accuracy 0.1094 loss 46.26609 best_batch 0.1875 declines 0/2 trained_batches 75
epoch 1 batch 75/100 samples 9600/12800 elapsed 85.8s
epoch 1 batch 76/100 accuracy 0.0625 loss 45.911861 best_batch 0.1875 declines 0/2 trained_batches 76
epoch 1 batch 77/100 accuracy 0.1406 loss 46.176212 best_batch 0.1875 declines 0/2 trained_batches 77
epoch 1 batch 78/100 accuracy 0.1016 loss 45.921684 best_batch 0.1875 declines 0/2 trained_batches 78
epoch 1 batch 79/100 accuracy 0.1328 loss 47.093857 best_batch 0.1875 declines 0/2 trained_batches 79
epoch 1 batch 80/100 accuracy 0.0312 loss 46.931412 best_batch 0.1875 declines 0/2 trained_batches 80
epoch 1 batch 81/100 accuracy 0.1094 loss 46.190487 best_batch 0.1875 declines 0/2 trained_batches 81
epoch 1 batch 82/100 accuracy 0.0859 loss 46.205719 best_batch 0.1875 declines 0/2 trained_batches 82
epoch 1 batch 83/100 accuracy 0.1172 loss 44.452999 best_batch 0.1875 declines 0/2 trained_batches 83
epoch 1 batch 84/100 accuracy 0.1406 loss 44.650307 best_batch 0.1875 declines 0/2 trained_batches 84
epoch 1 batch 85/100 accuracy 0.0703 loss 44.852341 best_batch 0.1875 declines 0/2 trained_batches 85
epoch 1 batch 86/100 accuracy 0.1094 loss 44.298019 best_batch 0.1875 declines 0/2 trained_batches 86
epoch 1 batch 87/100 accuracy 0.0938 loss 45.304989 best_batch 0.1875 declines 0/2 trained_batches 87
epoch 1 batch 88/100 accuracy 0.0469 loss 46.78017 best_batch 0.1875 declines 0/2 trained_batches 88
epoch 1 batch 89/100 accuracy 0.0312 loss 46.511833 best_batch 0.1875 declines 0/2 trained_batches 89
epoch 1 batch 90/100 accuracy 0.0938 loss 45.573059 best_batch 0.1875 declines 0/2 trained_batches 90
epoch 1 batch 91/100 accuracy 0.1094 loss 46.383194 best_batch 0.1875 declines 0/2 trained_batches 91
epoch 1 batch 92/100 accuracy 0.0625 loss 46.272388 best_batch 0.1875 declines 0/2 trained_batches 92
epoch 1 batch 93/100 accuracy 0.1016 loss 45.586292 best_batch 0.1875 declines 0/2 trained_batches 93
epoch 1 batch 94/100 accuracy 0.0781 loss 45.288525 best_batch 0.1875 declines 0/2 trained_batches 94
epoch 1 batch 95/100 accuracy 0.0938 loss 45.654964 best_batch 0.1875 declines 0/2 trained_batches 95
epoch 1 batch 96/100 accuracy 0.0938 loss 45.045219 best_batch 0.1875 declines 0/2 trained_batches 96
epoch 1 batch 97/100 accuracy 0.1562 loss 44.218353 best_batch 0.1875 declines 0/2 trained_batches 97
epoch 1 batch 98/100 accuracy 0.1016 loss 41.845856 best_batch 0.1875 declines 0/2 trained_batches 98
epoch 1 batch 99/100 accuracy 0.1328 loss 41.496235 best_batch 0.1875 declines 0/2 trained_batches 99
epoch 1 batch 100/100 accuracy 0.1094 loss 41.960548 best_batch 0.1875 declines 0/2 trained_batches 100
epoch 1 batch 100/100 samples 12800/12800 elapsed 112.0s
epoch 1 training done in 111.966s
epoch 1 train-eval: evaluating 1000 samples
epoch 1 train accuracy 0.103 loss 42.155331
epoch 1 evaluating
epoch 1 test: evaluating 1000 samples
epoch 1 test accuracy 0.1 loss 42.093193 best 0.1
(timestamp = "2026-06-09T21:44:28", epoch = 1, seconds = 111.9660831, train_accuracy = 0.103, train_loss = 42.15533f0, test_accuracy = 0.1, test_loss = 42.093193f0, pred_counts = "0-517-0-0-0-0-483-0-0-0", w_norm = 0.59962845f0, b_norm = 0.044520486f0, w_input_norm = 1.7747432f0, grad_w_norm = 19.51385f0, grad_b_norm = 2.2897248f0, grad_w_input_norm = 4.8349833f0, effective_w_decay = 0.001f0, effective_w_input_decay = 0.001f0, symmetry_error = 0.0f0, grad_symmetry_error = 0.0f0, best_accuracy = 0.1, best_path = "ext\\IsingLearning\\experiments\\MNIST\\baseline_new_nudge\\experiments\\current\\symmetric_nudge_target_weight_grid_v3_20260609\\b0p010_lr0p0005_T0p00005_wd0p001_step0p5_pos9p0_neg0p25_priortrue_adaptivefalse\\best_checkpoint.bin", final_path = "")
epoch 2 training
epoch 2 batch 1/100 accuracy 0.1016 loss 42.365379 best_batch 0.1875 declines 0/2 trained_batches 101
epoch 2 batch 1/100 samples 128/12800 elapsed 1.1s
epoch 2 batch 2/100 accuracy 0.0625 loss 42.95359 best_batch 0.1875 declines 0/2 trained_batches 102
epoch 2 batch 3/100 accuracy 0.0781 loss 42.87384 best_batch 0.1875 declines 0/2 trained_batches 103
epoch 2 batch 4/100 accuracy 0.0391 loss 43.484676 best_batch 0.1875 declines 0/2 trained_batches 104
epoch 2 batch 5/100 accuracy 0.0703 loss 43.66737 best_batch 0.1875 declines 0/2 trained_batches 105
epoch 2 batch 6/100 accuracy 0.0859 loss 43.931225 best_batch 0.1875 declines 0/2 trained_batches 106
epoch 2 batch 7/100 accuracy 0.0859 loss 43.99876 best_batch 0.1875 declines 0/2 trained_batches 107
epoch 2 batch 8/100 accuracy 0.0469 loss 44.072132 best_batch 0.1875 declines 0/2 trained_batches 108
epoch 2 batch 9/100 accuracy 0.0312 loss 44.055275 best_batch 0.1875 declines 0/2 trained_batches 109
epoch 2 batch 10/100 accuracy 0.0938 loss 42.011944 best_batch 0.1875 declines 0/2 trained_batches 110
epoch 2 batch 11/100 accuracy 0.0859 loss 42.668461 best_batch 0.1875 declines 0/2 trained_batches 111
epoch 2 batch 12/100 accuracy 0.0859 loss 43.295593 best_batch 0.1875 declines 0/2 trained_batches 112
epoch 2 batch 13/100 accuracy 0.1172 loss 42.056538 best_batch 0.1875 declines 0/2 trained_batches 113
epoch 2 batch 14/100 accuracy 0.1328 loss 41.798096 best_batch 0.1875 declines 0/2 trained_batches 114
epoch 2 batch 15/100 accuracy 0.1016 loss 42.216835 best_batch 0.1875 declines 0/2 trained_batches 115
epoch 2 batch 16/100 accuracy 0.0781 loss 42.744049 best_batch 0.1875 declines 0/2 trained_batches 116
epoch 2 batch 17/100 accuracy 0.0703 loss 42.700424 best_batch 0.1875 declines 0/2 trained_batches 117
epoch 2 batch 18/100 accuracy 0.1172 loss 41.982685 best_batch 0.1875 declines 0/2 trained_batches 118
epoch 2 batch 19/100 accuracy 0.125 loss 41.40292 best_batch 0.1875 declines 0/2 trained_batches 119
epoch 2 batch 20/100 accuracy 0.0859 loss 42.179001 best_batch 0.1875 declines 0/2 trained_batches 120
epoch 2 batch 21/100 accuracy 0.0781 loss 42.534817 best_batch 0.1875 declines 0/2 trained_batches 121
epoch 2 batch 22/100 accuracy 0.1016 loss 42.084099 best_batch 0.1875 declines 0/2 trained_batches 122
epoch 2 batch 23/100 accuracy 0.0547 loss 42.721405 best_batch 0.1875 declines 0/2 trained_batches 123
epoch 2 batch 24/100 accuracy 0.1016 loss 43.063942 best_batch 0.1875 declines 0/2 trained_batches 124
epoch 2 batch 25/100 accuracy 0.1094 loss 42.199711 best_batch 0.1875 declines 0/2 trained_batches 125
epoch 2 batch 25/100 samples 3200/12800 elapsed 26.2s
epoch 2 batch 26/100 accuracy 0.0625 loss 42.720417 best_batch 0.1875 declines 0/2 trained_batches 126
epoch 2 batch 27/100 accuracy 0.1562 loss 41.995937 best_batch 0.1875 declines 0/2 trained_batches 127
epoch 2 batch 28/100 accuracy 0.1094 loss 41.630577 best_batch 0.1875 declines 0/2 trained_batches 128
epoch 2 batch 29/100 accuracy 0.1016 loss 41.09605 best_batch 0.1875 declines 0/2 trained_batches 129
epoch 2 batch 30/100 accuracy 0.1016 loss 42.624352 best_batch 0.1875 declines 0/2 trained_batches 130
epoch 2 batch 31/100 accuracy 0.0859 loss 42.50259 best_batch 0.1875 declines 0/2 trained_batches 131
epoch 2 batch 32/100 accuracy 0.0938 loss 42.179722 best_batch 0.1875 declines 0/2 trained_batches 132
epoch 2 batch 33/100 accuracy 0.1328 loss 41.63155 best_batch 0.1875 declines 0/2 trained_batches 133
epoch 2 batch 34/100 accuracy 0.1172 loss 41.446598 best_batch 0.1875 declines 0/2 trained_batches 134
epoch 2 batch 35/100 accuracy 0.1484 loss 41.060745 best_batch 0.1875 declines 0/2 trained_batches 135
epoch 2 batch 36/100 accuracy 0.1172 loss 41.896286 best_batch 0.1875 declines 0/2 trained_batches 136
epoch 2 batch 37/100 accuracy 0.0938 loss 43.102322 best_batch 0.1875 declines 0/2 trained_batches 137
epoch 2 batch 38/100 accuracy 0.1484 loss 42.929417 best_batch 0.1875 declines 0/2 trained_batches 138
epoch 2 batch 39/100 accuracy 0.0625 loss 43.755947 best_batch 0.1875 declines 0/2 trained_batches 139
epoch 2 batch 40/100 accuracy 0.1094 loss 44.195824 best_batch 0.1875 declines 0/2 trained_batches 140
epoch 2 batch 41/100 accuracy 0.125 loss 42.407581 best_batch 0.1875 declines 0/2 trained_batches 141
epoch 2 batch 42/100 accuracy 0.1094 loss 43.09338 best_batch 0.1875 declines 0/2 trained_batches 142
epoch 2 batch 43/100 accuracy 0.1328 loss 42.446796 best_batch 0.1875 declines 0/2 trained_batches 143
epoch 2 batch 44/100 accuracy 0.0703 loss 43.053192 best_batch 0.1875 declines 0/2 trained_batches 144
epoch 2 batch 45/100 accuracy 0.0781 loss 42.997841 best_batch 0.1875 declines 0/2 trained_batches 145
epoch 2 batch 46/100 accuracy 0.1719 loss 41.798038 best_batch 0.1875 declines 0/2 trained_batches 146
epoch 2 batch 47/100 accuracy 0.0625 loss 42.690277 best_batch 0.1875 declines 0/2 trained_batches 147
epoch 2 batch 48/100 accuracy 0.1562 loss 42.604763 best_batch 0.1875 declines 0/2 trained_batches 148
epoch 2 batch 49/100 accuracy 0.0859 loss 43.455425 best_batch 0.1875 declines 0/2 trained_batches 149
epoch 2 batch 50/100 accuracy 0.1172 loss 42.587891 best_batch 0.1875 declines 0/2 trained_batches 150
epoch 2 batch 50/100 samples 6400/12800 elapsed 51.4s
epoch 2 batch 51/100 accuracy 0.1016 loss 42.984535 best_batch 0.1875 declines 0/2 trained_batches 151
epoch 2 batch 52/100 accuracy 0.0547 loss 43.948986 best_batch 0.1875 declines 0/2 trained_batches 152
epoch 2 batch 53/100 accuracy 0.1016 loss 43.401958 best_batch 0.1875 declines 0/2 trained_batches 153
epoch 2 batch 54/100 accuracy 0.1328 loss 44.357136 best_batch 0.1875 declines 0/2 trained_batches 154
epoch 2 batch 55/100 accuracy 0.1094 loss 43.925114 best_batch 0.1875 declines 0/2 trained_batches 155
epoch 2 batch 56/100 accuracy 0.0859 loss 44.800774 best_batch 0.1875 declines 0/2 trained_batches 156
epoch 2 batch 57/100 accuracy 0.0625 loss 44.672977 best_batch 0.1875 declines 0/2 trained_batches 157
epoch 2 batch 58/100 accuracy 0.125 loss 43.21682 best_batch 0.1875 declines 0/2 trained_batches 158
epoch 2 batch 59/100 accuracy 0.1406 loss 42.375988 best_batch 0.1875 declines 0/2 trained_batches 159
epoch 2 batch 60/100 accuracy 0.1094 loss 42.010525 best_batch 0.1875 declines 0/2 trained_batches 160
epoch 2 batch 61/100 accuracy 0.1406 loss 42.060699 best_batch 0.1875 declines 0/2 trained_batches 161
epoch 2 batch 62/100 accuracy 0.1016 loss 41.90744 best_batch 0.1875 declines 0/2 trained_batches 162
epoch 2 batch 63/100 accuracy 0.1016 loss 42.864059 best_batch 0.1875 declines 0/2 trained_batches 163
epoch 2 batch 64/100 accuracy 0.0938 loss 42.99202 best_batch 0.1875 declines 0/2 trained_batches 164
epoch 2 batch 65/100 accuracy 0.0859 loss 42.073433 best_batch 0.1875 declines 0/2 trained_batches 165
epoch 2 batch 66/100 accuracy 0.0703 loss 43.424484 best_batch 0.1875 declines 0/2 trained_batches 166
epoch 2 batch 67/100 accuracy 0.0859 loss 43.636269 best_batch 0.1875 declines 0/2 trained_batches 167
epoch 2 batch 68/100 accuracy 0.125 loss 42.085754 best_batch 0.1875 declines 0/2 trained_batches 168
epoch 2 batch 69/100 accuracy 0.1328 loss 42.686642 best_batch 0.1875 declines 0/2 trained_batches 169
epoch 2 batch 70/100 accuracy 0.1328 loss 43.045612 best_batch 0.1875 declines 0/2 trained_batches 170
epoch 2 batch 71/100 accuracy 0.125 loss 42.462791 best_batch 0.1875 declines 0/2 trained_batches 171
epoch 2 batch 72/100 accuracy 0.0703 loss 42.848759 best_batch 0.1875 declines 0/2 trained_batches 172
epoch 2 batch 73/100 accuracy 0.1094 loss 43.058113 best_batch 0.1875 declines 0/2 trained_batches 173
epoch 2 batch 74/100 accuracy 0.1875 loss 42.408859 best_batch 0.1875 declines 0/2 trained_batches 174
epoch 2 batch 75/100 accuracy 0.125 loss 42.75882 best_batch 0.1875 declines 0/2 trained_batches 175
epoch 2 batch 75/100 samples 9600/12800 elapsed 77.9s
epoch 2 batch 76/100 accuracy 0.1328 loss 42.031021 best_batch 0.1875 declines 0/2 trained_batches 176
epoch 2 batch 77/100 accuracy 0.1172 loss 41.639156 best_batch 0.1875 declines 0/2 trained_batches 177
epoch 2 batch 78/100 accuracy 0.0781 loss 42.039207 best_batch 0.1875 declines 0/2 trained_batches 178
epoch 2 batch 79/100 accuracy 0.0625 loss 42.186245 best_batch 0.1875 declines 0/2 trained_batches 179
epoch 2 batch 80/100 accuracy 0.125 loss 42.541378 best_batch 0.1875 declines 0/2 trained_batches 180
epoch 2 batch 81/100 accuracy 0.1094 loss 42.368694 best_batch 0.1875 declines 0/2 trained_batches 181
epoch 2 batch 82/100 accuracy 0.0938 loss 42.579266 best_batch 0.1875 declines 0/2 trained_batches 182
epoch 2 batch 83/100 accuracy 0.1172 loss 41.772934 best_batch 0.1875 declines 0/2 trained_batches 183
epoch 2 batch 84/100 accuracy 0.0938 loss 43.30423 best_batch 0.1875 declines 0/2 trained_batches 184
epoch 2 batch 85/100 accuracy 0.1328 loss 42.063461 best_batch 0.1875 declines 0/2 trained_batches 185
epoch 2 batch 86/100 accuracy 0.0859 loss 43.049515 best_batch 0.1875 declines 0/2 trained_batches 186
epoch 2 batch 87/100 accuracy 0.1172 loss 43.566021 best_batch 0.1875 declines 0/2 trained_batches 187
epoch 2 batch 88/100 accuracy 0.0469 loss 43.521767 best_batch 0.1875 declines 0/2 trained_batches 188
epoch 2 batch 89/100 accuracy 0.0859 loss 42.887287 best_batch 0.1875 declines 0/2 trained_batches 189
epoch 2 batch 90/100 accuracy 0.0625 loss 43.99699 best_batch 0.1875 declines 0/2 trained_batches 190
epoch 2 batch 91/100 accuracy 0.1484 loss 41.839035 best_batch 0.1875 declines 0/2 trained_batches 191
epoch 2 batch 92/100 accuracy 0.1016 loss 42.759502 best_batch 0.1875 declines 0/2 trained_batches 192
epoch 2 batch 93/100 accuracy 0.1172 loss 43.019932 best_batch 0.1875 declines 0/2 trained_batches 193
epoch 2 batch 94/100 accuracy 0.0859 loss 42.313923 best_batch 0.1875 declines 0/2 trained_batches 194
epoch 2 batch 95/100 accuracy 0.0938 loss 41.753376 best_batch 0.1875 declines 0/2 trained_batches 195
epoch 2 batch 96/100 accuracy 0.0938 loss 41.625946 best_batch 0.1875 declines 0/2 trained_batches 196
epoch 2 batch 97/100 accuracy 0.1562 loss 40.432335 best_batch 0.1875 declines 0/2 trained_batches 197
epoch 2 batch 98/100 accuracy 0.0938 loss 41.805542 best_batch 0.1875 declines 0/2 trained_batches 198
epoch 2 batch 99/100 accuracy 0.1172 loss 41.965702 best_batch 0.1875 declines 0/2 trained_batches 199
epoch 2 batch 100/100 accuracy 0.1094 loss 41.61961 best_batch 0.1875 declines 0/2 trained_batches 200
epoch 2 batch 100/100 samples 12800/12800 elapsed 105.2s
epoch 2 training done in 105.18s
epoch 2 train-eval: evaluating 1000 samples
epoch 2 train accuracy 0.109 loss 41.738445
epoch 2 evaluating
epoch 2 test: evaluating 1000 samples
epoch 2 test accuracy 0.091 loss 41.576748 best 0.1
(timestamp = "2026-06-09T21:46:16", epoch = 2, seconds = 105.1795385, train_accuracy = 0.109, train_loss = 41.738445f0, test_accuracy = 0.091, test_loss = 41.576748f0, pred_counts = "0-508-0-0-0-0-492-0-0-0", w_norm = 0.6422452f0, b_norm = 0.057408184f0, w_input_norm = 2.0800145f0, grad_w_norm = 7.2516675f0, grad_b_norm = 0.8898767f0, grad_w_input_norm = 4.317343f0, effective_w_decay = 0.001f0, effective_w_input_decay = 0.001f0, symmetry_error = 0.0f0, grad_symmetry_error = 0.0f0, best_accuracy = 0.1, best_path = "ext\\IsingLearning\\experiments\\MNIST\\baseline_new_nudge\\experiments\\current\\symmetric_nudge_target_weight_grid_v3_20260609\\b0p010_lr0p0005_T0p00005_wd0p001_step0p5_pos9p0_neg0p25_priortrue_adaptivefalse\\best_checkpoint.bin", final_path = "")
epoch 3 training
epoch 3 batch 1/100 accuracy 0.0781 loss 42.575947 best_batch 0.1875 declines 0/2 trained_batches 201
epoch 3 batch 1/100 samples 128/12800 elapsed 1.0s
epoch 3 batch 2/100 accuracy 0.0859 loss 41.432137 best_batch 0.1875 declines 0/2 trained_batches 202
epoch 3 batch 3/100 accuracy 0.0781 loss 42.228836 best_batch 0.1875 declines 0/2 trained_batches 203
epoch 3 batch 4/100 accuracy 0.1094 loss 41.91584 best_batch 0.1875 declines 0/2 trained_batches 204
epoch 3 batch 5/100 accuracy 0.125 loss 42.6203 best_batch 0.1875 declines 0/2 trained_batches 205
epoch 3 batch 6/100 accuracy 0.0859 loss 43.211239 best_batch 0.1875 declines 0/2 trained_batches 206
epoch 3 batch 7/100 accuracy 0.0859 loss 44.013386 best_batch 0.1875 declines 0/2 trained_batches 207
epoch 3 batch 8/100 accuracy 0.1094 loss 44.022503 best_batch 0.1875 declines 0/2 trained_batches 208
epoch 3 batch 9/100 accuracy 0.0703 loss 44.53867 best_batch 0.1875 declines 0/2 trained_batches 209
epoch 3 batch 10/100 accuracy 0.0703 loss 44.778107 best_batch 0.1875 declines 0/2 trained_batches 210
epoch 3 batch 11/100 accuracy 0.1562 loss 44.932316 best_batch 0.1875 declines 0/2 trained_batches 211
epoch 3 batch 12/100 accuracy 0.1172 loss 44.767109 best_batch 0.1875 declines 0/2 trained_batches 212
epoch 3 batch 13/100 accuracy 0.1172 loss 44.550076 best_batch 0.1875 declines 0/2 trained_batches 213
epoch 3 batch 14/100 accuracy 0.0781 loss 45.643799 best_batch 0.1875 declines 0/2 trained_batches 214
epoch 3 batch 15/100 accuracy 0.0781 loss 44.940945 best_batch 0.1875 declines 0/2 trained_batches 215
epoch 3 batch 16/100 accuracy 0.1406 loss 45.421375 best_batch 0.1875 declines 0/2 trained_batches 216
epoch 3 batch 17/100 accuracy 0.0781 loss 45.141003 best_batch 0.1875 declines 0/2 trained_batches 217
epoch 3 batch 18/100 accuracy 0.0859 loss 46.217735 best_batch 0.1875 declines 0/2 trained_batches 218
epoch 3 batch 19/100 accuracy 0.1719 loss 45.431118 best_batch 0.1875 declines 0/2 trained_batches 219
epoch 3 batch 20/100 accuracy 0.0859 loss 46.943676 best_batch 0.1875 declines 0/2 trained_batches 220
epoch 3 batch 21/100 accuracy 0.1016 loss 47.206791 best_batch 0.1875 declines 0/2 trained_batches 221
epoch 3 batch 22/100 accuracy 0.1016 loss 46.520565 best_batch 0.1875 declines 0/2 trained_batches 222
epoch 3 batch 23/100 accuracy 0.1172 loss 46.319324 best_batch 0.1875 declines 0/2 trained_batches 223
epoch 3 batch 24/100 accuracy 0.1328 loss 46.135448 best_batch 0.1875 declines 0/2 trained_batches 224
epoch 3 batch 25/100 accuracy 0.125 loss 45.181156 best_batch 0.1875 declines 0/2 trained_batches 225
epoch 3 batch 25/100 samples 3200/12800 elapsed 25.7s
epoch 3 batch 26/100 accuracy 0.125 loss 44.09071 best_batch 0.1875 declines 0/2 trained_batches 226
epoch 3 batch 27/100 accuracy 0.1172 loss 44.406311 best_batch 0.1875 declines 0/2 trained_batches 227
epoch 3 batch 28/100 accuracy 0.1484 loss 44.445332 best_batch 0.1875 declines 0/2 trained_batches 228
epoch 3 batch 29/100 accuracy 0.0781 loss 44.644634 best_batch 0.1875 declines 0/2 trained_batches 229
epoch 3 batch 30/100 accuracy 0.125 loss 43.642944 best_batch 0.1875 declines 0/2 trained_batches 230
epoch 3 batch 31/100 accuracy 0.1172 loss 43.882462 best_batch 0.1875 declines 0/2 trained_batches 231
epoch 3 batch 32/100 accuracy 0.1328 loss 43.747307 best_batch 0.1875 declines 0/2 trained_batches 232
epoch 3 batch 33/100 accuracy 0.1016 loss 44.485188 best_batch 0.1875 declines 0/2 trained_batches 233
epoch 3 batch 34/100 accuracy 0.125 loss 44.667992 best_batch 0.1875 declines 0/2 trained_batches 234
epoch 3 batch 35/100 accuracy 0.1016 loss 45.09795 best_batch 0.1875 declines 0/2 trained_batches 235
epoch 3 batch 36/100 accuracy 0.1094 loss 46.380524 best_batch 0.1875 declines 0/2 trained_batches 236
epoch 3 batch 37/100 accuracy 0.0469 loss 46.829651 best_batch 0.1875 declines 0/2 trained_batches 237
epoch 3 batch 38/100 accuracy 0.1016 loss 46.55349 best_batch 0.1875 declines 0/2 trained_batches 238
epoch 3 batch 39/100 accuracy 0.0859 loss 45.861511 best_batch 0.1875 declines 0/2 trained_batches 239
epoch 3 batch 40/100 accuracy 0.0703 loss 45.38781 best_batch 0.1875 declines 0/2 trained_batches 240
epoch 3 batch 41/100 accuracy 0.1172 loss 44.864666 best_batch 0.1875 declines 0/2 trained_batches 241
epoch 3 batch 42/100 accuracy 0.0391 loss 44.794857 best_batch 0.1875 declines 0/2 trained_batches 242
epoch 3 batch 43/100 accuracy 0.1328 loss 42.700954 best_batch 0.1875 declines 0/2 trained_batches 243
epoch 3 batch 44/100 accuracy 0.1016 loss 42.729286 best_batch 0.1875 declines 0/2 trained_batches 244
epoch 3 batch 45/100 accuracy 0.0625 loss 42.818314 best_batch 0.1875 declines 0/2 trained_batches 245
epoch 3 batch 46/100 accuracy 0.125 loss 42.29504 best_batch 0.1875 declines 0/2 trained_batches 246
epoch 3 batch 47/100 accuracy 0.0781 loss 42.228386 best_batch 0.1875 declines 0/2 trained_batches 247
epoch 3 batch 48/100 accuracy 0.0703 loss 43.299507 best_batch 0.1875 declines 0/2 trained_batches 248
epoch 3 batch 49/100 accuracy 0.0625 loss 43.925343 best_batch 0.1875 declines 0/2 trained_batches 249
epoch 3 batch 50/100 accuracy 0.1562 loss 43.358894 best_batch 0.1875 declines 0/2 trained_batches 250
epoch 3 batch 50/100 samples 6400/12800 elapsed 51.9s
epoch 3 batch 51/100 accuracy 0.0781 loss 43.993237 best_batch 0.1875 declines 0/2 trained_batches 251
epoch 3 batch 52/100 accuracy 0.0938 loss 44.728966 best_batch 0.1875 declines 0/2 trained_batches 252
epoch 3 batch 53/100 accuracy 0.0859 loss 44.28899 best_batch 0.1875 declines 0/2 trained_batches 253
epoch 3 batch 54/100 accuracy 0.0781 loss 44.406651 best_batch 0.1875 declines 0/2 trained_batches 254
epoch 3 batch 55/100 accuracy 0.0703 loss 45.320831 best_batch 0.1875 declines 0/2 trained_batches 255
epoch 3 batch 56/100 accuracy 0.0469 loss 45.643246 best_batch 0.1875 declines 0/2 trained_batches 256
epoch 3 batch 57/100 accuracy 0.0938 loss 45.556629 best_batch 0.1875 declines 0/2 trained_batches 257
epoch 3 batch 58/100 accuracy 0.1172 loss 45.222427 best_batch 0.1875 declines 0/2 trained_batches 258
epoch 3 batch 59/100 accuracy 0.1016 loss 45.338264 best_batch 0.1875 declines 0/2 trained_batches 259
epoch 3 batch 60/100 accuracy 0.0859 loss 44.528736 best_batch 0.1875 declines 0/2 trained_batches 260
epoch 3 batch 61/100 accuracy 0.1641 loss 42.753033 best_batch 0.1875 declines 0/2 trained_batches 261
epoch 3 batch 62/100 accuracy 0.1094 loss 43.14563 best_batch 0.1875 declines 0/2 trained_batches 262
epoch 3 batch 63/100 accuracy 0.1172 loss 42.4674 best_batch 0.1875 declines 0/2 trained_batches 263
epoch 3 batch 64/100 accuracy 0.0859 loss 42.262657 best_batch 0.1875 declines 0/2 trained_batches 264
epoch 3 batch 65/100 accuracy 0.1016 loss 42.4202 best_batch 0.1875 declines 0/2 trained_batches 265
epoch 3 batch 66/100 accuracy 0.1016 loss 42.534561 best_batch 0.1875 declines 0/2 trained_batches 266
epoch 3 batch 67/100 accuracy 0.0859 loss 42.230339 best_batch 0.1875 declines 0/2 trained_batches 267
epoch 3 batch 68/100 accuracy 0.1406 loss 42.512878 best_batch 0.1875 declines 0/2 trained_batches 268
epoch 3 batch 69/100 accuracy 0.1094 loss 42.606609 best_batch 0.1875 declines 0/2 trained_batches 269
epoch 3 batch 70/100 accuracy 0.0859 loss 43.102997 best_batch 0.1875 declines 0/2 trained_batches 270
epoch 3 batch 71/100 accuracy 0.1562 loss 42.473331 best_batch 0.1875 declines 0/2 trained_batches 271
epoch 3 batch 72/100 accuracy 0.1172 loss 42.239388 best_batch 0.1875 declines 0/2 trained_batches 272
epoch 3 batch 73/100 accuracy 0.125 loss 42.720348 best_batch 0.1875 declines 0/2 trained_batches 273
epoch 3 batch 74/100 accuracy 0.125 loss 42.241795 best_batch 0.1875 declines 0/2 trained_batches 274
epoch 3 batch 75/100 accuracy 0.1016 loss 42.361439 best_batch 0.1875 declines 0/2 trained_batches 275
epoch 3 batch 75/100 samples 9600/12800 elapsed 77.1s
epoch 3 batch 76/100 accuracy 0.1094 loss 41.957382 best_batch 0.1875 declines 0/2 trained_batches 276
epoch 3 batch 77/100 accuracy 0.1016 loss 42.545082 best_batch 0.1875 declines 0/2 trained_batches 277
epoch 3 batch 78/100 accuracy 0.0703 loss 42.259071 best_batch 0.1875 declines 0/2 trained_batches 278
epoch 3 batch 79/100 accuracy 0.1094 loss 41.544399 best_batch 0.1875 declines 0/2 trained_batches 279
epoch 3 batch 80/100 accuracy 0.0625 loss 42.191246 best_batch 0.1875 declines 0/2 trained_batches 280
epoch 3 batch 81/100 accuracy 0.0781 loss 41.91433 best_batch 0.1875 declines 0/2 trained_batches 281
epoch 3 batch 82/100 accuracy 0.0781 loss 43.396137 best_batch 0.1875 declines 0/2 trained_batches 282
epoch 3 batch 83/100 accuracy 0.1562 loss 42.135105 best_batch 0.1875 declines 0/2 trained_batches 283
epoch 3 batch 84/100 accuracy 0.1094 loss 43.873348 best_batch 0.1875 declines 0/2 trained_batches 284
epoch 3 batch 85/100 accuracy 0.0859 loss 43.646362 best_batch 0.1875 declines 0/2 trained_batches 285
epoch 3 batch 86/100 accuracy 0.0625 loss 44.096161 best_batch 0.1875 declines 0/2 trained_batches 286
epoch 3 batch 87/100 accuracy 0.1328 loss 44.393551 best_batch 0.1875 declines 0/2 trained_batches 287
epoch 3 batch 88/100 accuracy 0.1016 loss 44.699715 best_batch 0.1875 declines 0/2 trained_batches 288
epoch 3 batch 89/100 accuracy 0.0469 loss 44.571194 best_batch 0.1875 declines 0/2 trained_batches 289
epoch 3 batch 90/100 accuracy 0.1328 loss 44.367325 best_batch 0.1875 declines 0/2 trained_batches 290
epoch 3 batch 91/100 accuracy 0.1172 loss 43.951908 best_batch 0.1875 declines 0/2 trained_batches 291
epoch 3 batch 92/100 accuracy 0.1562 loss 44.086151 best_batch 0.1875 declines 0/2 trained_batches 292
epoch 3 batch 93/100 accuracy 0.0859 loss 44.989017 best_batch 0.1875 declines 0/2 trained_batches 293
epoch 3 batch 94/100 accuracy 0.0859 loss 43.831879 best_batch 0.1875 declines 0/2 trained_batches 294
epoch 3 batch 95/100 accuracy 0.0625 loss 44.626774 best_batch 0.1875 declines 0/2 trained_batches 295
epoch 3 batch 96/100 accuracy 0.125 loss 43.315876 best_batch 0.1875 declines 0/2 trained_batches 296
epoch 3 batch 97/100 accuracy 0.1172 loss 42.983932 best_batch 0.1875 declines 0/2 trained_batches 297
epoch 3 batch 98/100 accuracy 0.0938 loss 43.052956 best_batch 0.1875 declines 0/2 trained_batches 298
epoch 3 batch 99/100 accuracy 0.1094 loss 42.752758 best_batch 0.1875 declines 0/2 trained_batches 299
epoch 3 batch 100/100 accuracy 0.125 loss 42.579666 best_batch 0.1875 declines 0/2 trained_batches 300
epoch 3 batch 100/100 samples 12800/12800 elapsed 101.4s
epoch 3 training done in 101.38s
epoch 3 train-eval: evaluating 1000 samples
epoch 3 train accuracy 0.095 loss 42.567722
epoch 3 evaluating
epoch 3 test: evaluating 1000 samples
epoch 3 test accuracy 0.109 loss 42.453163 best 0.109
(timestamp = "2026-06-09T21:48:00", epoch = 3, seconds = 101.3801432, train_accuracy = 0.095, train_loss = 42.567722f0, test_accuracy = 0.109, test_loss = 42.453163f0, pred_counts = "0-497-0-0-0-0-503-0-0-0", w_norm = 0.6774906f0, b_norm = 0.06625695f0, w_input_norm = 2.3297832f0, grad_w_norm = 18.196709f0, grad_b_norm = 2.2275338f0, grad_w_input_norm = 6.460495f0, effective_w_decay = 0.001f0, effective_w_input_decay = 0.001f0, symmetry_error = 0.0f0, grad_symmetry_error = 0.0f0, best_accuracy = 0.109, best_path = "ext\\IsingLearning\\experiments\\MNIST\\baseline_new_nudge\\experiments\\current\\symmetric_nudge_target_weight_grid_v3_20260609\\b0p010_lr0p0005_T0p00005_wd0p001_step0p5_pos9p0_neg0p25_priortrue_adaptivefalse\\best_checkpoint.bin", final_path = "")
epoch 4 training
epoch 4 batch 1/100 accuracy 0.1094 loss 43.192505 best_batch 0.1875 declines 1/2 trained_batches 301
epoch 4 batch 1/100 samples 128/12800 elapsed 1.0s
epoch 4 batch 2/100 accuracy 0.0938 loss 42.037289 best_batch 0.1875 declines 2/2 trained_batches 302
epoch 4 early stop: batch accuracy declined for 2 consecutive batches
epoch 4 training done in 1.989s
epoch 4 train-eval: evaluating 1000 samples
epoch 4 train accuracy 0.094 loss 42.277374
epoch 4 evaluating
epoch 4 test: evaluating 1000 samples
epoch 4 test accuracy 0.098 loss 42.11581 best 0.109
(timestamp = "2026-06-09T21:48:05", epoch = 4, seconds = 1.989334, train_accuracy = 0.094, train_loss = 42.277374f0, test_accuracy = 0.098, test_loss = 42.11581f0, pred_counts = "0-491-0-0-0-0-509-0-0-0", w_norm = 0.6782696f0, b_norm = 0.06648478f0, w_input_norm = 2.334698f0, grad_w_norm = 4.6549087f0, grad_b_norm = 0.7209378f0, grad_w_input_norm = 6.3228717f0, effective_w_decay = 0.001f0, effective_w_input_decay = 0.001f0, symmetry_error = 0.0f0, grad_symmetry_error = 0.0f0, best_accuracy = 0.109, best_path = "ext\\IsingLearning\\experiments\\MNIST\\baseline_new_nudge\\experiments\\current\\symmetric_nudge_target_weight_grid_v3_20260609\\b0p010_lr0p0005_T0p00005_wd0p001_step0p5_pos9p0_neg0p25_priortrue_adaptivefalse\\best_checkpoint.bin", final_path = "")
saved MNIST 784-120-40 softplus-margin nudge baseline in ext\IsingLearning\experiments\MNIST\baseline_new_nudge\experiments\current\symmetric_nudge_target_weight_grid_v3_20260609\b0p010_lr0p0005_T0p00005_wd0p001_step0p5_pos9p0_neg0p25_priortrue_adaptivefalse
