  Activating project at `~/Documents/GitHub/InteractiveIsing.jl/ext/IsingLearning`
Precompiling packages...
  79132.5 ms  ✓ IsingLearning
  1 dependency successfully precompiled in 81 seconds. 557 already precompiled.
┌ Warning: Overlapping GeneralState field names encountered during merge; later defaults will override earlier ones.
│   overlapping_fields =
│    2-element Vector{Symbol}:
│     :equilibrium_state
│     :x
└ @ IsingLearning.InteractiveIsing.Processes ~/Documents/GitHub/InteractiveIsing.jl/deps/Processes/src/Widgets/GeneralState.jl:54
┌ Warning: Overlapping GeneralState field names encountered during merge; later defaults will override earlier ones.
│   overlapping_fields =
│    3-element Vector{Symbol}:
│     :equilibrium_state
│     :y
│     :x
└ @ IsingLearning.InteractiveIsing.Processes ~/Documents/GitHub/InteractiveIsing.jl/deps/Processes/src/Widgets/GeneralState.jl:54
Running 2-input statistical XOR EP: (epochs = 1000, log_every = 250, minit = 4, eval_repeats = 32, hidden = 16, beta = 1.0, lr = 0.0015, weight_decay = 0.0001, temp = 0.5, stepsize = 0.05, block_size = 8, free_relaxation = 1000, nudged_relaxation = 1000, state = :continuous, dynamics = :langevin, init_mode = :random, training_rule = :ep, target_free_sign = :target_minus_free)
epoch=0 mse=1.159013 acc=0.25
    case=(false, false) input=[-1.0, -1.0] target=[1.0, -1.0] mean=[0.1959, 0.0367] std=0.66722
    case=(false, true) input=[-1.0, 1.0] target=[-1.0, 1.0] mean=[0.3026, -0.2065] std=0.57766
    case=(true, false) input=[1.0, -1.0] target=[-1.0, 1.0] mean=[-0.0505, -0.1686] std=0.60803
    case=(true, true) input=[1.0, 1.0] target=[1.0, -1.0] mean=[0.0959, 0.1463] std=0.60808
epoch=1 mse=0.992457 acc=0.5 grad=0.552775 response=0.840853 delta=0.018248
epoch=250 mse=1.045875 acc=0.25 grad=0.562815 response=0.827206 delta=0.809009
epoch=500 mse=1.020047 acc=0.5 grad=0.557624 response=0.838272 delta=1.296582
epoch=750 mse=1.012085 acc=0.5 grad=0.602226 response=0.812016 delta=1.634343
epoch=1000 mse=0.930419 acc=0.5 grad=0.599917 response=0.811416 delta=1.838452
restored best mse=1.035537 acc=0.25
    case=(false, false) input=[-1.0, -1.0] target=[1.0, -1.0] mean=[0.058, -0.0792] std=0.56852
    case=(false, true) input=[-1.0, 1.0] target=[-1.0, 1.0] mean=[0.0628, -0.0206] std=0.60486
    case=(true, false) input=[1.0, -1.0] target=[-1.0, 1.0] mean=[0.2488, 0.123] std=0.52516
    case=(true, true) input=[1.0, 1.0] target=[1.0, -1.0] mean=[-0.1062, -0.0913] std=0.60069
Saved CSV: ext/IsingLearning/runs/xor_langevin_2input_search_focused_1000/T050_s005/xor_statistical_ep_2input.csv
Saved plot: ext/IsingLearning/runs/xor_langevin_2input_search_focused_1000/T050_s005/xor_statistical_ep_2input.png
Saved graph: ext/IsingLearning/runs/xor_langevin_2input_search_focused_1000/T050_s005/xor_statistical_ep_2input_trained_graph.jld2
