[2026-05-27T01:42:03] bootstrap script started elapsed_s=0.161
[2026-05-27T01:42:03] bootstrap Pkg loaded elapsed_s=0.388
[2026-05-27T01:42:03] bootstrap project activated elapsed_s=0.052
[2026-05-27T01:42:12] bootstrap dependencies loaded elapsed_s=8.749
[2026-05-27T01:42:21] run started name=r1 radius=1 epochs=200 workers=32 threads=32 outdir=C:\Users\fenje\dev\InteractiveIsing.jl\ext\IsingLearning\experiments\MNIST\single-hidden-local-28x28-to-11x11-readout\experiments\current\20260527_014203_mnist_single_hidden_local_radius_1_to_10_e200_failed_start\r1
[2026-05-27T01:42:21] run output initialized elapsed_s=0.001
[2026-05-27T01:42:23] training data loaded elapsed_s=2.079 samples=1000 per_class=100
[2026-05-27T01:42:23] test data loaded elapsed_s=0.243 samples=200 per_class=20
[2026-05-27T01:42:26] model graph shell initialized elapsed_s=2.759 states=1729
[2026-05-27T01:42:26] model connectivity masks built elapsed_s=0.023 input_hidden=6724 hidden_hidden=484 hidden_output=4840
[2026-05-27T01:42:26] model J entries initialized elapsed_s=0.134 stored_entries=24096
[2026-05-27T01:42:26] model J pointer lookup built elapsed_s=0.056 pointers=24096
[2026-05-27T01:42:26] model edge groups built elapsed_s=0.037
[2026-05-27T01:42:26] model initialized elapsed_s=3.018 stored_entries=24096
[2026-05-27T01:42:26] source model ready elapsed_s=3.029
[2026-05-27T01:42:27] manager construction started workers=32
[2026-05-27T01:42:27] manager constructing worker worker=1 workers=32
[2026-05-27T01:42:28] worker model initialized elapsed_s=0.794 worker=1
[2026-05-27T01:42:45] worker algorithm resolved elapsed_s=16.86 worker=1
[2026-05-27T01:42:47] worker process initialized elapsed_s=2.357 worker=1
[2026-05-27T01:42:47] worker initialized elapsed_s=20.016 worker=1
[2026-05-27T01:42:47] manager constructed worker worker=1 workers=32
[2026-05-27T01:44:13] manager constructing worker worker=10 workers=32
[2026-05-27T01:44:13] worker model initialized elapsed_s=0.42 worker=10
[2026-05-27T01:44:22] worker algorithm resolved elapsed_s=8.607 worker=10
[2026-05-27T01:44:24] worker process initialized elapsed_s=1.56 worker=10
[2026-05-27T01:44:24] worker initialized elapsed_s=10.589 worker=10
[2026-05-27T01:44:24] manager constructed worker worker=10 workers=32

