[2026-05-28T13:19:39] starting old warmed diagnostic file=C:\Users\fenje\dev\InteractiveIsing.jl\ext\IsingLearning\experiments\MNIST\single-hidden-local-28x28-to-11x11-readout\mnist_local_manager_grid_OLD.jl
[2026-05-28T13:19:41] bootstrap script started elapsed_s=0.146
[2026-05-28T13:19:43] bootstrap Pkg loaded elapsed_s=2.158
[2026-05-28T13:19:43] bootstrap project activated elapsed_s=0.061
[2026-05-28T13:20:24] bootstrap dependencies loaded elapsed_s=40.079
[2026-05-28T13:20:30] run started name=old_warmup_epoch1_32w radius=8 epochs=1 workers=32 threads=32 outdir=C:\Users\fenje\dev\InteractiveIsing.jl\ext\IsingLearning\experiments\MNIST\single-hidden-local-28x28-to-11x11-readout\experiments\current\20260528_131836_old_epoch1_32w_warmup
[2026-05-28T13:20:30] run output initialized elapsed_s=0.001
[2026-05-28T13:20:32] training data loaded elapsed_s=1.273 samples=1000 per_class=100
[2026-05-28T13:20:32] test data loaded elapsed_s=0.135 samples=200 per_class=20
[2026-05-28T13:20:34] model graph shell initialized elapsed_s=1.844 states=1729
[2026-05-28T13:20:34] model connectivity masks built elapsed_s=0.021 input_hidden=163216 hidden_hidden=21904 hidden_output=4840
[2026-05-28T13:20:36] model J entries initialized elapsed_s=2.528 stored_entries=379920
[2026-05-28T13:20:36] model J pointer lookup built elapsed_s=0.089 pointers=379920
[2026-05-28T13:20:36] model edge groups built elapsed_s=0.058
[2026-05-28T13:20:36] model initialized elapsed_s=4.549 stored_entries=379920
[2026-05-28T13:20:36] source model ready elapsed_s=4.559
[2026-05-28T13:20:37] manager construction started workers=32
[2026-05-28T13:20:49] worker algorithm resolved elapsed_s=11.412
[2026-05-28T13:20:49] manager constructing worker worker=1 workers=32
[2026-05-28T13:20:50] worker model initialized elapsed_s=0.556 worker=1
[2026-05-28T13:20:51] worker process initialized elapsed_s=1.69 worker=1
[2026-05-28T13:20:51] worker initialized elapsed_s=2.249 worker=1
[2026-05-28T13:20:51] manager constructed worker worker=1 workers=32
[2026-05-28T13:20:53] manager constructing worker worker=10 workers=32
[2026-05-28T13:20:53] worker model initialized elapsed_s=0.049 worker=10
[2026-05-28T13:20:53] worker process initialized elapsed_s=0.0 worker=10
[2026-05-28T13:20:53] worker initialized elapsed_s=0.05 worker=10
[2026-05-28T13:20:53] manager constructed worker worker=10 workers=32
[2026-05-28T13:20:54] manager constructing worker worker=20 workers=32
[2026-05-28T13:20:54] worker model initialized elapsed_s=0.069 worker=20
[2026-05-28T13:20:54] worker process initialized elapsed_s=0.001 worker=20
[2026-05-28T13:20:54] worker initialized elapsed_s=0.07 worker=20
[2026-05-28T13:20:54] manager constructed worker worker=20 workers=32
[2026-05-28T13:20:54] manager constructing worker worker=30 workers=32
[2026-05-28T13:20:54] worker model initialized elapsed_s=0.049 worker=30
[2026-05-28T13:20:54] worker process initialized elapsed_s=0.0 worker=30
[2026-05-28T13:20:54] worker initialized elapsed_s=0.05 worker=30
[2026-05-28T13:20:54] manager constructed worker worker=30 workers=32
[2026-05-28T13:20:54] manager constructing worker worker=32 workers=32
[2026-05-28T13:20:54] worker model initialized elapsed_s=0.05 worker=32
[2026-05-28T13:20:54] worker process initialized elapsed_s=0.001 worker=32
[2026-05-28T13:20:54] worker initialized elapsed_s=0.051 worker=32
[2026-05-28T13:20:54] manager constructed worker worker=32 workers=32
[2026-05-28T13:20:55] manager constructed elapsed_s=17.482 workers=32
[2026-05-28T13:20:55] manager ready elapsed_s=18.187 workers=32
[2026-05-28T13:20:55] epoch started epoch=0
[2026-05-28T13:20:55] epoch evaluation started epoch=0 samples=200
[2026-05-28T13:21:59] epoch evaluation finished elapsed_s=64.214 epoch=0 test_accuracy=0.085 test_loss=41.36
[2026-05-28T13:21:59] best checkpoint saved elapsed_s=0.209 epoch=0 best_accuracy=0.085 path=C:\Users\fenje\dev\InteractiveIsing.jl\ext\IsingLearning\experiments\MNIST\single-hidden-local-28x28-to-11x11-readout\experiments\current\20260528_131836_old_epoch1_32w_warmup\best_params.bin
(timestamp = "2026-05-28T13:21:59", epoch = 0, seconds = 0.0, train_accuracy = missing, train_loss = missing, skipped = missing, test_accuracy = 0.085, test_loss = 41.36f0, pred_counts = "38-34-36-12-9-9-17-23-16-6", best_accuracy = 0.085, best_path = "C:\\Users\\fenje\\dev\\InteractiveIsing.jl\\ext\\IsingLearning\\experiments\\MNIST\\single-hidden-local-28x28-to-11x11-readout\\experiments\\current\\20260528_131836_old_epoch1_32w_warmup\\best_params.bin", final_path = "")
[2026-05-28T13:22:00] epoch finished elapsed_s=65.191 epoch=0
[2026-05-28T13:22:00] epoch started epoch=1
[2026-05-28T13:22:00] epoch training started epoch=1 batches=32 samples=1000
[2026-05-28T13:22:00] batch build started epoch=1 batch=1 batches=32 first=1 last=32
[2026-05-28T13:22:00] batch jobs built elapsed_s=0.0 epoch=1 batch=1 jobs=32
[2026-05-28T13:22:00] batch run started epoch=1 batch=1 jobs=32
[2026-05-28T13:22:00] minibatch buffers cleared elapsed_s=0.076 jobs=32
[2026-05-28T13:22:00] minibatch manager run started jobs=32 workers=32
[2026-05-28T13:22:12] minibatch manager run finished elapsed_s=11.422 jobs=32
[2026-05-28T13:22:12] minibatch optimizer update finished elapsed_s=0.383 nsamples=32 skipped=0
[2026-05-28T13:22:12] batch run finished elapsed_s=12.548 epoch=1 batch=1 nsamples=32 accuracy=0.125 loss=40.4375 skipped=0
[2026-05-28T13:23:11] batch build started epoch=1 batch=10 batches=32 first=289 last=320
[2026-05-28T13:23:11] batch jobs built elapsed_s=0.0 epoch=1 batch=10 jobs=32
[2026-05-28T13:23:11] batch run started epoch=1 batch=10 jobs=32
[2026-05-28T13:23:11] minibatch buffers cleared elapsed_s=0.005 jobs=32
[2026-05-28T13:23:11] minibatch manager run started jobs=32 workers=32
[2026-05-28T13:23:18] minibatch manager run finished elapsed_s=7.001 jobs=32
[2026-05-28T13:23:18] minibatch optimizer update finished elapsed_s=0.008 nsamples=32 skipped=0
[2026-05-28T13:23:18] batch run finished elapsed_s=7.015 epoch=1 batch=10 nsamples=32 accuracy=0.1875 loss=22.625 skipped=0
[2026-05-28T13:24:28] batch build started epoch=1 batch=20 batches=32 first=609 last=640
[2026-05-28T13:24:28] batch jobs built elapsed_s=0.0 epoch=1 batch=20 jobs=32
[2026-05-28T13:24:28] batch run started epoch=1 batch=20 jobs=32
[2026-05-28T13:24:28] minibatch buffers cleared elapsed_s=0.003 jobs=32
[2026-05-28T13:24:28] minibatch manager run started jobs=32 workers=32
[2026-05-28T13:24:36] minibatch manager run finished elapsed_s=8.166 jobs=32
[2026-05-28T13:24:36] minibatch optimizer update finished elapsed_s=0.003 nsamples=32 skipped=0
[2026-05-28T13:24:36] batch run finished elapsed_s=8.172 epoch=1 batch=20 nsamples=32 accuracy=0.0625 loss=16.4375 skipped=0
[2026-05-28T13:25:40] batch build started epoch=1 batch=30 batches=32 first=929 last=960
[2026-05-28T13:25:40] batch jobs built elapsed_s=0.0 epoch=1 batch=30 jobs=32
[2026-05-28T13:25:40] batch run started epoch=1 batch=30 jobs=32
[2026-05-28T13:25:40] minibatch buffers cleared elapsed_s=0.004 jobs=32
[2026-05-28T13:25:40] minibatch manager run started jobs=32 workers=32
[2026-05-28T13:25:47] minibatch manager run finished elapsed_s=7.256 jobs=32
[2026-05-28T13:25:47] minibatch optimizer update finished elapsed_s=0.003 nsamples=32 skipped=0
[2026-05-28T13:25:47] batch run finished elapsed_s=7.263 epoch=1 batch=30 nsamples=32 accuracy=0.125 loss=13.875 skipped=0
[2026-05-28T13:25:54] batch build started epoch=1 batch=32 batches=32 first=993 last=1000
[2026-05-28T13:25:54] batch jobs built elapsed_s=0.0 epoch=1 batch=32 jobs=8
[2026-05-28T13:25:54] batch run started epoch=1 batch=32 jobs=8
[2026-05-28T13:25:54] minibatch buffers cleared elapsed_s=0.004 jobs=8
[2026-05-28T13:25:54] minibatch manager run started jobs=8 workers=32
[2026-05-28T13:25:55] minibatch manager run finished elapsed_s=1.752 jobs=8
[2026-05-28T13:25:55] minibatch optimizer update finished elapsed_s=0.003 nsamples=8 skipped=0
[2026-05-28T13:25:55] batch run finished elapsed_s=1.759 epoch=1 batch=32 nsamples=8 accuracy=0.0 loss=14.25 skipped=0
[2026-05-28T13:25:55] epoch training finished epoch=1 elapsed_s=235.782 train_accuracy=0.103 train_loss=15.736 skipped=0
[2026-05-28T13:25:55] epoch evaluation started epoch=1 samples=200
[2026-05-28T13:27:00] epoch evaluation finished elapsed_s=64.961 epoch=1 test_accuracy=0.1 test_loss=19.2
[2026-05-28T13:27:00] best checkpoint saved elapsed_s=0.002 epoch=1 best_accuracy=0.1 path=C:\Users\fenje\dev\InteractiveIsing.jl\ext\IsingLearning\experiments\MNIST\single-hidden-local-28x28-to-11x11-readout\experiments\current\20260528_131836_old_epoch1_32w_warmup\best_params.bin
(timestamp = "2026-05-28T13:27:00", epoch = 1, seconds = 235.7820631, train_accuracy = 0.103, train_loss = 15.736f0, skipped = 0, test_accuracy = 0.1, test_loss = 19.2f0, pred_counts = "0-200-0-0-0-0-0-0-0-0", best_accuracy = 0.1, best_path = "C:\\Users\\fenje\\dev\\InteractiveIsing.jl\\ext\\IsingLearning\\experiments\\MNIST\\single-hidden-local-28x28-to-11x11-readout\\experiments\\current\\20260528_131836_old_epoch1_32w_warmup\\best_params.bin", final_path = "C:\\Users\\fenje\\dev\\InteractiveIsing.jl\\ext\\IsingLearning\\experiments\\MNIST\\single-hidden-local-28x28-to-11x11-readout\\experiments\\current\\20260528_131836_old_epoch1_32w_warmup\\final_params.bin")
[2026-05-28T13:27:01] epoch finished elapsed_s=300.92 epoch=1
[2026-05-28T13:27:01] final checkpoint saved elapsed_s=0.002 path=C:\Users\fenje\dev\InteractiveIsing.jl\ext\IsingLearning\experiments\MNIST\single-hidden-local-28x28-to-11x11-readout\experiments\current\20260528_131836_old_epoch1_32w_warmup\final_params.bin
[2026-05-28T13:27:26] plots saved elapsed_s=25.847
[2026-05-28T13:27:26] run finished elapsed_s=416.128 best_accuracy=0.1 outdir=C:\Users\fenje\dev\InteractiveIsing.jl\ext\IsingLearning\experiments\MNIST\single-hidden-local-28x28-to-11x11-readout\experiments\current\20260528_131836_old_epoch1_32w_warmup
saved local MNIST manager run in C:\Users\fenje\dev\InteractiveIsing.jl\ext\IsingLearning\experiments\MNIST\single-hidden-local-28x28-to-11x11-readout\experiments\current\20260528_131836_old_epoch1_32w_warmup
[2026-05-28T13:27:26] manager closing
[2026-05-28T13:27:27] manager closed
[2026-05-28T13:27:27] run started name=old_warmed_timing_epoch1_32w radius=8 epochs=1 workers=32 threads=32 outdir=C:\Users\fenje\dev\InteractiveIsing.jl\ext\IsingLearning\experiments\MNIST\single-hidden-local-28x28-to-11x11-readout\experiments\current\20260528_131836_old_epoch1_32w_warmed_timing
[2026-05-28T13:27:27] run output initialized elapsed_s=0.0
[2026-05-28T13:27:28] training data loaded elapsed_s=0.877 samples=1000 per_class=100
[2026-05-28T13:27:28] test data loaded elapsed_s=0.12 samples=200 per_class=20
[2026-05-28T13:27:28] model graph shell initialized elapsed_s=0.048 states=1729
[2026-05-28T13:27:28] model connectivity masks built elapsed_s=0.0 input_hidden=163216 hidden_hidden=21904 hidden_output=4840
[2026-05-28T13:27:30] model J entries initialized elapsed_s=2.299 stored_entries=379920
[2026-05-28T13:27:30] model J pointer lookup built elapsed_s=0.022 pointers=379920
[2026-05-28T13:27:30] model edge groups built elapsed_s=0.022
[2026-05-28T13:27:30] model initialized elapsed_s=2.391 stored_entries=379920
[2026-05-28T13:27:30] source model ready elapsed_s=2.391
[2026-05-28T13:27:30] manager construction started workers=32
[2026-05-28T13:27:36] worker algorithm resolved elapsed_s=5.729
[2026-05-28T13:27:36] manager constructing worker worker=1 workers=32
[2026-05-28T13:27:36] worker model initialized elapsed_s=0.048 worker=1
[2026-05-28T13:27:37] worker process initialized elapsed_s=0.94 worker=1
[2026-05-28T13:27:37] worker initialized elapsed_s=0.988 worker=1
[2026-05-28T13:27:37] manager constructed worker worker=1 workers=32
[2026-05-28T13:27:38] manager constructing worker worker=10 workers=32
[2026-05-28T13:27:38] worker model initialized elapsed_s=0.048 worker=10
[2026-05-28T13:27:38] worker process initialized elapsed_s=0.0 worker=10
[2026-05-28T13:27:38] worker initialized elapsed_s=0.049 worker=10
[2026-05-28T13:27:38] manager constructed worker worker=10 workers=32
[2026-05-28T13:27:39] manager constructing worker worker=20 workers=32
[2026-05-28T13:27:39] worker model initialized elapsed_s=0.048 worker=20
[2026-05-28T13:27:39] worker process initialized elapsed_s=0.001 worker=20
[2026-05-28T13:27:39] worker initialized elapsed_s=0.049 worker=20
[2026-05-28T13:27:39] manager constructed worker worker=20 workers=32
[2026-05-28T13:27:39] manager constructing worker worker=30 workers=32
[2026-05-28T13:27:39] worker model initialized elapsed_s=0.05 worker=30
[2026-05-28T13:27:39] worker process initialized elapsed_s=0.001 worker=30
[2026-05-28T13:27:39] worker initialized elapsed_s=0.051 worker=30
[2026-05-28T13:27:39] manager constructed worker worker=30 workers=32
[2026-05-28T13:27:39] manager constructing worker worker=32 workers=32
[2026-05-28T13:27:39] worker model initialized elapsed_s=0.049 worker=32
[2026-05-28T13:27:39] worker process initialized elapsed_s=0.001 worker=32
[2026-05-28T13:27:39] worker initialized elapsed_s=0.05 worker=32
[2026-05-28T13:27:39] manager constructed worker worker=32 workers=32
[2026-05-28T13:27:39] manager constructed elapsed_s=9.186 workers=32
[2026-05-28T13:27:39] manager ready elapsed_s=9.186 workers=32
[2026-05-28T13:27:39] epoch started epoch=0
[2026-05-28T13:27:39] epoch evaluation started epoch=0 samples=200
[2026-05-28T13:28:45] epoch evaluation finished elapsed_s=65.988 epoch=0 test_accuracy=0.1 test_loss=41.17
[2026-05-28T13:28:45] best checkpoint saved elapsed_s=0.002 epoch=0 best_accuracy=0.1 path=C:\Users\fenje\dev\InteractiveIsing.jl\ext\IsingLearning\experiments\MNIST\single-hidden-local-28x28-to-11x11-readout\experiments\current\20260528_131836_old_epoch1_32w_warmed_timing\best_params.bin
(timestamp = "2026-05-28T13:28:45", epoch = 0, seconds = 0.0, train_accuracy = missing, train_loss = missing, skipped = missing, test_accuracy = 0.1, test_loss = 41.17f0, pred_counts = "26-36-48-6-18-12-25-11-16-2", best_accuracy = 0.1, best_path = "C:\\Users\\fenje\\dev\\InteractiveIsing.jl\\ext\\IsingLearning\\experiments\\MNIST\\single-hidden-local-28x28-to-11x11-readout\\experiments\\current\\20260528_131836_old_epoch1_32w_warmed_timing\\best_params.bin", final_path = "")
[2026-05-28T13:28:45] epoch finished elapsed_s=65.998 epoch=0
[2026-05-28T13:28:45] epoch started epoch=1
[2026-05-28T13:28:45] epoch training started epoch=1 batches=32 samples=1000
[2026-05-28T13:28:45] batch build started epoch=1 batch=1 batches=32 first=1 last=32
[2026-05-28T13:28:45] batch jobs built elapsed_s=0.0 epoch=1 batch=1 jobs=32
[2026-05-28T13:28:45] batch run started epoch=1 batch=1 jobs=32
[2026-05-28T13:28:46] minibatch buffers cleared elapsed_s=0.068 jobs=32
[2026-05-28T13:28:46] minibatch manager run started jobs=32 workers=32
[2026-05-28T13:28:57] minibatch manager run finished elapsed_s=10.95 jobs=32
[2026-05-28T13:28:57] minibatch optimizer update finished elapsed_s=0.002 nsamples=32 skipped=0
[2026-05-28T13:28:57] batch run finished elapsed_s=11.27 epoch=1 batch=1 nsamples=32 accuracy=0.0625 loss=41.625 skipped=0
[2026-05-28T13:30:01] batch build started epoch=1 batch=10 batches=32 first=289 last=320
[2026-05-28T13:30:01] batch jobs built elapsed_s=0.0 epoch=1 batch=10 jobs=32
[2026-05-28T13:30:01] batch run started epoch=1 batch=10 jobs=32
[2026-05-28T13:30:01] minibatch buffers cleared elapsed_s=0.003 jobs=32
[2026-05-28T13:30:01] minibatch manager run started jobs=32 workers=32
[2026-05-28T13:30:09] minibatch manager run finished elapsed_s=7.763 jobs=32
[2026-05-28T13:30:09] minibatch optimizer update finished elapsed_s=0.003 nsamples=32 skipped=0
[2026-05-28T13:30:09] batch run finished elapsed_s=7.769 epoch=1 batch=10 nsamples=32 accuracy=0.1875 loss=18.0 skipped=0
[2026-05-28T13:31:19] batch build started epoch=1 batch=20 batches=32 first=609 last=640
[2026-05-28T13:31:19] batch jobs built elapsed_s=0.0 epoch=1 batch=20 jobs=32
[2026-05-28T13:31:19] batch run started epoch=1 batch=20 jobs=32
[2026-05-28T13:31:19] minibatch buffers cleared elapsed_s=0.004 jobs=32
[2026-05-28T13:31:19] minibatch manager run started jobs=32 workers=32
[2026-05-28T13:31:27] minibatch manager run finished elapsed_s=7.658 jobs=32
[2026-05-28T13:31:27] minibatch optimizer update finished elapsed_s=0.003 nsamples=32 skipped=0
[2026-05-28T13:31:27] batch run finished elapsed_s=7.665 epoch=1 batch=20 nsamples=32 accuracy=0.1562 loss=16.75 skipped=0
[2026-05-28T13:32:36] batch build started epoch=1 batch=30 batches=32 first=929 last=960
[2026-05-28T13:32:36] batch jobs built elapsed_s=0.0 epoch=1 batch=30 jobs=32
[2026-05-28T13:32:36] batch run started epoch=1 batch=30 jobs=32
[2026-05-28T13:32:36] minibatch buffers cleared elapsed_s=0.005 jobs=32
[2026-05-28T13:32:36] minibatch manager run started jobs=32 workers=32
[2026-05-28T13:32:44] minibatch manager run finished elapsed_s=7.657 jobs=32
[2026-05-28T13:32:44] minibatch optimizer update finished elapsed_s=0.002 nsamples=32 skipped=0
[2026-05-28T13:32:44] batch run finished elapsed_s=7.666 epoch=1 batch=30 nsamples=32 accuracy=0.125 loss=15.1875 skipped=0
[2026-05-28T13:32:51] batch build started epoch=1 batch=32 batches=32 first=993 last=1000
[2026-05-28T13:32:51] batch jobs built elapsed_s=0.0 epoch=1 batch=32 jobs=8
[2026-05-28T13:32:51] batch run started epoch=1 batch=32 jobs=8
[2026-05-28T13:32:51] minibatch buffers cleared elapsed_s=0.003 jobs=8
[2026-05-28T13:32:51] minibatch manager run started jobs=8 workers=32
[2026-05-28T13:32:54] minibatch manager run finished elapsed_s=2.235 jobs=8
[2026-05-28T13:32:54] minibatch optimizer update finished elapsed_s=0.009 nsamples=8 skipped=0
[2026-05-28T13:32:54] batch run finished elapsed_s=2.248 epoch=1 batch=32 nsamples=8 accuracy=0.25 loss=13.25 skipped=0
[2026-05-28T13:32:54] epoch training finished epoch=1 elapsed_s=248.363 train_accuracy=0.1 train_loss=16.068 skipped=0
[2026-05-28T13:32:54] epoch evaluation started epoch=1 samples=200
[2026-05-28T13:34:02] epoch evaluation finished elapsed_s=68.321 epoch=1 test_accuracy=0.095 test_loss=12.84
(timestamp = "2026-05-28T13:34:02", epoch = 1, seconds = 248.3626, train_accuracy = 0.1, train_loss = 16.068f0, skipped = 0, test_accuracy = 0.095, test_loss = 12.84f0, pred_counts = "0-196-0-0-0-0-0-0-0-4", best_accuracy = 0.1, best_path = "C:\\Users\\fenje\\dev\\InteractiveIsing.jl\\ext\\IsingLearning\\experiments\\MNIST\\single-hidden-local-28x28-to-11x11-readout\\experiments\\current\\20260528_131836_old_epoch1_32w_warmed_timing\\best_params.bin", final_path = "C:\\Users\\fenje\\dev\\InteractiveIsing.jl\\ext\\IsingLearning\\experiments\\MNIST\\single-hidden-local-28x28-to-11x11-readout\\experiments\\current\\20260528_131836_old_epoch1_32w_warmed_timing\\final_params.bin")
[2026-05-28T13:34:02] epoch finished elapsed_s=316.691 epoch=1
[2026-05-28T13:34:02] final checkpoint saved elapsed_s=0.003 path=C:\Users\fenje\dev\InteractiveIsing.jl\ext\IsingLearning\experiments\MNIST\single-hidden-local-28x28-to-11x11-readout\experiments\current\20260528_131836_old_epoch1_32w_warmed_timing\final_params.bin
[2026-05-28T13:34:02] plots saved elapsed_s=0.167
[2026-05-28T13:34:02] run finished elapsed_s=395.458 best_accuracy=0.1 outdir=C:\Users\fenje\dev\InteractiveIsing.jl\ext\IsingLearning\experiments\MNIST\single-hidden-local-28x28-to-11x11-readout\experiments\current\20260528_131836_old_epoch1_32w_warmed_timing
saved local MNIST manager run in C:\Users\fenje\dev\InteractiveIsing.jl\ext\IsingLearning\experiments\MNIST\single-hidden-local-28x28-to-11x11-readout\experiments\current\20260528_131836_old_epoch1_32w_warmed_timing
[2026-05-28T13:34:02] manager closing
[2026-05-28T13:34:02] manager closed
warmup_elapsed_seconds=416.153
measured_elapsed_seconds=395.474
[2026-05-28T13:34:03] finished old warmed diagnostic exit=0 measured_elapsed_seconds=395.474
