  Activating project at `C:\Users\fenje\dev\InteractiveIsing.jl\ext\IsingLearning`
â”Ś Warning: Overlapping GeneralState field names encountered during merge; later defaults will override earlier ones.
â”‚   overlapping_fields =
â”‚    5-element Vector{Symbol}:
â”‚     :mnist_model
â”‚     :x
â”‚     :free_state
â”‚     :free_best_energy
â”‚     :rng
â”” @ IsingLearning.InteractiveIsing.StatefulAlgorithms C:\Users\fenje\dev\InteractiveIsing.jl\deps\StatefulAlgorithms\src\Widgets\GeneralState.jl:54
â”Ś Warning: Overlapping GeneralState field names encountered during merge; later defaults will override earlier ones.
â”‚   overlapping_fields =
â”‚    6-element Vector{Symbol}:
â”‚     :mnist_model
â”‚     :x
â”‚     :y
â”‚     :free_state
â”‚     :nudged_state
â”‚     :nudged_best_energy
â”” @ IsingLearning.InteractiveIsing.StatefulAlgorithms C:\Users\fenje\dev\InteractiveIsing.jl\deps\StatefulAlgorithms\src\Widgets\GeneralState.jl:54
â”Ś Warning: Overlapping GeneralState field names encountered during merge; later defaults will override earlier ones.
â”‚   overlapping_fields =
â”‚    5-element Vector{Symbol}:
â”‚     :mnist_model
â”‚     :x
â”‚     :free_state
â”‚     :free_best_energy
â”‚     :rng
â”” @ IsingLearning.InteractiveIsing.StatefulAlgorithms C:\Users\fenje\dev\InteractiveIsing.jl\deps\StatefulAlgorithms\src\Widgets\GeneralState.jl:54
â”Ś Warning: Overlapping GeneralState field names encountered during merge; later defaults will override earlier ones.
â”‚   overlapping_fields =
â”‚    5-element Vector{Symbol}:
â”‚     :mnist_model
â”‚     :x
â”‚     :free_state
â”‚     :free_best_energy
â”‚     :rng
â”” @ IsingLearning.InteractiveIsing.StatefulAlgorithms C:\Users\fenje\dev\InteractiveIsing.jl\deps\StatefulAlgorithms\src\Widgets\GeneralState.jl:54
â”Ś Warning: Overlapping GeneralState field names encountered during merge; later defaults will override earlier ones.
â”‚   overlapping_fields =
â”‚    5-element Vector{Symbol}:
â”‚     :mnist_model
â”‚     :x
â”‚     :free_state
â”‚     :free_best_energy
â”‚     :rng
â”” @ IsingLearning.InteractiveIsing.StatefulAlgorithms C:\Users\fenje\dev\InteractiveIsing.jl\deps\StatefulAlgorithms\src\Widgets\GeneralState.jl:54
â”Ś Warning: Overlapping GeneralState field names encountered during merge; later defaults will override earlier ones.
â”‚   overlapping_fields =
â”‚    6-element Vector{Symbol}:
â”‚     :mnist_model
â”‚     :x
â”‚     :y
â”‚     :free_state
â”‚     :nudged_state
â”‚     :nudged_best_energy
â”” @ IsingLearning.InteractiveIsing.StatefulAlgorithms C:\Users\fenje\dev\InteractiveIsing.jl\deps\StatefulAlgorithms\src\Widgets\GeneralState.jl:54
â”Ś Warning: Overlapping GeneralState field names encountered during merge; later defaults will override earlier ones.
â”‚   overlapping_fields =
â”‚    5-element Vector{Symbol}:
â”‚     :mnist_model
â”‚     :x
â”‚     :free_state
â”‚     :free_best_energy
â”‚     :rng
â”” @ IsingLearning.InteractiveIsing.StatefulAlgorithms C:\Users\fenje\dev\InteractiveIsing.jl\deps\StatefulAlgorithms\src\Widgets\GeneralState.jl:54
â”Ś Warning: Overlapping GeneralState field names encountered during merge; later defaults will override earlier ones.
â”‚   overlapping_fields =
â”‚    5-element Vector{Symbol}:
â”‚     :mnist_model
â”‚     :x
â”‚     :free_state
â”‚     :free_best_energy
â”‚     :rng
â”” @ IsingLearning.InteractiveIsing.StatefulAlgorithms C:\Users\fenje\dev\InteractiveIsing.jl\deps\StatefulAlgorithms\src\Widgets\GeneralState.jl:54
