[bootstrap] activated project
[bootstrap] loaded packages
building MNIST 784-120-40 layer
loading training split
loading train-eval split
loading test split
constructing 32-worker Adam manager
restoring checkpoint state from C:\Users\fenje\dev\InteractiveIsing.jl\ext\IsingLearning\experiments\MNIST\784-120-40-baseline\experiments\current\mnist_784_120_40_adam_balanced_e300_20260527_094101\best_checkpoint.bin
constructing validation worker
starting epochs
epoch 16 training
(timestamp = "2026-05-27T14:04:36", epoch = 16, seconds = 380.5335934, train_accuracy = missing, train_loss = missing, test_accuracy = missing, test_loss = missing, pred_counts = missing, best_accuracy = 0.8826233183856502, best_path = "C:\\Users\\fenje\\dev\\InteractiveIsing.jl\\ext\\IsingLearning\\experiments\\MNIST\\784-120-40-baseline\\experiments\\current\\mnist_784_120_40_adam_resume_beta1_from_best_20260527_135731\\best_checkpoint.bin", final_path = "")
epoch 17 training
(timestamp = "2026-05-27T14:10:48", epoch = 17, seconds = 371.1829891, train_accuracy = missing, train_loss = missing, test_accuracy = missing, test_loss = missing, pred_counts = missing, best_accuracy = 0.8826233183856502, best_path = "C:\\Users\\fenje\\dev\\InteractiveIsing.jl\\ext\\IsingLearning\\experiments\\MNIST\\784-120-40-baseline\\experiments\\current\\mnist_784_120_40_adam_resume_beta1_from_best_20260527_135731\\best_checkpoint.bin", final_path = "")
epoch 18 training
(timestamp = "2026-05-27T14:17:00", epoch = 18, seconds = 372.3998875, train_accuracy = missing, train_loss = missing, test_accuracy = missing, test_loss = missing, pred_counts = missing, best_accuracy = 0.8826233183856502, best_path = "C:\\Users\\fenje\\dev\\InteractiveIsing.jl\\ext\\IsingLearning\\experiments\\MNIST\\784-120-40-baseline\\experiments\\current\\mnist_784_120_40_adam_resume_beta1_from_best_20260527_135731\\best_checkpoint.bin", final_path = "")
epoch 19 training
(timestamp = "2026-05-27T14:23:11", epoch = 19, seconds = 370.8968942, train_accuracy = missing, train_loss = missing, test_accuracy = missing, test_loss = missing, pred_counts = missing, best_accuracy = 0.8826233183856502, best_path = "C:\\Users\\fenje\\dev\\InteractiveIsing.jl\\ext\\IsingLearning\\experiments\\MNIST\\784-120-40-baseline\\experiments\\current\\mnist_784_120_40_adam_resume_beta1_from_best_20260527_135731\\best_checkpoint.bin", final_path = "")
epoch 20 training
epoch 20 evaluating
(timestamp = "2026-05-27T14:37:26", epoch = 20, seconds = 370.217201, train_accuracy = 0.672, train_loss = 9.744874f0, test_accuracy = 0.6806053811659193, test_loss = 9.524159f0, pred_counts = "935-915-810-843-2692-555-861-1105-160-44", best_accuracy = 0.8826233183856502, best_path = "C:\\Users\\fenje\\dev\\InteractiveIsing.jl\\ext\\IsingLearning\\experiments\\MNIST\\784-120-40-baseline\\experiments\\current\\mnist_784_120_40_adam_resume_beta1_from_best_20260527_135731\\best_checkpoint.bin", final_path = "")
epoch 21 training
(timestamp = "2026-05-27T14:43:39", epoch = 21, seconds = 371.9905835, train_accuracy = missing, train_loss = missing, test_accuracy = missing, test_loss = missing, pred_counts = missing, best_accuracy = 0.8826233183856502, best_path = "C:\\Users\\fenje\\dev\\InteractiveIsing.jl\\ext\\IsingLearning\\experiments\\MNIST\\784-120-40-baseline\\experiments\\current\\mnist_784_120_40_adam_resume_beta1_from_best_20260527_135731\\best_checkpoint.bin", final_path = "")
epoch 22 training
