[bootstrap] activated project
[bootstrap] loaded packages
building MNIST 784-120-40 layer
loading training split
training samples: 12800 (100 batches/epoch)
loading train-eval split
train-eval samples: 1000
loading test split
test samples: 1000
constructing 32-worker softplus-margin nudge Adam manager
constructing 32-worker validation manager
starting epochs
epoch 0 train-eval: evaluating 1000 samples
epoch 0 train accuracy 0.078 loss 74.350121
epoch 0 evaluating
epoch 0 test: evaluating 1000 samples
epoch 0 test accuracy 0.067 loss 74.256409 best 0.067
(timestamp = "2026-06-09T21:54:30", epoch = 0, seconds = 0.0, train_accuracy = 0.078, train_loss = 74.35012f0, test_accuracy = 0.067, test_loss = 74.25641f0, pred_counts = "42-161-68-78-89-46-80-253-100-83", w_norm = 0.48583895f0, b_norm = 0.0f0, w_input_norm = 1.5314544f0, grad_w_norm = 0.0f0, grad_b_norm = 0.0f0, grad_w_input_norm = 0.0f0, effective_w_decay = 0.001f0, effective_w_input_decay = 0.001f0, symmetry_error = 0.0f0, grad_symmetry_error = 0.0f0, best_accuracy = 0.067, best_path = "ext\\IsingLearning\\experiments\\MNIST\\baseline_new_nudge\\experiments\\current\\symmetric_nudge_target_weight_grid_v4_20260609\\b0p020_lr0p00025_T0p00005_wd0p001_step0p5_pos9p0_neg0p50_priortrue_adaptivefalse\\best_checkpoint.bin", final_path = "")
epoch 1 training
epoch 1 batch 1/100 accuracy 0.1094 loss 73.157944 best_batch 0.1094 declines 0/2 trained_batches 1
epoch 1 batch 1/100 samples 128/12800 elapsed 14.0s
epoch 1 batch 2/100 accuracy 0.0625 loss 70.301476 best_batch 0.1094 declines 0/2 trained_batches 2
epoch 1 batch 3/100 accuracy 0.1484 loss 66.745888 best_batch 0.1484 declines 0/2 trained_batches 3
epoch 1 batch 4/100 accuracy 0.1016 loss 64.859718 best_batch 0.1484 declines 0/2 trained_batches 4
epoch 1 batch 5/100 accuracy 0.1406 loss 59.627277 best_batch 0.1484 declines 0/2 trained_batches 5
epoch 1 batch 6/100 accuracy 0.1406 loss 55.623375 best_batch 0.1484 declines 0/2 trained_batches 6
epoch 1 batch 7/100 accuracy 0.1719 loss 51.156509 best_batch 0.1719 declines 0/2 trained_batches 7
epoch 1 batch 8/100 accuracy 0.1719 loss 44.905205 best_batch 0.1719 declines 0/2 trained_batches 8
epoch 1 batch 9/100 accuracy 0.2266 loss 40.246223 best_batch 0.2266 declines 0/2 trained_batches 9
epoch 1 batch 10/100 accuracy 0.2734 loss 36.686424 best_batch 0.2734 declines 0/2 trained_batches 10
epoch 1 batch 11/100 accuracy 0.2578 loss 33.320873 best_batch 0.2734 declines 0/2 trained_batches 11
epoch 1 batch 12/100 accuracy 0.2422 loss 31.218969 best_batch 0.2734 declines 0/2 trained_batches 12
epoch 1 batch 13/100 accuracy 0.2578 loss 29.4529 best_batch 0.2734 declines 0/2 trained_batches 13
epoch 1 batch 14/100 accuracy 0.2031 loss 28.488319 best_batch 0.2734 declines 0/2 trained_batches 14
epoch 1 batch 15/100 accuracy 0.2656 loss 26.849844 best_batch 0.2734 declines 0/2 trained_batches 15
epoch 1 batch 16/100 accuracy 0.2109 loss 26.05374 best_batch 0.2734 declines 0/2 trained_batches 16
epoch 1 batch 17/100 accuracy 0.2656 loss 25.036119 best_batch 0.2734 declines 0/2 trained_batches 17
epoch 1 batch 18/100 accuracy 0.2031 loss 25.526949 best_batch 0.2734 declines 0/2 trained_batches 18
epoch 1 batch 19/100 accuracy 0.3047 loss 22.88896 best_batch 0.3047 declines 0/2 trained_batches 19
epoch 1 batch 20/100 accuracy 0.2969 loss 22.177771 best_batch 0.3047 declines 0/2 trained_batches 20
epoch 1 batch 21/100 accuracy 0.3203 loss 21.577826 best_batch 0.3203 declines 0/2 trained_batches 21
epoch 1 batch 22/100 accuracy 0.3047 loss 22.345461 best_batch 0.3203 declines 0/2 trained_batches 22
epoch 1 batch 23/100 accuracy 0.3438 loss 22.396622 best_batch 0.3438 declines 0/2 trained_batches 23
epoch 1 batch 24/100 accuracy 0.2266 loss 21.47139 best_batch 0.3438 declines 0/2 trained_batches 24
epoch 1 batch 25/100 accuracy 0.2969 loss 20.284178 best_batch 0.3438 declines 0/2 trained_batches 25
epoch 1 batch 25/100 samples 3200/12800 elapsed 36.4s
epoch 1 batch 26/100 accuracy 0.2734 loss 20.997047 best_batch 0.3438 declines 0/2 trained_batches 26
epoch 1 batch 27/100 accuracy 0.3125 loss 19.968454 best_batch 0.3438 declines 0/2 trained_batches 27
epoch 1 batch 28/100 accuracy 0.2969 loss 20.770868 best_batch 0.3438 declines 0/2 trained_batches 28
epoch 1 batch 29/100 accuracy 0.3672 loss 20.446745 best_batch 0.3672 declines 0/2 trained_batches 29
epoch 1 batch 30/100 accuracy 0.3672 loss 20.2335 best_batch 0.3672 declines 0/2 trained_batches 30
epoch 1 batch 31/100 accuracy 0.3203 loss 21.082834 best_batch 0.3672 declines 0/2 trained_batches 31
epoch 1 batch 32/100 accuracy 0.3594 loss 21.043352 best_batch 0.3672 declines 0/2 trained_batches 32
epoch 1 batch 33/100 accuracy 0.4062 loss 21.35615 best_batch 0.4062 declines 0/2 trained_batches 33
epoch 1 batch 34/100 accuracy 0.4141 loss 20.719648 best_batch 0.4141 declines 0/2 trained_batches 34
epoch 1 batch 35/100 accuracy 0.3828 loss 21.834526 best_batch 0.4141 declines 0/2 trained_batches 35
epoch 1 batch 36/100 accuracy 0.4766 loss 22.03388 best_batch 0.4766 declines 0/2 trained_batches 36
epoch 1 batch 37/100 accuracy 0.3281 loss 22.894871 best_batch 0.4766 declines 0/2 trained_batches 37
epoch 1 batch 38/100 accuracy 0.3047 loss 23.335379 best_batch 0.4766 declines 0/2 trained_batches 38
epoch 1 batch 39/100 accuracy 0.3438 loss 22.072338 best_batch 0.4766 declines 0/2 trained_batches 39
epoch 1 batch 40/100 accuracy 0.3594 loss 21.81805 best_batch 0.4766 declines 0/2 trained_batches 40
epoch 1 batch 41/100 accuracy 0.375 loss 21.213404 best_batch 0.4766 declines 0/2 trained_batches 41
epoch 1 batch 42/100 accuracy 0.3281 loss 22.187788 best_batch 0.4766 declines 0/2 trained_batches 42
epoch 1 batch 43/100 accuracy 0.3516 loss 20.455601 best_batch 0.4766 declines 0/2 trained_batches 43
epoch 1 batch 44/100 accuracy 0.4219 loss 20.141382 best_batch 0.4766 declines 0/2 trained_batches 44
epoch 1 batch 45/100 accuracy 0.4141 loss 19.448175 best_batch 0.4766 declines 0/2 trained_batches 45
epoch 1 batch 46/100 accuracy 0.4766 loss 17.887604 best_batch 0.4766 declines 0/2 trained_batches 46
epoch 1 batch 47/100 accuracy 0.3984 loss 18.221655 best_batch 0.4766 declines 0/2 trained_batches 47
epoch 1 batch 48/100 accuracy 0.4297 loss 19.268183 best_batch 0.4766 declines 0/2 trained_batches 48
epoch 1 batch 49/100 accuracy 0.3594 loss 19.697165 best_batch 0.4766 declines 0/2 trained_batches 49
epoch 1 batch 50/100 accuracy 0.3984 loss 19.32543 best_batch 0.4766 declines 0/2 trained_batches 50
epoch 1 batch 50/100 samples 6400/12800 elapsed 61.0s
epoch 1 batch 51/100 accuracy 0.3984 loss 19.832165 best_batch 0.4766 declines 0/2 trained_batches 51
epoch 1 batch 52/100 accuracy 0.3594 loss 19.851435 best_batch 0.4766 declines 0/2 trained_batches 52
epoch 1 batch 53/100 accuracy 0.3906 loss 19.864557 best_batch 0.4766 declines 0/2 trained_batches 53
epoch 1 batch 54/100 accuracy 0.4453 loss 20.071901 best_batch 0.4766 declines 0/2 trained_batches 54
epoch 1 batch 55/100 accuracy 0.3906 loss 21.79705 best_batch 0.4766 declines 0/2 trained_batches 55
epoch 1 batch 56/100 accuracy 0.3828 loss 20.511078 best_batch 0.4766 declines 0/2 trained_batches 56
epoch 1 batch 57/100 accuracy 0.3672 loss 20.45533 best_batch 0.4766 declines 0/2 trained_batches 57
epoch 1 batch 58/100 accuracy 0.3906 loss 20.843071 best_batch 0.4766 declines 0/2 trained_batches 58
epoch 1 batch 59/100 accuracy 0.4062 loss 20.756813 best_batch 0.4766 declines 0/2 trained_batches 59
epoch 1 batch 60/100 accuracy 0.4453 loss 20.023064 best_batch 0.4766 declines 0/2 trained_batches 60
epoch 1 batch 61/100 accuracy 0.5078 loss 19.191467 best_batch 0.5078 declines 0/2 trained_batches 61
epoch 1 batch 62/100 accuracy 0.3594 loss 21.718079 best_batch 0.5078 declines 0/2 trained_batches 62
epoch 1 batch 63/100 accuracy 0.4297 loss 21.167486 best_batch 0.5078 declines 0/2 trained_batches 63
epoch 1 batch 64/100 accuracy 0.3984 loss 21.047787 best_batch 0.5078 declines 0/2 trained_batches 64
epoch 1 batch 65/100 accuracy 0.4531 loss 21.767286 best_batch 0.5078 declines 0/2 trained_batches 65
epoch 1 batch 66/100 accuracy 0.4844 loss 19.96146 best_batch 0.5078 declines 0/2 trained_batches 66
epoch 1 batch 67/100 accuracy 0.4219 loss 21.250946 best_batch 0.5078 declines 0/2 trained_batches 67
epoch 1 batch 68/100 accuracy 0.3438 loss 22.62866 best_batch 0.5078 declines 0/2 trained_batches 68
epoch 1 batch 69/100 accuracy 0.3359 loss 21.285952 best_batch 0.5078 declines 0/2 trained_batches 69
epoch 1 batch 70/100 accuracy 0.4219 loss 20.928587 best_batch 0.5078 declines 0/2 trained_batches 70
epoch 1 batch 71/100 accuracy 0.4375 loss 20.30402 best_batch 0.5078 declines 0/2 trained_batches 71
epoch 1 batch 72/100 accuracy 0.3594 loss 22.866833 best_batch 0.5078 declines 0/2 trained_batches 72
epoch 1 batch 73/100 accuracy 0.4531 loss 20.154024 best_batch 0.5078 declines 0/2 trained_batches 73
epoch 1 batch 74/100 accuracy 0.4141 loss 20.935806 best_batch 0.5078 declines 0/2 trained_batches 74
epoch 1 batch 75/100 accuracy 0.4062 loss 20.697592 best_batch 0.5078 declines 0/2 trained_batches 75
epoch 1 batch 75/100 samples 9600/12800 elapsed 86.1s
epoch 1 batch 76/100 accuracy 0.4531 loss 19.314627 best_batch 0.5078 declines 0/2 trained_batches 76
epoch 1 batch 77/100 accuracy 0.4297 loss 19.633787 best_batch 0.5078 declines 0/2 trained_batches 77
epoch 1 batch 78/100 accuracy 0.4453 loss 19.3374 best_batch 0.5078 declines 0/2 trained_batches 78
epoch 1 batch 79/100 accuracy 0.4453 loss 19.272118 best_batch 0.5078 declines 0/2 trained_batches 79
epoch 1 batch 80/100 accuracy 0.3906 loss 19.904446 best_batch 0.5078 declines 0/2 trained_batches 80
epoch 1 batch 81/100 accuracy 0.4453 loss 19.612207 best_batch 0.5078 declines 0/2 trained_batches 81
epoch 1 batch 82/100 accuracy 0.4141 loss 20.142387 best_batch 0.5078 declines 0/2 trained_batches 82
epoch 1 batch 83/100 accuracy 0.4219 loss 19.402521 best_batch 0.5078 declines 0/2 trained_batches 83
epoch 1 batch 84/100 accuracy 0.4844 loss 19.581257 best_batch 0.5078 declines 0/2 trained_batches 84
epoch 1 batch 85/100 accuracy 0.375 loss 20.92523 best_batch 0.5078 declines 0/2 trained_batches 85
epoch 1 batch 86/100 accuracy 0.4141 loss 20.121382 best_batch 0.5078 declines 0/2 trained_batches 86
epoch 1 batch 87/100 accuracy 0.4688 loss 19.525459 best_batch 0.5078 declines 0/2 trained_batches 87
epoch 1 batch 88/100 accuracy 0.4766 loss 18.613667 best_batch 0.5078 declines 0/2 trained_batches 88
epoch 1 batch 89/100 accuracy 0.4766 loss 19.359692 best_batch 0.5078 declines 0/2 trained_batches 89
epoch 1 batch 90/100 accuracy 0.4375 loss 18.879984 best_batch 0.5078 declines 0/2 trained_batches 90
epoch 1 batch 91/100 accuracy 0.5234 loss 17.874592 best_batch 0.5234 declines 0/2 trained_batches 91
epoch 1 batch 92/100 accuracy 0.4844 loss 17.178915 best_batch 0.5234 declines 0/2 trained_batches 92
epoch 1 batch 93/100 accuracy 0.5938 loss 15.278407 best_batch 0.5938 declines 0/2 trained_batches 93
epoch 1 batch 94/100 accuracy 0.5156 loss 15.865732 best_batch 0.5938 declines 0/2 trained_batches 94
epoch 1 batch 95/100 accuracy 0.4688 loss 15.869883 best_batch 0.5938 declines 0/2 trained_batches 95
epoch 1 batch 96/100 accuracy 0.4375 loss 17.015163 best_batch 0.5938 declines 0/2 trained_batches 96
epoch 1 batch 97/100 accuracy 0.5625 loss 14.588307 best_batch 0.5938 declines 0/2 trained_batches 97
epoch 1 batch 98/100 accuracy 0.5312 loss 14.255408 best_batch 0.5938 declines 0/2 trained_batches 98
epoch 1 batch 99/100 accuracy 0.4844 loss 15.019862 best_batch 0.5938 declines 0/2 trained_batches 99
epoch 1 batch 100/100 accuracy 0.5 loss 15.544512 best_batch 0.5938 declines 0/2 trained_batches 100
epoch 1 batch 100/100 samples 12800/12800 elapsed 112.1s
epoch 1 training done in 112.081s
epoch 1 train-eval: evaluating 1000 samples
epoch 1 train accuracy 0.473 loss 15.713072
epoch 1 evaluating
epoch 1 test: evaluating 1000 samples
epoch 1 test accuracy 0.479 loss 15.553007 best 0.479
(timestamp = "2026-06-09T21:56:27", epoch = 1, seconds = 112.0813663, train_accuracy = 0.473, train_loss = 15.713072f0, test_accuracy = 0.479, test_loss = 15.553007f0, pred_counts = "130-157-182-210-204-23-51-16-10-17", w_norm = 0.5449258f0, b_norm = 0.019334871f0, w_input_norm = 1.4399494f0, grad_w_norm = 20.841276f0, grad_b_norm = 2.6081038f0, grad_w_input_norm = 13.532732f0, effective_w_decay = 0.001f0, effective_w_input_decay = 0.001f0, symmetry_error = 0.0f0, grad_symmetry_error = 0.0f0, best_accuracy = 0.479, best_path = "ext\\IsingLearning\\experiments\\MNIST\\baseline_new_nudge\\experiments\\current\\symmetric_nudge_target_weight_grid_v4_20260609\\b0p020_lr0p00025_T0p00005_wd0p001_step0p5_pos9p0_neg0p50_priortrue_adaptivefalse\\best_checkpoint.bin", final_path = "")
epoch 2 training
epoch 2 batch 1/100 accuracy 0.4922 loss 15.20365 best_batch 0.5938 declines 0/2 trained_batches 101
epoch 2 batch 1/100 samples 128/12800 elapsed 1.1s
epoch 2 batch 2/100 accuracy 0.5 loss 16.018185 best_batch 0.5938 declines 0/2 trained_batches 102
epoch 2 batch 3/100 accuracy 0.4297 loss 16.759609 best_batch 0.5938 declines 0/2 trained_batches 103
epoch 2 batch 4/100 accuracy 0.4453 loss 16.519588 best_batch 0.5938 declines 0/2 trained_batches 104
epoch 2 batch 5/100 accuracy 0.4609 loss 16.686129 best_batch 0.5938 declines 0/2 trained_batches 105
epoch 2 batch 6/100 accuracy 0.4609 loss 16.278255 best_batch 0.5938 declines 0/2 trained_batches 106
epoch 2 batch 7/100 accuracy 0.5078 loss 15.986927 best_batch 0.5938 declines 0/2 trained_batches 107
epoch 2 batch 8/100 accuracy 0.4766 loss 16.276691 best_batch 0.5938 declines 0/2 trained_batches 108
epoch 2 batch 9/100 accuracy 0.4531 loss 16.2607 best_batch 0.5938 declines 0/2 trained_batches 109
epoch 2 batch 10/100 accuracy 0.4297 loss 16.092073 best_batch 0.5938 declines 0/2 trained_batches 110
epoch 2 batch 11/100 accuracy 0.3984 loss 15.746537 best_batch 0.5938 declines 0/2 trained_batches 111
epoch 2 batch 12/100 accuracy 0.4766 loss 15.399653 best_batch 0.5938 declines 0/2 trained_batches 112
epoch 2 batch 13/100 accuracy 0.4531 loss 14.910491 best_batch 0.5938 declines 0/2 trained_batches 113
epoch 2 batch 14/100 accuracy 0.5 loss 14.563677 best_batch 0.5938 declines 0/2 trained_batches 114
epoch 2 batch 15/100 accuracy 0.4297 loss 15.608521 best_batch 0.5938 declines 0/2 trained_batches 115
epoch 2 batch 16/100 accuracy 0.4844 loss 15.550891 best_batch 0.5938 declines 0/2 trained_batches 116
epoch 2 batch 17/100 accuracy 0.4922 loss 14.775074 best_batch 0.5938 declines 0/2 trained_batches 117
epoch 2 batch 18/100 accuracy 0.4531 loss 15.41208 best_batch 0.5938 declines 0/2 trained_batches 118
epoch 2 batch 19/100 accuracy 0.4844 loss 15.096174 best_batch 0.5938 declines 0/2 trained_batches 119
epoch 2 batch 20/100 accuracy 0.5 loss 15.210673 best_batch 0.5938 declines 0/2 trained_batches 120
epoch 2 batch 21/100 accuracy 0.5 loss 15.63168 best_batch 0.5938 declines 0/2 trained_batches 121
epoch 2 batch 22/100 accuracy 0.4531 loss 16.344868 best_batch 0.5938 declines 0/2 trained_batches 122
epoch 2 batch 23/100 accuracy 0.4297 loss 16.416592 best_batch 0.5938 declines 0/2 trained_batches 123
epoch 2 batch 24/100 accuracy 0.4375 loss 17.207602 best_batch 0.5938 declines 0/2 trained_batches 124
epoch 2 batch 25/100 accuracy 0.4297 loss 17.258459 best_batch 0.5938 declines 0/2 trained_batches 125
epoch 2 batch 25/100 samples 3200/12800 elapsed 28.6s
epoch 2 batch 26/100 accuracy 0.6016 loss 15.134595 best_batch 0.6016 declines 0/2 trained_batches 126
epoch 2 batch 27/100 accuracy 0.4766 loss 16.660835 best_batch 0.6016 declines 0/2 trained_batches 127
epoch 2 batch 28/100 accuracy 0.4375 loss 16.211666 best_batch 0.6016 declines 0/2 trained_batches 128
epoch 2 batch 29/100 accuracy 0.4922 loss 15.038549 best_batch 0.6016 declines 0/2 trained_batches 129
epoch 2 batch 30/100 accuracy 0.4609 loss 15.478758 best_batch 0.6016 declines 0/2 trained_batches 130
epoch 2 batch 31/100 accuracy 0.5391 loss 14.401735 best_batch 0.6016 declines 0/2 trained_batches 131
epoch 2 batch 32/100 accuracy 0.4297 loss 16.007942 best_batch 0.6016 declines 0/2 trained_batches 132
epoch 2 batch 33/100 accuracy 0.5312 loss 15.122479 best_batch 0.6016 declines 0/2 trained_batches 133
epoch 2 batch 34/100 accuracy 0.5156 loss 15.676451 best_batch 0.6016 declines 0/2 trained_batches 134
epoch 2 batch 35/100 accuracy 0.3906 loss 17.356783 best_batch 0.6016 declines 0/2 trained_batches 135
epoch 2 batch 36/100 accuracy 0.5625 loss 15.826285 best_batch 0.6016 declines 0/2 trained_batches 136
epoch 2 batch 37/100 accuracy 0.4531 loss 17.68466 best_batch 0.6016 declines 0/2 trained_batches 137
epoch 2 batch 38/100 accuracy 0.4453 loss 17.841166 best_batch 0.6016 declines 0/2 trained_batches 138
epoch 2 batch 39/100 accuracy 0.4375 loss 17.084782 best_batch 0.6016 declines 0/2 trained_batches 139
epoch 2 batch 40/100 accuracy 0.4531 loss 17.615171 best_batch 0.6016 declines 0/2 trained_batches 140
epoch 2 batch 41/100 accuracy 0.5078 loss 16.180576 best_batch 0.6016 declines 0/2 trained_batches 141
epoch 2 batch 42/100 accuracy 0.4609 loss 16.473581 best_batch 0.6016 declines 0/2 trained_batches 142
epoch 2 batch 43/100 accuracy 0.5703 loss 15.245934 best_batch 0.6016 declines 0/2 trained_batches 143
epoch 2 batch 44/100 accuracy 0.4766 loss 17.113712 best_batch 0.6016 declines 0/2 trained_batches 144
epoch 2 batch 45/100 accuracy 0.4453 loss 16.720682 best_batch 0.6016 declines 0/2 trained_batches 145
epoch 2 batch 46/100 accuracy 0.4297 loss 15.980103 best_batch 0.6016 declines 0/2 trained_batches 146
epoch 2 batch 47/100 accuracy 0.4609 loss 15.326283 best_batch 0.6016 declines 0/2 trained_batches 147
epoch 2 batch 48/100 accuracy 0.4453 loss 14.991182 best_batch 0.6016 declines 0/2 trained_batches 148
epoch 2 batch 49/100 accuracy 0.5391 loss 13.892618 best_batch 0.6016 declines 0/2 trained_batches 149
epoch 2 batch 50/100 accuracy 0.5156 loss 13.289256 best_batch 0.6016 declines 0/2 trained_batches 150
epoch 2 batch 50/100 samples 6400/12800 elapsed 53.9s
epoch 2 batch 51/100 accuracy 0.4375 loss 13.442535 best_batch 0.6016 declines 0/2 trained_batches 151
epoch 2 batch 52/100 accuracy 0.4844 loss 13.162087 best_batch 0.6016 declines 0/2 trained_batches 152
epoch 2 batch 53/100 accuracy 0.5312 loss 13.059115 best_batch 0.6016 declines 0/2 trained_batches 153
epoch 2 batch 54/100 accuracy 0.5312 loss 13.394435 best_batch 0.6016 declines 0/2 trained_batches 154
epoch 2 batch 55/100 accuracy 0.5391 loss 13.675607 best_batch 0.6016 declines 0/2 trained_batches 155
epoch 2 batch 56/100 accuracy 0.4531 loss 14.425764 best_batch 0.6016 declines 0/2 trained_batches 156
epoch 2 batch 57/100 accuracy 0.5078 loss 13.682076 best_batch 0.6016 declines 0/2 trained_batches 157
epoch 2 batch 58/100 accuracy 0.4531 loss 14.904872 best_batch 0.6016 declines 0/2 trained_batches 158
epoch 2 batch 59/100 accuracy 0.5234 loss 14.476976 best_batch 0.6016 declines 0/2 trained_batches 159
epoch 2 batch 60/100 accuracy 0.5625 loss 14.037899 best_batch 0.6016 declines 0/2 trained_batches 160
epoch 2 batch 61/100 accuracy 0.5078 loss 15.102415 best_batch 0.6016 declines 0/2 trained_batches 161
epoch 2 batch 62/100 accuracy 0.4922 loss 15.089763 best_batch 0.6016 declines 0/2 trained_batches 162
epoch 2 batch 63/100 accuracy 0.4453 loss 15.276086 best_batch 0.6016 declines 0/2 trained_batches 163
epoch 2 batch 64/100 accuracy 0.4844 loss 15.029625 best_batch 0.6016 declines 0/2 trained_batches 164
epoch 2 batch 65/100 accuracy 0.4844 loss 15.904338 best_batch 0.6016 declines 0/2 trained_batches 165
epoch 2 batch 66/100 accuracy 0.5234 loss 15.706031 best_batch 0.6016 declines 0/2 trained_batches 166
epoch 2 batch 67/100 accuracy 0.5156 loss 15.282693 best_batch 0.6016 declines 0/2 trained_batches 167
epoch 2 batch 68/100 accuracy 0.5703 loss 14.451972 best_batch 0.6016 declines 0/2 trained_batches 168
epoch 2 batch 69/100 accuracy 0.5547 loss 14.636615 best_batch 0.6016 declines 0/2 trained_batches 169
epoch 2 batch 70/100 accuracy 0.5938 loss 13.709579 best_batch 0.6016 declines 0/2 trained_batches 170
epoch 2 batch 71/100 accuracy 0.6328 loss 13.595279 best_batch 0.6328 declines 0/2 trained_batches 171
epoch 2 batch 72/100 accuracy 0.5938 loss 13.868175 best_batch 0.6328 declines 0/2 trained_batches 172
epoch 2 batch 73/100 accuracy 0.5234 loss 14.400929 best_batch 0.6328 declines 0/2 trained_batches 173
epoch 2 batch 74/100 accuracy 0.5781 loss 13.341281 best_batch 0.6328 declines 0/2 trained_batches 174
epoch 2 batch 75/100 accuracy 0.5391 loss 14.207543 best_batch 0.6328 declines 0/2 trained_batches 175
epoch 2 batch 75/100 samples 9600/12800 elapsed 79.7s
epoch 2 batch 76/100 accuracy 0.5859 loss 13.44631 best_batch 0.6328 declines 0/2 trained_batches 176
epoch 2 batch 77/100 accuracy 0.5938 loss 12.610329 best_batch 0.6328 declines 0/2 trained_batches 177
epoch 2 batch 78/100 accuracy 0.5078 loss 13.90649 best_batch 0.6328 declines 0/2 trained_batches 178
epoch 2 batch 79/100 accuracy 0.5781 loss 12.402912 best_batch 0.6328 declines 0/2 trained_batches 179
epoch 2 batch 80/100 accuracy 0.6172 loss 13.299564 best_batch 0.6328 declines 0/2 trained_batches 180
epoch 2 batch 81/100 accuracy 0.4609 loss 14.382555 best_batch 0.6328 declines 0/2 trained_batches 181
epoch 2 batch 82/100 accuracy 0.4531 loss 14.236658 best_batch 0.6328 declines 0/2 trained_batches 182
epoch 2 batch 83/100 accuracy 0.5391 loss 13.335231 best_batch 0.6328 declines 0/2 trained_batches 183
epoch 2 batch 84/100 accuracy 0.5547 loss 13.69586 best_batch 0.6328 declines 0/2 trained_batches 184
epoch 2 batch 85/100 accuracy 0.5859 loss 12.93084 best_batch 0.6328 declines 0/2 trained_batches 185
epoch 2 batch 86/100 accuracy 0.5703 loss 13.88128 best_batch 0.6328 declines 0/2 trained_batches 186
epoch 2 batch 87/100 accuracy 0.4688 loss 14.698943 best_batch 0.6328 declines 0/2 trained_batches 187
epoch 2 batch 88/100 accuracy 0.5312 loss 13.776115 best_batch 0.6328 declines 0/2 trained_batches 188
epoch 2 batch 89/100 accuracy 0.5 loss 14.6219 best_batch 0.6328 declines 0/2 trained_batches 189
epoch 2 batch 90/100 accuracy 0.5312 loss 15.322375 best_batch 0.6328 declines 0/2 trained_batches 190
epoch 2 batch 91/100 accuracy 0.5391 loss 14.601483 best_batch 0.6328 declines 0/2 trained_batches 191
epoch 2 batch 92/100 accuracy 0.5547 loss 14.787252 best_batch 0.6328 declines 0/2 trained_batches 192
epoch 2 batch 93/100 accuracy 0.4688 loss 16.477743 best_batch 0.6328 declines 0/2 trained_batches 193
epoch 2 batch 94/100 accuracy 0.4766 loss 16.542965 best_batch 0.6328 declines 0/2 trained_batches 194
epoch 2 batch 95/100 accuracy 0.4688 loss 16.104841 best_batch 0.6328 declines 0/2 trained_batches 195
epoch 2 batch 96/100 accuracy 0.4922 loss 16.473013 best_batch 0.6328 declines 0/2 trained_batches 196
epoch 2 batch 97/100 accuracy 0.4688 loss 15.961919 best_batch 0.6328 declines 0/2 trained_batches 197
epoch 2 batch 98/100 accuracy 0.5156 loss 15.780766 best_batch 0.6328 declines 0/2 trained_batches 198
epoch 2 batch 99/100 accuracy 0.4062 loss 16.136641 best_batch 0.6328 declines 0/2 trained_batches 199
epoch 2 batch 100/100 accuracy 0.4219 loss 15.637835 best_batch 0.6328 declines 0/2 trained_batches 200
epoch 2 batch 100/100 samples 12800/12800 elapsed 105.5s
epoch 2 training done in 105.475s
epoch 2 train-eval: evaluating 1000 samples
epoch 2 train accuracy 0.52 loss 15.125119
epoch 2 evaluating
epoch 2 test: evaluating 1000 samples
epoch 2 test accuracy 0.522 loss 15.002454 best 0.522
(timestamp = "2026-06-09T21:58:15", epoch = 2, seconds = 105.4745921, train_accuracy = 0.52, train_loss = 15.125119f0, test_accuracy = 0.522, test_loss = 15.002454f0, pred_counts = "125-114-124-247-188-91-72-12-12-15", w_norm = 0.5657373f0, b_norm = 0.022179862f0, w_input_norm = 1.5076575f0, grad_w_norm = 11.986396f0, grad_b_norm = 1.5734037f0, grad_w_input_norm = 8.244145f0, effective_w_decay = 0.001f0, effective_w_input_decay = 0.001f0, symmetry_error = 0.0f0, grad_symmetry_error = 0.0f0, best_accuracy = 0.522, best_path = "ext\\IsingLearning\\experiments\\MNIST\\baseline_new_nudge\\experiments\\current\\symmetric_nudge_target_weight_grid_v4_20260609\\b0p020_lr0p00025_T0p00005_wd0p001_step0p5_pos9p0_neg0p50_priortrue_adaptivefalse\\best_checkpoint.bin", final_path = "")
epoch 3 training
epoch 3 batch 1/100 accuracy 0.5547 loss 14.101146 best_batch 0.6328 declines 0/2 trained_batches 201
epoch 3 batch 1/100 samples 128/12800 elapsed 1.2s
epoch 3 batch 2/100 accuracy 0.5547 loss 14.905372 best_batch 0.6328 declines 0/2 trained_batches 202
epoch 3 batch 3/100 accuracy 0.6641 loss 12.552752 best_batch 0.6641 declines 0/2 trained_batches 203
epoch 3 batch 4/100 accuracy 0.5625 loss 14.720931 best_batch 0.6641 declines 0/2 trained_batches 204
epoch 3 batch 5/100 accuracy 0.6484 loss 12.762032 best_batch 0.6641 declines 0/2 trained_batches 205
epoch 3 batch 6/100 accuracy 0.5234 loss 14.137279 best_batch 0.6641 declines 0/2 trained_batches 206
epoch 3 batch 7/100 accuracy 0.5234 loss 13.904381 best_batch 0.6641 declines 0/2 trained_batches 207
epoch 3 batch 8/100 accuracy 0.4688 loss 14.465289 best_batch 0.6641 declines 0/2 trained_batches 208
epoch 3 batch 9/100 accuracy 0.5703 loss 13.593545 best_batch 0.6641 declines 0/2 trained_batches 209
epoch 3 batch 10/100 accuracy 0.5625 loss 14.063467 best_batch 0.6641 declines 0/2 trained_batches 210
epoch 3 batch 11/100 accuracy 0.5938 loss 13.653433 best_batch 0.6641 declines 0/2 trained_batches 211
epoch 3 batch 12/100 accuracy 0.5703 loss 13.594366 best_batch 0.6641 declines 0/2 trained_batches 212
epoch 3 batch 13/100 accuracy 0.6641 loss 12.603929 best_batch 0.6641 declines 0/2 trained_batches 213
epoch 3 batch 14/100 accuracy 0.5469 loss 13.648743 best_batch 0.6641 declines 0/2 trained_batches 214
epoch 3 batch 15/100 accuracy 0.5547 loss 13.242922 best_batch 0.6641 declines 0/2 trained_batches 215
epoch 3 batch 16/100 accuracy 0.5781 loss 13.083022 best_batch 0.6641 declines 0/2 trained_batches 216
epoch 3 batch 17/100 accuracy 0.5078 loss 13.732475 best_batch 0.6641 declines 0/2 trained_batches 217
epoch 3 batch 18/100 accuracy 0.5 loss 14.688933 best_batch 0.6641 declines 0/2 trained_batches 218
epoch 3 batch 19/100 accuracy 0.5703 loss 13.938657 best_batch 0.6641 declines 0/2 trained_batches 219
epoch 3 batch 20/100 accuracy 0.5547 loss 14.339338 best_batch 0.6641 declines 0/2 trained_batches 220
epoch 3 batch 21/100 accuracy 0.5391 loss 13.543317 best_batch 0.6641 declines 0/2 trained_batches 221
epoch 3 batch 22/100 accuracy 0.5625 loss 13.304295 best_batch 0.6641 declines 0/2 trained_batches 222
epoch 3 batch 23/100 accuracy 0.5312 loss 14.664235 best_batch 0.6641 declines 0/2 trained_batches 223
epoch 3 batch 24/100 accuracy 0.5781 loss 13.401958 best_batch 0.6641 declines 0/2 trained_batches 224
epoch 3 batch 25/100 accuracy 0.5469 loss 13.273892 best_batch 0.6641 declines 0/2 trained_batches 225
epoch 3 batch 25/100 samples 3200/12800 elapsed 27.4s
epoch 3 batch 26/100 accuracy 0.4922 loss 13.755803 best_batch 0.6641 declines 0/2 trained_batches 226
epoch 3 batch 27/100 accuracy 0.5938 loss 13.078138 best_batch 0.6641 declines 0/2 trained_batches 227
epoch 3 batch 28/100 accuracy 0.5625 loss 13.1449 best_batch 0.6641 declines 0/2 trained_batches 228
epoch 3 batch 29/100 accuracy 0.4844 loss 13.712396 best_batch 0.6641 declines 0/2 trained_batches 229
epoch 3 batch 30/100 accuracy 0.5 loss 14.085189 best_batch 0.6641 declines 0/2 trained_batches 230
epoch 3 batch 31/100 accuracy 0.5234 loss 14.075308 best_batch 0.6641 declines 0/2 trained_batches 231
epoch 3 batch 32/100 accuracy 0.5625 loss 13.563921 best_batch 0.6641 declines 0/2 trained_batches 232
epoch 3 batch 33/100 accuracy 0.5312 loss 13.496143 best_batch 0.6641 declines 0/2 trained_batches 233
epoch 3 batch 34/100 accuracy 0.5859 loss 12.531033 best_batch 0.6641 declines 0/2 trained_batches 234
epoch 3 batch 35/100 accuracy 0.5469 loss 13.088922 best_batch 0.6641 declines 0/2 trained_batches 235
epoch 3 batch 36/100 accuracy 0.6094 loss 12.894396 best_batch 0.6641 declines 0/2 trained_batches 236
epoch 3 batch 37/100 accuracy 0.5234 loss 13.872397 best_batch 0.6641 declines 0/2 trained_batches 237
epoch 3 batch 38/100 accuracy 0.5 loss 13.804407 best_batch 0.6641 declines 0/2 trained_batches 238
epoch 3 batch 39/100 accuracy 0.5625 loss 13.441025 best_batch 0.6641 declines 0/2 trained_batches 239
epoch 3 batch 40/100 accuracy 0.5234 loss 13.703457 best_batch 0.6641 declines 0/2 trained_batches 240
epoch 3 batch 41/100 accuracy 0.5234 loss 13.748094 best_batch 0.6641 declines 0/2 trained_batches 241
epoch 3 batch 42/100 accuracy 0.4766 loss 14.882057 best_batch 0.6641 declines 0/2 trained_batches 242
epoch 3 batch 43/100 accuracy 0.5703 loss 13.686415 best_batch 0.6641 declines 0/2 trained_batches 243
epoch 3 batch 44/100 accuracy 0.6172 loss 14.068249 best_batch 0.6641 declines 0/2 trained_batches 244
epoch 3 batch 45/100 accuracy 0.5625 loss 14.338739 best_batch 0.6641 declines 0/2 trained_batches 245
epoch 3 batch 46/100 accuracy 0.4844 loss 15.106558 best_batch 0.6641 declines 0/2 trained_batches 246
epoch 3 batch 47/100 accuracy 0.4922 loss 14.798008 best_batch 0.6641 declines 0/2 trained_batches 247
epoch 3 batch 48/100 accuracy 0.5156 loss 14.352161 best_batch 0.6641 declines 0/2 trained_batches 248
epoch 3 batch 49/100 accuracy 0.4922 loss 15.229895 best_batch 0.6641 declines 0/2 trained_batches 249
epoch 3 batch 50/100 accuracy 0.5391 loss 14.089603 best_batch 0.6641 declines 0/2 trained_batches 250
epoch 3 batch 50/100 samples 6400/12800 elapsed 53.8s
epoch 3 batch 51/100 accuracy 0.4375 loss 15.476619 best_batch 0.6641 declines 0/2 trained_batches 251
epoch 3 batch 52/100 accuracy 0.5938 loss 14.371208 best_batch 0.6641 declines 0/2 trained_batches 252
epoch 3 batch 53/100 accuracy 0.5625 loss 14.615586 best_batch 0.6641 declines 0/2 trained_batches 253
epoch 3 batch 54/100 accuracy 0.4062 loss 16.470039 best_batch 0.6641 declines 0/2 trained_batches 254
epoch 3 batch 55/100 accuracy 0.5312 loss 14.152179 best_batch 0.6641 declines 0/2 trained_batches 255
epoch 3 batch 56/100 accuracy 0.4531 loss 16.244265 best_batch 0.6641 declines 0/2 trained_batches 256
epoch 3 batch 57/100 accuracy 0.5312 loss 14.528776 best_batch 0.6641 declines 0/2 trained_batches 257
epoch 3 batch 58/100 accuracy 0.5625 loss 14.603238 best_batch 0.6641 declines 0/2 trained_batches 258
epoch 3 batch 59/100 accuracy 0.4766 loss 15.585833 best_batch 0.6641 declines 0/2 trained_batches 259
epoch 3 batch 60/100 accuracy 0.5469 loss 14.913275 best_batch 0.6641 declines 0/2 trained_batches 260
epoch 3 batch 61/100 accuracy 0.5 loss 15.465246 best_batch 0.6641 declines 0/2 trained_batches 261
epoch 3 batch 62/100 accuracy 0.5625 loss 14.63763 best_batch 0.6641 declines 0/2 trained_batches 262
epoch 3 batch 63/100 accuracy 0.5312 loss 14.970818 best_batch 0.6641 declines 0/2 trained_batches 263
epoch 3 batch 64/100 accuracy 0.5156 loss 15.450037 best_batch 0.6641 declines 0/2 trained_batches 264
epoch 3 batch 65/100 accuracy 0.4922 loss 15.668756 best_batch 0.6641 declines 0/2 trained_batches 265
epoch 3 batch 66/100 accuracy 0.5859 loss 14.3512 best_batch 0.6641 declines 0/2 trained_batches 266
epoch 3 batch 67/100 accuracy 0.5234 loss 14.254756 best_batch 0.6641 declines 0/2 trained_batches 267
epoch 3 batch 68/100 accuracy 0.5703 loss 13.878632 best_batch 0.6641 declines 0/2 trained_batches 268
epoch 3 batch 69/100 accuracy 0.5547 loss 14.888036 best_batch 0.6641 declines 0/2 trained_batches 269
epoch 3 batch 70/100 accuracy 0.4766 loss 15.353302 best_batch 0.6641 declines 0/2 trained_batches 270
epoch 3 batch 71/100 accuracy 0.5781 loss 13.946395 best_batch 0.6641 declines 0/2 trained_batches 271
epoch 3 batch 72/100 accuracy 0.625 loss 13.695644 best_batch 0.6641 declines 0/2 trained_batches 272
epoch 3 batch 73/100 accuracy 0.5156 loss 14.698429 best_batch 0.6641 declines 0/2 trained_batches 273
epoch 3 batch 74/100 accuracy 0.5625 loss 14.397174 best_batch 0.6641 declines 0/2 trained_batches 274
epoch 3 batch 75/100 accuracy 0.5156 loss 14.464631 best_batch 0.6641 declines 0/2 trained_batches 275
epoch 3 batch 75/100 samples 9600/12800 elapsed 80.6s
epoch 3 batch 76/100 accuracy 0.5547 loss 13.709504 best_batch 0.6641 declines 0/2 trained_batches 276
epoch 3 batch 77/100 accuracy 0.5859 loss 13.583075 best_batch 0.6641 declines 0/2 trained_batches 277
epoch 3 batch 78/100 accuracy 0.5391 loss 13.862184 best_batch 0.6641 declines 0/2 trained_batches 278
epoch 3 batch 79/100 accuracy 0.5391 loss 14.247123 best_batch 0.6641 declines 0/2 trained_batches 279
epoch 3 batch 80/100 accuracy 0.5625 loss 14.046876 best_batch 0.6641 declines 0/2 trained_batches 280
epoch 3 batch 81/100 accuracy 0.5234 loss 14.354493 best_batch 0.6641 declines 0/2 trained_batches 281
epoch 3 batch 82/100 accuracy 0.5859 loss 13.780707 best_batch 0.6641 declines 0/2 trained_batches 282
epoch 3 batch 83/100 accuracy 0.4766 loss 14.68668 best_batch 0.6641 declines 0/2 trained_batches 283
epoch 3 batch 84/100 accuracy 0.5703 loss 13.879139 best_batch 0.6641 declines 0/2 trained_batches 284
epoch 3 batch 85/100 accuracy 0.625 loss 13.103849 best_batch 0.6641 declines 0/2 trained_batches 285
epoch 3 batch 86/100 accuracy 0.5781 loss 14.070985 best_batch 0.6641 declines 0/2 trained_batches 286
epoch 3 batch 87/100 accuracy 0.5781 loss 14.676727 best_batch 0.6641 declines 0/2 trained_batches 287
epoch 3 batch 88/100 accuracy 0.4766 loss 15.055471 best_batch 0.6641 declines 0/2 trained_batches 288
epoch 3 batch 89/100 accuracy 0.5234 loss 14.307408 best_batch 0.6641 declines 0/2 trained_batches 289
epoch 3 batch 90/100 accuracy 0.5938 loss 14.178687 best_batch 0.6641 declines 0/2 trained_batches 290
epoch 3 batch 91/100 accuracy 0.5391 loss 14.471251 best_batch 0.6641 declines 0/2 trained_batches 291
epoch 3 batch 92/100 accuracy 0.6562 loss 13.407804 best_batch 0.6641 declines 0/2 trained_batches 292
epoch 3 batch 93/100 accuracy 0.5469 loss 13.918333 best_batch 0.6641 declines 0/2 trained_batches 293
epoch 3 batch 94/100 accuracy 0.5 loss 14.514196 best_batch 0.6641 declines 0/2 trained_batches 294
epoch 3 batch 95/100 accuracy 0.5938 loss 14.186838 best_batch 0.6641 declines 0/2 trained_batches 295
epoch 3 batch 96/100 accuracy 0.5469 loss 14.120768 best_batch 0.6641 declines 0/2 trained_batches 296
epoch 3 batch 97/100 accuracy 0.5391 loss 14.236731 best_batch 0.6641 declines 0/2 trained_batches 297
epoch 3 batch 98/100 accuracy 0.5703 loss 13.604143 best_batch 0.6641 declines 0/2 trained_batches 298
epoch 3 batch 99/100 accuracy 0.4453 loss 14.527321 best_batch 0.6641 declines 0/2 trained_batches 299
epoch 3 batch 100/100 accuracy 0.6484 loss 12.660571 best_batch 0.6641 declines 0/2 trained_batches 300
epoch 3 batch 100/100 samples 12800/12800 elapsed 107.1s
epoch 3 training done in 107.148s
epoch 3 train-eval: evaluating 1000 samples
epoch 3 train accuracy 0.557 loss 13.646853
epoch 3 evaluating
epoch 3 test: evaluating 1000 samples
epoch 3 test accuracy 0.565 loss 13.490842 best 0.565
(timestamp = "2026-06-09T22:00:06", epoch = 3, seconds = 107.1477536, train_accuracy = 0.557, train_loss = 13.646853f0, test_accuracy = 0.565, test_loss = 13.490842f0, pred_counts = "144-146-149-198-133-68-97-21-24-20", w_norm = 0.58594733f0, b_norm = 0.027418332f0, w_input_norm = 1.5748336f0, grad_w_norm = 7.9253464f0, grad_b_norm = 1.0151416f0, grad_w_input_norm = 6.676762f0, effective_w_decay = 0.001f0, effective_w_input_decay = 0.001f0, symmetry_error = 0.0f0, grad_symmetry_error = 0.0f0, best_accuracy = 0.565, best_path = "ext\\IsingLearning\\experiments\\MNIST\\baseline_new_nudge\\experiments\\current\\symmetric_nudge_target_weight_grid_v4_20260609\\b0p020_lr0p00025_T0p00005_wd0p001_step0p5_pos9p0_neg0p50_priortrue_adaptivefalse\\best_checkpoint.bin", final_path = "")
epoch 4 training
epoch 4 batch 1/100 accuracy 0.5391 loss 13.834274 best_batch 0.6641 declines 1/2 trained_batches 301
epoch 4 batch 1/100 samples 128/12800 elapsed 1.2s
epoch 4 batch 2/100 accuracy 0.6094 loss 13.400662 best_batch 0.6641 declines 0/2 trained_batches 302
epoch 4 batch 3/100 accuracy 0.5469 loss 13.481618 best_batch 0.6641 declines 1/2 trained_batches 303
epoch 4 batch 4/100 accuracy 0.5625 loss 13.308231 best_batch 0.6641 declines 0/2 trained_batches 304
epoch 4 batch 5/100 accuracy 0.6094 loss 13.375547 best_batch 0.6641 declines 0/2 trained_batches 305
epoch 4 batch 6/100 accuracy 0.5547 loss 13.864806 best_batch 0.6641 declines 1/2 trained_batches 306
epoch 4 batch 7/100 accuracy 0.5234 loss 13.600423 best_batch 0.6641 declines 2/2 trained_batches 307
epoch 4 early stop: batch accuracy declined for 2 consecutive batches
epoch 4 training done in 7.634s
epoch 4 train-eval: evaluating 1000 samples
epoch 4 train accuracy 0.563 loss 13.399442
epoch 4 evaluating
epoch 4 test: evaluating 1000 samples
epoch 4 test accuracy 0.56 loss 13.142413 best 0.565
(timestamp = "2026-06-09T22:00:17", epoch = 4, seconds = 7.6337875, train_accuracy = 0.563, train_loss = 13.399442f0, test_accuracy = 0.56, test_loss = 13.142413f0, pred_counts = "154-149-154-155-165-69-85-24-22-23", w_norm = 0.5874439f0, b_norm = 0.027723273f0, w_input_norm = 1.5783626f0, grad_w_norm = 6.02243f0, grad_b_norm = 0.8355581f0, grad_w_input_norm = 4.913394f0, effective_w_decay = 0.001f0, effective_w_input_decay = 0.001f0, symmetry_error = 0.0f0, grad_symmetry_error = 0.0f0, best_accuracy = 0.565, best_path = "ext\\IsingLearning\\experiments\\MNIST\\baseline_new_nudge\\experiments\\current\\symmetric_nudge_target_weight_grid_v4_20260609\\b0p020_lr0p00025_T0p00005_wd0p001_step0p5_pos9p0_neg0p50_priortrue_adaptivefalse\\best_checkpoint.bin", final_path = "")
saved MNIST 784-120-40 softplus-margin nudge baseline in ext\IsingLearning\experiments\MNIST\baseline_new_nudge\experiments\current\symmetric_nudge_target_weight_grid_v4_20260609\b0p020_lr0p00025_T0p00005_wd0p001_step0p5_pos9p0_neg0p50_priortrue_adaptivefalse
