[bootstrap] activated project
[bootstrap] loaded packages
building MNIST 784-120-40 layer
loading training split
training samples: 12800 (100 batches/epoch)
loading train-eval split
train-eval samples: 1000
loading test split
test samples: 1000
constructing 32-worker softplus-margin nudge Adam manager
constructing 32-worker validation manager
starting epochs
epoch 0 train-eval: evaluating 1000 samples
epoch 0 train accuracy 0.059 loss 74.938103
epoch 0 evaluating
epoch 0 test: evaluating 1000 samples
epoch 0 test accuracy 0.061 loss 73.739189 best 0.061
(timestamp = "2026-06-09T17:44:31", epoch = 0, seconds = 0.0, train_accuracy = 0.059, train_loss = 74.9381f0, test_accuracy = 0.061, test_loss = 73.73919f0, pred_counts = "40-178-82-63-68-50-82-248-89-100", w_norm = 0.48583895f0, b_norm = 0.0f0, w_input_norm = 1.5314544f0, grad_w_norm = 0.0f0, grad_b_norm = 0.0f0, grad_w_input_norm = 0.0f0, effective_w_decay = 0.0003f0, effective_w_input_decay = 0.0003f0, symmetry_error = 0.0f0, grad_symmetry_error = 0.0f0, best_accuracy = 0.061, best_path = "ext\\IsingLearning\\experiments\\MNIST\\baseline_new_nudge\\experiments\\current\\focus_grid_weight_decay_20260609\\b0p2_T0p00005_wd0p0003_adaptivefalse\\best_checkpoint.bin", final_path = "")
epoch 1 training
epoch 1 batch 1/100 samples 128/12800 elapsed 8.7s
epoch 1 batch 25/100 samples 3200/12800 elapsed 17.9s
epoch 1 batch 50/100 samples 6400/12800 elapsed 26.9s
epoch 1 batch 75/100 samples 9600/12800 elapsed 36.0s
epoch 1 batch 100/100 samples 12800/12800 elapsed 45.3s
epoch 1 training done in 45.307s
epoch 1 train-eval: evaluating 1000 samples
epoch 1 train accuracy 0.442 loss 23.44677
epoch 1 evaluating
epoch 1 test: evaluating 1000 samples
epoch 1 test accuracy 0.446 loss 23.399544 best 0.446
(timestamp = "2026-06-09T17:45:20", epoch = 1, seconds = 45.3065813, train_accuracy = 0.442, train_loss = 23.44677f0, test_accuracy = 0.446, test_loss = 23.399544f0, pred_counts = "83-86-107-287-174-0-64-38-0-161", w_norm = 1.9517967f0, b_norm = 0.10901162f0, w_input_norm = 3.590921f0, grad_w_norm = 3.163863f0, grad_b_norm = 0.5572355f0, grad_w_input_norm = 4.4323773f0, effective_w_decay = 0.0003f0, effective_w_input_decay = 0.0003f0, symmetry_error = 0.0f0, grad_symmetry_error = 0.0f0, best_accuracy = 0.446, best_path = "ext\\IsingLearning\\experiments\\MNIST\\baseline_new_nudge\\experiments\\current\\focus_grid_weight_decay_20260609\\b0p2_T0p00005_wd0p0003_adaptivefalse\\best_checkpoint.bin", final_path = "")
epoch 2 training
epoch 2 batch 1/100 samples 128/12800 elapsed 0.4s
epoch 2 batch 25/100 samples 3200/12800 elapsed 9.5s
epoch 2 batch 50/100 samples 6400/12800 elapsed 19.0s
epoch 2 batch 75/100 samples 9600/12800 elapsed 28.5s
epoch 2 batch 100/100 samples 12800/12800 elapsed 37.9s
epoch 2 training done in 37.906s
epoch 2 train-eval: evaluating 1000 samples
epoch 2 train accuracy 0.357 loss 27.123999
epoch 2 evaluating
epoch 2 test: evaluating 1000 samples
epoch 2 test accuracy 0.389 loss 27.185223 best 0.446
(timestamp = "2026-06-09T17:46:01", epoch = 2, seconds = 37.9056506, train_accuracy = 0.357, train_loss = 27.123999f0, test_accuracy = 0.389, test_loss = 27.185223f0, pred_counts = "44-58-81-451-141-1-78-35-0-111", w_norm = 2.3251638f0, b_norm = 0.12381318f0, w_input_norm = 4.2537937f0, grad_w_norm = 0.50560504f0, grad_b_norm = 0.080929f0, grad_w_input_norm = 0.54529214f0, effective_w_decay = 0.0003f0, effective_w_input_decay = 0.0003f0, symmetry_error = 0.0f0, grad_symmetry_error = 0.0f0, best_accuracy = 0.446, best_path = "ext\\IsingLearning\\experiments\\MNIST\\baseline_new_nudge\\experiments\\current\\focus_grid_weight_decay_20260609\\b0p2_T0p00005_wd0p0003_adaptivefalse\\best_checkpoint.bin", final_path = "")
epoch 3 training
epoch 3 batch 1/100 samples 128/12800 elapsed 0.4s
epoch 3 batch 25/100 samples 3200/12800 elapsed 9.5s
epoch 3 batch 50/100 samples 6400/12800 elapsed 19.4s
epoch 3 batch 75/100 samples 9600/12800 elapsed 29.3s
epoch 3 batch 100/100 samples 12800/12800 elapsed 39.3s
epoch 3 training done in 39.285s
epoch 3 train-eval: evaluating 1000 samples
epoch 3 train accuracy 0.443 loss 24.354544
epoch 3 evaluating
epoch 3 test: evaluating 1000 samples
epoch 3 test accuracy 0.46 loss 23.459579 best 0.46
(timestamp = "2026-06-09T17:46:44", epoch = 3, seconds = 39.2850338, train_accuracy = 0.443, train_loss = 24.354544f0, test_accuracy = 0.46, test_loss = 23.45958f0, pred_counts = "78-93-112-313-134-0-91-69-0-110", w_norm = 2.5216246f0, b_norm = 0.13087857f0, w_input_norm = 4.645012f0, grad_w_norm = 2.3989317f0, grad_b_norm = 0.39748222f0, grad_w_input_norm = 2.3426988f0, effective_w_decay = 0.0003f0, effective_w_input_decay = 0.0003f0, symmetry_error = 0.0f0, grad_symmetry_error = 0.0f0, best_accuracy = 0.46, best_path = "ext\\IsingLearning\\experiments\\MNIST\\baseline_new_nudge\\experiments\\current\\focus_grid_weight_decay_20260609\\b0p2_T0p00005_wd0p0003_adaptivefalse\\best_checkpoint.bin", final_path = "")
epoch 4 training
epoch 4 batch 1/100 samples 128/12800 elapsed 0.4s
epoch 4 batch 25/100 samples 3200/12800 elapsed 10.1s
epoch 4 batch 50/100 samples 6400/12800 elapsed 19.8s
epoch 4 batch 75/100 samples 9600/12800 elapsed 29.6s
epoch 4 batch 100/100 samples 12800/12800 elapsed 39.3s
epoch 4 training done in 39.262s
epoch 4 train-eval: evaluating 1000 samples
epoch 4 train accuracy 0.412 loss 26.91511
epoch 4 evaluating
epoch 4 test: evaluating 1000 samples
epoch 4 test accuracy 0.426 loss 26.781733 best 0.46
(timestamp = "2026-06-09T17:47:26", epoch = 4, seconds = 39.2622815, train_accuracy = 0.412, train_loss = 26.91511f0, test_accuracy = 0.426, test_loss = 26.781733f0, pred_counts = "83-106-89-375-109-0-78-62-0-98", w_norm = 2.723602f0, b_norm = 0.14173202f0, w_input_norm = 4.9703636f0, grad_w_norm = 2.0833118f0, grad_b_norm = 0.31617647f0, grad_w_input_norm = 1.7158426f0, effective_w_decay = 0.0003f0, effective_w_input_decay = 0.0003f0, symmetry_error = 0.0f0, grad_symmetry_error = 0.0f0, best_accuracy = 0.46, best_path = "ext\\IsingLearning\\experiments\\MNIST\\baseline_new_nudge\\experiments\\current\\focus_grid_weight_decay_20260609\\b0p2_T0p00005_wd0p0003_adaptivefalse\\best_checkpoint.bin", final_path = "")
epoch 5 training
epoch 5 batch 1/100 samples 128/12800 elapsed 0.5s
epoch 5 batch 25/100 samples 3200/12800 elapsed 9.5s
epoch 5 batch 50/100 samples 6400/12800 elapsed 19.2s
epoch 5 batch 75/100 samples 9600/12800 elapsed 29.5s
epoch 5 batch 100/100 samples 12800/12800 elapsed 39.6s
epoch 5 training done in 39.588s
epoch 5 train-eval: evaluating 1000 samples
epoch 5 train accuracy 0.417 loss 27.274788
epoch 5 evaluating
epoch 5 test: evaluating 1000 samples
epoch 5 test accuracy 0.401 loss 28.144684 best 0.46
epoch 5 early stop: test accuracy declined for 2 consecutive evaluated epochs
(timestamp = "2026-06-09T17:48:09", epoch = 5, seconds = 39.5883785, train_accuracy = 0.417, train_loss = 27.274788f0, test_accuracy = 0.401, test_loss = 28.144684f0, pred_counts = "106-72-76-276-154-0-73-117-0-126", w_norm = 2.9569893f0, b_norm = 0.15795504f0, w_input_norm = 5.2433634f0, grad_w_norm = 0.7158596f0, grad_b_norm = 0.1198776f0, grad_w_input_norm = 0.90771574f0, effective_w_decay = 0.0003f0, effective_w_input_decay = 0.0003f0, symmetry_error = 0.0f0, grad_symmetry_error = 0.0f0, best_accuracy = 0.46, best_path = "ext\\IsingLearning\\experiments\\MNIST\\baseline_new_nudge\\experiments\\current\\focus_grid_weight_decay_20260609\\b0p2_T0p00005_wd0p0003_adaptivefalse\\best_checkpoint.bin", final_path = "")
saved MNIST 784-120-40 softplus-margin nudge baseline in ext\IsingLearning\experiments\MNIST\baseline_new_nudge\experiments\current\focus_grid_weight_decay_20260609\b0p2_T0p00005_wd0p0003_adaptivefalse
