[2026-05-29T11:39:32] collapse watchdog started poll_seconds=60 collapse_window=3 chance=0.105 single_class_fraction=0.95
[2026-05-29T11:39:32] active sweep=400 epoch=1 acc=0.1 pred=0-0-0-0-0-200-0-0-0-0
[2026-05-29T11:40:32] active sweep=400 epoch=1 acc=0.1 pred=0-0-0-0-0-200-0-0-0-0
[2026-05-29T11:41:32] active sweep=400 epoch=1 acc=0.1 pred=0-0-0-0-0-200-0-0-0-0
[2026-05-29T11:42:32] active sweep=400 epoch=2 acc=0.1 pred=0-200-0-0-0-0-0-0-0-0
[2026-05-29T11:43:32] active sweep=400 epoch=2 acc=0.1 pred=0-200-0-0-0-0-0-0-0-0
[2026-05-29T11:44:32] active sweep=400 epoch=3 acc=0.1 pred=200-0-0-0-0-0-0-0-0-0
[2026-05-29T11:44:32] marked collapsed sweep=400 metrics=C:\Users\fenje\dev\InteractiveIsing.jl\ext\IsingLearning\experiments\MNIST\single-hidden-local-28x28-to-11x11-readout\experiments\current\20260529_mnist_single_hidden_local_r8_high_sweeps_e30_32w\s400\r8_beta5p0_e30\metrics.csv
[2026-05-29T11:44:37] stopping launcher pid=1022152
[2026-05-29T11:44:42] starting remaining high-sweep launcher sweeps=800,1200
[2026-05-29T11:45:42] no active metrics file; reported=150,250,400
[2026-05-29T11:46:10] collapse watchdog started poll_seconds=60 collapse_window=3 chance=0.105 single_class_fraction=0.95
[2026-05-29T11:46:10] active sweep=800 epoch=0 acc=0.09 pred=37-36-38-8-8-11-28-23-9-2
[2026-05-29T11:47:10] active sweep=800 epoch=0 acc=0.09 pred=37-36-38-8-8-11-28-23-9-2
[2026-05-29T11:48:10] active sweep=800 epoch=0 acc=0.09 pred=37-36-38-8-8-11-28-23-9-2
[2026-05-29T11:49:10] active sweep=800 epoch=1 acc=0.1 pred=0-0-0-200-0-0-0-0-0-0
[2026-05-29T11:50:10] active sweep=800 epoch=1 acc=0.1 pred=0-0-0-200-0-0-0-0-0-0
[2026-05-29T11:51:10] active sweep=800 epoch=2 acc=0.1 pred=0-0-200-0-0-0-0-0-0-0
[2026-05-29T11:52:10] active sweep=800 epoch=2 acc=0.1 pred=0-0-200-0-0-0-0-0-0-0
[2026-05-29T11:53:10] active sweep=800 epoch=3 acc=0.1 pred=200-0-0-0-0-0-0-0-0-0
[2026-05-29T11:53:10] marked collapsed sweep=800 metrics=C:\Users\fenje\dev\InteractiveIsing.jl\ext\IsingLearning\experiments\MNIST\single-hidden-local-28x28-to-11x11-readout\experiments\current\20260529_mnist_single_hidden_local_r8_high_sweeps_e30_32w\s800\r8_beta5p0_e30\metrics.csv
[2026-05-29T11:53:14] stopping launcher pid=1068948
[2026-05-29T11:53:19] starting remaining high-sweep launcher sweeps=1200
[2026-05-29T11:54:19] no active metrics file; reported=150,250,400,800
[2026-05-29T11:55:19] active sweep=1200 epoch=0 acc=0.125 pred=37-41-37-3-6-8-32-25-10-1
[2026-05-29T11:56:19] active sweep=1200 epoch=0 acc=0.125 pred=37-41-37-3-6-8-32-25-10-1
[2026-05-29T11:57:20] active sweep=1200 epoch=0 acc=0.125 pred=37-41-37-3-6-8-32-25-10-1
[2026-05-29T11:58:20] active sweep=1200 epoch=1 acc=0.1 pred=0-0-0-0-0-0-0-200-0-0
[2026-05-29T11:59:20] active sweep=1200 epoch=1 acc=0.1 pred=0-0-0-0-0-0-0-200-0-0
[2026-05-29T12:00:20] active sweep=1200 epoch=1 acc=0.1 pred=0-0-0-0-0-0-0-200-0-0
[2026-05-29T12:01:20] active sweep=1200 epoch=1 acc=0.1 pred=0-0-0-0-0-0-0-200-0-0
[2026-05-29T12:02:20] active sweep=1200 epoch=2 acc=0.1 pred=200-0-0-0-0-0-0-0-0-0
[2026-05-29T12:03:20] active sweep=1200 epoch=2 acc=0.1 pred=200-0-0-0-0-0-0-0-0-0
[2026-05-29T12:04:20] active sweep=1200 epoch=2 acc=0.1 pred=200-0-0-0-0-0-0-0-0-0
[2026-05-29T12:05:20] active sweep=1200 epoch=2 acc=0.1 pred=200-0-0-0-0-0-0-0-0-0
[2026-05-29T12:06:20] active sweep=1200 epoch=3 acc=0.1 pred=200-0-0-0-0-0-0-0-0-0
[2026-05-29T12:06:20] marked collapsed sweep=1200 metrics=C:\Users\fenje\dev\InteractiveIsing.jl\ext\IsingLearning\experiments\MNIST\single-hidden-local-28x28-to-11x11-readout\experiments\current\20260529_mnist_single_hidden_local_r8_high_sweeps_e30_32w\s1200\r8_beta5p0_e30\metrics.csv
[2026-05-29T12:06:24] stopping launcher pid=1068844
[2026-05-29T12:06:29] no remaining high-sweep runs
[2026-05-29T12:07:29] all high-sweep rows reported; watchdog exiting
