[bootstrap] activated project
[bootstrap] loaded packages
building MNIST 784-120-40 layer
loading training split
loading train-eval split
loading test split
constructing 16-worker Adam manager
constructing 16-worker validation manager
starting epochs
epoch 0 evaluating
(timestamp = "2026-06-05T23:31:09", epoch = 0, seconds = 0.0, train_accuracy = 0.105, train_loss = 16.602106f0, test_accuracy = 0.115, test_loss = 16.050476f0, pred_counts = "25-17-15-24-21-29-20-18-18-13", best_accuracy = 0.115, best_path = "C:\\Users\\fenje\\dev\\InteractiveIsing.jl\\ext\\IsingLearning\\experiments\\MNIST\\locally-connected-6x6-window-replication\\experiments\\current\\20260605_233018_mnist_lcl_6x6_stride1_diagnostic_e20\\best_checkpoint.bin", final_path = "")
epoch 1 training
(timestamp = "2026-06-05T23:31:16", epoch = 1, seconds = 5.9628361, train_accuracy = missing, train_loss = missing, test_accuracy = missing, test_loss = missing, pred_counts = missing, best_accuracy = 0.115, best_path = "C:\\Users\\fenje\\dev\\InteractiveIsing.jl\\ext\\IsingLearning\\experiments\\MNIST\\locally-connected-6x6-window-replication\\experiments\\current\\20260605_233018_mnist_lcl_6x6_stride1_diagnostic_e20\\best_checkpoint.bin", final_path = "")
epoch 2 training
epoch 2 evaluating
(timestamp = "2026-06-05T23:31:16", epoch = 2, seconds = 0.1831969, train_accuracy = 0.09, train_loss = 13.999128f0, test_accuracy = 0.11, test_loss = 13.583573f0, pred_counts = "22-16-19-22-12-32-17-15-28-17", best_accuracy = 0.115, best_path = "C:\\Users\\fenje\\dev\\InteractiveIsing.jl\\ext\\IsingLearning\\experiments\\MNIST\\locally-connected-6x6-window-replication\\experiments\\current\\20260605_233018_mnist_lcl_6x6_stride1_diagnostic_e20\\best_checkpoint.bin", final_path = "")
epoch 3 training
(timestamp = "2026-06-05T23:31:16", epoch = 3, seconds = 0.167017, train_accuracy = missing, train_loss = missing, test_accuracy = missing, test_loss = missing, pred_counts = missing, best_accuracy = 0.115, best_path = "C:\\Users\\fenje\\dev\\InteractiveIsing.jl\\ext\\IsingLearning\\experiments\\MNIST\\locally-connected-6x6-window-replication\\experiments\\current\\20260605_233018_mnist_lcl_6x6_stride1_diagnostic_e20\\best_checkpoint.bin", final_path = "")
epoch 4 training
epoch 4 evaluating
(timestamp = "2026-06-05T23:31:16", epoch = 4, seconds = 0.1817817, train_accuracy = 0.085, train_loss = 8.800518f0, test_accuracy = 0.1, test_loss = 7.9479346f0, pred_counts = "14-12-8-26-18-38-12-21-34-17", best_accuracy = 0.115, best_path = "C:\\Users\\fenje\\dev\\InteractiveIsing.jl\\ext\\IsingLearning\\experiments\\MNIST\\locally-connected-6x6-window-replication\\experiments\\current\\20260605_233018_mnist_lcl_6x6_stride1_diagnostic_e20\\best_checkpoint.bin", final_path = "")
epoch 5 training
(timestamp = "2026-06-05T23:31:17", epoch = 5, seconds = 0.1815626, train_accuracy = missing, train_loss = missing, test_accuracy = missing, test_loss = missing, pred_counts = missing, best_accuracy = 0.115, best_path = "C:\\Users\\fenje\\dev\\InteractiveIsing.jl\\ext\\IsingLearning\\experiments\\MNIST\\locally-connected-6x6-window-replication\\experiments\\current\\20260605_233018_mnist_lcl_6x6_stride1_diagnostic_e20\\best_checkpoint.bin", final_path = "")
epoch 6 training
epoch 6 evaluating
(timestamp = "2026-06-05T23:31:17", epoch = 6, seconds = 0.1668498, train_accuracy = 0.085, train_loss = 4.7628827f0, test_accuracy = 0.1, test_loss = 4.669794f0, pred_counts = "24-17-11-23-16-28-19-19-24-19", best_accuracy = 0.115, best_path = "C:\\Users\\fenje\\dev\\InteractiveIsing.jl\\ext\\IsingLearning\\experiments\\MNIST\\locally-connected-6x6-window-replication\\experiments\\current\\20260605_233018_mnist_lcl_6x6_stride1_diagnostic_e20\\best_checkpoint.bin", final_path = "")
epoch 7 training
(timestamp = "2026-06-05T23:31:17", epoch = 7, seconds = 0.1654178, train_accuracy = missing, train_loss = missing, test_accuracy = missing, test_loss = missing, pred_counts = missing, best_accuracy = 0.115, best_path = "C:\\Users\\fenje\\dev\\InteractiveIsing.jl\\ext\\IsingLearning\\experiments\\MNIST\\locally-connected-6x6-window-replication\\experiments\\current\\20260605_233018_mnist_lcl_6x6_stride1_diagnostic_e20\\best_checkpoint.bin", final_path = "")
epoch 8 training
epoch 8 evaluating
(timestamp = "2026-06-05T23:31:17", epoch = 8, seconds = 0.1985895, train_accuracy = 0.13, train_loss = 4.235894f0, test_accuracy = 0.065, test_loss = 4.3890476f0, pred_counts = "21-18-17-20-22-16-23-25-22-16", best_accuracy = 0.115, best_path = "C:\\Users\\fenje\\dev\\InteractiveIsing.jl\\ext\\IsingLearning\\experiments\\MNIST\\locally-connected-6x6-window-replication\\experiments\\current\\20260605_233018_mnist_lcl_6x6_stride1_diagnostic_e20\\best_checkpoint.bin", final_path = "")
epoch 9 training
(timestamp = "2026-06-05T23:31:17", epoch = 9, seconds = 0.1773425, train_accuracy = missing, train_loss = missing, test_accuracy = missing, test_loss = missing, pred_counts = missing, best_accuracy = 0.115, best_path = "C:\\Users\\fenje\\dev\\InteractiveIsing.jl\\ext\\IsingLearning\\experiments\\MNIST\\locally-connected-6x6-window-replication\\experiments\\current\\20260605_233018_mnist_lcl_6x6_stride1_diagnostic_e20\\best_checkpoint.bin", final_path = "")
epoch 10 training
epoch 10 evaluating
(timestamp = "2026-06-05T23:31:18", epoch = 10, seconds = 0.1795595, train_accuracy = 0.055, train_loss = 4.337079f0, test_accuracy = 0.09, test_loss = 4.574915f0, pred_counts = "26-18-18-23-19-14-26-15-22-19", best_accuracy = 0.115, best_path = "C:\\Users\\fenje\\dev\\InteractiveIsing.jl\\ext\\IsingLearning\\experiments\\MNIST\\locally-connected-6x6-window-replication\\experiments\\current\\20260605_233018_mnist_lcl_6x6_stride1_diagnostic_e20\\best_checkpoint.bin", final_path = "")
epoch 11 training
(timestamp = "2026-06-05T23:31:18", epoch = 11, seconds = 0.1751326, train_accuracy = missing, train_loss = missing, test_accuracy = missing, test_loss = missing, pred_counts = missing, best_accuracy = 0.115, best_path = "C:\\Users\\fenje\\dev\\InteractiveIsing.jl\\ext\\IsingLearning\\experiments\\MNIST\\locally-connected-6x6-window-replication\\experiments\\current\\20260605_233018_mnist_lcl_6x6_stride1_diagnostic_e20\\best_checkpoint.bin", final_path = "")
epoch 12 training
epoch 12 evaluating
