[bootstrap] activated project
[bootstrap] loaded packages
building MNIST 784-120-40 layer
loading training split
training samples: 54210 (424 batches/epoch)
loading train-eval split
train-eval samples: 54210
loading test split
test samples: 8920
constructing 32-worker surrogate-attractor Adam manager
constructing 32-worker validation manager
starting epochs
epoch 0 train-eval: evaluating 54210 samples
epoch 0 train-eval: done in 9.307s accuracy=0.09033 loss=57.849506
epoch 0 evaluating
epoch 0 test: evaluating 8920 samples
epoch 0 test: done in 0.474s accuracy=0.0898 loss=57.83102
(timestamp = "2026-06-09T13:46:00", epoch = 0, seconds = 0.0, train_accuracy = 0.09033388673676443, train_loss = 57.849506f0, test_accuracy = 0.08979820627802691, test_loss = 57.83102f0, pred_counts = "719-1050-806-811-902-765-835-1180-879-973", w_norm = 0.48583895f0, b_norm = 0.0f0, w_input_norm = 1.5336232f0, grad_w_norm = 0.0f0, grad_b_norm = 0.0f0, grad_w_input_norm = 0.0f0, symmetry_error = 0.0f0, grad_symmetry_error = 0.0f0, attractor_samples = 0, reward_mean = 0.0f0, reward_std = 0.0f0, best_accuracy = 0.08979820627802691, best_path = "ext/IsingLearning/experiments/MNIST/784-120-40-reinforce-minima-fixes/experiments/current/grid_weight_decay_lr001_full6_earlystop/wd_1e-5\\best_checkpoint.bin", final_path = "")
epoch 1 training
epoch 1 batch 1/424 samples 128/54210 elapsed 10.5s reward_mean -0.80041 reward_std 0.48662 minima 2560
epoch 1 batch 50/424 samples 6400/54210 elapsed 28.2s reward_mean -0.10547 reward_std 0.27948 minima 2560
epoch 1 batch 100/424 samples 12800/54210 elapsed 47.2s reward_mean -0.06558 reward_std 0.20564 minima 2560
epoch 1 batch 150/424 samples 19200/54210 elapsed 66.0s reward_mean -0.06878 reward_std 0.32355 minima 2560
epoch 1 batch 200/424 samples 25600/54210 elapsed 83.9s reward_mean -0.01913 reward_std 0.18521 minima 2560
epoch 1 batch 250/424 samples 32000/54210 elapsed 104.1s reward_mean -0.02284 reward_std 0.22697 minima 2560
epoch 1 batch 300/424 samples 38400/54210 elapsed 123.2s reward_mean -0.04595 reward_std 0.23188 minima 2560
epoch 1 batch 350/424 samples 44800/54210 elapsed 142.9s reward_mean -0.01137 reward_std 0.15166 minima 2560
epoch 1 batch 400/424 samples 51200/54210 elapsed 162.0s reward_mean -0.11146 reward_std 0.29632 minima 2560
epoch 1 batch 424/424 samples 54210/54210 elapsed 171.3s reward_mean -0.01826 reward_std 0.29808 minima 1320
epoch 1 training done in 171.343s
epoch 1 train-eval: evaluating 54210 samples
epoch 1 train-eval: done in 3.066s accuracy=0.21116 loss=71.1457
epoch 1 evaluating
epoch 1 test: evaluating 8920 samples
epoch 1 test: done in 0.584s accuracy=0.21726 loss=71.16795
(timestamp = "2026-06-09T13:48:56", epoch = 1, seconds = 171.3426608, train_accuracy = 0.211160302527209, train_loss = 71.1457f0, test_accuracy = 0.21726457399103138, test_loss = 71.16795f0, pred_counts = "836-774-845-1031-578-516-843-778-1463-1256", w_norm = 1.012738f0, b_norm = 0.2028456f0, w_input_norm = 1.5336232f0, grad_w_norm = 1.4392123f0, grad_b_norm = 0.5555576f0, grad_w_input_norm = 4.067163f0, symmetry_error = 0.0f0, grad_symmetry_error = 0.0f0, attractor_samples = 1320, reward_mean = -0.018262422f0, reward_std = 0.29808068f0, best_accuracy = 0.21726457399103138, best_path = "ext/IsingLearning/experiments/MNIST/784-120-40-reinforce-minima-fixes/experiments/current/grid_weight_decay_lr001_full6_earlystop/wd_1e-5\\best_checkpoint.bin", final_path = "")
epoch 2 training
epoch 2 batch 1/424 samples 128/54210 elapsed 0.4s reward_mean -0.02682 reward_std 0.19461 minima 2560
epoch 2 batch 50/424 samples 6400/54210 elapsed 19.8s reward_mean -0.0382 reward_std 0.23326 minima 2560
epoch 2 batch 100/424 samples 12800/54210 elapsed 40.5s reward_mean -0.0348 reward_std 0.23038 minima 2560
epoch 2 batch 150/424 samples 19200/54210 elapsed 59.7s reward_mean -0.03443 reward_std 0.24575 minima 2560
epoch 2 batch 200/424 samples 25600/54210 elapsed 80.4s reward_mean -0.03037 reward_std 0.2722 minima 2560
epoch 2 batch 250/424 samples 32000/54210 elapsed 101.9s reward_mean -0.04189 reward_std 0.25977 minima 2560
epoch 2 batch 300/424 samples 38400/54210 elapsed 121.3s reward_mean -0.04191 reward_std 0.21973 minima 2560
epoch 2 batch 350/424 samples 44800/54210 elapsed 141.4s reward_mean -0.05785 reward_std 0.27117 minima 2560
epoch 2 batch 400/424 samples 51200/54210 elapsed 161.9s reward_mean -0.03804 reward_std 0.22484 minima 2560
epoch 2 batch 424/424 samples 54210/54210 elapsed 171.3s reward_mean -0.07808 reward_std 0.33656 minima 1320
epoch 2 training done in 171.268s
epoch 2 train-eval: evaluating 54210 samples
epoch 2 train-eval: done in 3.116s accuracy=0.22084 loss=72.87936
epoch 2 evaluating
epoch 2 test: evaluating 8920 samples
epoch 2 test: done in 0.502s accuracy=0.21951 loss=72.921814
(timestamp = "2026-06-09T13:51:51", epoch = 2, seconds = 171.2680251, train_accuracy = 0.22084486257148128, train_loss = 72.87936f0, test_accuracy = 0.2195067264573991, test_loss = 72.921814f0, pred_counts = "596-595-565-1874-737-774-558-610-1328-1283", w_norm = 1.2079327f0, b_norm = 0.4447422f0, w_input_norm = 1.5336232f0, grad_w_norm = 0.64955807f0, grad_b_norm = 0.6550368f0, grad_w_input_norm = 4.1450996f0, symmetry_error = 0.0f0, grad_symmetry_error = 0.0f0, attractor_samples = 1320, reward_mean = -0.078079306f0, reward_std = 0.3365647f0, best_accuracy = 0.2195067264573991, best_path = "ext/IsingLearning/experiments/MNIST/784-120-40-reinforce-minima-fixes/experiments/current/grid_weight_decay_lr001_full6_earlystop/wd_1e-5\\best_checkpoint.bin", final_path = "")
epoch 3 training
epoch 3 batch 1/424 samples 128/54210 elapsed 0.4s reward_mean -0.09216 reward_std 0.312 minima 2560
epoch 3 batch 50/424 samples 6400/54210 elapsed 20.4s reward_mean -0.04206 reward_std 0.27444 minima 2560
epoch 3 batch 100/424 samples 12800/54210 elapsed 40.5s reward_mean -0.03832 reward_std 0.23338 minima 2560
epoch 3 batch 150/424 samples 19200/54210 elapsed 61.0s reward_mean -0.05755 reward_std 0.25736 minima 2560
epoch 3 batch 200/424 samples 25600/54210 elapsed 81.9s reward_mean -0.03422 reward_std 0.20311 minima 2560
epoch 3 batch 250/424 samples 32000/54210 elapsed 103.3s reward_mean -0.03431 reward_std 0.27542 minima 2560
epoch 3 batch 300/424 samples 38400/54210 elapsed 123.6s reward_mean -0.03834 reward_std 0.27837 minima 2560
epoch 3 batch 350/424 samples 44800/54210 elapsed 142.1s reward_mean -0.03807 reward_std 0.20735 minima 2560
epoch 3 batch 400/424 samples 51200/54210 elapsed 160.5s reward_mean -0.09223 reward_std 0.27279 minima 2560
epoch 3 batch 424/424 samples 54210/54210 elapsed 169.6s reward_mean 0.0269 reward_std 0.25714 minima 1320
epoch 3 training done in 169.603s
epoch 3 train-eval: evaluating 54210 samples
epoch 3 train-eval: done in 3.249s accuracy=0.20657 loss=73.30527
epoch 3 evaluating
epoch 3 test: evaluating 8920 samples
epoch 3 test: done in 0.487s accuracy=0.20617 loss=73.3703
(timestamp = "2026-06-09T13:54:44", epoch = 3, seconds = 169.6033135, train_accuracy = 0.20656705404906844, train_loss = 73.30527f0, test_accuracy = 0.2061659192825112, test_loss = 73.3703f0, pred_counts = "724-681-688-900-797-776-692-693-1492-1477", w_norm = 1.3689593f0, b_norm = 0.6098389f0, w_input_norm = 1.5336232f0, grad_w_norm = 0.5924379f0, grad_b_norm = 0.12937896f0, grad_w_input_norm = 2.0696716f0, symmetry_error = 0.0f0, grad_symmetry_error = 0.0f0, attractor_samples = 1320, reward_mean = 0.026899721f0, reward_std = 0.25714085f0, best_accuracy = 0.2195067264573991, best_path = "ext/IsingLearning/experiments/MNIST/784-120-40-reinforce-minima-fixes/experiments/current/grid_weight_decay_lr001_full6_earlystop/wd_1e-5\\best_checkpoint.bin", final_path = "")
epoch 4 training
epoch 4 batch 1/424 samples 128/54210 elapsed 0.4s reward_mean -0.04267 reward_std 0.25214 minima 2560
epoch 4 batch 50/424 samples 6400/54210 elapsed 18.7s reward_mean -0.04586 reward_std 0.28415 minima 2560
epoch 4 batch 100/424 samples 12800/54210 elapsed 39.0s reward_mean -0.04596 reward_std 0.27734 minima 2560
epoch 4 batch 150/424 samples 19200/54210 elapsed 58.2s reward_mean -0.04996 reward_std 0.27999 minima 2560
epoch 4 batch 200/424 samples 25600/54210 elapsed 77.4s reward_mean -0.0652 reward_std 0.30333 minima 2560
epoch 4 batch 250/424 samples 32000/54210 elapsed 96.7s reward_mean -0.06921 reward_std 0.25084 minima 2560
epoch 4 batch 300/424 samples 38400/54210 elapsed 115.9s reward_mean -0.03436 reward_std 0.20323 minima 2560
epoch 4 batch 350/424 samples 44800/54210 elapsed 134.5s reward_mean -0.06141 reward_std 0.30099 minima 2560
epoch 4 batch 400/424 samples 51200/54210 elapsed 153.5s reward_mean -0.03424 reward_std 0.19337 minima 2560
epoch 4 batch 424/424 samples 54210/54210 elapsed 162.6s reward_mean -0.08593 reward_std 0.29358 minima 1320
epoch 4 training done in 162.571s
epoch 4 train-eval: evaluating 54210 samples
epoch 4 train-eval: done in 2.891s accuracy=0.20308 loss=72.741974
epoch 4 evaluating
epoch 4 test: evaluating 8920 samples
epoch 4 test: done in 0.498s accuracy=0.2093 loss=72.79397
(timestamp = "2026-06-09T13:57:30", epoch = 4, seconds = 162.570592, train_accuracy = 0.20308061243313041, train_loss = 72.741974f0, test_accuracy = 0.209304932735426, test_loss = 72.79397f0, pred_counts = "727-703-735-1017-704-739-796-706-1393-1400", w_norm = 1.5932099f0, b_norm = 0.73514783f0, w_input_norm = 1.5336232f0, grad_w_norm = 0.81651205f0, grad_b_norm = 0.2654976f0, grad_w_input_norm = 3.0001407f0, symmetry_error = 0.0f0, grad_symmetry_error = 0.0f0, attractor_samples = 1320, reward_mean = -0.08592782f0, reward_std = 0.29358312f0, best_accuracy = 0.2195067264573991, best_path = "ext/IsingLearning/experiments/MNIST/784-120-40-reinforce-minima-fixes/experiments/current/grid_weight_decay_lr001_full6_earlystop/wd_1e-5\\best_checkpoint.bin", final_path = "")
epoch 5 training
epoch 5 batch 1/424 samples 128/54210 elapsed 0.4s reward_mean -0.00324 reward_std 0.23179 minima 2560
epoch 5 batch 50/424 samples 6400/54210 elapsed 19.6s reward_mean -0.05754 reward_std 0.21651 minima 2560
epoch 5 batch 100/424 samples 12800/54210 elapsed 39.6s reward_mean -0.09249 reward_std 0.24359 minima 2560
epoch 5 batch 150/424 samples 19200/54210 elapsed 59.1s reward_mean -0.03044 reward_std 0.23443 minima 2560
epoch 5 batch 200/424 samples 25600/54210 elapsed 78.1s reward_mean -0.06146 reward_std 0.25267 minima 2560
epoch 5 batch 250/424 samples 32000/54210 elapsed 98.7s reward_mean -0.10796 reward_std 0.28807 minima 2560
epoch 5 batch 300/424 samples 38400/54210 elapsed 118.3s reward_mean -0.03788 reward_std 0.29801 minima 2560
epoch 5 batch 350/424 samples 44800/54210 elapsed 138.2s reward_mean -0.06139 reward_std 0.288 minima 2560
epoch 5 batch 400/424 samples 51200/54210 elapsed 157.9s reward_mean -0.09218 reward_std 0.30591 minima 2560
epoch 5 batch 424/424 samples 54210/54210 elapsed 167.1s reward_mean -0.16085 reward_std 0.31233 minima 1320
epoch 5 training done in 167.099s
epoch 5 train-eval: evaluating 54210 samples
epoch 5 train-eval: done in 2.996s accuracy=0.19015 loss=72.20414
epoch 5 evaluating
epoch 5 test: evaluating 8920 samples
epoch 5 test: done in 0.471s accuracy=0.19686 loss=72.17672
(timestamp = "2026-06-09T14:00:21", epoch = 5, seconds = 167.0993789, train_accuracy = 0.19014941892639733, train_loss = 72.20414f0, test_accuracy = 0.1968609865470852, test_loss = 72.17672f0, pred_counts = "914-795-808-820-584-624-808-826-1378-1363", w_norm = 1.848031f0, b_norm = 0.9916358f0, w_input_norm = 1.5336232f0, grad_w_norm = 2.2038314f0, grad_b_norm = 0.6109192f0, grad_w_input_norm = 4.638761f0, symmetry_error = 0.0f0, grad_symmetry_error = 0.0f0, attractor_samples = 1320, reward_mean = -0.16084878f0, reward_std = 0.31233245f0, best_accuracy = 0.2195067264573991, best_path = "ext/IsingLearning/experiments/MNIST/784-120-40-reinforce-minima-fixes/experiments/current/grid_weight_decay_lr001_full6_earlystop/wd_1e-5\\best_checkpoint.bin", final_path = "")
epoch 6 training
epoch 6 batch 1/424 samples 128/54210 elapsed 0.3s reward_mean -0.09257 reward_std 0.30619 minima 2560
epoch 6 batch 50/424 samples 6400/54210 elapsed 18.3s reward_mean -0.05769 reward_std 0.24193 minima 2560
epoch 6 batch 100/424 samples 12800/54210 elapsed 37.3s reward_mean -0.12311 reward_std 0.33167 minima 2560
epoch 6 batch 150/424 samples 19200/54210 elapsed 56.1s reward_mean -0.0806 reward_std 0.25875 minima 2560
epoch 6 batch 200/424 samples 25600/54210 elapsed 75.1s reward_mean -0.09252 reward_std 0.25882 minima 2560
epoch 6 batch 250/424 samples 32000/54210 elapsed 94.7s reward_mean -0.08834 reward_std 0.28428 minima 2560
epoch 6 batch 300/424 samples 38400/54210 elapsed 114.4s reward_mean -0.08863 reward_std 0.25636 minima 2560
epoch 6 batch 350/424 samples 44800/54210 elapsed 135.1s reward_mean -0.03054 reward_std 0.1787 minima 2560
epoch 6 batch 400/424 samples 51200/54210 elapsed 155.1s reward_mean -0.09988 reward_std 0.28396 minima 2560
epoch 6 batch 424/424 samples 54210/54210 elapsed 164.6s reward_mean -0.02591 reward_std 0.23518 minima 1320
epoch 6 training done in 164.594s
epoch 6 train-eval: evaluating 54210 samples
epoch 6 train-eval: done in 3.252s accuracy=0.19341 loss=72.69395
epoch 6 evaluating
epoch 6 test: evaluating 8920 samples
epoch 6 test: done in 0.581s accuracy=0.20437 loss=72.74279
(timestamp = "2026-06-09T14:03:09", epoch = 6, seconds = 164.5937094, train_accuracy = 0.19341449916989487, train_loss = 72.69395f0, test_accuracy = 0.20437219730941705, test_loss = 72.74279f0, pred_counts = "742-795-770-857-662-704-761-738-1424-1467", w_norm = 1.9147311f0, b_norm = 1.1431171f0, w_input_norm = 1.5336232f0, grad_w_norm = 0.2987902f0, grad_b_norm = 0.32584807f0, grad_w_input_norm = 2.5758297f0, symmetry_error = 0.0f0, grad_symmetry_error = 0.0f0, attractor_samples = 1320, reward_mean = -0.025911992f0, reward_std = 0.23517667f0, best_accuracy = 0.2195067264573991, best_path = "ext/IsingLearning/experiments/MNIST/784-120-40-reinforce-minima-fixes/experiments/current/grid_weight_decay_lr001_full6_earlystop/wd_1e-5\\best_checkpoint.bin", final_path = "ext/IsingLearning/experiments/MNIST/784-120-40-reinforce-minima-fixes/experiments/current/grid_weight_decay_lr001_full6_earlystop/wd_1e-5\\final_checkpoint.bin")
saved MNIST 784-120-40 surrogate-attractor run in ext/IsingLearning/experiments/MNIST/784-120-40-reinforce-minima-fixes/experiments/current/grid_weight_decay_lr001_full6_earlystop/wd_1e-5
