Running 1 local CNN-like XOR config(s)
[1/1] h16_r9_open
h16_r9_open epoch=0 mse=1.089871 acc=0.25 min_margin=-0.1757 best_margin=-0.1757
h16_r9_open epoch=10 mse=1.090797 acc=0.25 min_margin=-0.1484 best_margin=-0.1484
h16_r9_open epoch=20 mse=1.024424 acc=0.25 min_margin=-0.0965 best_margin=-0.0965
h16_r9_open epoch=30 mse=1.126683 acc=0.25 min_margin=-0.14 best_margin=-0.0965
h16_r9_open epoch=40 mse=0.923638 acc=0.75 min_margin=-0.0232 best_margin=-0.0232
h16_r9_open epoch=50 mse=1.097533 acc=0.25 min_margin=-0.0986 best_margin=-0.0232
h16_r9_open epoch=60 mse=1.174735 acc=0.25 min_margin=-0.1422 best_margin=-0.0232
h16_r9_open epoch=70 mse=0.964694 acc=0.75 min_margin=-0.0639 best_margin=-0.0232
h16_r9_open epoch=80 mse=1.000442 acc=0.5 min_margin=-0.146 best_margin=-0.0232
h16_r9_open epoch=90 mse=0.972825 acc=0.5 min_margin=-0.0277 best_margin=-0.0232
h16_r9_open epoch=100 mse=1.072275 acc=0.25 min_margin=-0.17 best_margin=-0.0232
h16_r9_open epoch=110 mse=1.014087 acc=0.5 min_margin=-0.0961 best_margin=-0.0232
h16_r9_open epoch=120 mse=0.91749 acc=0.75 min_margin=-0.0052 best_margin=-0.0052
h16_r9_open epoch=130 mse=1.022853 acc=0.5 min_margin=-0.1251 best_margin=-0.0052
h16_r9_open epoch=140 mse=0.862108 acc=0.75 min_margin=-0.1403 best_margin=-0.0052
h16_r9_open epoch=150 mse=1.069884 acc=0.5 min_margin=-0.1231 best_margin=-0.0052
saved metrics ext/IsingLearning/experiments/XOR/runs/local_checkerboard_pattern_h16_r9_lr_decay_e150\metrics.csv
saved summary ext/IsingLearning/experiments/XOR/runs/local_checkerboard_pattern_h16_r9_lr_decay_e150\summary.csv
saved note ext/IsingLearning/experiments/XOR/runs/local_checkerboard_pattern_h16_r9_lr_decay_e150\README.md
