  Activating project at `~/Documents/GitHub/InteractiveIsing.jl/ext/IsingLearning`
┌ Warning: Overlapping GeneralState field names encountered during merge; later defaults will override earlier ones.
│   overlapping_fields =
│    2-element Vector{Symbol}:
│     :equilibrium_state
│     :x
└ @ IsingLearning.InteractiveIsing.StatefulAlgorithms ~/Documents/GitHub/InteractiveIsing.jl/deps/StatefulAlgorithms/src/Widgets/GeneralState.jl:54
┌ Warning: Overlapping GeneralState field names encountered during merge; later defaults will override earlier ones.
│   overlapping_fields =
│    3-element Vector{Symbol}:
│     :equilibrium_state
│     :y
│     :x
└ @ IsingLearning.InteractiveIsing.StatefulAlgorithms ~/Documents/GitHub/InteractiveIsing.jl/deps/StatefulAlgorithms/src/Widgets/GeneralState.jl:54
Running 2-input statistical XOR EP: (epochs = 1000, log_every = 250, minit = 4, eval_repeats = 32, hidden = 16, beta = 1.0, lr = 0.0015, weight_decay = 0.0001, temp = 0.02, stepsize = 0.05, block_size = 8, free_relaxation = 1000, nudged_relaxation = 1000, state = :continuous, dynamics = :langevin, init_mode = :random, training_rule = :ep, target_free_sign = :target_minus_free)
epoch=0 mse=1.10854 acc=0.25
    case=(false, false) input=[-1.0, -1.0] target=[1.0, -1.0] mean=[-0.1755, 0.0014] std=0.91663
    case=(false, true) input=[-1.0, 1.0] target=[-1.0, 1.0] mean=[-0.342, -0.3953] std=0.82155
    case=(true, false) input=[1.0, -1.0] target=[-1.0, 1.0] mean=[0.2584, 0.082] std=0.82675
    case=(true, true) input=[1.0, 1.0] target=[1.0, -1.0] mean=[-0.1001, -0.3163] std=0.84712
epoch=1 mse=1.054162 acc=0.25 grad=0.992686 response=0.497599 delta=0.018248
epoch=250 mse=1.074812 acc=0.25 grad=0.78139 response=0.611191 delta=1.990572
epoch=500 mse=1.011389 acc=0.5 grad=0.85791 response=0.676192 delta=2.500305
epoch=750 mse=1.008401 acc=0.5 grad=0.802657 response=0.683766 delta=2.681803
epoch=1000 mse=1.090168 acc=0.5 grad=0.839823 response=0.694565 delta=2.749447
restored best mse=1.063026 acc=0.25
    case=(false, false) input=[-1.0, -1.0] target=[1.0, -1.0] mean=[-0.086, 0.0522] std=0.57721
    case=(false, true) input=[-1.0, 1.0] target=[-1.0, 1.0] mean=[-0.1594, 0.0005] std=0.5704
    case=(true, false) input=[1.0, -1.0] target=[-1.0, 1.0] mean=[-0.0103, -0.0868] std=0.59338
    case=(true, true) input=[1.0, 1.0] target=[1.0, -1.0] mean=[-0.1666, -0.0047] std=0.6158
Saved CSV: ext/IsingLearning/runs/xor_langevin_2input_search_focused_1000/T002_s005/xor_statistical_ep_2input.csv
Saved plot: ext/IsingLearning/runs/xor_langevin_2input_search_focused_1000/T002_s005/xor_statistical_ep_2input.png
Saved graph: ext/IsingLearning/runs/xor_langevin_2input_search_focused_1000/T002_s005/xor_statistical_ep_2input_trained_graph.jld2
