  Activating project at `C:\Users\fenje\dev\InteractiveIsing.jl\ext\IsingLearning`
┌ Warning: this run uses a subsampled balanced training split, so it is not the full balanced MNIST baseline
│   train_per_class = 1280
└ @ Main C:\Users\fenje\dev\InteractiveIsing.jl\ext\IsingLearning\experiments\MNIST\baseline_new_nudge\mnist_784_120_40_softplus_margin_symmetric_nudge_adam.jl:1739
┌ Warning: this run uses a subsampled balanced test split, so reported accuracy will be noisy
│   test_per_class = 100
└ @ Main C:\Users\fenje\dev\InteractiveIsing.jl\ext\IsingLearning\experiments\MNIST\baseline_new_nudge\mnist_784_120_40_softplus_margin_symmetric_nudge_adam.jl:1740

epoch 22   2%|█                                         |  ETA: 0:14:24[K
     batch: 2/100[K
   samples: 256/12800[K
[A
[A


[K[A
[K[A
epoch 22   4%|██                                        |  ETA: 0:07:43[K
     batch: 4/100[K
   samples: 512/12800[K
[A
[A


[K[A
[K[A
epoch 22   6%|███                                       |  ETA: 0:05:25[K
     batch: 6/100[K
   samples: 768/12800[K
[A
[A


[K[A
[K[A
epoch 22   8%|████                                      |  ETA: 0:04:15[K
     batch: 8/100[K
   samples: 1024/12800[K
[A
[A


[K[A
[K[A
epoch 22  10%|█████                                     |  ETA: 0:03:32[K
     batch: 10/100[K
   samples: 1280/12800[K
[A
[A


[K[A
[K[A
epoch 22  12%|██████                                    |  ETA: 0:03:04[K
     batch: 12/100[K
   samples: 1536/12800[K
[A
[A


[K[A
[K[A
epoch 22  14%|██████                                    |  ETA: 0:02:43[K
     batch: 14/100[K
   samples: 1792/12800[K
[A
[A


[K[A
[K[A
epoch 22  16%|███████                                   |  ETA: 0:02:27[K
     batch: 16/100[K
   samples: 2048/12800[K
[A
[A


[K[A
[K[A
epoch 22  18%|████████                                  |  ETA: 0:02:14[K
     batch: 18/100[K
   samples: 2304/12800[K
[A
[A


[K[A
[K[A
epoch 22  20%|█████████                                 |  ETA: 0:02:04[K
     batch: 20/100[K
   samples: 2560/12800[K
[A
[A


[K[A
[K[A
epoch 22  22%|██████████                                |  ETA: 0:01:55[K
     batch: 22/100[K
   samples: 2816/12800[K
[A
[A


[K[A
[K[A
epoch 22  24%|███████████                               |  ETA: 0:01:47[K
     batch: 24/100[K
   samples: 3072/12800[K
[A
[A


[K[A
[K[A
epoch 22  26%|███████████                               |  ETA: 0:01:40[K
     batch: 26/100[K
   samples: 3328/12800[K
[A
[A


[K[A
[K[A
epoch 22  28%|████████████                              |  ETA: 0:01:34[K
     batch: 28/100[K
   samples: 3584/12800[K
[A
[A


[K[A
[K[A
epoch 22  30%|█████████████                             |  ETA: 0:01:29[K
     batch: 30/100[K
   samples: 3840/12800[K
[A
[A


[K[A
[K[A
epoch 22  32%|██████████████                            |  ETA: 0:01:24[K
     batch: 32/100[K
   samples: 4096/12800[K
[A
[A


[K[A
[K[A
epoch 22  34%|███████████████                           |  ETA: 0:01:19[K
     batch: 34/100[K
   samples: 4352/12800[K
[A
[A


[K[A
[K[A
epoch 22  36%|████████████████                          |  ETA: 0:01:15[K
     batch: 36/100[K
   samples: 4608/12800[K
[A
[A


[K[A
[K[A
epoch 22  38%|████████████████                          |  ETA: 0:01:11[K
     batch: 38/100[K
   samples: 4864/12800[K
[A
[A


[K[A
[K[A
epoch 22  40%|█████████████████                         |  ETA: 0:01:08[K
     batch: 40/100[K
   samples: 5120/12800[K
[A
[A


[K[A
[K[A
epoch 22  42%|██████████████████                        |  ETA: 0:01:04[K
     batch: 42/100[K
   samples: 5376/12800[K
[A
[A


[K[A
[K[A
epoch 22  44%|███████████████████                       |  ETA: 0:01:01[K
     batch: 44/100[K
   samples: 5632/12800[K
[A
[A


[K[A
[K[A
epoch 22  46%|████████████████████                      |  ETA: 0:00:58[K
     batch: 46/100[K
   samples: 5888/12800[K
[A
[A


[K[A
[K[A
epoch 22  48%|█████████████████████                     |  ETA: 0:00:55[K
     batch: 48/100[K
   samples: 6144/12800[K
[A
[A


[K[A
[K[A
epoch 22  50%|██████████████████████                    |  ETA: 0:00:52[K
     batch: 50/100[K
   samples: 6400/12800[K
[A
[A


[K[A
[K[A
epoch 22  52%|██████████████████████                    |  ETA: 0:00:50[K
     batch: 52/100[K
   samples: 6656/12800[K
[A
[A


[K[A
[K[A
epoch 22  54%|███████████████████████                   |  ETA: 0:00:47[K
     batch: 54/100[K
   samples: 6912/12800[K
[A
[A


[K[A
[K[A
epoch 22  56%|████████████████████████                  |  ETA: 0:00:44[K
     batch: 56/100[K
   samples: 7168/12800[K
[A
[A


[K[A
[K[A
epoch 22  58%|█████████████████████████                 |  ETA: 0:00:42[K
     batch: 58/100[K
   samples: 7424/12800[K
[A
[A


[K[A
[K[A
epoch 22  60%|██████████████████████████                |  ETA: 0:00:40[K
     batch: 60/100[K
   samples: 7680/12800[K
[A
[A


[K[A
[K[A
epoch 22  62%|███████████████████████████               |  ETA: 0:00:37[K
     batch: 62/100[K
   samples: 7936/12800[K
[A
[A


[K[A
[K[A
epoch 22  64%|███████████████████████████               |  ETA: 0:00:35[K
     batch: 64/100[K
   samples: 8192/12800[K
[A
[A


[K[A
[K[A
epoch 22  66%|████████████████████████████              |  ETA: 0:00:33[K
     batch: 66/100[K
   samples: 8448/12800[K
[A
[A


[K[A
[K[A
epoch 22  68%|█████████████████████████████             |  ETA: 0:00:31[K
     batch: 68/100[K
   samples: 8704/12800[K
[A
[A


[K[A
[K[A
epoch 22  70%|██████████████████████████████            |  ETA: 0:00:28[K
     batch: 70/100[K
   samples: 8960/12800[K
[A
[A


[K[A
[K[A
epoch 22  72%|███████████████████████████████           |  ETA: 0:00:26[K
     batch: 72/100[K
   samples: 9216/12800[K
[A
[A


[K[A
[K[A
epoch 22  74%|████████████████████████████████          |  ETA: 0:00:24[K
     batch: 74/100[K
   samples: 9472/12800[K
[A
[A


[K[A
[K[A
epoch 22  76%|████████████████████████████████          |  ETA: 0:00:22[K
     batch: 76/100[K
   samples: 9728/12800[K
[A
[A


[K[A
[K[A
epoch 22  78%|█████████████████████████████████         |  ETA: 0:00:20[K
     batch: 78/100[K
   samples: 9984/12800[K
[A
[A


[K[A
[K[A
epoch 22  80%|██████████████████████████████████        |  ETA: 0:00:18[K
     batch: 80/100[K
   samples: 10240/12800[K
[A
[A


[K[A
[K[A
epoch 22  82%|███████████████████████████████████       |  ETA: 0:00:16[K
     batch: 82/100[K
   samples: 10496/12800[K
[A
[A


[K[A
[K[A
epoch 22  84%|████████████████████████████████████      |  ETA: 0:00:15[K
     batch: 84/100[K
   samples: 10752/12800[K
[A
[A


[K[A
[K[A
epoch 22  86%|█████████████████████████████████████     |  ETA: 0:00:13[K
     batch: 86/100[K
   samples: 11008/12800[K
[A
[A


[K[A
[K[A
epoch 22  88%|█████████████████████████████████████     |  ETA: 0:00:11[K
     batch: 88/100[K
   samples: 11264/12800[K
[A
[A


[K[A
[K[A
epoch 22  90%|██████████████████████████████████████    |  ETA: 0:00:09[K
     batch: 90/100[K
   samples: 11520/12800[K
[A
[A


[K[A
[K[A
epoch 22  92%|███████████████████████████████████████   |  ETA: 0:00:07[K
     batch: 92/100[K
   samples: 11776/12800[K
[A
[A


[K[A
[K[A
epoch 22  94%|████████████████████████████████████████  |  ETA: 0:00:05[K
     batch: 94/100[K
   samples: 12032/12800[K
[A
[A


[K[A
[K[A
epoch 22  96%|█████████████████████████████████████████ |  ETA: 0:00:04[K
     batch: 96/100[K
   samples: 12288/12800[K
[A
[A


[K[A
[K[A
epoch 22  98%|██████████████████████████████████████████|  ETA: 0:00:02[K
     batch: 98/100[K
   samples: 12544/12800[K
[A
[A


[K[A
[K[A
epoch 22 100%|██████████████████████████████████████████| Time: 0:01:28[K
     batch: 100/100[K
   samples: 12800/12800[K

epoch 23   2%|█                                         |  ETA: 0:01:09[K
     batch: 2/100[K
   samples: 256/12800[K
[A
[A


[K[A
[K[A
epoch 23   4%|██                                        |  ETA: 0:01:07[K
     batch: 4/100[K
   samples: 512/12800[K
[A
[A


[K[A
[K[A
epoch 23   6%|███                                       |  ETA: 0:01:07[K
     batch: 6/100[K
   samples: 768/12800[K
[A
[A


[K[A
[K[A
epoch 23   8%|████                                      |  ETA: 0:01:06[K
     batch: 8/100[K
   samples: 1024/12800[K
[A
[A


[K[A
[K[A
epoch 23  10%|█████                                     |  ETA: 0:01:04[K
     batch: 10/100[K
   samples: 1280/12800[K
[A
[A


[K[A
[K[A
epoch 23  12%|██████                                    |  ETA: 0:01:03[K
     batch: 12/100[K
   samples: 1536/12800[K
[A
[A


[K[A
[K[A
epoch 23  14%|██████                                    |  ETA: 0:01:02[K
     batch: 14/100[K
   samples: 1792/12800[K
[A
[A


[K[A
[K[A
epoch 23  16%|███████                                   |  ETA: 0:01:01[K
     batch: 16/100[K
   samples: 2048/12800[K
[A
[A


[K[A
[K[A
epoch 23  18%|████████                                  |  ETA: 0:00:59[K
     batch: 18/100[K
   samples: 2304/12800[K
[A
[A


[K[A
[K[A
epoch 23  20%|█████████                                 |  ETA: 0:00:57[K
     batch: 20/100[K
   samples: 2560/12800[K
[A
[A


[K[A
[K[A
epoch 23  22%|██████████                                |  ETA: 0:00:56[K
     batch: 22/100[K
   samples: 2816/12800[K
[A
[A


[K[A
[K[A
epoch 23  24%|███████████                               |  ETA: 0:00:55[K
     batch: 24/100[K
   samples: 3072/12800[K
[A
[A


[K[A
[K[A
epoch 23  26%|███████████                               |  ETA: 0:00:53[K
     batch: 26/100[K
   samples: 3328/12800[K
[A
[A


[K[A
[K[A
epoch 23  28%|████████████                              |  ETA: 0:00:52[K
     batch: 28/100[K
   samples: 3584/12800[K
[A
[A


[K[A
[K[A
epoch 23  30%|█████████████                             |  ETA: 0:00:51[K
     batch: 30/100[K
   samples: 3840/12800[K
[A
[A


[K[A
[K[A
epoch 23  32%|██████████████                            |  ETA: 0:00:50[K
     batch: 32/100[K
   samples: 4096/12800[K
[A
[A


[K[A
[K[A
epoch 23  34%|███████████████                           |  ETA: 0:00:49[K
     batch: 34/100[K
   samples: 4352/12800[K
[A
[A


[K[A
[K[A
epoch 23  36%|████████████████                          |  ETA: 0:00:48[K
     batch: 36/100[K
   samples: 4608/12800[K
[A
[A


[K[A
[K[A
epoch 23  38%|████████████████                          |  ETA: 0:00:47[K
     batch: 38/100[K
   samples: 4864/12800[K
[A
[A


[K[A
[K[A
epoch 23  40%|█████████████████                         |  ETA: 0:00:46[K
     batch: 40/100[K
   samples: 5120/12800[K
[A
[A


[K[A
[K[A
epoch 23  42%|██████████████████                        |  ETA: 0:00:44[K
     batch: 42/100[K
   samples: 5376/12800[K
[A
[A


[K[A
[K[A
epoch 23  44%|███████████████████                       |  ETA: 0:00:43[K
     batch: 44/100[K
   samples: 5632/12800[K
[A
[A


[K[A
[K[A
epoch 23  46%|████████████████████                      |  ETA: 0:00:41[K
     batch: 46/100[K
   samples: 5888/12800[K
[A
[A


[K[A
[K[A
epoch 23  48%|█████████████████████                     |  ETA: 0:00:40[K
     batch: 48/100[K
   samples: 6144/12800[K
[A
[A


[K[A
[K[A
epoch 23  50%|██████████████████████                    |  ETA: 0:00:38[K
     batch: 50/100[K
   samples: 6400/12800[K
[A
[A


[K[A
[K[A
epoch 23  52%|██████████████████████                    |  ETA: 0:00:37[K
     batch: 52/100[K
   samples: 6656/12800[K
[A
[A


[K[A
[K[A
epoch 23  54%|███████████████████████                   |  ETA: 0:00:35[K
     batch: 54/100[K
   samples: 6912/12800[K
[A
[A


[K[A
[K[A
epoch 23  56%|████████████████████████                  |  ETA: 0:00:34[K
     batch: 56/100[K
   samples: 7168/12800[K
[A
[A


[K[A
[K[A
epoch 23  58%|█████████████████████████                 |  ETA: 0:00:32[K
     batch: 58/100[K
   samples: 7424/12800[K
[A
[A


[K[A
[K[A
epoch 23  60%|██████████████████████████                |  ETA: 0:00:31[K
     batch: 60/100[K
   samples: 7680/12800[K
[A
[A


[K[A
[K[A
epoch 23  62%|███████████████████████████               |  ETA: 0:00:29[K
     batch: 62/100[K
   samples: 7936/12800[K
[A
[A


[K[A
[K[A
epoch 23  64%|███████████████████████████               |  ETA: 0:00:28[K
     batch: 64/100[K
   samples: 8192/12800[K
[A
[A


[K[A
[K[A
epoch 23  66%|████████████████████████████              |  ETA: 0:00:26[K
     batch: 66/100[K
   samples: 8448/12800[K
[A
[A


[K[A
[K[A
epoch 23  68%|█████████████████████████████             |  ETA: 0:00:24[K
     batch: 68/100[K
   samples: 8704/12800[K
[A
[A


[K[A
[K[A
epoch 23  70%|██████████████████████████████            |  ETA: 0:00:23[K
     batch: 70/100[K
   samples: 8960/12800[K
[A
[A


[K[A
[K[A
epoch 23  72%|███████████████████████████████           |  ETA: 0:00:21[K
     batch: 72/100[K
   samples: 9216/12800[K
[A
[A


[K[A
[K[A
epoch 23  74%|████████████████████████████████          |  ETA: 0:00:20[K
     batch: 74/100[K
   samples: 9472/12800[K
[A
[A


[K[A
[K[A
epoch 23  76%|████████████████████████████████          |  ETA: 0:00:18[K
     batch: 76/100[K
   samples: 9728/12800[K
[A
[A


[K[A
[K[A
epoch 23  78%|█████████████████████████████████         |  ETA: 0:00:17[K
     batch: 78/100[K
   samples: 9984/12800[K
[A
[A


[K[A
[K[A
epoch 23  80%|██████████████████████████████████        |  ETA: 0:00:15[K
     batch: 80/100[K
   samples: 10240/12800[K
[A
[A


[K[A
[K[A
epoch 23  82%|███████████████████████████████████       |  ETA: 0:00:14[K
     batch: 82/100[K
   samples: 10496/12800[K
[A
[A


[K[A
[K[A
epoch 23  84%|████████████████████████████████████      |  ETA: 0:00:12[K
     batch: 84/100[K
   samples: 10752/12800[K
[A
[A


[K[A
[K[A
epoch 23  86%|█████████████████████████████████████     |  ETA: 0:00:11[K
     batch: 86/100[K
   samples: 11008/12800[K
[A
[A


[K[A
[K[A
epoch 23  88%|█████████████████████████████████████     |  ETA: 0:00:09[K
     batch: 88/100[K
   samples: 11264/12800[K
[A
[A


[K[A
[K[A
epoch 23  90%|██████████████████████████████████████    |  ETA: 0:00:08[K
     batch: 90/100[K
   samples: 11520/12800[K
[A
[A


[K[A
[K[A
epoch 23  92%|███████████████████████████████████████   |  ETA: 0:00:06[K
     batch: 92/100[K
   samples: 11776/12800[K
[A
[A


[K[A
[K[A
epoch 23  94%|████████████████████████████████████████  |  ETA: 0:00:05[K
     batch: 94/100[K
   samples: 12032/12800[K
[A
[A


[K[A
[K[A
epoch 23  96%|█████████████████████████████████████████ |  ETA: 0:00:03[K
     batch: 96/100[K
   samples: 12288/12800[K
[A
[A


[K[A
[K[A
epoch 23  98%|██████████████████████████████████████████|  ETA: 0:00:02[K
     batch: 98/100[K
   samples: 12544/12800[K
[A
[A


[K[A
[K[A
epoch 23 100%|██████████████████████████████████████████| Time: 0:01:17[K
     batch: 100/100[K
   samples: 12800/12800[K

epoch 24   2%|█                                         |  ETA: 0:01:23[K
     batch: 2/100[K
   samples: 256/12800[K
[A
[A


[K[A
[K[A
epoch 24   4%|██                                        |  ETA: 0:01:21[K
     batch: 4/100[K
   samples: 512/12800[K
[A
[A


[K[A
[K[A
epoch 24   6%|███                                       |  ETA: 0:01:18[K
     batch: 6/100[K
   samples: 768/12800[K
[A
[A


[K[A
[K[A
epoch 24   8%|████                                      |  ETA: 0:01:17[K
     batch: 8/100[K
   samples: 1024/12800[K
[A
[A


[K[A
[K[A
epoch 24  10%|█████                                     |  ETA: 0:01:14[K
     batch: 10/100[K
   samples: 1280/12800[K
[A
[A


[K[A
[K[A
epoch 24  12%|██████                                    |  ETA: 0:01:13[K
     batch: 12/100[K
   samples: 1536/12800[K
[A
[A


[K[A
[K[A
epoch 24  14%|██████                                    |  ETA: 0:01:11[K
     batch: 14/100[K
   samples: 1792/12800[K
[A
[A


[K[A
[K[A
epoch 24  16%|███████                                   |  ETA: 0:01:08[K
     batch: 16/100[K
   samples: 2048/12800[K
[A
[A


[K[A
[K[A
epoch 24  18%|████████                                  |  ETA: 0:01:06[K
     batch: 18/100[K
   samples: 2304/12800[K
[A
[A


[K[A
[K[A
epoch 24  20%|█████████                                 |  ETA: 0:01:06[K
     batch: 20/100[K
   samples: 2560/12800[K
[A
[A


[K[A
[K[A
epoch 24  22%|██████████                                |  ETA: 0:01:04[K
     batch: 22/100[K
   samples: 2816/12800[K
[A
[A


[K[A
[K[A
epoch 24  24%|███████████                               |  ETA: 0:01:02[K
     batch: 24/100[K
   samples: 3072/12800[K
[A
[A


[K[A
[K[A
epoch 24  26%|███████████                               |  ETA: 0:01:00[K
     batch: 26/100[K
   samples: 3328/12800[K
[A
[A


[K[A
[K[A
epoch 24  28%|████████████                              |  ETA: 0:00:59[K
     batch: 28/100[K
   samples: 3584/12800[K
[A
[A


[K[A
[K[A
epoch 24  30%|█████████████                             |  ETA: 0:00:57[K
     batch: 30/100[K
   samples: 3840/12800[K
[A
[A


[K[A
[K[A
epoch 24  32%|██████████████                            |  ETA: 0:00:55[K
     batch: 32/100[K
   samples: 4096/12800[K
[A
[A


[K[A
[K[A
epoch 24  34%|███████████████                           |  ETA: 0:00:53[K
     batch: 34/100[K
   samples: 4352/12800[K
[A
[A


[K[A
[K[A
epoch 24  36%|████████████████                          |  ETA: 0:00:51[K
     batch: 36/100[K
   samples: 4608/12800[K
[A
[A


[K[A
[K[A
epoch 24  38%|████████████████                          |  ETA: 0:00:49[K
     batch: 38/100[K
   samples: 4864/12800[K
[A
[A


[K[A
[K[A
epoch 24  40%|█████████████████                         |  ETA: 0:00:48[K
     batch: 40/100[K
   samples: 5120/12800[K
[A
[A


[K[A
[K[A
epoch 24  42%|██████████████████                        |  ETA: 0:00:46[K
     batch: 42/100[K
   samples: 5376/12800[K
[A
[A


[K[A
[K[A
epoch 24  44%|███████████████████                       |  ETA: 0:00:44[K
     batch: 44/100[K
   samples: 5632/12800[K
[A
[A


[K[A
[K[A
epoch 24  46%|████████████████████                      |  ETA: 0:00:43[K
     batch: 46/100[K
   samples: 5888/12800[K
[A
[A


[K[A
[K[A
epoch 24  48%|█████████████████████                     |  ETA: 0:00:41[K
     batch: 48/100[K
   samples: 6144/12800[K
[A
[A


[K[A
[K[A
epoch 24  50%|██████████████████████                    |  ETA: 0:00:40[K
     batch: 50/100[K
   samples: 6400/12800[K
[A
[A


[K[A
[K[A
epoch 24  52%|██████████████████████                    |  ETA: 0:00:38[K
     batch: 52/100[K
   samples: 6656/12800[K
[A
[A


[K[A
[K[A
epoch 24  54%|███████████████████████                   |  ETA: 0:00:37[K
     batch: 54/100[K
   samples: 6912/12800[K
[A
[A


[K[A
[K[A
epoch 24  56%|████████████████████████                  |  ETA: 0:00:35[K
     batch: 56/100[K
   samples: 7168/12800[K
[A
[A


[K[A
[K[A
epoch 24  58%|█████████████████████████                 |  ETA: 0:00:33[K
     batch: 58/100[K
   samples: 7424/12800[K
[A
[A


[K[A
[K[A
epoch 24  60%|██████████████████████████                |  ETA: 0:00:32[K
     batch: 60/100[K
   samples: 7680/12800[K
[A
[A


[K[A
[K[A
epoch 24  62%|███████████████████████████               |  ETA: 0:00:30[K
     batch: 62/100[K
   samples: 7936/12800[K
[A
[A


[K[A
[K[A
epoch 24  64%|███████████████████████████               |  ETA: 0:00:29[K
     batch: 64/100[K
   samples: 8192/12800[K
[A
[A


[K[A
[K[A
epoch 24  66%|████████████████████████████              |  ETA: 0:00:27[K
     batch: 66/100[K
   samples: 8448/12800[K
[A
[A


[K[A
[K[A
epoch 24  68%|█████████████████████████████             |  ETA: 0:00:25[K
     batch: 68/100[K
   samples: 8704/12800[K
[A
[A


[K[A
[K[A
epoch 24  70%|██████████████████████████████            |  ETA: 0:00:24[K
     batch: 70/100[K
   samples: 8960/12800[K
[A
[A


[K[A
[K[A
epoch 24  72%|███████████████████████████████           |  ETA: 0:00:22[K
     batch: 72/100[K
   samples: 9216/12800[K
[A
[A


[K[A
[K[A
epoch 24  74%|████████████████████████████████          |  ETA: 0:00:21[K
     batch: 74/100[K
   samples: 9472/12800[K
[A
[A


[K[A
[K[A
epoch 24  76%|████████████████████████████████          |  ETA: 0:00:19[K
     batch: 76/100[K
   samples: 9728/12800[K
[A
[A


[K[A
[K[A
epoch 24  78%|█████████████████████████████████         |  ETA: 0:00:17[K
     batch: 78/100[K
   samples: 9984/12800[K
[A
[A


[K[A
[K[A
epoch 24  80%|██████████████████████████████████        |  ETA: 0:00:16[K
     batch: 80/100[K
   samples: 10240/12800[K
[A
[A


[K[A
[K[A
epoch 24  82%|███████████████████████████████████       |  ETA: 0:00:14[K
     batch: 82/100[K
   samples: 10496/12800[K
[A
[A


[K[A
[K[A
epoch 24  84%|████████████████████████████████████      |  ETA: 0:00:13[K
     batch: 84/100[K
   samples: 10752/12800[K
[A
[A


[K[A
[K[A
epoch 24  86%|█████████████████████████████████████     |  ETA: 0:00:11[K
     batch: 86/100[K
   samples: 11008/12800[K
[A
[A


[K[A
[K[A
epoch 24  88%|█████████████████████████████████████     |  ETA: 0:00:10[K
     batch: 88/100[K
   samples: 11264/12800[K
[A
[A


[K[A
[K[A
epoch 24  90%|██████████████████████████████████████    |  ETA: 0:00:08[K
     batch: 90/100[K
   samples: 11520/12800[K
[A
[A


[K[A
[K[A
epoch 24  92%|███████████████████████████████████████   |  ETA: 0:00:06[K
     batch: 92/100[K
   samples: 11776/12800[K
[A
[A


[K[A
[K[A
epoch 24  94%|████████████████████████████████████████  |  ETA: 0:00:05[K
     batch: 94/100[K
   samples: 12032/12800[K
[A
[A


[K[A
[K[A
epoch 24  96%|█████████████████████████████████████████ |  ETA: 0:00:03[K
     batch: 96/100[K
   samples: 12288/12800[K
[A
[A


[K[A
[K[A
epoch 24  98%|██████████████████████████████████████████|  ETA: 0:00:02[K
     batch: 98/100[K
   samples: 12544/12800[K
[A
[A


[K[A
[K[A
epoch 24 100%|██████████████████████████████████████████| Time: 0:01:19[K
     batch: 100/100[K
   samples: 12800/12800[K

epoch 25   2%|█                                         |  ETA: 0:01:21[K
     batch: 2/100[K
   samples: 256/12800[K
[A
[A


[K[A
[K[A
epoch 25   4%|██                                        |  ETA: 0:01:22[K
     batch: 4/100[K
   samples: 512/12800[K
[A
[A


[K[A
[K[A
epoch 25   6%|███                                       |  ETA: 0:01:18[K
     batch: 6/100[K
   samples: 768/12800[K
[A
[A


[K[A
[K[A
epoch 25   8%|████                                      |  ETA: 0:01:14[K
     batch: 8/100[K
   samples: 1024/12800[K
[A
[A


[K[A
[K[A
epoch 25  10%|█████                                     |  ETA: 0:01:12[K
     batch: 10/100[K
   samples: 1280/12800[K
[A
[A


[K[A
[K[A
epoch 25  12%|██████                                    |  ETA: 0:01:10[K
     batch: 12/100[K
   samples: 1536/12800[K
[A
[A


[K[A
[K[A
epoch 25  14%|██████                                    |  ETA: 0:01:08[K
     batch: 14/100[K
   samples: 1792/12800[K
[A
[A


[K[A
[K[A
epoch 25  16%|███████                                   |  ETA: 0:01:06[K
     batch: 16/100[K
   samples: 2048/12800[K
[A
[A


[K[A
[K[A
epoch 25  18%|████████                                  |  ETA: 0:01:05[K
     batch: 18/100[K
   samples: 2304/12800[K
[A
[A


[K[A
[K[A
epoch 25  20%|█████████                                 |  ETA: 0:01:03[K
     batch: 20/100[K
   samples: 2560/12800[K
[A
[A


[K[A
[K[A
epoch 25  22%|██████████                                |  ETA: 0:01:01[K
     batch: 22/100[K
   samples: 2816/12800[K
[A
[A


[K[A
[K[A
epoch 25  24%|███████████                               |  ETA: 0:00:59[K
     batch: 24/100[K
   samples: 3072/12800[K
[A
[A


[K[A
[K[A
epoch 25  26%|███████████                               |  ETA: 0:00:57[K
     batch: 26/100[K
   samples: 3328/12800[K
[A
[A


[K[A
[K[A
epoch 25  28%|████████████                              |  ETA: 0:00:55[K
     batch: 28/100[K
   samples: 3584/12800[K
[A
[A


[K[A
[K[A
epoch 25  30%|█████████████                             |  ETA: 0:00:54[K
     batch: 30/100[K
   samples: 3840/12800[K
[A
[A


[K[A
[K[A
epoch 25  32%|██████████████                            |  ETA: 0:00:52[K
     batch: 32/100[K
   samples: 4096/12800[K
[A
[A


[K[A
[K[A
epoch 25  34%|███████████████                           |  ETA: 0:00:51[K
     batch: 34/100[K
   samples: 4352/12800[K
[A
[A


[K[A
[K[A
epoch 25  36%|████████████████                          |  ETA: 0:00:49[K
     batch: 36/100[K
   samples: 4608/12800[K
[A
[A


[K[A
[K[A
epoch 25  38%|████████████████                          |  ETA: 0:00:47[K
     batch: 38/100[K
   samples: 4864/12800[K
[A
[A


[K[A
[K[A
epoch 25  40%|█████████████████                         |  ETA: 0:00:46[K
     batch: 40/100[K
   samples: 5120/12800[K
[A
[A


[K[A
[K[A
epoch 25  42%|██████████████████                        |  ETA: 0:00:44[K
     batch: 42/100[K
   samples: 5376/12800[K
[A
[A


[K[A
[K[A
epoch 25  44%|███████████████████                       |  ETA: 0:00:43[K
     batch: 44/100[K
   samples: 5632/12800[K
[A
[A


[K[A
[K[A
epoch 25  46%|████████████████████                      |  ETA: 0:00:41[K
     batch: 46/100[K
   samples: 5888/12800[K
[A
[A


[K[A
[K[A
epoch 25  48%|█████████████████████                     |  ETA: 0:00:40[K
     batch: 48/100[K
   samples: 6144/12800[K
[A
[A


[K[A
[K[A
epoch 25  50%|██████████████████████                    |  ETA: 0:00:38[K
     batch: 50/100[K
   samples: 6400/12800[K
[A
[A


[K[A
[K[A
epoch 25  52%|██████████████████████                    |  ETA: 0:00:37[K
     batch: 52/100[K
   samples: 6656/12800[K
[A
[A


[K[A
[K[A
epoch 25  54%|███████████████████████                   |  ETA: 0:00:35[K
     batch: 54/100[K
   samples: 6912/12800[K
[A
[A


[K[A
[K[A
epoch 25  56%|████████████████████████                  |  ETA: 0:00:34[K
     batch: 56/100[K
   samples: 7168/12800[K
[A
[A


[K[A
[K[A
epoch 25  58%|█████████████████████████                 |  ETA: 0:00:32[K
     batch: 58/100[K
   samples: 7424/12800[K
[A
[A


[K[A
[K[A
epoch 25  60%|██████████████████████████                |  ETA: 0:00:31[K
     batch: 60/100[K
   samples: 7680/12800[K
[A
[A


[K[A
[K[A
epoch 25  62%|███████████████████████████               |  ETA: 0:00:29[K
     batch: 62/100[K
   samples: 7936/12800[K
[A
[A


[K[A
[K[A
epoch 25  64%|███████████████████████████               |  ETA: 0:00:28[K
     batch: 64/100[K
   samples: 8192/12800[K
[A
[A


[K[A
[K[A
epoch 25  66%|████████████████████████████              |  ETA: 0:00:26[K
     batch: 66/100[K
   samples: 8448/12800[K
[A
[A


[K[A
[K[A
epoch 25  68%|█████████████████████████████             |  ETA: 0:00:25[K
     batch: 68/100[K
   samples: 8704/12800[K
[A
[A


[K[A
[K[A
epoch 25  70%|██████████████████████████████            |  ETA: 0:00:23[K
     batch: 70/100[K
   samples: 8960/12800[K
[A
[A


[K[A
[K[A
epoch 25  72%|███████████████████████████████           |  ETA: 0:00:22[K
     batch: 72/100[K
   samples: 9216/12800[K
[A
[A


[K[A
[K[A
epoch 25  74%|████████████████████████████████          |  ETA: 0:00:20[K
     batch: 74/100[K
   samples: 9472/12800[K
[A
[A


[K[A
[K[A
epoch 25  76%|████████████████████████████████          |  ETA: 0:00:19[K
     batch: 76/100[K
   samples: 9728/12800[K
[A
[A


[K[A
[K[A
epoch 25  78%|█████████████████████████████████         |  ETA: 0:00:17[K
     batch: 78/100[K
   samples: 9984/12800[K
[A
[A


[K[A
[K[A
epoch 25  80%|██████████████████████████████████        |  ETA: 0:00:15[K
     batch: 80/100[K
   samples: 10240/12800[K
[A
[A


[K[A
[K[A
epoch 25  82%|███████████████████████████████████       |  ETA: 0:00:14[K
     batch: 82/100[K
   samples: 10496/12800[K
[A
[A


[K[A
[K[A
epoch 25  84%|████████████████████████████████████      |  ETA: 0:00:12[K
     batch: 84/100[K
   samples: 10752/12800[K
[A
[A


[K[A
[K[A
epoch 25  86%|█████████████████████████████████████     |  ETA: 0:00:11[K
     batch: 86/100[K
   samples: 11008/12800[K
[A
[A


[K[A
[K[A
epoch 25  88%|█████████████████████████████████████     |  ETA: 0:00:09[K
     batch: 88/100[K
   samples: 11264/12800[K
[A
[A


[K[A
[K[A
epoch 25  90%|██████████████████████████████████████    |  ETA: 0:00:08[K
     batch: 90/100[K
   samples: 11520/12800[K
[A
[A


[K[A
[K[A
epoch 25  92%|███████████████████████████████████████   |  ETA: 0:00:06[K
     batch: 92/100[K
   samples: 11776/12800[K
[A
[A


[K[A
[K[A
epoch 25  94%|████████████████████████████████████████  |  ETA: 0:00:05[K
     batch: 94/100[K
   samples: 12032/12800[K
[A
[A


[K[A
[K[A
epoch 25  96%|█████████████████████████████████████████ |  ETA: 0:00:03[K
     batch: 96/100[K
   samples: 12288/12800[K
[A
[A


[K[A
[K[A
epoch 25  98%|██████████████████████████████████████████|  ETA: 0:00:02[K
     batch: 98/100[K
   samples: 12544/12800[K
[A
[A


[K[A
[K[A
epoch 25 100%|██████████████████████████████████████████| Time: 0:01:16[K
     batch: 100/100[K
   samples: 12800/12800[K

epoch 26   2%|█                                         |  ETA: 0:01:22[K
     batch: 2/100[K
   samples: 256/12800[K
[A
[A


[K[A
[K[A
epoch 26   3%|██                                        |  ETA: 0:01:29[K
     batch: 3/100[K
   samples: 384/12800[K
[A
[A


[K[A
[K[A
epoch 26   5%|███                                       |  ETA: 0:01:23[K
     batch: 5/100[K
   samples: 640/12800[K
[A
[A


[K[A
[K[A
epoch 26   7%|███                                       |  ETA: 0:01:19[K
     batch: 7/100[K
   samples: 896/12800[K
[A
[A


[K[A
[K[A
epoch 26   9%|████                                      |  ETA: 0:01:16[K
     batch: 9/100[K
   samples: 1152/12800[K
[A
[A


[K[A
[K[A
epoch 26  11%|█████                                     |  ETA: 0:01:15[K
     batch: 11/100[K
   samples: 1408/12800[K
[A
[A


[K[A
[K[A
epoch 26  13%|██████                                    |  ETA: 0:01:12[K
     batch: 13/100[K
   samples: 1664/12800[K
[A
[A


[K[A
[K[A
epoch 26  15%|███████                                   |  ETA: 0:01:10[K
     batch: 15/100[K
   samples: 1920/12800[K
[A
[A


[K[A
[K[A
epoch 26  17%|████████                                  |  ETA: 0:01:09[K
     batch: 17/100[K
   samples: 2176/12800[K
[A
[A


[K[A
[K[A
epoch 26  19%|████████                                  |  ETA: 0:01:07[K
     batch: 19/100[K
   samples: 2432/12800[K
[A
[A


[K[A
[K[A
epoch 26  21%|█████████                                 |  ETA: 0:01:05[K
     batch: 21/100[K
   samples: 2688/12800[K
[A
[A


[K[A
[K[A
epoch 26  23%|██████████                                |  ETA: 0:01:03[K
     batch: 23/100[K
   samples: 2944/12800[K
[A
[A


[K[A
[K[A
epoch 26  25%|███████████                               |  ETA: 0:01:01[K
     batch: 25/100[K
   samples: 3200/12800[K
[A
[A


[K[A
[K[A
epoch 26  27%|████████████                              |  ETA: 0:00:59[K
     batch: 27/100[K
   samples: 3456/12800[K
[A
[A


[K[A
[K[A
epoch 26  29%|█████████████                             |  ETA: 0:00:57[K
     batch: 29/100[K
   samples: 3712/12800[K
[A
[A


[K[A
[K[A
epoch 26  31%|██████████████                            |  ETA: 0:00:56[K
     batch: 31/100[K
   samples: 3968/12800[K
[A
[A


[K[A
[K[A
epoch 26  33%|██████████████                            |  ETA: 0:00:54[K
     batch: 33/100[K
   samples: 4224/12800[K
[A
[A


[K[A
[K[A
epoch 26  35%|███████████████                           |  ETA: 0:00:53[K
     batch: 35/100[K
   samples: 4480/12800[K
[A
[A


[K[A
[K[A
epoch 26  37%|████████████████                          |  ETA: 0:00:51[K
     batch: 37/100[K
   samples: 4736/12800[K
[A
[A


[K[A
[K[A
epoch 26  39%|█████████████████                         |  ETA: 0:00:50[K
     batch: 39/100[K
   samples: 4992/12800[K
[A
[A


[K[A
[K[A
epoch 26  41%|██████████████████                        |  ETA: 0:00:48[K
     batch: 41/100[K
   samples: 5248/12800[K
[A
[A


[K[A
[K[A
epoch 26  43%|███████████████████                       |  ETA: 0:00:46[K
     batch: 43/100[K
   samples: 5504/12800[K
[A
[A


[K[A
[K[A
epoch 26  44%|███████████████████                       |  ETA: 0:00:46[K
     batch: 44/100[K
   samples: 5632/12800[K
[A
[A


[K[A
[K[A
epoch 26  46%|████████████████████                      |  ETA: 0:00:44[K
     batch: 46/100[K
   samples: 5888/12800[K
[A
[A


[K[A
[K[A
epoch 26  48%|█████████████████████                     |  ETA: 0:00:43[K
     batch: 48/100[K
   samples: 6144/12800[K
[A
[A


[K[A
[K[A
epoch 26  50%|██████████████████████                    |  ETA: 0:00:41[K
     batch: 50/100[K
   samples: 6400/12800[K
[A
[A


[K[A
[K[A
epoch 26  52%|██████████████████████                    |  ETA: 0:00:39[K
     batch: 52/100[K
   samples: 6656/12800[K
[A
[A


[K[A
[K[A
epoch 26  54%|███████████████████████                   |  ETA: 0:00:38[K
     batch: 54/100[K
   samples: 6912/12800[K
[A
[A


[K[A
[K[A
epoch 26  56%|████████████████████████                  |  ETA: 0:00:36[K
     batch: 56/100[K
   samples: 7168/12800[K
[A
[A


[K[A
[K[A
epoch 26  58%|█████████████████████████                 |  ETA: 0:00:34[K
     batch: 58/100[K
   samples: 7424/12800[K
[A
[A


[K[A
[K[A
epoch 26  60%|██████████████████████████                |  ETA: 0:00:32[K
     batch: 60/100[K
   samples: 7680/12800[K
[A
[A


[K[A
[K[A
epoch 26  62%|███████████████████████████               |  ETA: 0:00:31[K
     batch: 62/100[K
   samples: 7936/12800[K
[A
[A


[K[A
[K[A
epoch 26  64%|███████████████████████████               |  ETA: 0:00:29[K
     batch: 64/100[K
   samples: 8192/12800[K
[A
[A


[K[A
[K[A
epoch 26  66%|████████████████████████████              |  ETA: 0:00:27[K
     batch: 66/100[K
   samples: 8448/12800[K
[A
[A


[K[A
[K[A
epoch 26  68%|█████████████████████████████             |  ETA: 0:00:26[K
     batch: 68/100[K
   samples: 8704/12800[K
[A
[A


[K[A
[K[A
epoch 26  70%|██████████████████████████████            |  ETA: 0:00:24[K
     batch: 70/100[K
   samples: 8960/12800[K
[A
[A


[K[A
[K[A
epoch 26  72%|███████████████████████████████           |  ETA: 0:00:22[K
     batch: 72/100[K
   samples: 9216/12800[K
[A
[A


[K[A
[K[A
epoch 26  74%|████████████████████████████████          |  ETA: 0:00:21[K
     batch: 74/100[K
   samples: 9472/12800[K
[A
[A


[K[A
[K[A
epoch 26  76%|████████████████████████████████          |  ETA: 0:00:19[K
     batch: 76/100[K
   samples: 9728/12800[K
[A
[A


[K[A
[K[A
epoch 26  78%|█████████████████████████████████         |  ETA: 0:00:17[K
     batch: 78/100[K
   samples: 9984/12800[K
[A
[A


[K[A
[K[A
epoch 26  80%|██████████████████████████████████        |  ETA: 0:00:16[K
     batch: 80/100[K
   samples: 10240/12800[K
[A
[A


[K[A
[K[A
epoch 26  82%|███████████████████████████████████       |  ETA: 0:00:14[K
     batch: 82/100[K
   samples: 10496/12800[K
[A
[A


[K[A
[K[A
epoch 26  84%|████████████████████████████████████      |  ETA: 0:00:13[K
     batch: 84/100[K
   samples: 10752/12800[K
[A
[A


[K[A
[K[A
epoch 26  86%|█████████████████████████████████████     |  ETA: 0:00:11[K
     batch: 86/100[K
   samples: 11008/12800[K
[A
[A


[K[A
[K[A
epoch 26  88%|█████████████████████████████████████     |  ETA: 0:00:09[K
     batch: 88/100[K
   samples: 11264/12800[K
[A
[A


[K[A
[K[A
epoch 26  90%|██████████████████████████████████████    |  ETA: 0:00:08[K
     batch: 90/100[K
   samples: 11520/12800[K
[A
[A


[K[A
[K[A
epoch 26  92%|███████████████████████████████████████   |  ETA: 0:00:06[K
     batch: 92/100[K
   samples: 11776/12800[K
[A
[A


[K[A
[K[A
epoch 26  93%|████████████████████████████████████████  |  ETA: 0:00:06[K
     batch: 93/100[K
   samples: 11904/12800[K
[A
[A


[K[A
[K[A
epoch 26  95%|████████████████████████████████████████  |  ETA: 0:00:04[K
     batch: 95/100[K
   samples: 12160/12800[K
[A
[A


[K[A
[K[A
epoch 26  97%|█████████████████████████████████████████ |  ETA: 0:00:02[K
     batch: 97/100[K
   samples: 12416/12800[K
[A
[A


[K[A
[K[A
epoch 26  99%|██████████████████████████████████████████|  ETA: 0:00:01[K
     batch: 99/100[K
   samples: 12672/12800[K
[A
[A


[K[A
[K[A
epoch 26 100%|██████████████████████████████████████████| Time: 0:01:19[K
     batch: 100/100[K
   samples: 12800/12800[K

epoch 27   2%|█                                         |  ETA: 0:01:11[K
     batch: 2/100[K
   samples: 256/12800[K
[A
[A


[K[A
[K[A
epoch 27   4%|██                                        |  ETA: 0:01:09[K
     batch: 4/100[K
   samples: 512/12800[K
[A
[A


[K[A
[K[A
epoch 27   6%|███                                       |  ETA: 0:01:08[K
     batch: 6/100[K
   samples: 768/12800[K
[A
[A


[K[A
[K[A
epoch 27   8%|████                                      |  ETA: 0:01:07[K
     batch: 8/100[K
   samples: 1024/12800[K
[A
[A


[K[A
[K[A
epoch 27  10%|█████                                     |  ETA: 0:01:06[K
     batch: 10/100[K
   samples: 1280/12800[K
[A
[A


[K[A
[K[A
epoch 27  12%|██████                                    |  ETA: 0:01:04[K
     batch: 12/100[K
   samples: 1536/12800[K
[A
[A


[K[A
[K[A
epoch 27  14%|██████                                    |  ETA: 0:01:03[K
     batch: 14/100[K
   samples: 1792/12800[K
[A
[A


[K[A
[K[A
epoch 27  16%|███████                                   |  ETA: 0:01:02[K
     batch: 16/100[K
   samples: 2048/12800[K
[A
[A


[K[A
[K[A
epoch 27  18%|████████                                  |  ETA: 0:01:01[K
     batch: 18/100[K
   samples: 2304/12800[K
[A
[A


[K[A
[K[A
epoch 27  20%|█████████                                 |  ETA: 0:01:00[K
     batch: 20/100[K
   samples: 2560/12800[K
[A
[A


[K[A
[K[A
epoch 27  22%|██████████                                |  ETA: 0:00:59[K
     batch: 22/100[K
   samples: 2816/12800[K
[A
[A


[K[A
[K[A
epoch 27  24%|███████████                               |  ETA: 0:00:57[K
     batch: 24/100[K
   samples: 3072/12800[K
[A
[A


[K[A
[K[A
epoch 27  26%|███████████                               |  ETA: 0:00:56[K
     batch: 26/100[K
   samples: 3328/12800[K
[A
[A


[K[A
[K[A
epoch 27  28%|████████████                              |  ETA: 0:00:55[K
     batch: 28/100[K
   samples: 3584/12800[K
[A
[A


[K[A
[K[A
epoch 27  30%|█████████████                             |  ETA: 0:00:53[K
     batch: 30/100[K
   samples: 3840/12800[K
[A
[A


[K[A
[K[A
epoch 27  32%|██████████████                            |  ETA: 0:00:52[K
     batch: 32/100[K
   samples: 4096/12800[K
[A
[A


[K[A
[K[A
epoch 27  34%|███████████████                           |  ETA: 0:00:50[K
     batch: 34/100[K
   samples: 4352/12800[K
[A
[A


[K[A
[K[A
epoch 27  36%|████████████████                          |  ETA: 0:00:49[K
     batch: 36/100[K
   samples: 4608/12800[K
[A
[A


[K[A
[K[A
epoch 27  38%|████████████████                          |  ETA: 0:00:47[K
     batch: 38/100[K
   samples: 4864/12800[K
[A
[A


[K[A
[K[A
epoch 27  40%|█████████████████                         |  ETA: 0:00:46[K
     batch: 40/100[K
   samples: 5120/12800[K
[A
[A


[K[A
[K[A
epoch 27  42%|██████████████████                        |  ETA: 0:00:44[K
     batch: 42/100[K
   samples: 5376/12800[K
[A
[A


[K[A
[K[A
epoch 27  44%|███████████████████                       |  ETA: 0:00:43[K
     batch: 44/100[K
   samples: 5632/12800[K
[A
[A


[K[A
[K[A
epoch 27  46%|████████████████████                      |  ETA: 0:00:41[K
     batch: 46/100[K
   samples: 5888/12800[K
[A
[A


[K[A
[K[A
epoch 27  48%|█████████████████████                     |  ETA: 0:00:40[K
     batch: 48/100[K
   samples: 6144/12800[K
[A
[A


[K[A
[K[A
epoch 27  50%|██████████████████████                    |  ETA: 0:00:38[K
     batch: 50/100[K
   samples: 6400/12800[K
[A
[A


[K[A
[K[A
epoch 27  52%|██████████████████████                    |  ETA: 0:00:37[K
     batch: 52/100[K
   samples: 6656/12800[K
[A
[A


[K[A
[K[A
epoch 27  54%|███████████████████████                   |  ETA: 0:00:35[K
     batch: 54/100[K
   samples: 6912/12800[K
[A
[A


[K[A
[K[A
epoch 27  56%|████████████████████████                  |  ETA: 0:00:34[K
     batch: 56/100[K
   samples: 7168/12800[K
[A
[A


[K[A
[K[A
epoch 27  58%|█████████████████████████                 |  ETA: 0:00:32[K
     batch: 58/100[K
   samples: 7424/12800[K
[A
[A


[K[A
[K[A
epoch 27  60%|██████████████████████████                |  ETA: 0:00:31[K
     batch: 60/100[K
   samples: 7680/12800[K
[A
[A


[K[A
[K[A
epoch 27  62%|███████████████████████████               |  ETA: 0:00:29[K
     batch: 62/100[K
   samples: 7936/12800[K
[A
[A


[K[A
[K[A
epoch 27  64%|███████████████████████████               |  ETA: 0:00:28[K
     batch: 64/100[K
   samples: 8192/12800[K
[A
[A


[K[A
[K[A
epoch 27  66%|████████████████████████████              |  ETA: 0:00:26[K
     batch: 66/100[K
   samples: 8448/12800[K
[A
[A


[K[A
[K[A
epoch 27  68%|█████████████████████████████             |  ETA: 0:00:24[K
     batch: 68/100[K
   samples: 8704/12800[K
[A
[A


[K[A
[K[A
epoch 27  70%|██████████████████████████████            |  ETA: 0:00:23[K
     batch: 70/100[K
   samples: 8960/12800[K
[A
[A


[K[A
[K[A
epoch 27  72%|███████████████████████████████           |  ETA: 0:00:21[K
     batch: 72/100[K
   samples: 9216/12800[K
[A
[A


[K[A
[K[A
epoch 27  74%|████████████████████████████████          |  ETA: 0:00:20[K
     batch: 74/100[K
   samples: 9472/12800[K
[A
[A


[K[A
[K[A
epoch 27  76%|████████████████████████████████          |  ETA: 0:00:18[K
     batch: 76/100[K
   samples: 9728/12800[K
[A
[A


[K[A
[K[A
epoch 27  78%|█████████████████████████████████         |  ETA: 0:00:17[K
     batch: 78/100[K
   samples: 9984/12800[K
[A
[A


[K[A
[K[A
epoch 27  80%|██████████████████████████████████        |  ETA: 0:00:15[K
     batch: 80/100[K
   samples: 10240/12800[K
[A
[A


[K[A
[K[A
epoch 27  82%|███████████████████████████████████       |  ETA: 0:00:14[K
     batch: 82/100[K
   samples: 10496/12800[K
[A
[A


[K[A
[K[A
epoch 27  84%|████████████████████████████████████      |  ETA: 0:00:12[K
     batch: 84/100[K
   samples: 10752/12800[K
[A
[A


[K[A
[K[A
epoch 27  86%|█████████████████████████████████████     |  ETA: 0:00:11[K
     batch: 86/100[K
   samples: 11008/12800[K
[A
[A


[K[A
[K[A
epoch 27  88%|█████████████████████████████████████     |  ETA: 0:00:09[K
     batch: 88/100[K
   samples: 11264/12800[K
[A
[A


[K[A
[K[A
epoch 27  90%|██████████████████████████████████████    |  ETA: 0:00:08[K
     batch: 90/100[K
   samples: 11520/12800[K
[A
[A


[K[A
[K[A
epoch 27  92%|███████████████████████████████████████   |  ETA: 0:00:06[K
     batch: 92/100[K
   samples: 11776/12800[K
[A
[A


[K[A
[K[A
epoch 27  94%|████████████████████████████████████████  |  ETA: 0:00:05[K
     batch: 94/100[K
   samples: 12032/12800[K
[A
[A


[K[A
[K[A
epoch 27  96%|█████████████████████████████████████████ |  ETA: 0:00:03[K
     batch: 96/100[K
   samples: 12288/12800[K
[A
[A


[K[A
[K[A
epoch 27  98%|██████████████████████████████████████████|  ETA: 0:00:02[K
     batch: 98/100[K
   samples: 12544/12800[K
[A
[A


[K[A
[K[A
epoch 27 100%|██████████████████████████████████████████| Time: 0:01:17[K
     batch: 100/100[K
   samples: 12800/12800[K

epoch 28   2%|█                                         |  ETA: 0:01:17[K
     batch: 2/100[K
   samples: 256/12800[K
[A
[A


[K[A
[K[A
epoch 28   4%|██                                        |  ETA: 0:01:14[K
     batch: 4/100[K
   samples: 512/12800[K
[A
[A


[K[A
[K[A
epoch 28   6%|███                                       |  ETA: 0:01:14[K
     batch: 6/100[K
   samples: 768/12800[K
[A
[A


[K[A
[K[A
epoch 28   8%|████                                      |  ETA: 0:01:15[K
     batch: 8/100[K
   samples: 1024/12800[K
[A
[A


[K[A
[K[A
epoch 28  10%|█████                                     |  ETA: 0:01:13[K
     batch: 10/100[K
   samples: 1280/12800[K
[A
[A


[K[A
[K[A
epoch 28  12%|██████                                    |  ETA: 0:01:12[K
     batch: 12/100[K
   samples: 1536/12800[K
[A
[A


[K[A
[K[A
epoch 28  14%|██████                                    |  ETA: 0:01:11[K
     batch: 14/100[K
   samples: 1792/12800[K
[A
[A


[K[A
[K[A
epoch 28  16%|███████                                   |  ETA: 0:01:09[K
     batch: 16/100[K
   samples: 2048/12800[K
[A
[A


[K[A
[K[A
epoch 28  18%|████████                                  |  ETA: 0:01:07[K
     batch: 18/100[K
   samples: 2304/12800[K
[A
[A


[K[A
[K[A
epoch 28  20%|█████████                                 |  ETA: 0:01:05[K
     batch: 20/100[K
   samples: 2560/12800[K
[A
[A


[K[A
[K[A
epoch 28  22%|██████████                                |  ETA: 0:01:04[K
     batch: 22/100[K
   samples: 2816/12800[K
[A
[A


[K[A
[K[A
epoch 28  24%|███████████                               |  ETA: 0:01:02[K
     batch: 24/100[K
   samples: 3072/12800[K
[A
[A


[K[A
[K[A
epoch 28  26%|███████████                               |  ETA: 0:01:01[K
     batch: 26/100[K
   samples: 3328/12800[K
[A
[A


[K[A
[K[A
epoch 28  28%|████████████                              |  ETA: 0:00:59[K
     batch: 28/100[K
   samples: 3584/12800[K
[A
[A


[K[A
[K[A
epoch 28  30%|█████████████                             |  ETA: 0:00:57[K
     batch: 30/100[K
   samples: 3840/12800[K
[A
[A


[K[A
[K[A
epoch 28  32%|██████████████                            |  ETA: 0:00:56[K
     batch: 32/100[K
   samples: 4096/12800[K
[A
[A


[K[A
[K[A
epoch 28  34%|███████████████                           |  ETA: 0:00:54[K
     batch: 34/100[K
   samples: 4352/12800[K
[A
[A


[K[A
[K[A
epoch 28  36%|████████████████                          |  ETA: 0:00:52[K
     batch: 36/100[K
   samples: 4608/12800[K
[A
[A


[K[A
[K[A
epoch 28  38%|████████████████                          |  ETA: 0:00:51[K
     batch: 38/100[K
   samples: 4864/12800[K
[A
[A


[K[A
[K[A
epoch 28  40%|█████████████████                         |  ETA: 0:00:49[K
     batch: 40/100[K
   samples: 5120/12800[K
[A
[A


[K[A
[K[A
epoch 28  42%|██████████████████                        |  ETA: 0:00:47[K
     batch: 42/100[K
   samples: 5376/12800[K
[A
[A


[K[A
[K[A
epoch 28  44%|███████████████████                       |  ETA: 0:00:46[K
     batch: 44/100[K
   samples: 5632/12800[K
[A
[A


[K[A
[K[A
epoch 28  46%|████████████████████                      |  ETA: 0:00:44[K
     batch: 46/100[K
   samples: 5888/12800[K
[A
[A


[K[A
[K[A
epoch 28  48%|█████████████████████                     |  ETA: 0:00:43[K
     batch: 48/100[K
   samples: 6144/12800[K
[A
[A


[K[A
[K[A
epoch 28  50%|██████████████████████                    |  ETA: 0:00:41[K
     batch: 50/100[K
   samples: 6400/12800[K
[A
[A


[K[A
[K[A
epoch 28  52%|██████████████████████                    |  ETA: 0:00:40[K
     batch: 52/100[K
   samples: 6656/12800[K
[A
[A


[K[A
[K[A
epoch 28  54%|███████████████████████                   |  ETA: 0:00:38[K
     batch: 54/100[K
   samples: 6912/12800[K
[A
[A


[K[A
[K[A
epoch 28  56%|████████████████████████                  |  ETA: 0:00:36[K
     batch: 56/100[K
   samples: 7168/12800[K
[A
[A


[K[A
[K[A
epoch 28  58%|█████████████████████████                 |  ETA: 0:00:35[K
     batch: 58/100[K
   samples: 7424/12800[K
[A
[A


[K[A
[K[A
epoch 28  60%|██████████████████████████                |  ETA: 0:00:33[K
     batch: 60/100[K
   samples: 7680/12800[K
[A
[A


[K[A
[K[A
epoch 28  62%|███████████████████████████               |  ETA: 0:00:31[K
     batch: 62/100[K
   samples: 7936/12800[K
[A
[A


[K[A
[K[A
epoch 28  64%|███████████████████████████               |  ETA: 0:00:30[K
     batch: 64/100[K
   samples: 8192/12800[K
[A
[A


[K[A
[K[A
epoch 28  66%|████████████████████████████              |  ETA: 0:00:28[K
     batch: 66/100[K
   samples: 8448/12800[K
[A
[A


[K[A
[K[A
epoch 28  68%|█████████████████████████████             |  ETA: 0:00:26[K
     batch: 68/100[K
   samples: 8704/12800[K
[A
[A


[K[A
[K[A
epoch 28  70%|██████████████████████████████            |  ETA: 0:00:24[K
     batch: 70/100[K
   samples: 8960/12800[K
[A
[A


[K[A
[K[A
epoch 28  72%|███████████████████████████████           |  ETA: 0:00:23[K
     batch: 72/100[K
   samples: 9216/12800[K
[A
[A


[K[A
[K[A
epoch 28  74%|████████████████████████████████          |  ETA: 0:00:21[K
     batch: 74/100[K
   samples: 9472/12800[K
[A
[A


[K[A
[K[A
epoch 28  76%|████████████████████████████████          |  ETA: 0:00:19[K
     batch: 76/100[K
   samples: 9728/12800[K
[A
[A


[K[A
[K[A
epoch 28  78%|█████████████████████████████████         |  ETA: 0:00:18[K
     batch: 78/100[K
   samples: 9984/12800[K
[A
[A


[K[A
[K[A
epoch 28  80%|██████████████████████████████████        |  ETA: 0:00:16[K
     batch: 80/100[K
   samples: 10240/12800[K
[A
[A


[K[A
[K[A
epoch 28  82%|███████████████████████████████████       |  ETA: 0:00:14[K
     batch: 82/100[K
   samples: 10496/12800[K
[A
[A


[K[A
[K[A
epoch 28  84%|████████████████████████████████████      |  ETA: 0:00:13[K
     batch: 84/100[K
   samples: 10752/12800[K
[A
[A


[K[A
[K[A
epoch 28  86%|█████████████████████████████████████     |  ETA: 0:00:11[K
     batch: 86/100[K
   samples: 11008/12800[K
[A
[A


[K[A
[K[A
epoch 28  88%|█████████████████████████████████████     |  ETA: 0:00:10[K
     batch: 88/100[K
   samples: 11264/12800[K
[A
[A


[K[A
[K[A
epoch 28  90%|██████████████████████████████████████    |  ETA: 0:00:08[K
     batch: 90/100[K
   samples: 11520/12800[K
[A
[A


[K[A
[K[A
epoch 28  92%|███████████████████████████████████████   |  ETA: 0:00:06[K
     batch: 92/100[K
   samples: 11776/12800[K
[A
[A


[K[A
[K[A
epoch 28  94%|████████████████████████████████████████  |  ETA: 0:00:05[K
     batch: 94/100[K
   samples: 12032/12800[K
[A
[A


[K[A
[K[A
epoch 28  96%|█████████████████████████████████████████ |  ETA: 0:00:03[K
     batch: 96/100[K
   samples: 12288/12800[K
[A
[A


[K[A
[K[A
epoch 28  98%|██████████████████████████████████████████|  ETA: 0:00:02[K
     batch: 98/100[K
   samples: 12544/12800[K
[A
[A


[K[A
[K[A
epoch 28 100%|██████████████████████████████████████████| Time: 0:01:19[K
     batch: 100/100[K
   samples: 12800/12800[K

epoch 29   2%|█                                         |  ETA: 0:01:12[K
     batch: 2/100[K
   samples: 256/12800[K
[A
[A


[K[A
[K[A
epoch 29   4%|██                                        |  ETA: 0:01:12[K
     batch: 4/100[K
   samples: 512/12800[K
[A
[A


[K[A
[K[A
epoch 29   6%|███                                       |  ETA: 0:01:15[K
     batch: 6/100[K
   samples: 768/12800[K
[A
[A


[K[A
[K[A
epoch 29   8%|████                                      |  ETA: 0:01:14[K
     batch: 8/100[K
   samples: 1024/12800[K
[A
[A


[K[A
[K[A
epoch 29  10%|█████                                     |  ETA: 0:01:13[K
     batch: 10/100[K
   samples: 1280/12800[K
[A
[A


[K[A
[K[A
epoch 29  12%|██████                                    |  ETA: 0:01:15[K
     batch: 12/100[K
   samples: 1536/12800[K
[A
[A


[K[A
[K[A
epoch 29  14%|██████                                    |  ETA: 0:01:12[K
     batch: 14/100[K
   samples: 1792/12800[K
[A
[A


[K[A
[K[A
epoch 29  16%|███████                                   |  ETA: 0:01:10[K
     batch: 16/100[K
   samples: 2048/12800[K
[A
[A


[K[A
[K[A
epoch 29  18%|████████                                  |  ETA: 0:01:08[K
     batch: 18/100[K
   samples: 2304/12800[K
[A
[A


[K[A
[K[A
epoch 29  20%|█████████                                 |  ETA: 0:01:06[K
     batch: 20/100[K
   samples: 2560/12800[K
[A
[A


[K[A
[K[A
epoch 29  22%|██████████                                |  ETA: 0:01:04[K
     batch: 22/100[K
   samples: 2816/12800[K
[A
[A


[K[A
[K[A
epoch 29  24%|███████████                               |  ETA: 0:01:03[K
     batch: 24/100[K
   samples: 3072/12800[K
[A
[A


[K[A
[K[A
epoch 29  26%|███████████                               |  ETA: 0:01:01[K
     batch: 26/100[K
   samples: 3328/12800[K
[A
[A


[K[A
[K[A
epoch 29  28%|████████████                              |  ETA: 0:00:59[K
     batch: 28/100[K
   samples: 3584/12800[K
[A
[A


[K[A
[K[A
epoch 29  30%|█████████████                             |  ETA: 0:00:57[K
     batch: 30/100[K
   samples: 3840/12800[K
[A
[A


[K[A
[K[A
epoch 29  32%|██████████████                            |  ETA: 0:00:55[K
     batch: 32/100[K
   samples: 4096/12800[K
[A
[A


[K[A
[K[A
epoch 29  34%|███████████████                           |  ETA: 0:00:54[K
     batch: 34/100[K
   samples: 4352/12800[K
[A
[A


[K[A
[K[A
epoch 29  36%|████████████████                          |  ETA: 0:00:52[K
     batch: 36/100[K
   samples: 4608/12800[K
[A
[A


[K[A
[K[A
epoch 29  38%|████████████████                          |  ETA: 0:00:50[K
     batch: 38/100[K
   samples: 4864/12800[K
[A
[A


[K[A
[K[A
epoch 29  40%|█████████████████                         |  ETA: 0:00:48[K
     batch: 40/100[K
   samples: 5120/12800[K
[A
[A


[K[A
[K[A
epoch 29  42%|██████████████████                        |  ETA: 0:00:47[K
     batch: 42/100[K
   samples: 5376/12800[K
[A
[A


[K[A
[K[A
epoch 29  44%|███████████████████                       |  ETA: 0:00:45[K
     batch: 44/100[K
   samples: 5632/12800[K
[A
[A


[K[A
[K[A
epoch 29  46%|████████████████████                      |  ETA: 0:00:43[K
     batch: 46/100[K
   samples: 5888/12800[K
[A
[A


[K[A
[K[A
epoch 29  48%|█████████████████████                     |  ETA: 0:00:41[K
     batch: 48/100[K
   samples: 6144/12800[K
[A
[A


[K[A
[K[A
epoch 29  50%|██████████████████████                    |  ETA: 0:00:40[K
     batch: 50/100[K
   samples: 6400/12800[K
[A
[A


[K[A
[K[A
epoch 29  52%|██████████████████████                    |  ETA: 0:00:38[K
     batch: 52/100[K
   samples: 6656/12800[K
[A
[A


[K[A
[K[A
epoch 29  54%|███████████████████████                   |  ETA: 0:00:36[K
     batch: 54/100[K
   samples: 6912/12800[K
[A
[A


[K[A
[K[A
epoch 29  56%|████████████████████████                  |  ETA: 0:00:35[K
     batch: 56/100[K
   samples: 7168/12800[K
[A
[A


[K[A
[K[A
epoch 29  58%|█████████████████████████                 |  ETA: 0:00:33[K
     batch: 58/100[K
   samples: 7424/12800[K
[A
[A


[K[A
[K[A
epoch 29  60%|██████████████████████████                |  ETA: 0:00:31[K
     batch: 60/100[K
   samples: 7680/12800[K
[A
[A


[K[A
[K[A
epoch 29  62%|███████████████████████████               |  ETA: 0:00:30[K
     batch: 62/100[K
   samples: 7936/12800[K
[A
[A


[K[A
[K[A
epoch 29  64%|███████████████████████████               |  ETA: 0:00:28[K
     batch: 64/100[K
   samples: 8192/12800[K
[A
[A


[K[A
[K[A
epoch 29  66%|████████████████████████████              |  ETA: 0:00:26[K
     batch: 66/100[K
   samples: 8448/12800[K
[A
[A


[K[A
[K[A
epoch 29  68%|█████████████████████████████             |  ETA: 0:00:25[K
     batch: 68/100[K
   samples: 8704/12800[K
[A
[A


[K[A
[K[A
epoch 29  70%|██████████████████████████████            |  ETA: 0:00:23[K
     batch: 70/100[K
   samples: 8960/12800[K
[A
[A


[K[A
[K[A
epoch 29  72%|███████████████████████████████           |  ETA: 0:00:22[K
     batch: 72/100[K
   samples: 9216/12800[K
[A
[A


[K[A
[K[A
epoch 29  74%|████████████████████████████████          |  ETA: 0:00:20[K
     batch: 74/100[K
   samples: 9472/12800[K
[A
[A


[K[A
[K[A
epoch 29  76%|████████████████████████████████          |  ETA: 0:00:19[K
     batch: 76/100[K
   samples: 9728/12800[K
[A
[A


[K[A
[K[A
epoch 29  78%|█████████████████████████████████         |  ETA: 0:00:17[K
     batch: 78/100[K
   samples: 9984/12800[K
[A
[A


[K[A
[K[A
epoch 29  80%|██████████████████████████████████        |  ETA: 0:00:15[K
     batch: 80/100[K
   samples: 10240/12800[K
[A
[A


[K[A
[K[A
epoch 29  82%|███████████████████████████████████       |  ETA: 0:00:14[K
     batch: 82/100[K
   samples: 10496/12800[K
[A
[A


[K[A
[K[A
epoch 29  84%|████████████████████████████████████      |  ETA: 0:00:12[K
     batch: 84/100[K
   samples: 10752/12800[K
[A
[A


[K[A
[K[A
epoch 29  85%|████████████████████████████████████      |  ETA: 0:00:12[K
     batch: 85/100[K
   samples: 10880/12800[K
[A
[A


[K[A
[K[A
epoch 29  87%|█████████████████████████████████████     |  ETA: 0:00:10[K
     batch: 87/100[K
   samples: 11136/12800[K
[A
[A


[K[A
[K[A
epoch 29  89%|██████████████████████████████████████    |  ETA: 0:00:08[K
     batch: 89/100[K
   samples: 11392/12800[K
[A
[A


[K[A
[K[A
epoch 29  91%|███████████████████████████████████████   |  ETA: 0:00:07[K
     batch: 91/100[K
   samples: 11648/12800[K
[A
[A


[K[A
[K[A
epoch 29  93%|████████████████████████████████████████  |  ETA: 0:00:05[K
     batch: 93/100[K
   samples: 11904/12800[K
[A
[A


[K[A
[K[A
epoch 29  95%|████████████████████████████████████████  |  ETA: 0:00:04[K
     batch: 95/100[K
   samples: 12160/12800[K
[A
[A


[K[A
[K[A
epoch 29  97%|█████████████████████████████████████████ |  ETA: 0:00:02[K
     batch: 97/100[K
   samples: 12416/12800[K
[A
[A


[K[A
[K[A
epoch 29  99%|██████████████████████████████████████████|  ETA: 0:00:01[K
     batch: 99/100[K
   samples: 12672/12800[K
[A
[A


[K[A
[K[A
epoch 29 100%|██████████████████████████████████████████| Time: 0:01:16[K
     batch: 100/100[K
   samples: 12800/12800[K

epoch 30   2%|█                                         |  ETA: 0:01:10[K
     batch: 2/100[K
   samples: 256/12800[K
[A
[A


[K[A
[K[A
epoch 30   4%|██                                        |  ETA: 0:01:11[K
     batch: 4/100[K
   samples: 512/12800[K
[A
[A


[K[A
[K[A
epoch 30   6%|███                                       |  ETA: 0:01:12[K
     batch: 6/100[K
   samples: 768/12800[K
[A
[A


[K[A
[K[A
epoch 30   8%|████                                      |  ETA: 0:01:11[K
     batch: 8/100[K
   samples: 1024/12800[K
[A
[A


[K[A
[K[A
epoch 30  10%|█████                                     |  ETA: 0:01:10[K
     batch: 10/100[K
   samples: 1280/12800[K
[A
[A


[K[A
[K[A
epoch 30  12%|██████                                    |  ETA: 0:01:08[K
     batch: 12/100[K
   samples: 1536/12800[K
[A
[A


[K[A
[K[A
epoch 30  14%|██████                                    |  ETA: 0:01:08[K
     batch: 14/100[K
   samples: 1792/12800[K
[A
[A


[K[A
[K[A
epoch 30  16%|███████                                   |  ETA: 0:01:06[K
     batch: 16/100[K
   samples: 2048/12800[K
[A
[A


[K[A
[K[A
epoch 30  18%|████████                                  |  ETA: 0:01:04[K
     batch: 18/100[K
   samples: 2304/12800[K
[A
[A


[K[A
[K[A
epoch 30  20%|█████████                                 |  ETA: 0:01:02[K
     batch: 20/100[K
   samples: 2560/12800[K
[A
[A


[K[A
[K[A
epoch 30  22%|██████████                                |  ETA: 0:01:01[K
     batch: 22/100[K
   samples: 2816/12800[K
[A
[A


[K[A
[K[A
epoch 30  24%|███████████                               |  ETA: 0:01:00[K
     batch: 24/100[K
   samples: 3072/12800[K
[A
[A


[K[A
[K[A
epoch 30  26%|███████████                               |  ETA: 0:00:58[K
     batch: 26/100[K
   samples: 3328/12800[K
[A
[A


[K[A
[K[A
epoch 30  28%|████████████                              |  ETA: 0:00:57[K
     batch: 28/100[K
   samples: 3584/12800[K
[A
[A


[K[A
[K[A
epoch 30  30%|█████████████                             |  ETA: 0:00:55[K
     batch: 30/100[K
   samples: 3840/12800[K
[A
[A


[K[A
[K[A
epoch 30  32%|██████████████                            |  ETA: 0:00:54[K
     batch: 32/100[K
   samples: 4096/12800[K
[A
[A


[K[A
[K[A
epoch 30  34%|███████████████                           |  ETA: 0:00:53[K
     batch: 34/100[K
   samples: 4352/12800[K
[A
[A


[K[A
[K[A
epoch 30  36%|████████████████                          |  ETA: 0:00:51[K
     batch: 36/100[K
   samples: 4608/12800[K
[A
[A


[K[A
[K[A
epoch 30  38%|████████████████                          |  ETA: 0:00:50[K
     batch: 38/100[K
   samples: 4864/12800[K
[A
[A


[K[A
[K[A
epoch 30  40%|█████████████████                         |  ETA: 0:00:49[K
     batch: 40/100[K
   samples: 5120/12800[K
[A
[A


[K[A
[K[A
epoch 30  42%|██████████████████                        |  ETA: 0:00:47[K
     batch: 42/100[K
   samples: 5376/12800[K
[A
[A


[K[A
[K[A
epoch 30  44%|███████████████████                       |  ETA: 0:00:45[K
     batch: 44/100[K
   samples: 5632/12800[K
[A
[A


[K[A
[K[A
epoch 30  46%|████████████████████                      |  ETA: 0:00:43[K
     batch: 46/100[K
   samples: 5888/12800[K
[A
[A


[K[A
[K[A
epoch 30  48%|█████████████████████                     |  ETA: 0:00:42[K
     batch: 48/100[K
   samples: 6144/12800[K
[A
[A


[K[A
[K[A
epoch 30  50%|██████████████████████                    |  ETA: 0:00:40[K
     batch: 50/100[K
   samples: 6400/12800[K
[A
[A


[K[A
[K[A
epoch 30  52%|██████████████████████                    |  ETA: 0:00:39[K
     batch: 52/100[K
   samples: 6656/12800[K
[A
[A


[K[A
[K[A
epoch 30  54%|███████████████████████                   |  ETA: 0:00:37[K
     batch: 54/100[K
   samples: 6912/12800[K
[A
[A


[K[A
[K[A
epoch 30  56%|████████████████████████                  |  ETA: 0:00:35[K
     batch: 56/100[K
   samples: 7168/12800[K
[A
[A


[K[A
[K[A
epoch 30  58%|█████████████████████████                 |  ETA: 0:00:34[K
     batch: 58/100[K
   samples: 7424/12800[K
[A
[A


[K[A
[K[A
epoch 30  60%|██████████████████████████                |  ETA: 0:00:32[K
     batch: 60/100[K
   samples: 7680/12800[K
[A
[A


[K[A
[K[A
epoch 30  62%|███████████████████████████               |  ETA: 0:00:30[K
     batch: 62/100[K
   samples: 7936/12800[K
[A
[A


[K[A
[K[A
epoch 30  64%|███████████████████████████               |  ETA: 0:00:29[K
     batch: 64/100[K
   samples: 8192/12800[K
[A
[A


[K[A
[K[A
epoch 30  66%|████████████████████████████              |  ETA: 0:00:27[K
     batch: 66/100[K
   samples: 8448/12800[K
[A
[A


[K[A
[K[A
epoch 30  68%|█████████████████████████████             |  ETA: 0:00:26[K
     batch: 68/100[K
   samples: 8704/12800[K
[A
[A


[K[A
[K[A
epoch 30  70%|██████████████████████████████            |  ETA: 0:00:24[K
     batch: 70/100[K
   samples: 8960/12800[K
[A
[A


[K[A
[K[A
epoch 30  72%|███████████████████████████████           |  ETA: 0:00:22[K
     batch: 72/100[K
   samples: 9216/12800[K
[A
[A


[K[A
[K[A
epoch 30  74%|████████████████████████████████          |  ETA: 0:00:21[K
     batch: 74/100[K
   samples: 9472/12800[K
[A
[A


[K[A
[K[A
epoch 30  76%|████████████████████████████████          |  ETA: 0:00:19[K
     batch: 76/100[K
   samples: 9728/12800[K
[A
[A


[K[A
[K[A
epoch 30  78%|█████████████████████████████████         |  ETA: 0:00:18[K
     batch: 78/100[K
   samples: 9984/12800[K
[A
[A


[K[A
[K[A
epoch 30  79%|██████████████████████████████████        |  ETA: 0:00:17[K
     batch: 79/100[K
   samples: 10112/12800[K
[A
[A


[K[A
[K[A
epoch 30  81%|███████████████████████████████████       |  ETA: 0:00:15[K
     batch: 81/100[K
   samples: 10368/12800[K
[A
[A


[K[A
[K[A
epoch 30  83%|███████████████████████████████████       |  ETA: 0:00:14[K
     batch: 83/100[K
   samples: 10624/12800[K
[A
[A


[K[A
[K[A
epoch 30  85%|████████████████████████████████████      |  ETA: 0:00:12[K
     batch: 85/100[K
   samples: 10880/12800[K
[A
[A


[K[A
[K[A
epoch 30  87%|█████████████████████████████████████     |  ETA: 0:00:10[K
     batch: 87/100[K
   samples: 11136/12800[K
[A
[A


[K[A
[K[A
epoch 30  89%|██████████████████████████████████████    |  ETA: 0:00:09[K
     batch: 89/100[K
   samples: 11392/12800[K
[A
[A


[K[A
[K[A
epoch 30  90%|██████████████████████████████████████    |  ETA: 0:00:08[K
     batch: 90/100[K
   samples: 11520/12800[K
[A
[A


[K[A
[K[A
epoch 30  92%|███████████████████████████████████████   |  ETA: 0:00:06[K
     batch: 92/100[K
   samples: 11776/12800[K
[A
[A


[K[A
[K[A
epoch 30  94%|████████████████████████████████████████  |  ETA: 0:00:05[K
     batch: 94/100[K
   samples: 12032/12800[K
[A
[A


[K[A
[K[A
epoch 30  96%|█████████████████████████████████████████ |  ETA: 0:00:03[K
     batch: 96/100[K
   samples: 12288/12800[K
[A
[A


[K[A
[K[A
epoch 30  98%|██████████████████████████████████████████|  ETA: 0:00:02[K
     batch: 98/100[K
   samples: 12544/12800[K
[A
[A


[K[A
[K[A
epoch 30 100%|██████████████████████████████████████████| Time: 0:01:20[K
     batch: 100/100[K
   samples: 12800/12800[K

epoch 31   2%|█                                         |  ETA: 0:01:21[K
     batch: 2/100[K
   samples: 256/12800[K
[A
[A


[K[A
[K[A
epoch 31   4%|██                                        |  ETA: 0:01:17[K
     batch: 4/100[K
   samples: 512/12800[K
[A
[A


[K[A
[K[A
epoch 31   6%|███                                       |  ETA: 0:01:17[K
     batch: 6/100[K
   samples: 768/12800[K
[A
[A


[K[A
[K[A
epoch 31   8%|████                                      |  ETA: 0:01:15[K
     batch: 8/100[K
   samples: 1024/12800[K
[A
[A


[K[A
[K[A
epoch 31  10%|█████                                     |  ETA: 0:01:12[K
     batch: 10/100[K
   samples: 1280/12800[K
[A
[A


[K[A
[K[A
epoch 31  12%|██████                                    |  ETA: 0:01:10[K
     batch: 12/100[K
   samples: 1536/12800[K
[A
[A


[K[A
[K[A
epoch 31  14%|██████                                    |  ETA: 0:01:08[K
     batch: 14/100[K
   samples: 1792/12800[K
[A
[A


[K[A
[K[A
epoch 31  16%|███████                                   |  ETA: 0:01:06[K
     batch: 16/100[K
   samples: 2048/12800[K
[A
[A


[K[A
[K[A
epoch 31  18%|████████                                  |  ETA: 0:01:03[K
     batch: 18/100[K
   samples: 2304/12800[K
[A
[A


[K[A
[K[A
epoch 31  20%|█████████                                 |  ETA: 0:01:02[K
     batch: 20/100[K
   samples: 2560/12800[K
[A
[A


[K[A
[K[A
epoch 31  22%|██████████                                |  ETA: 0:01:01[K
     batch: 22/100[K
   samples: 2816/12800[K
[A
[A


[K[A
[K[A
epoch 31  24%|███████████                               |  ETA: 0:00:59[K
     batch: 24/100[K
   samples: 3072/12800[K
[A
[A


[K[A
[K[A
epoch 31  26%|███████████                               |  ETA: 0:00:57[K
     batch: 26/100[K
   samples: 3328/12800[K
[A
[A


[K[A
[K[A
epoch 31  28%|████████████                              |  ETA: 0:00:56[K
     batch: 28/100[K
   samples: 3584/12800[K
[A
[A


[K[A
[K[A
epoch 31  30%|█████████████                             |  ETA: 0:00:54[K
     batch: 30/100[K
   samples: 3840/12800[K
[A
[A


[K[A
[K[A
epoch 31  32%|██████████████                            |  ETA: 0:00:52[K
     batch: 32/100[K
   samples: 4096/12800[K
[A
[A


[K[A
[K[A
epoch 31  34%|███████████████                           |  ETA: 0:00:51[K
     batch: 34/100[K
   samples: 4352/12800[K
[A
[A


[K[A
[K[A
epoch 31  36%|████████████████                          |  ETA: 0:00:49[K
     batch: 36/100[K
   samples: 4608/12800[K
[A
[A


[K[A
[K[A
epoch 31  38%|████████████████                          |  ETA: 0:00:48[K
     batch: 38/100[K
   samples: 4864/12800[K
[A
[A


[K[A
[K[A
epoch 31  40%|█████████████████                         |  ETA: 0:00:46[K
     batch: 40/100[K
   samples: 5120/12800[K
[A
[A


[K[A
[K[A
epoch 31  42%|██████████████████                        |  ETA: 0:00:44[K
     batch: 42/100[K
   samples: 5376/12800[K
[A
[A


[K[A
[K[A
epoch 31  44%|███████████████████                       |  ETA: 0:00:43[K
     batch: 44/100[K
   samples: 5632/12800[K
[A
[A


[K[A
[K[A
epoch 31  46%|████████████████████                      |  ETA: 0:00:41[K
     batch: 46/100[K
   samples: 5888/12800[K
[A
[A


[K[A
[K[A
epoch 31  48%|█████████████████████                     |  ETA: 0:00:40[K
     batch: 48/100[K
   samples: 6144/12800[K
[A
[A


[K[A
[K[A
epoch 31  50%|██████████████████████                    |  ETA: 0:00:38[K
     batch: 50/100[K
   samples: 6400/12800[K
[A
[A


[K[A
[K[A
epoch 31  52%|██████████████████████                    |  ETA: 0:00:37[K
     batch: 52/100[K
   samples: 6656/12800[K
[A
[A


[K[A
[K[A
epoch 31  54%|███████████████████████                   |  ETA: 0:00:35[K
     batch: 54/100[K
   samples: 6912/12800[K
[A
[A


[K[A
[K[A
epoch 31  56%|████████████████████████                  |  ETA: 0:00:34[K
     batch: 56/100[K
   samples: 7168/12800[K
[A
[A


[K[A
[K[A
epoch 31  58%|█████████████████████████                 |  ETA: 0:00:32[K
     batch: 58/100[K
   samples: 7424/12800[K
[A
[A


[K[A
[K[A
epoch 31  60%|██████████████████████████                |  ETA: 0:00:31[K
     batch: 60/100[K
   samples: 7680/12800[K
[A
[A


[K[A
[K[A
epoch 31  62%|███████████████████████████               |  ETA: 0:00:29[K
     batch: 62/100[K
   samples: 7936/12800[K
[A
[A


[K[A
[K[A
epoch 31  64%|███████████████████████████               |  ETA: 0:00:27[K
     batch: 64/100[K
   samples: 8192/12800[K
[A
[A


[K[A
[K[A
epoch 31  66%|████████████████████████████              |  ETA: 0:00:26[K
     batch: 66/100[K
   samples: 8448/12800[K
[A
[A


[K[A
[K[A
epoch 31  67%|█████████████████████████████             |  ETA: 0:00:25[K
     batch: 67/100[K
   samples: 8576/12800[K
[A
[A


[K[A
[K[A
epoch 31  69%|█████████████████████████████             |  ETA: 0:00:24[K
     batch: 69/100[K
   samples: 8832/12800[K
[A
[A


[K[A
[K[A
epoch 31  71%|██████████████████████████████            |  ETA: 0:00:22[K
     batch: 71/100[K
   samples: 9088/12800[K
[A
[A


[K[A
[K[A
epoch 31  73%|███████████████████████████████           |  ETA: 0:00:21[K
     batch: 73/100[K
   samples: 9344/12800[K
[A
[A


[K[A
[K[A
epoch 31  75%|████████████████████████████████          |  ETA: 0:00:19[K
     batch: 75/100[K
   samples: 9600/12800[K
[A
[A


[K[A
[K[A
epoch 31  77%|█████████████████████████████████         |  ETA: 0:00:17[K
     batch: 77/100[K
   samples: 9856/12800[K
[A
[A


[K[A
[K[A
epoch 31  79%|██████████████████████████████████        |  ETA: 0:00:16[K
     batch: 79/100[K
   samples: 10112/12800[K
[A
[A


[K[A
[K[A
epoch 31  81%|███████████████████████████████████       |  ETA: 0:00:14[K
     batch: 81/100[K
   samples: 10368/12800[K
[A
[A


[K[A
[K[A
epoch 31  83%|███████████████████████████████████       |  ETA: 0:00:13[K
     batch: 83/100[K
   samples: 10624/12800[K
[A
[A


[K[A
[K[A
epoch 31  85%|████████████████████████████████████      |  ETA: 0:00:11[K
     batch: 85/100[K
   samples: 10880/12800[K
[A
[A


[K[A
[K[A
epoch 31  87%|█████████████████████████████████████     |  ETA: 0:00:10[K
     batch: 87/100[K
   samples: 11136/12800[K
[A
[A


[K[A
[K[A
epoch 31  89%|██████████████████████████████████████    |  ETA: 0:00:08[K
     batch: 89/100[K
   samples: 11392/12800[K
[A
[A


[K[A
[K[A
epoch 31  91%|███████████████████████████████████████   |  ETA: 0:00:07[K
     batch: 91/100[K
   samples: 11648/12800[K
[A
[A


[K[A
[K[A
epoch 31  93%|████████████████████████████████████████  |  ETA: 0:00:05[K
     batch: 93/100[K
   samples: 11904/12800[K
[A
[A


[K[A
[K[A
epoch 31  95%|████████████████████████████████████████  |  ETA: 0:00:04[K
     batch: 95/100[K
   samples: 12160/12800[K
[A
[A


[K[A
[K[A
epoch 31  97%|█████████████████████████████████████████ |  ETA: 0:00:02[K
     batch: 97/100[K
   samples: 12416/12800[K
[A
[A


[K[A
[K[A
epoch 31  99%|██████████████████████████████████████████|  ETA: 0:00:01[K
     batch: 99/100[K
   samples: 12672/12800[K
[A
[A


[K[A
[K[A
epoch 31 100%|██████████████████████████████████████████| Time: 0:01:14[K
     batch: 100/100[K
   samples: 12800/12800[K

epoch 32   2%|█                                         |  ETA: 0:01:10[K
     batch: 2/100[K
   samples: 256/12800[K
[A
[A


[K[A
[K[A
epoch 32   4%|██                                        |  ETA: 0:01:11[K
     batch: 4/100[K
   samples: 512/12800[K
[A
[A


[K[A
[K[A
epoch 32   6%|███                                       |  ETA: 0:01:11[K
     batch: 6/100[K
   samples: 768/12800[K
[A
[A


[K[A
[K[A
epoch 32   8%|████                                      |  ETA: 0:01:10[K
     batch: 8/100[K
   samples: 1024/12800[K
[A
[A


[K[A
[K[A
epoch 32  10%|█████                                     |  ETA: 0:01:09[K
     batch: 10/100[K
   samples: 1280/12800[K
[A
[A


[K[A
[K[A
epoch 32  12%|██████                                    |  ETA: 0:01:07[K
     batch: 12/100[K
   samples: 1536/12800[K
[A
[A


[K[A
[K[A
epoch 32  14%|██████                                    |  ETA: 0:01:05[K
     batch: 14/100[K
   samples: 1792/12800[K
[A
[A


[K[A
[K[A
epoch 32  16%|███████                                   |  ETA: 0:01:04[K
     batch: 16/100[K
   samples: 2048/12800[K
[A
[A


[K[A
[K[A
epoch 32  18%|████████                                  |  ETA: 0:01:02[K
     batch: 18/100[K
   samples: 2304/12800[K
[A
[A


[K[A
[K[A
epoch 32  20%|█████████                                 |  ETA: 0:01:01[K
     batch: 20/100[K
   samples: 2560/12800[K
[A
[A


[K[A
[K[A
epoch 32  22%|██████████                                |  ETA: 0:00:59[K
     batch: 22/100[K
   samples: 2816/12800[K
[A
[A


[K[A
[K[A
epoch 32  24%|███████████                               |  ETA: 0:00:58[K
     batch: 24/100[K
   samples: 3072/12800[K
[A
[A


[K[A
[K[A
epoch 32  26%|███████████                               |  ETA: 0:00:57[K
     batch: 26/100[K
   samples: 3328/12800[K
[A
[A


[K[A
[K[A
epoch 32  28%|████████████                              |  ETA: 0:00:55[K
     batch: 28/100[K
   samples: 3584/12800[K
[A
[A


[K[A
[K[A
epoch 32  30%|█████████████                             |  ETA: 0:00:54[K
     batch: 30/100[K
   samples: 3840/12800[K
[A
[A


[K[A
[K[A
epoch 32  32%|██████████████                            |  ETA: 0:00:52[K
     batch: 32/100[K
   samples: 4096/12800[K
[A
[A


[K[A
[K[A
epoch 32  34%|███████████████                           |  ETA: 0:00:51[K
     batch: 34/100[K
   samples: 4352/12800[K
[A
[A


[K[A
[K[A
epoch 32  36%|████████████████                          |  ETA: 0:00:49[K
     batch: 36/100[K
   samples: 4608/12800[K
[A
[A


[K[A
[K[A
epoch 32  38%|████████████████                          |  ETA: 0:00:48[K
     batch: 38/100[K
   samples: 4864/12800[K
[A
[A


[K[A
[K[A
epoch 32  40%|█████████████████                         |  ETA: 0:00:46[K
     batch: 40/100[K
   samples: 5120/12800[K
[A
[A


[K[A
[K[A
epoch 32  42%|██████████████████                        |  ETA: 0:00:44[K
     batch: 42/100[K
   samples: 5376/12800[K
[A
[A


[K[A
[K[A
epoch 32  44%|███████████████████                       |  ETA: 0:00:43[K
     batch: 44/100[K
   samples: 5632/12800[K
[A
[A


[K[A
[K[A
epoch 32  46%|████████████████████                      |  ETA: 0:00:41[K
     batch: 46/100[K
   samples: 5888/12800[K
[A
[A


[K[A
[K[A
epoch 32  48%|█████████████████████                     |  ETA: 0:00:40[K
     batch: 48/100[K
   samples: 6144/12800[K
[A
[A


[K[A
[K[A
epoch 32  50%|██████████████████████                    |  ETA: 0:00:38[K
     batch: 50/100[K
   samples: 6400/12800[K
[A
[A


[K[A
[K[A
epoch 32  52%|██████████████████████                    |  ETA: 0:00:37[K
     batch: 52/100[K
   samples: 6656/12800[K
[A
[A


[K[A
[K[A
epoch 32  54%|███████████████████████                   |  ETA: 0:00:35[K
     batch: 54/100[K
   samples: 6912/12800[K
[A
[A


[K[A
[K[A
epoch 32  56%|████████████████████████                  |  ETA: 0:00:33[K
     batch: 56/100[K
   samples: 7168/12800[K
[A
[A


[K[A
[K[A
epoch 32  58%|█████████████████████████                 |  ETA: 0:00:32[K
     batch: 58/100[K
   samples: 7424/12800[K
[A
[A


[K[A
[K[A
epoch 32  60%|██████████████████████████                |  ETA: 0:00:30[K
     batch: 60/100[K
   samples: 7680/12800[K
[A
[A


[K[A
[K[A
epoch 32  62%|███████████████████████████               |  ETA: 0:00:29[K
     batch: 62/100[K
   samples: 7936/12800[K
[A
[A


[K[A
[K[A
epoch 32  64%|███████████████████████████               |  ETA: 0:00:27[K
     batch: 64/100[K
   samples: 8192/12800[K
[A
[A


[K[A
[K[A
epoch 32  66%|████████████████████████████              |  ETA: 0:00:26[K
     batch: 66/100[K
   samples: 8448/12800[K
[A
[A


[K[A
[K[A
epoch 32  68%|█████████████████████████████             |  ETA: 0:00:24[K
     batch: 68/100[K
   samples: 8704/12800[K
[A
[A


[K[A
[K[A
epoch 32  70%|██████████████████████████████            |  ETA: 0:00:23[K
     batch: 70/100[K
   samples: 8960/12800[K
[A
[A


[K[A
[K[A
epoch 32  72%|███████████████████████████████           |  ETA: 0:00:21[K
     batch: 72/100[K
   samples: 9216/12800[K
[A
[A


[K[A
[K[A
epoch 32  73%|███████████████████████████████           |  ETA: 0:00:21[K
     batch: 73/100[K
   samples: 9344/12800[K
[A
[A


[K[A
[K[A
epoch 32  75%|████████████████████████████████          |  ETA: 0:00:19[K
     batch: 75/100[K
   samples: 9600/12800[K
[A
[A


[K[A
[K[A
epoch 32  77%|█████████████████████████████████         |  ETA: 0:00:18[K
     batch: 77/100[K
   samples: 9856/12800[K
[A
[A


[K[A
[K[A
epoch 32  79%|██████████████████████████████████        |  ETA: 0:00:16[K
     batch: 79/100[K
   samples: 10112/12800[K
[A
[A


[K[A
[K[A
epoch 32  81%|███████████████████████████████████       |  ETA: 0:00:15[K
     batch: 81/100[K
   samples: 10368/12800[K
[A
[A


[K[A
[K[A
epoch 32  83%|███████████████████████████████████       |  ETA: 0:00:13[K
     batch: 83/100[K
   samples: 10624/12800[K
[A
[A


[K[A
[K[A
epoch 32  85%|████████████████████████████████████      |  ETA: 0:00:12[K
     batch: 85/100[K
   samples: 10880/12800[K
[A
[A


[K[A
[K[A
epoch 32  87%|█████████████████████████████████████     |  ETA: 0:00:10[K
     batch: 87/100[K
   samples: 11136/12800[K
[A
[A


[K[A
[K[A
epoch 32  89%|██████████████████████████████████████    |  ETA: 0:00:09[K
     batch: 89/100[K
   samples: 11392/12800[K
[A
[A


[K[A
[K[A
epoch 32  91%|███████████████████████████████████████   |  ETA: 0:00:07[K
     batch: 91/100[K
   samples: 11648/12800[K
[A
[A


[K[A
[K[A
epoch 32  93%|████████████████████████████████████████  |  ETA: 0:00:05[K
     batch: 93/100[K
   samples: 11904/12800[K
[A
[A


[K[A
[K[A
epoch 32  95%|████████████████████████████████████████  |  ETA: 0:00:04[K
     batch: 95/100[K
   samples: 12160/12800[K
[A
[A


[K[A
[K[A
epoch 32  97%|█████████████████████████████████████████ |  ETA: 0:00:02[K
     batch: 97/100[K
   samples: 12416/12800[K
[A
[A


[K[A
[K[A
epoch 32  99%|██████████████████████████████████████████|  ETA: 0:00:01[K
     batch: 99/100[K
   samples: 12672/12800[K
[A
[A


[K[A
[K[A
epoch 32 100%|██████████████████████████████████████████| Time: 0:01:18[K
     batch: 100/100[K
   samples: 12800/12800[K
[bootstrap] activated project
[bootstrap] loaded packages
building MNIST 784-120-40 layer
loading training split
training samples: 12800 (100 batches/epoch)
loading train-eval split
train-eval samples: 1000
loading test split
test samples: 1000
constructing 32-worker softplus-margin nudge Adam manager
constructing 32-worker validation manager
starting epochs
restoring checkpoint state from ext/IsingLearning/experiments/MNIST/baseline_new_nudge/experiments/current/symmetric_nudge_beta_relax_from_0p714_20260610/b0p025_lr0p00015_s500_reverseT/best_checkpoint.bin
epoch 22 training
epoch 22 batch 1/100 samples 128/12800 elapsed 16.9s
epoch 22 batch 25/100 samples 3200/12800 elapsed 34.5s
epoch 22 batch 50/100 samples 6400/12800 elapsed 52.3s
epoch 22 batch 75/100 samples 9600/12800 elapsed 70.0s
epoch 22 batch 100/100 samples 12800/12800 elapsed 88.2s
epoch 22 training done in 88.222s
epoch 22 train-eval: evaluating 1000 samples
epoch 22 train accuracy 0.665 loss 11.87278
epoch 22 evaluating
epoch 22 test: evaluating 1000 samples
epoch 22 test accuracy 0.678 loss 11.526822 best 0.724
(timestamp = "2026-06-10T10:20:53", epoch = 22, seconds = 88.2215718, train_accuracy = 0.665, train_loss = 11.87278f0, test_accuracy = 0.678, test_loss = 11.526822f0, pred_counts = "115-114-115-149-118-129-99-132-16-13", w_norm = 0.8563472f0, b_norm = 0.070221566f0, w_input_norm = 2.038722f0, grad_w_norm = 1.4514972f0, grad_b_norm = 0.24500564f0, grad_w_input_norm = 2.446595f0, effective_w_decay = 0.002f0, effective_w_input_decay = 0.002f0, symmetry_error = 0.0f0, grad_symmetry_error = 0.0f0, best_accuracy = 0.724, best_path = "ext\\IsingLearning\\experiments\\MNIST\\baseline_new_nudge\\experiments\\current\\symmetric_nudge_stepsize_from_0p724_20260610\\step0p35_lr0p00010_wd0p002_s500_reverseT\\best_checkpoint.bin", final_path = "")
epoch 23 training
epoch 23 batch 1/100 samples 128/12800 elapsed 0.7s
epoch 23 batch 25/100 samples 3200/12800 elapsed 18.0s
epoch 23 batch 50/100 samples 6400/12800 elapsed 38.4s
epoch 23 batch 75/100 samples 9600/12800 elapsed 57.2s
epoch 23 batch 100/100 samples 12800/12800 elapsed 77.9s
epoch 23 training done in 77.905s
epoch 23 train-eval: evaluating 1000 samples
epoch 23 train accuracy 0.702 loss 11.60375
epoch 23 evaluating
epoch 23 test: evaluating 1000 samples
epoch 23 test accuracy 0.721 loss 11.257315 best 0.724
(timestamp = "2026-06-10T10:22:16", epoch = 23, seconds = 77.9053725, train_accuracy = 0.702, train_loss = 11.60375f0, test_accuracy = 0.721, test_loss = 11.257315f0, pred_counts = "125-113-111-118-135-119-123-133-11-12", w_norm = 0.8577214f0, b_norm = 0.07180497f0, w_input_norm = 2.0408444f0, grad_w_norm = 2.3820665f0, grad_b_norm = 0.35180616f0, grad_w_input_norm = 2.6650357f0, effective_w_decay = 0.002f0, effective_w_input_decay = 0.002f0, symmetry_error = 0.0f0, grad_symmetry_error = 0.0f0, best_accuracy = 0.724, best_path = "ext\\IsingLearning\\experiments\\MNIST\\baseline_new_nudge\\experiments\\current\\symmetric_nudge_stepsize_from_0p724_20260610\\step0p35_lr0p00010_wd0p002_s500_reverseT\\best_checkpoint.bin", final_path = "")
epoch 24 training
epoch 24 batch 1/100 samples 128/12800 elapsed 0.8s
epoch 24 batch 25/100 samples 3200/12800 elapsed 20.2s
epoch 24 batch 50/100 samples 6400/12800 elapsed 39.8s
epoch 24 batch 75/100 samples 9600/12800 elapsed 59.6s
epoch 24 batch 100/100 samples 12800/12800 elapsed 79.6s
epoch 24 training done in 79.602s
epoch 24 train-eval: evaluating 1000 samples
epoch 24 train accuracy 0.689 loss 11.609953
epoch 24 evaluating
epoch 24 test: evaluating 1000 samples
epoch 24 test accuracy 0.707 loss 11.219141 best 0.724
(timestamp = "2026-06-10T10:23:39", epoch = 24, seconds = 79.6021921, train_accuracy = 0.689, train_loss = 11.609953f0, test_accuracy = 0.707, test_loss = 11.219141f0, pred_counts = "126-121-119-104-120-138-105-140-14-13", w_norm = 0.8696559f0, b_norm = 0.07329599f0, w_input_norm = 2.0518982f0, grad_w_norm = 4.248049f0, grad_b_norm = 0.6203469f0, grad_w_input_norm = 3.8296034f0, effective_w_decay = 0.002f0, effective_w_input_decay = 0.002f0, symmetry_error = 0.0f0, grad_symmetry_error = 0.0f0, best_accuracy = 0.724, best_path = "ext\\IsingLearning\\experiments\\MNIST\\baseline_new_nudge\\experiments\\current\\symmetric_nudge_stepsize_from_0p724_20260610\\step0p35_lr0p00010_wd0p002_s500_reverseT\\best_checkpoint.bin", final_path = "")
epoch 25 training
epoch 25 batch 1/100 samples 128/12800 elapsed 0.9s
epoch 25 batch 25/100 samples 3200/12800 elapsed 19.4s
epoch 25 batch 50/100 samples 6400/12800 elapsed 38.2s
epoch 25 batch 75/100 samples 9600/12800 elapsed 58.3s
epoch 25 batch 100/100 samples 12800/12800 elapsed 76.5s
epoch 25 training done in 76.51s
epoch 25 train-eval: evaluating 1000 samples
epoch 25 train accuracy 0.679 loss 11.730254
epoch 25 evaluating
epoch 25 test: evaluating 1000 samples
epoch 25 test accuracy 0.692 loss 11.520551 best 0.724
(timestamp = "2026-06-10T10:24:58", epoch = 25, seconds = 76.5101395, train_accuracy = 0.679, train_loss = 11.730254f0, test_accuracy = 0.692, test_loss = 11.520551f0, pred_counts = "131-112-112-169-118-99-105-125-12-17", w_norm = 0.8757328f0, b_norm = 0.073685996f0, w_input_norm = 2.0519922f0, grad_w_norm = 4.739324f0, grad_b_norm = 0.6226807f0, grad_w_input_norm = 4.2011814f0, effective_w_decay = 0.002f0, effective_w_input_decay = 0.002f0, symmetry_error = 0.0f0, grad_symmetry_error = 0.0f0, best_accuracy = 0.724, best_path = "ext\\IsingLearning\\experiments\\MNIST\\baseline_new_nudge\\experiments\\current\\symmetric_nudge_stepsize_from_0p724_20260610\\step0p35_lr0p00010_wd0p002_s500_reverseT\\best_checkpoint.bin", final_path = "")
epoch 26 training
epoch 26 batch 1/100 samples 128/12800 elapsed 0.9s
epoch 26 batch 25/100 samples 3200/12800 elapsed 20.4s
epoch 26 batch 50/100 samples 6400/12800 elapsed 41.0s
epoch 26 batch 75/100 samples 9600/12800 elapsed 59.4s
epoch 26 batch 100/100 samples 12800/12800 elapsed 79.1s
epoch 26 training done in 79.097s
epoch 26 train-eval: evaluating 1000 samples
epoch 26 train accuracy 0.691 loss 11.790391
epoch 26 evaluating
epoch 26 test: evaluating 1000 samples
epoch 26 test accuracy 0.7 loss 11.380222 best 0.724
(timestamp = "2026-06-10T10:26:20", epoch = 26, seconds = 79.0968419, train_accuracy = 0.691, train_loss = 11.790391f0, test_accuracy = 0.7, test_loss = 11.380222f0, pred_counts = "106-108-133-130-126-146-116-119-5-11", w_norm = 0.8886617f0, b_norm = 0.07391342f0, w_input_norm = 2.0480306f0, grad_w_norm = 6.1073246f0, grad_b_norm = 0.9063138f0, grad_w_input_norm = 7.2512417f0, effective_w_decay = 0.002f0, effective_w_input_decay = 0.002f0, symmetry_error = 0.0f0, grad_symmetry_error = 0.0f0, best_accuracy = 0.724, best_path = "ext\\IsingLearning\\experiments\\MNIST\\baseline_new_nudge\\experiments\\current\\symmetric_nudge_stepsize_from_0p724_20260610\\step0p35_lr0p00010_wd0p002_s500_reverseT\\best_checkpoint.bin", final_path = "")
epoch 27 training
epoch 27 batch 1/100 samples 128/12800 elapsed 0.7s
epoch 27 batch 25/100 samples 3200/12800 elapsed 18.9s
epoch 27 batch 50/100 samples 6400/12800 elapsed 38.5s
epoch 27 batch 75/100 samples 9600/12800 elapsed 57.0s
epoch 27 batch 100/100 samples 12800/12800 elapsed 77.3s
epoch 27 training done in 77.252s
epoch 27 train-eval: evaluating 1000 samples
epoch 27 train accuracy 0.665 loss 12.144155
epoch 27 evaluating
epoch 27 test: evaluating 1000 samples
epoch 27 test accuracy 0.688 loss 11.709056 best 0.724
(timestamp = "2026-06-10T10:27:40", epoch = 27, seconds = 77.2519932, train_accuracy = 0.665, train_loss = 12.144155f0, test_accuracy = 0.688, test_loss = 11.709056f0, pred_counts = "123-110-116-163-117-153-83-114-9-12", w_norm = 0.8992632f0, b_norm = 0.07606255f0, w_input_norm = 2.0570226f0, grad_w_norm = 6.3511653f0, grad_b_norm = 0.91566986f0, grad_w_input_norm = 5.735583f0, effective_w_decay = 0.002f0, effective_w_input_decay = 0.002f0, symmetry_error = 0.0f0, grad_symmetry_error = 0.0f0, best_accuracy = 0.724, best_path = "ext\\IsingLearning\\experiments\\MNIST\\baseline_new_nudge\\experiments\\current\\symmetric_nudge_stepsize_from_0p724_20260610\\step0p35_lr0p00010_wd0p002_s500_reverseT\\best_checkpoint.bin", final_path = "")
epoch 28 training
epoch 28 batch 1/100 samples 128/12800 elapsed 0.8s
epoch 28 batch 25/100 samples 3200/12800 elapsed 20.6s
epoch 28 batch 50/100 samples 6400/12800 elapsed 41.1s
epoch 28 batch 75/100 samples 9600/12800 elapsed 60.8s
epoch 28 batch 100/100 samples 12800/12800 elapsed 79.0s
epoch 28 training done in 79.032s
epoch 28 train-eval: evaluating 1000 samples
epoch 28 train accuracy 0.705 loss 11.051832
epoch 28 evaluating
epoch 28 test: evaluating 1000 samples
epoch 28 test accuracy 0.704 loss 11.046093 best 0.724
(timestamp = "2026-06-10T10:29:03", epoch = 28, seconds = 79.0323921, train_accuracy = 0.705, train_loss = 11.051832f0, test_accuracy = 0.704, test_loss = 11.046093f0, pred_counts = "125-126-119-103-132-110-130-112-20-23", w_norm = 0.9046443f0, b_norm = 0.07614449f0, w_input_norm = 2.0518835f0, grad_w_norm = 2.9192362f0, grad_b_norm = 0.4473395f0, grad_w_input_norm = 3.1483207f0, effective_w_decay = 0.002f0, effective_w_input_decay = 0.002f0, symmetry_error = 0.0f0, grad_symmetry_error = 0.0f0, best_accuracy = 0.724, best_path = "ext\\IsingLearning\\experiments\\MNIST\\baseline_new_nudge\\experiments\\current\\symmetric_nudge_stepsize_from_0p724_20260610\\step0p35_lr0p00010_wd0p002_s500_reverseT\\best_checkpoint.bin", final_path = "")
epoch 29 training
epoch 29 batch 1/100 samples 128/12800 elapsed 0.8s
epoch 29 batch 25/100 samples 3200/12800 elapsed 20.7s
epoch 29 batch 50/100 samples 6400/12800 elapsed 39.7s
epoch 29 batch 75/100 samples 9600/12800 elapsed 58.1s
epoch 29 batch 100/100 samples 12800/12800 elapsed 77.0s
epoch 29 training done in 76.967s
epoch 29 train-eval: evaluating 1000 samples
epoch 29 train accuracy 0.672 loss 12.349488
epoch 29 evaluating
epoch 29 test: evaluating 1000 samples
epoch 29 test accuracy 0.671 loss 12.152085 best 0.724
(timestamp = "2026-06-10T10:30:23", epoch = 29, seconds = 76.9673549, train_accuracy = 0.672, train_loss = 12.349488f0, test_accuracy = 0.671, test_loss = 12.152085f0, pred_counts = "112-114-137-163-145-103-99-119-5-3", w_norm = 0.9106652f0, b_norm = 0.07680941f0, w_input_norm = 2.057728f0, grad_w_norm = 9.160388f0, grad_b_norm = 1.1875812f0, grad_w_input_norm = 5.480417f0, effective_w_decay = 0.002f0, effective_w_input_decay = 0.002f0, symmetry_error = 0.0f0, grad_symmetry_error = 0.0f0, best_accuracy = 0.724, best_path = "ext\\IsingLearning\\experiments\\MNIST\\baseline_new_nudge\\experiments\\current\\symmetric_nudge_stepsize_from_0p724_20260610\\step0p35_lr0p00010_wd0p002_s500_reverseT\\best_checkpoint.bin", final_path = "")
epoch 30 training
epoch 30 batch 1/100 samples 128/12800 elapsed 0.7s
epoch 30 batch 25/100 samples 3200/12800 elapsed 19.7s
epoch 30 batch 50/100 samples 6400/12800 elapsed 40.1s
epoch 30 batch 75/100 samples 9600/12800 elapsed 59.8s
epoch 30 batch 100/100 samples 12800/12800 elapsed 80.8s
epoch 30 training done in 80.836s
epoch 30 train-eval: evaluating 1000 samples
epoch 30 train accuracy 0.684 loss 11.88431
epoch 30 evaluating
epoch 30 test: evaluating 1000 samples
epoch 30 test accuracy 0.692 loss 11.552555 best 0.724
(timestamp = "2026-06-10T10:31:46", epoch = 30, seconds = 80.8362962, train_accuracy = 0.684, train_loss = 11.88431f0, test_accuracy = 0.692, test_loss = 11.552555f0, pred_counts = "138-137-137-140-120-69-114-125-8-12", w_norm = 0.9187154f0, b_norm = 0.079846844f0, w_input_norm = 2.068278f0, grad_w_norm = 5.621954f0, grad_b_norm = 0.6886072f0, grad_w_input_norm = 5.039757f0, effective_w_decay = 0.002f0, effective_w_input_decay = 0.002f0, symmetry_error = 0.0f0, grad_symmetry_error = 0.0f0, best_accuracy = 0.724, best_path = "ext\\IsingLearning\\experiments\\MNIST\\baseline_new_nudge\\experiments\\current\\symmetric_nudge_stepsize_from_0p724_20260610\\step0p35_lr0p00010_wd0p002_s500_reverseT\\best_checkpoint.bin", final_path = "")
epoch 31 training
epoch 31 batch 1/100 samples 128/12800 elapsed 0.8s
epoch 31 batch 25/100 samples 3200/12800 elapsed 19.3s
epoch 31 batch 50/100 samples 6400/12800 elapsed 38.3s
epoch 31 batch 75/100 samples 9600/12800 elapsed 56.9s
epoch 31 batch 100/100 samples 12800/12800 elapsed 75.0s
epoch 31 training done in 74.99s
epoch 31 train-eval: evaluating 1000 samples
epoch 31 train accuracy 0.69 loss 11.9008
epoch 31 evaluating
epoch 31 test: evaluating 1000 samples
epoch 31 test accuracy 0.699 loss 11.782041 best 0.724
(timestamp = "2026-06-10T10:33:04", epoch = 31, seconds = 74.9902942, train_accuracy = 0.69, train_loss = 11.9008f0, test_accuracy = 0.699, test_loss = 11.782041f0, pred_counts = "143-119-115-157-126-106-98-110-11-15", w_norm = 0.9277685f0, b_norm = 0.08077956f0, w_input_norm = 2.0726728f0, grad_w_norm = 6.935792f0, grad_b_norm = 0.9775646f0, grad_w_input_norm = 6.4547625f0, effective_w_decay = 0.002f0, effective_w_input_decay = 0.002f0, symmetry_error = 0.0f0, grad_symmetry_error = 0.0f0, best_accuracy = 0.724, best_path = "ext\\IsingLearning\\experiments\\MNIST\\baseline_new_nudge\\experiments\\current\\symmetric_nudge_stepsize_from_0p724_20260610\\step0p35_lr0p00010_wd0p002_s500_reverseT\\best_checkpoint.bin", final_path = "")
epoch 32 training
epoch 32 batch 1/100 samples 128/12800 elapsed 0.7s
epoch 32 batch 25/100 samples 3200/12800 elapsed 19.2s
epoch 32 batch 50/100 samples 6400/12800 elapsed 38.2s
epoch 32 batch 75/100 samples 9600/12800 elapsed 57.6s
epoch 32 batch 100/100 samples 12800/12800 elapsed 78.3s
epoch 32 training done in 78.34s
epoch 32 train-eval: evaluating 1000 samples
epoch 32 train accuracy 0.701 loss 11.428189
epoch 32 evaluating
epoch 32 test: evaluating 1000 samples
epoch 32 test accuracy 0.716 loss 11.23002 best 0.724
(timestamp = "2026-06-10T10:34:26", epoch = 32, seconds = 78.339975, train_accuracy = 0.701, train_loss = 11.428189f0, test_accuracy = 0.716, test_loss = 11.23002f0, pred_counts = "136-121-125-116-128-92-110-143-16-13", w_norm = 0.9343125f0, b_norm = 0.08010211f0, w_input_norm = 2.0728614f0, grad_w_norm = 3.8767028f0, grad_b_norm = 0.60443455f0, grad_w_input_norm = 3.8884134f0, effective_w_decay = 0.002f0, effective_w_input_decay = 0.002f0, symmetry_error = 0.0f0, grad_symmetry_error = 0.0f0, best_accuracy = 0.724, best_path = "ext\\IsingLearning\\experiments\\MNIST\\baseline_new_nudge\\experiments\\current\\symmetric_nudge_stepsize_from_0p724_20260610\\step0p35_lr0p00010_wd0p002_s500_reverseT\\best_checkpoint.bin", final_path = "ext\\IsingLearning\\experiments\\MNIST\\baseline_new_nudge\\experiments\\current\\symmetric_nudge_stepsize_from_0p724_20260610\\step0p35_lr0p00010_wd0p002_s500_reverseT\\final_checkpoint.bin")
saved MNIST 784-120-40 softplus-margin nudge baseline in ext\IsingLearning\experiments\MNIST\baseline_new_nudge\experiments\current\symmetric_nudge_stepsize_from_0p724_20260610\step0p35_lr0p00010_wd0p002_s500_reverseT
