[bootstrap] activated project
[bootstrap] loaded packages
building MNIST 784-120-40 layer
loading training split
training samples: 12800 (100 batches/epoch)
loading train-eval split
train-eval samples: 1000
loading test split
test samples: 1000
constructing 32-worker softplus-margin nudge Adam manager
constructing 32-worker validation manager
starting epochs
restoring checkpoint state from ext/IsingLearning/experiments/MNIST/baseline_new_nudge/experiments/current/symmetric_nudge_beta_relax_from_0p714_20260610/b0p025_lr0p00015_s500_reverseT/best_checkpoint.bin
epoch 22 training
epoch 22 batch 1/100 samples 128/12800 elapsed 16.9s
epoch 22 batch 25/100 samples 3200/12800 elapsed 34.5s
epoch 22 batch 50/100 samples 6400/12800 elapsed 52.3s
epoch 22 batch 75/100 samples 9600/12800 elapsed 70.0s
epoch 22 batch 100/100 samples 12800/12800 elapsed 88.2s
epoch 22 training done in 88.222s
epoch 22 train-eval: evaluating 1000 samples
epoch 22 train accuracy 0.665 loss 11.87278
epoch 22 evaluating
epoch 22 test: evaluating 1000 samples
epoch 22 test accuracy 0.678 loss 11.526822 best 0.724
(timestamp = "2026-06-10T10:20:53", epoch = 22, seconds = 88.2215718, train_accuracy = 0.665, train_loss = 11.87278f0, test_accuracy = 0.678, test_loss = 11.526822f0, pred_counts = "115-114-115-149-118-129-99-132-16-13", w_norm = 0.8563472f0, b_norm = 0.070221566f0, w_input_norm = 2.038722f0, grad_w_norm = 1.4514972f0, grad_b_norm = 0.24500564f0, grad_w_input_norm = 2.446595f0, effective_w_decay = 0.002f0, effective_w_input_decay = 0.002f0, symmetry_error = 0.0f0, grad_symmetry_error = 0.0f0, best_accuracy = 0.724, best_path = "ext\\IsingLearning\\experiments\\MNIST\\baseline_new_nudge\\experiments\\current\\symmetric_nudge_stepsize_from_0p724_20260610\\step0p35_lr0p00010_wd0p002_s500_reverseT\\best_checkpoint.bin", final_path = "")
epoch 23 training
epoch 23 batch 1/100 samples 128/12800 elapsed 0.7s
epoch 23 batch 25/100 samples 3200/12800 elapsed 18.0s
epoch 23 batch 50/100 samples 6400/12800 elapsed 38.4s
epoch 23 batch 75/100 samples 9600/12800 elapsed 57.2s
epoch 23 batch 100/100 samples 12800/12800 elapsed 77.9s
epoch 23 training done in 77.905s
epoch 23 train-eval: evaluating 1000 samples
epoch 23 train accuracy 0.702 loss 11.60375
epoch 23 evaluating
epoch 23 test: evaluating 1000 samples
epoch 23 test accuracy 0.721 loss 11.257315 best 0.724
(timestamp = "2026-06-10T10:22:16", epoch = 23, seconds = 77.9053725, train_accuracy = 0.702, train_loss = 11.60375f0, test_accuracy = 0.721, test_loss = 11.257315f0, pred_counts = "125-113-111-118-135-119-123-133-11-12", w_norm = 0.8577214f0, b_norm = 0.07180497f0, w_input_norm = 2.0408444f0, grad_w_norm = 2.3820665f0, grad_b_norm = 0.35180616f0, grad_w_input_norm = 2.6650357f0, effective_w_decay = 0.002f0, effective_w_input_decay = 0.002f0, symmetry_error = 0.0f0, grad_symmetry_error = 0.0f0, best_accuracy = 0.724, best_path = "ext\\IsingLearning\\experiments\\MNIST\\baseline_new_nudge\\experiments\\current\\symmetric_nudge_stepsize_from_0p724_20260610\\step0p35_lr0p00010_wd0p002_s500_reverseT\\best_checkpoint.bin", final_path = "")
epoch 24 training
epoch 24 batch 1/100 samples 128/12800 elapsed 0.8s
epoch 24 batch 25/100 samples 3200/12800 elapsed 20.2s
epoch 24 batch 50/100 samples 6400/12800 elapsed 39.8s
epoch 24 batch 75/100 samples 9600/12800 elapsed 59.6s
epoch 24 batch 100/100 samples 12800/12800 elapsed 79.6s
epoch 24 training done in 79.602s
epoch 24 train-eval: evaluating 1000 samples
epoch 24 train accuracy 0.689 loss 11.609953
epoch 24 evaluating
epoch 24 test: evaluating 1000 samples
epoch 24 test accuracy 0.707 loss 11.219141 best 0.724
(timestamp = "2026-06-10T10:23:39", epoch = 24, seconds = 79.6021921, train_accuracy = 0.689, train_loss = 11.609953f0, test_accuracy = 0.707, test_loss = 11.219141f0, pred_counts = "126-121-119-104-120-138-105-140-14-13", w_norm = 0.8696559f0, b_norm = 0.07329599f0, w_input_norm = 2.0518982f0, grad_w_norm = 4.248049f0, grad_b_norm = 0.6203469f0, grad_w_input_norm = 3.8296034f0, effective_w_decay = 0.002f0, effective_w_input_decay = 0.002f0, symmetry_error = 0.0f0, grad_symmetry_error = 0.0f0, best_accuracy = 0.724, best_path = "ext\\IsingLearning\\experiments\\MNIST\\baseline_new_nudge\\experiments\\current\\symmetric_nudge_stepsize_from_0p724_20260610\\step0p35_lr0p00010_wd0p002_s500_reverseT\\best_checkpoint.bin", final_path = "")
epoch 25 training
epoch 25 batch 1/100 samples 128/12800 elapsed 0.9s
epoch 25 batch 25/100 samples 3200/12800 elapsed 19.4s
epoch 25 batch 50/100 samples 6400/12800 elapsed 38.2s
epoch 25 batch 75/100 samples 9600/12800 elapsed 58.3s
epoch 25 batch 100/100 samples 12800/12800 elapsed 76.5s
epoch 25 training done in 76.51s
epoch 25 train-eval: evaluating 1000 samples
epoch 25 train accuracy 0.679 loss 11.730254
epoch 25 evaluating
epoch 25 test: evaluating 1000 samples
epoch 25 test accuracy 0.692 loss 11.520551 best 0.724
(timestamp = "2026-06-10T10:24:58", epoch = 25, seconds = 76.5101395, train_accuracy = 0.679, train_loss = 11.730254f0, test_accuracy = 0.692, test_loss = 11.520551f0, pred_counts = "131-112-112-169-118-99-105-125-12-17", w_norm = 0.8757328f0, b_norm = 0.073685996f0, w_input_norm = 2.0519922f0, grad_w_norm = 4.739324f0, grad_b_norm = 0.6226807f0, grad_w_input_norm = 4.2011814f0, effective_w_decay = 0.002f0, effective_w_input_decay = 0.002f0, symmetry_error = 0.0f0, grad_symmetry_error = 0.0f0, best_accuracy = 0.724, best_path = "ext\\IsingLearning\\experiments\\MNIST\\baseline_new_nudge\\experiments\\current\\symmetric_nudge_stepsize_from_0p724_20260610\\step0p35_lr0p00010_wd0p002_s500_reverseT\\best_checkpoint.bin", final_path = "")
epoch 26 training
epoch 26 batch 1/100 samples 128/12800 elapsed 0.9s
epoch 26 batch 25/100 samples 3200/12800 elapsed 20.4s
epoch 26 batch 50/100 samples 6400/12800 elapsed 41.0s
epoch 26 batch 75/100 samples 9600/12800 elapsed 59.4s
epoch 26 batch 100/100 samples 12800/12800 elapsed 79.1s
epoch 26 training done in 79.097s
epoch 26 train-eval: evaluating 1000 samples
epoch 26 train accuracy 0.691 loss 11.790391
epoch 26 evaluating
epoch 26 test: evaluating 1000 samples
epoch 26 test accuracy 0.7 loss 11.380222 best 0.724
(timestamp = "2026-06-10T10:26:20", epoch = 26, seconds = 79.0968419, train_accuracy = 0.691, train_loss = 11.790391f0, test_accuracy = 0.7, test_loss = 11.380222f0, pred_counts = "106-108-133-130-126-146-116-119-5-11", w_norm = 0.8886617f0, b_norm = 0.07391342f0, w_input_norm = 2.0480306f0, grad_w_norm = 6.1073246f0, grad_b_norm = 0.9063138f0, grad_w_input_norm = 7.2512417f0, effective_w_decay = 0.002f0, effective_w_input_decay = 0.002f0, symmetry_error = 0.0f0, grad_symmetry_error = 0.0f0, best_accuracy = 0.724, best_path = "ext\\IsingLearning\\experiments\\MNIST\\baseline_new_nudge\\experiments\\current\\symmetric_nudge_stepsize_from_0p724_20260610\\step0p35_lr0p00010_wd0p002_s500_reverseT\\best_checkpoint.bin", final_path = "")
epoch 27 training
epoch 27 batch 1/100 samples 128/12800 elapsed 0.7s
epoch 27 batch 25/100 samples 3200/12800 elapsed 18.9s
epoch 27 batch 50/100 samples 6400/12800 elapsed 38.5s
epoch 27 batch 75/100 samples 9600/12800 elapsed 57.0s
epoch 27 batch 100/100 samples 12800/12800 elapsed 77.3s
epoch 27 training done in 77.252s
epoch 27 train-eval: evaluating 1000 samples
epoch 27 train accuracy 0.665 loss 12.144155
epoch 27 evaluating
epoch 27 test: evaluating 1000 samples
epoch 27 test accuracy 0.688 loss 11.709056 best 0.724
(timestamp = "2026-06-10T10:27:40", epoch = 27, seconds = 77.2519932, train_accuracy = 0.665, train_loss = 12.144155f0, test_accuracy = 0.688, test_loss = 11.709056f0, pred_counts = "123-110-116-163-117-153-83-114-9-12", w_norm = 0.8992632f0, b_norm = 0.07606255f0, w_input_norm = 2.0570226f0, grad_w_norm = 6.3511653f0, grad_b_norm = 0.91566986f0, grad_w_input_norm = 5.735583f0, effective_w_decay = 0.002f0, effective_w_input_decay = 0.002f0, symmetry_error = 0.0f0, grad_symmetry_error = 0.0f0, best_accuracy = 0.724, best_path = "ext\\IsingLearning\\experiments\\MNIST\\baseline_new_nudge\\experiments\\current\\symmetric_nudge_stepsize_from_0p724_20260610\\step0p35_lr0p00010_wd0p002_s500_reverseT\\best_checkpoint.bin", final_path = "")
epoch 28 training
epoch 28 batch 1/100 samples 128/12800 elapsed 0.8s
epoch 28 batch 25/100 samples 3200/12800 elapsed 20.6s
epoch 28 batch 50/100 samples 6400/12800 elapsed 41.1s
epoch 28 batch 75/100 samples 9600/12800 elapsed 60.8s
epoch 28 batch 100/100 samples 12800/12800 elapsed 79.0s
epoch 28 training done in 79.032s
epoch 28 train-eval: evaluating 1000 samples
epoch 28 train accuracy 0.705 loss 11.051832
epoch 28 evaluating
epoch 28 test: evaluating 1000 samples
epoch 28 test accuracy 0.704 loss 11.046093 best 0.724
(timestamp = "2026-06-10T10:29:03", epoch = 28, seconds = 79.0323921, train_accuracy = 0.705, train_loss = 11.051832f0, test_accuracy = 0.704, test_loss = 11.046093f0, pred_counts = "125-126-119-103-132-110-130-112-20-23", w_norm = 0.9046443f0, b_norm = 0.07614449f0, w_input_norm = 2.0518835f0, grad_w_norm = 2.9192362f0, grad_b_norm = 0.4473395f0, grad_w_input_norm = 3.1483207f0, effective_w_decay = 0.002f0, effective_w_input_decay = 0.002f0, symmetry_error = 0.0f0, grad_symmetry_error = 0.0f0, best_accuracy = 0.724, best_path = "ext\\IsingLearning\\experiments\\MNIST\\baseline_new_nudge\\experiments\\current\\symmetric_nudge_stepsize_from_0p724_20260610\\step0p35_lr0p00010_wd0p002_s500_reverseT\\best_checkpoint.bin", final_path = "")
epoch 29 training
epoch 29 batch 1/100 samples 128/12800 elapsed 0.8s
epoch 29 batch 25/100 samples 3200/12800 elapsed 20.7s
epoch 29 batch 50/100 samples 6400/12800 elapsed 39.7s
epoch 29 batch 75/100 samples 9600/12800 elapsed 58.1s
epoch 29 batch 100/100 samples 12800/12800 elapsed 77.0s
epoch 29 training done in 76.967s
epoch 29 train-eval: evaluating 1000 samples
epoch 29 train accuracy 0.672 loss 12.349488
epoch 29 evaluating
epoch 29 test: evaluating 1000 samples
epoch 29 test accuracy 0.671 loss 12.152085 best 0.724
(timestamp = "2026-06-10T10:30:23", epoch = 29, seconds = 76.9673549, train_accuracy = 0.672, train_loss = 12.349488f0, test_accuracy = 0.671, test_loss = 12.152085f0, pred_counts = "112-114-137-163-145-103-99-119-5-3", w_norm = 0.9106652f0, b_norm = 0.07680941f0, w_input_norm = 2.057728f0, grad_w_norm = 9.160388f0, grad_b_norm = 1.1875812f0, grad_w_input_norm = 5.480417f0, effective_w_decay = 0.002f0, effective_w_input_decay = 0.002f0, symmetry_error = 0.0f0, grad_symmetry_error = 0.0f0, best_accuracy = 0.724, best_path = "ext\\IsingLearning\\experiments\\MNIST\\baseline_new_nudge\\experiments\\current\\symmetric_nudge_stepsize_from_0p724_20260610\\step0p35_lr0p00010_wd0p002_s500_reverseT\\best_checkpoint.bin", final_path = "")
epoch 30 training
epoch 30 batch 1/100 samples 128/12800 elapsed 0.7s
epoch 30 batch 25/100 samples 3200/12800 elapsed 19.7s
epoch 30 batch 50/100 samples 6400/12800 elapsed 40.1s
epoch 30 batch 75/100 samples 9600/12800 elapsed 59.8s
epoch 30 batch 100/100 samples 12800/12800 elapsed 80.8s
epoch 30 training done in 80.836s
epoch 30 train-eval: evaluating 1000 samples
epoch 30 train accuracy 0.684 loss 11.88431
epoch 30 evaluating
epoch 30 test: evaluating 1000 samples
epoch 30 test accuracy 0.692 loss 11.552555 best 0.724
(timestamp = "2026-06-10T10:31:46", epoch = 30, seconds = 80.8362962, train_accuracy = 0.684, train_loss = 11.88431f0, test_accuracy = 0.692, test_loss = 11.552555f0, pred_counts = "138-137-137-140-120-69-114-125-8-12", w_norm = 0.9187154f0, b_norm = 0.079846844f0, w_input_norm = 2.068278f0, grad_w_norm = 5.621954f0, grad_b_norm = 0.6886072f0, grad_w_input_norm = 5.039757f0, effective_w_decay = 0.002f0, effective_w_input_decay = 0.002f0, symmetry_error = 0.0f0, grad_symmetry_error = 0.0f0, best_accuracy = 0.724, best_path = "ext\\IsingLearning\\experiments\\MNIST\\baseline_new_nudge\\experiments\\current\\symmetric_nudge_stepsize_from_0p724_20260610\\step0p35_lr0p00010_wd0p002_s500_reverseT\\best_checkpoint.bin", final_path = "")
epoch 31 training
epoch 31 batch 1/100 samples 128/12800 elapsed 0.8s
epoch 31 batch 25/100 samples 3200/12800 elapsed 19.3s
epoch 31 batch 50/100 samples 6400/12800 elapsed 38.3s
epoch 31 batch 75/100 samples 9600/12800 elapsed 56.9s
epoch 31 batch 100/100 samples 12800/12800 elapsed 75.0s
epoch 31 training done in 74.99s
epoch 31 train-eval: evaluating 1000 samples
epoch 31 train accuracy 0.69 loss 11.9008
epoch 31 evaluating
epoch 31 test: evaluating 1000 samples
epoch 31 test accuracy 0.699 loss 11.782041 best 0.724
(timestamp = "2026-06-10T10:33:04", epoch = 31, seconds = 74.9902942, train_accuracy = 0.69, train_loss = 11.9008f0, test_accuracy = 0.699, test_loss = 11.782041f0, pred_counts = "143-119-115-157-126-106-98-110-11-15", w_norm = 0.9277685f0, b_norm = 0.08077956f0, w_input_norm = 2.0726728f0, grad_w_norm = 6.935792f0, grad_b_norm = 0.9775646f0, grad_w_input_norm = 6.4547625f0, effective_w_decay = 0.002f0, effective_w_input_decay = 0.002f0, symmetry_error = 0.0f0, grad_symmetry_error = 0.0f0, best_accuracy = 0.724, best_path = "ext\\IsingLearning\\experiments\\MNIST\\baseline_new_nudge\\experiments\\current\\symmetric_nudge_stepsize_from_0p724_20260610\\step0p35_lr0p00010_wd0p002_s500_reverseT\\best_checkpoint.bin", final_path = "")
epoch 32 training
epoch 32 batch 1/100 samples 128/12800 elapsed 0.7s
epoch 32 batch 25/100 samples 3200/12800 elapsed 19.2s
epoch 32 batch 50/100 samples 6400/12800 elapsed 38.2s
epoch 32 batch 75/100 samples 9600/12800 elapsed 57.6s
epoch 32 batch 100/100 samples 12800/12800 elapsed 78.3s
epoch 32 training done in 78.34s
epoch 32 train-eval: evaluating 1000 samples
epoch 32 train accuracy 0.701 loss 11.428189
epoch 32 evaluating
epoch 32 test: evaluating 1000 samples
epoch 32 test accuracy 0.716 loss 11.23002 best 0.724
(timestamp = "2026-06-10T10:34:26", epoch = 32, seconds = 78.339975, train_accuracy = 0.701, train_loss = 11.428189f0, test_accuracy = 0.716, test_loss = 11.23002f0, pred_counts = "136-121-125-116-128-92-110-143-16-13", w_norm = 0.9343125f0, b_norm = 0.08010211f0, w_input_norm = 2.0728614f0, grad_w_norm = 3.8767028f0, grad_b_norm = 0.60443455f0, grad_w_input_norm = 3.8884134f0, effective_w_decay = 0.002f0, effective_w_input_decay = 0.002f0, symmetry_error = 0.0f0, grad_symmetry_error = 0.0f0, best_accuracy = 0.724, best_path = "ext\\IsingLearning\\experiments\\MNIST\\baseline_new_nudge\\experiments\\current\\symmetric_nudge_stepsize_from_0p724_20260610\\step0p35_lr0p00010_wd0p002_s500_reverseT\\best_checkpoint.bin", final_path = "ext\\IsingLearning\\experiments\\MNIST\\baseline_new_nudge\\experiments\\current\\symmetric_nudge_stepsize_from_0p724_20260610\\step0p35_lr0p00010_wd0p002_s500_reverseT\\final_checkpoint.bin")
saved MNIST 784-120-40 softplus-margin nudge baseline in ext\IsingLearning\experiments\MNIST\baseline_new_nudge\experiments\current\symmetric_nudge_stepsize_from_0p724_20260610\step0p35_lr0p00010_wd0p002_s500_reverseT
