  Activating project at `~/Documents/GitHub/InteractiveIsing.jl/ext/IsingLearning`
┌ Warning: Overlapping GeneralState field names encountered during merge; later defaults will override earlier ones.
│   overlapping_fields =
│    2-element Vector{Symbol}:
│     :equilibrium_state
│     :x
└ @ IsingLearning.InteractiveIsing.StatefulAlgorithms ~/Documents/GitHub/InteractiveIsing.jl/deps/StatefulAlgorithms/src/Widgets/GeneralState.jl:54
┌ Warning: Overlapping GeneralState field names encountered during merge; later defaults will override earlier ones.
│   overlapping_fields =
│    3-element Vector{Symbol}:
│     :equilibrium_state
│     :y
│     :x
└ @ IsingLearning.InteractiveIsing.StatefulAlgorithms ~/Documents/GitHub/InteractiveIsing.jl/deps/StatefulAlgorithms/src/Widgets/GeneralState.jl:54
Running 2-input statistical XOR EP: (epochs = 2000, log_every = 100, minit = 16, eval_repeats = 64, hidden = 16, beta = 0.5, lr = 0.0002, weight_decay = 0.0, temp = 0.001, stepsize = 0.1, block_size = 8, free_relaxation = 80, nudged_relaxation = 80, state = :continuous, dynamics = :langevin, init_mode = :zero, training_rule = :ep, target_free_sign = :target_minus_free)
epoch=0 mse=0.997203 acc=1.0
    case=(false, false) input=[-1.0, -1.0] target=[1.0, -1.0] mean=[-0.0479, -0.0501] std=0.03277
    case=(false, true) input=[-1.0, 1.0] target=[-1.0, 1.0] mean=[-0.0478, -0.0383] std=0.03236
    case=(true, false) input=[1.0, -1.0] target=[-1.0, 1.0] mean=[-0.0472, -0.0418] std=0.028
    case=(true, true) input=[1.0, 1.0] target=[1.0, -1.0] mean=[-0.0425, -0.0447] std=0.03195
epoch=1 mse=1.003604 acc=0.5 grad=0.126438 response=0.093076 delta=0.002417
epoch=100 mse=1.000182 acc=0.5 grad=0.103723 response=0.086996 delta=0.169579
epoch=200 mse=1.000442 acc=0.5 grad=0.090877 response=0.082935 delta=0.293244
epoch=300 mse=0.998996 acc=0.25 grad=0.081245 response=0.080994 delta=0.383933
epoch=400 mse=1.000551 acc=0.5 grad=0.072006 response=0.080046 delta=0.449353
epoch=500 mse=0.997524 acc=0.5 grad=0.060185 response=0.078928 delta=0.499881
epoch=600 mse=0.999626 acc=0.5 grad=0.055339 response=0.079533 delta=0.53735
epoch=700 mse=0.995093 acc=1.0 grad=0.050102 response=0.078506 delta=0.564361
epoch=800 mse=0.996142 acc=0.75 grad=0.049789 response=0.077288 delta=0.587011
epoch=900 mse=0.998705 acc=0.75 grad=0.046096 response=0.076994 delta=0.6033
epoch=1000 mse=0.999505 acc=0.5 grad=0.03389 response=0.07822 delta=0.615887
epoch=1100 mse=1.000664 acc=0.5 grad=0.033959 response=0.076672 delta=0.62512
epoch=1200 mse=1.000717 acc=0.5 grad=0.039325 response=0.078396 delta=0.631397
epoch=1300 mse=1.002973 acc=0.0 grad=0.03598 response=0.077504 delta=0.639597
epoch=1400 mse=0.996182 acc=1.0 grad=0.035938 response=0.075805 delta=0.643129
epoch=1500 mse=0.999378 acc=0.75 grad=0.03427 response=0.077659 delta=0.650391
epoch=1600 mse=1.001266 acc=0.5 grad=0.030636 response=0.077394 delta=0.654356
epoch=1700 mse=0.998103 acc=0.5 grad=0.032925 response=0.077274 delta=0.657833
epoch=1800 mse=0.998473 acc=0.5 grad=0.031769 response=0.076619 delta=0.658057
epoch=1900 mse=0.998212 acc=0.5 grad=0.03191 response=0.075897 delta=0.657781
epoch=2000 mse=0.996459 acc=0.75 grad=0.035006 response=0.077168 delta=0.663253
restored best mse=1.000946 acc=0.5
    case=(false, false) input=[-1.0, -1.0] target=[1.0, -1.0] mean=[-0.016, -0.0051] std=0.03109
    case=(false, true) input=[-1.0, 1.0] target=[-1.0, 1.0] mean=[-0.0109, -0.0084] std=0.02651
    case=(true, false) input=[1.0, -1.0] target=[-1.0, 1.0] mean=[-0.0138, -0.0083] std=0.02876
    case=(true, true) input=[1.0, 1.0] target=[1.0, -1.0] mean=[-0.0059, -0.0055] std=0.03178
Saved CSV: ext/IsingLearning/runs/xor_2input_langevin_zero_control_20260510_023231/T001_s010_lr0002_b05/xor_statistical_ep_2input.csv
Saved plot: ext/IsingLearning/runs/xor_2input_langevin_zero_control_20260510_023231/T001_s010_lr0002_b05/xor_statistical_ep_2input.png
Saved graph: ext/IsingLearning/runs/xor_2input_langevin_zero_control_20260510_023231/T001_s010_lr0002_b05/xor_statistical_ep_2input_trained_graph.jld2
